2024-07-23 19:08:27,661 - INFO - NOTE: None
2024-07-23 19:08:28,305 - INFO - load model from: /home/nikoskot/earthnetThesis/swin_tiny_patch4_window7_224_22k.pth
2024-07-23 19:08:28,393 - INFO - _IncompatibleKeys(missing_keys=['encoder.enc_swin_blocks.0.blocks.0.norm1.weight', 'encoder.enc_swin_blocks.0.blocks.0.norm1.bias', 'encoder.enc_swin_blocks.0.blocks.0.attn.relative_position_index', 'encoder.enc_swin_blocks.0.blocks.0.attn.qkv.weight', 'encoder.enc_swin_blocks.0.blocks.0.attn.proj.weight', 'encoder.enc_swin_blocks.0.blocks.0.attn.proj.bias', 'encoder.enc_swin_blocks.0.blocks.0.norm2.weight', 'encoder.enc_swin_blocks.0.blocks.0.norm2.bias', 'encoder.enc_swin_blocks.0.blocks.0.mlp.fc1.weight', 'encoder.enc_swin_blocks.0.blocks.0.mlp.fc1.bias', 'encoder.enc_swin_blocks.0.blocks.0.mlp.fc2.weight', 'encoder.enc_swin_blocks.0.blocks.0.mlp.fc2.bias', 'encoder.enc_swin_blocks.0.blocks.1.norm1.weight', 'encoder.enc_swin_blocks.0.blocks.1.norm1.bias', 'encoder.enc_swin_blocks.0.blocks.1.attn.relative_position_index', 'encoder.enc_swin_blocks.0.blocks.1.attn.qkv.weight', 'encoder.enc_swin_blocks.0.blocks.1.attn.proj.weight', 'encoder.enc_swin_blocks.0.blocks.1.attn.proj.bias', 'encoder.enc_swin_blocks.0.blocks.1.norm2.weight', 'encoder.enc_swin_blocks.0.blocks.1.norm2.bias', 'encoder.enc_swin_blocks.0.blocks.1.mlp.fc1.weight', 'encoder.enc_swin_blocks.0.blocks.1.mlp.fc1.bias', 'encoder.enc_swin_blocks.0.blocks.1.mlp.fc2.weight', 'encoder.enc_swin_blocks.0.blocks.1.mlp.fc2.bias', 'encoder.enc_swin_blocks.1.blocks.0.norm1.weight', 'encoder.enc_swin_blocks.1.blocks.0.norm1.bias', 'encoder.enc_swin_blocks.1.blocks.0.attn.relative_position_index', 'encoder.enc_swin_blocks.1.blocks.0.attn.qkv.weight', 'encoder.enc_swin_blocks.1.blocks.0.attn.proj.weight', 'encoder.enc_swin_blocks.1.blocks.0.attn.proj.bias', 'encoder.enc_swin_blocks.1.blocks.0.norm2.weight', 'encoder.enc_swin_blocks.1.blocks.0.norm2.bias', 'encoder.enc_swin_blocks.1.blocks.0.mlp.fc1.weight', 'encoder.enc_swin_blocks.1.blocks.0.mlp.fc1.bias', 'encoder.enc_swin_blocks.1.blocks.0.mlp.fc2.weight', 'encoder.enc_swin_blocks.1.blocks.0.mlp.fc2.bias', 'encoder.enc_swin_blocks.1.blocks.1.norm1.weight', 'encoder.enc_swin_blocks.1.blocks.1.norm1.bias', 'encoder.enc_swin_blocks.1.blocks.1.attn.relative_position_index', 'encoder.enc_swin_blocks.1.blocks.1.attn.qkv.weight', 'encoder.enc_swin_blocks.1.blocks.1.attn.proj.weight', 'encoder.enc_swin_blocks.1.blocks.1.attn.proj.bias', 'encoder.enc_swin_blocks.1.blocks.1.norm2.weight', 'encoder.enc_swin_blocks.1.blocks.1.norm2.bias', 'encoder.enc_swin_blocks.1.blocks.1.mlp.fc1.weight', 'encoder.enc_swin_blocks.1.blocks.1.mlp.fc1.bias', 'encoder.enc_swin_blocks.1.blocks.1.mlp.fc2.weight', 'encoder.enc_swin_blocks.1.blocks.1.mlp.fc2.bias', 'encoder.enc_swin_blocks.2.blocks.0.norm1.weight', 'encoder.enc_swin_blocks.2.blocks.0.norm1.bias', 'encoder.enc_swin_blocks.2.blocks.0.attn.relative_position_index', 'encoder.enc_swin_blocks.2.blocks.0.attn.qkv.weight', 'encoder.enc_swin_blocks.2.blocks.0.attn.proj.weight', 'encoder.enc_swin_blocks.2.blocks.0.attn.proj.bias', 'encoder.enc_swin_blocks.2.blocks.0.norm2.weight', 'encoder.enc_swin_blocks.2.blocks.0.norm2.bias', 'encoder.enc_swin_blocks.2.blocks.0.mlp.fc1.weight', 'encoder.enc_swin_blocks.2.blocks.0.mlp.fc1.bias', 'encoder.enc_swin_blocks.2.blocks.0.mlp.fc2.weight', 'encoder.enc_swin_blocks.2.blocks.0.mlp.fc2.bias', 'encoder.enc_swin_blocks.2.blocks.1.norm1.weight', 'encoder.enc_swin_blocks.2.blocks.1.norm1.bias', 'encoder.enc_swin_blocks.2.blocks.1.attn.relative_position_index', 'encoder.enc_swin_blocks.2.blocks.1.attn.qkv.weight', 'encoder.enc_swin_blocks.2.blocks.1.attn.proj.weight', 'encoder.enc_swin_blocks.2.blocks.1.attn.proj.bias', 'encoder.enc_swin_blocks.2.blocks.1.norm2.weight', 'encoder.enc_swin_blocks.2.blocks.1.norm2.bias', 'encoder.enc_swin_blocks.2.blocks.1.mlp.fc1.weight', 'encoder.enc_swin_blocks.2.blocks.1.mlp.fc1.bias', 'encoder.enc_swin_blocks.2.blocks.1.mlp.fc2.weight', 'encoder.enc_swin_blocks.2.blocks.1.mlp.fc2.bias', 'encoder.enc_patch_merge_blocks.0.reduction.weight', 'encoder.enc_patch_merge_blocks.0.norm.weight', 'encoder.enc_patch_merge_blocks.0.norm.bias', 'encoder.enc_patch_merge_blocks.1.reduction.weight', 'encoder.enc_patch_merge_blocks.1.norm.weight', 'encoder.enc_patch_merge_blocks.1.norm.bias', 'encoder.enc_patch_merge_blocks.2.reduction.weight', 'encoder.enc_patch_merge_blocks.2.norm.weight', 'encoder.enc_patch_merge_blocks.2.norm.bias', 'bottleneck.blocks.0.norm1.weight', 'bottleneck.blocks.0.norm1.bias', 'bottleneck.blocks.0.attn.relative_position_bias_table', 'bottleneck.blocks.0.attn.relative_position_index', 'bottleneck.blocks.0.attn.qkv.weight', 'bottleneck.blocks.0.attn.proj.weight', 'bottleneck.blocks.0.attn.proj.bias', 'bottleneck.blocks.0.norm2.weight', 'bottleneck.blocks.0.norm2.bias', 'bottleneck.blocks.0.mlp.fc1.weight', 'bottleneck.blocks.0.mlp.fc1.bias', 'bottleneck.blocks.0.mlp.fc2.weight', 'bottleneck.blocks.0.mlp.fc2.bias', 'bottleneck.blocks.1.norm1.weight', 'bottleneck.blocks.1.norm1.bias', 'bottleneck.blocks.1.attn.relative_position_bias_table', 'bottleneck.blocks.1.attn.relative_position_index', 'bottleneck.blocks.1.attn.qkv.weight', 'bottleneck.blocks.1.attn.proj.weight', 'bottleneck.blocks.1.attn.proj.bias', 'bottleneck.blocks.1.norm2.weight', 'bottleneck.blocks.1.norm2.bias', 'bottleneck.blocks.1.mlp.fc1.weight', 'bottleneck.blocks.1.mlp.fc1.bias', 'bottleneck.blocks.1.mlp.fc2.weight', 'bottleneck.blocks.1.mlp.fc2.bias', 'decoder.dec_swin_blocks.0.blocks.0.norm1.weight', 'decoder.dec_swin_blocks.0.blocks.0.norm1.bias', 'decoder.dec_swin_blocks.0.blocks.0.attn.relative_position_bias_table', 'decoder.dec_swin_blocks.0.blocks.0.attn.relative_position_index', 'decoder.dec_swin_blocks.0.blocks.0.attn.qkv.weight', 'decoder.dec_swin_blocks.0.blocks.0.attn.proj.weight', 'decoder.dec_swin_blocks.0.blocks.0.attn.proj.bias', 'decoder.dec_swin_blocks.0.blocks.0.norm2.weight', 'decoder.dec_swin_blocks.0.blocks.0.norm2.bias', 'decoder.dec_swin_blocks.0.blocks.0.mlp.fc1.weight', 'decoder.dec_swin_blocks.0.blocks.0.mlp.fc1.bias', 'decoder.dec_swin_blocks.0.blocks.0.mlp.fc2.weight', 'decoder.dec_swin_blocks.0.blocks.0.mlp.fc2.bias', 'decoder.dec_swin_blocks.0.blocks.1.norm1.weight', 'decoder.dec_swin_blocks.0.blocks.1.norm1.bias', 'decoder.dec_swin_blocks.0.blocks.1.attn.relative_position_bias_table', 'decoder.dec_swin_blocks.0.blocks.1.attn.relative_position_index', 'decoder.dec_swin_blocks.0.blocks.1.attn.qkv.weight', 'decoder.dec_swin_blocks.0.blocks.1.attn.proj.weight', 'decoder.dec_swin_blocks.0.blocks.1.attn.proj.bias', 'decoder.dec_swin_blocks.0.blocks.1.norm2.weight', 'decoder.dec_swin_blocks.0.blocks.1.norm2.bias', 'decoder.dec_swin_blocks.0.blocks.1.mlp.fc1.weight', 'decoder.dec_swin_blocks.0.blocks.1.mlp.fc1.bias', 'decoder.dec_swin_blocks.0.blocks.1.mlp.fc2.weight', 'decoder.dec_swin_blocks.0.blocks.1.mlp.fc2.bias', 'decoder.dec_swin_blocks.1.blocks.0.norm1.weight', 'decoder.dec_swin_blocks.1.blocks.0.norm1.bias', 'decoder.dec_swin_blocks.1.blocks.0.attn.relative_position_bias_table', 'decoder.dec_swin_blocks.1.blocks.0.attn.relative_position_index', 'decoder.dec_swin_blocks.1.blocks.0.attn.qkv.weight', 'decoder.dec_swin_blocks.1.blocks.0.attn.proj.weight', 'decoder.dec_swin_blocks.1.blocks.0.attn.proj.bias', 'decoder.dec_swin_blocks.1.blocks.0.norm2.weight', 'decoder.dec_swin_blocks.1.blocks.0.norm2.bias', 'decoder.dec_swin_blocks.1.blocks.0.mlp.fc1.weight', 'decoder.dec_swin_blocks.1.blocks.0.mlp.fc1.bias', 'decoder.dec_swin_blocks.1.blocks.0.mlp.fc2.weight', 'decoder.dec_swin_blocks.1.blocks.0.mlp.fc2.bias', 'decoder.dec_swin_blocks.1.blocks.1.norm1.weight', 'decoder.dec_swin_blocks.1.blocks.1.norm1.bias', 'decoder.dec_swin_blocks.1.blocks.1.attn.relative_position_bias_table', 'decoder.dec_swin_blocks.1.blocks.1.attn.relative_position_index', 'decoder.dec_swin_blocks.1.blocks.1.attn.qkv.weight', 'decoder.dec_swin_blocks.1.blocks.1.attn.proj.weight', 'decoder.dec_swin_blocks.1.blocks.1.attn.proj.bias', 'decoder.dec_swin_blocks.1.blocks.1.norm2.weight', 'decoder.dec_swin_blocks.1.blocks.1.norm2.bias', 'decoder.dec_swin_blocks.1.blocks.1.mlp.fc1.weight', 'decoder.dec_swin_blocks.1.blocks.1.mlp.fc1.bias', 'decoder.dec_swin_blocks.1.blocks.1.mlp.fc2.weight', 'decoder.dec_swin_blocks.1.blocks.1.mlp.fc2.bias', 'decoder.dec_swin_blocks.2.blocks.0.norm1.weight', 'decoder.dec_swin_blocks.2.blocks.0.norm1.bias', 'decoder.dec_swin_blocks.2.blocks.0.attn.relative_position_bias_table', 'decoder.dec_swin_blocks.2.blocks.0.attn.relative_position_index', 'decoder.dec_swin_blocks.2.blocks.0.attn.qkv.weight', 'decoder.dec_swin_blocks.2.blocks.0.attn.proj.weight', 'decoder.dec_swin_blocks.2.blocks.0.attn.proj.bias', 'decoder.dec_swin_blocks.2.blocks.0.norm2.weight', 'decoder.dec_swin_blocks.2.blocks.0.norm2.bias', 'decoder.dec_swin_blocks.2.blocks.0.mlp.fc1.weight', 'decoder.dec_swin_blocks.2.blocks.0.mlp.fc1.bias', 'decoder.dec_swin_blocks.2.blocks.0.mlp.fc2.weight', 'decoder.dec_swin_blocks.2.blocks.0.mlp.fc2.bias', 'decoder.dec_swin_blocks.2.blocks.1.norm1.weight', 'decoder.dec_swin_blocks.2.blocks.1.norm1.bias', 'decoder.dec_swin_blocks.2.blocks.1.attn.relative_position_bias_table', 'decoder.dec_swin_blocks.2.blocks.1.attn.relative_position_index', 'decoder.dec_swin_blocks.2.blocks.1.attn.qkv.weight', 'decoder.dec_swin_blocks.2.blocks.1.attn.proj.weight', 'decoder.dec_swin_blocks.2.blocks.1.attn.proj.bias', 'decoder.dec_swin_blocks.2.blocks.1.norm2.weight', 'decoder.dec_swin_blocks.2.blocks.1.norm2.bias', 'decoder.dec_swin_blocks.2.blocks.1.mlp.fc1.weight', 'decoder.dec_swin_blocks.2.blocks.1.mlp.fc1.bias', 'decoder.dec_swin_blocks.2.blocks.1.mlp.fc2.weight', 'decoder.dec_swin_blocks.2.blocks.1.mlp.fc2.bias', 'decoder.dec_patch_expand_blocks.0.conv.weight', 'decoder.dec_patch_expand_blocks.0.conv.bias', 'decoder.dec_patch_expand_blocks.0.norm.weight', 'decoder.dec_patch_expand_blocks.0.norm.bias', 'decoder.dec_patch_expand_blocks.1.conv.weight', 'decoder.dec_patch_expand_blocks.1.conv.bias', 'decoder.dec_patch_expand_blocks.1.norm.weight', 'decoder.dec_patch_expand_blocks.1.norm.bias', 'decoder.dec_patch_expand_blocks.2.conv.weight', 'decoder.dec_patch_expand_blocks.2.conv.bias', 'decoder.dec_patch_expand_blocks.2.norm.weight', 'decoder.dec_patch_expand_blocks.2.norm.bias', 'decoder.skip_conn_concat.0.weight', 'decoder.skip_conn_concat.0.bias', 'decoder.skip_conn_concat.1.weight', 'decoder.skip_conn_concat.1.bias', 'decoder.skip_conn_concat.2.weight', 'decoder.skip_conn_concat.2.bias', 'final_expansion.conv.weight', 'final_expansion.conv.bias', 'final_expansion.norm.weight', 'final_expansion.norm.bias', 'head.conv1.weight', 'head.conv1.bias', 'head.conv2.weight', 'head.conv2.bias'], unexpected_keys=['layers.0.blocks.0.norm1.weight', 'layers.0.blocks.0.norm1.bias', 'layers.0.blocks.0.attn.relative_position_bias_table', 'layers.0.blocks.0.attn.qkv.weight', 'layers.0.blocks.0.attn.qkv.bias', 'layers.0.blocks.0.attn.proj.weight', 'layers.0.blocks.0.attn.proj.bias', 'layers.0.blocks.0.norm2.weight', 'layers.0.blocks.0.norm2.bias', 'layers.0.blocks.0.mlp.fc1.weight', 'layers.0.blocks.0.mlp.fc1.bias', 'layers.0.blocks.0.mlp.fc2.weight', 'layers.0.blocks.0.mlp.fc2.bias', 'layers.0.blocks.1.norm1.weight', 'layers.0.blocks.1.norm1.bias', 'layers.0.blocks.1.attn.relative_position_bias_table', 'layers.0.blocks.1.attn.qkv.weight', 'layers.0.blocks.1.attn.qkv.bias', 'layers.0.blocks.1.attn.proj.weight', 'layers.0.blocks.1.attn.proj.bias', 'layers.0.blocks.1.norm2.weight', 'layers.0.blocks.1.norm2.bias', 'layers.0.blocks.1.mlp.fc1.weight', 'layers.0.blocks.1.mlp.fc1.bias', 'layers.0.blocks.1.mlp.fc2.weight', 'layers.0.blocks.1.mlp.fc2.bias', 'layers.0.downsample.reduction.weight', 'layers.0.downsample.norm.weight', 'layers.0.downsample.norm.bias', 'layers.1.blocks.0.norm1.weight', 'layers.1.blocks.0.norm1.bias', 'layers.1.blocks.0.attn.relative_position_bias_table', 'layers.1.blocks.0.attn.qkv.weight', 'layers.1.blocks.0.attn.qkv.bias', 'layers.1.blocks.0.attn.proj.weight', 'layers.1.blocks.0.attn.proj.bias', 'layers.1.blocks.0.norm2.weight', 'layers.1.blocks.0.norm2.bias', 'layers.1.blocks.0.mlp.fc1.weight', 'layers.1.blocks.0.mlp.fc1.bias', 'layers.1.blocks.0.mlp.fc2.weight', 'layers.1.blocks.0.mlp.fc2.bias', 'layers.1.blocks.1.norm1.weight', 'layers.1.blocks.1.norm1.bias', 'layers.1.blocks.1.attn.relative_position_bias_table', 'layers.1.blocks.1.attn.qkv.weight', 'layers.1.blocks.1.attn.qkv.bias', 'layers.1.blocks.1.attn.proj.weight', 'layers.1.blocks.1.attn.proj.bias', 'layers.1.blocks.1.norm2.weight', 'layers.1.blocks.1.norm2.bias', 'layers.1.blocks.1.mlp.fc1.weight', 'layers.1.blocks.1.mlp.fc1.bias', 'layers.1.blocks.1.mlp.fc2.weight', 'layers.1.blocks.1.mlp.fc2.bias', 'layers.1.downsample.reduction.weight', 'layers.1.downsample.norm.weight', 'layers.1.downsample.norm.bias', 'layers.2.blocks.0.norm1.weight', 'layers.2.blocks.0.norm1.bias', 'layers.2.blocks.0.attn.relative_position_bias_table', 'layers.2.blocks.0.attn.qkv.weight', 'layers.2.blocks.0.attn.qkv.bias', 'layers.2.blocks.0.attn.proj.weight', 'layers.2.blocks.0.attn.proj.bias', 'layers.2.blocks.0.norm2.weight', 'layers.2.blocks.0.norm2.bias', 'layers.2.blocks.0.mlp.fc1.weight', 'layers.2.blocks.0.mlp.fc1.bias', 'layers.2.blocks.0.mlp.fc2.weight', 'layers.2.blocks.0.mlp.fc2.bias', 'layers.2.blocks.1.norm1.weight', 'layers.2.blocks.1.norm1.bias', 'layers.2.blocks.1.attn.relative_position_bias_table', 'layers.2.blocks.1.attn.qkv.weight', 'layers.2.blocks.1.attn.qkv.bias', 'layers.2.blocks.1.attn.proj.weight', 'layers.2.blocks.1.attn.proj.bias', 'layers.2.blocks.1.norm2.weight', 'layers.2.blocks.1.norm2.bias', 'layers.2.blocks.1.mlp.fc1.weight', 'layers.2.blocks.1.mlp.fc1.bias', 'layers.2.blocks.1.mlp.fc2.weight', 'layers.2.blocks.1.mlp.fc2.bias', 'layers.2.blocks.2.norm1.weight', 'layers.2.blocks.2.norm1.bias', 'layers.2.blocks.2.attn.relative_position_bias_table', 'layers.2.blocks.2.attn.qkv.weight', 'layers.2.blocks.2.attn.qkv.bias', 'layers.2.blocks.2.attn.proj.weight', 'layers.2.blocks.2.attn.proj.bias', 'layers.2.blocks.2.norm2.weight', 'layers.2.blocks.2.norm2.bias', 'layers.2.blocks.2.mlp.fc1.weight', 'layers.2.blocks.2.mlp.fc1.bias', 'layers.2.blocks.2.mlp.fc2.weight', 'layers.2.blocks.2.mlp.fc2.bias', 'layers.2.blocks.3.norm1.weight', 'layers.2.blocks.3.norm1.bias', 'layers.2.blocks.3.attn.relative_position_bias_table', 'layers.2.blocks.3.attn.qkv.weight', 'layers.2.blocks.3.attn.qkv.bias', 'layers.2.blocks.3.attn.proj.weight', 'layers.2.blocks.3.attn.proj.bias', 'layers.2.blocks.3.norm2.weight', 'layers.2.blocks.3.norm2.bias', 'layers.2.blocks.3.mlp.fc1.weight', 'layers.2.blocks.3.mlp.fc1.bias', 'layers.2.blocks.3.mlp.fc2.weight', 'layers.2.blocks.3.mlp.fc2.bias', 'layers.2.blocks.4.norm1.weight', 'layers.2.blocks.4.norm1.bias', 'layers.2.blocks.4.attn.relative_position_bias_table', 'layers.2.blocks.4.attn.qkv.weight', 'layers.2.blocks.4.attn.qkv.bias', 'layers.2.blocks.4.attn.proj.weight', 'layers.2.blocks.4.attn.proj.bias', 'layers.2.blocks.4.norm2.weight', 'layers.2.blocks.4.norm2.bias', 'layers.2.blocks.4.mlp.fc1.weight', 'layers.2.blocks.4.mlp.fc1.bias', 'layers.2.blocks.4.mlp.fc2.weight', 'layers.2.blocks.4.mlp.fc2.bias', 'layers.2.blocks.5.norm1.weight', 'layers.2.blocks.5.norm1.bias', 'layers.2.blocks.5.attn.relative_position_bias_table', 'layers.2.blocks.5.attn.qkv.weight', 'layers.2.blocks.5.attn.qkv.bias', 'layers.2.blocks.5.attn.proj.weight', 'layers.2.blocks.5.attn.proj.bias', 'layers.2.blocks.5.norm2.weight', 'layers.2.blocks.5.norm2.bias', 'layers.2.blocks.5.mlp.fc1.weight', 'layers.2.blocks.5.mlp.fc1.bias', 'layers.2.blocks.5.mlp.fc2.weight', 'layers.2.blocks.5.mlp.fc2.bias', 'layers.2.downsample.reduction.weight', 'layers.2.downsample.norm.weight', 'layers.2.downsample.norm.bias', 'layers.3.blocks.0.norm1.weight', 'layers.3.blocks.0.norm1.bias', 'layers.3.blocks.0.attn.relative_position_bias_table', 'layers.3.blocks.0.attn.qkv.weight', 'layers.3.blocks.0.attn.qkv.bias', 'layers.3.blocks.0.attn.proj.weight', 'layers.3.blocks.0.attn.proj.bias', 'layers.3.blocks.0.norm2.weight', 'layers.3.blocks.0.norm2.bias', 'layers.3.blocks.0.mlp.fc1.weight', 'layers.3.blocks.0.mlp.fc1.bias', 'layers.3.blocks.0.mlp.fc2.weight', 'layers.3.blocks.0.mlp.fc2.bias', 'layers.3.blocks.1.norm1.weight', 'layers.3.blocks.1.norm1.bias', 'layers.3.blocks.1.attn.relative_position_bias_table', 'layers.3.blocks.1.attn.qkv.weight', 'layers.3.blocks.1.attn.qkv.bias', 'layers.3.blocks.1.attn.proj.weight', 'layers.3.blocks.1.attn.proj.bias', 'layers.3.blocks.1.norm2.weight', 'layers.3.blocks.1.norm2.bias', 'layers.3.blocks.1.mlp.fc1.weight', 'layers.3.blocks.1.mlp.fc1.bias', 'layers.3.blocks.1.mlp.fc2.weight', 'layers.3.blocks.1.mlp.fc2.bias', 'norm.weight', 'norm.bias'])
2024-07-23 19:08:28,393 - INFO - => loaded successfully '/home/nikoskot/earthnetThesis/swin_tiny_patch4_window7_224_22k.pth'
2024-07-23 19:08:28,610 - INFO - Starting training from from epoch 0
2024-07-23 19:08:28,909 - INFO - Epoch 0
-------------------------------
2024-07-23 19:08:28,909 - INFO - Learning Rate of group 0: 0.0002
2024-07-23 19:09:11,772 - INFO - Mean training loss: 2.302961088716984
2024-07-23 19:09:19,412 - INFO - Mean validation loss: 0.26122165843844414
2024-07-23 19:09:21,004 - INFO - New best validation Loss 0.26122165843844414, at epoch 0
2024-07-23 19:09:21,005 - INFO - Epoch 1
-------------------------------
2024-07-23 19:09:21,006 - INFO - Learning Rate of group 0: 0.0002
2024-07-23 19:10:02,669 - INFO - Mean training loss: 0.8999190013855696
2024-07-23 19:10:09,463 - INFO - Mean validation loss: 0.24577580019831657
2024-07-23 19:10:10,794 - INFO - New best validation Loss 0.24577580019831657, at epoch 1
2024-07-23 19:10:10,795 - INFO - Epoch 2
-------------------------------
2024-07-23 19:10:10,796 - INFO - Learning Rate of group 0: 0.0002
2024-07-23 19:10:52,495 - INFO - Mean training loss: 0.8445088379085064
2024-07-23 19:10:59,162 - INFO - Mean validation loss: 0.23651824705302715
2024-07-23 19:11:00,480 - INFO - New best validation Loss 0.23651824705302715, at epoch 2
2024-07-23 19:11:00,482 - INFO - Epoch 3
-------------------------------
2024-07-23 19:11:00,482 - INFO - Learning Rate of group 0: 0.0002
2024-07-23 19:11:41,974 - INFO - Mean training loss: 0.8653676398098469
2024-07-23 19:11:48,477 - INFO - Mean validation loss: 0.2444346770644188
2024-07-23 19:11:48,478 - INFO - Epoch 4
-------------------------------
2024-07-23 19:11:48,478 - INFO - Learning Rate of group 0: 0.0002
2024-07-23 19:12:30,307 - INFO - Mean training loss: 0.8384184744209051
2024-07-23 19:12:37,274 - INFO - Mean validation loss: 0.23623701557517052
2024-07-23 19:12:38,627 - INFO - New best validation Loss 0.23623701557517052, at epoch 4
2024-07-23 19:12:38,628 - INFO - Epoch 5
-------------------------------
2024-07-23 19:12:38,628 - INFO - Learning Rate of group 0: 0.0002
2024-07-23 19:13:19,932 - INFO - Mean training loss: 0.8370843846350908
2024-07-23 19:13:26,570 - INFO - Mean validation loss: 0.23478452861309052
2024-07-23 19:13:28,306 - INFO - New best validation Loss 0.23478452861309052, at epoch 5
2024-07-23 19:13:28,307 - INFO - Epoch 6
-------------------------------
2024-07-23 19:13:28,308 - INFO - Learning Rate of group 0: 0.0002
2024-07-23 19:14:09,629 - INFO - Mean training loss: 0.8290233090519905
2024-07-23 19:14:16,225 - INFO - Mean validation loss: 0.2316633239388466
2024-07-23 19:14:17,630 - INFO - New best validation Loss 0.2316633239388466, at epoch 6
2024-07-23 19:14:17,631 - INFO - Epoch 7
-------------------------------
2024-07-23 19:14:17,632 - INFO - Learning Rate of group 0: 0.0002
2024-07-23 19:14:59,216 - INFO - Mean training loss: 0.8266121670603752
2024-07-23 19:15:06,072 - INFO - Mean validation loss: 0.2309796791523695
2024-07-23 19:15:07,491 - INFO - New best validation Loss 0.2309796791523695, at epoch 7
2024-07-23 19:15:07,492 - INFO - Epoch 8
-------------------------------
2024-07-23 19:15:07,493 - INFO - Learning Rate of group 0: 0.0002
2024-07-23 19:15:48,574 - INFO - Mean training loss: 0.8216918744146824
2024-07-23 19:15:55,564 - INFO - Mean validation loss: 0.23015805147588253
2024-07-23 19:15:56,882 - INFO - New best validation Loss 0.23015805147588253, at epoch 8
2024-07-23 19:15:56,884 - INFO - Epoch 9
-------------------------------
2024-07-23 19:15:56,884 - INFO - Learning Rate of group 0: 0.0002
2024-07-23 19:16:38,129 - INFO - Mean training loss: 0.8175225201994181
2024-07-23 19:16:44,926 - INFO - Mean validation loss: 0.22941412776708603
2024-07-23 19:16:46,282 - INFO - New best validation Loss 0.22941412776708603, at epoch 9
2024-07-23 19:16:46,283 - INFO - Epoch 10
-------------------------------
2024-07-23 19:16:46,283 - INFO - Learning Rate of group 0: 0.0002
2024-07-23 19:17:27,936 - INFO - Mean training loss: 0.8156326394528151
2024-07-23 19:17:34,566 - INFO - Mean validation loss: 0.22868175990879536
2024-07-23 19:17:35,880 - INFO - New best validation Loss 0.22868175990879536, at epoch 10
2024-07-23 19:17:35,881 - INFO - Epoch 11
-------------------------------
2024-07-23 19:17:35,881 - INFO - Learning Rate of group 0: 0.0002
2024-07-23 19:18:17,275 - INFO - Mean training loss: 0.8124984186142683
2024-07-23 19:18:24,043 - INFO - Mean validation loss: 0.22791053354740143
2024-07-23 19:18:25,443 - INFO - New best validation Loss 0.22791053354740143, at epoch 11
2024-07-23 19:18:25,445 - INFO - Epoch 12
-------------------------------
2024-07-23 19:18:25,445 - INFO - Learning Rate of group 0: 0.0002
2024-07-23 19:19:06,777 - INFO - Mean training loss: 0.8115932904183865
2024-07-23 19:19:13,244 - INFO - Mean validation loss: 0.227788046002388
2024-07-23 19:19:14,624 - INFO - New best validation Loss 0.227788046002388, at epoch 12
2024-07-23 19:19:14,625 - INFO - Epoch 13
-------------------------------
2024-07-23 19:19:14,625 - INFO - Learning Rate of group 0: 0.0002
2024-07-23 19:19:56,256 - INFO - Mean training loss: 0.8118046578019857
2024-07-23 19:20:03,063 - INFO - Mean validation loss: 0.22987335175275803
2024-07-23 19:20:03,063 - INFO - Epoch 14
-------------------------------
2024-07-23 19:20:03,064 - INFO - Learning Rate of group 0: 0.0002
2024-07-23 19:20:44,164 - INFO - Mean training loss: 0.8154628779739141
2024-07-23 19:20:51,054 - INFO - Mean validation loss: 0.2320004515349865
2024-07-23 19:20:51,054 - INFO - Training Finished
