2024-08-21 06:04:39,069 - INFO - NOTE: None
2024-08-21 06:04:39,071 - INFO - Torch, random, numpy seed: 88
2024-08-21 06:04:39,611 - INFO - Starting training from from epoch 0
2024-08-21 06:04:48,035 - INFO - Epoch 1
-------------------------------
2024-08-21 06:04:48,036 - INFO - Learning Rate of group 0: 0.0
2024-08-21 06:05:29,965 - INFO - Maximum gradient before clipping: 3.637057065963745
2024-08-21 06:05:29,966 - INFO - Minimum gradient before clipping: -3.506786346435547
2024-08-21 06:05:29,967 - INFO - Mean training L1 loss: 0.13672981381416321
2024-08-21 06:05:29,967 - INFO - Mean training SSIM loss: 0.0021175437961937858
2024-08-21 06:05:29,967 - INFO - Mean training MSE loss: 0.022798635791987182
2024-08-21 06:05:38,233 - INFO - Mean validation L1 loss: 0.13195740163326264
2024-08-21 06:05:38,233 - INFO - Mean validation SSIM loss: 0.0019411863887216895
2024-08-21 06:05:38,233 - INFO - Mean validation MSE loss: 0.02077590711414814
2024-08-21 06:05:38,703 - INFO - New best validation Loss 0.13195740163326264, at epoch 1
2024-08-21 06:05:38,710 - INFO - Epoch 2
-------------------------------
2024-08-21 06:05:38,710 - INFO - Learning Rate of group 0: 6.454988565097427e-05
2024-08-21 06:06:19,287 - INFO - Maximum gradient before clipping: 4.988859176635742
2024-08-21 06:06:19,288 - INFO - Minimum gradient before clipping: -8.50287914276123
2024-08-21 06:06:19,289 - INFO - Mean training L1 loss: 0.05140872210264206
2024-08-21 06:06:19,289 - INFO - Mean training SSIM loss: 0.0001265936092318931
2024-08-21 06:06:19,289 - INFO - Mean training MSE loss: 0.0048996051819995045
2024-08-21 06:06:26,608 - INFO - Mean validation L1 loss: 0.04483832493424415
2024-08-21 06:06:26,609 - INFO - Mean validation SSIM loss: 2.0961180323464391e-07
2024-08-21 06:06:26,609 - INFO - Mean validation MSE loss: 0.0038010435830801727
2024-08-21 06:06:27,071 - INFO - New best validation Loss 0.04483832493424415, at epoch 2
2024-08-21 06:06:27,074 - INFO - Epoch 3
-------------------------------
2024-08-21 06:06:27,075 - INFO - Learning Rate of group 0: 0.00012909977130194853
2024-08-21 06:07:07,726 - INFO - Maximum gradient before clipping: 3.624605894088745
2024-08-21 06:07:07,726 - INFO - Minimum gradient before clipping: -5.20164155960083
2024-08-21 06:07:07,727 - INFO - Mean training L1 loss: 0.045853923298418524
2024-08-21 06:07:07,727 - INFO - Mean training SSIM loss: 1.21773409909931e-06
2024-08-21 06:07:07,727 - INFO - Mean training MSE loss: 0.0040224976767785844
2024-08-21 06:07:15,557 - INFO - Mean validation L1 loss: 0.04294703185558319
2024-08-21 06:07:15,557 - INFO - Mean validation SSIM loss: 1.5544521153820767e-07
2024-08-21 06:07:15,557 - INFO - Mean validation MSE loss: 0.0038978066761046646
2024-08-21 06:07:16,019 - INFO - New best validation Loss 0.04294703185558319, at epoch 3
2024-08-21 06:07:16,022 - INFO - Epoch 4
-------------------------------
2024-08-21 06:07:16,022 - INFO - Learning Rate of group 0: 0.00019364965695292276
2024-08-21 06:07:56,128 - INFO - Maximum gradient before clipping: 3.817786931991577
2024-08-21 06:07:56,128 - INFO - Minimum gradient before clipping: -4.495136737823486
2024-08-21 06:07:56,129 - INFO - Mean training L1 loss: 0.04562830608338118
2024-08-21 06:07:56,129 - INFO - Mean training SSIM loss: 7.824988424853796e-07
2024-08-21 06:07:56,129 - INFO - Mean training MSE loss: 0.0040097835520282385
2024-08-21 06:08:03,794 - INFO - Mean validation L1 loss: 0.0454262700676918
2024-08-21 06:08:03,794 - INFO - Mean validation SSIM loss: 1.269747265357779e-06
2024-08-21 06:08:03,794 - INFO - Mean validation MSE loss: 0.004139308771118522
