2024-08-21 11:55:58,163 - INFO - NOTE: None
2024-08-21 11:55:58,166 - INFO - Torch, random, numpy seed: 88
2024-08-21 11:55:58,699 - INFO - Starting training from from epoch 0
2024-08-21 11:56:06,647 - INFO - Epoch 1
-------------------------------
2024-08-21 11:56:06,648 - INFO - Learning Rate of group 0: 0.0
2024-08-21 11:56:57,411 - INFO - Maximum gradient before clipping: 1.1355129480361938
2024-08-21 11:56:57,412 - INFO - Minimum gradient before clipping: -0.33176830410957336
2024-08-21 11:56:57,413 - INFO - Mean training L1 loss: 0.09889250904321671
2024-08-21 11:56:57,413 - INFO - Mean training SSIM loss: 0.0002074540073596154
2024-08-21 11:56:57,413 - INFO - Mean training MSE loss: 0.013011118117719888
2024-08-21 11:57:05,556 - INFO - Mean validation L1 loss: 0.09380011707544327
2024-08-21 11:57:05,556 - INFO - Mean validation SSIM loss: 0.00016026170907480265
2024-08-21 11:57:05,556 - INFO - Mean validation MSE loss: 0.011820291839540005
2024-08-21 11:57:06,023 - INFO - New best validation Loss 0.09380011707544327, at epoch 1
2024-08-21 11:57:06,029 - INFO - Epoch 2
-------------------------------
2024-08-21 11:57:06,030 - INFO - Learning Rate of group 0: 0.00017521315718441817
2024-08-21 11:57:54,660 - INFO - Maximum gradient before clipping: 8.202203750610352
2024-08-21 11:57:54,661 - INFO - Minimum gradient before clipping: -47.957862854003906
2024-08-21 11:57:54,661 - INFO - Mean training L1 loss: 0.060890606604516506
2024-08-21 11:57:54,661 - INFO - Mean training SSIM loss: 0.0008743821417170583
2024-08-21 11:57:54,661 - INFO - Mean training MSE loss: 0.007338125437963754
2024-08-21 11:58:02,572 - INFO - Mean validation L1 loss: 0.04751057595014572
2024-08-21 11:58:02,572 - INFO - Mean validation SSIM loss: 2.320618441231659e-07
2024-08-21 11:58:02,573 - INFO - Mean validation MSE loss: 0.003993844352662563
2024-08-21 11:58:03,043 - INFO - New best validation Loss 0.04751057595014572, at epoch 2
2024-08-21 11:58:03,047 - INFO - Epoch 3
-------------------------------
2024-08-21 11:58:03,047 - INFO - Learning Rate of group 0: 0.00035042631436883634
2024-08-21 11:58:51,729 - INFO - Maximum gradient before clipping: 0.799995481967926
2024-08-21 11:58:51,729 - INFO - Minimum gradient before clipping: -1.1031228303909302
2024-08-21 11:58:51,729 - INFO - Mean training L1 loss: 0.046554707512259486
2024-08-21 11:58:51,730 - INFO - Mean training SSIM loss: 1.5696751836846712e-06
2024-08-21 11:58:51,730 - INFO - Mean training MSE loss: 0.004056211321149021
2024-08-21 11:58:59,541 - INFO - Mean validation L1 loss: 0.04597418501973152
2024-08-21 11:58:59,542 - INFO - Mean validation SSIM loss: 8.15597654106881e-07
2024-08-21 11:58:59,542 - INFO - Mean validation MSE loss: 0.004290915783494711
2024-08-21 11:59:00,017 - INFO - New best validation Loss 0.04597418501973152, at epoch 3
2024-08-21 11:59:00,020 - INFO - Epoch 4
-------------------------------
2024-08-21 11:59:00,020 - INFO - Learning Rate of group 0: 0.0005256394715532544
2024-08-21 11:59:48,456 - INFO - Maximum gradient before clipping: 0.815130889415741
2024-08-21 11:59:48,456 - INFO - Minimum gradient before clipping: -0.7756604552268982
2024-08-21 11:59:48,457 - INFO - Mean training L1 loss: 0.044982052333652975
2024-08-21 11:59:48,457 - INFO - Mean training SSIM loss: 3.6864823299231906e-07
2024-08-21 11:59:48,457 - INFO - Mean training MSE loss: 0.0038737600343301893
2024-08-21 11:59:55,959 - INFO - Mean validation L1 loss: 0.043311280012130735
2024-08-21 11:59:55,959 - INFO - Mean validation SSIM loss: 8.073138695330328e-08
2024-08-21 11:59:55,959 - INFO - Mean validation MSE loss: 0.0038648859318345784
2024-08-21 11:59:56,442 - INFO - New best validation Loss 0.043311280012130735, at epoch 4
