2024-07-23 19:57:12,710 - INFO - NOTE: None
2024-07-23 19:57:13,514 - INFO - load model from: /home/nikoskot/earthnetThesis/swin_tiny_patch4_window7_224_22k.pth
2024-07-23 19:57:13,661 - INFO - _IncompatibleKeys(missing_keys=['encoder.enc_swin_blocks.0.blocks.0.norm1.weight', 'encoder.enc_swin_blocks.0.blocks.0.norm1.bias', 'encoder.enc_swin_blocks.0.blocks.0.attn.relative_position_index', 'encoder.enc_swin_blocks.0.blocks.0.attn.qkv.weight', 'encoder.enc_swin_blocks.0.blocks.0.attn.proj.weight', 'encoder.enc_swin_blocks.0.blocks.0.attn.proj.bias', 'encoder.enc_swin_blocks.0.blocks.0.norm2.weight', 'encoder.enc_swin_blocks.0.blocks.0.norm2.bias', 'encoder.enc_swin_blocks.0.blocks.0.mlp.fc1.weight', 'encoder.enc_swin_blocks.0.blocks.0.mlp.fc1.bias', 'encoder.enc_swin_blocks.0.blocks.0.mlp.fc2.weight', 'encoder.enc_swin_blocks.0.blocks.0.mlp.fc2.bias', 'encoder.enc_swin_blocks.0.blocks.1.norm1.weight', 'encoder.enc_swin_blocks.0.blocks.1.norm1.bias', 'encoder.enc_swin_blocks.0.blocks.1.attn.relative_position_index', 'encoder.enc_swin_blocks.0.blocks.1.attn.qkv.weight', 'encoder.enc_swin_blocks.0.blocks.1.attn.proj.weight', 'encoder.enc_swin_blocks.0.blocks.1.attn.proj.bias', 'encoder.enc_swin_blocks.0.blocks.1.norm2.weight', 'encoder.enc_swin_blocks.0.blocks.1.norm2.bias', 'encoder.enc_swin_blocks.0.blocks.1.mlp.fc1.weight', 'encoder.enc_swin_blocks.0.blocks.1.mlp.fc1.bias', 'encoder.enc_swin_blocks.0.blocks.1.mlp.fc2.weight', 'encoder.enc_swin_blocks.0.blocks.1.mlp.fc2.bias', 'encoder.enc_swin_blocks.1.blocks.0.norm1.weight', 'encoder.enc_swin_blocks.1.blocks.0.norm1.bias', 'encoder.enc_swin_blocks.1.blocks.0.attn.relative_position_index', 'encoder.enc_swin_blocks.1.blocks.0.attn.qkv.weight', 'encoder.enc_swin_blocks.1.blocks.0.attn.proj.weight', 'encoder.enc_swin_blocks.1.blocks.0.attn.proj.bias', 'encoder.enc_swin_blocks.1.blocks.0.norm2.weight', 'encoder.enc_swin_blocks.1.blocks.0.norm2.bias', 'encoder.enc_swin_blocks.1.blocks.0.mlp.fc1.weight', 'encoder.enc_swin_blocks.1.blocks.0.mlp.fc1.bias', 'encoder.enc_swin_blocks.1.blocks.0.mlp.fc2.weight', 'encoder.enc_swin_blocks.1.blocks.0.mlp.fc2.bias', 'encoder.enc_swin_blocks.1.blocks.1.norm1.weight', 'encoder.enc_swin_blocks.1.blocks.1.norm1.bias', 'encoder.enc_swin_blocks.1.blocks.1.attn.relative_position_index', 'encoder.enc_swin_blocks.1.blocks.1.attn.qkv.weight', 'encoder.enc_swin_blocks.1.blocks.1.attn.proj.weight', 'encoder.enc_swin_blocks.1.blocks.1.attn.proj.bias', 'encoder.enc_swin_blocks.1.blocks.1.norm2.weight', 'encoder.enc_swin_blocks.1.blocks.1.norm2.bias', 'encoder.enc_swin_blocks.1.blocks.1.mlp.fc1.weight', 'encoder.enc_swin_blocks.1.blocks.1.mlp.fc1.bias', 'encoder.enc_swin_blocks.1.blocks.1.mlp.fc2.weight', 'encoder.enc_swin_blocks.1.blocks.1.mlp.fc2.bias', 'encoder.enc_swin_blocks.2.blocks.0.norm1.weight', 'encoder.enc_swin_blocks.2.blocks.0.norm1.bias', 'encoder.enc_swin_blocks.2.blocks.0.attn.relative_position_index', 'encoder.enc_swin_blocks.2.blocks.0.attn.qkv.weight', 'encoder.enc_swin_blocks.2.blocks.0.attn.proj.weight', 'encoder.enc_swin_blocks.2.blocks.0.attn.proj.bias', 'encoder.enc_swin_blocks.2.blocks.0.norm2.weight', 'encoder.enc_swin_blocks.2.blocks.0.norm2.bias', 'encoder.enc_swin_blocks.2.blocks.0.mlp.fc1.weight', 'encoder.enc_swin_blocks.2.blocks.0.mlp.fc1.bias', 'encoder.enc_swin_blocks.2.blocks.0.mlp.fc2.weight', 'encoder.enc_swin_blocks.2.blocks.0.mlp.fc2.bias', 'encoder.enc_swin_blocks.2.blocks.1.norm1.weight', 'encoder.enc_swin_blocks.2.blocks.1.norm1.bias', 'encoder.enc_swin_blocks.2.blocks.1.attn.relative_position_index', 'encoder.enc_swin_blocks.2.blocks.1.attn.qkv.weight', 'encoder.enc_swin_blocks.2.blocks.1.attn.proj.weight', 'encoder.enc_swin_blocks.2.blocks.1.attn.proj.bias', 'encoder.enc_swin_blocks.2.blocks.1.norm2.weight', 'encoder.enc_swin_blocks.2.blocks.1.norm2.bias', 'encoder.enc_swin_blocks.2.blocks.1.mlp.fc1.weight', 'encoder.enc_swin_blocks.2.blocks.1.mlp.fc1.bias', 'encoder.enc_swin_blocks.2.blocks.1.mlp.fc2.weight', 'encoder.enc_swin_blocks.2.blocks.1.mlp.fc2.bias', 'encoder.enc_patch_merge_blocks.0.reduction.weight', 'encoder.enc_patch_merge_blocks.1.reduction.weight', 'encoder.enc_patch_merge_blocks.2.reduction.weight', 'bottleneck.blocks.0.norm1.weight', 'bottleneck.blocks.0.norm1.bias', 'bottleneck.blocks.0.attn.relative_position_bias_table', 'bottleneck.blocks.0.attn.relative_position_index', 'bottleneck.blocks.0.attn.qkv.weight', 'bottleneck.blocks.0.attn.proj.weight', 'bottleneck.blocks.0.attn.proj.bias', 'bottleneck.blocks.0.norm2.weight', 'bottleneck.blocks.0.norm2.bias', 'bottleneck.blocks.0.mlp.fc1.weight', 'bottleneck.blocks.0.mlp.fc1.bias', 'bottleneck.blocks.0.mlp.fc2.weight', 'bottleneck.blocks.0.mlp.fc2.bias', 'bottleneck.blocks.1.norm1.weight', 'bottleneck.blocks.1.norm1.bias', 'bottleneck.blocks.1.attn.relative_position_bias_table', 'bottleneck.blocks.1.attn.relative_position_index', 'bottleneck.blocks.1.attn.qkv.weight', 'bottleneck.blocks.1.attn.proj.weight', 'bottleneck.blocks.1.attn.proj.bias', 'bottleneck.blocks.1.norm2.weight', 'bottleneck.blocks.1.norm2.bias', 'bottleneck.blocks.1.mlp.fc1.weight', 'bottleneck.blocks.1.mlp.fc1.bias', 'bottleneck.blocks.1.mlp.fc2.weight', 'bottleneck.blocks.1.mlp.fc2.bias', 'decoder.dec_swin_blocks.0.blocks.0.norm1.weight', 'decoder.dec_swin_blocks.0.blocks.0.norm1.bias', 'decoder.dec_swin_blocks.0.blocks.0.attn.relative_position_bias_table', 'decoder.dec_swin_blocks.0.blocks.0.attn.relative_position_index', 'decoder.dec_swin_blocks.0.blocks.0.attn.qkv.weight', 'decoder.dec_swin_blocks.0.blocks.0.attn.proj.weight', 'decoder.dec_swin_blocks.0.blocks.0.attn.proj.bias', 'decoder.dec_swin_blocks.0.blocks.0.norm2.weight', 'decoder.dec_swin_blocks.0.blocks.0.norm2.bias', 'decoder.dec_swin_blocks.0.blocks.0.mlp.fc1.weight', 'decoder.dec_swin_blocks.0.blocks.0.mlp.fc1.bias', 'decoder.dec_swin_blocks.0.blocks.0.mlp.fc2.weight', 'decoder.dec_swin_blocks.0.blocks.0.mlp.fc2.bias', 'decoder.dec_swin_blocks.0.blocks.1.norm1.weight', 'decoder.dec_swin_blocks.0.blocks.1.norm1.bias', 'decoder.dec_swin_blocks.0.blocks.1.attn.relative_position_bias_table', 'decoder.dec_swin_blocks.0.blocks.1.attn.relative_position_index', 'decoder.dec_swin_blocks.0.blocks.1.attn.qkv.weight', 'decoder.dec_swin_blocks.0.blocks.1.attn.proj.weight', 'decoder.dec_swin_blocks.0.blocks.1.attn.proj.bias', 'decoder.dec_swin_blocks.0.blocks.1.norm2.weight', 'decoder.dec_swin_blocks.0.blocks.1.norm2.bias', 'decoder.dec_swin_blocks.0.blocks.1.mlp.fc1.weight', 'decoder.dec_swin_blocks.0.blocks.1.mlp.fc1.bias', 'decoder.dec_swin_blocks.0.blocks.1.mlp.fc2.weight', 'decoder.dec_swin_blocks.0.blocks.1.mlp.fc2.bias', 'decoder.dec_swin_blocks.1.blocks.0.norm1.weight', 'decoder.dec_swin_blocks.1.blocks.0.norm1.bias', 'decoder.dec_swin_blocks.1.blocks.0.attn.relative_position_bias_table', 'decoder.dec_swin_blocks.1.blocks.0.attn.relative_position_index', 'decoder.dec_swin_blocks.1.blocks.0.attn.qkv.weight', 'decoder.dec_swin_blocks.1.blocks.0.attn.proj.weight', 'decoder.dec_swin_blocks.1.blocks.0.attn.proj.bias', 'decoder.dec_swin_blocks.1.blocks.0.norm2.weight', 'decoder.dec_swin_blocks.1.blocks.0.norm2.bias', 'decoder.dec_swin_blocks.1.blocks.0.mlp.fc1.weight', 'decoder.dec_swin_blocks.1.blocks.0.mlp.fc1.bias', 'decoder.dec_swin_blocks.1.blocks.0.mlp.fc2.weight', 'decoder.dec_swin_blocks.1.blocks.0.mlp.fc2.bias', 'decoder.dec_swin_blocks.1.blocks.1.norm1.weight', 'decoder.dec_swin_blocks.1.blocks.1.norm1.bias', 'decoder.dec_swin_blocks.1.blocks.1.attn.relative_position_bias_table', 'decoder.dec_swin_blocks.1.blocks.1.attn.relative_position_index', 'decoder.dec_swin_blocks.1.blocks.1.attn.qkv.weight', 'decoder.dec_swin_blocks.1.blocks.1.attn.proj.weight', 'decoder.dec_swin_blocks.1.blocks.1.attn.proj.bias', 'decoder.dec_swin_blocks.1.blocks.1.norm2.weight', 'decoder.dec_swin_blocks.1.blocks.1.norm2.bias', 'decoder.dec_swin_blocks.1.blocks.1.mlp.fc1.weight', 'decoder.dec_swin_blocks.1.blocks.1.mlp.fc1.bias', 'decoder.dec_swin_blocks.1.blocks.1.mlp.fc2.weight', 'decoder.dec_swin_blocks.1.blocks.1.mlp.fc2.bias', 'decoder.dec_swin_blocks.2.blocks.0.norm1.weight', 'decoder.dec_swin_blocks.2.blocks.0.norm1.bias', 'decoder.dec_swin_blocks.2.blocks.0.attn.relative_position_bias_table', 'decoder.dec_swin_blocks.2.blocks.0.attn.relative_position_index', 'decoder.dec_swin_blocks.2.blocks.0.attn.qkv.weight', 'decoder.dec_swin_blocks.2.blocks.0.attn.proj.weight', 'decoder.dec_swin_blocks.2.blocks.0.attn.proj.bias', 'decoder.dec_swin_blocks.2.blocks.0.norm2.weight', 'decoder.dec_swin_blocks.2.blocks.0.norm2.bias', 'decoder.dec_swin_blocks.2.blocks.0.mlp.fc1.weight', 'decoder.dec_swin_blocks.2.blocks.0.mlp.fc1.bias', 'decoder.dec_swin_blocks.2.blocks.0.mlp.fc2.weight', 'decoder.dec_swin_blocks.2.blocks.0.mlp.fc2.bias', 'decoder.dec_swin_blocks.2.blocks.1.norm1.weight', 'decoder.dec_swin_blocks.2.blocks.1.norm1.bias', 'decoder.dec_swin_blocks.2.blocks.1.attn.relative_position_bias_table', 'decoder.dec_swin_blocks.2.blocks.1.attn.relative_position_index', 'decoder.dec_swin_blocks.2.blocks.1.attn.qkv.weight', 'decoder.dec_swin_blocks.2.blocks.1.attn.proj.weight', 'decoder.dec_swin_blocks.2.blocks.1.attn.proj.bias', 'decoder.dec_swin_blocks.2.blocks.1.norm2.weight', 'decoder.dec_swin_blocks.2.blocks.1.norm2.bias', 'decoder.dec_swin_blocks.2.blocks.1.mlp.fc1.weight', 'decoder.dec_swin_blocks.2.blocks.1.mlp.fc1.bias', 'decoder.dec_swin_blocks.2.blocks.1.mlp.fc2.weight', 'decoder.dec_swin_blocks.2.blocks.1.mlp.fc2.bias', 'decoder.dec_patch_expand_blocks.0.conv.weight', 'decoder.dec_patch_expand_blocks.0.conv.bias', 'decoder.dec_patch_expand_blocks.1.conv.weight', 'decoder.dec_patch_expand_blocks.1.conv.bias', 'decoder.dec_patch_expand_blocks.2.conv.weight', 'decoder.dec_patch_expand_blocks.2.conv.bias', 'decoder.skip_conn_concat.0.weight', 'decoder.skip_conn_concat.0.bias', 'decoder.skip_conn_concat.1.weight', 'decoder.skip_conn_concat.1.bias', 'decoder.skip_conn_concat.2.weight', 'decoder.skip_conn_concat.2.bias', 'final_expansion.conv.weight', 'final_expansion.conv.bias', 'head.conv1.weight', 'head.conv1.bias', 'head.conv2.weight', 'head.conv2.bias'], unexpected_keys=['layers.0.blocks.0.norm1.weight', 'layers.0.blocks.0.norm1.bias', 'layers.0.blocks.0.attn.relative_position_bias_table', 'layers.0.blocks.0.attn.qkv.weight', 'layers.0.blocks.0.attn.qkv.bias', 'layers.0.blocks.0.attn.proj.weight', 'layers.0.blocks.0.attn.proj.bias', 'layers.0.blocks.0.norm2.weight', 'layers.0.blocks.0.norm2.bias', 'layers.0.blocks.0.mlp.fc1.weight', 'layers.0.blocks.0.mlp.fc1.bias', 'layers.0.blocks.0.mlp.fc2.weight', 'layers.0.blocks.0.mlp.fc2.bias', 'layers.0.blocks.1.norm1.weight', 'layers.0.blocks.1.norm1.bias', 'layers.0.blocks.1.attn.relative_position_bias_table', 'layers.0.blocks.1.attn.qkv.weight', 'layers.0.blocks.1.attn.qkv.bias', 'layers.0.blocks.1.attn.proj.weight', 'layers.0.blocks.1.attn.proj.bias', 'layers.0.blocks.1.norm2.weight', 'layers.0.blocks.1.norm2.bias', 'layers.0.blocks.1.mlp.fc1.weight', 'layers.0.blocks.1.mlp.fc1.bias', 'layers.0.blocks.1.mlp.fc2.weight', 'layers.0.blocks.1.mlp.fc2.bias', 'layers.0.downsample.reduction.weight', 'layers.0.downsample.norm.weight', 'layers.0.downsample.norm.bias', 'layers.1.blocks.0.norm1.weight', 'layers.1.blocks.0.norm1.bias', 'layers.1.blocks.0.attn.relative_position_bias_table', 'layers.1.blocks.0.attn.qkv.weight', 'layers.1.blocks.0.attn.qkv.bias', 'layers.1.blocks.0.attn.proj.weight', 'layers.1.blocks.0.attn.proj.bias', 'layers.1.blocks.0.norm2.weight', 'layers.1.blocks.0.norm2.bias', 'layers.1.blocks.0.mlp.fc1.weight', 'layers.1.blocks.0.mlp.fc1.bias', 'layers.1.blocks.0.mlp.fc2.weight', 'layers.1.blocks.0.mlp.fc2.bias', 'layers.1.blocks.1.norm1.weight', 'layers.1.blocks.1.norm1.bias', 'layers.1.blocks.1.attn.relative_position_bias_table', 'layers.1.blocks.1.attn.qkv.weight', 'layers.1.blocks.1.attn.qkv.bias', 'layers.1.blocks.1.attn.proj.weight', 'layers.1.blocks.1.attn.proj.bias', 'layers.1.blocks.1.norm2.weight', 'layers.1.blocks.1.norm2.bias', 'layers.1.blocks.1.mlp.fc1.weight', 'layers.1.blocks.1.mlp.fc1.bias', 'layers.1.blocks.1.mlp.fc2.weight', 'layers.1.blocks.1.mlp.fc2.bias', 'layers.1.downsample.reduction.weight', 'layers.1.downsample.norm.weight', 'layers.1.downsample.norm.bias', 'layers.2.blocks.0.norm1.weight', 'layers.2.blocks.0.norm1.bias', 'layers.2.blocks.0.attn.relative_position_bias_table', 'layers.2.blocks.0.attn.qkv.weight', 'layers.2.blocks.0.attn.qkv.bias', 'layers.2.blocks.0.attn.proj.weight', 'layers.2.blocks.0.attn.proj.bias', 'layers.2.blocks.0.norm2.weight', 'layers.2.blocks.0.norm2.bias', 'layers.2.blocks.0.mlp.fc1.weight', 'layers.2.blocks.0.mlp.fc1.bias', 'layers.2.blocks.0.mlp.fc2.weight', 'layers.2.blocks.0.mlp.fc2.bias', 'layers.2.blocks.1.norm1.weight', 'layers.2.blocks.1.norm1.bias', 'layers.2.blocks.1.attn.relative_position_bias_table', 'layers.2.blocks.1.attn.qkv.weight', 'layers.2.blocks.1.attn.qkv.bias', 'layers.2.blocks.1.attn.proj.weight', 'layers.2.blocks.1.attn.proj.bias', 'layers.2.blocks.1.norm2.weight', 'layers.2.blocks.1.norm2.bias', 'layers.2.blocks.1.mlp.fc1.weight', 'layers.2.blocks.1.mlp.fc1.bias', 'layers.2.blocks.1.mlp.fc2.weight', 'layers.2.blocks.1.mlp.fc2.bias', 'layers.2.blocks.2.norm1.weight', 'layers.2.blocks.2.norm1.bias', 'layers.2.blocks.2.attn.relative_position_bias_table', 'layers.2.blocks.2.attn.qkv.weight', 'layers.2.blocks.2.attn.qkv.bias', 'layers.2.blocks.2.attn.proj.weight', 'layers.2.blocks.2.attn.proj.bias', 'layers.2.blocks.2.norm2.weight', 'layers.2.blocks.2.norm2.bias', 'layers.2.blocks.2.mlp.fc1.weight', 'layers.2.blocks.2.mlp.fc1.bias', 'layers.2.blocks.2.mlp.fc2.weight', 'layers.2.blocks.2.mlp.fc2.bias', 'layers.2.blocks.3.norm1.weight', 'layers.2.blocks.3.norm1.bias', 'layers.2.blocks.3.attn.relative_position_bias_table', 'layers.2.blocks.3.attn.qkv.weight', 'layers.2.blocks.3.attn.qkv.bias', 'layers.2.blocks.3.attn.proj.weight', 'layers.2.blocks.3.attn.proj.bias', 'layers.2.blocks.3.norm2.weight', 'layers.2.blocks.3.norm2.bias', 'layers.2.blocks.3.mlp.fc1.weight', 'layers.2.blocks.3.mlp.fc1.bias', 'layers.2.blocks.3.mlp.fc2.weight', 'layers.2.blocks.3.mlp.fc2.bias', 'layers.2.blocks.4.norm1.weight', 'layers.2.blocks.4.norm1.bias', 'layers.2.blocks.4.attn.relative_position_bias_table', 'layers.2.blocks.4.attn.qkv.weight', 'layers.2.blocks.4.attn.qkv.bias', 'layers.2.blocks.4.attn.proj.weight', 'layers.2.blocks.4.attn.proj.bias', 'layers.2.blocks.4.norm2.weight', 'layers.2.blocks.4.norm2.bias', 'layers.2.blocks.4.mlp.fc1.weight', 'layers.2.blocks.4.mlp.fc1.bias', 'layers.2.blocks.4.mlp.fc2.weight', 'layers.2.blocks.4.mlp.fc2.bias', 'layers.2.blocks.5.norm1.weight', 'layers.2.blocks.5.norm1.bias', 'layers.2.blocks.5.attn.relative_position_bias_table', 'layers.2.blocks.5.attn.qkv.weight', 'layers.2.blocks.5.attn.qkv.bias', 'layers.2.blocks.5.attn.proj.weight', 'layers.2.blocks.5.attn.proj.bias', 'layers.2.blocks.5.norm2.weight', 'layers.2.blocks.5.norm2.bias', 'layers.2.blocks.5.mlp.fc1.weight', 'layers.2.blocks.5.mlp.fc1.bias', 'layers.2.blocks.5.mlp.fc2.weight', 'layers.2.blocks.5.mlp.fc2.bias', 'layers.2.downsample.reduction.weight', 'layers.2.downsample.norm.weight', 'layers.2.downsample.norm.bias', 'layers.3.blocks.0.norm1.weight', 'layers.3.blocks.0.norm1.bias', 'layers.3.blocks.0.attn.relative_position_bias_table', 'layers.3.blocks.0.attn.qkv.weight', 'layers.3.blocks.0.attn.qkv.bias', 'layers.3.blocks.0.attn.proj.weight', 'layers.3.blocks.0.attn.proj.bias', 'layers.3.blocks.0.norm2.weight', 'layers.3.blocks.0.norm2.bias', 'layers.3.blocks.0.mlp.fc1.weight', 'layers.3.blocks.0.mlp.fc1.bias', 'layers.3.blocks.0.mlp.fc2.weight', 'layers.3.blocks.0.mlp.fc2.bias', 'layers.3.blocks.1.norm1.weight', 'layers.3.blocks.1.norm1.bias', 'layers.3.blocks.1.attn.relative_position_bias_table', 'layers.3.blocks.1.attn.qkv.weight', 'layers.3.blocks.1.attn.qkv.bias', 'layers.3.blocks.1.attn.proj.weight', 'layers.3.blocks.1.attn.proj.bias', 'layers.3.blocks.1.norm2.weight', 'layers.3.blocks.1.norm2.bias', 'layers.3.blocks.1.mlp.fc1.weight', 'layers.3.blocks.1.mlp.fc1.bias', 'layers.3.blocks.1.mlp.fc2.weight', 'layers.3.blocks.1.mlp.fc2.bias', 'norm.weight', 'norm.bias'])
2024-07-23 19:57:13,661 - INFO - => loaded successfully '/home/nikoskot/earthnetThesis/swin_tiny_patch4_window7_224_22k.pth'
2024-07-23 19:57:13,935 - INFO - Starting training from from epoch 0
2024-07-23 19:57:14,320 - INFO - Epoch 0
-------------------------------
2024-07-23 19:57:14,320 - INFO - Learning Rate of group 0: 0.0002
2024-07-23 19:57:56,348 - INFO - Mean training loss: 29.69900793582201
2024-07-23 19:58:03,133 - INFO - Mean validation loss: 6.594651281833649
2024-07-23 19:58:04,471 - INFO - New best validation Loss 6.594651281833649, at epoch 0
2024-07-23 19:58:04,472 - INFO - Epoch 1
-------------------------------
2024-07-23 19:58:04,473 - INFO - Learning Rate of group 0: 0.0002
2024-07-23 19:58:44,956 - INFO - Mean training loss: 7.600062310695648
2024-07-23 19:58:51,825 - INFO - Mean validation loss: 0.7348140552639961
2024-07-23 19:58:53,184 - INFO - New best validation Loss 0.7348140552639961, at epoch 1
2024-07-23 19:58:53,185 - INFO - Epoch 2
-------------------------------
2024-07-23 19:58:53,185 - INFO - Learning Rate of group 0: 0.0002
2024-07-23 19:59:33,651 - INFO - Mean training loss: 1.5545672625303268
2024-07-23 19:59:40,612 - INFO - Mean validation loss: 0.30311398208141327
2024-07-23 19:59:41,905 - INFO - New best validation Loss 0.30311398208141327, at epoch 2
2024-07-23 19:59:41,907 - INFO - Epoch 3
-------------------------------
2024-07-23 19:59:41,907 - INFO - Learning Rate of group 0: 0.0002
2024-07-23 20:00:22,209 - INFO - Mean training loss: 0.9713128171861172
2024-07-23 20:00:29,150 - INFO - Mean validation loss: 0.2724372036755085
2024-07-23 20:00:30,505 - INFO - New best validation Loss 0.2724372036755085, at epoch 3
2024-07-23 20:00:30,506 - INFO - Epoch 4
-------------------------------
2024-07-23 20:00:30,507 - INFO - Learning Rate of group 0: 0.0002
2024-07-23 20:01:10,933 - INFO - Mean training loss: 0.8972742184996605
2024-07-23 20:01:17,562 - INFO - Mean validation loss: 0.24816163629293442
2024-07-23 20:01:18,828 - INFO - New best validation Loss 0.24816163629293442, at epoch 4
2024-07-23 20:01:18,828 - INFO - Epoch 5
-------------------------------
2024-07-23 20:01:18,829 - INFO - Learning Rate of group 0: 0.0002
2024-07-23 20:01:58,915 - INFO - Mean training loss: 0.85743204690516
2024-07-23 20:02:05,710 - INFO - Mean validation loss: 0.2406647652387619
2024-07-23 20:02:07,450 - INFO - New best validation Loss 0.2406647652387619, at epoch 5
2024-07-23 20:02:07,451 - INFO - Epoch 6
-------------------------------
2024-07-23 20:02:07,451 - INFO - Learning Rate of group 0: 0.0002
2024-07-23 20:02:47,306 - INFO - Mean training loss: 0.8433214090764523
2024-07-23 20:02:53,752 - INFO - Mean validation loss: 0.2383724208921194
2024-07-23 20:02:55,146 - INFO - New best validation Loss 0.2383724208921194, at epoch 6
2024-07-23 20:02:55,147 - INFO - Epoch 7
-------------------------------
2024-07-23 20:02:55,148 - INFO - Learning Rate of group 0: 0.0002
2024-07-23 20:03:34,830 - INFO - Mean training loss: 0.8355754297226667
2024-07-23 20:03:41,405 - INFO - Mean validation loss: 0.23694896325469017
2024-07-23 20:03:42,977 - INFO - New best validation Loss 0.23694896325469017, at epoch 7
2024-07-23 20:03:42,978 - INFO - Epoch 8
-------------------------------
2024-07-23 20:03:42,979 - INFO - Learning Rate of group 0: 0.0002
2024-07-23 20:04:22,703 - INFO - Mean training loss: 0.8291327487677336
2024-07-23 20:04:29,311 - INFO - Mean validation loss: 0.23544199205935
2024-07-23 20:04:30,637 - INFO - New best validation Loss 0.23544199205935, at epoch 8
2024-07-23 20:04:30,638 - INFO - Epoch 9
-------------------------------
2024-07-23 20:04:30,639 - INFO - Learning Rate of group 0: 0.0002
2024-07-23 20:05:11,176 - INFO - Mean training loss: 0.8237950131297112
2024-07-23 20:05:17,627 - INFO - Mean validation loss: 0.2335589248687029
2024-07-23 20:05:18,989 - INFO - New best validation Loss 0.2335589248687029, at epoch 9
2024-07-23 20:05:18,990 - INFO - Epoch 10
-------------------------------
2024-07-23 20:05:18,990 - INFO - Learning Rate of group 0: 0.0002
2024-07-23 20:05:58,687 - INFO - Mean training loss: 0.8186668064445257
2024-07-23 20:06:05,267 - INFO - Mean validation loss: 0.2317077089101076
2024-07-23 20:06:06,595 - INFO - New best validation Loss 0.2317077089101076, at epoch 10
2024-07-23 20:06:06,596 - INFO - Epoch 11
-------------------------------
2024-07-23 20:06:06,596 - INFO - Learning Rate of group 0: 0.0002
2024-07-23 20:06:47,077 - INFO - Mean training loss: 0.8132115788757801
2024-07-23 20:06:53,856 - INFO - Mean validation loss: 0.23050780408084393
2024-07-23 20:06:55,198 - INFO - New best validation Loss 0.23050780408084393, at epoch 11
2024-07-23 20:06:55,199 - INFO - Epoch 12
-------------------------------
2024-07-23 20:06:55,199 - INFO - Learning Rate of group 0: 0.0002
2024-07-23 20:07:34,985 - INFO - Mean training loss: 0.8081746622920036
2024-07-23 20:07:41,602 - INFO - Mean validation loss: 0.22932793013751507
2024-07-23 20:07:43,713 - INFO - New best validation Loss 0.22932793013751507, at epoch 12
2024-07-23 20:07:43,715 - INFO - Epoch 13
-------------------------------
2024-07-23 20:07:43,715 - INFO - Learning Rate of group 0: 0.0002
2024-07-23 20:08:24,273 - INFO - Mean training loss: 0.8033416122198105
2024-07-23 20:08:30,738 - INFO - Mean validation loss: 0.22799413837492466
2024-07-23 20:08:32,060 - INFO - New best validation Loss 0.22799413837492466, at epoch 13
2024-07-23 20:08:32,061 - INFO - Epoch 14
-------------------------------
2024-07-23 20:08:32,062 - INFO - Learning Rate of group 0: 0.0002
2024-07-23 20:09:12,163 - INFO - Mean training loss: 0.7985588163137436
2024-07-23 20:09:18,942 - INFO - Mean validation loss: 0.22681167908012867
2024-07-23 20:09:20,419 - INFO - New best validation Loss 0.22681167908012867, at epoch 14
2024-07-23 20:09:20,421 - INFO - Training Finished
