2024-07-15 22:14:37,522 - INFO - NOTE: Test overfit train
2024-07-15 22:14:38,403 - INFO - Starting training from from epoch 0
2024-07-15 22:14:38,749 - INFO - Epoch 0
-------------------------------
2024-07-15 22:14:40,125 - INFO - Mean training loss: 0.7523403093218803
2024-07-15 22:14:40,629 - INFO - Mean validation loss: 1.6687270998954773
2024-07-15 22:14:42,245 - INFO - New best validation Loss 1.6687270998954773, at epoch 0
2024-07-15 22:14:42,246 - INFO - Epoch 1
-------------------------------
2024-07-15 22:14:43,048 - INFO - Mean training loss: 6.122561275959015
2024-07-15 22:14:43,607 - INFO - Mean validation loss: 7.411558151245117
2024-07-15 22:14:43,608 - INFO - Epoch 2
-------------------------------
2024-07-15 22:14:44,405 - INFO - Mean training loss: 12.059660077095032
2024-07-15 22:14:44,963 - INFO - Mean validation loss: 6.556519508361816
2024-07-15 22:14:44,963 - INFO - Epoch 3
-------------------------------
2024-07-15 22:14:45,743 - INFO - Mean training loss: 16.590346038341522
2024-07-15 22:14:46,273 - INFO - Mean validation loss: 2.4369736909866333
2024-07-15 22:14:46,274 - INFO - Epoch 4
-------------------------------
2024-07-15 22:14:47,040 - INFO - Mean training loss: 4.946594953536987
2024-07-15 22:14:47,599 - INFO - Mean validation loss: 2.5216659903526306
2024-07-15 22:14:47,599 - INFO - Epoch 5
-------------------------------
2024-07-15 22:14:48,368 - INFO - Mean training loss: 2.6989845633506775
2024-07-15 22:14:48,916 - INFO - Mean validation loss: 0.7563312202692032
2024-07-15 22:14:50,522 - INFO - New best validation Loss 0.7563312202692032, at epoch 5
2024-07-15 22:14:50,523 - INFO - Epoch 6
-------------------------------
2024-07-15 22:14:51,290 - INFO - Mean training loss: 1.3630823343992233
2024-07-15 22:14:51,848 - INFO - Mean validation loss: 1.5260469317436218
2024-07-15 22:14:51,849 - INFO - Epoch 7
-------------------------------
2024-07-15 22:14:52,677 - INFO - Mean training loss: 1.1255802512168884
2024-07-15 22:14:53,234 - INFO - Mean validation loss: 0.9866271317005157
2024-07-15 22:14:53,234 - INFO - Epoch 8
-------------------------------
2024-07-15 22:14:53,991 - INFO - Mean training loss: 0.6943699866533279
2024-07-15 22:14:54,537 - INFO - Mean validation loss: 0.5753574073314667
2024-07-15 22:14:56,179 - INFO - New best validation Loss 0.5753574073314667, at epoch 8
2024-07-15 22:14:56,181 - INFO - Epoch 9
-------------------------------
2024-07-15 22:14:57,000 - INFO - Mean training loss: 0.6147387623786926
2024-07-15 22:14:57,561 - INFO - Mean validation loss: 0.5868453532457352
2024-07-15 22:14:57,561 - INFO - Epoch 10
-------------------------------
2024-07-15 22:14:58,301 - INFO - Mean training loss: 0.5346917361021042
2024-07-15 22:14:58,865 - INFO - Mean validation loss: 0.4297306537628174
2024-07-15 22:15:00,457 - INFO - New best validation Loss 0.4297306537628174, at epoch 10
2024-07-15 22:15:00,459 - INFO - Epoch 11
-------------------------------
2024-07-15 22:15:01,224 - INFO - Mean training loss: 0.5752886086702347
2024-07-15 22:15:01,778 - INFO - Mean validation loss: 0.6181430518627167
2024-07-15 22:15:01,779 - INFO - Epoch 12
-------------------------------
2024-07-15 22:15:02,548 - INFO - Mean training loss: 0.5216187238693237
2024-07-15 22:15:03,102 - INFO - Mean validation loss: 0.40340789407491684
2024-07-15 22:15:04,696 - INFO - New best validation Loss 0.40340789407491684, at epoch 12
2024-07-15 22:15:04,697 - INFO - Epoch 13
-------------------------------
2024-07-15 22:15:05,456 - INFO - Mean training loss: 0.49608179181814194
2024-07-15 22:15:06,020 - INFO - Mean validation loss: 2.2646183371543884
2024-07-15 22:15:06,021 - INFO - Epoch 14
-------------------------------
2024-07-15 22:15:06,775 - INFO - Mean training loss: 1.7598061263561249
2024-07-15 22:15:07,295 - INFO - Mean validation loss: 0.778657078742981
2024-07-15 22:15:07,296 - INFO - Epoch 15
-------------------------------
2024-07-15 22:15:08,061 - INFO - Mean training loss: 1.4936072826385498
2024-07-15 22:15:08,615 - INFO - Mean validation loss: 1.151897817850113
2024-07-15 22:15:08,615 - INFO - Epoch 16
-------------------------------
2024-07-15 22:15:09,338 - INFO - Mean training loss: 1.039757400751114
2024-07-15 22:15:09,900 - INFO - Mean validation loss: 0.5986060947179794
2024-07-15 22:15:09,900 - INFO - Epoch 17
-------------------------------
2024-07-15 22:15:10,667 - INFO - Mean training loss: 0.6141124069690704
2024-07-15 22:15:11,234 - INFO - Mean validation loss: 0.5534594655036926
2024-07-15 22:15:11,235 - INFO - Epoch 18
-------------------------------
2024-07-15 22:15:11,984 - INFO - Mean training loss: 0.45760397613048553
2024-07-15 22:15:12,542 - INFO - Mean validation loss: 0.43837541341781616
2024-07-15 22:15:12,543 - INFO - Epoch 19
-------------------------------
2024-07-15 22:15:13,329 - INFO - Mean training loss: 0.4170762896537781
2024-07-15 22:15:13,898 - INFO - Mean validation loss: 0.35729943215847015
2024-07-15 22:15:15,536 - INFO - New best validation Loss 0.35729943215847015, at epoch 19
2024-07-15 22:15:15,537 - INFO - Epoch 20
-------------------------------
2024-07-15 22:15:16,303 - INFO - Mean training loss: 0.35658641159534454
2024-07-15 22:15:16,855 - INFO - Mean validation loss: 0.3423914387822151
2024-07-15 22:15:18,515 - INFO - New best validation Loss 0.3423914387822151, at epoch 20
2024-07-15 22:15:18,516 - INFO - Epoch 21
-------------------------------
2024-07-15 22:15:19,279 - INFO - Mean training loss: 0.34198327362537384
2024-07-15 22:15:19,873 - INFO - Mean validation loss: 0.3365553170442581
2024-07-15 22:15:22,708 - INFO - New best validation Loss 0.3365553170442581, at epoch 21
2024-07-15 22:15:22,709 - INFO - Epoch 22
-------------------------------
2024-07-15 22:15:23,508 - INFO - Mean training loss: 0.3275194466114044
2024-07-15 22:15:24,063 - INFO - Mean validation loss: 0.3094494938850403
2024-07-15 22:15:25,633 - INFO - New best validation Loss 0.3094494938850403, at epoch 22
2024-07-15 22:15:25,635 - INFO - Epoch 23
-------------------------------
2024-07-15 22:15:26,391 - INFO - Mean training loss: 0.30695463716983795
2024-07-15 22:15:26,939 - INFO - Mean validation loss: 0.3019079267978668
2024-07-15 22:15:28,534 - INFO - New best validation Loss 0.3019079267978668, at epoch 23
2024-07-15 22:15:28,535 - INFO - Epoch 24
-------------------------------
2024-07-15 22:15:29,417 - INFO - Mean training loss: 0.3034631758928299
2024-07-15 22:15:30,003 - INFO - Mean validation loss: 0.3042009472846985
2024-07-15 22:15:30,003 - INFO - Epoch 25
-------------------------------
2024-07-15 22:15:30,756 - INFO - Mean training loss: 0.30536065995693207
2024-07-15 22:15:31,299 - INFO - Mean validation loss: 0.3008752018213272
2024-07-15 22:15:32,944 - INFO - New best validation Loss 0.3008752018213272, at epoch 25
2024-07-15 22:15:32,944 - INFO - Epoch 26
-------------------------------
2024-07-15 22:15:33,720 - INFO - Mean training loss: 0.3023410588502884
2024-07-15 22:15:34,255 - INFO - Mean validation loss: 0.3052918240427971
2024-07-15 22:15:34,255 - INFO - Epoch 27
-------------------------------
2024-07-15 22:15:35,014 - INFO - Mean training loss: 0.3035009875893593
2024-07-15 22:15:35,553 - INFO - Mean validation loss: 0.30491236597299576
2024-07-15 22:15:35,553 - INFO - Epoch 28
-------------------------------
2024-07-15 22:15:36,320 - INFO - Mean training loss: 0.2997914105653763
2024-07-15 22:15:36,871 - INFO - Mean validation loss: 0.28986067324876785
2024-07-15 22:15:38,483 - INFO - New best validation Loss 0.28986067324876785, at epoch 28
2024-07-15 22:15:38,485 - INFO - Epoch 29
-------------------------------
2024-07-15 22:15:39,273 - INFO - Mean training loss: 0.2936653271317482
2024-07-15 22:15:39,825 - INFO - Mean validation loss: 0.29164061695337296
2024-07-15 22:15:39,825 - INFO - Epoch 30
-------------------------------
2024-07-15 22:15:40,596 - INFO - Mean training loss: 0.290111780166626
2024-07-15 22:15:41,197 - INFO - Mean validation loss: 0.2866845428943634
2024-07-15 22:15:42,889 - INFO - New best validation Loss 0.2866845428943634, at epoch 30
2024-07-15 22:15:42,890 - INFO - Epoch 31
-------------------------------
2024-07-15 22:15:43,653 - INFO - Mean training loss: 0.2883114442229271
2024-07-15 22:15:44,201 - INFO - Mean validation loss: 0.29026808589696884
2024-07-15 22:15:44,201 - INFO - Epoch 32
-------------------------------
2024-07-15 22:15:44,949 - INFO - Mean training loss: 0.28822533041238785
2024-07-15 22:15:45,517 - INFO - Mean validation loss: 0.28537190705537796
2024-07-15 22:15:47,199 - INFO - New best validation Loss 0.28537190705537796, at epoch 32
2024-07-15 22:15:47,200 - INFO - Epoch 33
-------------------------------
2024-07-15 22:15:47,966 - INFO - Mean training loss: 0.28523411601781845
2024-07-15 22:15:48,518 - INFO - Mean validation loss: 0.2845354825258255
2024-07-15 22:15:50,262 - INFO - New best validation Loss 0.2845354825258255, at epoch 33
2024-07-15 22:15:50,264 - INFO - Epoch 34
-------------------------------
2024-07-15 22:15:51,065 - INFO - Mean training loss: 0.2838779538869858
2024-07-15 22:15:51,617 - INFO - Mean validation loss: 0.2793906405568123
2024-07-15 22:15:53,325 - INFO - New best validation Loss 0.2793906405568123, at epoch 34
2024-07-15 22:15:53,327 - INFO - Epoch 35
-------------------------------
2024-07-15 22:15:54,091 - INFO - Mean training loss: 0.27939850091934204
2024-07-15 22:15:54,650 - INFO - Mean validation loss: 0.2809005454182625
2024-07-15 22:15:54,651 - INFO - Epoch 36
-------------------------------
2024-07-15 22:15:55,431 - INFO - Mean training loss: 0.2806898057460785
2024-07-15 22:15:55,975 - INFO - Mean validation loss: 0.27829741686582565
2024-07-15 22:15:57,634 - INFO - New best validation Loss 0.27829741686582565, at epoch 36
2024-07-15 22:15:57,635 - INFO - Epoch 37
-------------------------------
2024-07-15 22:15:58,385 - INFO - Mean training loss: 0.2785174697637558
2024-07-15 22:15:58,917 - INFO - Mean validation loss: 0.27766894549131393
2024-07-15 22:16:00,518 - INFO - New best validation Loss 0.27766894549131393, at epoch 37
2024-07-15 22:16:00,519 - INFO - Epoch 38
-------------------------------
2024-07-15 22:16:01,281 - INFO - Mean training loss: 0.27696768939495087
2024-07-15 22:16:01,848 - INFO - Mean validation loss: 0.27529585361480713
2024-07-15 22:16:03,442 - INFO - New best validation Loss 0.27529585361480713, at epoch 38
2024-07-15 22:16:03,443 - INFO - Epoch 39
-------------------------------
2024-07-15 22:16:04,219 - INFO - Mean training loss: 0.27584392577409744
2024-07-15 22:16:04,777 - INFO - Mean validation loss: 0.27605170011520386
2024-07-15 22:16:04,778 - INFO - Epoch 40
-------------------------------
2024-07-15 22:16:05,544 - INFO - Mean training loss: 0.27551624178886414
2024-07-15 22:16:06,120 - INFO - Mean validation loss: 0.27423952519893646
2024-07-15 22:16:07,749 - INFO - New best validation Loss 0.27423952519893646, at epoch 40
2024-07-15 22:16:07,751 - INFO - Epoch 41
-------------------------------
2024-07-15 22:16:08,527 - INFO - Mean training loss: 0.274586483836174
2024-07-15 22:16:09,061 - INFO - Mean validation loss: 0.2750907316803932
2024-07-15 22:16:09,061 - INFO - Epoch 42
-------------------------------
2024-07-15 22:16:09,793 - INFO - Mean training loss: 0.274873748421669
2024-07-15 22:16:10,338 - INFO - Mean validation loss: 0.2740698456764221
2024-07-15 22:16:11,910 - INFO - New best validation Loss 0.2740698456764221, at epoch 42
2024-07-15 22:16:11,911 - INFO - Epoch 43
-------------------------------
2024-07-15 22:16:12,694 - INFO - Mean training loss: 0.274052157998085
2024-07-15 22:16:13,265 - INFO - Mean validation loss: 0.27439187467098236
2024-07-15 22:16:13,265 - INFO - Epoch 44
-------------------------------
2024-07-15 22:16:14,063 - INFO - Mean training loss: 0.27427875250577927
2024-07-15 22:16:14,626 - INFO - Mean validation loss: 0.2737540453672409
2024-07-15 22:16:16,211 - INFO - New best validation Loss 0.2737540453672409, at epoch 44
2024-07-15 22:16:16,211 - INFO - Epoch 45
-------------------------------
2024-07-15 22:16:16,996 - INFO - Mean training loss: 0.27392300218343735
2024-07-15 22:16:17,568 - INFO - Mean validation loss: 0.273954801261425
2024-07-15 22:16:17,569 - INFO - Epoch 46
-------------------------------
2024-07-15 22:16:18,373 - INFO - Mean training loss: 0.27380672097206116
2024-07-15 22:16:18,946 - INFO - Mean validation loss: 0.2736101672053337
2024-07-15 22:16:20,513 - INFO - New best validation Loss 0.2736101672053337, at epoch 46
2024-07-15 22:16:20,515 - INFO - Epoch 47
-------------------------------
2024-07-15 22:16:21,279 - INFO - Mean training loss: 0.2736858129501343
2024-07-15 22:16:21,834 - INFO - Mean validation loss: 0.27355893701314926
2024-07-15 22:16:23,440 - INFO - New best validation Loss 0.27355893701314926, at epoch 47
2024-07-15 22:16:23,441 - INFO - Epoch 48
-------------------------------
2024-07-15 22:16:24,239 - INFO - Mean training loss: 0.27355463057756424
2024-07-15 22:16:24,812 - INFO - Mean validation loss: 0.2734813690185547
2024-07-15 22:16:26,443 - INFO - New best validation Loss 0.2734813690185547, at epoch 48
2024-07-15 22:16:26,444 - INFO - Epoch 49
-------------------------------
2024-07-15 22:16:27,205 - INFO - Mean training loss: 0.27346083521842957
2024-07-15 22:16:27,736 - INFO - Mean validation loss: 0.27329519391059875
2024-07-15 22:16:29,382 - INFO - New best validation Loss 0.27329519391059875, at epoch 49
2024-07-15 22:16:29,383 - INFO - Epoch 50
-------------------------------
2024-07-15 22:16:30,174 - INFO - Mean training loss: 0.2732934281229973
2024-07-15 22:16:30,927 - INFO - Mean validation loss: 0.27326855063438416
2024-07-15 22:16:32,577 - INFO - New best validation Loss 0.27326855063438416, at epoch 50
2024-07-15 22:16:32,579 - INFO - Epoch 51
-------------------------------
2024-07-15 22:16:33,359 - INFO - Mean training loss: 0.2732754424214363
2024-07-15 22:16:33,923 - INFO - Mean validation loss: 0.27312836050987244
2024-07-15 22:16:35,521 - INFO - New best validation Loss 0.27312836050987244, at epoch 51
2024-07-15 22:16:35,522 - INFO - Epoch 52
-------------------------------
2024-07-15 22:16:36,317 - INFO - Mean training loss: 0.2731599733233452
2024-07-15 22:16:36,893 - INFO - Mean validation loss: 0.2730446755886078
2024-07-15 22:16:38,522 - INFO - New best validation Loss 0.2730446755886078, at epoch 52
2024-07-15 22:16:38,523 - INFO - Epoch 53
-------------------------------
2024-07-15 22:16:39,306 - INFO - Mean training loss: 0.2730387672781944
2024-07-15 22:16:39,884 - INFO - Mean validation loss: 0.27297045290470123
2024-07-15 22:16:41,504 - INFO - New best validation Loss 0.27297045290470123, at epoch 53
2024-07-15 22:16:41,505 - INFO - Epoch 54
-------------------------------
2024-07-15 22:16:42,262 - INFO - Mean training loss: 0.2729886546730995
2024-07-15 22:16:42,816 - INFO - Mean validation loss: 0.27286289632320404
2024-07-15 22:16:44,448 - INFO - New best validation Loss 0.27286289632320404, at epoch 54
2024-07-15 22:16:44,450 - INFO - Epoch 55
-------------------------------
2024-07-15 22:16:45,230 - INFO - Mean training loss: 0.2728883624076843
2024-07-15 22:16:45,772 - INFO - Mean validation loss: 0.2727906331419945
2024-07-15 22:16:47,415 - INFO - New best validation Loss 0.2727906331419945, at epoch 55
2024-07-15 22:16:47,416 - INFO - Epoch 56
-------------------------------
2024-07-15 22:16:48,184 - INFO - Mean training loss: 0.27278704941272736
2024-07-15 22:16:48,762 - INFO - Mean validation loss: 0.27270881831645966
2024-07-15 22:16:50,792 - INFO - New best validation Loss 0.27270881831645966, at epoch 56
2024-07-15 22:16:50,793 - INFO - Epoch 57
-------------------------------
2024-07-15 22:16:51,554 - INFO - Mean training loss: 0.27272966504096985
2024-07-15 22:16:52,078 - INFO - Mean validation loss: 0.272618904709816
2024-07-15 22:16:54,073 - INFO - New best validation Loss 0.272618904709816, at epoch 57
2024-07-15 22:16:54,074 - INFO - Epoch 58
-------------------------------
2024-07-15 22:16:54,862 - INFO - Mean training loss: 0.27264054864645004
2024-07-15 22:16:55,402 - INFO - Mean validation loss: 0.27254442125558853
2024-07-15 22:16:57,506 - INFO - New best validation Loss 0.27254442125558853, at epoch 58
2024-07-15 22:16:57,507 - INFO - Epoch 59
-------------------------------
2024-07-15 22:16:58,285 - INFO - Mean training loss: 0.272553488612175
2024-07-15 22:16:58,823 - INFO - Mean validation loss: 0.2724643647670746
2024-07-15 22:17:00,763 - INFO - New best validation Loss 0.2724643647670746, at epoch 59
2024-07-15 22:17:00,764 - INFO - Epoch 60
-------------------------------
2024-07-15 22:17:01,517 - INFO - Mean training loss: 0.2724870294332504
2024-07-15 22:17:02,044 - INFO - Mean validation loss: 0.2723831608891487
2024-07-15 22:17:03,656 - INFO - New best validation Loss 0.2723831608891487, at epoch 60
2024-07-15 22:17:03,657 - INFO - Epoch 61
-------------------------------
2024-07-15 22:17:04,441 - INFO - Mean training loss: 0.2724046930670738
2024-07-15 22:17:05,025 - INFO - Mean validation loss: 0.2723083421587944
2024-07-15 22:17:06,648 - INFO - New best validation Loss 0.2723083421587944, at epoch 61
2024-07-15 22:17:06,649 - INFO - Epoch 62
-------------------------------
2024-07-15 22:17:07,422 - INFO - Mean training loss: 0.27232295274734497
2024-07-15 22:17:07,957 - INFO - Mean validation loss: 0.27223364263772964
2024-07-15 22:17:09,539 - INFO - New best validation Loss 0.27223364263772964, at epoch 62
2024-07-15 22:17:09,540 - INFO - Epoch 63
-------------------------------
2024-07-15 22:17:10,309 - INFO - Mean training loss: 0.2722562998533249
2024-07-15 22:17:10,861 - INFO - Mean validation loss: 0.2721600830554962
2024-07-15 22:17:12,460 - INFO - New best validation Loss 0.2721600830554962, at epoch 63
2024-07-15 22:17:12,462 - INFO - Epoch 64
-------------------------------
2024-07-15 22:17:13,242 - INFO - Mean training loss: 0.2721790224313736
2024-07-15 22:17:13,801 - INFO - Mean validation loss: 0.27208635956048965
2024-07-15 22:17:15,800 - INFO - New best validation Loss 0.27208635956048965, at epoch 64
2024-07-15 22:17:15,802 - INFO - Epoch 65
-------------------------------
2024-07-15 22:17:16,560 - INFO - Mean training loss: 0.2721044793725014
2024-07-15 22:17:17,112 - INFO - Mean validation loss: 0.272013820707798
2024-07-15 22:17:18,714 - INFO - New best validation Loss 0.272013820707798, at epoch 65
2024-07-15 22:17:18,715 - INFO - Epoch 66
-------------------------------
2024-07-15 22:17:19,495 - INFO - Mean training loss: 0.272036649286747
2024-07-15 22:17:20,063 - INFO - Mean validation loss: 0.2719426527619362
2024-07-15 22:17:21,953 - INFO - New best validation Loss 0.2719426527619362, at epoch 66
2024-07-15 22:17:21,954 - INFO - Epoch 67
-------------------------------
2024-07-15 22:17:22,708 - INFO - Mean training loss: 0.27196303755044937
2024-07-15 22:17:23,242 - INFO - Mean validation loss: 0.27187079191207886
2024-07-15 22:17:24,823 - INFO - New best validation Loss 0.27187079191207886, at epoch 67
2024-07-15 22:17:24,825 - INFO - Epoch 68
-------------------------------
2024-07-15 22:17:25,621 - INFO - Mean training loss: 0.27189353853464127
2024-07-15 22:17:26,171 - INFO - Mean validation loss: 0.27179964631795883
2024-07-15 22:17:27,765 - INFO - New best validation Loss 0.27179964631795883, at epoch 68
2024-07-15 22:17:27,766 - INFO - Epoch 69
-------------------------------
2024-07-15 22:17:28,520 - INFO - Mean training loss: 0.2718197852373123
2024-07-15 22:17:29,060 - INFO - Mean validation loss: 0.27172810584306717
2024-07-15 22:17:31,189 - INFO - New best validation Loss 0.27172810584306717, at epoch 69
2024-07-15 22:17:31,190 - INFO - Epoch 70
-------------------------------
2024-07-15 22:17:31,943 - INFO - Mean training loss: 0.2717297375202179
2024-07-15 22:17:32,486 - INFO - Mean validation loss: 0.27172069251537323
2024-07-15 22:17:34,454 - INFO - New best validation Loss 0.27172069251537323, at epoch 70
2024-07-15 22:17:34,455 - INFO - Epoch 71
-------------------------------
2024-07-15 22:17:35,225 - INFO - Mean training loss: 0.27172280848026276
2024-07-15 22:17:35,770 - INFO - Mean validation loss: 0.2717137485742569
2024-07-15 22:17:37,408 - INFO - New best validation Loss 0.2717137485742569, at epoch 71
2024-07-15 22:17:37,410 - INFO - Epoch 72
-------------------------------
2024-07-15 22:17:38,171 - INFO - Mean training loss: 0.2717154994606972
2024-07-15 22:17:38,716 - INFO - Mean validation loss: 0.27170679718255997
2024-07-15 22:17:40,728 - INFO - New best validation Loss 0.27170679718255997, at epoch 72
2024-07-15 22:17:40,729 - INFO - Epoch 73
-------------------------------
2024-07-15 22:17:41,515 - INFO - Mean training loss: 0.2717088311910629
2024-07-15 22:17:42,100 - INFO - Mean validation loss: 0.2716999650001526
2024-07-15 22:17:44,108 - INFO - New best validation Loss 0.2716999650001526, at epoch 73
2024-07-15 22:17:44,109 - INFO - Epoch 74
-------------------------------
2024-07-15 22:17:44,873 - INFO - Mean training loss: 0.27170196175575256
2024-07-15 22:17:45,418 - INFO - Mean validation loss: 0.27169283479452133
2024-07-15 22:17:47,378 - INFO - New best validation Loss 0.27169283479452133, at epoch 74
2024-07-15 22:17:47,379 - INFO - Epoch 75
-------------------------------
2024-07-15 22:17:48,159 - INFO - Mean training loss: 0.27169452607631683
2024-07-15 22:17:48,719 - INFO - Mean validation loss: 0.27168557792901993
2024-07-15 22:17:50,329 - INFO - New best validation Loss 0.27168557792901993, at epoch 75
2024-07-15 22:17:50,330 - INFO - Epoch 76
-------------------------------
2024-07-15 22:17:51,107 - INFO - Mean training loss: 0.27168799191713333
2024-07-15 22:17:51,669 - INFO - Mean validation loss: 0.2716778814792633
2024-07-15 22:17:53,646 - INFO - New best validation Loss 0.2716778814792633, at epoch 76
2024-07-15 22:17:53,647 - INFO - Epoch 77
-------------------------------
2024-07-15 22:17:54,406 - INFO - Mean training loss: 0.27167946100234985
2024-07-15 22:17:54,995 - INFO - Mean validation loss: 0.27167077362537384
2024-07-15 22:17:56,929 - INFO - New best validation Loss 0.27167077362537384, at epoch 77
2024-07-15 22:17:56,932 - INFO - Epoch 78
-------------------------------
2024-07-15 22:17:57,699 - INFO - Mean training loss: 0.27167312800884247
2024-07-15 22:17:58,219 - INFO - Mean validation loss: 0.2716631516814232
2024-07-15 22:18:00,201 - INFO - New best validation Loss 0.2716631516814232, at epoch 78
2024-07-15 22:18:00,202 - INFO - Epoch 79
-------------------------------
2024-07-15 22:18:00,979 - INFO - Mean training loss: 0.27166467905044556
2024-07-15 22:18:01,552 - INFO - Mean validation loss: 0.27165573090314865
2024-07-15 22:18:03,438 - INFO - New best validation Loss 0.27165573090314865, at epoch 79
2024-07-15 22:18:03,439 - INFO - Epoch 80
-------------------------------
2024-07-15 22:18:04,204 - INFO - Mean training loss: 0.27165836095809937
2024-07-15 22:18:04,747 - INFO - Mean validation loss: 0.27164847403764725
2024-07-15 22:18:06,339 - INFO - New best validation Loss 0.27164847403764725, at epoch 80
2024-07-15 22:18:06,340 - INFO - Epoch 81
-------------------------------
2024-07-15 22:18:07,101 - INFO - Mean training loss: 0.2716502770781517
2024-07-15 22:18:07,695 - INFO - Mean validation loss: 0.2716403305530548
2024-07-15 22:18:09,324 - INFO - New best validation Loss 0.2716403305530548, at epoch 81
2024-07-15 22:18:09,326 - INFO - Epoch 82
-------------------------------
2024-07-15 22:18:10,120 - INFO - Mean training loss: 0.27164316177368164
2024-07-15 22:18:10,694 - INFO - Mean validation loss: 0.2716330885887146
2024-07-15 22:18:12,269 - INFO - New best validation Loss 0.2716330885887146, at epoch 82
2024-07-15 22:18:12,270 - INFO - Epoch 83
-------------------------------
2024-07-15 22:18:13,079 - INFO - Mean training loss: 0.2716354578733444
2024-07-15 22:18:13,639 - INFO - Mean validation loss: 0.27162548899650574
2024-07-15 22:18:15,210 - INFO - New best validation Loss 0.27162548899650574, at epoch 83
2024-07-15 22:18:15,211 - INFO - Epoch 84
-------------------------------
2024-07-15 22:18:15,983 - INFO - Mean training loss: 0.27162735164165497
2024-07-15 22:18:16,573 - INFO - Mean validation loss: 0.27161795645952225
2024-07-15 22:18:18,175 - INFO - New best validation Loss 0.27161795645952225, at epoch 84
2024-07-15 22:18:18,176 - INFO - Epoch 85
-------------------------------
2024-07-15 22:18:18,964 - INFO - Mean training loss: 0.2716197222471237
2024-07-15 22:18:19,539 - INFO - Mean validation loss: 0.2716105282306671
2024-07-15 22:18:21,164 - INFO - New best validation Loss 0.2716105282306671, at epoch 85
2024-07-15 22:18:21,166 - INFO - Epoch 86
-------------------------------
2024-07-15 22:18:21,920 - INFO - Mean training loss: 0.2716127783060074
2024-07-15 22:18:22,489 - INFO - Mean validation loss: 0.2716023772954941
2024-07-15 22:18:24,089 - INFO - New best validation Loss 0.2716023772954941, at epoch 86
2024-07-15 22:18:24,090 - INFO - Epoch 87
-------------------------------
2024-07-15 22:18:24,864 - INFO - Mean training loss: 0.27160437405109406
2024-07-15 22:18:25,486 - INFO - Mean validation loss: 0.27159441262483597
2024-07-15 22:18:27,440 - INFO - New best validation Loss 0.27159441262483597, at epoch 87
2024-07-15 22:18:27,441 - INFO - Epoch 88
-------------------------------
2024-07-15 22:18:28,233 - INFO - Mean training loss: 0.27159665524959564
2024-07-15 22:18:28,778 - INFO - Mean validation loss: 0.27158690989017487
2024-07-15 22:18:30,753 - INFO - New best validation Loss 0.27158690989017487, at epoch 88
2024-07-15 22:18:30,753 - INFO - Epoch 89
-------------------------------
2024-07-15 22:18:31,515 - INFO - Mean training loss: 0.2715889662504196
2024-07-15 22:18:32,064 - INFO - Mean validation loss: 0.27157920598983765
2024-07-15 22:18:34,029 - INFO - New best validation Loss 0.27157920598983765, at epoch 89
2024-07-15 22:18:34,031 - INFO - Epoch 90
-------------------------------
2024-07-15 22:18:34,814 - INFO - Mean training loss: 0.27157947421073914
2024-07-15 22:18:35,395 - INFO - Mean validation loss: 0.27157852053642273
2024-07-15 22:18:37,003 - INFO - New best validation Loss 0.27157852053642273, at epoch 90
2024-07-15 22:18:37,004 - INFO - Epoch 91
-------------------------------
2024-07-15 22:18:37,825 - INFO - Mean training loss: 0.2715785950422287
2024-07-15 22:18:38,426 - INFO - Mean validation loss: 0.27157774567604065
2024-07-15 22:18:40,017 - INFO - New best validation Loss 0.27157774567604065, at epoch 91
2024-07-15 22:18:40,018 - INFO - Epoch 92
-------------------------------
2024-07-15 22:18:40,776 - INFO - Mean training loss: 0.27157797664403915
2024-07-15 22:18:41,314 - INFO - Mean validation loss: 0.271576851606369
2024-07-15 22:18:42,921 - INFO - New best validation Loss 0.271576851606369, at epoch 92
2024-07-15 22:18:42,922 - INFO - Epoch 93
-------------------------------
2024-07-15 22:18:43,692 - INFO - Mean training loss: 0.2715770825743675
2024-07-15 22:18:44,213 - INFO - Mean validation loss: 0.27157625555992126
2024-07-15 22:18:45,840 - INFO - New best validation Loss 0.27157625555992126, at epoch 93
2024-07-15 22:18:45,841 - INFO - Epoch 94
-------------------------------
2024-07-15 22:18:46,619 - INFO - Mean training loss: 0.271576464176178
2024-07-15 22:18:47,170 - INFO - Mean validation loss: 0.271575465798378
2024-07-15 22:18:48,748 - INFO - New best validation Loss 0.271575465798378, at epoch 94
2024-07-15 22:18:48,749 - INFO - Epoch 95
-------------------------------
2024-07-15 22:18:49,539 - INFO - Mean training loss: 0.2715756967663765
2024-07-15 22:18:50,103 - INFO - Mean validation loss: 0.2715747207403183
2024-07-15 22:18:52,342 - INFO - New best validation Loss 0.2715747207403183, at epoch 95
2024-07-15 22:18:52,343 - INFO - Epoch 96
-------------------------------
2024-07-15 22:18:53,121 - INFO - Mean training loss: 0.27157487720251083
2024-07-15 22:18:53,660 - INFO - Mean validation loss: 0.2715739980340004
2024-07-15 22:18:55,279 - INFO - New best validation Loss 0.2715739980340004, at epoch 96
2024-07-15 22:18:55,280 - INFO - Epoch 97
-------------------------------
2024-07-15 22:18:56,053 - INFO - Mean training loss: 0.27157412469387054
2024-07-15 22:18:56,629 - INFO - Mean validation loss: 0.27157315611839294
2024-07-15 22:18:58,264 - INFO - New best validation Loss 0.27157315611839294, at epoch 97
2024-07-15 22:18:58,266 - INFO - Epoch 98
-------------------------------
2024-07-15 22:18:59,061 - INFO - Mean training loss: 0.2715733200311661
2024-07-15 22:18:59,615 - INFO - Mean validation loss: 0.2715722918510437
2024-07-15 22:19:01,177 - INFO - New best validation Loss 0.2715722918510437, at epoch 98
2024-07-15 22:19:01,177 - INFO - Epoch 99
-------------------------------
2024-07-15 22:19:01,955 - INFO - Mean training loss: 0.27157240360975266
2024-07-15 22:19:02,507 - INFO - Mean validation loss: 0.27157147228717804
2024-07-15 22:19:04,092 - INFO - New best validation Loss 0.27157147228717804, at epoch 99
2024-07-15 22:19:04,093 - INFO - Epoch 100
-------------------------------
2024-07-15 22:19:04,860 - INFO - Mean training loss: 0.2715715169906616
2024-07-15 22:19:05,392 - INFO - Mean validation loss: 0.27157068252563477
2024-07-15 22:19:06,989 - INFO - New best validation Loss 0.27157068252563477, at epoch 100
2024-07-15 22:19:06,990 - INFO - Epoch 101
-------------------------------
2024-07-15 22:19:07,777 - INFO - Mean training loss: 0.27157092839479446
2024-07-15 22:19:08,344 - INFO - Mean validation loss: 0.2715699002146721
2024-07-15 22:19:09,923 - INFO - New best validation Loss 0.2715699002146721, at epoch 101
2024-07-15 22:19:09,924 - INFO - Epoch 102
-------------------------------
2024-07-15 22:19:10,703 - INFO - Mean training loss: 0.27157000452280045
2024-07-15 22:19:11,243 - INFO - Mean validation loss: 0.27156899869441986
2024-07-15 22:19:12,835 - INFO - New best validation Loss 0.27156899869441986, at epoch 102
2024-07-15 22:19:12,836 - INFO - Epoch 103
-------------------------------
2024-07-15 22:19:13,607 - INFO - Mean training loss: 0.2715691104531288
2024-07-15 22:19:14,185 - INFO - Mean validation loss: 0.2715681195259094
2024-07-15 22:19:15,800 - INFO - New best validation Loss 0.2715681195259094, at epoch 103
2024-07-15 22:19:15,801 - INFO - Epoch 104
-------------------------------
2024-07-15 22:19:16,578 - INFO - Mean training loss: 0.2715684473514557
2024-07-15 22:19:17,105 - INFO - Mean validation loss: 0.27156731486320496
2024-07-15 22:19:18,691 - INFO - New best validation Loss 0.27156731486320496, at epoch 104
2024-07-15 22:19:18,692 - INFO - Epoch 105
-------------------------------
2024-07-15 22:19:19,497 - INFO - Mean training loss: 0.27156732231378555
2024-07-15 22:19:20,049 - INFO - Mean validation loss: 0.2715664803981781
2024-07-15 22:19:21,651 - INFO - New best validation Loss 0.2715664803981781, at epoch 105
2024-07-15 22:19:21,652 - INFO - Epoch 106
-------------------------------
2024-07-15 22:19:22,415 - INFO - Mean training loss: 0.271566778421402
2024-07-15 22:19:22,985 - INFO - Mean validation loss: 0.27156563103199005
2024-07-15 22:19:24,726 - INFO - New best validation Loss 0.27156563103199005, at epoch 106
2024-07-15 22:19:24,729 - INFO - Epoch 107
-------------------------------
2024-07-15 22:19:25,505 - INFO - Mean training loss: 0.2715659365057945
2024-07-15 22:19:26,065 - INFO - Mean validation loss: 0.27156462520360947
2024-07-15 22:19:27,695 - INFO - New best validation Loss 0.27156462520360947, at epoch 107
2024-07-15 22:19:27,696 - INFO - Epoch 108
-------------------------------
2024-07-15 22:19:28,481 - INFO - Mean training loss: 0.27156518399715424
2024-07-15 22:19:29,031 - INFO - Mean validation loss: 0.27156370133161545
2024-07-15 22:19:30,611 - INFO - New best validation Loss 0.27156370133161545, at epoch 108
2024-07-15 22:19:30,612 - INFO - Epoch 109
-------------------------------
2024-07-15 22:19:31,371 - INFO - Mean training loss: 0.27156396210193634
2024-07-15 22:19:31,925 - INFO - Mean validation loss: 0.27156277000904083
2024-07-15 22:19:33,511 - INFO - New best validation Loss 0.27156277000904083, at epoch 109
2024-07-15 22:19:33,512 - INFO - Epoch 110
-------------------------------
2024-07-15 22:19:34,295 - INFO - Mean training loss: 0.27156292647123337
2024-07-15 22:19:34,840 - INFO - Mean validation loss: 0.2715621218085289
2024-07-15 22:19:36,425 - INFO - New best validation Loss 0.2715621218085289, at epoch 110
2024-07-15 22:19:36,427 - INFO - Epoch 111
-------------------------------
2024-07-15 22:19:37,203 - INFO - Mean training loss: 0.27156221866607666
2024-07-15 22:19:37,755 - INFO - Mean validation loss: 0.27156101167201996
2024-07-15 22:19:39,321 - INFO - New best validation Loss 0.27156101167201996, at epoch 111
2024-07-15 22:19:39,322 - INFO - Epoch 112
-------------------------------
2024-07-15 22:19:40,094 - INFO - Mean training loss: 0.27156123518943787
2024-07-15 22:19:40,633 - INFO - Mean validation loss: 0.2715601846575737
2024-07-15 22:19:42,239 - INFO - New best validation Loss 0.2715601846575737, at epoch 112
2024-07-15 22:19:42,239 - INFO - Epoch 113
-------------------------------
2024-07-15 22:19:43,026 - INFO - Mean training loss: 0.2715604528784752
2024-07-15 22:19:43,598 - INFO - Mean validation loss: 0.271559402346611
2024-07-15 22:19:45,200 - INFO - New best validation Loss 0.271559402346611, at epoch 113
2024-07-15 22:19:45,201 - INFO - Epoch 114
-------------------------------
2024-07-15 22:19:45,983 - INFO - Mean training loss: 0.2715596780180931
2024-07-15 22:19:46,538 - INFO - Mean validation loss: 0.2715585380792618
2024-07-15 22:19:48,101 - INFO - New best validation Loss 0.2715585380792618, at epoch 114
2024-07-15 22:19:48,103 - INFO - Epoch 115
-------------------------------
2024-07-15 22:19:48,938 - INFO - Mean training loss: 0.2715589478611946
2024-07-15 22:19:49,519 - INFO - Mean validation loss: 0.2715577259659767
2024-07-15 22:19:51,088 - INFO - New best validation Loss 0.2715577259659767, at epoch 115
2024-07-15 22:19:51,089 - INFO - Epoch 116
-------------------------------
2024-07-15 22:19:51,887 - INFO - Mean training loss: 0.27155786752700806
2024-07-15 22:19:52,460 - INFO - Mean validation loss: 0.27155651897192
2024-07-15 22:19:54,024 - INFO - New best validation Loss 0.27155651897192, at epoch 116
2024-07-15 22:19:54,025 - INFO - Epoch 117
-------------------------------
2024-07-15 22:19:54,772 - INFO - Mean training loss: 0.2715567648410797
2024-07-15 22:19:55,322 - INFO - Mean validation loss: 0.27155566215515137
2024-07-15 22:19:56,906 - INFO - New best validation Loss 0.27155566215515137, at epoch 117
2024-07-15 22:19:56,907 - INFO - Epoch 118
-------------------------------
2024-07-15 22:19:57,690 - INFO - Mean training loss: 0.27155590057373047
2024-07-15 22:19:58,268 - INFO - Mean validation loss: 0.27155495434999466
2024-07-15 22:19:59,874 - INFO - New best validation Loss 0.27155495434999466, at epoch 118
2024-07-15 22:19:59,876 - INFO - Epoch 119
-------------------------------
2024-07-15 22:20:00,634 - INFO - Mean training loss: 0.2715550884604454
2024-07-15 22:20:01,171 - INFO - Mean validation loss: 0.27155395597219467
2024-07-15 22:20:02,741 - INFO - New best validation Loss 0.27155395597219467, at epoch 119
2024-07-15 22:20:02,742 - INFO - Epoch 120
-------------------------------
2024-07-15 22:20:03,517 - INFO - Mean training loss: 0.27155403047800064
2024-07-15 22:20:04,056 - INFO - Mean validation loss: 0.27155298739671707
2024-07-15 22:20:05,644 - INFO - New best validation Loss 0.27155298739671707, at epoch 120
2024-07-15 22:20:05,645 - INFO - Epoch 121
-------------------------------
2024-07-15 22:20:06,398 - INFO - Mean training loss: 0.271553099155426
2024-07-15 22:20:06,968 - INFO - Mean validation loss: 0.27155208587646484
2024-07-15 22:20:08,534 - INFO - New best validation Loss 0.27155208587646484, at epoch 121
2024-07-15 22:20:08,535 - INFO - Epoch 122
-------------------------------
2024-07-15 22:20:09,320 - INFO - Mean training loss: 0.27155236154794693
2024-07-15 22:20:09,858 - INFO - Mean validation loss: 0.2715511992573738
2024-07-15 22:20:11,450 - INFO - New best validation Loss 0.2715511992573738, at epoch 122
2024-07-15 22:20:11,451 - INFO - Epoch 123
-------------------------------
2024-07-15 22:20:12,228 - INFO - Mean training loss: 0.27155129611492157
2024-07-15 22:20:12,777 - INFO - Mean validation loss: 0.271550215780735
2024-07-15 22:20:14,366 - INFO - New best validation Loss 0.271550215780735, at epoch 123
2024-07-15 22:20:14,368 - INFO - Epoch 124
-------------------------------
2024-07-15 22:20:15,168 - INFO - Mean training loss: 0.27155040204524994
2024-07-15 22:20:15,715 - INFO - Mean validation loss: 0.2715493366122246
2024-07-15 22:20:17,291 - INFO - New best validation Loss 0.2715493366122246, at epoch 124
2024-07-15 22:20:17,292 - INFO - Epoch 125
-------------------------------
2024-07-15 22:20:18,082 - INFO - Mean training loss: 0.27154939621686935
2024-07-15 22:20:18,654 - INFO - Mean validation loss: 0.2715485841035843
2024-07-15 22:20:20,641 - INFO - New best validation Loss 0.2715485841035843, at epoch 125
2024-07-15 22:20:20,642 - INFO - Epoch 126
-------------------------------
2024-07-15 22:20:21,433 - INFO - Mean training loss: 0.27154868096113205
2024-07-15 22:20:21,994 - INFO - Mean validation loss: 0.27154743671417236
2024-07-15 22:20:23,628 - INFO - New best validation Loss 0.27154743671417236, at epoch 126
2024-07-15 22:20:23,629 - INFO - Epoch 127
-------------------------------
2024-07-15 22:20:24,813 - INFO - Mean training loss: 0.27154771983623505
2024-07-15 22:20:25,357 - INFO - Mean validation loss: 0.27154646813869476
2024-07-15 22:20:26,949 - INFO - New best validation Loss 0.27154646813869476, at epoch 127
2024-07-15 22:20:26,950 - INFO - Epoch 128
-------------------------------
2024-07-15 22:20:27,752 - INFO - Mean training loss: 0.27154690772295
2024-07-15 22:20:28,300 - INFO - Mean validation loss: 0.27154554426670074
2024-07-15 22:20:29,877 - INFO - New best validation Loss 0.27154554426670074, at epoch 128
2024-07-15 22:20:29,878 - INFO - Epoch 129
-------------------------------
2024-07-15 22:20:30,635 - INFO - Mean training loss: 0.2715458646416664
2024-07-15 22:20:31,164 - INFO - Mean validation loss: 0.2715445011854172
2024-07-15 22:20:33,147 - INFO - New best validation Loss 0.2715445011854172, at epoch 129
2024-07-15 22:20:33,148 - INFO - Epoch 130
-------------------------------
2024-07-15 22:20:33,922 - INFO - Mean training loss: 0.2715447321534157
2024-07-15 22:20:34,491 - INFO - Mean validation loss: 0.27154354751110077
2024-07-15 22:20:36,088 - INFO - New best validation Loss 0.27154354751110077, at epoch 130
2024-07-15 22:20:36,089 - INFO - Epoch 131
-------------------------------
2024-07-15 22:20:36,882 - INFO - Mean training loss: 0.2715440094470978
2024-07-15 22:20:37,467 - INFO - Mean validation loss: 0.27154263108968735
2024-07-15 22:20:39,049 - INFO - New best validation Loss 0.27154263108968735, at epoch 131
2024-07-15 22:20:39,051 - INFO - Epoch 132
-------------------------------
2024-07-15 22:20:39,839 - INFO - Mean training loss: 0.27154289186000824
2024-07-15 22:20:40,405 - INFO - Mean validation loss: 0.27154146134853363
2024-07-15 22:20:41,998 - INFO - New best validation Loss 0.27154146134853363, at epoch 132
2024-07-15 22:20:41,999 - INFO - Epoch 133
-------------------------------
2024-07-15 22:20:42,773 - INFO - Mean training loss: 0.27154189348220825
2024-07-15 22:20:43,333 - INFO - Mean validation loss: 0.27154047042131424
2024-07-15 22:20:44,891 - INFO - New best validation Loss 0.27154047042131424, at epoch 133
2024-07-15 22:20:44,892 - INFO - Epoch 134
-------------------------------
2024-07-15 22:20:45,682 - INFO - Mean training loss: 0.27154089510440826
2024-07-15 22:20:46,234 - INFO - Mean validation loss: 0.2715393453836441
2024-07-15 22:20:47,828 - INFO - New best validation Loss 0.2715393453836441, at epoch 134
2024-07-15 22:20:47,829 - INFO - Epoch 135
-------------------------------
2024-07-15 22:20:48,630 - INFO - Mean training loss: 0.2715396210551262
2024-07-15 22:20:49,191 - INFO - Mean validation loss: 0.2715384364128113
2024-07-15 22:20:50,762 - INFO - New best validation Loss 0.2715384364128113, at epoch 135
2024-07-15 22:20:50,764 - INFO - Epoch 136
-------------------------------
2024-07-15 22:20:51,533 - INFO - Mean training loss: 0.27153874933719635
2024-07-15 22:20:52,063 - INFO - Mean validation loss: 0.2715374529361725
2024-07-15 22:20:53,613 - INFO - New best validation Loss 0.2715374529361725, at epoch 136
2024-07-15 22:20:53,614 - INFO - Epoch 137
-------------------------------
2024-07-15 22:20:54,372 - INFO - Mean training loss: 0.27153758704662323
2024-07-15 22:20:54,934 - INFO - Mean validation loss: 0.2715364694595337
2024-07-15 22:20:56,890 - INFO - New best validation Loss 0.2715364694595337, at epoch 137
2024-07-15 22:20:56,891 - INFO - Epoch 138
-------------------------------
2024-07-15 22:20:57,679 - INFO - Mean training loss: 0.2715366780757904
2024-07-15 22:20:58,240 - INFO - Mean validation loss: 0.2715354561805725
2024-07-15 22:21:00,295 - INFO - New best validation Loss 0.2715354561805725, at epoch 138
2024-07-15 22:21:00,296 - INFO - Epoch 139
-------------------------------
2024-07-15 22:21:01,075 - INFO - Mean training loss: 0.27153562754392624
2024-07-15 22:21:01,634 - INFO - Mean validation loss: 0.27153462171554565
2024-07-15 22:21:03,219 - INFO - New best validation Loss 0.27153462171554565, at epoch 139
2024-07-15 22:21:03,221 - INFO - Epoch 140
-------------------------------
2024-07-15 22:21:03,999 - INFO - Mean training loss: 0.271534726023674
2024-07-15 22:21:04,762 - INFO - Mean validation loss: 0.2715335190296173
2024-07-15 22:21:06,392 - INFO - New best validation Loss 0.2715335190296173, at epoch 140
2024-07-15 22:21:06,395 - INFO - Epoch 141
-------------------------------
2024-07-15 22:21:07,209 - INFO - Mean training loss: 0.27153389900922775
2024-07-15 22:21:07,758 - INFO - Mean validation loss: 0.2715325951576233
2024-07-15 22:21:09,323 - INFO - New best validation Loss 0.2715325951576233, at epoch 141
2024-07-15 22:21:09,324 - INFO - Epoch 142
-------------------------------
2024-07-15 22:21:10,082 - INFO - Mean training loss: 0.2715327888727188
2024-07-15 22:21:10,652 - INFO - Mean validation loss: 0.2715316340327263
2024-07-15 22:21:12,699 - INFO - New best validation Loss 0.2715316340327263, at epoch 142
2024-07-15 22:21:12,700 - INFO - Epoch 143
-------------------------------
2024-07-15 22:21:13,470 - INFO - Mean training loss: 0.27153199166059494
2024-07-15 22:21:14,012 - INFO - Mean validation loss: 0.27153054624795914
2024-07-15 22:21:15,961 - INFO - New best validation Loss 0.27153054624795914, at epoch 143
2024-07-15 22:21:15,961 - INFO - Epoch 144
-------------------------------
2024-07-15 22:21:16,743 - INFO - Mean training loss: 0.2715308144688606
2024-07-15 22:21:17,304 - INFO - Mean validation loss: 0.2715296074748039
2024-07-15 22:21:19,313 - INFO - New best validation Loss 0.2715296074748039, at epoch 144
2024-07-15 22:21:19,315 - INFO - Epoch 145
-------------------------------
2024-07-15 22:21:20,115 - INFO - Mean training loss: 0.27152977883815765
2024-07-15 22:21:20,667 - INFO - Mean validation loss: 0.27152881771326065
2024-07-15 22:21:22,253 - INFO - New best validation Loss 0.27152881771326065, at epoch 145
2024-07-15 22:21:22,254 - INFO - Epoch 146
-------------------------------
2024-07-15 22:21:23,029 - INFO - Mean training loss: 0.27152901887893677
2024-07-15 22:21:23,579 - INFO - Mean validation loss: 0.2715277746319771
2024-07-15 22:21:25,195 - INFO - New best validation Loss 0.2715277746319771, at epoch 146
2024-07-15 22:21:25,196 - INFO - Epoch 147
-------------------------------
2024-07-15 22:21:25,998 - INFO - Mean training loss: 0.27152807265520096
2024-07-15 22:21:26,553 - INFO - Mean validation loss: 0.27152664214372635
2024-07-15 22:21:28,137 - INFO - New best validation Loss 0.27152664214372635, at epoch 147
2024-07-15 22:21:28,138 - INFO - Epoch 148
-------------------------------
2024-07-15 22:21:28,905 - INFO - Mean training loss: 0.2715269699692726
2024-07-15 22:21:29,468 - INFO - Mean validation loss: 0.2715258002281189
2024-07-15 22:21:31,098 - INFO - New best validation Loss 0.2715258002281189, at epoch 148
2024-07-15 22:21:31,100 - INFO - Epoch 149
-------------------------------
2024-07-15 22:21:31,888 - INFO - Mean training loss: 0.2715260311961174
2024-07-15 22:21:32,443 - INFO - Mean validation loss: 0.27152468264102936
2024-07-15 22:21:34,458 - INFO - New best validation Loss 0.27152468264102936, at epoch 149
2024-07-15 22:21:34,459 - INFO - Epoch 150
-------------------------------
2024-07-15 22:21:35,244 - INFO - Mean training loss: 0.27152492105960846
2024-07-15 22:21:35,789 - INFO - Mean validation loss: 0.27152377367019653
2024-07-15 22:21:37,820 - INFO - New best validation Loss 0.27152377367019653, at epoch 150
2024-07-15 22:21:37,821 - INFO - Epoch 151
-------------------------------
2024-07-15 22:21:38,624 - INFO - Mean training loss: 0.27152402698993683
2024-07-15 22:21:39,177 - INFO - Mean validation loss: 0.2715226858854294
2024-07-15 22:21:40,778 - INFO - New best validation Loss 0.2715226858854294, at epoch 151
2024-07-15 22:21:40,779 - INFO - Epoch 152
-------------------------------
2024-07-15 22:21:41,542 - INFO - Mean training loss: 0.27152278274297714
2024-07-15 22:21:42,092 - INFO - Mean validation loss: 0.2715214639902115
2024-07-15 22:21:43,689 - INFO - New best validation Loss 0.2715214639902115, at epoch 152
2024-07-15 22:21:43,691 - INFO - Epoch 153
-------------------------------
2024-07-15 22:21:44,903 - INFO - Mean training loss: 0.2715217024087906
2024-07-15 22:21:45,471 - INFO - Mean validation loss: 0.2715204209089279
2024-07-15 22:21:47,062 - INFO - New best validation Loss 0.2715204209089279, at epoch 153
2024-07-15 22:21:47,063 - INFO - Epoch 154
-------------------------------
2024-07-15 22:21:47,844 - INFO - Mean training loss: 0.2715203985571861
2024-07-15 22:21:48,416 - INFO - Mean validation loss: 0.27151908725500107
2024-07-15 22:21:50,061 - INFO - New best validation Loss 0.27151908725500107, at epoch 154
2024-07-15 22:21:50,062 - INFO - Epoch 155
-------------------------------
2024-07-15 22:21:50,830 - INFO - Mean training loss: 0.27151937037706375
2024-07-15 22:21:51,377 - INFO - Mean validation loss: 0.2715180963277817
2024-07-15 22:21:52,968 - INFO - New best validation Loss 0.2715180963277817, at epoch 155
2024-07-15 22:21:52,969 - INFO - Epoch 156
-------------------------------
2024-07-15 22:21:53,715 - INFO - Mean training loss: 0.2715184986591339
2024-07-15 22:21:54,251 - INFO - Mean validation loss: 0.2715171128511429
2024-07-15 22:21:55,871 - INFO - New best validation Loss 0.2715171128511429, at epoch 156
2024-07-15 22:21:55,873 - INFO - Epoch 157
-------------------------------
2024-07-15 22:21:56,670 - INFO - Mean training loss: 0.27151744812726974
2024-07-15 22:21:57,231 - INFO - Mean validation loss: 0.2715158835053444
2024-07-15 22:21:59,370 - INFO - New best validation Loss 0.2715158835053444, at epoch 157
2024-07-15 22:21:59,372 - INFO - Epoch 158
-------------------------------
2024-07-15 22:22:00,129 - INFO - Mean training loss: 0.2715160474181175
2024-07-15 22:22:00,663 - INFO - Mean validation loss: 0.2715148478746414
2024-07-15 22:22:02,751 - INFO - New best validation Loss 0.2715148478746414, at epoch 158
2024-07-15 22:22:02,752 - INFO - Epoch 159
-------------------------------
2024-07-15 22:22:03,535 - INFO - Mean training loss: 0.27151521295309067
2024-07-15 22:22:04,101 - INFO - Mean validation loss: 0.27151379734277725
2024-07-15 22:22:05,688 - INFO - New best validation Loss 0.27151379734277725, at epoch 159
2024-07-15 22:22:05,689 - INFO - Epoch 160
-------------------------------
2024-07-15 22:22:06,492 - INFO - Mean training loss: 0.27151384949684143
2024-07-15 22:22:07,044 - INFO - Mean validation loss: 0.2715125307440758
2024-07-15 22:22:08,624 - INFO - New best validation Loss 0.2715125307440758, at epoch 160
2024-07-15 22:22:08,625 - INFO - Epoch 161
-------------------------------
2024-07-15 22:22:09,815 - INFO - Mean training loss: 0.271512895822525
2024-07-15 22:22:10,367 - INFO - Mean validation loss: 0.27151133865118027
2024-07-15 22:22:11,966 - INFO - New best validation Loss 0.27151133865118027, at epoch 161
2024-07-15 22:22:11,968 - INFO - Epoch 162
-------------------------------
2024-07-15 22:22:12,759 - INFO - Mean training loss: 0.2715115547180176
2024-07-15 22:22:13,319 - INFO - Mean validation loss: 0.2715102285146713
2024-07-15 22:22:14,897 - INFO - New best validation Loss 0.2715102285146713, at epoch 162
2024-07-15 22:22:14,898 - INFO - Epoch 163
-------------------------------
2024-07-15 22:22:15,689 - INFO - Mean training loss: 0.2715107947587967
2024-07-15 22:22:16,224 - INFO - Mean validation loss: 0.27150942385196686
2024-07-15 22:22:17,833 - INFO - New best validation Loss 0.27150942385196686, at epoch 163
2024-07-15 22:22:17,834 - INFO - Epoch 164
-------------------------------
2024-07-15 22:22:18,596 - INFO - Mean training loss: 0.27150966972112656
2024-07-15 22:22:19,156 - INFO - Mean validation loss: 0.27150820195674896
2024-07-15 22:22:20,782 - INFO - New best validation Loss 0.27150820195674896, at epoch 164
2024-07-15 22:22:20,783 - INFO - Epoch 165
-------------------------------
2024-07-15 22:22:21,555 - INFO - Mean training loss: 0.271508552134037
2024-07-15 22:22:22,099 - INFO - Mean validation loss: 0.27150705456733704
2024-07-15 22:22:23,667 - INFO - New best validation Loss 0.27150705456733704, at epoch 165
2024-07-15 22:22:23,668 - INFO - Epoch 166
-------------------------------
2024-07-15 22:22:24,501 - INFO - Mean training loss: 0.27150746434926987
2024-07-15 22:22:25,071 - INFO - Mean validation loss: 0.2715059518814087
2024-07-15 22:22:26,728 - INFO - New best validation Loss 0.2715059518814087, at epoch 166
2024-07-15 22:22:26,730 - INFO - Epoch 167
-------------------------------
2024-07-15 22:22:27,492 - INFO - Mean training loss: 0.27150633931159973
2024-07-15 22:22:28,055 - INFO - Mean validation loss: 0.27150482684373856
2024-07-15 22:22:29,666 - INFO - New best validation Loss 0.27150482684373856, at epoch 167
2024-07-15 22:22:29,667 - INFO - Epoch 168
-------------------------------
2024-07-15 22:22:30,468 - INFO - Mean training loss: 0.2715051397681236
2024-07-15 22:22:30,999 - INFO - Mean validation loss: 0.271503746509552
2024-07-15 22:22:32,619 - INFO - New best validation Loss 0.271503746509552, at epoch 168
2024-07-15 22:22:32,620 - INFO - Epoch 169
-------------------------------
2024-07-15 22:22:34,081 - INFO - Mean training loss: 0.271504171192646
2024-07-15 22:22:34,634 - INFO - Mean validation loss: 0.27150262147188187
2024-07-15 22:22:36,182 - INFO - New best validation Loss 0.27150262147188187, at epoch 169
2024-07-15 22:22:36,183 - INFO - Epoch 170
-------------------------------
2024-07-15 22:22:36,963 - INFO - Mean training loss: 0.27150293439626694
2024-07-15 22:22:37,536 - INFO - Mean validation loss: 0.27150146663188934
2024-07-15 22:22:39,129 - INFO - New best validation Loss 0.27150146663188934, at epoch 170
2024-07-15 22:22:39,131 - INFO - Epoch 171
-------------------------------
2024-07-15 22:22:39,931 - INFO - Mean training loss: 0.27150192111730576
2024-07-15 22:22:40,963 - INFO - Mean validation loss: 0.2715003415942192
2024-07-15 22:22:43,089 - INFO - New best validation Loss 0.2715003415942192, at epoch 171
2024-07-15 22:22:43,090 - INFO - Epoch 172
-------------------------------
2024-07-15 22:22:43,858 - INFO - Mean training loss: 0.2715006098151207
2024-07-15 22:22:44,389 - INFO - Mean validation loss: 0.2714993432164192
2024-07-15 22:22:45,971 - INFO - New best validation Loss 0.2714993432164192, at epoch 172
2024-07-15 22:22:45,971 - INFO - Epoch 173
-------------------------------
2024-07-15 22:22:46,755 - INFO - Mean training loss: 0.27149953693151474
2024-07-15 22:22:47,311 - INFO - Mean validation loss: 0.27149824798107147
2024-07-15 22:22:48,912 - INFO - New best validation Loss 0.27149824798107147, at epoch 173
2024-07-15 22:22:48,913 - INFO - Epoch 174
-------------------------------
2024-07-15 22:22:49,890 - INFO - Mean training loss: 0.27149876952171326
2024-07-15 22:22:50,475 - INFO - Mean validation loss: 0.27149710059165955
2024-07-15 22:22:52,103 - INFO - New best validation Loss 0.27149710059165955, at epoch 174
2024-07-15 22:22:52,104 - INFO - Epoch 175
-------------------------------
2024-07-15 22:22:52,881 - INFO - Mean training loss: 0.2714974135160446
2024-07-15 22:22:53,405 - INFO - Mean validation loss: 0.27149592339992523
2024-07-15 22:22:55,005 - INFO - New best validation Loss 0.27149592339992523, at epoch 175
2024-07-15 22:22:55,006 - INFO - Epoch 176
-------------------------------
2024-07-15 22:22:55,890 - INFO - Mean training loss: 0.27149633318185806
2024-07-15 22:22:56,433 - INFO - Mean validation loss: 0.2714948430657387
2024-07-15 22:22:58,057 - INFO - New best validation Loss 0.2714948430657387, at epoch 176
2024-07-15 22:22:58,058 - INFO - Epoch 177
-------------------------------
2024-07-15 22:22:58,840 - INFO - Mean training loss: 0.27149511873722076
2024-07-15 22:22:59,821 - INFO - Mean validation loss: 0.2714936286211014
2024-07-15 22:23:01,478 - INFO - New best validation Loss 0.2714936286211014, at epoch 177
2024-07-15 22:23:01,479 - INFO - Epoch 178
-------------------------------
2024-07-15 22:23:02,256 - INFO - Mean training loss: 0.2714940682053566
2024-07-15 22:23:02,828 - INFO - Mean validation loss: 0.2714926600456238
2024-07-15 22:23:04,452 - INFO - New best validation Loss 0.2714926600456238, at epoch 178
2024-07-15 22:23:04,454 - INFO - Epoch 179
-------------------------------
2024-07-15 22:23:05,235 - INFO - Mean training loss: 0.271493062376976
2024-07-15 22:23:05,784 - INFO - Mean validation loss: 0.2714914381504059
2024-07-15 22:23:07,409 - INFO - New best validation Loss 0.2714914381504059, at epoch 179
2024-07-15 22:23:07,411 - INFO - Epoch 180
-------------------------------
2024-07-15 22:23:08,168 - INFO - Mean training loss: 0.27149197459220886
2024-07-15 22:23:08,680 - INFO - Mean validation loss: 0.27149030566215515
2024-07-15 22:23:10,289 - INFO - New best validation Loss 0.27149030566215515, at epoch 180
2024-07-15 22:23:10,290 - INFO - Epoch 181
-------------------------------
2024-07-15 22:23:11,086 - INFO - Mean training loss: 0.2714907079935074
2024-07-15 22:23:11,627 - INFO - Mean validation loss: 0.2714890241622925
2024-07-15 22:23:13,195 - INFO - New best validation Loss 0.2714890241622925, at epoch 181
2024-07-15 22:23:13,196 - INFO - Epoch 182
-------------------------------
2024-07-15 22:23:13,965 - INFO - Mean training loss: 0.27148938179016113
2024-07-15 22:23:14,544 - INFO - Mean validation loss: 0.2714879587292671
2024-07-15 22:23:16,107 - INFO - New best validation Loss 0.2714879587292671, at epoch 182
2024-07-15 22:23:16,108 - INFO - Epoch 183
-------------------------------
2024-07-15 22:23:16,898 - INFO - Mean training loss: 0.2714883163571358
2024-07-15 22:23:17,438 - INFO - Mean validation loss: 0.271486759185791
2024-07-15 22:23:19,016 - INFO - New best validation Loss 0.271486759185791, at epoch 183
2024-07-15 22:23:19,018 - INFO - Epoch 184
-------------------------------
2024-07-15 22:23:19,900 - INFO - Mean training loss: 0.27148716151714325
2024-07-15 22:23:20,443 - INFO - Mean validation loss: 0.27148568630218506
2024-07-15 22:23:22,037 - INFO - New best validation Loss 0.27148568630218506, at epoch 184
2024-07-15 22:23:22,038 - INFO - Epoch 185
-------------------------------
2024-07-15 22:23:22,838 - INFO - Mean training loss: 0.27148592472076416
2024-07-15 22:23:23,402 - INFO - Mean validation loss: 0.2714846506714821
2024-07-15 22:23:25,015 - INFO - New best validation Loss 0.2714846506714821, at epoch 185
2024-07-15 22:23:25,016 - INFO - Epoch 186
-------------------------------
2024-07-15 22:23:25,812 - INFO - Mean training loss: 0.2714850977063179
2024-07-15 22:23:26,381 - INFO - Mean validation loss: 0.271483451128006
2024-07-15 22:23:28,412 - INFO - New best validation Loss 0.271483451128006, at epoch 186
2024-07-15 22:23:28,413 - INFO - Epoch 187
-------------------------------
2024-07-15 22:23:29,206 - INFO - Mean training loss: 0.2714838683605194
2024-07-15 22:23:29,764 - INFO - Mean validation loss: 0.27148235589265823
2024-07-15 22:23:31,336 - INFO - New best validation Loss 0.27148235589265823, at epoch 187
2024-07-15 22:23:31,338 - INFO - Epoch 188
-------------------------------
2024-07-15 22:23:32,105 - INFO - Mean training loss: 0.27148255705833435
2024-07-15 22:23:32,671 - INFO - Mean validation loss: 0.2714811936020851
2024-07-15 22:23:34,882 - INFO - New best validation Loss 0.2714811936020851, at epoch 188
2024-07-15 22:23:34,883 - INFO - Epoch 189
-------------------------------
2024-07-15 22:23:35,665 - INFO - Mean training loss: 0.2714815139770508
2024-07-15 22:23:36,221 - INFO - Mean validation loss: 0.27147990465164185
2024-07-15 22:23:38,191 - INFO - New best validation Loss 0.27147990465164185, at epoch 189
2024-07-15 22:23:38,192 - INFO - Epoch 190
-------------------------------
2024-07-15 22:23:38,972 - INFO - Mean training loss: 0.27148034423589706
2024-07-15 22:23:39,521 - INFO - Mean validation loss: 0.27147889137268066
2024-07-15 22:23:41,595 - INFO - New best validation Loss 0.27147889137268066, at epoch 190
2024-07-15 22:23:41,596 - INFO - Epoch 191
-------------------------------
2024-07-15 22:23:42,360 - INFO - Mean training loss: 0.2714793011546135
2024-07-15 22:23:42,917 - INFO - Mean validation loss: 0.2714775875210762
2024-07-15 22:23:44,514 - INFO - New best validation Loss 0.2714775875210762, at epoch 191
2024-07-15 22:23:44,516 - INFO - Epoch 192
-------------------------------
2024-07-15 22:23:45,297 - INFO - Mean training loss: 0.27147798985242844
2024-07-15 22:23:45,856 - INFO - Mean validation loss: 0.2714763432741165
2024-07-15 22:23:48,268 - INFO - New best validation Loss 0.2714763432741165, at epoch 192
2024-07-15 22:23:48,270 - INFO - Epoch 193
-------------------------------
2024-07-15 22:23:49,038 - INFO - Mean training loss: 0.27147674560546875
2024-07-15 22:23:49,587 - INFO - Mean validation loss: 0.271475225687027
2024-07-15 22:23:51,196 - INFO - New best validation Loss 0.271475225687027, at epoch 193
2024-07-15 22:23:51,197 - INFO - Epoch 194
-------------------------------
2024-07-15 22:23:51,997 - INFO - Mean training loss: 0.2714753523468971
2024-07-15 22:23:52,560 - INFO - Mean validation loss: 0.2714739218354225
2024-07-15 22:23:54,138 - INFO - New best validation Loss 0.2714739218354225, at epoch 194
2024-07-15 22:23:54,138 - INFO - Epoch 195
-------------------------------
2024-07-15 22:23:54,930 - INFO - Mean training loss: 0.2714742496609688
2024-07-15 22:23:55,473 - INFO - Mean validation loss: 0.27147288620471954
2024-07-15 22:23:57,498 - INFO - New best validation Loss 0.27147288620471954, at epoch 195
2024-07-15 22:23:57,499 - INFO - Epoch 196
-------------------------------
2024-07-15 22:23:58,281 - INFO - Mean training loss: 0.27147307991981506
2024-07-15 22:23:58,812 - INFO - Mean validation loss: 0.27147161960601807
2024-07-15 22:24:00,374 - INFO - New best validation Loss 0.27147161960601807, at epoch 196
2024-07-15 22:24:00,375 - INFO - Epoch 197
-------------------------------
2024-07-15 22:24:01,146 - INFO - Mean training loss: 0.27147188782691956
2024-07-15 22:24:01,714 - INFO - Mean validation loss: 0.27147041261196136
2024-07-15 22:24:03,293 - INFO - New best validation Loss 0.27147041261196136, at epoch 197
2024-07-15 22:24:03,295 - INFO - Epoch 198
-------------------------------
2024-07-15 22:24:04,097 - INFO - Mean training loss: 0.27147073298692703
2024-07-15 22:24:04,657 - INFO - Mean validation loss: 0.27146897464990616
2024-07-15 22:24:06,225 - INFO - New best validation Loss 0.27146897464990616, at epoch 198
2024-07-15 22:24:06,226 - INFO - Epoch 199
-------------------------------
2024-07-15 22:24:07,006 - INFO - Mean training loss: 0.2714692950248718
2024-07-15 22:24:07,562 - INFO - Mean validation loss: 0.2714678794145584
2024-07-15 22:24:09,152 - INFO - New best validation Loss 0.2714678794145584, at epoch 199
2024-07-15 22:24:09,153 - INFO - Epoch 200
-------------------------------
2024-07-15 22:24:09,945 - INFO - Mean training loss: 0.27146824449300766
2024-07-15 22:24:10,484 - INFO - Mean validation loss: 0.2714667245745659
2024-07-15 22:24:12,075 - INFO - New best validation Loss 0.2714667245745659, at epoch 200
2024-07-15 22:24:12,076 - INFO - Epoch 201
-------------------------------
2024-07-15 22:24:12,864 - INFO - Mean training loss: 0.27146686613559723
2024-07-15 22:24:13,406 - INFO - Mean validation loss: 0.27146513760089874
2024-07-15 22:24:14,980 - INFO - New best validation Loss 0.27146513760089874, at epoch 201
2024-07-15 22:24:14,981 - INFO - Epoch 202
-------------------------------
2024-07-15 22:24:15,771 - INFO - Mean training loss: 0.271465502679348
2024-07-15 22:24:16,354 - INFO - Mean validation loss: 0.27146391570568085
2024-07-15 22:24:17,927 - INFO - New best validation Loss 0.27146391570568085, at epoch 202
2024-07-15 22:24:17,929 - INFO - Epoch 203
-------------------------------
2024-07-15 22:24:18,746 - INFO - Mean training loss: 0.2714643329381943
2024-07-15 22:24:19,309 - INFO - Mean validation loss: 0.2714627757668495
2024-07-15 22:24:20,888 - INFO - New best validation Loss 0.2714627757668495, at epoch 203
2024-07-15 22:24:20,889 - INFO - Epoch 204
-------------------------------
2024-07-15 22:24:21,682 - INFO - Mean training loss: 0.27146322280168533
2024-07-15 22:24:22,264 - INFO - Mean validation loss: 0.271461546421051
2024-07-15 22:24:23,882 - INFO - New best validation Loss 0.271461546421051, at epoch 204
2024-07-15 22:24:23,883 - INFO - Epoch 205
-------------------------------
2024-07-15 22:24:24,662 - INFO - Mean training loss: 0.2714620903134346
2024-07-15 22:24:25,208 - INFO - Mean validation loss: 0.27146054059267044
2024-07-15 22:24:26,768 - INFO - New best validation Loss 0.27146054059267044, at epoch 205
2024-07-15 22:24:26,769 - INFO - Epoch 206
-------------------------------
2024-07-15 22:24:27,563 - INFO - Mean training loss: 0.2714609205722809
2024-07-15 22:24:28,121 - INFO - Mean validation loss: 0.2714591324329376
2024-07-15 22:24:29,744 - INFO - New best validation Loss 0.2714591324329376, at epoch 206
2024-07-15 22:24:29,746 - INFO - Epoch 207
-------------------------------
2024-07-15 22:24:30,537 - INFO - Mean training loss: 0.2714594081044197
2024-07-15 22:24:31,085 - INFO - Mean validation loss: 0.2714576944708824
2024-07-15 22:24:32,730 - INFO - New best validation Loss 0.2714576944708824, at epoch 207
2024-07-15 22:24:32,731 - INFO - Epoch 208
-------------------------------
2024-07-15 22:24:33,510 - INFO - Mean training loss: 0.2714579477906227
2024-07-15 22:24:34,049 - INFO - Mean validation loss: 0.2714564725756645
2024-07-15 22:24:35,642 - INFO - New best validation Loss 0.2714564725756645, at epoch 208
2024-07-15 22:24:35,643 - INFO - Epoch 209
-------------------------------
2024-07-15 22:24:36,429 - INFO - Mean training loss: 0.2714567929506302
2024-07-15 22:24:36,980 - INFO - Mean validation loss: 0.2714550718665123
2024-07-15 22:24:38,581 - INFO - New best validation Loss 0.2714550718665123, at epoch 209
2024-07-15 22:24:38,582 - INFO - Epoch 210
-------------------------------
2024-07-15 22:24:39,375 - INFO - Mean training loss: 0.2714553773403168
2024-07-15 22:24:39,940 - INFO - Mean validation loss: 0.2714539170265198
2024-07-15 22:24:41,597 - INFO - New best validation Loss 0.2714539170265198, at epoch 210
2024-07-15 22:24:41,599 - INFO - Epoch 211
-------------------------------
2024-07-15 22:24:42,375 - INFO - Mean training loss: 0.2714543640613556
2024-07-15 22:24:42,933 - INFO - Mean validation loss: 0.2714526951313019
2024-07-15 22:24:44,513 - INFO - New best validation Loss 0.2714526951313019, at epoch 211
2024-07-15 22:24:44,514 - INFO - Epoch 212
-------------------------------
2024-07-15 22:24:45,313 - INFO - Mean training loss: 0.2714529410004616
2024-07-15 22:24:45,869 - INFO - Mean validation loss: 0.271451398730278
2024-07-15 22:24:47,450 - INFO - New best validation Loss 0.271451398730278, at epoch 212
2024-07-15 22:24:47,452 - INFO - Epoch 213
-------------------------------
2024-07-15 22:24:48,221 - INFO - Mean training loss: 0.27145180851221085
2024-07-15 22:24:48,766 - INFO - Mean validation loss: 0.27145007252693176
2024-07-15 22:24:50,325 - INFO - New best validation Loss 0.27145007252693176, at epoch 213
2024-07-15 22:24:50,326 - INFO - Epoch 214
-------------------------------
2024-07-15 22:24:51,417 - INFO - Mean training loss: 0.27145059406757355
2024-07-15 22:24:51,985 - INFO - Mean validation loss: 0.27144891023635864
2024-07-15 22:24:53,617 - INFO - New best validation Loss 0.27144891023635864, at epoch 214
2024-07-15 22:24:53,619 - INFO - Epoch 215
-------------------------------
2024-07-15 22:24:54,379 - INFO - Mean training loss: 0.27144917845726013
2024-07-15 22:24:54,916 - INFO - Mean validation loss: 0.27144747227430344
2024-07-15 22:24:56,514 - INFO - New best validation Loss 0.27144747227430344, at epoch 215
2024-07-15 22:24:56,515 - INFO - Epoch 216
-------------------------------
2024-07-15 22:24:57,294 - INFO - Mean training loss: 0.27144816517829895
2024-07-15 22:24:57,853 - INFO - Mean validation loss: 0.2714462876319885
2024-07-15 22:24:59,437 - INFO - New best validation Loss 0.2714462876319885, at epoch 216
2024-07-15 22:24:59,438 - INFO - Epoch 217
-------------------------------
2024-07-15 22:25:00,231 - INFO - Mean training loss: 0.27144694328308105
2024-07-15 22:25:00,795 - INFO - Mean validation loss: 0.27144499868154526
2024-07-15 22:25:02,373 - INFO - New best validation Loss 0.27144499868154526, at epoch 217
2024-07-15 22:25:02,374 - INFO - Epoch 218
-------------------------------
2024-07-15 22:25:03,160 - INFO - Mean training loss: 0.27144549787044525
2024-07-15 22:25:03,736 - INFO - Mean validation loss: 0.27144378423690796
2024-07-15 22:25:05,942 - INFO - New best validation Loss 0.27144378423690796, at epoch 218
2024-07-15 22:25:05,943 - INFO - Epoch 219
-------------------------------
2024-07-15 22:25:06,736 - INFO - Mean training loss: 0.2714444100856781
2024-07-15 22:25:07,299 - INFO - Mean validation loss: 0.2714424431324005
2024-07-15 22:25:08,896 - INFO - New best validation Loss 0.2714424431324005, at epoch 219
2024-07-15 22:25:08,898 - INFO - Epoch 220
-------------------------------
2024-07-15 22:25:09,696 - INFO - Mean training loss: 0.2714429497718811
2024-07-15 22:25:10,257 - INFO - Mean validation loss: 0.2714410647749901
2024-07-15 22:25:11,856 - INFO - New best validation Loss 0.2714410647749901, at epoch 220
2024-07-15 22:25:11,857 - INFO - Epoch 221
-------------------------------
2024-07-15 22:25:12,640 - INFO - Mean training loss: 0.2714415118098259
2024-07-15 22:25:13,178 - INFO - Mean validation loss: 0.2714396119117737
2024-07-15 22:25:14,730 - INFO - New best validation Loss 0.2714396119117737, at epoch 221
2024-07-15 22:25:14,730 - INFO - Epoch 222
-------------------------------
2024-07-15 22:25:15,494 - INFO - Mean training loss: 0.2714400663971901
2024-07-15 22:25:16,034 - INFO - Mean validation loss: 0.2714383080601692
2024-07-15 22:25:17,646 - INFO - New best validation Loss 0.2714383080601692, at epoch 222
2024-07-15 22:25:17,647 - INFO - Epoch 223
-------------------------------
2024-07-15 22:25:18,416 - INFO - Mean training loss: 0.2714393809437752
2024-07-15 22:25:18,972 - INFO - Mean validation loss: 0.27143698930740356
2024-07-15 22:25:20,619 - INFO - New best validation Loss 0.27143698930740356, at epoch 223
2024-07-15 22:25:20,621 - INFO - Epoch 224
-------------------------------
2024-07-15 22:25:21,397 - INFO - Mean training loss: 0.27143754065036774
2024-07-15 22:25:21,963 - INFO - Mean validation loss: 0.27143561094999313
2024-07-15 22:25:23,576 - INFO - New best validation Loss 0.27143561094999313, at epoch 224
2024-07-15 22:25:23,577 - INFO - Epoch 225
-------------------------------
2024-07-15 22:25:24,386 - INFO - Mean training loss: 0.27143609523773193
2024-07-15 22:25:24,962 - INFO - Mean validation loss: 0.2714342623949051
2024-07-15 22:25:26,885 - INFO - New best validation Loss 0.2714342623949051, at epoch 225
2024-07-15 22:25:26,886 - INFO - Epoch 226
-------------------------------
2024-07-15 22:25:27,660 - INFO - Mean training loss: 0.2714347839355469
2024-07-15 22:25:28,215 - INFO - Mean validation loss: 0.2714330479502678
2024-07-15 22:25:30,202 - INFO - New best validation Loss 0.2714330479502678, at epoch 226
2024-07-15 22:25:30,203 - INFO - Epoch 227
-------------------------------
2024-07-15 22:25:30,979 - INFO - Mean training loss: 0.2714335471391678
2024-07-15 22:25:31,514 - INFO - Mean validation loss: 0.2714317813515663
2024-07-15 22:25:33,481 - INFO - New best validation Loss 0.2714317813515663, at epoch 227
2024-07-15 22:25:33,482 - INFO - Epoch 228
-------------------------------
2024-07-15 22:25:34,229 - INFO - Mean training loss: 0.2714320942759514
2024-07-15 22:25:34,785 - INFO - Mean validation loss: 0.27143024653196335
2024-07-15 22:25:36,460 - INFO - New best validation Loss 0.27143024653196335, at epoch 228
2024-07-15 22:25:36,461 - INFO - Epoch 229
-------------------------------
2024-07-15 22:25:37,242 - INFO - Mean training loss: 0.2714307904243469
2024-07-15 22:25:37,772 - INFO - Mean validation loss: 0.2714289277791977
2024-07-15 22:25:39,359 - INFO - New best validation Loss 0.2714289277791977, at epoch 229
2024-07-15 22:25:39,360 - INFO - Epoch 230
-------------------------------
2024-07-15 22:25:40,147 - INFO - Mean training loss: 0.27142950147390366
2024-07-15 22:25:40,716 - INFO - Mean validation loss: 0.27142758667469025
2024-07-15 22:25:42,346 - INFO - New best validation Loss 0.27142758667469025, at epoch 230
2024-07-15 22:25:42,347 - INFO - Epoch 231
-------------------------------
2024-07-15 22:25:43,117 - INFO - Mean training loss: 0.27142804861068726
2024-07-15 22:25:43,650 - INFO - Mean validation loss: 0.2714262008666992
2024-07-15 22:25:45,251 - INFO - New best validation Loss 0.2714262008666992, at epoch 231
2024-07-15 22:25:45,252 - INFO - Epoch 232
-------------------------------
2024-07-15 22:25:46,040 - INFO - Mean training loss: 0.27142709493637085
2024-07-15 22:25:46,599 - INFO - Mean validation loss: 0.27142489701509476
2024-07-15 22:25:48,208 - INFO - New best validation Loss 0.27142489701509476, at epoch 232
2024-07-15 22:25:48,209 - INFO - Epoch 233
-------------------------------
2024-07-15 22:25:48,992 - INFO - Mean training loss: 0.271425299346447
2024-07-15 22:25:49,571 - INFO - Mean validation loss: 0.27142367511987686
2024-07-15 22:25:51,171 - INFO - New best validation Loss 0.27142367511987686, at epoch 233
2024-07-15 22:25:51,172 - INFO - Epoch 234
-------------------------------
2024-07-15 22:25:51,934 - INFO - Mean training loss: 0.27142392098903656
2024-07-15 22:25:52,487 - INFO - Mean validation loss: 0.27142224460840225
2024-07-15 22:25:54,066 - INFO - New best validation Loss 0.27142224460840225, at epoch 234
2024-07-15 22:25:54,067 - INFO - Epoch 235
-------------------------------
2024-07-15 22:25:54,865 - INFO - Mean training loss: 0.27142278105020523
2024-07-15 22:25:55,444 - INFO - Mean validation loss: 0.2714209109544754
2024-07-15 22:25:57,079 - INFO - New best validation Loss 0.2714209109544754, at epoch 235
2024-07-15 22:25:57,080 - INFO - Epoch 236
-------------------------------
2024-07-15 22:25:57,882 - INFO - Mean training loss: 0.2714213579893112
2024-07-15 22:25:58,445 - INFO - Mean validation loss: 0.2714194655418396
2024-07-15 22:26:00,075 - INFO - New best validation Loss 0.2714194655418396, at epoch 236
2024-07-15 22:26:00,077 - INFO - Epoch 237
-------------------------------
2024-07-15 22:26:00,875 - INFO - Mean training loss: 0.27141982316970825
2024-07-15 22:26:01,425 - INFO - Mean validation loss: 0.2714180424809456
2024-07-15 22:26:03,013 - INFO - New best validation Loss 0.2714180424809456, at epoch 237
2024-07-15 22:26:03,014 - INFO - Epoch 238
-------------------------------
2024-07-15 22:26:03,787 - INFO - Mean training loss: 0.2714187353849411
2024-07-15 22:26:04,355 - INFO - Mean validation loss: 0.27141662687063217
2024-07-15 22:26:05,955 - INFO - New best validation Loss 0.27141662687063217, at epoch 238
2024-07-15 22:26:05,956 - INFO - Epoch 239
-------------------------------
2024-07-15 22:26:06,746 - INFO - Mean training loss: 0.2714172378182411
2024-07-15 22:26:07,298 - INFO - Mean validation loss: 0.2714151367545128
2024-07-15 22:26:09,008 - INFO - New best validation Loss 0.2714151367545128, at epoch 239
2024-07-15 22:26:09,009 - INFO - Epoch 240
-------------------------------
2024-07-15 22:26:09,745 - INFO - Mean training loss: 0.27141571789979935
2024-07-15 22:26:10,303 - INFO - Mean validation loss: 0.2714139446616173
2024-07-15 22:26:11,899 - INFO - New best validation Loss 0.2714139446616173, at epoch 240
2024-07-15 22:26:11,901 - INFO - Epoch 241
-------------------------------
2024-07-15 22:26:12,675 - INFO - Mean training loss: 0.2714144140481949
2024-07-15 22:26:13,230 - INFO - Mean validation loss: 0.2714126706123352
2024-07-15 22:26:14,848 - INFO - New best validation Loss 0.2714126706123352, at epoch 241
2024-07-15 22:26:14,849 - INFO - Epoch 242
-------------------------------
2024-07-15 22:26:15,640 - INFO - Mean training loss: 0.2714132070541382
2024-07-15 22:26:16,151 - INFO - Mean validation loss: 0.2714112475514412
2024-07-15 22:26:18,295 - INFO - New best validation Loss 0.2714112475514412, at epoch 242
2024-07-15 22:26:18,296 - INFO - Epoch 243
-------------------------------
2024-07-15 22:26:19,071 - INFO - Mean training loss: 0.2714119255542755
2024-07-15 22:26:19,614 - INFO - Mean validation loss: 0.27140995115041733
2024-07-15 22:26:21,612 - INFO - New best validation Loss 0.27140995115041733, at epoch 243
2024-07-15 22:26:21,613 - INFO - Epoch 244
-------------------------------
2024-07-15 22:26:22,404 - INFO - Mean training loss: 0.2714105620980263
2024-07-15 22:26:23,006 - INFO - Mean validation loss: 0.2714085057377815
2024-07-15 22:26:24,665 - INFO - New best validation Loss 0.2714085057377815, at epoch 244
2024-07-15 22:26:24,668 - INFO - Epoch 245
-------------------------------
2024-07-15 22:26:25,452 - INFO - Mean training loss: 0.2714089974761009
2024-07-15 22:26:26,000 - INFO - Mean validation loss: 0.2714070603251457
2024-07-15 22:26:27,633 - INFO - New best validation Loss 0.2714070603251457, at epoch 245
2024-07-15 22:26:27,633 - INFO - Epoch 246
-------------------------------
2024-07-15 22:26:28,814 - INFO - Mean training loss: 0.2714075297117233
2024-07-15 22:26:29,360 - INFO - Mean validation loss: 0.2714056521654129
2024-07-15 22:26:31,282 - INFO - New best validation Loss 0.2714056521654129, at epoch 246
2024-07-15 22:26:31,283 - INFO - Epoch 247
-------------------------------
2024-07-15 22:26:32,061 - INFO - Mean training loss: 0.2714064195752144
2024-07-15 22:26:32,630 - INFO - Mean validation loss: 0.27140406519174576
2024-07-15 22:26:34,622 - INFO - New best validation Loss 0.27140406519174576, at epoch 247
2024-07-15 22:26:34,623 - INFO - Epoch 248
-------------------------------
2024-07-15 22:26:35,417 - INFO - Mean training loss: 0.27140457183122635
2024-07-15 22:26:35,975 - INFO - Mean validation loss: 0.27140260487794876
2024-07-15 22:26:37,961 - INFO - New best validation Loss 0.27140260487794876, at epoch 248
2024-07-15 22:26:37,962 - INFO - Epoch 249
-------------------------------
2024-07-15 22:26:38,757 - INFO - Mean training loss: 0.2714030295610428
2024-07-15 22:26:39,287 - INFO - Mean validation loss: 0.27140119671821594
2024-07-15 22:26:40,890 - INFO - New best validation Loss 0.27140119671821594, at epoch 249
2024-07-15 22:26:40,891 - INFO - Epoch 250
-------------------------------
2024-07-15 22:26:41,662 - INFO - Mean training loss: 0.2714015692472458
2024-07-15 22:26:42,213 - INFO - Mean validation loss: 0.2713996022939682
2024-07-15 22:26:43,857 - INFO - New best validation Loss 0.2713996022939682, at epoch 250
2024-07-15 22:26:43,858 - INFO - Epoch 251
-------------------------------
2024-07-15 22:26:45,028 - INFO - Mean training loss: 0.2714001089334488
2024-07-15 22:26:45,593 - INFO - Mean validation loss: 0.271398201584816
2024-07-15 22:26:47,250 - INFO - New best validation Loss 0.271398201584816, at epoch 251
2024-07-15 22:26:47,251 - INFO - Epoch 252
-------------------------------
2024-07-15 22:26:48,009 - INFO - Mean training loss: 0.2713985741138458
2024-07-15 22:26:48,580 - INFO - Mean validation loss: 0.2713966891169548
2024-07-15 22:26:50,221 - INFO - New best validation Loss 0.2713966891169548, at epoch 252
2024-07-15 22:26:50,223 - INFO - Epoch 253
-------------------------------
2024-07-15 22:26:51,002 - INFO - Mean training loss: 0.27139812707901
2024-07-15 22:26:51,544 - INFO - Mean validation loss: 0.27139539271593094
2024-07-15 22:26:53,135 - INFO - New best validation Loss 0.27139539271593094, at epoch 253
2024-07-15 22:26:53,137 - INFO - Epoch 254
-------------------------------
2024-07-15 22:26:53,918 - INFO - Mean training loss: 0.27139583975076675
2024-07-15 22:26:54,720 - INFO - Mean validation loss: 0.2713938280940056
2024-07-15 22:26:56,356 - INFO - New best validation Loss 0.2713938280940056, at epoch 254
2024-07-15 22:26:56,357 - INFO - Epoch 255
-------------------------------
2024-07-15 22:26:57,120 - INFO - Mean training loss: 0.27139438688755035
2024-07-15 22:26:57,639 - INFO - Mean validation loss: 0.2713925391435623
2024-07-15 22:26:59,291 - INFO - New best validation Loss 0.2713925391435623, at epoch 255
2024-07-15 22:26:59,293 - INFO - Epoch 256
-------------------------------
2024-07-15 22:27:00,090 - INFO - Mean training loss: 0.27139297127723694
2024-07-15 22:27:00,645 - INFO - Mean validation loss: 0.2713911011815071
2024-07-15 22:27:02,291 - INFO - New best validation Loss 0.2713911011815071, at epoch 256
2024-07-15 22:27:02,292 - INFO - Epoch 257
-------------------------------
2024-07-15 22:27:03,089 - INFO - Mean training loss: 0.27139148116111755
2024-07-15 22:27:03,642 - INFO - Mean validation loss: 0.27138952910900116
2024-07-15 22:27:05,262 - INFO - New best validation Loss 0.27138952910900116, at epoch 257
2024-07-15 22:27:05,263 - INFO - Epoch 258
-------------------------------
2024-07-15 22:27:06,039 - INFO - Mean training loss: 0.27139005064964294
2024-07-15 22:27:06,579 - INFO - Mean validation loss: 0.2713882252573967
2024-07-15 22:27:08,190 - INFO - New best validation Loss 0.2713882252573967, at epoch 258
2024-07-15 22:27:08,191 - INFO - Epoch 259
-------------------------------
2024-07-15 22:27:08,993 - INFO - Mean training loss: 0.2713886871933937
2024-07-15 22:27:09,532 - INFO - Mean validation loss: 0.27138668298721313
2024-07-15 22:27:11,163 - INFO - New best validation Loss 0.27138668298721313, at epoch 259
2024-07-15 22:27:11,165 - INFO - Epoch 260
-------------------------------
2024-07-15 22:27:11,949 - INFO - Mean training loss: 0.2713872045278549
2024-07-15 22:27:12,489 - INFO - Mean validation loss: 0.27138540893793106
2024-07-15 22:27:14,144 - INFO - New best validation Loss 0.27138540893793106, at epoch 260
2024-07-15 22:27:14,145 - INFO - Epoch 261
-------------------------------
2024-07-15 22:27:14,919 - INFO - Mean training loss: 0.2713858261704445
2024-07-15 22:27:15,466 - INFO - Mean validation loss: 0.27138394117355347
2024-07-15 22:27:17,445 - INFO - New best validation Loss 0.27138394117355347, at epoch 261
2024-07-15 22:27:17,446 - INFO - Epoch 262
-------------------------------
2024-07-15 22:27:18,230 - INFO - Mean training loss: 0.2713843062520027
2024-07-15 22:27:18,774 - INFO - Mean validation loss: 0.27138248831033707
2024-07-15 22:27:20,433 - INFO - New best validation Loss 0.27138248831033707, at epoch 262
2024-07-15 22:27:20,434 - INFO - Epoch 263
-------------------------------
2024-07-15 22:27:21,208 - INFO - Mean training loss: 0.27138296514749527
2024-07-15 22:27:21,784 - INFO - Mean validation loss: 0.27138126641511917
2024-07-15 22:27:23,469 - INFO - New best validation Loss 0.27138126641511917, at epoch 263
2024-07-15 22:27:23,471 - INFO - Epoch 264
-------------------------------
2024-07-15 22:27:24,240 - INFO - Mean training loss: 0.2713814899325371
2024-07-15 22:27:24,794 - INFO - Mean validation loss: 0.2713797017931938
2024-07-15 22:27:26,770 - INFO - New best validation Loss 0.2713797017931938, at epoch 264
2024-07-15 22:27:26,771 - INFO - Epoch 265
-------------------------------
2024-07-15 22:27:27,531 - INFO - Mean training loss: 0.27138005942106247
2024-07-15 22:27:28,070 - INFO - Mean validation loss: 0.27137843519449234
2024-07-15 22:27:29,703 - INFO - New best validation Loss 0.27137843519449234, at epoch 265
2024-07-15 22:27:29,704 - INFO - Epoch 266
-------------------------------
2024-07-15 22:27:30,490 - INFO - Mean training loss: 0.2713788077235222
2024-07-15 22:27:31,065 - INFO - Mean validation loss: 0.2713770195841789
2024-07-15 22:27:32,695 - INFO - New best validation Loss 0.2713770195841789, at epoch 266
2024-07-15 22:27:32,696 - INFO - Epoch 267
-------------------------------
2024-07-15 22:27:33,492 - INFO - Mean training loss: 0.2713773548603058
2024-07-15 22:27:34,079 - INFO - Mean validation loss: 0.2713755890727043
2024-07-15 22:27:35,691 - INFO - New best validation Loss 0.2713755890727043, at epoch 267
2024-07-15 22:27:35,693 - INFO - Epoch 268
-------------------------------
2024-07-15 22:27:36,450 - INFO - Mean training loss: 0.27137618511915207
2024-07-15 22:27:36,976 - INFO - Mean validation loss: 0.27137402445077896
2024-07-15 22:27:38,601 - INFO - New best validation Loss 0.27137402445077896, at epoch 268
2024-07-15 22:27:38,602 - INFO - Epoch 269
-------------------------------
2024-07-15 22:27:39,405 - INFO - Mean training loss: 0.27137433737516403
2024-07-15 22:27:39,994 - INFO - Mean validation loss: 0.271372489631176
2024-07-15 22:27:41,586 - INFO - New best validation Loss 0.271372489631176, at epoch 269
2024-07-15 22:27:41,587 - INFO - Epoch 270
-------------------------------
2024-07-15 22:27:42,357 - INFO - Mean training loss: 0.27137311547994614
2024-07-15 22:27:42,939 - INFO - Mean validation loss: 0.2713710740208626
2024-07-15 22:27:44,577 - INFO - New best validation Loss 0.2713710740208626, at epoch 270
2024-07-15 22:27:44,578 - INFO - Epoch 271
-------------------------------
2024-07-15 22:27:45,344 - INFO - Mean training loss: 0.27137158066034317
2024-07-15 22:27:45,921 - INFO - Mean validation loss: 0.27136941254138947
2024-07-15 22:27:47,547 - INFO - New best validation Loss 0.27136941254138947, at epoch 271
2024-07-15 22:27:47,549 - INFO - Epoch 272
-------------------------------
2024-07-15 22:27:48,325 - INFO - Mean training loss: 0.27136994898319244
2024-07-15 22:27:48,901 - INFO - Mean validation loss: 0.2713681161403656
2024-07-15 22:27:50,545 - INFO - New best validation Loss 0.2713681161403656, at epoch 272
2024-07-15 22:27:50,546 - INFO - Epoch 273
-------------------------------
2024-07-15 22:27:51,303 - INFO - Mean training loss: 0.2713683769106865
2024-07-15 22:27:51,830 - INFO - Mean validation loss: 0.2713664323091507
2024-07-15 22:27:53,445 - INFO - New best validation Loss 0.2713664323091507, at epoch 273
2024-07-15 22:27:53,446 - INFO - Epoch 274
-------------------------------
2024-07-15 22:27:54,218 - INFO - Mean training loss: 0.27136683464050293
2024-07-15 22:27:54,771 - INFO - Mean validation loss: 0.2713649794459343
2024-07-15 22:27:56,434 - INFO - New best validation Loss 0.2713649794459343, at epoch 274
2024-07-15 22:27:56,435 - INFO - Epoch 275
-------------------------------
2024-07-15 22:27:57,204 - INFO - Mean training loss: 0.27136538177728653
2024-07-15 22:27:57,768 - INFO - Mean validation loss: 0.27136343717575073
2024-07-15 22:27:59,772 - INFO - New best validation Loss 0.27136343717575073, at epoch 275
2024-07-15 22:27:59,774 - INFO - Epoch 276
-------------------------------
2024-07-15 22:28:00,556 - INFO - Mean training loss: 0.27136386930942535
2024-07-15 22:28:01,114 - INFO - Mean validation loss: 0.2713615819811821
2024-07-15 22:28:03,090 - INFO - New best validation Loss 0.2713615819811821, at epoch 276
2024-07-15 22:28:03,091 - INFO - Epoch 277
-------------------------------
2024-07-15 22:28:03,875 - INFO - Mean training loss: 0.2713620811700821
2024-07-15 22:28:04,429 - INFO - Mean validation loss: 0.27136003226041794
2024-07-15 22:28:06,431 - INFO - New best validation Loss 0.27136003226041794, at epoch 277
2024-07-15 22:28:06,432 - INFO - Epoch 278
-------------------------------
2024-07-15 22:28:07,206 - INFO - Mean training loss: 0.27136029303073883
2024-07-15 22:28:07,739 - INFO - Mean validation loss: 0.27135811746120453
2024-07-15 22:28:09,346 - INFO - New best validation Loss 0.27135811746120453, at epoch 278
2024-07-15 22:28:09,347 - INFO - Epoch 279
-------------------------------
2024-07-15 22:28:10,122 - INFO - Mean training loss: 0.27135878056287766
2024-07-15 22:28:10,685 - INFO - Mean validation loss: 0.27135662734508514
2024-07-15 22:28:12,313 - INFO - New best validation Loss 0.27135662734508514, at epoch 279
2024-07-15 22:28:12,315 - INFO - Epoch 280
-------------------------------
2024-07-15 22:28:13,116 - INFO - Mean training loss: 0.27135732024908066
2024-07-15 22:28:13,666 - INFO - Mean validation loss: 0.271355003118515
2024-07-15 22:28:15,253 - INFO - New best validation Loss 0.271355003118515, at epoch 280
2024-07-15 22:28:15,254 - INFO - Epoch 281
-------------------------------
2024-07-15 22:28:16,049 - INFO - Mean training loss: 0.27135535329580307
2024-07-15 22:28:16,600 - INFO - Mean validation loss: 0.27135341614484787
2024-07-15 22:28:18,250 - INFO - New best validation Loss 0.27135341614484787, at epoch 281
2024-07-15 22:28:18,251 - INFO - Epoch 282
-------------------------------
2024-07-15 22:28:19,022 - INFO - Mean training loss: 0.27135375887155533
2024-07-15 22:28:19,576 - INFO - Mean validation loss: 0.2713519334793091
2024-07-15 22:28:21,180 - INFO - New best validation Loss 0.2713519334793091, at epoch 282
2024-07-15 22:28:21,181 - INFO - Epoch 283
-------------------------------
2024-07-15 22:28:21,931 - INFO - Mean training loss: 0.2713524103164673
2024-07-15 22:28:22,469 - INFO - Mean validation loss: 0.2713502570986748
2024-07-15 22:28:24,817 - INFO - New best validation Loss 0.2713502570986748, at epoch 283
2024-07-15 22:28:24,819 - INFO - Epoch 284
-------------------------------
2024-07-15 22:28:25,592 - INFO - Mean training loss: 0.27135053277015686
2024-07-15 22:28:26,146 - INFO - Mean validation loss: 0.27134884148836136
2024-07-15 22:28:27,680 - INFO - New best validation Loss 0.27134884148836136, at epoch 284
2024-07-15 22:28:27,681 - INFO - Epoch 285
-------------------------------
2024-07-15 22:28:28,445 - INFO - Mean training loss: 0.27134914696216583
2024-07-15 22:28:29,002 - INFO - Mean validation loss: 0.27134736627340317
2024-07-15 22:28:31,044 - INFO - New best validation Loss 0.27134736627340317, at epoch 285
2024-07-15 22:28:31,045 - INFO - Epoch 286
-------------------------------
2024-07-15 22:28:31,818 - INFO - Mean training loss: 0.2713477835059166
2024-07-15 22:28:32,380 - INFO - Mean validation loss: 0.2713457942008972
2024-07-15 22:28:34,388 - INFO - New best validation Loss 0.2713457942008972, at epoch 286
2024-07-15 22:28:34,389 - INFO - Epoch 287
-------------------------------
2024-07-15 22:28:35,161 - INFO - Mean training loss: 0.2713463082909584
2024-07-15 22:28:35,726 - INFO - Mean validation loss: 0.2713441997766495
2024-07-15 22:28:37,321 - INFO - New best validation Loss 0.2713441997766495, at epoch 287
2024-07-15 22:28:37,322 - INFO - Epoch 288
-------------------------------
2024-07-15 22:28:38,110 - INFO - Mean training loss: 0.27134449034929276
2024-07-15 22:28:38,663 - INFO - Mean validation loss: 0.27134275436401367
2024-07-15 22:28:40,245 - INFO - New best validation Loss 0.27134275436401367, at epoch 288
2024-07-15 22:28:40,246 - INFO - Epoch 289
-------------------------------
2024-07-15 22:28:41,037 - INFO - Mean training loss: 0.27134351432323456
2024-07-15 22:28:41,623 - INFO - Mean validation loss: 0.271340973675251
2024-07-15 22:28:43,262 - INFO - New best validation Loss 0.271340973675251, at epoch 289
2024-07-15 22:28:43,263 - INFO - Epoch 290
-------------------------------
2024-07-15 22:28:44,016 - INFO - Mean training loss: 0.2713412940502167
2024-07-15 22:28:44,581 - INFO - Mean validation loss: 0.27133942395448685
2024-07-15 22:28:46,175 - INFO - New best validation Loss 0.27133942395448685, at epoch 290
2024-07-15 22:28:46,176 - INFO - Epoch 291
-------------------------------
2024-07-15 22:28:46,953 - INFO - Mean training loss: 0.27133969962596893
2024-07-15 22:28:47,493 - INFO - Mean validation loss: 0.27133799344301224
2024-07-15 22:28:49,118 - INFO - New best validation Loss 0.27133799344301224, at epoch 291
2024-07-15 22:28:49,120 - INFO - Epoch 292
-------------------------------
2024-07-15 22:28:49,892 - INFO - Mean training loss: 0.27133823931217194
2024-07-15 22:28:50,432 - INFO - Mean validation loss: 0.27133623510599136
2024-07-15 22:28:52,046 - INFO - New best validation Loss 0.27133623510599136, at epoch 292
2024-07-15 22:28:52,047 - INFO - Epoch 293
-------------------------------
2024-07-15 22:28:52,808 - INFO - Mean training loss: 0.2713370621204376
2024-07-15 22:28:53,371 - INFO - Mean validation loss: 0.2713346853852272
2024-07-15 22:28:54,988 - INFO - New best validation Loss 0.2713346853852272, at epoch 293
2024-07-15 22:28:54,990 - INFO - Epoch 294
-------------------------------
2024-07-15 22:28:55,764 - INFO - Mean training loss: 0.27133526653051376
2024-07-15 22:28:56,315 - INFO - Mean validation loss: 0.27133341133594513
2024-07-15 22:28:58,543 - INFO - New best validation Loss 0.27133341133594513, at epoch 294
2024-07-15 22:28:58,543 - INFO - Epoch 295
-------------------------------
2024-07-15 22:28:59,327 - INFO - Mean training loss: 0.271333746612072
2024-07-15 22:28:59,879 - INFO - Mean validation loss: 0.2713317647576332
2024-07-15 22:29:01,525 - INFO - New best validation Loss 0.2713317647576332, at epoch 295
2024-07-15 22:29:01,526 - INFO - Epoch 296
-------------------------------
2024-07-15 22:29:02,307 - INFO - Mean training loss: 0.271332286298275
2024-07-15 22:29:02,855 - INFO - Mean validation loss: 0.2713301107287407
2024-07-15 22:29:04,496 - INFO - New best validation Loss 0.2713301107287407, at epoch 296
2024-07-15 22:29:04,497 - INFO - Epoch 297
-------------------------------
2024-07-15 22:29:05,293 - INFO - Mean training loss: 0.2713305428624153
2024-07-15 22:29:05,855 - INFO - Mean validation loss: 0.27132850140333176
2024-07-15 22:29:07,474 - INFO - New best validation Loss 0.27132850140333176, at epoch 297
2024-07-15 22:29:07,475 - INFO - Epoch 298
-------------------------------
2024-07-15 22:29:08,275 - INFO - Mean training loss: 0.27132923156023026
2024-07-15 22:29:08,837 - INFO - Mean validation loss: 0.27132680267095566
2024-07-15 22:29:10,449 - INFO - New best validation Loss 0.27132680267095566, at epoch 298
2024-07-15 22:29:10,450 - INFO - Epoch 299
-------------------------------
2024-07-15 22:29:11,194 - INFO - Mean training loss: 0.271327368915081
2024-07-15 22:29:11,726 - INFO - Mean validation loss: 0.271325021982193
2024-07-15 22:29:13,355 - INFO - New best validation Loss 0.271325021982193, at epoch 299
2024-07-15 22:29:13,357 - INFO - Training Finished
