2024-08-20 23:43:22,515 - INFO - NOTE: None
2024-08-20 23:43:22,518 - INFO - Torch, random, numpy seed: 88
2024-08-20 23:43:23,039 - INFO - Starting training from from epoch 0
2024-08-20 23:43:32,107 - INFO - Epoch 1
-------------------------------
2024-08-20 23:43:32,107 - INFO - Learning Rate of group 0: 0.0
2024-08-20 23:44:27,858 - INFO - Maximum gradient before clipping: 1.2532697916030884
2024-08-20 23:44:27,858 - INFO - Minimum gradient before clipping: -0.6138911843299866
2024-08-20 23:44:27,859 - INFO - Mean training L1 loss: 0.13990056172013282
2024-08-20 23:44:27,859 - INFO - Mean training SSIM loss: 0.001964601395156933
2024-08-20 23:44:27,859 - INFO - Mean training MSE loss: 0.024040131121873854
2024-08-20 23:44:36,549 - INFO - Mean validation L1 loss: 0.13946356743574143
2024-08-20 23:44:36,549 - INFO - Mean validation SSIM loss: 0.0020121997175738216
2024-08-20 23:44:36,549 - INFO - Mean validation MSE loss: 0.023973170295357706
2024-08-20 23:44:37,017 - INFO - New best validation Loss 0.13946356743574143, at epoch 1
2024-08-20 23:44:37,024 - INFO - Epoch 2
-------------------------------
2024-08-20 23:44:37,024 - INFO - Learning Rate of group 0: 1.6222445111642722e-05
2024-08-20 23:45:32,000 - INFO - Maximum gradient before clipping: 1.2044165134429932
2024-08-20 23:45:32,000 - INFO - Minimum gradient before clipping: -2.551398277282715
2024-08-20 23:45:32,001 - INFO - Mean training L1 loss: 0.053320414423942565
2024-08-20 23:45:32,001 - INFO - Mean training SSIM loss: 0.00013247299934936895
2024-08-20 23:45:32,001 - INFO - Mean training MSE loss: 0.005259367295075208
2024-08-20 23:45:40,184 - INFO - Mean validation L1 loss: 0.04541380181908607
2024-08-20 23:45:40,184 - INFO - Mean validation SSIM loss: 2.52825526709799e-07
2024-08-20 23:45:40,184 - INFO - Mean validation MSE loss: 0.003913526190444827
2024-08-20 23:45:40,663 - INFO - New best validation Loss 0.04541380181908607, at epoch 2
2024-08-20 23:45:40,667 - INFO - Epoch 3
-------------------------------
2024-08-20 23:45:40,667 - INFO - Learning Rate of group 0: 3.2444890223285445e-05
2024-08-20 23:46:34,881 - INFO - Maximum gradient before clipping: 0.913570761680603
2024-08-20 23:46:34,882 - INFO - Minimum gradient before clipping: -0.9636229872703552
2024-08-20 23:46:34,882 - INFO - Mean training L1 loss: 0.04411993712186813
2024-08-20 23:46:34,882 - INFO - Mean training SSIM loss: 1.415306248564452e-07
2024-08-20 23:46:34,882 - INFO - Mean training MSE loss: 0.0038436982571147383
2024-08-20 23:46:42,893 - INFO - Mean validation L1 loss: 0.04125176265835762
2024-08-20 23:46:42,894 - INFO - Mean validation SSIM loss: 8.382554745889337e-08
2024-08-20 23:46:42,894 - INFO - Mean validation MSE loss: 0.0034368724375963213
2024-08-20 23:46:43,376 - INFO - New best validation Loss 0.04125176265835762, at epoch 3
2024-08-20 23:46:43,379 - INFO - Epoch 4
-------------------------------
2024-08-20 23:46:43,379 - INFO - Learning Rate of group 0: 4.866733533492816e-05
2024-08-20 23:47:37,472 - INFO - Maximum gradient before clipping: 1.0224286317825317
2024-08-20 23:47:37,472 - INFO - Minimum gradient before clipping: -1.4127246141433716
2024-08-20 23:47:37,472 - INFO - Mean training L1 loss: 0.042798047941178086
2024-08-20 23:47:37,472 - INFO - Mean training SSIM loss: 1.8712181273600193e-06
2024-08-20 23:47:37,472 - INFO - Mean training MSE loss: 0.0035763781308196484
2024-08-20 23:47:45,697 - INFO - Mean validation L1 loss: 0.043308815211057665
2024-08-20 23:47:45,697 - INFO - Mean validation SSIM loss: 2.7191315835284335e-07
2024-08-20 23:47:45,697 - INFO - Mean validation MSE loss: 0.003371098646894097
