2024-08-19 05:55:31,581 - INFO - NOTE: None
2024-08-19 05:55:31,584 - INFO - Torch, random, numpy seed: 88
2024-08-19 05:55:32,547 - INFO - Starting training from from epoch 0
2024-08-19 05:55:41,282 - INFO - Epoch 1
-------------------------------
2024-08-19 05:55:41,283 - INFO - Learning Rate of group 0: 0.0
2024-08-19 05:57:30,616 - INFO - Maximum gradient before clipping: 0.7322208285331726
2024-08-19 05:57:30,616 - INFO - Minimum gradient before clipping: -0.17339397966861725
2024-08-19 05:57:30,617 - INFO - Mean training L1 loss: 0.24792133808135985
2024-08-19 05:57:30,617 - INFO - Mean training SSIM loss: 0.0
2024-08-19 05:57:30,617 - INFO - Mean training MSE loss: 0.09336013272404671
2024-08-19 05:57:41,687 - INFO - Mean validation L1 loss: 0.24806136906147003
2024-08-19 05:57:41,687 - INFO - Mean validation SSIM loss: 0.0
2024-08-19 05:57:41,687 - INFO - Mean validation MSE loss: 0.09381898105144501
2024-08-19 05:57:43,590 - INFO - New best validation Loss 0.24806136906147003, at epoch 1
2024-08-19 05:57:43,597 - INFO - Epoch 2
-------------------------------
2024-08-19 05:57:43,597 - INFO - Learning Rate of group 0: 0.0008928525538353735
2024-08-19 05:59:30,824 - INFO - Maximum gradient before clipping: 38.87264633178711
2024-08-19 05:59:30,825 - INFO - Minimum gradient before clipping: -38.87264633178711
2024-08-19 05:59:30,826 - INFO - Mean training L1 loss: 1.0509205077216028
2024-08-19 05:59:30,826 - INFO - Mean training SSIM loss: 0.0
2024-08-19 05:59:30,826 - INFO - Mean training MSE loss: 6.990674939006567
2024-08-19 05:59:41,758 - INFO - Mean validation L1 loss: 0.07266939342021943
2024-08-19 05:59:41,759 - INFO - Mean validation SSIM loss: 0.0
2024-08-19 05:59:41,759 - INFO - Mean validation MSE loss: 0.007132787331938744
2024-08-19 05:59:43,665 - INFO - New best validation Loss 0.07266939342021943, at epoch 2
2024-08-19 05:59:43,669 - INFO - Epoch 3
-------------------------------
2024-08-19 05:59:43,669 - INFO - Learning Rate of group 0: 0.001785705107670747
2024-08-19 06:01:30,653 - INFO - Maximum gradient before clipping: 2.235515594482422
2024-08-19 06:01:30,653 - INFO - Minimum gradient before clipping: -1.9901195764541626
2024-08-19 06:01:30,654 - INFO - Mean training L1 loss: 0.039321506563574075
2024-08-19 06:01:30,654 - INFO - Mean training SSIM loss: 0.0
2024-08-19 06:01:30,654 - INFO - Mean training MSE loss: 0.0028649090707767756
2024-08-19 06:01:41,562 - INFO - Mean validation L1 loss: 0.03300592347979545
2024-08-19 06:01:41,562 - INFO - Mean validation SSIM loss: 0.0
2024-08-19 06:01:41,562 - INFO - Mean validation MSE loss: 0.002143506444990635
2024-08-19 06:01:43,496 - INFO - New best validation Loss 0.03300592347979545, at epoch 3
2024-08-19 06:01:43,500 - INFO - Epoch 4
-------------------------------
2024-08-19 06:01:43,500 - INFO - Learning Rate of group 0: 0.00267855766150612
2024-08-19 06:03:30,609 - INFO - Maximum gradient before clipping: 18775.189453125
2024-08-19 06:03:30,610 - INFO - Minimum gradient before clipping: -18775.189453125
2024-08-19 06:03:30,611 - INFO - Mean training L1 loss: 460.31462540302425
2024-08-19 06:03:30,611 - INFO - Mean training SSIM loss: 0.0
2024-08-19 06:03:30,611 - INFO - Mean training MSE loss: 2833934.463520033
2024-08-19 06:03:41,779 - INFO - Mean validation L1 loss: 1849.8962646484374
2024-08-19 06:03:41,780 - INFO - Mean validation SSIM loss: 0.0
2024-08-19 06:03:41,780 - INFO - Mean validation MSE loss: 4114388.57
2024-08-19 06:03:41,783 - INFO - Epoch 5
-------------------------------
2024-08-19 06:03:41,783 - INFO - Learning Rate of group 0: 0.003571410215341494
2024-08-19 06:05:29,114 - INFO - Maximum gradient before clipping: 35305.94921875
2024-08-19 06:05:29,115 - INFO - Minimum gradient before clipping: -35305.94921875
2024-08-19 06:05:29,116 - INFO - Mean training L1 loss: 875.17463555336
2024-08-19 06:05:29,116 - INFO - Mean training SSIM loss: 0.0
2024-08-19 06:05:29,116 - INFO - Mean training MSE loss: 4203954.9027604675
2024-08-19 06:05:40,077 - INFO - Mean validation L1 loss: 15.30373233795166
2024-08-19 06:05:40,077 - INFO - Mean validation SSIM loss: 0.0
2024-08-19 06:05:40,077 - INFO - Mean validation MSE loss: 398.8223510742188
2024-08-19 06:05:40,080 - INFO - Epoch 6
-------------------------------
2024-08-19 06:05:40,081 - INFO - Learning Rate of group 0: 0.004464262769176867
2024-08-19 06:07:27,017 - INFO - Maximum gradient before clipping: 799.5789794921875
2024-08-19 06:07:27,018 - INFO - Minimum gradient before clipping: -801.22509765625
2024-08-19 06:07:27,018 - INFO - Mean training L1 loss: 10.092512490749359
2024-08-19 06:07:27,018 - INFO - Mean training SSIM loss: 0.0
2024-08-19 06:07:27,018 - INFO - Mean training MSE loss: 200.99000924110413
2024-08-19 06:07:37,889 - INFO - Mean validation L1 loss: 5.202171440124512
2024-08-19 06:07:37,889 - INFO - Mean validation SSIM loss: 0.0
2024-08-19 06:07:37,889 - INFO - Mean validation MSE loss: 53.91309112548828
2024-08-19 06:07:37,893 - INFO - Epoch 7
-------------------------------
2024-08-19 06:07:37,893 - INFO - Learning Rate of group 0: 0.00535711532301224
2024-08-19 06:09:25,243 - INFO - Maximum gradient before clipping: 344.204345703125
2024-08-19 06:09:25,243 - INFO - Minimum gradient before clipping: -384.8946228027344
2024-08-19 06:09:25,244 - INFO - Mean training L1 loss: 3.9609169805049897
2024-08-19 06:09:25,244 - INFO - Mean training SSIM loss: 0.0
2024-08-19 06:09:25,244 - INFO - Mean training MSE loss: 31.632066354751586
2024-08-19 06:09:36,492 - INFO - Mean validation L1 loss: 6.385181770324707
2024-08-19 06:09:36,492 - INFO - Mean validation SSIM loss: 0.0
2024-08-19 06:09:36,492 - INFO - Mean validation MSE loss: 47.331777801513674
2024-08-19 06:09:36,495 - INFO - Epoch 8
-------------------------------
2024-08-19 06:09:36,495 - INFO - Learning Rate of group 0: 0.006249967876847614
2024-08-19 06:11:23,560 - INFO - Maximum gradient before clipping: 351.4483337402344
2024-08-19 06:11:23,561 - INFO - Minimum gradient before clipping: -351.4483337402344
2024-08-19 06:11:23,562 - INFO - Mean training L1 loss: 5.506431724429131
2024-08-19 06:11:23,562 - INFO - Mean training SSIM loss: 0.0
2024-08-19 06:11:23,562 - INFO - Mean training MSE loss: 54.82924992442131
2024-08-19 06:11:34,739 - INFO - Mean validation L1 loss: 2.0443576622009276
2024-08-19 06:11:34,739 - INFO - Mean validation SSIM loss: 0.0
2024-08-19 06:11:34,739 - INFO - Mean validation MSE loss: 6.898874492645263
2024-08-19 06:11:34,742 - INFO - Epoch 9
-------------------------------
2024-08-19 06:11:34,742 - INFO - Learning Rate of group 0: 0.007142820430682988
2024-08-19 06:13:22,373 - INFO - Maximum gradient before clipping: 281.2427978515625
2024-08-19 06:13:22,373 - INFO - Minimum gradient before clipping: -281.2549133300781
2024-08-19 06:13:22,374 - INFO - Mean training L1 loss: 2.656168463230133
2024-08-19 06:13:22,374 - INFO - Mean training SSIM loss: 0.0
2024-08-19 06:13:22,374 - INFO - Mean training MSE loss: 13.4522065192461
2024-08-19 06:13:33,407 - INFO - Mean validation L1 loss: 0.7189172625541687
2024-08-19 06:13:33,407 - INFO - Mean validation SSIM loss: 0.0
2024-08-19 06:13:33,407 - INFO - Mean validation MSE loss: 0.8146869158744812
2024-08-19 06:13:33,410 - INFO - Epoch 10
-------------------------------
2024-08-19 06:13:33,410 - INFO - Learning Rate of group 0: 0.008035672984518362
2024-08-19 06:15:20,584 - INFO - Maximum gradient before clipping: 371.3067932128906
2024-08-19 06:15:20,585 - INFO - Minimum gradient before clipping: -371.3122863769531
2024-08-19 06:15:20,585 - INFO - Mean training L1 loss: 6.4457416203618045
2024-08-19 06:15:20,585 - INFO - Mean training SSIM loss: 0.0
2024-08-19 06:15:20,585 - INFO - Mean training MSE loss: 104.34407353848219
2024-08-19 06:15:32,402 - INFO - Mean validation L1 loss: 4.502930603027344
2024-08-19 06:15:32,402 - INFO - Mean validation SSIM loss: 0.0
2024-08-19 06:15:32,402 - INFO - Mean validation MSE loss: 28.054620056152345
2024-08-19 06:15:32,404 - INFO - Epoch 11
-------------------------------
2024-08-19 06:15:32,405 - INFO - Learning Rate of group 0: 0.008928525538353735
2024-08-19 06:17:19,902 - INFO - Maximum gradient before clipping: 423.1968688964844
2024-08-19 06:17:19,903 - INFO - Minimum gradient before clipping: -423.1968688964844
2024-08-19 06:17:19,903 - INFO - Mean training L1 loss: 2.1602018636465075
2024-08-19 06:17:19,904 - INFO - Mean training SSIM loss: 0.0
2024-08-19 06:17:19,904 - INFO - Mean training MSE loss: 16.10984987065196
2024-08-19 06:17:30,608 - INFO - Mean validation L1 loss: 0.24705926120281219
2024-08-19 06:17:30,609 - INFO - Mean validation SSIM loss: 0.0
2024-08-19 06:17:30,609 - INFO - Mean validation MSE loss: 0.10773267090320587
2024-08-19 06:17:30,612 - INFO - Epoch 12
-------------------------------
2024-08-19 06:17:30,612 - INFO - Learning Rate of group 0: 0.008928525538353735
2024-08-19 06:19:17,952 - INFO - Maximum gradient before clipping: 87.99374389648438
2024-08-19 06:19:17,953 - INFO - Minimum gradient before clipping: -86.43617248535156
2024-08-19 06:19:17,953 - INFO - Mean training L1 loss: 0.2168162329494953
2024-08-19 06:19:17,954 - INFO - Mean training SSIM loss: 0.0
2024-08-19 06:19:17,954 - INFO - Mean training MSE loss: 0.12277203297475353
2024-08-19 06:19:28,690 - INFO - Mean validation L1 loss: 0.05659093111753464
2024-08-19 06:19:28,690 - INFO - Mean validation SSIM loss: 0.0
2024-08-19 06:19:28,690 - INFO - Mean validation MSE loss: 0.005687166433781385
2024-08-19 06:19:28,693 - INFO - Epoch 13
-------------------------------
2024-08-19 06:19:28,693 - INFO - Learning Rate of group 0: 0.008928525538353735
2024-08-19 06:21:15,879 - INFO - Maximum gradient before clipping: 23.392030715942383
2024-08-19 06:21:15,879 - INFO - Minimum gradient before clipping: -23.519262313842773
2024-08-19 06:21:15,880 - INFO - Mean training L1 loss: 0.07976797856390476
2024-08-19 06:21:15,880 - INFO - Mean training SSIM loss: 0.0
2024-08-19 06:21:15,880 - INFO - Mean training MSE loss: 0.009655325300991535
2024-08-19 06:21:26,931 - INFO - Mean validation L1 loss: 0.04163505777716637
2024-08-19 06:21:26,931 - INFO - Mean validation SSIM loss: 0.0
2024-08-19 06:21:26,931 - INFO - Mean validation MSE loss: 0.00279624929651618
2024-08-19 06:21:26,934 - INFO - Epoch 14
-------------------------------
2024-08-19 06:21:26,934 - INFO - Learning Rate of group 0: 0.008928525538353735
2024-08-19 06:23:14,170 - INFO - Maximum gradient before clipping: 19.412141799926758
2024-08-19 06:23:14,171 - INFO - Minimum gradient before clipping: -18.74497413635254
2024-08-19 06:23:14,172 - INFO - Mean training L1 loss: 0.04470099912956357
2024-08-19 06:23:14,172 - INFO - Mean training SSIM loss: 0.0
2024-08-19 06:23:14,172 - INFO - Mean training MSE loss: 0.0035031789389904588
2024-08-19 06:23:25,234 - INFO - Mean validation L1 loss: 0.04541651338338852
2024-08-19 06:23:25,234 - INFO - Mean validation SSIM loss: 0.0
2024-08-19 06:23:25,234 - INFO - Mean validation MSE loss: 0.003471045708283782
2024-08-19 06:23:25,237 - INFO - Epoch 15
-------------------------------
2024-08-19 06:23:25,237 - INFO - Learning Rate of group 0: 0.008928525538353735
2024-08-19 06:25:12,618 - INFO - Maximum gradient before clipping: 14.273345947265625
2024-08-19 06:25:12,618 - INFO - Minimum gradient before clipping: -13.476019859313965
2024-08-19 06:25:12,619 - INFO - Mean training L1 loss: 0.041315895076841115
2024-08-19 06:25:12,619 - INFO - Mean training SSIM loss: 0.0
2024-08-19 06:25:12,619 - INFO - Mean training MSE loss: 0.0030689233576413244
2024-08-19 06:25:23,730 - INFO - Mean validation L1 loss: 0.03397273637354374
2024-08-19 06:25:23,730 - INFO - Mean validation SSIM loss: 0.0
2024-08-19 06:25:23,730 - INFO - Mean validation MSE loss: 0.0023465998703613876
2024-08-19 06:25:23,733 - INFO - Epoch 16
-------------------------------
2024-08-19 06:25:23,733 - INFO - Learning Rate of group 0: 0.008928525538353735
2024-08-19 06:27:11,497 - INFO - Maximum gradient before clipping: 11.417278289794922
2024-08-19 06:27:11,498 - INFO - Minimum gradient before clipping: -10.727599143981934
2024-08-19 06:27:11,499 - INFO - Mean training L1 loss: 0.03448698366060853
2024-08-19 06:27:11,499 - INFO - Mean training SSIM loss: 0.0
2024-08-19 06:27:11,499 - INFO - Mean training MSE loss: 0.0023625507485121487
2024-08-19 06:27:22,381 - INFO - Mean validation L1 loss: 0.03150155998766422
2024-08-19 06:27:22,381 - INFO - Mean validation SSIM loss: 0.0
2024-08-19 06:27:22,381 - INFO - Mean validation MSE loss: 0.0020056655863299965
2024-08-19 06:27:24,299 - INFO - New best validation Loss 0.03150155998766422, at epoch 16
2024-08-19 06:27:24,301 - INFO - Epoch 17
-------------------------------
2024-08-19 06:27:24,301 - INFO - Learning Rate of group 0: 0.008928525538353735
2024-08-19 06:29:11,882 - INFO - Maximum gradient before clipping: 10.280191421508789
2024-08-19 06:29:11,883 - INFO - Minimum gradient before clipping: -8.73987102508545
2024-08-19 06:29:11,884 - INFO - Mean training L1 loss: 0.034055962469428776
2024-08-19 06:29:11,884 - INFO - Mean training SSIM loss: 0.0
2024-08-19 06:29:11,884 - INFO - Mean training MSE loss: 0.0023249284958001227
2024-08-19 06:29:22,813 - INFO - Mean validation L1 loss: 0.03495453536510468
2024-08-19 06:29:22,813 - INFO - Mean validation SSIM loss: 0.0
2024-08-19 06:29:22,813 - INFO - Mean validation MSE loss: 0.002113699223846197
2024-08-19 06:29:22,816 - INFO - Epoch 18
-------------------------------
2024-08-19 06:29:22,816 - INFO - Learning Rate of group 0: 0.008928525538353735
2024-08-19 06:31:09,823 - INFO - Maximum gradient before clipping: 9.156396865844727
2024-08-19 06:31:09,823 - INFO - Minimum gradient before clipping: -7.686061859130859
2024-08-19 06:31:09,824 - INFO - Mean training L1 loss: 0.03338610051199794
2024-08-19 06:31:09,824 - INFO - Mean training SSIM loss: 0.0
2024-08-19 06:31:09,824 - INFO - Mean training MSE loss: 0.0022788691602181645
2024-08-19 06:31:21,177 - INFO - Mean validation L1 loss: 0.03156811848282814
2024-08-19 06:31:21,178 - INFO - Mean validation SSIM loss: 0.0
2024-08-19 06:31:21,178 - INFO - Mean validation MSE loss: 0.0020891907438635826
2024-08-19 06:31:21,181 - INFO - Epoch 19
-------------------------------
2024-08-19 06:31:21,181 - INFO - Learning Rate of group 0: 0.008928525538353735
2024-08-19 06:33:08,684 - INFO - Maximum gradient before clipping: 8.442032814025879
2024-08-19 06:33:08,685 - INFO - Minimum gradient before clipping: -7.090902328491211
2024-08-19 06:33:08,685 - INFO - Mean training L1 loss: 0.03283781312406063
2024-08-19 06:33:08,685 - INFO - Mean training SSIM loss: 0.0
2024-08-19 06:33:08,685 - INFO - Mean training MSE loss: 0.0022234084899537265
2024-08-19 06:33:19,513 - INFO - Mean validation L1 loss: 0.0314686556905508
2024-08-19 06:33:19,513 - INFO - Mean validation SSIM loss: 0.0
2024-08-19 06:33:19,513 - INFO - Mean validation MSE loss: 0.002110129231587052
2024-08-19 06:33:21,450 - INFO - New best validation Loss 0.0314686556905508, at epoch 19
2024-08-19 06:33:21,453 - INFO - Epoch 20
-------------------------------
2024-08-19 06:33:21,453 - INFO - Learning Rate of group 0: 0.008928525538353735
2024-08-19 06:35:09,253 - INFO - Maximum gradient before clipping: 5.756545066833496
2024-08-19 06:35:09,253 - INFO - Minimum gradient before clipping: -5.142121315002441
2024-08-19 06:35:09,254 - INFO - Mean training L1 loss: 0.03211573205888271
2024-08-19 06:35:09,254 - INFO - Mean training SSIM loss: 0.0
2024-08-19 06:35:09,254 - INFO - Mean training MSE loss: 0.002190447092289105
2024-08-19 06:35:20,138 - INFO - Mean validation L1 loss: 0.031222061291337012
2024-08-19 06:35:20,138 - INFO - Mean validation SSIM loss: 0.0
2024-08-19 06:35:20,138 - INFO - Mean validation MSE loss: 0.001981901410035789
2024-08-19 06:35:22,048 - INFO - New best validation Loss 0.031222061291337012, at epoch 20
2024-08-19 06:35:22,051 - INFO - Epoch 21
-------------------------------
2024-08-19 06:35:22,051 - INFO - Learning Rate of group 0: 0.008928525538353735
2024-08-19 06:37:09,768 - INFO - Maximum gradient before clipping: 5.3635640144348145
2024-08-19 06:37:09,769 - INFO - Minimum gradient before clipping: -5.077785491943359
2024-08-19 06:37:09,770 - INFO - Mean training L1 loss: 0.03167017651721835
2024-08-19 06:37:09,770 - INFO - Mean training SSIM loss: 0.0
2024-08-19 06:37:09,770 - INFO - Mean training MSE loss: 0.002131418337812647
2024-08-19 06:37:20,727 - INFO - Mean validation L1 loss: 0.03056392714381218
2024-08-19 06:37:20,727 - INFO - Mean validation SSIM loss: 0.0
2024-08-19 06:37:20,727 - INFO - Mean validation MSE loss: 0.002041013706475496
2024-08-19 06:37:22,656 - INFO - New best validation Loss 0.03056392714381218, at epoch 21
2024-08-19 06:37:22,659 - INFO - Epoch 22
-------------------------------
2024-08-19 06:37:22,660 - INFO - Learning Rate of group 0: 0.008928525538353735
2024-08-19 06:39:10,302 - INFO - Maximum gradient before clipping: 4.844211101531982
2024-08-19 06:39:10,302 - INFO - Minimum gradient before clipping: -4.696291446685791
2024-08-19 06:39:10,303 - INFO - Mean training L1 loss: 0.031642364282160995
2024-08-19 06:39:10,303 - INFO - Mean training SSIM loss: 0.0
2024-08-19 06:39:10,303 - INFO - Mean training MSE loss: 0.002145122493384406
2024-08-19 06:39:21,305 - INFO - Mean validation L1 loss: 0.030950699001550674
2024-08-19 06:39:21,305 - INFO - Mean validation SSIM loss: 0.0
2024-08-19 06:39:21,305 - INFO - Mean validation MSE loss: 0.001958309430629015
2024-08-19 06:39:21,308 - INFO - Epoch 23
-------------------------------
2024-08-19 06:39:21,308 - INFO - Learning Rate of group 0: 0.008928525538353735
2024-08-19 06:41:08,985 - INFO - Maximum gradient before clipping: 5.319755554199219
2024-08-19 06:41:08,986 - INFO - Minimum gradient before clipping: -4.918813705444336
2024-08-19 06:41:08,987 - INFO - Mean training L1 loss: 0.03229649137705565
2024-08-19 06:41:08,987 - INFO - Mean training SSIM loss: 0.0
2024-08-19 06:41:08,987 - INFO - Mean training MSE loss: 0.0021960085455793887
2024-08-19 06:41:19,771 - INFO - Mean validation L1 loss: 0.03219468332827091
2024-08-19 06:41:19,771 - INFO - Mean validation SSIM loss: 0.0
2024-08-19 06:41:19,771 - INFO - Mean validation MSE loss: 0.0022993012610822918
2024-08-19 06:41:19,774 - INFO - Epoch 24
-------------------------------
2024-08-19 06:41:19,774 - INFO - Learning Rate of group 0: 0.008928525538353735
2024-08-19 06:43:06,895 - INFO - Maximum gradient before clipping: 4.085406303405762
2024-08-19 06:43:06,895 - INFO - Minimum gradient before clipping: -3.4680774211883545
2024-08-19 06:43:06,896 - INFO - Mean training L1 loss: 0.03157448971644044
2024-08-19 06:43:06,896 - INFO - Mean training SSIM loss: 0.0
2024-08-19 06:43:06,896 - INFO - Mean training MSE loss: 0.002143920937087387
2024-08-19 06:43:17,870 - INFO - Mean validation L1 loss: 0.030380485877394676
2024-08-19 06:43:17,871 - INFO - Mean validation SSIM loss: 0.0
2024-08-19 06:43:17,871 - INFO - Mean validation MSE loss: 0.0020205882377922536
2024-08-19 06:43:19,783 - INFO - New best validation Loss 0.030380485877394676, at epoch 24
2024-08-19 06:43:19,786 - INFO - Epoch 25
-------------------------------
2024-08-19 06:43:19,787 - INFO - Learning Rate of group 0: 0.008928525538353735
2024-08-19 06:45:07,321 - INFO - Maximum gradient before clipping: 3.503751277923584
2024-08-19 06:45:07,322 - INFO - Minimum gradient before clipping: -3.2841033935546875
2024-08-19 06:45:07,322 - INFO - Mean training L1 loss: 0.031430015210062265
2024-08-19 06:45:07,323 - INFO - Mean training SSIM loss: 0.0
2024-08-19 06:45:07,323 - INFO - Mean training MSE loss: 0.002113588337088004
2024-08-19 06:45:18,465 - INFO - Mean validation L1 loss: 0.03232169061899185
2024-08-19 06:45:18,465 - INFO - Mean validation SSIM loss: 0.0
2024-08-19 06:45:18,465 - INFO - Mean validation MSE loss: 0.002300127763301134
2024-08-19 06:45:18,468 - INFO - Training Finished
