2024-09-10 18:38:01,378 - INFO - NOTE: None
2024-09-10 18:38:01,381 - INFO - Torch, random, numpy seed: 88
2024-09-10 18:38:08,120 - INFO - Starting training from from epoch 1
2024-09-10 18:38:22,423 - INFO - Epoch 1
-------------------------------
2024-09-10 18:38:22,423 - INFO - Learning Rate of group 0: 0.0
2024-09-10 18:40:34,945 - INFO - Maximum gradient before clipping: 5.1863603591918945
2024-09-10 18:40:34,946 - INFO - Minimum gradient before clipping: -1.8061187267303467
2024-09-10 18:40:34,947 - INFO - Mean training L1 loss: 0.1592533740401268
2024-09-10 18:40:34,947 - INFO - Mean training SSIM loss: 0.999802742600441
2024-09-10 18:40:34,947 - INFO - Mean training MSE loss: 0.03020953107625246
2024-09-10 18:40:34,947 - INFO - Mean training VGG loss: 4.747593638896942
2024-09-10 18:40:55,483 - INFO - Mean validation L1 loss: 0.1599093747138977
2024-09-10 18:40:55,484 - INFO - Mean validation SSIM loss: 0.9998631072044373
2024-09-10 18:40:55,484 - INFO - Mean validation MSE loss: 0.030383761152625085
2024-09-10 18:40:55,484 - INFO - Mean validation VGG loss: 4.58038028717041
2024-09-10 18:40:56,451 - INFO - New best validation Loss 0.1599093747138977, at epoch 1
2024-09-10 18:40:56,508 - INFO - Epoch 2
-------------------------------
2024-09-10 18:40:56,508 - INFO - Learning Rate of group 0: 4e-05
2024-09-10 18:42:59,555 - INFO - Maximum gradient before clipping: 3.2710940837860107
2024-09-10 18:42:59,556 - INFO - Minimum gradient before clipping: -2.152829170227051
2024-09-10 18:42:59,556 - INFO - Mean training L1 loss: 0.12476072415709495
2024-09-10 18:42:59,557 - INFO - Mean training SSIM loss: 0.9993405252695083
2024-09-10 18:42:59,557 - INFO - Mean training MSE loss: 0.019097776683047414
2024-09-10 18:42:59,557 - INFO - Mean training VGG loss: 4.383151931762695
2024-09-10 18:43:13,310 - INFO - Mean validation L1 loss: 0.1326926952600479
2024-09-10 18:43:13,310 - INFO - Mean validation SSIM loss: 0.9995926785469055
2024-09-10 18:43:13,310 - INFO - Mean validation MSE loss: 0.021507798731327056
2024-09-10 18:43:13,310 - INFO - Mean validation VGG loss: 4.135485467910766
2024-09-10 18:43:14,278 - INFO - New best validation Loss 0.1326926952600479, at epoch 2
2024-09-10 18:43:14,282 - INFO - Epoch 3
-------------------------------
2024-09-10 18:43:14,283 - INFO - Learning Rate of group 0: 8e-05
2024-09-10 18:45:17,567 - INFO - Maximum gradient before clipping: 3.511794328689575
2024-09-10 18:45:17,567 - INFO - Minimum gradient before clipping: -2.549685001373291
2024-09-10 18:45:17,568 - INFO - Mean training L1 loss: 0.12350265242159367
2024-09-10 18:45:17,568 - INFO - Mean training SSIM loss: 0.9990634524822235
2024-09-10 18:45:17,568 - INFO - Mean training MSE loss: 0.018803462134674192
2024-09-10 18:45:17,568 - INFO - Mean training VGG loss: 4.13951555967331
2024-09-10 18:45:31,634 - INFO - Mean validation L1 loss: 0.13229309171438217
2024-09-10 18:45:31,634 - INFO - Mean validation SSIM loss: 0.999368600845337
2024-09-10 18:45:31,634 - INFO - Mean validation MSE loss: 0.021397975087165833
2024-09-10 18:45:31,634 - INFO - Mean validation VGG loss: 3.9065629291534423
2024-09-10 18:45:33,528 - INFO - New best validation Loss 0.13229309171438217, at epoch 3
2024-09-10 18:45:33,532 - INFO - Epoch 4
-------------------------------
2024-09-10 18:45:33,532 - INFO - Learning Rate of group 0: 0.00012
2024-09-10 18:47:36,789 - INFO - Maximum gradient before clipping: 2.3756301403045654
2024-09-10 18:47:36,789 - INFO - Minimum gradient before clipping: -2.6089844703674316
2024-09-10 18:47:36,790 - INFO - Mean training L1 loss: 0.12478243187069893
2024-09-10 18:47:36,790 - INFO - Mean training SSIM loss: 0.9988136917352677
2024-09-10 18:47:36,790 - INFO - Mean training MSE loss: 0.019275351986289026
2024-09-10 18:47:36,790 - INFO - Mean training VGG loss: 3.980002248287201
2024-09-10 18:47:50,792 - INFO - Mean validation L1 loss: 0.123010892868042
2024-09-10 18:47:50,792 - INFO - Mean validation SSIM loss: 0.9991080403327942
2024-09-10 18:47:50,792 - INFO - Mean validation MSE loss: 0.018663233816623687
2024-09-10 18:47:50,792 - INFO - Mean validation VGG loss: 3.811055898666382
2024-09-10 18:47:51,727 - INFO - New best validation Loss 0.123010892868042, at epoch 4
2024-09-10 18:47:51,731 - INFO - Epoch 5
-------------------------------
2024-09-10 18:47:51,731 - INFO - Learning Rate of group 0: 0.00016
2024-09-10 18:49:54,670 - INFO - Maximum gradient before clipping: 4.633612632751465
2024-09-10 18:49:54,671 - INFO - Minimum gradient before clipping: -3.9451606273651123
2024-09-10 18:49:54,672 - INFO - Mean training L1 loss: 0.05562518106773496
2024-09-10 18:49:54,672 - INFO - Mean training SSIM loss: 0.9643597972393035
2024-09-10 18:49:54,672 - INFO - Mean training MSE loss: 0.005705133677693084
2024-09-10 18:49:54,672 - INFO - Mean training VGG loss: 3.7042031359672545
2024-09-10 18:50:08,836 - INFO - Mean validation L1 loss: 0.03765906780958175
2024-09-10 18:50:08,837 - INFO - Mean validation SSIM loss: 0.9470413994789123
2024-09-10 18:50:08,837 - INFO - Mean validation MSE loss: 0.0027792429737746715
2024-09-10 18:50:08,837 - INFO - Mean validation VGG loss: 3.443721303939819
2024-09-10 18:50:09,878 - INFO - New best validation Loss 0.03765906780958175, at epoch 5
2024-09-10 18:50:09,882 - INFO - Epoch 6
-------------------------------
2024-09-10 18:50:09,882 - INFO - Learning Rate of group 0: 0.0002
2024-09-10 18:52:12,615 - INFO - Maximum gradient before clipping: 3.223778009414673
2024-09-10 18:52:12,616 - INFO - Minimum gradient before clipping: -4.049990177154541
2024-09-10 18:52:12,617 - INFO - Mean training L1 loss: 0.038559637665748596
2024-09-10 18:52:12,617 - INFO - Mean training SSIM loss: 0.9431897020339965
2024-09-10 18:52:12,617 - INFO - Mean training MSE loss: 0.003045199781190604
2024-09-10 18:52:12,617 - INFO - Mean training VGG loss: 3.545337748527527
2024-09-10 18:52:26,273 - INFO - Mean validation L1 loss: 0.035933849215507505
2024-09-10 18:52:26,273 - INFO - Mean validation SSIM loss: 0.9340740418434144
2024-09-10 18:52:26,273 - INFO - Mean validation MSE loss: 0.002675760262645781
2024-09-10 18:52:26,273 - INFO - Mean validation VGG loss: 3.3401334285736084
2024-09-10 18:52:27,323 - INFO - New best validation Loss 0.035933849215507505, at epoch 6
2024-09-10 18:52:27,327 - INFO - Epoch 7
-------------------------------
2024-09-10 18:52:27,327 - INFO - Learning Rate of group 0: 0.00019877498988921623
2024-09-10 18:54:30,170 - INFO - Maximum gradient before clipping: 3.159392833709717
2024-09-10 18:54:30,170 - INFO - Minimum gradient before clipping: -3.3786048889160156
2024-09-10 18:54:30,171 - INFO - Mean training L1 loss: 0.03806036787107587
2024-09-10 18:54:30,171 - INFO - Mean training SSIM loss: 0.934758939743042
2024-09-10 18:54:30,171 - INFO - Mean training MSE loss: 0.0030196508474182337
2024-09-10 18:54:30,171 - INFO - Mean training VGG loss: 3.4650375413894654
2024-09-10 18:54:44,092 - INFO - Mean validation L1 loss: 0.0389031021296978
2024-09-10 18:54:44,092 - INFO - Mean validation SSIM loss: 0.94762047290802
2024-09-10 18:54:44,092 - INFO - Mean validation MSE loss: 0.002739898622967303
2024-09-10 18:54:44,092 - INFO - Mean validation VGG loss: 3.30523211479187
2024-09-10 18:54:44,096 - INFO - Epoch 8
-------------------------------
2024-09-10 18:54:44,097 - INFO - Learning Rate of group 0: 0.00019513012337136782
2024-09-10 18:56:46,953 - INFO - Maximum gradient before clipping: 4.265908241271973
2024-09-10 18:56:46,954 - INFO - Minimum gradient before clipping: -4.051611423492432
2024-09-10 18:56:46,955 - INFO - Mean training L1 loss: 0.03780197385698557
2024-09-10 18:56:46,955 - INFO - Mean training SSIM loss: 0.9332809573411942
2024-09-10 18:56:46,955 - INFO - Mean training MSE loss: 0.0029665450577158483
2024-09-10 18:56:46,955 - INFO - Mean training VGG loss: 3.4209607219696045
2024-09-10 18:57:01,069 - INFO - Mean validation L1 loss: 0.03623876541852951
2024-09-10 18:57:01,069 - INFO - Mean validation SSIM loss: 0.935237066745758
2024-09-10 18:57:01,069 - INFO - Mean validation MSE loss: 0.002594246147200465
2024-09-10 18:57:01,069 - INFO - Mean validation VGG loss: 3.2323360443115234
2024-09-10 18:57:01,073 - INFO - Epoch 9
-------------------------------
2024-09-10 18:57:01,074 - INFO - Learning Rate of group 0: 0.00018915514915674264
2024-09-10 18:59:03,892 - INFO - Maximum gradient before clipping: 3.3059792518615723
2024-09-10 18:59:03,893 - INFO - Minimum gradient before clipping: -3.7005507946014404
2024-09-10 18:59:03,894 - INFO - Mean training L1 loss: 0.035853395871818065
2024-09-10 18:59:03,894 - INFO - Mean training SSIM loss: 0.9217255079746246
2024-09-10 18:59:03,894 - INFO - Mean training MSE loss: 0.0027987231977749617
2024-09-10 18:59:03,894 - INFO - Mean training VGG loss: 3.3694819140434267
2024-09-10 18:59:17,927 - INFO - Mean validation L1 loss: 0.03422867015004158
2024-09-10 18:59:17,927 - INFO - Mean validation SSIM loss: 0.9224548673629761
2024-09-10 18:59:17,927 - INFO - Mean validation MSE loss: 0.0023763195937499403
2024-09-10 18:59:17,927 - INFO - Mean validation VGG loss: 3.202531089782715
2024-09-10 18:59:18,979 - INFO - New best validation Loss 0.03422867015004158, at epoch 9
2024-09-10 18:59:18,983 - INFO - Epoch 10
-------------------------------
2024-09-10 18:59:18,983 - INFO - Learning Rate of group 0: 0.0001809971909403073
2024-09-10 19:01:22,309 - INFO - Maximum gradient before clipping: 3.9664409160614014
2024-09-10 19:01:22,310 - INFO - Minimum gradient before clipping: -3.930163860321045
2024-09-10 19:01:22,311 - INFO - Mean training L1 loss: 0.03578456347808242
2024-09-10 19:01:22,311 - INFO - Mean training SSIM loss: 0.919448401927948
2024-09-10 19:01:22,311 - INFO - Mean training MSE loss: 0.0027653266047127545
2024-09-10 19:01:22,311 - INFO - Mean training VGG loss: 3.3417539858818053
2024-09-10 19:01:36,122 - INFO - Mean validation L1 loss: 0.036282841339707377
2024-09-10 19:01:36,122 - INFO - Mean validation SSIM loss: 0.9320712161064147
2024-09-10 19:01:36,122 - INFO - Mean validation MSE loss: 0.00250160938128829
2024-09-10 19:01:36,122 - INFO - Mean validation VGG loss: 3.181790647506714
2024-09-10 19:01:36,126 - INFO - Epoch 11
-------------------------------
2024-09-10 19:01:36,126 - INFO - Learning Rate of group 0: 0.00017085712472806152
2024-09-10 19:03:39,325 - INFO - Maximum gradient before clipping: 4.063010215759277
2024-09-10 19:03:39,325 - INFO - Minimum gradient before clipping: -5.175609588623047
2024-09-10 19:03:39,326 - INFO - Mean training L1 loss: 0.034529721383005384
2024-09-10 19:03:39,326 - INFO - Mean training SSIM loss: 0.9117430722713471
2024-09-10 19:03:39,326 - INFO - Mean training MSE loss: 0.0026386511721648276
2024-09-10 19:03:39,326 - INFO - Mean training VGG loss: 3.292229435443878
2024-09-10 19:03:53,455 - INFO - Mean validation L1 loss: 0.03223380632698536
2024-09-10 19:03:53,455 - INFO - Mean validation SSIM loss: 0.9064337730407714
2024-09-10 19:03:53,455 - INFO - Mean validation MSE loss: 0.0022601945465430618
2024-09-10 19:03:53,455 - INFO - Mean validation VGG loss: 3.1376175022125246
2024-09-10 19:03:54,396 - INFO - New best validation Loss 0.03223380632698536, at epoch 11
2024-09-10 19:03:54,399 - INFO - Epoch 12
-------------------------------
2024-09-10 19:03:54,400 - INFO - Learning Rate of group 0: 0.00015898463260310112
2024-09-10 19:05:57,285 - INFO - Maximum gradient before clipping: 4.388791561126709
2024-09-10 19:05:57,286 - INFO - Minimum gradient before clipping: -4.21157693862915
2024-09-10 19:05:57,287 - INFO - Mean training L1 loss: 0.034391541741788385
2024-09-10 19:05:57,287 - INFO - Mean training SSIM loss: 0.910509495139122
2024-09-10 19:05:57,287 - INFO - Mean training MSE loss: 0.0026265155395958574
2024-09-10 19:05:57,287 - INFO - Mean training VGG loss: 3.2775533294677732
2024-09-10 19:06:10,939 - INFO - Mean validation L1 loss: 0.0346419931948185
2024-09-10 19:06:10,939 - INFO - Mean validation SSIM loss: 0.921252920627594
2024-09-10 19:06:10,939 - INFO - Mean validation MSE loss: 0.0023931026831269264
2024-09-10 19:06:10,939 - INFO - Mean validation VGG loss: 3.1288455963134765
2024-09-10 19:06:10,943 - INFO - Epoch 13
-------------------------------
2024-09-10 19:06:10,943 - INFO - Learning Rate of group 0: 0.00014567205472408495
2024-09-10 19:08:14,277 - INFO - Maximum gradient before clipping: 3.5757317543029785
2024-09-10 19:08:14,277 - INFO - Minimum gradient before clipping: -3.9831502437591553
2024-09-10 19:08:14,278 - INFO - Mean training L1 loss: 0.03405464258044958
2024-09-10 19:08:14,279 - INFO - Mean training SSIM loss: 0.9047913146018982
2024-09-10 19:08:14,279 - INFO - Mean training MSE loss: 0.002577255131909624
2024-09-10 19:08:14,279 - INFO - Mean training VGG loss: 3.246977243423462
2024-09-10 19:08:28,316 - INFO - Mean validation L1 loss: 0.03259993612766266
2024-09-10 19:08:28,317 - INFO - Mean validation SSIM loss: 0.8999360918998718
2024-09-10 19:08:28,317 - INFO - Mean validation MSE loss: 0.002388979638926685
2024-09-10 19:08:28,317 - INFO - Mean validation VGG loss: 3.089388847351074
2024-09-10 19:08:28,321 - INFO - Epoch 14
-------------------------------
2024-09-10 19:08:28,321 - INFO - Learning Rate of group 0: 0.00013124719094030732
2024-09-10 19:10:31,739 - INFO - Maximum gradient before clipping: 3.4220523834228516
2024-09-10 19:10:31,740 - INFO - Minimum gradient before clipping: -2.710517406463623
2024-09-10 19:10:31,741 - INFO - Mean training L1 loss: 0.03351466920226812
2024-09-10 19:10:31,741 - INFO - Mean training SSIM loss: 0.9035633778572083
2024-09-10 19:10:31,741 - INFO - Mean training MSE loss: 0.0025143816322088243
2024-09-10 19:10:31,741 - INFO - Mean training VGG loss: 3.2240265130996706
2024-09-10 19:10:45,342 - INFO - Mean validation L1 loss: 0.030285510644316675
2024-09-10 19:10:45,342 - INFO - Mean validation SSIM loss: 0.8869913387298584
2024-09-10 19:10:45,342 - INFO - Mean validation MSE loss: 0.002149602808058262
2024-09-10 19:10:45,342 - INFO - Mean validation VGG loss: 3.0470566177368164
2024-09-10 19:10:46,272 - INFO - New best validation Loss 0.030285510644316675, at epoch 14
2024-09-10 19:10:46,276 - INFO - Epoch 15
-------------------------------
2024-09-10 19:10:46,276 - INFO - Learning Rate of group 0: 0.00011606522927150302
2024-09-10 19:12:49,038 - INFO - Maximum gradient before clipping: 3.9146199226379395
2024-09-10 19:12:49,039 - INFO - Minimum gradient before clipping: -6.5933918952941895
2024-09-10 19:12:49,039 - INFO - Mean training L1 loss: 0.03314791563898325
2024-09-10 19:12:49,040 - INFO - Mean training SSIM loss: 0.8981031465530396
2024-09-10 19:12:49,040 - INFO - Mean training MSE loss: 0.002471278520533815
2024-09-10 19:12:49,040 - INFO - Mean training VGG loss: 3.206101932525635
2024-09-10 19:13:03,068 - INFO - Mean validation L1 loss: 0.031045843437314032
2024-09-10 19:13:03,068 - INFO - Mean validation SSIM loss: 0.8872800874710083
2024-09-10 19:13:03,068 - INFO - Mean validation MSE loss: 0.0021868246886879205
2024-09-10 19:13:03,068 - INFO - Mean validation VGG loss: 3.05737473487854
2024-09-10 19:13:03,073 - INFO - Epoch 16
-------------------------------
2024-09-10 19:13:03,073 - INFO - Learning Rate of group 0: 0.00010050000000000003
2024-09-10 19:15:06,060 - INFO - Maximum gradient before clipping: 3.342229127883911
2024-09-10 19:15:06,061 - INFO - Minimum gradient before clipping: -2.754380226135254
2024-09-10 19:15:06,062 - INFO - Mean training L1 loss: 0.03294620530679822
2024-09-10 19:15:06,062 - INFO - Mean training SSIM loss: 0.8961017221212387
2024-09-10 19:15:06,062 - INFO - Mean training MSE loss: 0.002458633071510121
2024-09-10 19:15:06,062 - INFO - Mean training VGG loss: 3.1900268507003786
2024-09-10 19:15:20,411 - INFO - Mean validation L1 loss: 0.03078857861459255
2024-09-10 19:15:20,411 - INFO - Mean validation SSIM loss: 0.8911199545860291
2024-09-10 19:15:20,411 - INFO - Mean validation MSE loss: 0.002199503998272121
2024-09-10 19:15:20,411 - INFO - Mean validation VGG loss: 3.0265425491333007
2024-09-10 19:15:20,415 - INFO - Epoch 17
-------------------------------
2024-09-10 19:15:20,415 - INFO - Learning Rate of group 0: 8.493477072849708e-05
2024-09-10 19:17:23,475 - INFO - Maximum gradient before clipping: 3.338352918624878
2024-09-10 19:17:23,476 - INFO - Minimum gradient before clipping: -2.8277747631073
2024-09-10 19:17:23,476 - INFO - Mean training L1 loss: 0.031811663135886195
2024-09-10 19:17:23,477 - INFO - Mean training SSIM loss: 0.8910258334875106
2024-09-10 19:17:23,477 - INFO - Mean training MSE loss: 0.0023391936882399024
2024-09-10 19:17:23,477 - INFO - Mean training VGG loss: 3.1674542093276976
2024-09-10 19:17:37,556 - INFO - Mean validation L1 loss: 0.029598542153835297
2024-09-10 19:17:37,556 - INFO - Mean validation SSIM loss: 0.8798848295211792
2024-09-10 19:17:37,556 - INFO - Mean validation MSE loss: 0.0020878589898347855
2024-09-10 19:17:37,556 - INFO - Mean validation VGG loss: 3.0110674571990965
2024-09-10 19:17:38,488 - INFO - New best validation Loss 0.029598542153835297, at epoch 17
2024-09-10 19:17:38,493 - INFO - Epoch 18
-------------------------------
2024-09-10 19:17:38,493 - INFO - Learning Rate of group 0: 6.975280905969276e-05
2024-09-10 19:19:41,249 - INFO - Maximum gradient before clipping: 2.9448587894439697
2024-09-10 19:19:41,249 - INFO - Minimum gradient before clipping: -2.5933477878570557
2024-09-10 19:19:41,250 - INFO - Mean training L1 loss: 0.0316834513656795
2024-09-10 19:19:41,250 - INFO - Mean training SSIM loss: 0.8882793354988098
2024-09-10 19:19:41,250 - INFO - Mean training MSE loss: 0.0023260857735294847
2024-09-10 19:19:41,250 - INFO - Mean training VGG loss: 3.1567118334770203
2024-09-10 19:19:55,404 - INFO - Mean validation L1 loss: 0.029338147342205047
2024-09-10 19:19:55,404 - INFO - Mean validation SSIM loss: 0.8704007267951965
2024-09-10 19:19:55,404 - INFO - Mean validation MSE loss: 0.002082989625632763
2024-09-10 19:19:55,404 - INFO - Mean validation VGG loss: 3.002883882522583
2024-09-10 19:19:57,156 - INFO - New best validation Loss 0.029338147342205047, at epoch 18
2024-09-10 19:19:57,160 - INFO - Epoch 19
-------------------------------
2024-09-10 19:19:57,160 - INFO - Learning Rate of group 0: 5.5327945275915107e-05
2024-09-10 19:21:59,970 - INFO - Maximum gradient before clipping: 3.669728994369507
2024-09-10 19:21:59,970 - INFO - Minimum gradient before clipping: -3.0924313068389893
2024-09-10 19:21:59,971 - INFO - Mean training L1 loss: 0.031225994862616062
2024-09-10 19:21:59,971 - INFO - Mean training SSIM loss: 0.8866141617298127
2024-09-10 19:21:59,971 - INFO - Mean training MSE loss: 0.002284797216998413
2024-09-10 19:21:59,971 - INFO - Mean training VGG loss: 3.144700825214386
2024-09-10 19:22:14,231 - INFO - Mean validation L1 loss: 0.029095291644334793
2024-09-10 19:22:14,231 - INFO - Mean validation SSIM loss: 0.8711115288734436
2024-09-10 19:22:14,231 - INFO - Mean validation MSE loss: 0.0020696173887699842
2024-09-10 19:22:14,231 - INFO - Mean validation VGG loss: 2.988160409927368
2024-09-10 19:22:15,165 - INFO - New best validation Loss 0.029095291644334793, at epoch 19
2024-09-10 19:22:15,169 - INFO - Epoch 20
-------------------------------
2024-09-10 19:22:15,170 - INFO - Learning Rate of group 0: 4.201536739689894e-05
2024-09-10 19:24:18,506 - INFO - Maximum gradient before clipping: 2.777705430984497
2024-09-10 19:24:18,506 - INFO - Minimum gradient before clipping: -2.5934090614318848
2024-09-10 19:24:18,507 - INFO - Mean training L1 loss: 0.03108817892149091
2024-09-10 19:24:18,508 - INFO - Mean training SSIM loss: 0.8818923646211624
2024-09-10 19:24:18,508 - INFO - Mean training MSE loss: 0.002269727640086785
2024-09-10 19:24:18,508 - INFO - Mean training VGG loss: 3.1367465925216673
2024-09-10 19:31:58,644 - INFO - Validation split Earthnet Score on epoch 20
2024-09-10 19:31:58,647 - INFO - {'MAD': 0.2363637238740921, 'OLS': 0.3155166506767273, 'EMD': 0.21895016729831696, 'SSIM': 0.14381785690784454, 'EarthNetScore': 0.21140910134978114}
2024-09-10 19:31:58,648 - INFO - Mean validation L1 loss: 0.02901770994067192
2024-09-10 19:31:58,648 - INFO - Mean validation SSIM loss: 0.8685131597518921
2024-09-10 19:31:58,648 - INFO - Mean validation MSE loss: 0.002067267675884068
2024-09-10 19:31:58,648 - INFO - Mean validation VGG loss: 2.984529151916504
2024-09-10 19:31:59,576 - INFO - New best validation Loss 0.02901770994067192, at epoch 20
2024-09-10 19:31:59,580 - INFO - Training Finished
