2024-08-21 02:58:23,397 - INFO - NOTE: None
2024-08-21 02:58:23,400 - INFO - Torch, random, numpy seed: 88
2024-08-21 02:58:24,074 - INFO - Starting training from from epoch 0
2024-08-21 02:58:32,630 - INFO - Epoch 1
-------------------------------
2024-08-21 02:58:32,630 - INFO - Learning Rate of group 0: 0.0
2024-08-21 02:59:24,861 - INFO - Maximum gradient before clipping: 0.8201774954795837
2024-08-21 02:59:24,862 - INFO - Minimum gradient before clipping: -0.35418418049812317
2024-08-21 02:59:24,864 - INFO - Mean training L1 loss: 0.14862391732633115
2024-08-21 02:59:24,864 - INFO - Mean training SSIM loss: 0.002617049147374928
2024-08-21 02:59:24,864 - INFO - Mean training MSE loss: 0.026862871591001748
2024-08-21 02:59:33,628 - INFO - Mean validation L1 loss: 0.14807299375534058
2024-08-21 02:59:33,628 - INFO - Mean validation SSIM loss: 0.002660938866902143
2024-08-21 02:59:33,628 - INFO - Mean validation MSE loss: 0.0267039679735899
2024-08-21 02:59:34,104 - INFO - New best validation Loss 0.14807299375534058, at epoch 1
2024-08-21 02:59:34,110 - INFO - Epoch 2
-------------------------------
2024-08-21 02:59:34,110 - INFO - Learning Rate of group 0: 6.46020432137873e-05
2024-08-21 03:00:24,917 - INFO - Maximum gradient before clipping: 0.6288506984710693
2024-08-21 03:00:24,918 - INFO - Minimum gradient before clipping: -3.101626396179199
2024-08-21 03:00:24,918 - INFO - Mean training L1 loss: 0.053661089055240155
2024-08-21 03:00:24,918 - INFO - Mean training SSIM loss: 0.00015575150294070306
2024-08-21 03:00:24,918 - INFO - Mean training MSE loss: 0.005228966686408967
2024-08-21 03:00:32,577 - INFO - Mean validation L1 loss: 0.04820712119340897
2024-08-21 03:00:32,577 - INFO - Mean validation SSIM loss: 6.023005660154013e-06
2024-08-21 03:00:32,577 - INFO - Mean validation MSE loss: 0.004311829637736082
2024-08-21 03:00:33,059 - INFO - New best validation Loss 0.04820712119340897, at epoch 2
2024-08-21 03:00:33,062 - INFO - Epoch 3
-------------------------------
2024-08-21 03:00:33,062 - INFO - Learning Rate of group 0: 0.0001292040864275746
2024-08-21 03:01:23,688 - INFO - Maximum gradient before clipping: 0.5943700671195984
2024-08-21 03:01:23,688 - INFO - Minimum gradient before clipping: -0.6524755358695984
2024-08-21 03:01:23,689 - INFO - Mean training L1 loss: 0.04688742857426405
2024-08-21 03:01:23,689 - INFO - Mean training SSIM loss: 5.783444542056815e-07
2024-08-21 03:01:23,689 - INFO - Mean training MSE loss: 0.004084975949954241
2024-08-21 03:01:31,390 - INFO - Mean validation L1 loss: 0.043732259273529056
2024-08-21 03:01:31,390 - INFO - Mean validation SSIM loss: 3.135456032055117e-07
2024-08-21 03:01:31,390 - INFO - Mean validation MSE loss: 0.0038003206998109816
2024-08-21 03:01:31,875 - INFO - New best validation Loss 0.043732259273529056, at epoch 3
2024-08-21 03:01:31,878 - INFO - Epoch 4
-------------------------------
2024-08-21 03:01:31,878 - INFO - Learning Rate of group 0: 0.00019380612964136192
2024-08-21 03:02:22,017 - INFO - Maximum gradient before clipping: 0.4954855144023895
2024-08-21 03:02:22,017 - INFO - Minimum gradient before clipping: -0.7164046764373779
2024-08-21 03:02:22,017 - INFO - Mean training L1 loss: 0.046034566648304465
2024-08-21 03:02:22,017 - INFO - Mean training SSIM loss: 7.418713444989899e-07
2024-08-21 03:02:22,017 - INFO - Mean training MSE loss: 0.003974798100534827
2024-08-21 03:02:30,584 - INFO - Mean validation L1 loss: 0.04229328811168671
2024-08-21 03:02:30,584 - INFO - Mean validation SSIM loss: 1.0609038648523584e-07
2024-08-21 03:02:30,584 - INFO - Mean validation MSE loss: 0.0034755427204072476
2024-08-21 03:02:31,066 - INFO - New best validation Loss 0.04229328811168671, at epoch 4
2024-08-21 03:02:31,070 - INFO - Epoch 5
-------------------------------
2024-08-21 03:02:31,070 - INFO - Learning Rate of group 0: 0.0002584081728551492
2024-08-21 03:03:21,673 - INFO - Maximum gradient before clipping: 0.5920732617378235
2024-08-21 03:03:21,673 - INFO - Minimum gradient before clipping: -1.496526837348938
2024-08-21 03:03:21,674 - INFO - Mean training L1 loss: 0.04534243397414684
2024-08-21 03:03:21,674 - INFO - Mean training SSIM loss: 8.801498517517491e-06
2024-08-21 03:03:21,674 - INFO - Mean training MSE loss: 0.0038251570821739734
2024-08-21 03:03:29,354 - INFO - Mean validation L1 loss: 0.043237041234970096
2024-08-21 03:03:29,354 - INFO - Mean validation SSIM loss: 1.8524054402391243e-07
2024-08-21 03:03:29,354 - INFO - Mean validation MSE loss: 0.003402375094592571
2024-08-21 03:03:29,357 - INFO - Epoch 6
-------------------------------
2024-08-21 03:03:29,357 - INFO - Learning Rate of group 0: 0.0003230102160689365
2024-08-21 03:04:19,420 - INFO - Maximum gradient before clipping: 0.5402112603187561
2024-08-21 03:04:19,420 - INFO - Minimum gradient before clipping: -0.8230780363082886
2024-08-21 03:04:19,421 - INFO - Mean training L1 loss: 0.04311375103890896
2024-08-21 03:04:19,421 - INFO - Mean training SSIM loss: 1.123573896851804e-06
2024-08-21 03:04:19,421 - INFO - Mean training MSE loss: 0.0035825255257077517
2024-08-21 03:04:27,479 - INFO - Mean validation L1 loss: 0.03918452188372612
2024-08-21 03:04:27,479 - INFO - Mean validation SSIM loss: 9.25752172120653e-08
2024-08-21 03:04:27,479 - INFO - Mean validation MSE loss: 0.0031103426590561867
2024-08-21 03:04:27,971 - INFO - New best validation Loss 0.03918452188372612, at epoch 6
2024-08-21 03:04:27,974 - INFO - Epoch 7
-------------------------------
2024-08-21 03:04:27,975 - INFO - Learning Rate of group 0: 0.00038761225928272383
2024-08-21 03:05:18,381 - INFO - Maximum gradient before clipping: 0.5964352488517761
2024-08-21 03:05:18,382 - INFO - Minimum gradient before clipping: -0.7723059058189392
2024-08-21 03:05:18,382 - INFO - Mean training L1 loss: 0.04194801863282919
2024-08-21 03:05:18,382 - INFO - Mean training SSIM loss: 8.4881351968491e-07
2024-08-21 03:05:18,382 - INFO - Mean training MSE loss: 0.0033840011432766915
2024-08-21 03:05:26,348 - INFO - Mean validation L1 loss: 0.03775701053440571
2024-08-21 03:05:26,349 - INFO - Mean validation SSIM loss: 3.9607191109070073e-08
2024-08-21 03:05:26,349 - INFO - Mean validation MSE loss: 0.0030462157633155585
2024-08-21 03:05:26,839 - INFO - New best validation Loss 0.03775701053440571, at epoch 7
2024-08-21 03:05:26,842 - INFO - Epoch 8
-------------------------------
2024-08-21 03:05:26,842 - INFO - Learning Rate of group 0: 0.0004522143024965111
2024-08-21 03:06:16,788 - INFO - Maximum gradient before clipping: 0.610486626625061
2024-08-21 03:06:16,788 - INFO - Minimum gradient before clipping: -1.1071224212646484
2024-08-21 03:06:16,788 - INFO - Mean training L1 loss: 0.043889224901795386
2024-08-21 03:06:16,788 - INFO - Mean training SSIM loss: 5.462928609339945e-06
2024-08-21 03:06:16,788 - INFO - Mean training MSE loss: 0.003664025698089972
2024-08-21 03:06:24,783 - INFO - Mean validation L1 loss: 0.04077935673296452
2024-08-21 03:06:24,783 - INFO - Mean validation SSIM loss: 1.5708919199219906e-07
2024-08-21 03:06:24,783 - INFO - Mean validation MSE loss: 0.003654420296661556
2024-08-21 03:06:24,787 - INFO - Epoch 9
-------------------------------
2024-08-21 03:06:24,787 - INFO - Learning Rate of group 0: 0.0005168163457102984
2024-08-21 03:07:15,476 - INFO - Maximum gradient before clipping: 0.5644622445106506
2024-08-21 03:07:15,476 - INFO - Minimum gradient before clipping: -0.7922176122665405
2024-08-21 03:07:15,477 - INFO - Mean training L1 loss: 0.041701455358415844
2024-08-21 03:07:15,477 - INFO - Mean training SSIM loss: 1.213145205990057e-06
2024-08-21 03:07:15,477 - INFO - Mean training MSE loss: 0.0033490714523941277
2024-08-21 03:07:22,725 - INFO - Mean validation L1 loss: 0.03925842061638832
2024-08-21 03:07:22,725 - INFO - Mean validation SSIM loss: 1.0056850149098295e-07
2024-08-21 03:07:22,725 - INFO - Mean validation MSE loss: 0.0033286518976092336
2024-08-21 03:07:22,729 - INFO - Epoch 10
-------------------------------
2024-08-21 03:07:22,729 - INFO - Learning Rate of group 0: 0.0005814183889240857
2024-08-21 03:08:12,901 - INFO - Maximum gradient before clipping: 0.5688750147819519
2024-08-21 03:08:12,901 - INFO - Minimum gradient before clipping: -0.6963918805122375
2024-08-21 03:08:12,901 - INFO - Mean training L1 loss: 0.04190829318016767
2024-08-21 03:08:12,902 - INFO - Mean training SSIM loss: 6.727659652933093e-07
2024-08-21 03:08:12,902 - INFO - Mean training MSE loss: 0.0033663208910729736
2024-08-21 03:08:20,694 - INFO - Mean validation L1 loss: 0.04540191128849983
2024-08-21 03:08:20,694 - INFO - Mean validation SSIM loss: 8.807019378309633e-07
2024-08-21 03:08:20,694 - INFO - Mean validation MSE loss: 0.0032996322866529226
2024-08-21 03:08:20,697 - INFO - Epoch 11
-------------------------------
2024-08-21 03:08:20,697 - INFO - Learning Rate of group 0: 0.000646020432137873
2024-08-21 03:09:10,873 - INFO - Maximum gradient before clipping: 0.7075588703155518
2024-08-21 03:09:10,873 - INFO - Minimum gradient before clipping: -0.775202751159668
2024-08-21 03:09:10,873 - INFO - Mean training L1 loss: 0.04119556132704019
2024-08-21 03:09:10,874 - INFO - Mean training SSIM loss: 5.285400117727157e-07
2024-08-21 03:09:10,874 - INFO - Mean training MSE loss: 0.0032703649159520863
2024-08-21 03:09:19,387 - INFO - Mean validation L1 loss: 0.037098005264997486
2024-08-21 03:09:19,388 - INFO - Mean validation SSIM loss: 1.9430835354050657e-08
2024-08-21 03:09:19,388 - INFO - Mean validation MSE loss: 0.0029261314403265714
2024-08-21 03:09:19,875 - INFO - New best validation Loss 0.037098005264997486, at epoch 11
2024-08-21 03:09:19,878 - INFO - Epoch 12
-------------------------------
2024-08-21 03:09:19,878 - INFO - Learning Rate of group 0: 0.0007106224753516603
2024-08-21 03:10:10,116 - INFO - Maximum gradient before clipping: 0.6470385193824768
2024-08-21 03:10:10,116 - INFO - Minimum gradient before clipping: -0.7563837766647339
2024-08-21 03:10:10,117 - INFO - Mean training L1 loss: 0.03961688892915845
2024-08-21 03:10:10,117 - INFO - Mean training SSIM loss: 9.47266599228419e-07
2024-08-21 03:10:10,117 - INFO - Mean training MSE loss: 0.0031298483652062712
2024-08-21 03:10:18,601 - INFO - Mean validation L1 loss: 0.036353699862957
2024-08-21 03:10:18,601 - INFO - Mean validation SSIM loss: 1.99748091911367e-08
2024-08-21 03:10:18,601 - INFO - Mean validation MSE loss: 0.002830513590015471
2024-08-21 03:10:19,083 - INFO - New best validation Loss 0.036353699862957, at epoch 12
2024-08-21 03:10:19,086 - INFO - Epoch 13
-------------------------------
2024-08-21 03:10:19,086 - INFO - Learning Rate of group 0: 0.0007752245185654477
2024-08-21 03:11:09,168 - INFO - Maximum gradient before clipping: 0.7044551968574524
2024-08-21 03:11:09,168 - INFO - Minimum gradient before clipping: -1.0782859325408936
2024-08-21 03:11:09,168 - INFO - Mean training L1 loss: 0.03982852583751082
2024-08-21 03:11:09,169 - INFO - Mean training SSIM loss: 2.633638718017861e-07
2024-08-21 03:11:09,169 - INFO - Mean training MSE loss: 0.003119106178637594
2024-08-21 03:11:16,780 - INFO - Mean validation L1 loss: 0.04210681959986687
2024-08-21 03:11:16,780 - INFO - Mean validation SSIM loss: 2.2795066912051354e-07
2024-08-21 03:11:16,780 - INFO - Mean validation MSE loss: 0.003000613059848547
2024-08-21 03:11:16,783 - INFO - Epoch 14
-------------------------------
2024-08-21 03:11:16,784 - INFO - Learning Rate of group 0: 0.000839826561779235
2024-08-21 03:12:07,350 - INFO - Maximum gradient before clipping: 0.6026087403297424
2024-08-21 03:12:07,350 - INFO - Minimum gradient before clipping: -0.9231979846954346
2024-08-21 03:12:07,351 - INFO - Mean training L1 loss: 0.038946831878274676
2024-08-21 03:12:07,351 - INFO - Mean training SSIM loss: 5.47544848729653e-07
2024-08-21 03:12:07,351 - INFO - Mean training MSE loss: 0.0030329569906461986
2024-08-21 03:12:15,059 - INFO - Mean validation L1 loss: 0.040419737845659255
2024-08-21 03:12:15,059 - INFO - Mean validation SSIM loss: 1.802556460583915e-07
2024-08-21 03:12:15,060 - INFO - Mean validation MSE loss: 0.002893779007717967
2024-08-21 03:12:15,063 - INFO - Epoch 15
-------------------------------
2024-08-21 03:12:15,063 - INFO - Learning Rate of group 0: 0.0009044286049930222
2024-08-21 03:13:05,281 - INFO - Maximum gradient before clipping: 0.7337784171104431
2024-08-21 03:13:05,281 - INFO - Minimum gradient before clipping: -0.9914577603340149
2024-08-21 03:13:05,282 - INFO - Mean training L1 loss: 0.0414387246966362
2024-08-21 03:13:05,282 - INFO - Mean training SSIM loss: 1.126524236431184e-06
2024-08-21 03:13:05,282 - INFO - Mean training MSE loss: 0.0032619727251585575
2024-08-21 03:13:12,998 - INFO - Mean validation L1 loss: 0.04012199521064758
2024-08-21 03:13:12,998 - INFO - Mean validation SSIM loss: 2.9543162427536628e-08
2024-08-21 03:13:12,998 - INFO - Mean validation MSE loss: 0.0033051133621484043
2024-08-21 03:13:13,001 - INFO - Epoch 16
-------------------------------
2024-08-21 03:13:13,001 - INFO - Learning Rate of group 0: 0.0009690306482068096
2024-08-21 03:14:02,937 - INFO - Maximum gradient before clipping: 0.8117724657058716
2024-08-21 03:14:02,937 - INFO - Minimum gradient before clipping: -1.078438401222229
2024-08-21 03:14:02,937 - INFO - Mean training L1 loss: 0.03931411921977997
2024-08-21 03:14:02,937 - INFO - Mean training SSIM loss: 1.9609092204939114e-06
2024-08-21 03:14:02,937 - INFO - Mean training MSE loss: 0.0030692820553667845
2024-08-21 03:14:10,954 - INFO - Mean validation L1 loss: 0.04024072408676147
2024-08-21 03:14:10,954 - INFO - Mean validation SSIM loss: 3.541008303997728e-07
2024-08-21 03:14:10,954 - INFO - Mean validation MSE loss: 0.0033627050556242466
