2024-07-15 21:53:23,975 - INFO - NOTE: Test overfit train
2024-07-15 21:53:24,666 - INFO - Starting training from from epoch 0
2024-07-15 21:53:24,905 - INFO - Epoch 0
-------------------------------
2024-07-15 21:53:26,032 - INFO - Mean training loss: 34.210231587290764
2024-07-15 21:53:26,440 - INFO - Mean validation loss: 47.69265270233154
2024-07-15 21:53:27,914 - INFO - New best validation Loss 47.69265270233154, at epoch 0
2024-07-15 21:53:27,916 - INFO - Epoch 1
-------------------------------
2024-07-15 21:53:28,585 - INFO - Mean training loss: 21282.873574256897
2024-07-15 21:53:29,034 - INFO - Mean validation loss: 250.3670883178711
2024-07-15 21:53:29,035 - INFO - Epoch 2
-------------------------------
2024-07-15 21:53:29,731 - INFO - Mean training loss: 189.18633270263672
2024-07-15 21:53:30,171 - INFO - Mean validation loss: 143.20793914794922
2024-07-15 21:53:30,171 - INFO - Epoch 3
-------------------------------
2024-07-15 21:53:30,907 - INFO - Mean training loss: 79.73768997192383
2024-07-15 21:53:31,448 - INFO - Mean validation loss: 121.88305282592773
2024-07-15 21:53:31,448 - INFO - Epoch 4
-------------------------------
2024-07-15 21:53:32,164 - INFO - Mean training loss: 89.86358451843262
2024-07-15 21:53:32,711 - INFO - Mean validation loss: 172.4809684753418
2024-07-15 21:53:32,711 - INFO - Epoch 5
-------------------------------
2024-07-15 21:53:33,470 - INFO - Mean training loss: 1580.5473442077637
2024-07-15 21:53:34,008 - INFO - Mean validation loss: 3151.36181640625
2024-07-15 21:53:34,009 - INFO - Epoch 6
-------------------------------
2024-07-15 21:53:34,745 - INFO - Mean training loss: 28966.13671875
2024-07-15 21:53:35,260 - INFO - Mean validation loss: 18637.7490234375
2024-07-15 21:53:35,260 - INFO - Epoch 7
-------------------------------
2024-07-15 21:53:35,995 - INFO - Mean training loss: 19455.98159790039
2024-07-15 21:53:36,531 - INFO - Mean validation loss: 32095.2626953125
2024-07-15 21:53:36,532 - INFO - Epoch 8
-------------------------------
2024-07-15 21:53:37,264 - INFO - Mean training loss: 49603.570068359375
2024-07-15 21:53:37,801 - INFO - Mean validation loss: 1644.34521484375
2024-07-15 21:53:37,801 - INFO - Epoch 9
-------------------------------
2024-07-15 21:53:38,550 - INFO - Mean training loss: 13133.606262207031
2024-07-15 21:53:39,074 - INFO - Mean validation loss: 12294.5556640625
2024-07-15 21:53:39,075 - INFO - Epoch 10
-------------------------------
2024-07-15 21:53:39,819 - INFO - Mean training loss: 18185.015258789062
2024-07-15 21:53:40,376 - INFO - Mean validation loss: 36495.8837890625
2024-07-15 21:53:40,377 - INFO - Epoch 11
-------------------------------
2024-07-15 21:53:41,124 - INFO - Mean training loss: 13468.389770507812
2024-07-15 21:53:41,671 - INFO - Mean validation loss: 8281.97216796875
2024-07-15 21:53:41,672 - INFO - Epoch 12
-------------------------------
2024-07-15 21:53:42,452 - INFO - Mean training loss: 13799.112976074219
2024-07-15 21:53:42,996 - INFO - Mean validation loss: 2140.9385375976562
2024-07-15 21:53:42,996 - INFO - Epoch 13
-------------------------------
2024-07-15 21:53:43,736 - INFO - Mean training loss: 1990.3295288085938
2024-07-15 21:53:44,238 - INFO - Mean validation loss: 3290.57275390625
2024-07-15 21:53:44,238 - INFO - Epoch 14
-------------------------------
2024-07-15 21:53:44,935 - INFO - Mean training loss: 1775.6750946044922
2024-07-15 21:53:45,489 - INFO - Mean validation loss: 1738.5667114257812
2024-07-15 21:53:45,490 - INFO - Epoch 15
-------------------------------
2024-07-15 21:53:46,263 - INFO - Mean training loss: 1510.3533020019531
2024-07-15 21:53:46,816 - INFO - Mean validation loss: 1475.1488647460938
2024-07-15 21:53:46,817 - INFO - Epoch 16
-------------------------------
2024-07-15 21:53:47,570 - INFO - Mean training loss: 866.2050170898438
2024-07-15 21:53:48,088 - INFO - Mean validation loss: 3953.794677734375
2024-07-15 21:53:48,088 - INFO - Epoch 17
-------------------------------
2024-07-15 21:53:48,832 - INFO - Mean training loss: 2602.439666748047
2024-07-15 21:53:49,374 - INFO - Mean validation loss: 4017.5968017578125
2024-07-15 21:53:49,374 - INFO - Epoch 18
-------------------------------
2024-07-15 21:53:50,127 - INFO - Mean training loss: 5331.801513671875
2024-07-15 21:53:50,667 - INFO - Mean validation loss: 4324.968505859375
2024-07-15 21:53:50,667 - INFO - Epoch 19
-------------------------------
2024-07-15 21:53:51,403 - INFO - Mean training loss: 2137.504119873047
2024-07-15 21:53:51,931 - INFO - Mean validation loss: 499.07606506347656
2024-07-15 21:53:51,931 - INFO - Epoch 20
-------------------------------
2024-07-15 21:53:52,681 - INFO - Mean training loss: 474.142578125
2024-07-15 21:53:53,196 - INFO - Mean validation loss: 554.5037384033203
2024-07-15 21:53:53,196 - INFO - Epoch 21
-------------------------------
2024-07-15 21:53:53,900 - INFO - Mean training loss: 552.1105651855469
2024-07-15 21:53:54,429 - INFO - Mean validation loss: 406.2809295654297
2024-07-15 21:53:54,429 - INFO - Epoch 22
-------------------------------
2024-07-15 21:53:55,153 - INFO - Mean training loss: 284.1317939758301
2024-07-15 21:53:55,706 - INFO - Mean validation loss: 239.65660095214844
2024-07-15 21:53:55,706 - INFO - Epoch 23
-------------------------------
2024-07-15 21:53:56,444 - INFO - Mean training loss: 251.5385971069336
2024-07-15 21:53:56,972 - INFO - Mean validation loss: 207.73365020751953
2024-07-15 21:53:56,972 - INFO - Epoch 24
-------------------------------
2024-07-15 21:53:57,686 - INFO - Mean training loss: 146.5555419921875
2024-07-15 21:53:58,187 - INFO - Mean validation loss: 100.66602325439453
2024-07-15 21:53:58,188 - INFO - Epoch 25
-------------------------------
2024-07-15 21:53:58,922 - INFO - Mean training loss: 114.45767974853516
2024-07-15 21:53:59,437 - INFO - Mean validation loss: 96.88422393798828
2024-07-15 21:53:59,438 - INFO - Epoch 26
-------------------------------
2024-07-15 21:54:00,152 - INFO - Mean training loss: 77.10924911499023
2024-07-15 21:54:00,686 - INFO - Mean validation loss: 43.00660419464111
2024-07-15 21:54:02,716 - INFO - New best validation Loss 43.00660419464111, at epoch 26
2024-07-15 21:54:02,717 - INFO - Epoch 27
-------------------------------
2024-07-15 21:54:03,489 - INFO - Mean training loss: 54.43917751312256
2024-07-15 21:54:04,014 - INFO - Mean validation loss: 58.58570671081543
2024-07-15 21:54:04,014 - INFO - Epoch 28
-------------------------------
2024-07-15 21:54:04,735 - INFO - Mean training loss: 54.100982666015625
2024-07-15 21:54:05,701 - INFO - Mean validation loss: 29.146489143371582
2024-07-15 21:54:07,353 - INFO - New best validation Loss 29.146489143371582, at epoch 28
2024-07-15 21:54:07,354 - INFO - Epoch 29
-------------------------------
2024-07-15 21:54:08,111 - INFO - Mean training loss: 26.355772495269775
2024-07-15 21:54:08,633 - INFO - Mean validation loss: 27.471254348754883
2024-07-15 21:54:10,555 - INFO - New best validation Loss 27.471254348754883, at epoch 29
2024-07-15 21:54:10,556 - INFO - Epoch 30
-------------------------------
2024-07-15 21:54:11,342 - INFO - Mean training loss: 37.50690460205078
2024-07-15 21:54:11,876 - INFO - Mean validation loss: 31.821635246276855
2024-07-15 21:54:11,876 - INFO - Epoch 31
-------------------------------
2024-07-15 21:54:12,612 - INFO - Mean training loss: 25.430262565612793
2024-07-15 21:54:13,150 - INFO - Mean validation loss: 27.648670196533203
2024-07-15 21:54:13,151 - INFO - Epoch 32
-------------------------------
2024-07-15 21:54:13,928 - INFO - Mean training loss: 24.67693042755127
2024-07-15 21:54:14,449 - INFO - Mean validation loss: 23.256607055664062
2024-07-15 21:54:16,101 - INFO - New best validation Loss 23.256607055664062, at epoch 32
2024-07-15 21:54:16,102 - INFO - Epoch 33
-------------------------------
2024-07-15 21:54:16,853 - INFO - Mean training loss: 20.411741256713867
2024-07-15 21:54:17,380 - INFO - Mean validation loss: 13.109665870666504
2024-07-15 21:54:18,981 - INFO - New best validation Loss 13.109665870666504, at epoch 33
2024-07-15 21:54:18,982 - INFO - Epoch 34
-------------------------------
2024-07-15 21:54:19,739 - INFO - Mean training loss: 14.448404550552368
2024-07-15 21:54:20,278 - INFO - Mean validation loss: 13.23170804977417
2024-07-15 21:54:20,278 - INFO - Epoch 35
-------------------------------
2024-07-15 21:54:20,992 - INFO - Mean training loss: 11.669775009155273
2024-07-15 21:54:21,501 - INFO - Mean validation loss: 9.740501642227173
2024-07-15 21:54:23,122 - INFO - New best validation Loss 9.740501642227173, at epoch 35
2024-07-15 21:54:23,123 - INFO - Epoch 36
-------------------------------
2024-07-15 21:54:23,874 - INFO - Mean training loss: 9.340996265411377
2024-07-15 21:54:24,409 - INFO - Mean validation loss: 10.48867392539978
2024-07-15 21:54:24,409 - INFO - Epoch 37
-------------------------------
2024-07-15 21:54:25,158 - INFO - Mean training loss: 9.305930137634277
2024-07-15 21:54:25,706 - INFO - Mean validation loss: 10.585285663604736
2024-07-15 21:54:25,706 - INFO - Epoch 38
-------------------------------
2024-07-15 21:54:26,451 - INFO - Mean training loss: 10.305390119552612
2024-07-15 21:54:26,989 - INFO - Mean validation loss: 7.219255685806274
2024-07-15 21:54:28,621 - INFO - New best validation Loss 7.219255685806274, at epoch 38
2024-07-15 21:54:28,622 - INFO - Epoch 39
-------------------------------
2024-07-15 21:54:29,386 - INFO - Mean training loss: 7.5663580894470215
2024-07-15 21:54:29,920 - INFO - Mean validation loss: 7.19221305847168
2024-07-15 21:54:31,528 - INFO - New best validation Loss 7.19221305847168, at epoch 39
2024-07-15 21:54:31,529 - INFO - Epoch 40
-------------------------------
2024-07-15 21:54:32,285 - INFO - Mean training loss: 7.190732359886169
2024-07-15 21:54:32,869 - INFO - Mean validation loss: 6.1568214893341064
2024-07-15 21:54:34,596 - INFO - New best validation Loss 6.1568214893341064, at epoch 40
2024-07-15 21:54:34,597 - INFO - Epoch 41
-------------------------------
2024-07-15 21:54:35,405 - INFO - Mean training loss: 6.477452754974365
2024-07-15 21:54:35,953 - INFO - Mean validation loss: 7.303136825561523
2024-07-15 21:54:35,953 - INFO - Epoch 42
-------------------------------
2024-07-15 21:54:36,680 - INFO - Mean training loss: 6.443381428718567
2024-07-15 21:54:37,221 - INFO - Mean validation loss: 6.860491037368774
2024-07-15 21:54:37,222 - INFO - Epoch 43
-------------------------------
2024-07-15 21:54:37,989 - INFO - Mean training loss: 6.389159560203552
2024-07-15 21:54:38,567 - INFO - Mean validation loss: 9.789567232131958
2024-07-15 21:54:38,568 - INFO - Epoch 44
-------------------------------
2024-07-15 21:54:39,339 - INFO - Mean training loss: 6.6734243631362915
2024-07-15 21:54:39,878 - INFO - Mean validation loss: 8.707927465438843
2024-07-15 21:54:39,879 - INFO - Epoch 45
-------------------------------
2024-07-15 21:54:40,621 - INFO - Mean training loss: 5.939188003540039
2024-07-15 21:54:41,176 - INFO - Mean validation loss: 5.912054657936096
2024-07-15 21:54:43,120 - INFO - New best validation Loss 5.912054657936096, at epoch 45
2024-07-15 21:54:43,121 - INFO - Epoch 46
-------------------------------
2024-07-15 21:54:43,887 - INFO - Mean training loss: 6.228252649307251
2024-07-15 21:54:44,412 - INFO - Mean validation loss: 13.677363872528076
2024-07-15 21:54:44,412 - INFO - Epoch 47
-------------------------------
2024-07-15 21:54:45,149 - INFO - Mean training loss: 12.270371675491333
2024-07-15 21:54:45,688 - INFO - Mean validation loss: 18.863800048828125
2024-07-15 21:54:45,688 - INFO - Epoch 48
-------------------------------
2024-07-15 21:54:46,427 - INFO - Mean training loss: 16.41080641746521
2024-07-15 21:54:46,963 - INFO - Mean validation loss: 13.68555212020874
2024-07-15 21:54:46,963 - INFO - Epoch 49
-------------------------------
2024-07-15 21:54:47,680 - INFO - Mean training loss: 15.761892795562744
2024-07-15 21:54:48,221 - INFO - Mean validation loss: 11.61390471458435
2024-07-15 21:54:48,222 - INFO - Epoch 50
-------------------------------
2024-07-15 21:54:48,960 - INFO - Mean training loss: 12.602171182632446
2024-07-15 21:54:49,494 - INFO - Mean validation loss: 4.065852880477905
2024-07-15 21:54:51,084 - INFO - New best validation Loss 4.065852880477905, at epoch 50
2024-07-15 21:54:51,085 - INFO - Epoch 51
-------------------------------
2024-07-15 21:54:51,883 - INFO - Mean training loss: 8.796308875083923
2024-07-15 21:54:52,404 - INFO - Mean validation loss: 3.49029803276062
2024-07-15 21:54:53,989 - INFO - New best validation Loss 3.49029803276062, at epoch 51
2024-07-15 21:54:53,990 - INFO - Epoch 52
-------------------------------
2024-07-15 21:54:54,800 - INFO - Mean training loss: 7.041140198707581
2024-07-15 21:54:55,345 - INFO - Mean validation loss: 9.655245542526245
2024-07-15 21:54:55,345 - INFO - Epoch 53
-------------------------------
2024-07-15 21:54:56,124 - INFO - Mean training loss: 9.338635087013245
2024-07-15 21:54:56,677 - INFO - Mean validation loss: 10.606424808502197
2024-07-15 21:54:56,677 - INFO - Epoch 54
-------------------------------
2024-07-15 21:54:57,429 - INFO - Mean training loss: 8.760651707649231
2024-07-15 21:54:57,978 - INFO - Mean validation loss: 10.692723751068115
2024-07-15 21:54:57,979 - INFO - Epoch 55
-------------------------------
2024-07-15 21:54:58,729 - INFO - Mean training loss: 9.817604064941406
2024-07-15 21:54:59,256 - INFO - Mean validation loss: 8.813090562820435
2024-07-15 21:54:59,256 - INFO - Epoch 56
-------------------------------
2024-07-15 21:54:59,988 - INFO - Mean training loss: 9.005501985549927
2024-07-15 21:55:00,500 - INFO - Mean validation loss: 8.912467002868652
2024-07-15 21:55:00,500 - INFO - Epoch 57
-------------------------------
2024-07-15 21:55:01,228 - INFO - Mean training loss: 10.376531839370728
2024-07-15 21:55:01,770 - INFO - Mean validation loss: 3.4341256618499756
2024-07-15 21:55:03,389 - INFO - New best validation Loss 3.4341256618499756, at epoch 57
2024-07-15 21:55:03,390 - INFO - Epoch 58
-------------------------------
2024-07-15 21:55:04,173 - INFO - Mean training loss: 6.329073190689087
2024-07-15 21:55:04,716 - INFO - Mean validation loss: 3.5131689310073853
2024-07-15 21:55:04,716 - INFO - Epoch 59
-------------------------------
2024-07-15 21:55:05,440 - INFO - Mean training loss: 4.433177471160889
2024-07-15 21:55:05,985 - INFO - Mean validation loss: 5.749674081802368
2024-07-15 21:55:05,986 - INFO - Epoch 60
-------------------------------
2024-07-15 21:55:06,737 - INFO - Mean training loss: 4.779344856739044
2024-07-15 21:55:07,282 - INFO - Mean validation loss: 5.192573547363281
2024-07-15 21:55:07,282 - INFO - Epoch 61
-------------------------------
2024-07-15 21:55:08,034 - INFO - Mean training loss: 4.362045884132385
2024-07-15 21:55:08,575 - INFO - Mean validation loss: 4.122494220733643
2024-07-15 21:55:08,576 - INFO - Epoch 62
-------------------------------
2024-07-15 21:55:09,357 - INFO - Mean training loss: 3.6392922401428223
2024-07-15 21:55:09,907 - INFO - Mean validation loss: 2.673788547515869
2024-07-15 21:55:11,502 - INFO - New best validation Loss 2.673788547515869, at epoch 62
2024-07-15 21:55:11,503 - INFO - Epoch 63
-------------------------------
2024-07-15 21:55:12,265 - INFO - Mean training loss: 2.855522930622101
2024-07-15 21:55:12,807 - INFO - Mean validation loss: 3.0857694149017334
2024-07-15 21:55:12,807 - INFO - Epoch 64
-------------------------------
2024-07-15 21:55:13,541 - INFO - Mean training loss: 2.710215926170349
2024-07-15 21:55:14,076 - INFO - Mean validation loss: 2.4322381019592285
2024-07-15 21:55:15,701 - INFO - New best validation Loss 2.4322381019592285, at epoch 64
2024-07-15 21:55:15,702 - INFO - Epoch 65
-------------------------------
2024-07-15 21:55:16,437 - INFO - Mean training loss: 2.4333356618881226
2024-07-15 21:55:16,963 - INFO - Mean validation loss: 2.0911917686462402
2024-07-15 21:55:18,587 - INFO - New best validation Loss 2.0911917686462402, at epoch 65
2024-07-15 21:55:18,588 - INFO - Epoch 66
-------------------------------
2024-07-15 21:55:19,344 - INFO - Mean training loss: 2.2043458223342896
2024-07-15 21:55:19,881 - INFO - Mean validation loss: 1.9732745289802551
2024-07-15 21:55:21,486 - INFO - New best validation Loss 1.9732745289802551, at epoch 66
2024-07-15 21:55:21,487 - INFO - Epoch 67
-------------------------------
2024-07-15 21:55:22,253 - INFO - Mean training loss: 1.9923055171966553
2024-07-15 21:55:22,786 - INFO - Mean validation loss: 2.1434107422828674
2024-07-15 21:55:22,786 - INFO - Epoch 68
-------------------------------
2024-07-15 21:55:23,514 - INFO - Mean training loss: 1.9429237842559814
2024-07-15 21:55:24,047 - INFO - Mean validation loss: 2.13936847448349
2024-07-15 21:55:24,047 - INFO - Epoch 69
-------------------------------
2024-07-15 21:55:24,799 - INFO - Mean training loss: 1.945803463459015
2024-07-15 21:55:25,352 - INFO - Mean validation loss: 1.9750844240188599
2024-07-15 21:55:25,352 - INFO - Epoch 70
-------------------------------
2024-07-15 21:55:26,105 - INFO - Mean training loss: 1.9513784050941467
2024-07-15 21:55:26,676 - INFO - Mean validation loss: 1.8241537809371948
2024-07-15 21:55:28,284 - INFO - New best validation Loss 1.8241537809371948, at epoch 70
2024-07-15 21:55:28,285 - INFO - Epoch 71
-------------------------------
2024-07-15 21:55:29,072 - INFO - Mean training loss: 1.9452528357505798
2024-07-15 21:55:29,614 - INFO - Mean validation loss: 1.8249040246009827
2024-07-15 21:55:29,614 - INFO - Epoch 72
-------------------------------
2024-07-15 21:55:30,373 - INFO - Mean training loss: 1.9798398613929749
2024-07-15 21:55:30,916 - INFO - Mean validation loss: 2.1064928770065308
2024-07-15 21:55:30,916 - INFO - Epoch 73
-------------------------------
2024-07-15 21:55:31,660 - INFO - Mean training loss: 2.00946581363678
2024-07-15 21:55:32,152 - INFO - Mean validation loss: 2.5802420377731323
2024-07-15 21:55:32,153 - INFO - Epoch 74
-------------------------------
2024-07-15 21:55:32,928 - INFO - Mean training loss: 1.974642813205719
2024-07-15 21:55:33,455 - INFO - Mean validation loss: 2.4779635667800903
2024-07-15 21:55:33,456 - INFO - Epoch 75
-------------------------------
2024-07-15 21:55:34,187 - INFO - Mean training loss: 1.902254045009613
2024-07-15 21:55:34,711 - INFO - Mean validation loss: 2.4348368048667908
2024-07-15 21:55:34,712 - INFO - Epoch 76
-------------------------------
2024-07-15 21:55:35,461 - INFO - Mean training loss: 1.8540789484977722
2024-07-15 21:55:36,025 - INFO - Mean validation loss: 2.3550755977630615
2024-07-15 21:55:36,026 - INFO - Epoch 77
-------------------------------
2024-07-15 21:55:36,802 - INFO - Mean training loss: 1.8038396835327148
2024-07-15 21:55:37,337 - INFO - Mean validation loss: 2.0288540720939636
2024-07-15 21:55:37,338 - INFO - Epoch 78
-------------------------------
2024-07-15 21:55:38,109 - INFO - Mean training loss: 1.80900239944458
2024-07-15 21:55:38,647 - INFO - Mean validation loss: 1.4962060451507568
2024-07-15 21:55:40,297 - INFO - New best validation Loss 1.4962060451507568, at epoch 78
2024-07-15 21:55:40,298 - INFO - Epoch 79
-------------------------------
2024-07-15 21:55:41,094 - INFO - Mean training loss: 1.791555643081665
2024-07-15 21:55:41,621 - INFO - Mean validation loss: 1.3344832062721252
2024-07-15 21:55:43,227 - INFO - New best validation Loss 1.3344832062721252, at epoch 79
2024-07-15 21:55:43,228 - INFO - Epoch 80
-------------------------------
2024-07-15 21:55:44,018 - INFO - Mean training loss: 1.7660663425922394
2024-07-15 21:55:44,554 - INFO - Mean validation loss: 1.3376609683036804
2024-07-15 21:55:44,555 - INFO - Epoch 81
-------------------------------
2024-07-15 21:55:45,298 - INFO - Mean training loss: 1.5232422351837158
2024-07-15 21:55:45,855 - INFO - Mean validation loss: 1.8481128811836243
2024-07-15 21:55:45,855 - INFO - Epoch 82
-------------------------------
2024-07-15 21:55:46,622 - INFO - Mean training loss: 1.5082554519176483
2024-07-15 21:55:47,129 - INFO - Mean validation loss: 1.3371641039848328
2024-07-15 21:55:47,129 - INFO - Epoch 83
-------------------------------
2024-07-15 21:55:47,881 - INFO - Mean training loss: 1.5686056017875671
2024-07-15 21:55:48,408 - INFO - Mean validation loss: 1.6411176919937134
2024-07-15 21:55:48,408 - INFO - Epoch 84
-------------------------------
2024-07-15 21:55:49,160 - INFO - Mean training loss: 1.513485461473465
2024-07-15 21:55:49,690 - INFO - Mean validation loss: 1.755448043346405
2024-07-15 21:55:49,690 - INFO - Epoch 85
-------------------------------
2024-07-15 21:55:50,433 - INFO - Mean training loss: 1.6472876071929932
2024-07-15 21:55:50,971 - INFO - Mean validation loss: 1.2345574796199799
2024-07-15 21:55:52,614 - INFO - New best validation Loss 1.2345574796199799, at epoch 85
2024-07-15 21:55:52,615 - INFO - Epoch 86
-------------------------------
2024-07-15 21:55:53,392 - INFO - Mean training loss: 1.3219234645366669
2024-07-15 21:55:53,923 - INFO - Mean validation loss: 2.1245086193084717
2024-07-15 21:55:53,923 - INFO - Epoch 87
-------------------------------
2024-07-15 21:55:54,740 - INFO - Mean training loss: 1.5902784764766693
2024-07-15 21:55:55,284 - INFO - Mean validation loss: 1.177588403224945
2024-07-15 21:55:56,883 - INFO - New best validation Loss 1.177588403224945, at epoch 87
2024-07-15 21:55:56,883 - INFO - Epoch 88
-------------------------------
2024-07-15 21:55:57,636 - INFO - Mean training loss: 1.6396234035491943
2024-07-15 21:55:58,161 - INFO - Mean validation loss: 1.2691490352153778
2024-07-15 21:55:58,161 - INFO - Epoch 89
-------------------------------
2024-07-15 21:55:58,889 - INFO - Mean training loss: 1.1885554492473602
2024-07-15 21:55:59,390 - INFO - Mean validation loss: 1.3736705780029297
2024-07-15 21:55:59,391 - INFO - Epoch 90
-------------------------------
2024-07-15 21:56:00,155 - INFO - Mean training loss: 1.6288234889507294
2024-07-15 21:56:00,703 - INFO - Mean validation loss: 1.1728618741035461
2024-07-15 21:56:02,299 - INFO - New best validation Loss 1.1728618741035461, at epoch 90
2024-07-15 21:56:02,300 - INFO - Epoch 91
-------------------------------
2024-07-15 21:56:03,090 - INFO - Mean training loss: 1.3899414837360382
2024-07-15 21:56:03,639 - INFO - Mean validation loss: 1.9251660108566284
2024-07-15 21:56:03,640 - INFO - Epoch 92
-------------------------------
2024-07-15 21:56:04,378 - INFO - Mean training loss: 1.4553485214710236
2024-07-15 21:56:04,894 - INFO - Mean validation loss: 1.0652259588241577
2024-07-15 21:56:06,779 - INFO - New best validation Loss 1.0652259588241577, at epoch 92
2024-07-15 21:56:06,780 - INFO - Epoch 93
-------------------------------
2024-07-15 21:56:07,555 - INFO - Mean training loss: 1.0772138833999634
2024-07-15 21:56:08,098 - INFO - Mean validation loss: 1.2525109648704529
2024-07-15 21:56:08,099 - INFO - Epoch 94
-------------------------------
2024-07-15 21:56:08,834 - INFO - Mean training loss: 1.6631775498390198
2024-07-15 21:56:09,353 - INFO - Mean validation loss: 1.2424926161766052
2024-07-15 21:56:09,353 - INFO - Epoch 95
-------------------------------
2024-07-15 21:56:10,068 - INFO - Mean training loss: 1.1981483399868011
2024-07-15 21:56:10,592 - INFO - Mean validation loss: 1.2317962646484375
2024-07-15 21:56:10,593 - INFO - Epoch 96
-------------------------------
2024-07-15 21:56:11,343 - INFO - Mean training loss: 1.6269039809703827
2024-07-15 21:56:11,893 - INFO - Mean validation loss: 1.2399542331695557
2024-07-15 21:56:11,894 - INFO - Epoch 97
-------------------------------
2024-07-15 21:56:12,622 - INFO - Mean training loss: 1.4705082774162292
2024-07-15 21:56:13,147 - INFO - Mean validation loss: 1.5104833543300629
2024-07-15 21:56:13,148 - INFO - Epoch 98
-------------------------------
2024-07-15 21:56:13,920 - INFO - Mean training loss: 1.4732645452022552
2024-07-15 21:56:14,469 - INFO - Mean validation loss: 1.8441558480262756
2024-07-15 21:56:14,469 - INFO - Epoch 99
-------------------------------
2024-07-15 21:56:15,208 - INFO - Mean training loss: 1.457059532403946
2024-07-15 21:56:15,751 - INFO - Mean validation loss: 1.394465059041977
2024-07-15 21:56:15,752 - INFO - Training Finished
