2024-08-21 13:56:32,410 - INFO - NOTE: None
2024-08-21 13:56:32,412 - INFO - Torch, random, numpy seed: 88
2024-08-21 13:56:33,174 - INFO - Starting training from from epoch 0
2024-08-21 13:56:41,628 - INFO - Epoch 1
-------------------------------
2024-08-21 13:56:41,629 - INFO - Learning Rate of group 0: 0.0
2024-08-21 13:58:21,354 - INFO - Maximum gradient before clipping: 7.466047763824463
2024-08-21 13:58:21,354 - INFO - Minimum gradient before clipping: -4.944422245025635
2024-08-21 13:58:21,355 - INFO - Mean training L1 loss: 0.12261921346187592
2024-08-21 13:58:21,355 - INFO - Mean training SSIM loss: 0.000685033451882191
2024-08-21 13:58:21,355 - INFO - Mean training MSE loss: 0.022370782420039176
2024-08-21 13:58:31,614 - INFO - Mean validation L1 loss: 0.12210041224956512
2024-08-21 13:58:31,614 - INFO - Mean validation SSIM loss: 0.000522674429230392
2024-08-21 13:58:31,614 - INFO - Mean validation MSE loss: 0.0220815247297287
2024-08-21 13:58:33,444 - INFO - New best validation Loss 0.12210041224956512, at epoch 1
2024-08-21 13:58:33,451 - INFO - Epoch 2
-------------------------------
2024-08-21 13:58:33,451 - INFO - Learning Rate of group 0: 0.00011303097133090212
2024-08-21 14:00:11,808 - INFO - Maximum gradient before clipping: 18.151884078979492
2024-08-21 14:00:11,809 - INFO - Minimum gradient before clipping: -20.201526641845703
2024-08-21 14:00:11,809 - INFO - Mean training L1 loss: 0.06252451315522194
2024-08-21 14:00:11,810 - INFO - Mean training SSIM loss: 0.0003498344807045628
2024-08-21 14:00:11,810 - INFO - Mean training MSE loss: 0.008950512479059399
2024-08-21 14:00:22,294 - INFO - Mean validation L1 loss: 0.04270649909973145
2024-08-21 14:00:22,294 - INFO - Mean validation SSIM loss: 1.8795459411080628e-07
2024-08-21 14:00:22,294 - INFO - Mean validation MSE loss: 0.0035947321355342867
2024-08-21 14:00:24,171 - INFO - New best validation Loss 0.04270649909973145, at epoch 2
2024-08-21 14:00:24,174 - INFO - Epoch 3
-------------------------------
2024-08-21 14:00:24,175 - INFO - Learning Rate of group 0: 0.00022606194266180425
2024-08-21 14:02:01,900 - INFO - Maximum gradient before clipping: 3.9284181594848633
2024-08-21 14:02:01,900 - INFO - Minimum gradient before clipping: -4.807991027832031
2024-08-21 14:02:01,901 - INFO - Mean training L1 loss: 0.04568703573197126
2024-08-21 14:02:01,901 - INFO - Mean training SSIM loss: 6.785837969425224e-07
2024-08-21 14:02:01,901 - INFO - Mean training MSE loss: 0.004039221901912242
2024-08-21 14:02:12,453 - INFO - Mean validation L1 loss: 0.042235398441553114
2024-08-21 14:02:12,453 - INFO - Mean validation SSIM loss: 4.7279336614636234e-08
2024-08-21 14:02:12,453 - INFO - Mean validation MSE loss: 0.00337267373688519
2024-08-21 14:02:14,325 - INFO - New best validation Loss 0.042235398441553114, at epoch 3
2024-08-21 14:02:14,328 - INFO - Epoch 4
-------------------------------
2024-08-21 14:02:14,328 - INFO - Learning Rate of group 0: 0.0003390929139927063
2024-08-21 14:03:51,976 - INFO - Maximum gradient before clipping: 3.7635693550109863
2024-08-21 14:03:51,977 - INFO - Minimum gradient before clipping: -5.376690864562988
2024-08-21 14:03:51,977 - INFO - Mean training L1 loss: 0.043260463997721675
2024-08-21 14:03:51,978 - INFO - Mean training SSIM loss: 3.490603061571118e-06
2024-08-21 14:03:51,978 - INFO - Mean training MSE loss: 0.0036190408107358964
2024-08-21 14:04:01,910 - INFO - Mean validation L1 loss: 0.040159366503357885
2024-08-21 14:04:01,910 - INFO - Mean validation SSIM loss: 5.407789272604546e-08
2024-08-21 14:04:01,910 - INFO - Mean validation MSE loss: 0.003151321914047003
2024-08-21 14:04:03,806 - INFO - New best validation Loss 0.040159366503357885, at epoch 4
2024-08-21 14:04:03,810 - INFO - Epoch 5
-------------------------------
2024-08-21 14:04:03,810 - INFO - Learning Rate of group 0: 0.0004521238853236085
2024-08-21 14:05:42,052 - INFO - Maximum gradient before clipping: 3.2045044898986816
2024-08-21 14:05:42,053 - INFO - Minimum gradient before clipping: -5.120828151702881
2024-08-21 14:05:42,053 - INFO - Mean training L1 loss: 0.04146432152017951
2024-08-21 14:05:42,053 - INFO - Mean training SSIM loss: 6.279777063000758e-07
2024-08-21 14:05:42,053 - INFO - Mean training MSE loss: 0.0033535154594574123
2024-08-21 14:05:52,976 - INFO - Mean validation L1 loss: 0.04641782492399216
2024-08-21 14:05:52,976 - INFO - Mean validation SSIM loss: 8.505736959847354e-06
2024-08-21 14:05:52,976 - INFO - Mean validation MSE loss: 0.004346331153064966
2024-08-21 14:05:52,979 - INFO - Epoch 6
-------------------------------
2024-08-21 14:05:52,979 - INFO - Learning Rate of group 0: 0.0005651548566545106
2024-08-21 14:07:31,217 - INFO - Maximum gradient before clipping: 3.7211928367614746
2024-08-21 14:07:31,218 - INFO - Minimum gradient before clipping: -5.464322090148926
2024-08-21 14:07:31,218 - INFO - Mean training L1 loss: 0.04196208700537682
2024-08-21 14:07:31,219 - INFO - Mean training SSIM loss: 5.581487158762277e-07
2024-08-21 14:07:31,219 - INFO - Mean training MSE loss: 0.0034929886786267163
2024-08-21 14:07:41,622 - INFO - Mean validation L1 loss: 0.041158712655305865
2024-08-21 14:07:41,622 - INFO - Mean validation SSIM loss: 6.583297007978217e-08
2024-08-21 14:07:41,622 - INFO - Mean validation MSE loss: 0.003302873866632581
2024-08-21 14:07:41,625 - INFO - Epoch 7
-------------------------------
2024-08-21 14:07:41,625 - INFO - Learning Rate of group 0: 0.0005651548566545106
2024-08-21 14:09:19,357 - INFO - Maximum gradient before clipping: 3.5077736377716064
2024-08-21 14:09:19,357 - INFO - Minimum gradient before clipping: -5.912220478057861
2024-08-21 14:09:19,358 - INFO - Mean training L1 loss: 0.04109134238213301
2024-08-21 14:09:19,358 - INFO - Mean training SSIM loss: 1.845923378416825e-06
2024-08-21 14:09:19,358 - INFO - Mean training MSE loss: 0.003323650126112625
2024-08-21 14:09:29,543 - INFO - Mean validation L1 loss: 0.036941650733351705
2024-08-21 14:09:29,543 - INFO - Mean validation SSIM loss: 3.5885704652849347e-08
2024-08-21 14:09:29,543 - INFO - Mean validation MSE loss: 0.0027893496258184314
2024-08-21 14:09:31,429 - INFO - New best validation Loss 0.036941650733351705, at epoch 7
2024-08-21 14:09:31,432 - INFO - Epoch 8
-------------------------------
2024-08-21 14:09:31,432 - INFO - Learning Rate of group 0: 0.0005651548566545106
2024-08-21 14:11:09,030 - INFO - Maximum gradient before clipping: 3.9355757236480713
2024-08-21 14:11:09,030 - INFO - Minimum gradient before clipping: -5.808620452880859
2024-08-21 14:11:09,031 - INFO - Mean training L1 loss: 0.04139000914990902
2024-08-21 14:11:09,031 - INFO - Mean training SSIM loss: 3.9748034502751214e-06
2024-08-21 14:11:09,031 - INFO - Mean training MSE loss: 0.003273248929763213
2024-08-21 14:11:18,994 - INFO - Mean validation L1 loss: 0.04396422877907753
2024-08-21 14:11:18,994 - INFO - Mean validation SSIM loss: 2.389494327275088e-06
2024-08-21 14:11:18,995 - INFO - Mean validation MSE loss: 0.003934817826375365
2024-08-21 14:11:18,998 - INFO - Epoch 9
-------------------------------
2024-08-21 14:11:18,998 - INFO - Learning Rate of group 0: 0.0005651548566545106
2024-08-21 14:12:56,727 - INFO - Maximum gradient before clipping: 3.8620221614837646
2024-08-21 14:12:56,727 - INFO - Minimum gradient before clipping: -4.576423168182373
2024-08-21 14:12:56,728 - INFO - Mean training L1 loss: 0.03892794979736209
2024-08-21 14:12:56,728 - INFO - Mean training SSIM loss: 1.540977849200098e-07
2024-08-21 14:12:56,728 - INFO - Mean training MSE loss: 0.0030290410679299383
2024-08-21 14:13:07,083 - INFO - Mean validation L1 loss: 0.03669355757534504
2024-08-21 14:13:07,083 - INFO - Mean validation SSIM loss: 2.1707778840029944e-08
2024-08-21 14:13:07,083 - INFO - Mean validation MSE loss: 0.002897464232519269
2024-08-21 14:13:08,961 - INFO - New best validation Loss 0.03669355757534504, at epoch 9
2024-08-21 14:13:08,964 - INFO - Epoch 10
-------------------------------
2024-08-21 14:13:08,964 - INFO - Learning Rate of group 0: 0.0005651548566545106
2024-08-21 14:14:46,638 - INFO - Maximum gradient before clipping: 4.257201194763184
2024-08-21 14:14:46,639 - INFO - Minimum gradient before clipping: -5.915115833282471
2024-08-21 14:14:46,640 - INFO - Mean training L1 loss: 0.03825859721750021
2024-08-21 14:14:46,640 - INFO - Mean training SSIM loss: 7.478403140365186e-07
2024-08-21 14:14:46,640 - INFO - Mean training MSE loss: 0.0029627523955423384
2024-08-21 14:14:56,903 - INFO - Mean validation L1 loss: 0.036905680298805234
2024-08-21 14:14:56,903 - INFO - Mean validation SSIM loss: 9.393757536099723e-08
2024-08-21 14:14:56,903 - INFO - Mean validation MSE loss: 0.0029814082756638525
2024-08-21 14:14:56,906 - INFO - Epoch 11
-------------------------------
2024-08-21 14:14:56,906 - INFO - Learning Rate of group 0: 0.0005651548566545106
2024-08-21 14:16:34,928 - INFO - Maximum gradient before clipping: 3.6042351722717285
2024-08-21 14:16:34,929 - INFO - Minimum gradient before clipping: -4.991930961608887
2024-08-21 14:16:34,929 - INFO - Mean training L1 loss: 0.037080188374966384
2024-08-21 14:16:34,930 - INFO - Mean training SSIM loss: 4.4606262271165707e-08
2024-08-21 14:16:34,930 - INFO - Mean training MSE loss: 0.0028449203167110683
2024-08-21 14:16:45,633 - INFO - Mean validation L1 loss: 0.03769007831811905
2024-08-21 14:16:45,633 - INFO - Mean validation SSIM loss: 1.591894902486235e-07
2024-08-21 14:16:45,633 - INFO - Mean validation MSE loss: 0.0030710909608751536
2024-08-21 14:16:45,636 - INFO - Epoch 12
-------------------------------
2024-08-21 14:16:45,636 - INFO - Learning Rate of group 0: 0.0005651548566545106
2024-08-21 14:18:23,731 - INFO - Maximum gradient before clipping: 4.1986775398254395
2024-08-21 14:18:23,731 - INFO - Minimum gradient before clipping: -5.895934581756592
2024-08-21 14:18:23,732 - INFO - Mean training L1 loss: 0.03662769416347146
2024-08-21 14:18:23,732 - INFO - Mean training SSIM loss: 2.0018089617782065e-07
2024-08-21 14:18:23,732 - INFO - Mean training MSE loss: 0.0027603166992776094
2024-08-21 14:18:34,312 - INFO - Mean validation L1 loss: 0.03684192351996898
2024-08-21 14:18:34,312 - INFO - Mean validation SSIM loss: 4.079106816490263e-08
2024-08-21 14:18:34,312 - INFO - Mean validation MSE loss: 0.002743354276753962
2024-08-21 14:18:34,315 - INFO - Epoch 13
-------------------------------
2024-08-21 14:18:34,315 - INFO - Learning Rate of group 0: 0.0005651548566545106
2024-08-21 14:20:12,419 - INFO - Maximum gradient before clipping: 4.193164348602295
2024-08-21 14:20:12,420 - INFO - Minimum gradient before clipping: -4.861369609832764
2024-08-21 14:20:12,421 - INFO - Mean training L1 loss: 0.036477747485041616
2024-08-21 14:20:12,421 - INFO - Mean training SSIM loss: 8.797884482783513e-08
2024-08-21 14:20:12,421 - INFO - Mean training MSE loss: 0.0028111455962061883
2024-08-21 14:20:22,385 - INFO - Mean validation L1 loss: 0.03727208219468594
2024-08-21 14:20:22,385 - INFO - Mean validation SSIM loss: 6.310610570825492e-07
2024-08-21 14:20:22,385 - INFO - Mean validation MSE loss: 0.0030235225427895783
2024-08-21 14:20:22,388 - INFO - Epoch 14
-------------------------------
2024-08-21 14:20:22,389 - INFO - Learning Rate of group 0: 0.0005651548566545106
2024-08-21 14:22:00,740 - INFO - Maximum gradient before clipping: 3.6675660610198975
2024-08-21 14:22:00,741 - INFO - Minimum gradient before clipping: -5.477905750274658
2024-08-21 14:22:00,741 - INFO - Mean training L1 loss: 0.03674864251166582
2024-08-21 14:22:00,741 - INFO - Mean training SSIM loss: 6.118063391503253e-08
2024-08-21 14:22:00,742 - INFO - Mean training MSE loss: 0.0027715361199807374
2024-08-21 14:22:11,010 - INFO - Mean validation L1 loss: 0.035629123970866206
2024-08-21 14:22:11,010 - INFO - Mean validation SSIM loss: 1.2285014139301609e-08
2024-08-21 14:22:11,010 - INFO - Mean validation MSE loss: 0.0026666927570477127
2024-08-21 14:22:12,880 - INFO - New best validation Loss 0.035629123970866206, at epoch 14
2024-08-21 14:22:12,883 - INFO - Epoch 15
-------------------------------
2024-08-21 14:22:12,883 - INFO - Learning Rate of group 0: 0.0005651548566545106
2024-08-21 14:23:51,187 - INFO - Maximum gradient before clipping: 4.287746429443359
2024-08-21 14:23:51,187 - INFO - Minimum gradient before clipping: -4.90018367767334
2024-08-21 14:23:51,188 - INFO - Mean training L1 loss: 0.0362674118950963
2024-08-21 14:23:51,188 - INFO - Mean training SSIM loss: 4.0853370048173074e-08
2024-08-21 14:23:51,188 - INFO - Mean training MSE loss: 0.0027346666692756117
2024-08-21 14:24:01,667 - INFO - Mean validation L1 loss: 0.039734677746891975
2024-08-21 14:24:01,667 - INFO - Mean validation SSIM loss: 6.089382486451633e-07
2024-08-21 14:24:01,667 - INFO - Mean validation MSE loss: 0.003231829651631415
2024-08-21 14:24:01,670 - INFO - Epoch 16
-------------------------------
2024-08-21 14:24:01,670 - INFO - Learning Rate of group 0: 0.0005651548566545106
2024-08-21 14:25:39,795 - INFO - Maximum gradient before clipping: 4.05916690826416
2024-08-21 14:25:39,796 - INFO - Minimum gradient before clipping: -5.486756801605225
2024-08-21 14:25:39,796 - INFO - Mean training L1 loss: 0.03619967766106129
2024-08-21 14:25:39,797 - INFO - Mean training SSIM loss: 1.4034951794951457e-07
2024-08-21 14:25:39,797 - INFO - Mean training MSE loss: 0.0027019216946791856
2024-08-21 14:25:50,141 - INFO - Mean validation L1 loss: 0.03450429782271385
2024-08-21 14:25:50,141 - INFO - Mean validation SSIM loss: 5.903156325426373e-09
2024-08-21 14:25:50,141 - INFO - Mean validation MSE loss: 0.002589267287403345
2024-08-21 14:25:52,025 - INFO - New best validation Loss 0.03450429782271385, at epoch 16
2024-08-21 14:25:52,028 - INFO - Epoch 17
-------------------------------
2024-08-21 14:25:52,028 - INFO - Learning Rate of group 0: 0.0005651548566545106
2024-08-21 14:27:29,914 - INFO - Maximum gradient before clipping: 4.093417167663574
2024-08-21 14:27:29,915 - INFO - Minimum gradient before clipping: -4.198517799377441
2024-08-21 14:27:29,915 - INFO - Mean training L1 loss: 0.0350726024992764
2024-08-21 14:27:29,916 - INFO - Mean training SSIM loss: 1.97648032493683e-08
2024-08-21 14:27:29,916 - INFO - Mean training MSE loss: 0.002601857271511108
2024-08-21 14:27:40,211 - INFO - Mean validation L1 loss: 0.03511740930378437
2024-08-21 14:27:40,211 - INFO - Mean validation SSIM loss: 5.807415915937142e-09
2024-08-21 14:27:40,211 - INFO - Mean validation MSE loss: 0.002578728534281254
2024-08-21 14:27:40,214 - INFO - Epoch 18
-------------------------------
2024-08-21 14:27:40,214 - INFO - Learning Rate of group 0: 0.0005651548566545106
2024-08-21 14:29:18,144 - INFO - Maximum gradient before clipping: 3.643965482711792
2024-08-21 14:29:18,144 - INFO - Minimum gradient before clipping: -4.873169422149658
2024-08-21 14:29:18,145 - INFO - Mean training L1 loss: 0.035431490819901226
2024-08-21 14:29:18,145 - INFO - Mean training SSIM loss: 3.156206959217811e-08
2024-08-21 14:29:18,145 - INFO - Mean training MSE loss: 0.002646925796288997
2024-08-21 14:29:28,398 - INFO - Mean validation L1 loss: 0.036673535481095317
2024-08-21 14:29:28,398 - INFO - Mean validation SSIM loss: 5.326281449447023e-08
2024-08-21 14:29:28,398 - INFO - Mean validation MSE loss: 0.0028043621079996226
2024-08-21 14:29:28,401 - INFO - Epoch 19
-------------------------------
2024-08-21 14:29:28,401 - INFO - Learning Rate of group 0: 0.0005651548566545106
2024-08-21 14:31:06,104 - INFO - Maximum gradient before clipping: 3.7548131942749023
2024-08-21 14:31:06,104 - INFO - Minimum gradient before clipping: -4.169369220733643
2024-08-21 14:31:06,105 - INFO - Mean training L1 loss: 0.0342077156342566
2024-08-21 14:31:06,105 - INFO - Mean training SSIM loss: 1.2553700527821732e-08
2024-08-21 14:31:06,105 - INFO - Mean training MSE loss: 0.002505129112396389
2024-08-21 14:31:16,398 - INFO - Mean validation L1 loss: 0.03491281680762768
2024-08-21 14:31:16,398 - INFO - Mean validation SSIM loss: 2.8646681758948134e-08
2024-08-21 14:31:16,398 - INFO - Mean validation MSE loss: 0.0027155552292242647
2024-08-21 14:31:16,401 - INFO - Epoch 20
-------------------------------
2024-08-21 14:31:16,401 - INFO - Learning Rate of group 0: 0.0005651548566545106
2024-08-21 14:32:54,111 - INFO - Maximum gradient before clipping: 3.3813440799713135
2024-08-21 14:32:54,111 - INFO - Minimum gradient before clipping: -5.06889009475708
2024-08-21 14:32:54,112 - INFO - Mean training L1 loss: 0.034180525504052636
2024-08-21 14:32:54,112 - INFO - Mean training SSIM loss: 2.375292684510949e-08
2024-08-21 14:32:54,112 - INFO - Mean training MSE loss: 0.00248111694236286
2024-08-21 14:33:04,600 - INFO - Mean validation L1 loss: 0.035115852877497675
2024-08-21 14:33:04,601 - INFO - Mean validation SSIM loss: 1.0833569961746225e-08
2024-08-21 14:33:04,601 - INFO - Mean validation MSE loss: 0.002737423712387681
2024-08-21 14:33:04,604 - INFO - Epoch 21
-------------------------------
2024-08-21 14:33:04,604 - INFO - Learning Rate of group 0: 0.0005651548566545106
2024-08-21 14:34:42,541 - INFO - Maximum gradient before clipping: 3.8197200298309326
2024-08-21 14:34:42,542 - INFO - Minimum gradient before clipping: -5.43710994720459
2024-08-21 14:34:42,542 - INFO - Mean training L1 loss: 0.03487641802057624
2024-08-21 14:34:42,542 - INFO - Mean training SSIM loss: 1.0062215927142404e-07
2024-08-21 14:34:42,542 - INFO - Mean training MSE loss: 0.0025485453673172744
2024-08-21 14:34:52,799 - INFO - Mean validation L1 loss: 0.03544523917138576
2024-08-21 14:34:52,799 - INFO - Mean validation SSIM loss: 9.211045763346526e-09
2024-08-21 14:34:52,799 - INFO - Mean validation MSE loss: 0.0026344654755666853
2024-08-21 14:34:52,803 - INFO - Epoch 22
-------------------------------
2024-08-21 14:34:52,803 - INFO - Learning Rate of group 0: 0.0005651548566545106
2024-08-21 14:36:30,523 - INFO - Maximum gradient before clipping: 3.8196074962615967
2024-08-21 14:36:30,524 - INFO - Minimum gradient before clipping: -4.557092189788818
2024-08-21 14:36:30,525 - INFO - Mean training L1 loss: 0.03407838122919202
2024-08-21 14:36:30,525 - INFO - Mean training SSIM loss: 1.4644529490754482e-08
2024-08-21 14:36:30,525 - INFO - Mean training MSE loss: 0.002504597959341481
2024-08-21 14:36:41,011 - INFO - Mean validation L1 loss: 0.03394047699868679
2024-08-21 14:36:41,011 - INFO - Mean validation SSIM loss: 6.168816521906484e-09
2024-08-21 14:36:41,011 - INFO - Mean validation MSE loss: 0.0024736149096861483
2024-08-21 14:36:42,862 - INFO - New best validation Loss 0.03394047699868679, at epoch 22
2024-08-21 14:36:42,866 - INFO - Epoch 23
-------------------------------
2024-08-21 14:36:42,866 - INFO - Learning Rate of group 0: 0.0005651548566545106
2024-08-21 14:38:20,874 - INFO - Maximum gradient before clipping: 3.8268847465515137
2024-08-21 14:38:20,874 - INFO - Minimum gradient before clipping: -5.67404842376709
2024-08-21 14:38:20,875 - INFO - Mean training L1 loss: 0.03426731288433075
2024-08-21 14:38:20,875 - INFO - Mean training SSIM loss: 2.6237066560771787e-08
2024-08-21 14:38:20,875 - INFO - Mean training MSE loss: 0.002482248400337994
2024-08-21 14:38:31,536 - INFO - Mean validation L1 loss: 0.03547520786523819
2024-08-21 14:38:31,536 - INFO - Mean validation SSIM loss: 5.068527054175042e-09
2024-08-21 14:38:31,536 - INFO - Mean validation MSE loss: 0.0026616004342213274
2024-08-21 14:38:31,539 - INFO - Epoch 24
-------------------------------
2024-08-21 14:38:31,539 - INFO - Learning Rate of group 0: 0.0005651548566545106
2024-08-21 14:40:09,326 - INFO - Maximum gradient before clipping: 3.7078328132629395
2024-08-21 14:40:09,327 - INFO - Minimum gradient before clipping: -5.308332920074463
2024-08-21 14:40:09,328 - INFO - Mean training L1 loss: 0.03466735465452075
2024-08-21 14:40:09,328 - INFO - Mean training SSIM loss: 2.0940892058590732e-08
2024-08-21 14:40:09,328 - INFO - Mean training MSE loss: 0.0025305428728461267
2024-08-21 14:40:19,739 - INFO - Mean validation L1 loss: 0.03521033100783825
2024-08-21 14:40:19,739 - INFO - Mean validation SSIM loss: 6.930581183228756e-08
2024-08-21 14:40:19,739 - INFO - Mean validation MSE loss: 0.00270212484523654
2024-08-21 14:40:19,743 - INFO - Epoch 25
-------------------------------
2024-08-21 14:40:19,743 - INFO - Learning Rate of group 0: 0.0005651548566545106
2024-08-21 14:41:57,648 - INFO - Maximum gradient before clipping: 3.9343507289886475
2024-08-21 14:41:57,649 - INFO - Minimum gradient before clipping: -4.831121444702148
2024-08-21 14:41:57,650 - INFO - Mean training L1 loss: 0.03449181970208883
2024-08-21 14:41:57,650 - INFO - Mean training SSIM loss: 6.831751487097054e-08
2024-08-21 14:41:57,650 - INFO - Mean training MSE loss: 0.0025271991034969687
2024-08-21 14:42:08,051 - INFO - Mean validation L1 loss: 0.03543202273547649
2024-08-21 14:42:08,051 - INFO - Mean validation SSIM loss: 8.158809709502002e-09
2024-08-21 14:42:08,051 - INFO - Mean validation MSE loss: 0.0025058955140411852
2024-08-21 14:42:08,054 - INFO - Training Finished
