2024-10-02 07:37:01,555 - INFO - NOTE: None
2024-10-02 07:37:01,557 - INFO - Torch, random, numpy seed: 88
2024-10-02 07:37:03,783 - INFO - Starting training from from epoch 1
2024-10-02 07:37:22,219 - INFO - Epoch 1
-------------------------------
2024-10-02 07:37:22,226 - INFO - Learning Rate of group 0: 0.001
2024-10-02 07:52:41,411 - INFO - Maximum gradient before clipping: 1.274444580078125
2024-10-02 07:52:41,428 - INFO - Minimum gradient before clipping: -1.269863247871399
2024-10-02 07:52:41,429 - INFO - Mean training L1 loss: 0.1100184226144067
2024-10-02 07:52:41,429 - INFO - Mean training SSIM loss: 0.0
2024-10-02 07:52:41,429 - INFO - Mean training MSE loss: 0.0
2024-10-02 07:52:41,429 - INFO - Mean training VGG loss: 0.0
2024-10-02 07:54:46,694 - INFO - Mean validation L1 loss: 0.06263994479998511
2024-10-02 07:54:46,695 - INFO - Mean validation SSIM loss: 0.0
2024-10-02 07:54:46,695 - INFO - Mean validation MSE loss: 0.0
2024-10-02 07:54:46,695 - INFO - Mean validation VGG loss: 0.0
2024-10-02 07:54:46,875 - INFO - New best validation Loss 0.06263994479998511, at epoch 1
2024-10-02 07:54:47,023 - INFO - Epoch 2
-------------------------------
2024-10-02 07:54:47,023 - INFO - Learning Rate of group 0: 0.001
2024-10-02 08:02:02,115 - INFO - Maximum gradient before clipping: 0.8792178630828857
2024-10-02 08:02:02,116 - INFO - Minimum gradient before clipping: -0.8313949704170227
2024-10-02 08:02:02,116 - INFO - Mean training L1 loss: 0.049199156774041596
2024-10-02 08:02:02,116 - INFO - Mean training SSIM loss: 0.0
2024-10-02 08:02:02,116 - INFO - Mean training MSE loss: 0.0
2024-10-02 08:02:02,116 - INFO - Mean training VGG loss: 0.0
2024-10-02 08:03:49,105 - INFO - Mean validation L1 loss: 0.03660377043119648
2024-10-02 08:03:49,106 - INFO - Mean validation SSIM loss: 0.0
2024-10-02 08:03:49,106 - INFO - Mean validation MSE loss: 0.0
2024-10-02 08:03:49,106 - INFO - Mean validation VGG loss: 0.0
2024-10-02 08:03:49,264 - INFO - New best validation Loss 0.03660377043119648, at epoch 2
2024-10-02 08:03:49,416 - INFO - Epoch 3
-------------------------------
2024-10-02 08:03:49,417 - INFO - Learning Rate of group 0: 0.001
2024-10-02 08:11:07,580 - INFO - Maximum gradient before clipping: 0.6852458119392395
2024-10-02 08:11:07,580 - INFO - Minimum gradient before clipping: -0.8057675361633301
2024-10-02 08:11:07,580 - INFO - Mean training L1 loss: 0.037177266964844344
2024-10-02 08:11:07,580 - INFO - Mean training SSIM loss: 0.0
2024-10-02 08:11:07,580 - INFO - Mean training MSE loss: 0.0
2024-10-02 08:11:07,580 - INFO - Mean training VGG loss: 0.0
2024-10-02 08:12:53,275 - INFO - Mean validation L1 loss: 0.03946523052471423
2024-10-02 08:12:53,276 - INFO - Mean validation SSIM loss: 0.0
2024-10-02 08:12:53,276 - INFO - Mean validation MSE loss: 0.0
2024-10-02 08:12:53,276 - INFO - Mean validation VGG loss: 0.0
2024-10-02 08:12:53,435 - INFO - Epoch 4
-------------------------------
2024-10-02 08:12:53,436 - INFO - Learning Rate of group 0: 0.001
2024-10-02 08:20:16,640 - INFO - Maximum gradient before clipping: 0.6716383695602417
2024-10-02 08:20:16,640 - INFO - Minimum gradient before clipping: -0.6282989978790283
2024-10-02 08:20:16,640 - INFO - Mean training L1 loss: 0.027730335913718533
2024-10-02 08:20:16,640 - INFO - Mean training SSIM loss: 0.0
2024-10-02 08:20:16,640 - INFO - Mean training MSE loss: 0.0
2024-10-02 08:20:16,640 - INFO - Mean training VGG loss: 0.0
2024-10-02 08:22:02,577 - INFO - Mean validation L1 loss: 0.040727437501065215
2024-10-02 08:22:02,578 - INFO - Mean validation SSIM loss: 0.0
2024-10-02 08:22:02,578 - INFO - Mean validation MSE loss: 0.0
2024-10-02 08:22:02,578 - INFO - Mean validation VGG loss: 0.0
2024-10-02 08:22:02,740 - INFO - Epoch 5
-------------------------------
2024-10-02 08:22:02,740 - INFO - Learning Rate of group 0: 0.001
2024-10-02 08:29:18,343 - INFO - Maximum gradient before clipping: 33983.74609375
2024-10-02 08:29:18,344 - INFO - Minimum gradient before clipping: -31397.615234375
2024-10-02 08:29:18,344 - INFO - Mean training L1 loss: 740.5484836482678
2024-10-02 08:29:18,344 - INFO - Mean training SSIM loss: 0.0
2024-10-02 08:29:18,344 - INFO - Mean training MSE loss: 0.0
2024-10-02 08:29:18,344 - INFO - Mean training VGG loss: 0.0
2024-10-02 08:31:04,581 - INFO - Mean validation L1 loss: 4601.196823030885
2024-10-02 08:31:04,582 - INFO - Mean validation SSIM loss: 0.0
2024-10-02 08:31:04,582 - INFO - Mean validation MSE loss: 0.0
2024-10-02 08:31:04,582 - INFO - Mean validation VGG loss: 0.0
2024-10-02 08:31:04,747 - INFO - Epoch 6
-------------------------------
2024-10-02 08:31:04,748 - INFO - Learning Rate of group 0: 0.001
2024-10-02 08:38:17,227 - INFO - Maximum gradient before clipping: 4935.35009765625
2024-10-02 08:38:17,228 - INFO - Minimum gradient before clipping: -5701.279296875
2024-10-02 08:38:17,228 - INFO - Mean training L1 loss: 71.85648354246536
2024-10-02 08:38:17,228 - INFO - Mean training SSIM loss: 0.0
2024-10-02 08:38:17,228 - INFO - Mean training MSE loss: 0.0
2024-10-02 08:38:17,228 - INFO - Mean training VGG loss: 0.0
2024-10-02 08:40:04,787 - INFO - Mean validation L1 loss: 0.7490525733657748
2024-10-02 08:40:04,788 - INFO - Mean validation SSIM loss: 0.0
2024-10-02 08:40:04,788 - INFO - Mean validation MSE loss: 0.0
2024-10-02 08:40:04,788 - INFO - Mean validation VGG loss: 0.0
2024-10-02 08:40:04,949 - INFO - Epoch 7
-------------------------------
2024-10-02 08:40:04,949 - INFO - Learning Rate of group 0: 0.001
2024-10-02 08:47:23,605 - INFO - Maximum gradient before clipping: 25.774593353271484
2024-10-02 08:47:23,606 - INFO - Minimum gradient before clipping: -21.53477668762207
2024-10-02 08:47:23,606 - INFO - Mean training L1 loss: 0.7314373525091356
2024-10-02 08:47:23,606 - INFO - Mean training SSIM loss: 0.0
2024-10-02 08:47:23,606 - INFO - Mean training MSE loss: 0.0
2024-10-02 08:47:23,606 - INFO - Mean training VGG loss: 0.0
2024-10-02 08:49:09,378 - INFO - Mean validation L1 loss: 0.3389435032306359
2024-10-02 08:49:09,379 - INFO - Mean validation SSIM loss: 0.0
2024-10-02 08:49:09,379 - INFO - Mean validation MSE loss: 0.0
2024-10-02 08:49:09,379 - INFO - Mean validation VGG loss: 0.0
2024-10-02 08:49:09,541 - INFO - Epoch 8
-------------------------------
2024-10-02 08:49:09,541 - INFO - Learning Rate of group 0: 0.001
2024-10-02 08:56:31,278 - INFO - Maximum gradient before clipping: 13.086664199829102
2024-10-02 08:56:31,279 - INFO - Minimum gradient before clipping: -14.308306694030762
2024-10-02 08:56:31,279 - INFO - Mean training L1 loss: 0.2969909377537919
2024-10-02 08:56:31,279 - INFO - Mean training SSIM loss: 0.0
2024-10-02 08:56:31,279 - INFO - Mean training MSE loss: 0.0
2024-10-02 08:56:31,279 - INFO - Mean training VGG loss: 0.0
2024-10-02 08:58:22,003 - INFO - Mean validation L1 loss: 0.31911368145231617
2024-10-02 08:58:22,004 - INFO - Mean validation SSIM loss: 0.0
2024-10-02 08:58:22,004 - INFO - Mean validation MSE loss: 0.0
2024-10-02 08:58:22,004 - INFO - Mean validation VGG loss: 0.0
2024-10-02 08:58:22,164 - INFO - Epoch 9
-------------------------------
2024-10-02 08:58:22,164 - INFO - Learning Rate of group 0: 0.001
2024-10-02 09:05:35,185 - INFO - Maximum gradient before clipping: 7.821051597595215
2024-10-02 09:05:35,185 - INFO - Minimum gradient before clipping: -7.7623114585876465
2024-10-02 09:05:35,186 - INFO - Mean training L1 loss: 0.15876554803565515
2024-10-02 09:05:35,186 - INFO - Mean training SSIM loss: 0.0
2024-10-02 09:05:35,186 - INFO - Mean training MSE loss: 0.0
2024-10-02 09:05:35,186 - INFO - Mean training VGG loss: 0.0
2024-10-02 09:07:24,008 - INFO - Mean validation L1 loss: 0.11186366589271535
2024-10-02 09:07:24,009 - INFO - Mean validation SSIM loss: 0.0
2024-10-02 09:07:24,009 - INFO - Mean validation MSE loss: 0.0
2024-10-02 09:07:24,009 - INFO - Mean validation VGG loss: 0.0
2024-10-02 09:07:24,168 - INFO - Epoch 10
-------------------------------
2024-10-02 09:07:24,169 - INFO - Learning Rate of group 0: 0.001
2024-10-02 09:14:37,998 - INFO - Maximum gradient before clipping: 5.2885966300964355
2024-10-02 09:14:37,999 - INFO - Minimum gradient before clipping: -6.023682594299316
2024-10-02 09:14:38,000 - INFO - Mean training L1 loss: 0.10658038552103245
2024-10-02 09:14:38,000 - INFO - Mean training SSIM loss: 0.0
2024-10-02 09:14:38,000 - INFO - Mean training MSE loss: 0.0
2024-10-02 09:14:38,000 - INFO - Mean training VGG loss: 0.0
2024-10-02 09:16:23,361 - INFO - Mean validation L1 loss: 0.07106340574155078
2024-10-02 09:16:23,361 - INFO - Mean validation SSIM loss: 0.0
2024-10-02 09:16:23,361 - INFO - Mean validation MSE loss: 0.0
2024-10-02 09:16:23,361 - INFO - Mean validation VGG loss: 0.0
2024-10-02 09:16:23,518 - INFO - Epoch 11
-------------------------------
2024-10-02 09:16:23,518 - INFO - Learning Rate of group 0: 0.0005
2024-10-02 09:23:48,636 - INFO - Maximum gradient before clipping: 2.0096590518951416
2024-10-02 09:23:48,637 - INFO - Minimum gradient before clipping: -2.0554139614105225
2024-10-02 09:23:48,637 - INFO - Mean training L1 loss: 0.05093081466210011
2024-10-02 09:23:48,637 - INFO - Mean training SSIM loss: 0.0
2024-10-02 09:23:48,637 - INFO - Mean training MSE loss: 0.0
2024-10-02 09:23:48,637 - INFO - Mean training VGG loss: 0.0
2024-10-02 09:25:35,647 - INFO - Mean validation L1 loss: 0.051439437034883
2024-10-02 09:25:35,647 - INFO - Mean validation SSIM loss: 0.0
2024-10-02 09:25:35,647 - INFO - Mean validation MSE loss: 0.0
2024-10-02 09:25:35,647 - INFO - Mean validation VGG loss: 0.0
2024-10-02 09:25:35,803 - INFO - Epoch 12
-------------------------------
2024-10-02 09:25:35,804 - INFO - Learning Rate of group 0: 0.0005
2024-10-02 09:32:55,357 - INFO - Maximum gradient before clipping: 2.270134449005127
2024-10-02 09:32:55,357 - INFO - Minimum gradient before clipping: -2.1569721698760986
2024-10-02 09:32:55,357 - INFO - Mean training L1 loss: 0.053112230935893505
2024-10-02 09:32:55,357 - INFO - Mean training SSIM loss: 0.0
2024-10-02 09:32:55,357 - INFO - Mean training MSE loss: 0.0
2024-10-02 09:32:55,357 - INFO - Mean training VGG loss: 0.0
2024-10-02 09:34:43,225 - INFO - Mean validation L1 loss: 0.045829734258484425
2024-10-02 09:34:43,226 - INFO - Mean validation SSIM loss: 0.0
2024-10-02 09:34:43,226 - INFO - Mean validation MSE loss: 0.0
2024-10-02 09:34:43,226 - INFO - Mean validation VGG loss: 0.0
2024-10-02 09:34:43,386 - INFO - Epoch 13
-------------------------------
2024-10-02 09:34:43,386 - INFO - Learning Rate of group 0: 0.0005
2024-10-02 09:42:00,579 - INFO - Maximum gradient before clipping: 2.1064956188201904
2024-10-02 09:42:00,579 - INFO - Minimum gradient before clipping: -2.1664226055145264
2024-10-02 09:42:00,580 - INFO - Mean training L1 loss: 0.055784085675484964
2024-10-02 09:42:00,580 - INFO - Mean training SSIM loss: 0.0
2024-10-02 09:42:00,580 - INFO - Mean training MSE loss: 0.0
2024-10-02 09:42:00,580 - INFO - Mean training VGG loss: 0.0
2024-10-02 09:43:47,616 - INFO - Mean validation L1 loss: 0.045106440586479085
2024-10-02 09:43:47,617 - INFO - Mean validation SSIM loss: 0.0
2024-10-02 09:43:47,617 - INFO - Mean validation MSE loss: 0.0
2024-10-02 09:43:47,617 - INFO - Mean validation VGG loss: 0.0
2024-10-02 09:43:47,791 - INFO - Epoch 14
-------------------------------
2024-10-02 09:43:47,791 - INFO - Learning Rate of group 0: 0.0005
2024-10-02 09:51:12,623 - INFO - Maximum gradient before clipping: 2.0386738777160645
2024-10-02 09:51:12,624 - INFO - Minimum gradient before clipping: -1.8148813247680664
2024-10-02 09:51:12,624 - INFO - Mean training L1 loss: 0.047031090170755914
2024-10-02 09:51:12,624 - INFO - Mean training SSIM loss: 0.0
2024-10-02 09:51:12,624 - INFO - Mean training MSE loss: 0.0
2024-10-02 09:51:12,624 - INFO - Mean training VGG loss: 0.0
2024-10-02 09:52:58,565 - INFO - Mean validation L1 loss: 0.0428393651562476
2024-10-02 09:52:58,565 - INFO - Mean validation SSIM loss: 0.0
2024-10-02 09:52:58,566 - INFO - Mean validation MSE loss: 0.0
2024-10-02 09:52:58,566 - INFO - Mean validation VGG loss: 0.0
2024-10-02 09:52:58,727 - INFO - Epoch 15
-------------------------------
2024-10-02 09:52:58,727 - INFO - Learning Rate of group 0: 0.0005
2024-10-02 10:00:18,849 - INFO - Maximum gradient before clipping: 1.9126429557800293
2024-10-02 10:00:18,849 - INFO - Minimum gradient before clipping: -1.922118902206421
2024-10-02 10:00:18,849 - INFO - Mean training L1 loss: 0.04379927985217438
2024-10-02 10:00:18,850 - INFO - Mean training SSIM loss: 0.0
2024-10-02 10:00:18,850 - INFO - Mean training MSE loss: 0.0
2024-10-02 10:00:18,850 - INFO - Mean training VGG loss: 0.0
2024-10-02 10:02:05,669 - INFO - Mean validation L1 loss: 0.04275933413477669
2024-10-02 10:02:05,670 - INFO - Mean validation SSIM loss: 0.0
2024-10-02 10:02:05,670 - INFO - Mean validation MSE loss: 0.0
2024-10-02 10:02:05,670 - INFO - Mean validation VGG loss: 0.0
2024-10-02 10:02:05,831 - INFO - Epoch 16
-------------------------------
2024-10-02 10:02:05,832 - INFO - Learning Rate of group 0: 0.0005
2024-10-02 10:09:26,562 - INFO - Maximum gradient before clipping: 2.398193836212158
2024-10-02 10:09:26,563 - INFO - Minimum gradient before clipping: -2.4020450115203857
2024-10-02 10:09:26,563 - INFO - Mean training L1 loss: 0.03721056119327489
2024-10-02 10:09:26,563 - INFO - Mean training SSIM loss: 0.0
2024-10-02 10:09:26,563 - INFO - Mean training MSE loss: 0.0
2024-10-02 10:09:26,563 - INFO - Mean training VGG loss: 0.0
2024-10-02 10:11:12,861 - INFO - Mean validation L1 loss: 0.03567661710998468
2024-10-02 10:11:12,862 - INFO - Mean validation SSIM loss: 0.0
2024-10-02 10:11:12,862 - INFO - Mean validation MSE loss: 0.0
2024-10-02 10:11:12,862 - INFO - Mean validation VGG loss: 0.0
2024-10-02 10:11:13,023 - INFO - New best validation Loss 0.03567661710998468, at epoch 16
2024-10-02 10:11:13,177 - INFO - Epoch 17
-------------------------------
2024-10-02 10:11:13,177 - INFO - Learning Rate of group 0: 0.0005
2024-10-02 10:18:30,657 - INFO - Maximum gradient before clipping: 8.317553520202637
2024-10-02 10:18:30,657 - INFO - Minimum gradient before clipping: -10.434623718261719
2024-10-02 10:18:30,658 - INFO - Mean training L1 loss: 0.039072188945544414
2024-10-02 10:18:30,658 - INFO - Mean training SSIM loss: 0.0
2024-10-02 10:18:30,658 - INFO - Mean training MSE loss: 0.0
2024-10-02 10:18:30,658 - INFO - Mean training VGG loss: 0.0
2024-10-02 10:20:17,351 - INFO - Mean validation L1 loss: 0.11696031881354706
2024-10-02 10:20:17,352 - INFO - Mean validation SSIM loss: 0.0
2024-10-02 10:20:17,352 - INFO - Mean validation MSE loss: 0.0
2024-10-02 10:20:17,352 - INFO - Mean validation VGG loss: 0.0
2024-10-02 10:20:17,517 - INFO - Epoch 18
-------------------------------
2024-10-02 10:20:17,518 - INFO - Learning Rate of group 0: 0.0005
2024-10-02 10:27:30,269 - INFO - Maximum gradient before clipping: 54.26887512207031
2024-10-02 10:27:30,269 - INFO - Minimum gradient before clipping: -51.08575439453125
2024-10-02 10:27:30,270 - INFO - Mean training L1 loss: 0.17620238530044588
2024-10-02 10:27:30,270 - INFO - Mean training SSIM loss: 0.0
2024-10-02 10:27:30,270 - INFO - Mean training MSE loss: 0.0
2024-10-02 10:27:30,270 - INFO - Mean training VGG loss: 0.0
2024-10-02 10:29:23,807 - INFO - Mean validation L1 loss: 0.026953568627611238
2024-10-02 10:29:23,807 - INFO - Mean validation SSIM loss: 0.0
2024-10-02 10:29:23,807 - INFO - Mean validation MSE loss: 0.0
2024-10-02 10:29:23,807 - INFO - Mean validation VGG loss: 0.0
2024-10-02 10:29:23,968 - INFO - New best validation Loss 0.026953568627611238, at epoch 18
2024-10-02 10:29:24,118 - INFO - Epoch 19
-------------------------------
2024-10-02 10:29:24,118 - INFO - Learning Rate of group 0: 0.0005
2024-10-02 10:36:35,154 - INFO - Maximum gradient before clipping: 0.5161331295967102
2024-10-02 10:36:35,154 - INFO - Minimum gradient before clipping: -0.4661051332950592
2024-10-02 10:36:35,154 - INFO - Mean training L1 loss: 0.025727484481597365
2024-10-02 10:36:35,155 - INFO - Mean training SSIM loss: 0.0
2024-10-02 10:36:35,155 - INFO - Mean training MSE loss: 0.0
2024-10-02 10:36:35,155 - INFO - Mean training VGG loss: 0.0
2024-10-02 10:38:20,580 - INFO - Mean validation L1 loss: 0.025042150213181624
2024-10-02 10:38:20,581 - INFO - Mean validation SSIM loss: 0.0
2024-10-02 10:38:20,581 - INFO - Mean validation MSE loss: 0.0
2024-10-02 10:38:20,581 - INFO - Mean validation VGG loss: 0.0
2024-10-02 10:38:20,742 - INFO - New best validation Loss 0.025042150213181624, at epoch 19
2024-10-02 10:38:20,894 - INFO - Epoch 20
-------------------------------
2024-10-02 10:38:20,894 - INFO - Learning Rate of group 0: 0.0005
2024-10-02 10:45:30,193 - INFO - Maximum gradient before clipping: 1.836244821548462
2024-10-02 10:45:30,194 - INFO - Minimum gradient before clipping: -1.678264856338501
2024-10-02 10:45:30,195 - INFO - Mean training L1 loss: 0.024887708278910133
2024-10-02 10:45:30,195 - INFO - Mean training SSIM loss: 0.0
2024-10-02 10:45:30,195 - INFO - Mean training MSE loss: 0.0
2024-10-02 10:45:30,195 - INFO - Mean training VGG loss: 0.0
2024-10-02 10:47:15,170 - INFO - Mean validation L1 loss: 0.023986434662028364
2024-10-02 10:47:15,170 - INFO - Mean validation SSIM loss: 0.0
2024-10-02 10:47:15,170 - INFO - Mean validation MSE loss: 0.0
2024-10-02 10:47:15,170 - INFO - Mean validation VGG loss: 0.0
2024-10-02 10:47:15,327 - INFO - New best validation Loss 0.023986434662028364, at epoch 20
2024-10-02 10:47:15,481 - INFO - Epoch 21
-------------------------------
2024-10-02 10:47:15,481 - INFO - Learning Rate of group 0: 0.0005
2024-10-02 10:54:28,477 - INFO - Maximum gradient before clipping: 46.46295928955078
2024-10-02 10:54:28,477 - INFO - Minimum gradient before clipping: -34.56908416748047
2024-10-02 10:54:28,478 - INFO - Mean training L1 loss: 0.2787371643002133
2024-10-02 10:54:28,478 - INFO - Mean training SSIM loss: 0.0
2024-10-02 10:54:28,478 - INFO - Mean training MSE loss: 0.0
2024-10-02 10:54:28,478 - INFO - Mean training VGG loss: 0.0
2024-10-02 10:56:15,763 - INFO - Mean validation L1 loss: 0.03487412592298106
2024-10-02 10:56:15,764 - INFO - Mean validation SSIM loss: 0.0
2024-10-02 10:56:15,764 - INFO - Mean validation MSE loss: 0.0
2024-10-02 10:56:15,764 - INFO - Mean validation VGG loss: 0.0
2024-10-02 10:56:15,918 - INFO - Epoch 22
-------------------------------
2024-10-02 10:56:15,919 - INFO - Learning Rate of group 0: 0.0005
2024-10-02 11:03:40,397 - INFO - Maximum gradient before clipping: 0.6562132239341736
2024-10-02 11:03:40,398 - INFO - Minimum gradient before clipping: -0.6483250856399536
2024-10-02 11:03:40,398 - INFO - Mean training L1 loss: 0.030599279105554215
2024-10-02 11:03:40,398 - INFO - Mean training SSIM loss: 0.0
2024-10-02 11:03:40,398 - INFO - Mean training MSE loss: 0.0
2024-10-02 11:03:40,398 - INFO - Mean training VGG loss: 0.0
2024-10-02 11:05:27,450 - INFO - Mean validation L1 loss: 0.02553111567483311
2024-10-02 11:05:27,451 - INFO - Mean validation SSIM loss: 0.0
2024-10-02 11:05:27,451 - INFO - Mean validation MSE loss: 0.0
2024-10-02 11:05:27,451 - INFO - Mean validation VGG loss: 0.0
2024-10-02 11:05:27,613 - INFO - Epoch 23
-------------------------------
2024-10-02 11:05:27,613 - INFO - Learning Rate of group 0: 0.0005
2024-10-02 11:12:48,150 - INFO - Maximum gradient before clipping: 0.37587347626686096
2024-10-02 11:12:48,152 - INFO - Minimum gradient before clipping: -0.35687315464019775
2024-10-02 11:12:48,152 - INFO - Mean training L1 loss: 0.025974730509681025
2024-10-02 11:12:48,152 - INFO - Mean training SSIM loss: 0.0
2024-10-02 11:12:48,152 - INFO - Mean training MSE loss: 0.0
2024-10-02 11:12:48,152 - INFO - Mean training VGG loss: 0.0
2024-10-02 11:14:39,112 - INFO - Mean validation L1 loss: 0.022668277594255427
2024-10-02 11:14:39,114 - INFO - Mean validation SSIM loss: 0.0
2024-10-02 11:14:39,114 - INFO - Mean validation MSE loss: 0.0
2024-10-02 11:14:39,114 - INFO - Mean validation VGG loss: 0.0
2024-10-02 11:14:39,296 - INFO - New best validation Loss 0.022668277594255427, at epoch 23
2024-10-02 11:14:39,481 - INFO - Epoch 24
-------------------------------
2024-10-02 11:14:39,481 - INFO - Learning Rate of group 0: 0.0005
2024-10-02 11:22:00,791 - INFO - Maximum gradient before clipping: 0.3587014675140381
2024-10-02 11:22:00,793 - INFO - Minimum gradient before clipping: -0.39863163232803345
2024-10-02 11:22:00,793 - INFO - Mean training L1 loss: 0.022758350070800473
2024-10-02 11:22:00,793 - INFO - Mean training SSIM loss: 0.0
2024-10-02 11:22:00,793 - INFO - Mean training MSE loss: 0.0
2024-10-02 11:22:00,793 - INFO - Mean training VGG loss: 0.0
2024-10-02 11:23:48,320 - INFO - Mean validation L1 loss: 0.021451860731630995
2024-10-02 11:23:48,322 - INFO - Mean validation SSIM loss: 0.0
2024-10-02 11:23:48,322 - INFO - Mean validation MSE loss: 0.0
2024-10-02 11:23:48,322 - INFO - Mean validation VGG loss: 0.0
2024-10-02 11:23:48,504 - INFO - New best validation Loss 0.021451860731630995, at epoch 24
2024-10-02 11:23:48,662 - INFO - Epoch 25
-------------------------------
2024-10-02 11:23:48,662 - INFO - Learning Rate of group 0: 0.0005
2024-10-02 11:31:19,157 - INFO - Maximum gradient before clipping: 0.8083697557449341
2024-10-02 11:31:19,160 - INFO - Minimum gradient before clipping: -0.7622572779655457
2024-10-02 11:31:19,160 - INFO - Mean training L1 loss: 0.023593794442658717
2024-10-02 11:31:19,160 - INFO - Mean training SSIM loss: 0.0
2024-10-02 11:31:19,160 - INFO - Mean training MSE loss: 0.0
2024-10-02 11:31:19,160 - INFO - Mean training VGG loss: 0.0
2024-10-02 11:33:08,433 - INFO - Mean validation L1 loss: 0.022902299590103807
2024-10-02 11:33:08,436 - INFO - Mean validation SSIM loss: 0.0
2024-10-02 11:33:08,436 - INFO - Mean validation MSE loss: 0.0
2024-10-02 11:33:08,436 - INFO - Mean validation VGG loss: 0.0
2024-10-02 11:33:08,618 - INFO - Epoch 26
-------------------------------
2024-10-02 11:33:08,619 - INFO - Learning Rate of group 0: 0.0005
2024-10-02 11:40:26,990 - INFO - Maximum gradient before clipping: 0.5866880416870117
2024-10-02 11:40:26,990 - INFO - Minimum gradient before clipping: -0.6547906398773193
2024-10-02 11:40:26,990 - INFO - Mean training L1 loss: 0.02249131552700504
2024-10-02 11:40:26,990 - INFO - Mean training SSIM loss: 0.0
2024-10-02 11:40:26,990 - INFO - Mean training MSE loss: 0.0
2024-10-02 11:40:26,990 - INFO - Mean training VGG loss: 0.0
2024-10-02 11:42:13,312 - INFO - Mean validation L1 loss: 0.02541622427994745
2024-10-02 11:42:13,313 - INFO - Mean validation SSIM loss: 0.0
2024-10-02 11:42:13,313 - INFO - Mean validation MSE loss: 0.0
2024-10-02 11:42:13,313 - INFO - Mean validation VGG loss: 0.0
2024-10-02 11:42:13,479 - INFO - Epoch 27
-------------------------------
2024-10-02 11:42:13,479 - INFO - Learning Rate of group 0: 0.0005
2024-10-02 11:49:28,877 - INFO - Maximum gradient before clipping: 1.301018476486206
2024-10-02 11:49:28,878 - INFO - Minimum gradient before clipping: -1.4639616012573242
2024-10-02 11:49:28,878 - INFO - Mean training L1 loss: 0.02679529633389385
2024-10-02 11:49:28,878 - INFO - Mean training SSIM loss: 0.0
2024-10-02 11:49:28,878 - INFO - Mean training MSE loss: 0.0
2024-10-02 11:49:28,878 - INFO - Mean training VGG loss: 0.0
2024-10-02 11:51:21,453 - INFO - Mean validation L1 loss: 0.021798362356354618
2024-10-02 11:51:21,454 - INFO - Mean validation SSIM loss: 0.0
2024-10-02 11:51:21,454 - INFO - Mean validation MSE loss: 0.0
2024-10-02 11:51:21,454 - INFO - Mean validation VGG loss: 0.0
2024-10-02 11:51:21,616 - INFO - Epoch 28
-------------------------------
2024-10-02 11:51:21,617 - INFO - Learning Rate of group 0: 0.0005
2024-10-02 11:58:40,958 - INFO - Maximum gradient before clipping: 0.7030478119850159
2024-10-02 11:58:40,960 - INFO - Minimum gradient before clipping: -0.7892077565193176
2024-10-02 11:58:40,960 - INFO - Mean training L1 loss: 0.022812985065140887
2024-10-02 11:58:40,960 - INFO - Mean training SSIM loss: 0.0
2024-10-02 11:58:40,960 - INFO - Mean training MSE loss: 0.0
2024-10-02 11:58:40,960 - INFO - Mean training VGG loss: 0.0
2024-10-02 12:00:34,216 - INFO - Mean validation L1 loss: 0.023770825970068313
2024-10-02 12:00:34,218 - INFO - Mean validation SSIM loss: 0.0
2024-10-02 12:00:34,218 - INFO - Mean validation MSE loss: 0.0
2024-10-02 12:00:34,218 - INFO - Mean validation VGG loss: 0.0
2024-10-02 12:00:34,401 - INFO - Epoch 29
-------------------------------
2024-10-02 12:00:34,402 - INFO - Learning Rate of group 0: 0.0005
2024-10-02 12:07:56,748 - INFO - Maximum gradient before clipping: 2.5343761444091797
2024-10-02 12:07:56,749 - INFO - Minimum gradient before clipping: -1.9878182411193848
2024-10-02 12:07:56,749 - INFO - Mean training L1 loss: 0.05541800032608418
2024-10-02 12:07:56,749 - INFO - Mean training SSIM loss: 0.0
2024-10-02 12:07:56,749 - INFO - Mean training MSE loss: 0.0
2024-10-02 12:07:56,749 - INFO - Mean training VGG loss: 0.0
2024-10-02 12:09:45,574 - INFO - Mean validation L1 loss: 0.02324386410502314
2024-10-02 12:09:45,575 - INFO - Mean validation SSIM loss: 0.0
2024-10-02 12:09:45,575 - INFO - Mean validation MSE loss: 0.0
2024-10-02 12:09:45,575 - INFO - Mean validation VGG loss: 0.0
2024-10-02 12:09:45,738 - INFO - Epoch 30
-------------------------------
2024-10-02 12:09:45,738 - INFO - Learning Rate of group 0: 0.0005
2024-10-02 12:17:07,879 - INFO - Maximum gradient before clipping: 0.4715205132961273
2024-10-02 12:17:07,880 - INFO - Minimum gradient before clipping: -0.47235310077667236
2024-10-02 12:17:07,880 - INFO - Mean training L1 loss: 0.021722965436069892
2024-10-02 12:17:07,880 - INFO - Mean training SSIM loss: 0.0
2024-10-02 12:17:07,880 - INFO - Mean training MSE loss: 0.0
2024-10-02 12:17:07,880 - INFO - Mean training VGG loss: 0.0
2024-10-02 12:18:54,858 - INFO - Mean validation L1 loss: 0.020090157307727993
2024-10-02 12:18:54,871 - INFO - Mean validation SSIM loss: 0.0
2024-10-02 12:18:54,871 - INFO - Mean validation MSE loss: 0.0
2024-10-02 12:18:54,871 - INFO - Mean validation VGG loss: 0.0
2024-10-02 12:18:55,109 - INFO - New best validation Loss 0.020090157307727993, at epoch 30
2024-10-02 12:18:55,313 - INFO - Training Finished
2024-10-02 15:00:23,766 - INFO - NOTE: None
2024-10-02 15:00:23,768 - INFO - Torch, random, numpy seed: 88
2024-10-02 15:00:25,639 - INFO - Resuming training from checkpoint /home/nikoskot/earthnetThesis/experiments/weatherDataAE/weatherDataAE_02-10-2024_07-37-01/checkpointLast.pth from epoch 31
2024-10-02 15:00:43,812 - INFO - Epoch 31
-------------------------------
2024-10-02 15:00:43,814 - INFO - Learning Rate of group 0: 0.0005
2024-10-02 15:07:58,338 - INFO - Maximum gradient before clipping: 0.44846710562705994
2024-10-02 15:07:58,339 - INFO - Minimum gradient before clipping: -0.48398685455322266
2024-10-02 15:07:58,339 - INFO - Mean training L1 loss: 0.02152476428242981
2024-10-02 15:07:58,339 - INFO - Mean training SSIM loss: 0.0
2024-10-02 15:07:58,339 - INFO - Mean training MSE loss: 0.0
2024-10-02 15:07:58,339 - INFO - Mean training VGG loss: 0.0
2024-10-02 15:09:43,840 - INFO - Mean validation L1 loss: 0.0221362830689776
2024-10-02 15:09:43,841 - INFO - Mean validation SSIM loss: 0.0
2024-10-02 15:09:43,841 - INFO - Mean validation MSE loss: 0.0
2024-10-02 15:09:43,841 - INFO - Mean validation VGG loss: 0.0
2024-10-02 15:09:44,001 - INFO - Epoch 32
-------------------------------
2024-10-02 15:09:44,001 - INFO - Learning Rate of group 0: 0.0005
2024-10-02 15:16:53,188 - INFO - Maximum gradient before clipping: 0.4544796943664551
2024-10-02 15:16:53,189 - INFO - Minimum gradient before clipping: -0.4504691958427429
2024-10-02 15:16:53,189 - INFO - Mean training L1 loss: 0.021680982347092377
2024-10-02 15:16:53,189 - INFO - Mean training SSIM loss: 0.0
2024-10-02 15:16:53,189 - INFO - Mean training MSE loss: 0.0
2024-10-02 15:16:53,189 - INFO - Mean training VGG loss: 0.0
2024-10-02 15:18:40,340 - INFO - Mean validation L1 loss: 0.02625138543502629
2024-10-02 15:18:40,340 - INFO - Mean validation SSIM loss: 0.0
2024-10-02 15:18:40,340 - INFO - Mean validation MSE loss: 0.0
2024-10-02 15:18:40,340 - INFO - Mean validation VGG loss: 0.0
2024-10-02 15:18:40,501 - INFO - Epoch 33
-------------------------------
2024-10-02 15:18:40,502 - INFO - Learning Rate of group 0: 0.0005
2024-10-02 15:25:55,836 - INFO - Maximum gradient before clipping: 0.5553457140922546
2024-10-02 15:25:55,836 - INFO - Minimum gradient before clipping: -0.5405689477920532
2024-10-02 15:25:55,836 - INFO - Mean training L1 loss: 0.02280788285327778
2024-10-02 15:25:55,836 - INFO - Mean training SSIM loss: 0.0
2024-10-02 15:25:55,837 - INFO - Mean training MSE loss: 0.0
2024-10-02 15:25:55,837 - INFO - Mean training VGG loss: 0.0
2024-10-02 15:27:46,028 - INFO - Mean validation L1 loss: 0.020718686990657743
2024-10-02 15:27:46,028 - INFO - Mean validation SSIM loss: 0.0
2024-10-02 15:27:46,029 - INFO - Mean validation MSE loss: 0.0
2024-10-02 15:27:46,029 - INFO - Mean validation VGG loss: 0.0
2024-10-02 15:27:46,193 - INFO - Epoch 34
-------------------------------
2024-10-02 15:27:46,193 - INFO - Learning Rate of group 0: 0.0005
2024-10-02 15:35:05,146 - INFO - Maximum gradient before clipping: 517.5165405273438
2024-10-02 15:35:05,147 - INFO - Minimum gradient before clipping: -321.0793151855469
2024-10-02 15:35:05,147 - INFO - Mean training L1 loss: 13.461061416146118
2024-10-02 15:35:05,147 - INFO - Mean training SSIM loss: 0.0
2024-10-02 15:35:05,147 - INFO - Mean training MSE loss: 0.0
2024-10-02 15:35:05,147 - INFO - Mean training VGG loss: 0.0
2024-10-02 15:36:59,627 - INFO - Mean validation L1 loss: 0.057364535675934185
2024-10-02 15:36:59,628 - INFO - Mean validation SSIM loss: 0.0
2024-10-02 15:36:59,628 - INFO - Mean validation MSE loss: 0.0
2024-10-02 15:36:59,628 - INFO - Mean validation VGG loss: 0.0
2024-10-02 15:36:59,794 - INFO - Epoch 35
-------------------------------
2024-10-02 15:36:59,795 - INFO - Learning Rate of group 0: 0.0005
2024-10-02 15:44:16,859 - INFO - Maximum gradient before clipping: 3.351928949356079
2024-10-02 15:44:16,860 - INFO - Minimum gradient before clipping: -3.066206932067871
2024-10-02 15:44:16,860 - INFO - Mean training L1 loss: 0.047884626098598955
2024-10-02 15:44:16,860 - INFO - Mean training SSIM loss: 0.0
2024-10-02 15:44:16,860 - INFO - Mean training MSE loss: 0.0
2024-10-02 15:44:16,860 - INFO - Mean training VGG loss: 0.0
2024-10-02 15:46:08,547 - INFO - Mean validation L1 loss: 0.04269298582136283
2024-10-02 15:46:08,548 - INFO - Mean validation SSIM loss: 0.0
2024-10-02 15:46:08,548 - INFO - Mean validation MSE loss: 0.0
2024-10-02 15:46:08,548 - INFO - Mean validation VGG loss: 0.0
2024-10-02 15:46:08,714 - INFO - Epoch 36
-------------------------------
2024-10-02 15:46:08,715 - INFO - Learning Rate of group 0: 0.0005
2024-10-02 15:53:23,895 - INFO - Maximum gradient before clipping: 2.6394081115722656
2024-10-02 15:53:23,896 - INFO - Minimum gradient before clipping: -2.216710090637207
2024-10-02 15:53:23,896 - INFO - Mean training L1 loss: 0.037868722629669296
2024-10-02 15:53:23,896 - INFO - Mean training SSIM loss: 0.0
2024-10-02 15:53:23,896 - INFO - Mean training MSE loss: 0.0
2024-10-02 15:53:23,896 - INFO - Mean training VGG loss: 0.0
2024-10-02 15:55:10,748 - INFO - Mean validation L1 loss: 0.030937582483155687
2024-10-02 15:55:10,749 - INFO - Mean validation SSIM loss: 0.0
2024-10-02 15:55:10,749 - INFO - Mean validation MSE loss: 0.0
2024-10-02 15:55:10,749 - INFO - Mean validation VGG loss: 0.0
2024-10-02 15:55:10,906 - INFO - Epoch 37
-------------------------------
2024-10-02 15:55:10,907 - INFO - Learning Rate of group 0: 0.0005
2024-10-02 16:02:39,633 - INFO - Maximum gradient before clipping: 1.8303279876708984
2024-10-02 16:02:39,634 - INFO - Minimum gradient before clipping: -1.9821449518203735
2024-10-02 16:02:39,634 - INFO - Mean training L1 loss: 0.03216963746526318
2024-10-02 16:02:39,634 - INFO - Mean training SSIM loss: 0.0
2024-10-02 16:02:39,634 - INFO - Mean training MSE loss: 0.0
2024-10-02 16:02:39,634 - INFO - Mean training VGG loss: 0.0
2024-10-02 16:04:35,932 - INFO - Mean validation L1 loss: 0.0302168957954436
2024-10-02 16:04:35,932 - INFO - Mean validation SSIM loss: 0.0
2024-10-02 16:04:35,932 - INFO - Mean validation MSE loss: 0.0
2024-10-02 16:04:35,933 - INFO - Mean validation VGG loss: 0.0
2024-10-02 16:04:36,097 - INFO - Epoch 38
-------------------------------
2024-10-02 16:04:36,097 - INFO - Learning Rate of group 0: 0.0005
2024-10-02 16:11:55,759 - INFO - Maximum gradient before clipping: 1.5690667629241943
2024-10-02 16:11:55,760 - INFO - Minimum gradient before clipping: -1.6179239749908447
2024-10-02 16:11:55,760 - INFO - Mean training L1 loss: 0.028912846018092523
2024-10-02 16:11:55,760 - INFO - Mean training SSIM loss: 0.0
2024-10-02 16:11:55,760 - INFO - Mean training MSE loss: 0.0
2024-10-02 16:11:55,760 - INFO - Mean training VGG loss: 0.0
2024-10-02 16:13:49,179 - INFO - Mean validation L1 loss: 0.028935728747158024
2024-10-02 16:13:49,180 - INFO - Mean validation SSIM loss: 0.0
2024-10-02 16:13:49,180 - INFO - Mean validation MSE loss: 0.0
2024-10-02 16:13:49,180 - INFO - Mean validation VGG loss: 0.0
2024-10-02 16:13:49,347 - INFO - Epoch 39
-------------------------------
2024-10-02 16:13:49,347 - INFO - Learning Rate of group 0: 0.0005
2024-10-02 16:21:01,877 - INFO - Maximum gradient before clipping: 1.0811002254486084
2024-10-02 16:21:01,878 - INFO - Minimum gradient before clipping: -1.075871229171753
2024-10-02 16:21:01,878 - INFO - Mean training L1 loss: 0.026479465145165016
2024-10-02 16:21:01,878 - INFO - Mean training SSIM loss: 0.0
2024-10-02 16:21:01,878 - INFO - Mean training MSE loss: 0.0
2024-10-02 16:21:01,878 - INFO - Mean training VGG loss: 0.0
2024-10-02 16:22:49,963 - INFO - Mean validation L1 loss: 0.02300576104276013
2024-10-02 16:22:49,965 - INFO - Mean validation SSIM loss: 0.0
2024-10-02 16:22:49,965 - INFO - Mean validation MSE loss: 0.0
2024-10-02 16:22:49,965 - INFO - Mean validation VGG loss: 0.0
2024-10-02 16:22:50,128 - INFO - Epoch 40
-------------------------------
2024-10-02 16:22:50,128 - INFO - Learning Rate of group 0: 0.0005
2024-10-02 16:30:08,897 - INFO - Maximum gradient before clipping: 1.1547625064849854
2024-10-02 16:30:08,898 - INFO - Minimum gradient before clipping: -1.3329658508300781
2024-10-02 16:30:08,899 - INFO - Mean training L1 loss: 0.024801174964139437
2024-10-02 16:30:08,899 - INFO - Mean training SSIM loss: 0.0
2024-10-02 16:30:08,899 - INFO - Mean training MSE loss: 0.0
2024-10-02 16:30:08,899 - INFO - Mean training VGG loss: 0.0
2024-10-02 16:31:54,930 - INFO - Mean validation L1 loss: 0.022319567395232574
2024-10-02 16:31:54,931 - INFO - Mean validation SSIM loss: 0.0
2024-10-02 16:31:54,931 - INFO - Mean validation MSE loss: 0.0
2024-10-02 16:31:54,931 - INFO - Mean validation VGG loss: 0.0
2024-10-02 16:31:55,090 - INFO - Epoch 41
-------------------------------
2024-10-02 16:31:55,090 - INFO - Learning Rate of group 0: 0.0005
2024-10-02 16:39:10,645 - INFO - Maximum gradient before clipping: 0.5234242677688599
2024-10-02 16:39:10,645 - INFO - Minimum gradient before clipping: -0.5026462078094482
2024-10-02 16:39:10,645 - INFO - Mean training L1 loss: 0.02194941744868307
2024-10-02 16:39:10,646 - INFO - Mean training SSIM loss: 0.0
2024-10-02 16:39:10,646 - INFO - Mean training MSE loss: 0.0
2024-10-02 16:39:10,646 - INFO - Mean training VGG loss: 0.0
2024-10-02 16:40:58,289 - INFO - Mean validation L1 loss: 0.022947287001804997
2024-10-02 16:40:58,289 - INFO - Mean validation SSIM loss: 0.0
2024-10-02 16:40:58,289 - INFO - Mean validation MSE loss: 0.0
2024-10-02 16:40:58,289 - INFO - Mean validation VGG loss: 0.0
2024-10-02 16:40:58,446 - INFO - Epoch 42
-------------------------------
2024-10-02 16:40:58,447 - INFO - Learning Rate of group 0: 0.00025
2024-10-02 16:48:20,299 - INFO - Maximum gradient before clipping: 0.3277509808540344
2024-10-02 16:48:20,300 - INFO - Minimum gradient before clipping: -0.35904616117477417
2024-10-02 16:48:20,300 - INFO - Mean training L1 loss: 0.020158346735573707
2024-10-02 16:48:20,300 - INFO - Mean training SSIM loss: 0.0
2024-10-02 16:48:20,300 - INFO - Mean training MSE loss: 0.0
2024-10-02 16:48:20,300 - INFO - Mean training VGG loss: 0.0
2024-10-02 16:50:17,241 - INFO - Mean validation L1 loss: 0.018540622884331392
2024-10-02 16:50:17,241 - INFO - Mean validation SSIM loss: 0.0
2024-10-02 16:50:17,241 - INFO - Mean validation MSE loss: 0.0
2024-10-02 16:50:17,241 - INFO - Mean validation VGG loss: 0.0
2024-10-02 16:50:17,395 - INFO - New best validation Loss 0.018540622884331392, at epoch 42
2024-10-02 16:50:17,547 - INFO - Epoch 43
-------------------------------
2024-10-02 16:50:17,547 - INFO - Learning Rate of group 0: 0.00025
2024-10-02 16:57:36,391 - INFO - Maximum gradient before clipping: 0.5553984642028809
2024-10-02 16:57:36,392 - INFO - Minimum gradient before clipping: -0.5689549446105957
2024-10-02 16:57:36,392 - INFO - Mean training L1 loss: 0.019744715360190998
2024-10-02 16:57:36,392 - INFO - Mean training SSIM loss: 0.0
2024-10-02 16:57:36,392 - INFO - Mean training MSE loss: 0.0
2024-10-02 16:57:36,392 - INFO - Mean training VGG loss: 0.0
2024-10-02 16:59:24,312 - INFO - Mean validation L1 loss: 0.018608040285258615
2024-10-02 16:59:24,312 - INFO - Mean validation SSIM loss: 0.0
2024-10-02 16:59:24,312 - INFO - Mean validation MSE loss: 0.0
2024-10-02 16:59:24,312 - INFO - Mean validation VGG loss: 0.0
2024-10-02 16:59:24,474 - INFO - Epoch 44
-------------------------------
2024-10-02 16:59:24,474 - INFO - Learning Rate of group 0: 0.00025
2024-10-02 17:06:41,337 - INFO - Maximum gradient before clipping: 0.6222845315933228
2024-10-02 17:06:41,337 - INFO - Minimum gradient before clipping: -0.7353053689002991
2024-10-02 17:06:41,337 - INFO - Mean training L1 loss: 0.01930421580169159
2024-10-02 17:06:41,337 - INFO - Mean training SSIM loss: 0.0
2024-10-02 17:06:41,337 - INFO - Mean training MSE loss: 0.0
2024-10-02 17:06:41,337 - INFO - Mean training VGG loss: 0.0
2024-10-02 17:08:30,627 - INFO - Mean validation L1 loss: 0.019368912289409262
2024-10-02 17:08:30,628 - INFO - Mean validation SSIM loss: 0.0
2024-10-02 17:08:30,628 - INFO - Mean validation MSE loss: 0.0
2024-10-02 17:08:30,628 - INFO - Mean validation VGG loss: 0.0
2024-10-02 17:08:30,790 - INFO - Epoch 45
-------------------------------
2024-10-02 17:08:30,790 - INFO - Learning Rate of group 0: 0.00025
2024-10-02 17:15:45,361 - INFO - Maximum gradient before clipping: 1.6566805839538574
2024-10-02 17:15:45,361 - INFO - Minimum gradient before clipping: -1.9301811456680298
2024-10-02 17:15:45,362 - INFO - Mean training L1 loss: 0.0216094505404549
2024-10-02 17:15:45,362 - INFO - Mean training SSIM loss: 0.0
2024-10-02 17:15:45,362 - INFO - Mean training MSE loss: 0.0
2024-10-02 17:15:45,362 - INFO - Mean training VGG loss: 0.0
2024-10-02 17:17:40,052 - INFO - Mean validation L1 loss: 0.04179455605689545
2024-10-02 17:17:40,053 - INFO - Mean validation SSIM loss: 0.0
2024-10-02 17:17:40,053 - INFO - Mean validation MSE loss: 0.0
2024-10-02 17:17:40,053 - INFO - Mean validation VGG loss: 0.0
2024-10-02 17:17:40,218 - INFO - Epoch 46
-------------------------------
2024-10-02 17:17:40,219 - INFO - Learning Rate of group 0: 0.00025
2024-10-02 17:24:55,272 - INFO - Maximum gradient before clipping: 1.4322752952575684
2024-10-02 17:24:55,273 - INFO - Minimum gradient before clipping: -1.7602119445800781
2024-10-02 17:24:55,273 - INFO - Mean training L1 loss: 0.021136013200536565
2024-10-02 17:24:55,273 - INFO - Mean training SSIM loss: 0.0
2024-10-02 17:24:55,273 - INFO - Mean training MSE loss: 0.0
2024-10-02 17:24:55,273 - INFO - Mean training VGG loss: 0.0
2024-10-02 17:26:45,446 - INFO - Mean validation L1 loss: 0.018468442503689675
2024-10-02 17:26:45,447 - INFO - Mean validation SSIM loss: 0.0
2024-10-02 17:26:45,447 - INFO - Mean validation MSE loss: 0.0
2024-10-02 17:26:45,447 - INFO - Mean validation VGG loss: 0.0
2024-10-02 17:26:45,605 - INFO - New best validation Loss 0.018468442503689675, at epoch 46
2024-10-02 17:26:45,758 - INFO - Epoch 47
-------------------------------
2024-10-02 17:26:45,759 - INFO - Learning Rate of group 0: 0.00025
2024-10-02 17:34:07,649 - INFO - Maximum gradient before clipping: 0.6156961917877197
2024-10-02 17:34:07,649 - INFO - Minimum gradient before clipping: -0.6029983758926392
2024-10-02 17:34:07,650 - INFO - Mean training L1 loss: 0.020049335542755366
2024-10-02 17:34:07,650 - INFO - Mean training SSIM loss: 0.0
2024-10-02 17:34:07,650 - INFO - Mean training MSE loss: 0.0
2024-10-02 17:34:07,650 - INFO - Mean training VGG loss: 0.0
2024-10-02 17:35:57,918 - INFO - Mean validation L1 loss: 0.018702740835472506
2024-10-02 17:35:57,919 - INFO - Mean validation SSIM loss: 0.0
2024-10-02 17:35:57,919 - INFO - Mean validation MSE loss: 0.0
2024-10-02 17:35:57,919 - INFO - Mean validation VGG loss: 0.0
2024-10-02 17:35:58,079 - INFO - Epoch 48
-------------------------------
2024-10-02 17:35:58,079 - INFO - Learning Rate of group 0: 0.00025
2024-10-02 17:43:14,087 - INFO - Maximum gradient before clipping: 0.9168699979782104
2024-10-02 17:43:14,088 - INFO - Minimum gradient before clipping: -0.7442453503608704
2024-10-02 17:43:14,088 - INFO - Mean training L1 loss: 0.019516158273571754
2024-10-02 17:43:14,088 - INFO - Mean training SSIM loss: 0.0
2024-10-02 17:43:14,088 - INFO - Mean training MSE loss: 0.0
2024-10-02 17:43:14,088 - INFO - Mean training VGG loss: 0.0
2024-10-02 17:45:01,493 - INFO - Mean validation L1 loss: 0.019623402511559383
2024-10-02 17:45:01,494 - INFO - Mean validation SSIM loss: 0.0
2024-10-02 17:45:01,494 - INFO - Mean validation MSE loss: 0.0
2024-10-02 17:45:01,494 - INFO - Mean validation VGG loss: 0.0
2024-10-02 17:45:01,652 - INFO - Epoch 49
-------------------------------
2024-10-02 17:45:01,652 - INFO - Learning Rate of group 0: 0.00025
2024-10-02 17:52:17,401 - INFO - Maximum gradient before clipping: 0.7358169555664062
2024-10-02 17:52:17,401 - INFO - Minimum gradient before clipping: -0.8806123733520508
2024-10-02 17:52:17,402 - INFO - Mean training L1 loss: 0.021080573618488377
2024-10-02 17:52:17,402 - INFO - Mean training SSIM loss: 0.0
2024-10-02 17:52:17,402 - INFO - Mean training MSE loss: 0.0
2024-10-02 17:52:17,402 - INFO - Mean training VGG loss: 0.0
2024-10-02 17:54:07,026 - INFO - Mean validation L1 loss: 0.022014845315127346
2024-10-02 17:54:07,027 - INFO - Mean validation SSIM loss: 0.0
2024-10-02 17:54:07,027 - INFO - Mean validation MSE loss: 0.0
2024-10-02 17:54:07,027 - INFO - Mean validation VGG loss: 0.0
2024-10-02 17:54:07,189 - INFO - Epoch 50
-------------------------------
2024-10-02 17:54:07,190 - INFO - Learning Rate of group 0: 0.00025
2024-10-02 18:01:32,367 - INFO - Maximum gradient before clipping: 0.6408772468566895
2024-10-02 18:01:32,367 - INFO - Minimum gradient before clipping: -0.6469087600708008
2024-10-02 18:01:32,368 - INFO - Mean training L1 loss: 0.019326136638389935
2024-10-02 18:01:32,368 - INFO - Mean training SSIM loss: 0.0
2024-10-02 18:01:32,368 - INFO - Mean training MSE loss: 0.0
2024-10-02 18:01:32,368 - INFO - Mean training VGG loss: 0.0
2024-10-02 18:03:24,432 - INFO - Mean validation L1 loss: 0.022866566518419666
2024-10-02 18:03:24,433 - INFO - Mean validation SSIM loss: 0.0
2024-10-02 18:03:24,433 - INFO - Mean validation MSE loss: 0.0
2024-10-02 18:03:24,433 - INFO - Mean validation VGG loss: 0.0
2024-10-02 18:03:24,598 - INFO - Epoch 51
-------------------------------
2024-10-02 18:03:24,598 - INFO - Learning Rate of group 0: 0.00025
2024-10-02 18:10:36,562 - INFO - Maximum gradient before clipping: 0.7151142358779907
2024-10-02 18:10:36,562 - INFO - Minimum gradient before clipping: -0.6858410835266113
2024-10-02 18:10:36,562 - INFO - Mean training L1 loss: 0.019590194799322336
2024-10-02 18:10:36,562 - INFO - Mean training SSIM loss: 0.0
2024-10-02 18:10:36,562 - INFO - Mean training MSE loss: 0.0
2024-10-02 18:10:36,562 - INFO - Mean training VGG loss: 0.0
2024-10-02 18:12:23,929 - INFO - Mean validation L1 loss: 0.025501520781402002
2024-10-02 18:12:23,930 - INFO - Mean validation SSIM loss: 0.0
2024-10-02 18:12:23,930 - INFO - Mean validation MSE loss: 0.0
2024-10-02 18:12:23,930 - INFO - Mean validation VGG loss: 0.0
2024-10-02 18:12:24,095 - INFO - Epoch 52
-------------------------------
2024-10-02 18:12:24,096 - INFO - Learning Rate of group 0: 0.00025
2024-10-02 18:19:38,570 - INFO - Maximum gradient before clipping: 0.7341866493225098
2024-10-02 18:19:38,571 - INFO - Minimum gradient before clipping: -0.7493367195129395
2024-10-02 18:19:38,571 - INFO - Mean training L1 loss: 0.01953189672784959
2024-10-02 18:19:38,571 - INFO - Mean training SSIM loss: 0.0
2024-10-02 18:19:38,571 - INFO - Mean training MSE loss: 0.0
2024-10-02 18:19:38,571 - INFO - Mean training VGG loss: 0.0
2024-10-02 18:21:27,612 - INFO - Mean validation L1 loss: 0.016767719864017434
2024-10-02 18:21:27,613 - INFO - Mean validation SSIM loss: 0.0
2024-10-02 18:21:27,613 - INFO - Mean validation MSE loss: 0.0
2024-10-02 18:21:27,613 - INFO - Mean validation VGG loss: 0.0
2024-10-02 18:21:27,772 - INFO - New best validation Loss 0.016767719864017434, at epoch 52
2024-10-02 18:21:27,925 - INFO - Epoch 53
-------------------------------
2024-10-02 18:21:27,925 - INFO - Learning Rate of group 0: 0.00025
2024-10-02 18:28:46,813 - INFO - Maximum gradient before clipping: 0.7671405076980591
2024-10-02 18:28:46,814 - INFO - Minimum gradient before clipping: -0.7224969267845154
2024-10-02 18:28:46,814 - INFO - Mean training L1 loss: 0.019961964918537772
2024-10-02 18:28:46,814 - INFO - Mean training SSIM loss: 0.0
2024-10-02 18:28:46,814 - INFO - Mean training MSE loss: 0.0
2024-10-02 18:28:46,814 - INFO - Mean training VGG loss: 0.0
2024-10-02 18:30:37,221 - INFO - Mean validation L1 loss: 0.0184107022850137
2024-10-02 18:30:37,222 - INFO - Mean validation SSIM loss: 0.0
2024-10-02 18:30:37,222 - INFO - Mean validation MSE loss: 0.0
2024-10-02 18:30:37,222 - INFO - Mean validation VGG loss: 0.0
2024-10-02 18:30:37,381 - INFO - Epoch 54
-------------------------------
2024-10-02 18:30:37,382 - INFO - Learning Rate of group 0: 0.00025
2024-10-02 18:37:57,971 - INFO - Maximum gradient before clipping: 0.7055712342262268
2024-10-02 18:37:57,971 - INFO - Minimum gradient before clipping: -0.6861763000488281
2024-10-02 18:37:57,971 - INFO - Mean training L1 loss: 0.01818779758607224
2024-10-02 18:37:57,972 - INFO - Mean training SSIM loss: 0.0
2024-10-02 18:37:57,972 - INFO - Mean training MSE loss: 0.0
2024-10-02 18:37:57,972 - INFO - Mean training VGG loss: 0.0
2024-10-02 18:39:53,202 - INFO - Mean validation L1 loss: 0.018662413081143334
2024-10-02 18:39:53,203 - INFO - Mean validation SSIM loss: 0.0
2024-10-02 18:39:53,203 - INFO - Mean validation MSE loss: 0.0
2024-10-02 18:39:53,203 - INFO - Mean validation VGG loss: 0.0
2024-10-02 18:39:53,358 - INFO - Epoch 55
-------------------------------
2024-10-02 18:39:53,358 - INFO - Learning Rate of group 0: 0.00025
2024-10-02 18:47:06,752 - INFO - Maximum gradient before clipping: 0.6355046629905701
2024-10-02 18:47:06,753 - INFO - Minimum gradient before clipping: -0.6314208507537842
2024-10-02 18:47:06,754 - INFO - Mean training L1 loss: 0.018709945564715964
2024-10-02 18:47:06,754 - INFO - Mean training SSIM loss: 0.0
2024-10-02 18:47:06,754 - INFO - Mean training MSE loss: 0.0
2024-10-02 18:47:06,754 - INFO - Mean training VGG loss: 0.0
2024-10-02 18:48:54,045 - INFO - Mean validation L1 loss: 0.019458395020480742
2024-10-02 18:48:54,046 - INFO - Mean validation SSIM loss: 0.0
2024-10-02 18:48:54,046 - INFO - Mean validation MSE loss: 0.0
2024-10-02 18:48:54,046 - INFO - Mean validation VGG loss: 0.0
2024-10-02 18:48:54,204 - INFO - Training Finished
