2024-09-07 11:05:22,184 - INFO - NOTE: None
2024-09-07 11:05:22,186 - INFO - Torch, random, numpy seed: 88
2024-09-07 11:05:23,416 - INFO - Resuming training from checkpoint /home/nikoskot/earthnetThesis/experiments/videoSwinUnetV1_06-09-2024_10-59-48/checkpoint.pth from epoch 56
2024-09-07 11:05:30,819 - INFO - Epoch 56
-------------------------------
2024-09-07 11:05:30,819 - INFO - Learning Rate of group 0: 0.0003
2024-09-07 11:42:58,787 - INFO - Maximum gradient before clipping: 33.89613342285156
2024-09-07 11:42:58,788 - INFO - Minimum gradient before clipping: -57.934043884277344
2024-09-07 11:42:58,789 - INFO - Mean training L1 loss: 0.019843710068378026
2024-09-07 11:42:58,789 - INFO - Mean training SSIM loss: 0.6818199840513347
2024-09-07 11:42:58,789 - INFO - Mean training MSE loss: 0.0010469677918161168
2024-09-07 11:46:14,038 - INFO - Mean validation L1 loss: 0.019182032553547602
2024-09-07 11:46:14,038 - INFO - Mean validation SSIM loss: 0.6625878901585288
2024-09-07 11:46:14,038 - INFO - Mean validation MSE loss: 0.001005783578839206
2024-09-07 11:46:14,039 - INFO - Epoch 57
-------------------------------
2024-09-07 11:46:14,039 - INFO - Learning Rate of group 0: 0.0003
2024-09-07 12:23:41,589 - INFO - Maximum gradient before clipping: 35.582096099853516
2024-09-07 12:23:41,589 - INFO - Minimum gradient before clipping: -42.642398834228516
2024-09-07 12:23:41,590 - INFO - Mean training L1 loss: 0.019864059565569355
2024-09-07 12:23:41,590 - INFO - Mean training SSIM loss: 0.6818100891069406
2024-09-07 12:23:41,590 - INFO - Mean training MSE loss: 0.0010505591607961292
2024-09-07 12:26:57,039 - INFO - Mean validation L1 loss: 0.018982113309416383
2024-09-07 12:26:57,039 - INFO - Mean validation SSIM loss: 0.6588868304439213
2024-09-07 12:26:57,039 - INFO - Mean validation MSE loss: 0.0009848777948700384
2024-09-07 12:26:57,040 - INFO - Epoch 58
-------------------------------
2024-09-07 12:26:57,040 - INFO - Learning Rate of group 0: 0.0003
2024-09-07 13:04:26,057 - INFO - Maximum gradient before clipping: 42.79755783081055
2024-09-07 13:04:26,057 - INFO - Minimum gradient before clipping: -50.857810974121094
2024-09-07 13:04:26,058 - INFO - Mean training L1 loss: 0.019735317316182062
2024-09-07 13:04:26,058 - INFO - Mean training SSIM loss: 0.6808326706034725
2024-09-07 13:04:26,058 - INFO - Mean training MSE loss: 0.0010392632755391114
2024-09-07 13:07:41,283 - INFO - Mean validation L1 loss: 0.018717387407694176
2024-09-07 13:07:41,284 - INFO - Mean validation SSIM loss: 0.6584571277018774
2024-09-07 13:07:41,284 - INFO - Mean validation MSE loss: 0.0009551512980837543
2024-09-07 13:07:41,284 - INFO - Epoch 59
-------------------------------
2024-09-07 13:07:41,284 - INFO - Learning Rate of group 0: 0.0003
2024-09-07 13:45:11,090 - INFO - Maximum gradient before clipping: 34.0941162109375
2024-09-07 13:45:11,090 - INFO - Minimum gradient before clipping: -41.59558868408203
2024-09-07 13:45:11,090 - INFO - Mean training L1 loss: 0.019845972860887153
2024-09-07 13:45:11,091 - INFO - Mean training SSIM loss: 0.6805932408892824
2024-09-07 13:45:11,091 - INFO - Mean training MSE loss: 0.0010473737086847952
2024-09-07 13:48:26,458 - INFO - Mean validation L1 loss: 0.019829828018029797
2024-09-07 13:48:26,462 - INFO - Mean validation SSIM loss: 0.6651742506186699
2024-09-07 13:48:26,462 - INFO - Mean validation MSE loss: 0.0010713332111325837
2024-09-07 13:48:26,462 - INFO - Epoch 60
-------------------------------
2024-09-07 13:48:26,462 - INFO - Learning Rate of group 0: 0.0003
2024-09-07 14:25:56,209 - INFO - Maximum gradient before clipping: 35.93459701538086
2024-09-07 14:25:56,210 - INFO - Minimum gradient before clipping: -46.363441467285156
2024-09-07 14:25:56,211 - INFO - Mean training L1 loss: 0.019825060790329113
2024-09-07 14:25:56,211 - INFO - Mean training SSIM loss: 0.6806413782086645
2024-09-07 14:25:56,211 - INFO - Mean training MSE loss: 0.0010454506833485664
2024-09-07 16:57:12,484 - INFO - Validation split Earthnet Score on epoch 60
2024-09-07 16:57:12,486 - INFO - {'MAD': 0.25980767607688904, 'OLS': 0.3512032926082611, 'EMD': 0.2591777741909027, 'SSIM': 0.3478671610355377, 'EarthNetScore': 0.2978546105129851}
2024-09-07 16:57:12,487 - INFO - Mean validation L1 loss: 0.01868403771655466
2024-09-07 16:57:12,487 - INFO - Mean validation SSIM loss: 0.6580533363348664
2024-09-07 16:57:12,487 - INFO - Mean validation MSE loss: 0.0009496096079899653
2024-09-07 16:57:12,487 - INFO - Epoch 61
-------------------------------
2024-09-07 16:57:12,487 - INFO - Learning Rate of group 0: 0.0003
2024-09-07 17:34:40,222 - INFO - Maximum gradient before clipping: 39.454566955566406
2024-09-07 17:34:40,222 - INFO - Minimum gradient before clipping: -55.652671813964844
2024-09-07 17:34:40,223 - INFO - Mean training L1 loss: 0.0197438717161865
2024-09-07 17:34:40,223 - INFO - Mean training SSIM loss: 0.6795249475639069
2024-09-07 17:34:40,223 - INFO - Mean training MSE loss: 0.0010399516285524678
2024-09-07 17:37:56,955 - INFO - Mean validation L1 loss: 0.019341978246040867
2024-09-07 17:37:57,015 - INFO - Mean validation SSIM loss: 0.659037270274848
2024-09-07 17:37:57,015 - INFO - Mean validation MSE loss: 0.0009926347753378005
2024-09-07 17:37:57,015 - INFO - Epoch 62
-------------------------------
2024-09-07 17:37:57,015 - INFO - Learning Rate of group 0: 0.0003
2024-09-07 18:15:28,508 - INFO - Maximum gradient before clipping: 34.366432189941406
2024-09-07 18:15:28,508 - INFO - Minimum gradient before clipping: -45.32950973510742
2024-09-07 18:15:28,509 - INFO - Mean training L1 loss: 0.019691912353736792
2024-09-07 18:15:28,509 - INFO - Mean training SSIM loss: 0.6785199171526569
2024-09-07 18:15:28,509 - INFO - Mean training MSE loss: 0.0010355338273488727
2024-09-07 18:18:43,328 - INFO - Mean validation L1 loss: 0.01889552948155431
2024-09-07 18:18:43,329 - INFO - Mean validation SSIM loss: 0.6583790762169305
2024-09-07 18:18:43,329 - INFO - Mean validation MSE loss: 0.000993500276095698
2024-09-07 18:18:43,329 - INFO - Epoch 63
-------------------------------
2024-09-07 18:18:43,329 - INFO - Learning Rate of group 0: 0.0003
2024-09-07 18:56:11,766 - INFO - Maximum gradient before clipping: 34.74604034423828
2024-09-07 18:56:11,766 - INFO - Minimum gradient before clipping: -52.31475830078125
2024-09-07 18:56:11,767 - INFO - Mean training L1 loss: 0.01970679183431758
2024-09-07 18:56:11,767 - INFO - Mean training SSIM loss: 0.6789559784517882
2024-09-07 18:56:11,767 - INFO - Mean training MSE loss: 0.0010355333164555345
2024-09-07 18:59:26,325 - INFO - Mean validation L1 loss: 0.018862153409690562
2024-09-07 18:59:26,325 - INFO - Mean validation SSIM loss: 0.6624855965276227
2024-09-07 18:59:26,325 - INFO - Mean validation MSE loss: 0.0009730442330345549
2024-09-07 18:59:26,326 - INFO - Epoch 64
-------------------------------
2024-09-07 18:59:26,326 - INFO - Learning Rate of group 0: 0.0003
2024-09-07 19:36:53,783 - INFO - Maximum gradient before clipping: 32.81663513183594
2024-09-07 19:36:53,784 - INFO - Minimum gradient before clipping: -43.81571578979492
2024-09-07 19:36:53,785 - INFO - Mean training L1 loss: 0.019692449739326722
2024-09-07 19:36:53,785 - INFO - Mean training SSIM loss: 0.6790469097622465
2024-09-07 19:36:53,785 - INFO - Mean training MSE loss: 0.001035641102935918
2024-09-07 19:40:08,158 - INFO - Mean validation L1 loss: 0.018894961036828948
2024-09-07 19:40:08,158 - INFO - Mean validation SSIM loss: 0.665682438623945
2024-09-07 19:40:08,158 - INFO - Mean validation MSE loss: 0.0009427204798988026
2024-09-07 19:40:08,159 - INFO - Epoch 65
-------------------------------
2024-09-07 19:40:08,159 - INFO - Learning Rate of group 0: 0.0003
2024-09-07 20:17:34,970 - INFO - Maximum gradient before clipping: 34.76757049560547
2024-09-07 20:17:34,971 - INFO - Minimum gradient before clipping: -73.2340087890625
2024-09-07 20:17:34,971 - INFO - Mean training L1 loss: 0.01970179561745268
2024-09-07 20:17:34,971 - INFO - Mean training SSIM loss: 0.6776754773096877
2024-09-07 20:17:34,971 - INFO - Mean training MSE loss: 0.001031981616118157
2024-09-07 20:20:50,395 - INFO - Mean validation L1 loss: 0.019707237630397282
2024-09-07 20:20:50,396 - INFO - Mean validation SSIM loss: 0.6725581367079629
2024-09-07 20:20:50,396 - INFO - Mean validation MSE loss: 0.001009245708165846
2024-09-07 20:20:50,396 - INFO - Epoch 66
-------------------------------
2024-09-07 20:20:50,397 - INFO - Learning Rate of group 0: 0.0003
2024-09-07 20:58:16,283 - INFO - Maximum gradient before clipping: 35.13127899169922
2024-09-07 20:58:16,289 - INFO - Minimum gradient before clipping: -57.469757080078125
2024-09-07 20:58:16,290 - INFO - Mean training L1 loss: 0.019648037735950818
2024-09-07 20:58:16,290 - INFO - Mean training SSIM loss: 0.6768906799034811
2024-09-07 20:58:16,290 - INFO - Mean training MSE loss: 0.0010318985362093162
2024-09-07 21:01:31,373 - INFO - Mean validation L1 loss: 0.019636050713899542
2024-09-07 21:01:31,374 - INFO - Mean validation SSIM loss: 0.6637131413289137
2024-09-07 21:01:31,374 - INFO - Mean validation MSE loss: 0.0010514584198935942
2024-09-07 21:01:31,374 - INFO - Epoch 67
-------------------------------
2024-09-07 21:01:31,374 - INFO - Learning Rate of group 0: 0.0003
2024-09-07 21:38:58,448 - INFO - Maximum gradient before clipping: 30.871047973632812
2024-09-07 21:38:58,448 - INFO - Minimum gradient before clipping: -48.27702331542969
2024-09-07 21:38:58,449 - INFO - Mean training L1 loss: 0.019613008215066806
2024-09-07 21:38:58,449 - INFO - Mean training SSIM loss: 0.6769685699619643
2024-09-07 21:38:58,449 - INFO - Mean training MSE loss: 0.0010270524966919624
2024-09-07 21:42:13,237 - INFO - Mean validation L1 loss: 0.018678691045047845
2024-09-07 21:42:13,238 - INFO - Mean validation SSIM loss: 0.6568862729048649
2024-09-07 21:42:13,238 - INFO - Mean validation MSE loss: 0.0009419195438960231
2024-09-07 21:42:13,238 - INFO - Epoch 68
-------------------------------
2024-09-07 21:42:13,238 - INFO - Learning Rate of group 0: 0.0003
2024-09-07 22:19:41,314 - INFO - Maximum gradient before clipping: 34.38227081298828
2024-09-07 22:19:41,314 - INFO - Minimum gradient before clipping: -49.599639892578125
2024-09-07 22:19:41,315 - INFO - Mean training L1 loss: 0.01961139596247713
2024-09-07 22:19:41,315 - INFO - Mean training SSIM loss: 0.6768496321215883
2024-09-07 22:19:41,315 - INFO - Mean training MSE loss: 0.0010285409252152092
2024-09-07 22:22:55,873 - INFO - Mean validation L1 loss: 0.01901796466381255
2024-09-07 22:22:55,874 - INFO - Mean validation SSIM loss: 0.6560377641067059
2024-09-07 22:22:55,874 - INFO - Mean validation MSE loss: 0.000958034330731753
2024-09-07 22:22:55,874 - INFO - Epoch 69
-------------------------------
2024-09-07 22:22:55,874 - INFO - Learning Rate of group 0: 0.0003
2024-09-07 23:00:24,898 - INFO - Maximum gradient before clipping: 36.907615661621094
2024-09-07 23:00:24,899 - INFO - Minimum gradient before clipping: -70.37360382080078
2024-09-07 23:00:24,900 - INFO - Mean training L1 loss: 0.019590660546010805
2024-09-07 23:00:24,900 - INFO - Mean training SSIM loss: 0.6751220160974513
2024-09-07 23:00:24,900 - INFO - Mean training MSE loss: 0.0010262333565055257
2024-09-07 23:03:39,649 - INFO - Mean validation L1 loss: 0.01924507995525431
2024-09-07 23:03:39,650 - INFO - Mean validation SSIM loss: 0.6586718819412499
2024-09-07 23:03:39,650 - INFO - Mean validation MSE loss: 0.001019333742510677
2024-09-07 23:03:39,650 - INFO - Epoch 70
-------------------------------
2024-09-07 23:03:39,650 - INFO - Learning Rate of group 0: 0.0003
2024-09-07 23:41:07,923 - INFO - Maximum gradient before clipping: 43.81611251831055
2024-09-07 23:41:07,923 - INFO - Minimum gradient before clipping: -48.02445983886719
2024-09-07 23:41:07,924 - INFO - Mean training L1 loss: 0.019523534668272183
2024-09-07 23:41:07,924 - INFO - Mean training SSIM loss: 0.6747806541144923
2024-09-07 23:41:07,924 - INFO - Mean training MSE loss: 0.001019689504918769
2024-09-08 02:17:21,652 - INFO - Validation split Earthnet Score on epoch 70
2024-09-08 02:17:21,654 - INFO - {'MAD': 0.26007843017578125, 'OLS': 0.3500363826751709, 'EMD': 0.24370883405208588, 'SSIM': 0.34294337034225464, 'EarthNetScore': 0.2915232981320966}
2024-09-08 02:17:21,654 - INFO - Mean validation L1 loss: 0.019111224697796896
2024-09-08 02:17:21,654 - INFO - Mean validation SSIM loss: 0.6607229319902567
2024-09-08 02:17:21,654 - INFO - Mean validation MSE loss: 0.0009986177114279238
2024-09-08 02:17:21,654 - INFO - Epoch 71
-------------------------------
2024-09-08 02:17:21,654 - INFO - Learning Rate of group 0: 0.0003
2024-09-08 02:54:52,463 - INFO - Maximum gradient before clipping: 32.24144744873047
2024-09-08 02:54:52,463 - INFO - Minimum gradient before clipping: -58.59866714477539
2024-09-08 02:54:52,464 - INFO - Mean training L1 loss: 0.019592157248773744
2024-09-08 02:54:52,464 - INFO - Mean training SSIM loss: 0.6758345682618011
2024-09-08 02:54:52,464 - INFO - Mean training MSE loss: 0.001026180785578578
2024-09-08 02:58:08,950 - INFO - Mean validation L1 loss: 0.01867262179492957
2024-09-08 02:58:08,951 - INFO - Mean validation SSIM loss: 0.6555538593127974
2024-09-08 02:58:08,951 - INFO - Mean validation MSE loss: 0.0009561828755673152
2024-09-08 02:58:08,951 - INFO - Epoch 72
-------------------------------
2024-09-08 02:58:08,951 - INFO - Learning Rate of group 0: 0.0003
2024-09-08 03:35:35,205 - INFO - Maximum gradient before clipping: 32.24897003173828
2024-09-08 03:35:35,206 - INFO - Minimum gradient before clipping: -47.60325622558594
2024-09-08 03:35:35,207 - INFO - Mean training L1 loss: 0.019530428268111983
2024-09-08 03:35:35,207 - INFO - Mean training SSIM loss: 0.6749113405513644
2024-09-08 03:35:35,207 - INFO - Mean training MSE loss: 0.001020863310238
2024-09-08 03:38:49,749 - INFO - Mean validation L1 loss: 0.018876445116817853
2024-09-08 03:38:49,750 - INFO - Mean validation SSIM loss: 0.6602010064101139
2024-09-08 03:38:49,750 - INFO - Mean validation MSE loss: 0.0009773369431460624
2024-09-08 03:38:49,750 - INFO - Epoch 73
-------------------------------
2024-09-08 03:38:49,750 - INFO - Learning Rate of group 0: 0.0003
2024-09-08 04:16:18,409 - INFO - Maximum gradient before clipping: 37.39265823364258
2024-09-08 04:16:18,410 - INFO - Minimum gradient before clipping: -53.8014030456543
2024-09-08 04:16:18,410 - INFO - Mean training L1 loss: 0.019455623206114207
2024-09-08 04:16:18,411 - INFO - Mean training SSIM loss: 0.673808622689289
2024-09-08 04:16:18,411 - INFO - Mean training MSE loss: 0.001015256450605777
2024-09-08 04:19:33,622 - INFO - Mean validation L1 loss: 0.01874272977266722
2024-09-08 04:19:33,623 - INFO - Mean validation SSIM loss: 0.6524988363020396
2024-09-08 04:19:33,623 - INFO - Mean validation MSE loss: 0.0009735997316169001
2024-09-08 04:19:33,623 - INFO - Epoch 74
-------------------------------
2024-09-08 04:19:33,623 - INFO - Learning Rate of group 0: 0.0003
2024-09-08 04:57:05,082 - INFO - Maximum gradient before clipping: 46.42813491821289
2024-09-08 04:57:05,083 - INFO - Minimum gradient before clipping: -53.135475158691406
2024-09-08 04:57:05,084 - INFO - Mean training L1 loss: 0.01941746423415924
2024-09-08 04:57:05,084 - INFO - Mean training SSIM loss: 0.6722757098366655
2024-09-08 04:57:05,084 - INFO - Mean training MSE loss: 0.0010113415476468374
2024-09-08 05:00:20,823 - INFO - Mean validation L1 loss: 0.019157439663408195
2024-09-08 05:00:20,824 - INFO - Mean validation SSIM loss: 0.660878656500558
2024-09-08 05:00:20,824 - INFO - Mean validation MSE loss: 0.0009563042605385327
2024-09-08 05:00:20,824 - INFO - Epoch 75
-------------------------------
2024-09-08 05:00:20,824 - INFO - Learning Rate of group 0: 0.0003
2024-09-08 05:37:47,742 - INFO - Maximum gradient before clipping: 36.85503387451172
2024-09-08 05:37:47,743 - INFO - Minimum gradient before clipping: -71.822998046875
2024-09-08 05:37:47,743 - INFO - Mean training L1 loss: 0.019639818233078317
2024-09-08 05:37:47,743 - INFO - Mean training SSIM loss: 0.6760691969976023
2024-09-08 05:37:47,743 - INFO - Mean training MSE loss: 0.0010287726491586267
2024-09-08 05:41:03,218 - INFO - Mean validation L1 loss: 0.018532767762620014
2024-09-08 05:41:03,219 - INFO - Mean validation SSIM loss: 0.6506255222204138
2024-09-08 05:41:03,219 - INFO - Mean validation MSE loss: 0.0009600339224951397
2024-09-08 05:41:03,961 - INFO - New best validation Loss 0.018532767762620014, at epoch 75
2024-09-08 05:41:03,961 - INFO - Epoch 76
-------------------------------
2024-09-08 05:41:03,961 - INFO - Learning Rate of group 0: 0.0003
2024-09-08 06:18:33,464 - INFO - Maximum gradient before clipping: 56.39761734008789
2024-09-08 06:18:33,465 - INFO - Minimum gradient before clipping: -49.92689895629883
2024-09-08 06:18:33,466 - INFO - Mean training L1 loss: 0.019432705963775984
2024-09-08 06:18:33,466 - INFO - Mean training SSIM loss: 0.6723386014868953
2024-09-08 06:18:33,466 - INFO - Mean training MSE loss: 0.0010137235465485232
2024-09-08 06:21:49,229 - INFO - Mean validation L1 loss: 0.019268813125639654
2024-09-08 06:21:49,230 - INFO - Mean validation SSIM loss: 0.6514082665626819
2024-09-08 06:21:49,230 - INFO - Mean validation MSE loss: 0.0010465746379479217
2024-09-08 06:21:49,230 - INFO - Epoch 77
-------------------------------
2024-09-08 06:21:49,230 - INFO - Learning Rate of group 0: 0.0003
2024-09-08 06:59:15,717 - INFO - Maximum gradient before clipping: 41.76617431640625
2024-09-08 06:59:15,718 - INFO - Minimum gradient before clipping: -75.58328247070312
2024-09-08 06:59:15,718 - INFO - Mean training L1 loss: 0.01942315773079456
2024-09-08 06:59:15,718 - INFO - Mean training SSIM loss: 0.67220627585997
2024-09-08 06:59:15,718 - INFO - Mean training MSE loss: 0.0010114900968718219
2024-09-08 07:02:30,440 - INFO - Mean validation L1 loss: 0.018372204523832602
2024-09-08 07:02:30,441 - INFO - Mean validation SSIM loss: 0.6472824820906024
2024-09-08 07:02:30,441 - INFO - Mean validation MSE loss: 0.0009387253133819927
2024-09-08 07:02:31,161 - INFO - New best validation Loss 0.018372204523832602, at epoch 77
2024-09-08 07:02:31,161 - INFO - Epoch 78
-------------------------------
2024-09-08 07:02:31,161 - INFO - Learning Rate of group 0: 0.0003
2024-09-08 07:39:58,244 - INFO - Maximum gradient before clipping: 39.79262924194336
2024-09-08 07:39:58,245 - INFO - Minimum gradient before clipping: -50.02593994140625
2024-09-08 07:39:58,246 - INFO - Mean training L1 loss: 0.019437770890512136
2024-09-08 07:39:58,246 - INFO - Mean training SSIM loss: 0.6724310428066166
2024-09-08 07:39:58,246 - INFO - Mean training MSE loss: 0.00101366555785407
2024-09-08 07:43:13,293 - INFO - Mean validation L1 loss: 0.018556030421988123
2024-09-08 07:43:13,294 - INFO - Mean validation SSIM loss: 0.6570219391564461
2024-09-08 07:43:13,294 - INFO - Mean validation MSE loss: 0.0009280253796161536
2024-09-08 07:43:13,294 - INFO - Epoch 79
-------------------------------
2024-09-08 07:43:13,294 - INFO - Learning Rate of group 0: 0.0003
2024-09-08 08:20:41,714 - INFO - Maximum gradient before clipping: 34.22412872314453
2024-09-08 08:20:41,715 - INFO - Minimum gradient before clipping: -52.269996643066406
2024-09-08 08:20:41,716 - INFO - Mean training L1 loss: 0.01953438852279942
2024-09-08 08:20:41,716 - INFO - Mean training SSIM loss: 0.6734400918323193
2024-09-08 08:20:41,716 - INFO - Mean training MSE loss: 0.001020900557079208
2024-09-08 08:23:56,438 - INFO - Mean validation L1 loss: 0.01860058594987195
2024-09-08 08:23:56,438 - INFO - Mean validation SSIM loss: 0.6542770055225462
2024-09-08 08:23:56,438 - INFO - Mean validation MSE loss: 0.0009436689300776419
2024-09-08 08:23:56,439 - INFO - Epoch 80
-------------------------------
2024-09-08 08:23:56,439 - INFO - Learning Rate of group 0: 0.0003
2024-09-08 09:01:24,193 - INFO - Maximum gradient before clipping: 43.7346076965332
2024-09-08 09:01:24,193 - INFO - Minimum gradient before clipping: -48.45274353027344
2024-09-08 09:01:24,194 - INFO - Mean training L1 loss: 0.01943249357938268
2024-09-08 09:01:24,194 - INFO - Mean training SSIM loss: 0.6724675715792284
2024-09-08 09:01:24,194 - INFO - Mean training MSE loss: 0.0010128848306461351
