2024-08-27 21:20:01,243 - INFO - NOTE: None
2024-08-27 21:20:01,246 - INFO - Torch, random, numpy seed: 88
2024-08-27 21:20:01,846 - INFO - Starting training from from epoch 0
2024-08-27 21:20:10,479 - INFO - Epoch 1
-------------------------------
2024-08-27 21:20:10,479 - INFO - Learning Rate of group 0: 0.0
2024-08-27 21:20:52,433 - INFO - Maximum gradient before clipping: 0.37391743063926697
2024-08-27 21:20:52,434 - INFO - Minimum gradient before clipping: -0.5680364966392517
2024-08-27 21:20:52,434 - INFO - Mean training L1 loss: 0.11843136474490165
2024-08-27 21:20:52,435 - INFO - Mean training SSIM loss: 0.9999746835231781
2024-08-27 21:20:52,435 - INFO - Mean training MSE loss: 0.025211378186941146
2024-08-27 21:21:00,913 - INFO - Mean validation L1 loss: 0.11643424540758134
2024-08-27 21:21:00,913 - INFO - Mean validation SSIM loss: 0.9999690461158752
2024-08-27 21:21:00,913 - INFO - Mean validation MSE loss: 0.02439820609986782
2024-08-27 21:21:01,370 - INFO - New best validation Loss 0.11643424540758134, at epoch 1
2024-08-27 21:21:01,377 - INFO - Epoch 2
-------------------------------
2024-08-27 21:21:01,377 - INFO - Learning Rate of group 0: 4e-05
2024-08-27 21:21:41,694 - INFO - Maximum gradient before clipping: 1.7459160089492798
2024-08-27 21:21:41,695 - INFO - Minimum gradient before clipping: -1.7019622325897217
2024-08-27 21:21:41,696 - INFO - Mean training L1 loss: 0.05677730094641447
2024-08-27 21:21:41,696 - INFO - Mean training SSIM loss: 0.9870225822925568
2024-08-27 21:21:41,696 - INFO - Mean training MSE loss: 0.00665901304455474
2024-08-27 21:21:49,212 - INFO - Mean validation L1 loss: 0.04336647152900696
2024-08-27 21:21:49,212 - INFO - Mean validation SSIM loss: 0.9758134603500366
2024-08-27 21:21:49,212 - INFO - Mean validation MSE loss: 0.003817429803311825
2024-08-27 21:21:49,678 - INFO - New best validation Loss 0.04336647152900696, at epoch 2
2024-08-27 21:21:49,681 - INFO - Epoch 3
-------------------------------
2024-08-27 21:21:49,682 - INFO - Learning Rate of group 0: 8e-05
2024-08-27 21:22:30,156 - INFO - Maximum gradient before clipping: 1.382357120513916
2024-08-27 21:22:30,156 - INFO - Minimum gradient before clipping: -1.4161843061447144
2024-08-27 21:22:30,157 - INFO - Mean training L1 loss: 0.0439774813875556
2024-08-27 21:22:30,157 - INFO - Mean training SSIM loss: 0.9776031160354615
2024-08-27 21:22:30,157 - INFO - Mean training MSE loss: 0.003949538660235703
2024-08-27 21:22:38,648 - INFO - Mean validation L1 loss: 0.04133660614490509
2024-08-27 21:22:38,649 - INFO - Mean validation SSIM loss: 0.9698580765724182
2024-08-27 21:22:38,649 - INFO - Mean validation MSE loss: 0.003700862694531679
2024-08-27 21:22:39,115 - INFO - New best validation Loss 0.04133660614490509, at epoch 3
2024-08-27 21:22:39,119 - INFO - Epoch 4
-------------------------------
2024-08-27 21:22:39,119 - INFO - Learning Rate of group 0: 0.00012
2024-08-27 21:23:19,361 - INFO - Maximum gradient before clipping: 1.2736724615097046
2024-08-27 21:23:19,361 - INFO - Minimum gradient before clipping: -1.4098289012908936
2024-08-27 21:23:19,362 - INFO - Mean training L1 loss: 0.044046341888606545
2024-08-27 21:23:19,362 - INFO - Mean training SSIM loss: 0.9767433428764343
2024-08-27 21:23:19,362 - INFO - Mean training MSE loss: 0.0038889626879245044
2024-08-27 21:23:27,693 - INFO - Mean validation L1 loss: 0.04359243184328079
2024-08-27 21:23:27,693 - INFO - Mean validation SSIM loss: 0.9745433187484741
2024-08-27 21:23:27,693 - INFO - Mean validation MSE loss: 0.004063372453674674
2024-08-27 21:23:27,696 - INFO - Epoch 5
-------------------------------
2024-08-27 21:23:27,696 - INFO - Learning Rate of group 0: 0.00016
2024-08-27 21:24:07,879 - INFO - Maximum gradient before clipping: 1.8445788621902466
2024-08-27 21:24:07,879 - INFO - Minimum gradient before clipping: -1.5911495685577393
2024-08-27 21:24:07,880 - INFO - Mean training L1 loss: 0.043894262723624705
2024-08-27 21:24:07,880 - INFO - Mean training SSIM loss: 0.9753160291910171
2024-08-27 21:24:07,880 - INFO - Mean training MSE loss: 0.003967350842431188
2024-08-27 21:24:15,557 - INFO - Mean validation L1 loss: 0.040534032434225084
2024-08-27 21:24:15,557 - INFO - Mean validation SSIM loss: 0.963496732711792
2024-08-27 21:24:15,557 - INFO - Mean validation MSE loss: 0.0034978912211954595
2024-08-27 21:24:16,023 - INFO - New best validation Loss 0.040534032434225084, at epoch 5
2024-08-27 21:24:16,026 - INFO - Epoch 6
-------------------------------
2024-08-27 21:24:16,027 - INFO - Learning Rate of group 0: 0.0002
2024-08-27 21:24:56,756 - INFO - Maximum gradient before clipping: 1.9184919595718384
2024-08-27 21:24:56,756 - INFO - Minimum gradient before clipping: -1.4591281414031982
2024-08-27 21:24:56,757 - INFO - Mean training L1 loss: 0.042432838827371595
2024-08-27 21:24:56,757 - INFO - Mean training SSIM loss: 0.9744697678089141
2024-08-27 21:24:56,757 - INFO - Mean training MSE loss: 0.0036465909681282936
2024-08-27 21:25:04,561 - INFO - Mean validation L1 loss: 0.04363983884453773
2024-08-27 21:25:04,561 - INFO - Mean validation SSIM loss: 0.9766374897956848
2024-08-27 21:25:04,561 - INFO - Mean validation MSE loss: 0.003342607198283076
2024-08-27 21:25:04,565 - INFO - Epoch 7
-------------------------------
2024-08-27 21:25:04,565 - INFO - Learning Rate of group 0: 0.00019877498988921623
2024-08-27 21:25:45,075 - INFO - Maximum gradient before clipping: 1.4643768072128296
2024-08-27 21:25:45,075 - INFO - Minimum gradient before clipping: -1.362130880355835
2024-08-27 21:25:45,076 - INFO - Mean training L1 loss: 0.040692084804177284
2024-08-27 21:25:45,076 - INFO - Mean training SSIM loss: 0.9680189967155457
2024-08-27 21:25:45,076 - INFO - Mean training MSE loss: 0.0034261434664949776
2024-08-27 21:25:53,410 - INFO - Mean validation L1 loss: 0.040991734117269515
2024-08-27 21:25:53,410 - INFO - Mean validation SSIM loss: 0.9547820949554443
2024-08-27 21:25:53,410 - INFO - Mean validation MSE loss: 0.003868548022583127
2024-08-27 21:25:53,413 - INFO - Epoch 8
-------------------------------
2024-08-27 21:25:53,414 - INFO - Learning Rate of group 0: 0.00019513012337136782
2024-08-27 21:26:33,828 - INFO - Maximum gradient before clipping: 1.6378768682479858
2024-08-27 21:26:33,828 - INFO - Minimum gradient before clipping: -1.7889156341552734
2024-08-27 21:26:33,829 - INFO - Mean training L1 loss: 0.03996277904137969
2024-08-27 21:26:33,829 - INFO - Mean training SSIM loss: 0.9636876499652862
2024-08-27 21:26:33,829 - INFO - Mean training MSE loss: 0.003389157730853185
2024-08-27 21:26:41,743 - INFO - Mean validation L1 loss: 0.04259284481406212
2024-08-27 21:26:41,743 - INFO - Mean validation SSIM loss: 0.971109573841095
2024-08-27 21:26:41,743 - INFO - Mean validation MSE loss: 0.0030063545051962136
2024-08-27 21:26:41,747 - INFO - Epoch 9
-------------------------------
2024-08-27 21:26:41,747 - INFO - Learning Rate of group 0: 0.00018915514915674264
2024-08-27 21:27:22,160 - INFO - Maximum gradient before clipping: 3.275712013244629
2024-08-27 21:27:22,160 - INFO - Minimum gradient before clipping: -2.4069676399230957
2024-08-27 21:27:22,160 - INFO - Mean training L1 loss: 0.03891726506873965
2024-08-27 21:27:22,161 - INFO - Mean training SSIM loss: 0.9576502215862274
2024-08-27 21:27:22,161 - INFO - Mean training MSE loss: 0.003229091997491196
2024-08-27 21:27:29,911 - INFO - Mean validation L1 loss: 0.03638688400387764
2024-08-27 21:27:29,912 - INFO - Mean validation SSIM loss: 0.950934443473816
2024-08-27 21:27:29,912 - INFO - Mean validation MSE loss: 0.0029018442891538144
2024-08-27 21:27:30,387 - INFO - New best validation Loss 0.03638688400387764, at epoch 9
2024-08-27 21:27:30,390 - INFO - Epoch 10
-------------------------------
2024-08-27 21:27:30,390 - INFO - Learning Rate of group 0: 0.0001809971909403073
2024-08-27 21:28:10,981 - INFO - Maximum gradient before clipping: 1.5824042558670044
2024-08-27 21:28:10,982 - INFO - Minimum gradient before clipping: -1.907455325126648
2024-08-27 21:28:10,982 - INFO - Mean training L1 loss: 0.03625309003517032
2024-08-27 21:28:10,982 - INFO - Mean training SSIM loss: 0.9529861789941788
2024-08-27 21:28:10,982 - INFO - Mean training MSE loss: 0.002848763782531023
2024-08-27 21:35:27,738 - INFO - Validation split Earthnet Score on epoch 10
2024-08-27 21:35:27,741 - INFO - {'MAD': 0.22134613990783691, 'OLS': 0.3143472969532013, 'EMD': 0.19934673607349396, 'SSIM': 0.05806061625480652, 'EarthNetScore': 0.1336060238242808}
2024-08-27 21:35:27,741 - INFO - Mean validation L1 loss: 0.03391787081956863
2024-08-27 21:35:27,741 - INFO - Mean validation SSIM loss: 0.9438635349273682
2024-08-27 21:35:27,741 - INFO - Mean validation MSE loss: 0.0024135785596445204
2024-08-27 21:35:28,214 - INFO - New best validation Loss 0.03391787081956863, at epoch 10
2024-08-27 21:35:28,217 - INFO - Epoch 11
-------------------------------
2024-08-27 21:35:28,218 - INFO - Learning Rate of group 0: 0.00017085712472806152
2024-08-27 21:36:08,664 - INFO - Maximum gradient before clipping: 1.619288682937622
2024-08-27 21:36:08,664 - INFO - Minimum gradient before clipping: -1.8657176494598389
2024-08-27 21:36:08,665 - INFO - Mean training L1 loss: 0.03737554546445608
2024-08-27 21:36:08,665 - INFO - Mean training SSIM loss: 0.9540002918243409
2024-08-27 21:36:08,665 - INFO - Mean training MSE loss: 0.0029926510457880793
2024-08-27 21:36:17,661 - INFO - Mean validation L1 loss: 0.03330124169588089
2024-08-27 21:36:17,661 - INFO - Mean validation SSIM loss: 0.943743417263031
2024-08-27 21:36:17,661 - INFO - Mean validation MSE loss: 0.0023556831665337086
2024-08-27 21:36:18,181 - INFO - New best validation Loss 0.03330124169588089, at epoch 11
2024-08-27 21:36:18,185 - INFO - Epoch 12
-------------------------------
2024-08-27 21:36:18,185 - INFO - Learning Rate of group 0: 0.00015898463260310112
2024-08-27 21:36:58,917 - INFO - Maximum gradient before clipping: 2.322662115097046
2024-08-27 21:36:58,917 - INFO - Minimum gradient before clipping: -2.69206166267395
2024-08-27 21:36:58,918 - INFO - Mean training L1 loss: 0.03621169833466411
2024-08-27 21:36:58,918 - INFO - Mean training SSIM loss: 0.949167286157608
2024-08-27 21:36:58,918 - INFO - Mean training MSE loss: 0.00286777833243832
2024-08-27 21:37:06,629 - INFO - Mean validation L1 loss: 0.03331706143915653
2024-08-27 21:37:06,629 - INFO - Mean validation SSIM loss: 0.9370827054977418
2024-08-27 21:37:06,629 - INFO - Mean validation MSE loss: 0.002518045390024781
2024-08-27 21:37:06,633 - INFO - Epoch 13
-------------------------------
2024-08-27 21:37:06,633 - INFO - Learning Rate of group 0: 0.00014567205472408495
2024-08-27 21:37:47,038 - INFO - Maximum gradient before clipping: 1.9027025699615479
2024-08-27 21:37:47,038 - INFO - Minimum gradient before clipping: -1.8706566095352173
2024-08-27 21:37:47,039 - INFO - Mean training L1 loss: 0.03523004634305835
2024-08-27 21:37:47,039 - INFO - Mean training SSIM loss: 0.9472972655296326
2024-08-27 21:37:47,039 - INFO - Mean training MSE loss: 0.002739531984552741
2024-08-27 21:37:54,640 - INFO - Mean validation L1 loss: 0.035329692587256434
2024-08-27 21:37:54,640 - INFO - Mean validation SSIM loss: 0.9352779364585877
2024-08-27 21:37:54,640 - INFO - Mean validation MSE loss: 0.002745908000506461
2024-08-27 21:37:54,643 - INFO - Epoch 14
-------------------------------
2024-08-27 21:37:54,643 - INFO - Learning Rate of group 0: 0.00013124719094030732
2024-08-27 21:38:34,684 - INFO - Maximum gradient before clipping: 1.6874932050704956
2024-08-27 21:38:34,684 - INFO - Minimum gradient before clipping: -1.7401984930038452
2024-08-27 21:38:34,685 - INFO - Mean training L1 loss: 0.035331971645355224
2024-08-27 21:38:34,685 - INFO - Mean training SSIM loss: 0.9445450657606125
2024-08-27 21:38:34,685 - INFO - Mean training MSE loss: 0.0027713683992624284
2024-08-27 21:38:42,910 - INFO - Mean validation L1 loss: 0.03198931485414505
2024-08-27 21:38:42,910 - INFO - Mean validation SSIM loss: 0.929456148147583
2024-08-27 21:38:42,910 - INFO - Mean validation MSE loss: 0.002326774774119258
2024-08-27 21:38:43,384 - INFO - New best validation Loss 0.03198931485414505, at epoch 14
2024-08-27 21:38:43,388 - INFO - Epoch 15
-------------------------------
2024-08-27 21:38:43,388 - INFO - Learning Rate of group 0: 0.00011606522927150302
2024-08-27 21:39:23,471 - INFO - Maximum gradient before clipping: 2.0823159217834473
2024-08-27 21:39:23,471 - INFO - Minimum gradient before clipping: -2.8617401123046875
2024-08-27 21:39:23,472 - INFO - Mean training L1 loss: 0.03445263946428895
2024-08-27 21:39:23,473 - INFO - Mean training SSIM loss: 0.9407501429319381
2024-08-27 21:39:23,473 - INFO - Mean training MSE loss: 0.0026523717935197054
2024-08-27 21:39:31,217 - INFO - Mean validation L1 loss: 0.031990041807293895
2024-08-27 21:39:31,217 - INFO - Mean validation SSIM loss: 0.9302249217033386
2024-08-27 21:39:31,217 - INFO - Mean validation MSE loss: 0.0022642418555915357
2024-08-27 21:39:31,220 - INFO - Epoch 16
-------------------------------
2024-08-27 21:39:31,220 - INFO - Learning Rate of group 0: 0.00010050000000000003
2024-08-27 21:40:11,612 - INFO - Maximum gradient before clipping: 1.6284244060516357
2024-08-27 21:40:11,612 - INFO - Minimum gradient before clipping: -1.6724214553833008
2024-08-27 21:40:11,613 - INFO - Mean training L1 loss: 0.034747695364058015
2024-08-27 21:40:11,613 - INFO - Mean training SSIM loss: 0.9420972800254822
2024-08-27 21:40:11,613 - INFO - Mean training MSE loss: 0.002683827392756939
2024-08-27 21:40:19,379 - INFO - Mean validation L1 loss: 0.03146723791956901
2024-08-27 21:40:19,380 - INFO - Mean validation SSIM loss: 0.9244009566307068
2024-08-27 21:40:19,380 - INFO - Mean validation MSE loss: 0.0023041247949004175
2024-08-27 21:40:19,848 - INFO - New best validation Loss 0.03146723791956901, at epoch 16
2024-08-27 21:40:19,852 - INFO - Epoch 17
-------------------------------
2024-08-27 21:40:19,852 - INFO - Learning Rate of group 0: 8.493477072849708e-05
2024-08-27 21:41:00,051 - INFO - Maximum gradient before clipping: 1.4571268558502197
2024-08-27 21:41:00,051 - INFO - Minimum gradient before clipping: -1.471388816833496
2024-08-27 21:41:00,052 - INFO - Mean training L1 loss: 0.03272034391760826
2024-08-27 21:41:00,052 - INFO - Mean training SSIM loss: 0.9353749442100525
2024-08-27 21:41:00,052 - INFO - Mean training MSE loss: 0.002432103755418211
2024-08-27 21:41:08,858 - INFO - Mean validation L1 loss: 0.032411553636193274
2024-08-27 21:41:08,858 - INFO - Mean validation SSIM loss: 0.9251400327682495
2024-08-27 21:41:08,858 - INFO - Mean validation MSE loss: 0.0023633222514763473
2024-08-27 21:41:08,861 - INFO - Epoch 18
-------------------------------
2024-08-27 21:41:08,861 - INFO - Learning Rate of group 0: 6.975280905969276e-05
2024-08-27 21:41:48,898 - INFO - Maximum gradient before clipping: 2.1305556297302246
2024-08-27 21:41:48,898 - INFO - Minimum gradient before clipping: -1.718851089477539
2024-08-27 21:41:48,899 - INFO - Mean training L1 loss: 0.032376900650560855
2024-08-27 21:41:48,899 - INFO - Mean training SSIM loss: 0.9331289446353912
2024-08-27 21:41:48,899 - INFO - Mean training MSE loss: 0.002401776844635606
2024-08-27 21:41:56,841 - INFO - Mean validation L1 loss: 0.030757257118821144
2024-08-27 21:41:56,842 - INFO - Mean validation SSIM loss: 0.9246144151687622
2024-08-27 21:41:56,842 - INFO - Mean validation MSE loss: 0.0021906652860343456
2024-08-27 21:41:57,315 - INFO - New best validation Loss 0.030757257118821144, at epoch 18
2024-08-27 21:41:57,318 - INFO - Epoch 19
-------------------------------
2024-08-27 21:41:57,318 - INFO - Learning Rate of group 0: 5.5327945275915107e-05
2024-08-27 21:42:37,478 - INFO - Maximum gradient before clipping: 1.8295097351074219
2024-08-27 21:42:37,478 - INFO - Minimum gradient before clipping: -2.2684619426727295
2024-08-27 21:42:37,479 - INFO - Mean training L1 loss: 0.03231669651344418
2024-08-27 21:42:37,479 - INFO - Mean training SSIM loss: 0.9317514735460282
2024-08-27 21:42:37,479 - INFO - Mean training MSE loss: 0.002383959566941485
2024-08-27 21:42:45,633 - INFO - Mean validation L1 loss: 0.02992562308907509
2024-08-27 21:42:45,633 - INFO - Mean validation SSIM loss: 0.9218056607246399
2024-08-27 21:42:45,633 - INFO - Mean validation MSE loss: 0.002048676535487175
2024-08-27 21:42:46,096 - INFO - New best validation Loss 0.02992562308907509, at epoch 19
2024-08-27 21:42:46,099 - INFO - Epoch 20
-------------------------------
2024-08-27 21:42:46,100 - INFO - Learning Rate of group 0: 4.201536739689894e-05
2024-08-27 21:43:26,725 - INFO - Maximum gradient before clipping: 1.2879817485809326
2024-08-27 21:43:26,726 - INFO - Minimum gradient before clipping: -1.28849196434021
2024-08-27 21:43:26,726 - INFO - Mean training L1 loss: 0.03142852736636996
2024-08-27 21:43:26,727 - INFO - Mean training SSIM loss: 0.929899874329567
2024-08-27 21:43:26,727 - INFO - Mean training MSE loss: 0.002276560921454802
2024-08-27 21:50:42,811 - INFO - Validation split Earthnet Score on epoch 20
2024-08-27 21:50:42,813 - INFO - {'MAD': 0.23268653452396393, 'OLS': 0.32101038098335266, 'EMD': 0.20554272830486298, 'SSIM': 0.08937761187553406, 'EarthNetScore': 0.17045616266636415}
2024-08-27 21:50:42,813 - INFO - Mean validation L1 loss: 0.029963134080171584
2024-08-27 21:50:42,813 - INFO - Mean validation SSIM loss: 0.91935626745224
2024-08-27 21:50:42,813 - INFO - Mean validation MSE loss: 0.002094379453919828
2024-08-27 21:50:42,816 - INFO - Training Finished
