2024-08-24 00:44:48,428 - INFO - NOTE: None
2024-08-24 00:44:48,431 - INFO - Torch, random, numpy seed: 88
2024-08-24 00:44:49,007 - INFO - Starting training from from epoch 0
2024-08-24 00:44:56,596 - INFO - Epoch 1
-------------------------------
2024-08-24 00:44:56,596 - INFO - Learning Rate of group 0: 0.0
2024-08-24 00:45:51,882 - INFO - Maximum gradient before clipping: 3.5209648609161377
2024-08-24 00:45:51,883 - INFO - Minimum gradient before clipping: -3.032052755355835
2024-08-24 00:45:51,883 - INFO - Mean training L1 loss: 0.22603469595313072
2024-08-24 00:45:51,883 - INFO - Mean training SSIM loss: 0.010803064194042235
2024-08-24 00:45:51,883 - INFO - Mean training MSE loss: 0.08837475262582302
2024-08-24 00:45:59,194 - INFO - Mean validation L1 loss: 0.22669951021671295
2024-08-24 00:45:59,195 - INFO - Mean validation SSIM loss: 0.012265922669321298
2024-08-24 00:45:59,195 - INFO - Mean validation MSE loss: 0.08917983174324036
2024-08-24 00:45:59,704 - INFO - New best validation Loss 0.22669951021671295, at epoch 1
2024-08-24 00:45:59,704 - INFO - Epoch 2
-------------------------------
2024-08-24 00:45:59,704 - INFO - Learning Rate of group 0: 4e-05
2024-08-24 00:46:52,842 - INFO - Maximum gradient before clipping: 3.3387458324432373
2024-08-24 00:46:52,842 - INFO - Minimum gradient before clipping: -2.7522239685058594
2024-08-24 00:46:52,843 - INFO - Mean training L1 loss: 0.08561505485326051
2024-08-24 00:46:52,843 - INFO - Mean training SSIM loss: 0.00226516002457964
2024-08-24 00:46:52,843 - INFO - Mean training MSE loss: 0.019262065782677383
2024-08-24 00:47:01,123 - INFO - Mean validation L1 loss: 0.048171568810939785
2024-08-24 00:47:01,123 - INFO - Mean validation SSIM loss: 2.0976728828259185e-06
2024-08-24 00:47:01,123 - INFO - Mean validation MSE loss: 0.004633837454020977
2024-08-24 00:47:01,618 - INFO - New best validation Loss 0.048171568810939785, at epoch 2
2024-08-24 00:47:01,619 - INFO - Epoch 3
-------------------------------
2024-08-24 00:47:01,619 - INFO - Learning Rate of group 0: 8e-05
2024-08-24 00:47:54,946 - INFO - Maximum gradient before clipping: 0.6292552351951599
2024-08-24 00:47:54,947 - INFO - Minimum gradient before clipping: -0.6701057553291321
2024-08-24 00:47:54,948 - INFO - Mean training L1 loss: 0.044931502006947996
2024-08-24 00:47:54,948 - INFO - Mean training SSIM loss: 8.238700389182063e-07
2024-08-24 00:47:54,948 - INFO - Mean training MSE loss: 0.003990018246695399
2024-08-24 00:48:03,252 - INFO - Mean validation L1 loss: 0.04369834765791893
2024-08-24 00:48:03,253 - INFO - Mean validation SSIM loss: 7.19552344774499e-08
2024-08-24 00:48:03,253 - INFO - Mean validation MSE loss: 0.003909713942557573
2024-08-24 00:48:03,741 - INFO - New best validation Loss 0.04369834765791893, at epoch 3
2024-08-24 00:48:03,741 - INFO - Epoch 4
-------------------------------
2024-08-24 00:48:03,741 - INFO - Learning Rate of group 0: 0.00012
2024-08-24 00:48:56,769 - INFO - Maximum gradient before clipping: 0.6544368863105774
2024-08-24 00:48:56,769 - INFO - Minimum gradient before clipping: -0.6184476017951965
2024-08-24 00:48:56,769 - INFO - Mean training L1 loss: 0.04406038254499436
2024-08-24 00:48:56,769 - INFO - Mean training SSIM loss: 2.9034438645447746e-06
2024-08-24 00:48:56,769 - INFO - Mean training MSE loss: 0.0038356586347799747
2024-08-24 00:49:03,939 - INFO - Mean validation L1 loss: 0.043835331499576566
2024-08-24 00:49:03,939 - INFO - Mean validation SSIM loss: 1.3639999132397663e-07
2024-08-24 00:49:03,940 - INFO - Mean validation MSE loss: 0.0038528818357735873
2024-08-24 00:49:03,940 - INFO - Epoch 5
-------------------------------
2024-08-24 00:49:03,940 - INFO - Learning Rate of group 0: 0.00016
2024-08-24 00:49:57,236 - INFO - Maximum gradient before clipping: 0.5070428252220154
2024-08-24 00:49:57,236 - INFO - Minimum gradient before clipping: -0.48908668756484985
2024-08-24 00:49:57,237 - INFO - Mean training L1 loss: 0.04315787222236395
2024-08-24 00:49:57,237 - INFO - Mean training SSIM loss: 1.2830989648193736e-06
2024-08-24 00:49:57,237 - INFO - Mean training MSE loss: 0.0036626983480527995
2024-08-24 00:50:04,796 - INFO - Mean validation L1 loss: 0.043871285617351534
2024-08-24 00:50:04,796 - INFO - Mean validation SSIM loss: 3.848206588941139e-07
2024-08-24 00:50:04,796 - INFO - Mean validation MSE loss: 0.003700846200808883
2024-08-24 00:50:04,797 - INFO - Epoch 6
-------------------------------
2024-08-24 00:50:04,797 - INFO - Learning Rate of group 0: 0.0002
2024-08-24 00:50:57,944 - INFO - Maximum gradient before clipping: 0.4163823127746582
2024-08-24 00:50:57,944 - INFO - Minimum gradient before clipping: -0.38519376516342163
2024-08-24 00:50:57,945 - INFO - Mean training L1 loss: 0.041495786104351284
2024-08-24 00:50:57,945 - INFO - Mean training SSIM loss: 1.623700687009011e-07
2024-08-24 00:50:57,945 - INFO - Mean training MSE loss: 0.0034542150818742813
2024-08-24 00:51:06,744 - INFO - Mean validation L1 loss: 0.046287836730480196
2024-08-24 00:51:06,744 - INFO - Mean validation SSIM loss: 2.617030601754777e-06
2024-08-24 00:51:06,744 - INFO - Mean validation MSE loss: 0.004343411587178707
2024-08-24 00:51:06,745 - INFO - Epoch 7
-------------------------------
2024-08-24 00:51:06,745 - INFO - Learning Rate of group 0: 0.00019921541278079057
2024-08-24 00:52:00,339 - INFO - Maximum gradient before clipping: 0.32742565870285034
2024-08-24 00:52:00,339 - INFO - Minimum gradient before clipping: -0.3371916711330414
2024-08-24 00:52:00,339 - INFO - Mean training L1 loss: 0.04034500448033214
2024-08-24 00:52:00,339 - INFO - Mean training SSIM loss: 2.5340024207946843e-07
2024-08-24 00:52:00,339 - INFO - Mean training MSE loss: 0.0032900398306082933
2024-08-24 00:52:08,118 - INFO - Mean validation L1 loss: 0.04118469312787056
2024-08-24 00:52:08,118 - INFO - Mean validation SSIM loss: 1.0834162487149967e-07
2024-08-24 00:52:08,118 - INFO - Mean validation MSE loss: 0.0030102497152984142
2024-08-24 00:52:08,609 - INFO - New best validation Loss 0.04118469312787056, at epoch 7
2024-08-24 00:52:08,609 - INFO - Epoch 8
-------------------------------
2024-08-24 00:52:08,609 - INFO - Learning Rate of group 0: 0.0001968740245322988
2024-08-24 00:53:01,714 - INFO - Maximum gradient before clipping: 0.2970349192619324
2024-08-24 00:53:01,714 - INFO - Minimum gradient before clipping: -0.2784639000892639
2024-08-24 00:53:01,714 - INFO - Mean training L1 loss: 0.04035639725625515
2024-08-24 00:53:01,714 - INFO - Mean training SSIM loss: 5.389572845518331e-07
2024-08-24 00:53:01,714 - INFO - Mean training MSE loss: 0.0032809142279438676
2024-08-24 00:53:09,352 - INFO - Mean validation L1 loss: 0.03867923572659492
2024-08-24 00:53:09,352 - INFO - Mean validation SSIM loss: 2.414824917751357e-08
2024-08-24 00:53:09,352 - INFO - Mean validation MSE loss: 0.0033561353944242
2024-08-24 00:53:09,847 - INFO - New best validation Loss 0.03867923572659492, at epoch 8
2024-08-24 00:53:09,847 - INFO - Epoch 9
-------------------------------
2024-08-24 00:53:09,847 - INFO - Learning Rate of group 0: 0.00019301276034588104
2024-08-24 00:54:02,846 - INFO - Maximum gradient before clipping: 0.2175838053226471
2024-08-24 00:54:02,846 - INFO - Minimum gradient before clipping: -0.22762010991573334
2024-08-24 00:54:02,847 - INFO - Mean training L1 loss: 0.03786926066502929
2024-08-24 00:54:02,847 - INFO - Mean training SSIM loss: 4.1071689663128855e-08
2024-08-24 00:54:02,847 - INFO - Mean training MSE loss: 0.0029806438367813827
2024-08-24 00:54:10,385 - INFO - Mean validation L1 loss: 0.037215831726789474
2024-08-24 00:54:10,385 - INFO - Mean validation SSIM loss: 2.371680381085817e-08
2024-08-24 00:54:10,385 - INFO - Mean validation MSE loss: 0.0030647071544080973
2024-08-24 00:54:10,895 - INFO - New best validation Loss 0.037215831726789474, at epoch 9
2024-08-24 00:54:10,896 - INFO - Epoch 10
-------------------------------
2024-08-24 00:54:10,896 - INFO - Learning Rate of group 0: 0.00018769251466436445
2024-08-24 00:55:03,951 - INFO - Maximum gradient before clipping: 0.3564956486225128
2024-08-24 00:55:03,951 - INFO - Minimum gradient before clipping: -0.2463614046573639
2024-08-24 00:55:03,951 - INFO - Mean training L1 loss: 0.03790040722116828
2024-08-24 00:55:03,951 - INFO - Mean training SSIM loss: 3.904132507480569e-08
2024-08-24 00:55:03,951 - INFO - Mean training MSE loss: 0.002980492380447686
2024-08-24 01:01:30,398 - INFO - Validation split Earthnet Score on epoch 10
2024-08-24 01:01:30,401 - INFO - {'MAD': 0.2192249447107315, 'OLS': 0.30166926980018616, 'EMD': 0.19194796681404114, 'SSIM': 0.04201044514775276, 'EarthNetScore': 0.10843116727065896}
2024-08-24 01:01:30,401 - INFO - Mean validation L1 loss: 0.03654811650514603
2024-08-24 01:01:30,401 - INFO - Mean validation SSIM loss: 9.872575677527528e-09
2024-08-24 01:01:30,401 - INFO - Mean validation MSE loss: 0.0028834561305120586
2024-08-24 01:01:30,894 - INFO - New best validation Loss 0.03654811650514603, at epoch 10
2024-08-24 01:01:30,895 - INFO - Epoch 11
-------------------------------
2024-08-24 01:01:30,895 - INFO - Learning Rate of group 0: 0.0001809971909403073
2024-08-24 01:02:24,018 - INFO - Maximum gradient before clipping: 0.3811182379722595
2024-08-24 01:02:24,018 - INFO - Minimum gradient before clipping: -0.2913379967212677
2024-08-24 01:02:24,018 - INFO - Mean training L1 loss: 0.03800125377252698
2024-08-24 01:02:24,019 - INFO - Mean training SSIM loss: 7.795141634014957e-08
2024-08-24 01:02:24,019 - INFO - Mean training MSE loss: 0.0029873968404717744
2024-08-24 01:02:32,971 - INFO - Mean validation L1 loss: 0.03577699214220047
2024-08-24 01:02:32,972 - INFO - Mean validation SSIM loss: 1.4858911202564328e-08
2024-08-24 01:02:32,972 - INFO - Mean validation MSE loss: 0.002721912311390042
2024-08-24 01:02:33,463 - INFO - New best validation Loss 0.03577699214220047, at epoch 11
2024-08-24 01:02:33,464 - INFO - Epoch 12
-------------------------------
2024-08-24 01:02:33,464 - INFO - Learning Rate of group 0: 0.00017303237842843048
2024-08-24 01:03:26,507 - INFO - Maximum gradient before clipping: 0.2602124810218811
2024-08-24 01:03:26,507 - INFO - Minimum gradient before clipping: -0.27668657898902893
2024-08-24 01:03:26,507 - INFO - Mean training L1 loss: 0.03599175937473774
2024-08-24 01:03:26,507 - INFO - Mean training SSIM loss: 1.719406493246034e-08
2024-08-24 01:03:26,507 - INFO - Mean training MSE loss: 0.0027548661490436645
2024-08-24 01:03:35,189 - INFO - Mean validation L1 loss: 0.03596403032541275
2024-08-24 01:03:35,189 - INFO - Mean validation SSIM loss: 7.353038355972785e-09
2024-08-24 01:03:35,189 - INFO - Mean validation MSE loss: 0.0026105687860399486
2024-08-24 01:03:35,189 - INFO - Epoch 13
-------------------------------
2024-08-24 01:03:35,189 - INFO - Learning Rate of group 0: 0.00016392368697999466
2024-08-24 01:04:28,240 - INFO - Maximum gradient before clipping: 0.3049008548259735
2024-08-24 01:04:28,240 - INFO - Minimum gradient before clipping: -0.250142365694046
2024-08-24 01:04:28,240 - INFO - Mean training L1 loss: 0.03629311999306083
2024-08-24 01:04:28,240 - INFO - Mean training SSIM loss: 2.245616892604385e-08
2024-08-24 01:04:28,240 - INFO - Mean training MSE loss: 0.0027902171097230165
2024-08-24 01:04:36,473 - INFO - Mean validation L1 loss: 0.036083259657025336
2024-08-24 01:04:36,473 - INFO - Mean validation SSIM loss: 6.743805620601506e-09
2024-08-24 01:04:36,473 - INFO - Mean validation MSE loss: 0.0025977340573444963
2024-08-24 01:04:36,473 - INFO - Epoch 14
-------------------------------
2024-08-24 01:04:36,474 - INFO - Learning Rate of group 0: 0.00015381476610041016
2024-08-24 01:05:29,573 - INFO - Maximum gradient before clipping: 0.25378552079200745
2024-08-24 01:05:29,573 - INFO - Minimum gradient before clipping: -0.21155430376529694
2024-08-24 01:05:29,573 - INFO - Mean training L1 loss: 0.03538702355697751
2024-08-24 01:05:29,573 - INFO - Mean training SSIM loss: 1.8484188499465205e-08
2024-08-24 01:05:29,573 - INFO - Mean training MSE loss: 0.0026744977303314954
2024-08-24 01:05:36,975 - INFO - Mean validation L1 loss: 0.03553230576217174
2024-08-24 01:05:36,975 - INFO - Mean validation SSIM loss: 4.744717178040148e-09
2024-08-24 01:05:36,975 - INFO - Mean validation MSE loss: 0.002721253652125597
2024-08-24 01:05:37,465 - INFO - New best validation Loss 0.03553230576217174, at epoch 14
2024-08-24 01:05:37,466 - INFO - Epoch 15
-------------------------------
2024-08-24 01:05:37,466 - INFO - Learning Rate of group 0: 0.00014286503951072474
2024-08-24 01:06:30,547 - INFO - Maximum gradient before clipping: 0.24728022515773773
2024-08-24 01:06:30,547 - INFO - Minimum gradient before clipping: -0.23998261988162994
2024-08-24 01:06:30,548 - INFO - Mean training L1 loss: 0.03545429678633809
2024-08-24 01:06:30,548 - INFO - Mean training SSIM loss: 1.685471267512395e-08
2024-08-24 01:06:30,548 - INFO - Mean training MSE loss: 0.0026900775625836103
2024-08-24 01:06:37,879 - INFO - Mean validation L1 loss: 0.03484467208385467
2024-08-24 01:06:37,880 - INFO - Mean validation SSIM loss: 2.926446611845046e-09
2024-08-24 01:06:37,880 - INFO - Mean validation MSE loss: 0.002613246706314385
2024-08-24 01:06:38,374 - INFO - New best validation Loss 0.03484467208385467, at epoch 15
2024-08-24 01:06:38,375 - INFO - Epoch 16
-------------------------------
2024-08-24 01:06:38,375 - INFO - Learning Rate of group 0: 0.00013124719094030727
2024-08-24 01:07:31,370 - INFO - Maximum gradient before clipping: 0.2630981504917145
2024-08-24 01:07:31,370 - INFO - Minimum gradient before clipping: -0.18375736474990845
2024-08-24 01:07:31,371 - INFO - Mean training L1 loss: 0.03464900845661759
2024-08-24 01:07:31,371 - INFO - Mean training SSIM loss: 9.023009944764127e-09
2024-08-24 01:07:31,371 - INFO - Mean training MSE loss: 0.002600753412116319
2024-08-24 01:07:38,999 - INFO - Mean validation L1 loss: 0.03437228702008724
2024-08-24 01:07:38,999 - INFO - Mean validation SSIM loss: 5.464175970582019e-09
2024-08-24 01:07:39,000 - INFO - Mean validation MSE loss: 0.002665666416287422
2024-08-24 01:07:39,490 - INFO - New best validation Loss 0.03437228702008724, at epoch 16
2024-08-24 01:07:39,490 - INFO - Epoch 17
-------------------------------
2024-08-24 01:07:39,490 - INFO - Learning Rate of group 0: 0.00011914444080127962
2024-08-24 01:08:32,608 - INFO - Maximum gradient before clipping: 0.24956700205802917
2024-08-24 01:08:32,609 - INFO - Minimum gradient before clipping: -0.20753246545791626
2024-08-24 01:08:32,609 - INFO - Mean training L1 loss: 0.03416384398937225
2024-08-24 01:08:32,609 - INFO - Mean training SSIM loss: 8.679785871608392e-09
2024-08-24 01:08:32,609 - INFO - Mean training MSE loss: 0.002534166497644037
2024-08-24 01:08:41,244 - INFO - Mean validation L1 loss: 0.03367029890418052
2024-08-24 01:08:41,244 - INFO - Mean validation SSIM loss: 3.339559253578983e-09
2024-08-24 01:08:41,244 - INFO - Mean validation MSE loss: 0.0024861494125798344
2024-08-24 01:08:41,741 - INFO - New best validation Loss 0.03367029890418052, at epoch 17
2024-08-24 01:08:41,741 - INFO - Epoch 18
-------------------------------
2024-08-24 01:08:41,741 - INFO - Learning Rate of group 0: 0.0001067476566931667
2024-08-24 01:09:34,665 - INFO - Maximum gradient before clipping: 0.2294556349515915
2024-08-24 01:09:34,665 - INFO - Minimum gradient before clipping: -0.19728028774261475
2024-08-24 01:09:34,666 - INFO - Mean training L1 loss: 0.03402211168780923
2024-08-24 01:09:34,666 - INFO - Mean training SSIM loss: 1.2001781371975134e-08
2024-08-24 01:09:34,666 - INFO - Mean training MSE loss: 0.0025228557002265005
2024-08-24 01:09:42,518 - INFO - Mean validation L1 loss: 0.03368820793926716
2024-08-24 01:09:42,518 - INFO - Mean validation SSIM loss: 3.5333182463181957e-09
2024-08-24 01:09:42,518 - INFO - Mean validation MSE loss: 0.002522186804562807
2024-08-24 01:09:42,518 - INFO - Epoch 19
-------------------------------
2024-08-24 01:09:42,518 - INFO - Learning Rate of group 0: 9.425234330683332e-05
2024-08-24 01:10:35,468 - INFO - Maximum gradient before clipping: 0.20893211662769318
2024-08-24 01:10:35,469 - INFO - Minimum gradient before clipping: -0.18321049213409424
2024-08-24 01:10:35,469 - INFO - Mean training L1 loss: 0.03350117988884449
2024-08-24 01:10:35,469 - INFO - Mean training SSIM loss: 4.506341146764958e-09
2024-08-24 01:10:35,469 - INFO - Mean training MSE loss: 0.002472023996524513
2024-08-24 01:10:42,977 - INFO - Mean validation L1 loss: 0.03372787639498711
2024-08-24 01:10:42,977 - INFO - Mean validation SSIM loss: 2.4665296344261735e-09
2024-08-24 01:10:42,977 - INFO - Mean validation MSE loss: 0.002375205527059734
2024-08-24 01:10:42,978 - INFO - Epoch 20
-------------------------------
2024-08-24 01:10:42,978 - INFO - Learning Rate of group 0: 8.18555591987204e-05
2024-08-24 01:11:36,090 - INFO - Maximum gradient before clipping: 0.17261314392089844
2024-08-24 01:11:36,090 - INFO - Minimum gradient before clipping: -0.2125617116689682
2024-08-24 01:11:36,091 - INFO - Mean training L1 loss: 0.03336506037041545
2024-08-24 01:11:36,091 - INFO - Mean training SSIM loss: 6.1404550067475225e-09
2024-08-24 01:11:36,091 - INFO - Mean training MSE loss: 0.0024488664616364986
2024-08-24 01:18:17,668 - INFO - Validation split Earthnet Score on epoch 20
2024-08-24 01:18:17,670 - INFO - {'MAD': 0.22098122537136078, 'OLS': 0.30395999550819397, 'EMD': 0.19694195687770844, 'SSIM': 0.05014612898230553, 'EarthNetScore': 0.12182295312725887}
2024-08-24 01:18:17,670 - INFO - Mean validation L1 loss: 0.033783648759126664
2024-08-24 01:18:17,670 - INFO - Mean validation SSIM loss: 2.7719862631322976e-09
2024-08-24 01:18:17,670 - INFO - Mean validation MSE loss: 0.002381956703029573
2024-08-24 01:18:17,670 - INFO - Epoch 21
-------------------------------
2024-08-24 01:18:17,671 - INFO - Learning Rate of group 0: 6.975280905969276e-05
2024-08-24 01:19:11,175 - INFO - Maximum gradient before clipping: 0.23653572797775269
2024-08-24 01:19:11,175 - INFO - Minimum gradient before clipping: -0.22824257612228394
2024-08-24 01:19:11,175 - INFO - Mean training L1 loss: 0.03361556949093938
2024-08-24 01:19:11,175 - INFO - Mean training SSIM loss: 7.853983825314993e-09
2024-08-24 01:19:11,175 - INFO - Mean training MSE loss: 0.0024604418966919185
2024-08-24 01:19:18,711 - INFO - Mean validation L1 loss: 0.034419939070940014
2024-08-24 01:19:18,711 - INFO - Mean validation SSIM loss: 3.114300787436866e-09
2024-08-24 01:19:18,711 - INFO - Mean validation MSE loss: 0.002461674362421036
2024-08-24 01:19:18,711 - INFO - Epoch 22
-------------------------------
2024-08-24 01:19:18,711 - INFO - Learning Rate of group 0: 5.813496048927526e-05
2024-08-24 01:20:11,683 - INFO - Maximum gradient before clipping: 0.1885186731815338
2024-08-24 01:20:11,683 - INFO - Minimum gradient before clipping: -0.2232593297958374
2024-08-24 01:20:11,684 - INFO - Mean training L1 loss: 0.033228007219731806
2024-08-24 01:20:11,684 - INFO - Mean training SSIM loss: 3.5861811692808332e-09
2024-08-24 01:20:11,684 - INFO - Mean training MSE loss: 0.0024261005164589733
2024-08-24 01:20:19,755 - INFO - Mean validation L1 loss: 0.03288510456681251
2024-08-24 01:20:19,755 - INFO - Mean validation SSIM loss: 2.0278877219115365e-09
2024-08-24 01:20:19,755 - INFO - Mean validation MSE loss: 0.0023891932703554632
2024-08-24 01:20:20,253 - INFO - New best validation Loss 0.03288510456681251, at epoch 22
2024-08-24 01:20:20,254 - INFO - Epoch 23
-------------------------------
2024-08-24 01:20:20,254 - INFO - Learning Rate of group 0: 4.7185233899589804e-05
2024-08-24 01:21:13,303 - INFO - Maximum gradient before clipping: 0.17726866900920868
2024-08-24 01:21:13,303 - INFO - Minimum gradient before clipping: -0.1942070573568344
2024-08-24 01:21:13,303 - INFO - Mean training L1 loss: 0.03274734936654568
2024-08-24 01:21:13,303 - INFO - Mean training SSIM loss: 2.7394655706782304e-09
2024-08-24 01:21:13,304 - INFO - Mean training MSE loss: 0.0023839881119783967
2024-08-24 01:21:21,557 - INFO - Mean validation L1 loss: 0.032899758964776996
2024-08-24 01:21:21,557 - INFO - Mean validation SSIM loss: 1.1127171924141255e-09
2024-08-24 01:21:21,557 - INFO - Mean validation MSE loss: 0.002355607030913234
2024-08-24 01:21:21,557 - INFO - Epoch 24
-------------------------------
2024-08-24 01:21:21,557 - INFO - Learning Rate of group 0: 3.7076313020005365e-05
2024-08-24 01:22:14,622 - INFO - Maximum gradient before clipping: 0.2545895278453827
2024-08-24 01:22:14,622 - INFO - Minimum gradient before clipping: -0.22681479156017303
2024-08-24 01:22:14,622 - INFO - Mean training L1 loss: 0.03260252676904202
2024-08-24 01:22:14,622 - INFO - Mean training SSIM loss: 3.1449555740886704e-09
2024-08-24 01:22:14,622 - INFO - Mean training MSE loss: 0.002361989257624373
2024-08-24 01:22:22,235 - INFO - Mean validation L1 loss: 0.032683854773640636
2024-08-24 01:22:22,235 - INFO - Mean validation SSIM loss: 1.7195523434321291e-09
2024-08-24 01:22:22,235 - INFO - Mean validation MSE loss: 0.0023311891593039034
2024-08-24 01:22:22,732 - INFO - New best validation Loss 0.032683854773640636, at epoch 24
2024-08-24 01:22:22,732 - INFO - Epoch 25
-------------------------------
2024-08-24 01:22:22,732 - INFO - Learning Rate of group 0: 2.7967621571569573e-05
2024-08-24 01:23:16,023 - INFO - Maximum gradient before clipping: 0.15992529690265656
2024-08-24 01:23:16,023 - INFO - Minimum gradient before clipping: -0.14699871838092804
2024-08-24 01:23:16,023 - INFO - Mean training L1 loss: 0.03250236118212342
2024-08-24 01:23:16,023 - INFO - Mean training SSIM loss: 2.256098110059099e-09
2024-08-24 01:23:16,024 - INFO - Mean training MSE loss: 0.0023496651696041228
2024-08-24 01:29:59,789 - INFO - Validation split Earthnet Score on epoch 25
2024-08-24 01:29:59,790 - INFO - {'MAD': 0.22453975677490234, 'OLS': 0.2999122142791748, 'EMD': 0.20214977860450745, 'SSIM': 0.056077372282743454, 'EarthNetScore': 0.1308592429767315}
2024-08-24 01:29:59,792 - INFO - Mean validation L1 loss: 0.0326088597625494
2024-08-24 01:29:59,792 - INFO - Mean validation SSIM loss: 2.19976090995444e-09
2024-08-24 01:29:59,792 - INFO - Mean validation MSE loss: 0.002313633649609983
2024-08-24 01:30:00,302 - INFO - New best validation Loss 0.0326088597625494, at epoch 25
2024-08-24 01:30:00,302 - INFO - Training Finished
