2024-07-13 17:59:16,953 - INFO - Starting training from from epoch 0
2024-07-13 17:59:17,213 - INFO - Epoch 0
-------------------------------
2024-07-13 18:09:27,218 - INFO - Mean training loss: 26.285714600235224
2024-07-13 18:12:14,018 - INFO - Mean validation loss: 6.151464935392141
2024-07-13 18:12:14,976 - INFO - New best validation Loss 6.151464935392141, at epoch 0
2024-07-13 18:12:14,977 - INFO - Epoch 1
-------------------------------
2024-07-13 18:21:59,520 - INFO - Mean training loss: 19.804895816370845
2024-07-13 18:24:22,682 - INFO - Mean validation loss: 5.101079752668738
2024-07-13 18:24:23,665 - INFO - New best validation Loss 5.101079752668738, at epoch 1
2024-07-13 18:24:23,667 - INFO - Epoch 2
-------------------------------
2024-07-13 18:33:51,934 - INFO - Mean training loss: 18.731147414073348
2024-07-13 18:36:10,658 - INFO - Mean validation loss: 6.5200330056250095
2024-07-13 18:36:10,660 - INFO - Epoch 3
-------------------------------
2024-07-13 18:45:27,054 - INFO - Mean training loss: 18.088642470538616
2024-07-13 18:47:46,532 - INFO - Mean validation loss: 6.298012759536505
2024-07-13 18:47:46,534 - INFO - Epoch 4
-------------------------------
2024-07-13 18:56:58,856 - INFO - Mean training loss: 17.540139148011804
2024-07-13 18:59:15,364 - INFO - Mean validation loss: 4.392628973349929
2024-07-13 18:59:16,376 - INFO - New best validation Loss 4.392628973349929, at epoch 4
2024-07-13 18:59:16,377 - INFO - Epoch 5
-------------------------------
2024-07-13 19:08:26,422 - INFO - Mean training loss: 17.224126601591706
2024-07-13 19:10:46,785 - INFO - Mean validation loss: 6.719693090766668
2024-07-13 19:10:46,786 - INFO - Epoch 6
-------------------------------
2024-07-13 19:20:03,482 - INFO - Mean training loss: 16.892891097813845
2024-07-13 19:22:22,681 - INFO - Mean validation loss: 6.2675142623484135
2024-07-13 19:22:22,683 - INFO - Epoch 7
-------------------------------
2024-07-13 19:31:34,854 - INFO - Mean training loss: 16.973734775558114
2024-07-13 19:33:53,519 - INFO - Mean validation loss: 4.786383677273989
2024-07-13 19:33:53,520 - INFO - Epoch 8
-------------------------------
2024-07-13 19:43:03,656 - INFO - Mean training loss: 16.564406763762236
2024-07-13 19:45:22,432 - INFO - Mean validation loss: 5.251263426616788
2024-07-13 19:45:22,432 - INFO - Epoch 9
-------------------------------
2024-07-13 19:54:33,642 - INFO - Mean training loss: 16.296038638800383
2024-07-13 19:56:52,028 - INFO - Mean validation loss: 4.955764686688781
2024-07-13 19:56:52,029 - INFO - Epoch 10
-------------------------------
2024-07-13 20:06:03,247 - INFO - Mean training loss: 16.165996884927154
2024-07-13 20:08:20,935 - INFO - Mean validation loss: 5.045838322490454
2024-07-13 20:08:20,936 - INFO - Epoch 11
-------------------------------
2024-07-13 20:17:30,873 - INFO - Mean training loss: 16.02372256666422
2024-07-13 20:19:49,143 - INFO - Mean validation loss: 4.3770465813577175
2024-07-13 20:19:50,134 - INFO - New best validation Loss 4.3770465813577175, at epoch 11
2024-07-13 20:19:50,136 - INFO - Epoch 12
-------------------------------
2024-07-13 20:28:58,417 - INFO - Mean training loss: 15.831551622599363
2024-07-13 20:31:16,610 - INFO - Mean validation loss: 4.973244905471802
2024-07-13 20:31:16,612 - INFO - Epoch 13
-------------------------------
2024-07-13 20:40:26,581 - INFO - Mean training loss: 15.675077050924301
2024-07-13 20:42:45,002 - INFO - Mean validation loss: 4.699123343452811
2024-07-13 20:42:45,003 - INFO - Epoch 14
-------------------------------
2024-07-13 20:51:53,865 - INFO - Mean training loss: 15.611942084506154
2024-07-13 20:54:12,127 - INFO - Mean validation loss: 4.6668464578688145
2024-07-13 20:54:12,128 - INFO - Epoch 15
-------------------------------
2024-07-13 21:03:23,128 - INFO - Mean training loss: 15.503769431263208
2024-07-13 21:05:40,609 - INFO - Mean validation loss: 4.358562020584941
2024-07-13 21:05:41,552 - INFO - New best validation Loss 4.358562020584941, at epoch 15
2024-07-13 21:05:41,553 - INFO - Epoch 16
-------------------------------
2024-07-13 21:14:51,529 - INFO - Mean training loss: 15.363036347553134
2024-07-13 21:17:09,775 - INFO - Mean validation loss: 4.6227749940007925
2024-07-13 21:17:09,777 - INFO - Epoch 17
-------------------------------
2024-07-13 21:26:12,497 - INFO - Mean training loss: 15.250304106622934
2024-07-13 21:28:35,180 - INFO - Mean validation loss: 5.156954474747181
2024-07-13 21:28:35,181 - INFO - Epoch 18
-------------------------------
2024-07-13 21:38:05,678 - INFO - Mean training loss: 15.211083997040987
2024-07-13 21:40:32,732 - INFO - Mean validation loss: 4.551979638636112
2024-07-13 21:40:32,743 - INFO - Epoch 19
-------------------------------
2024-07-13 21:50:07,940 - INFO - Mean training loss: 15.047062370926142
2024-07-13 21:52:35,683 - INFO - Mean validation loss: 3.986936228349805
2024-07-13 21:52:37,058 - INFO - New best validation Loss 3.986936228349805, at epoch 19
2024-07-13 21:52:37,059 - INFO - Epoch 20
-------------------------------
2024-07-13 22:02:09,661 - INFO - Mean training loss: 14.926144802942872
2024-07-13 22:04:25,506 - INFO - Mean validation loss: 4.225226383656263
2024-07-13 22:04:25,506 - INFO - Epoch 21
-------------------------------
2024-07-13 22:13:25,227 - INFO - Mean training loss: 14.842184361070395
2024-07-13 22:15:41,651 - INFO - Mean validation loss: 4.138168452307582
2024-07-13 22:15:41,652 - INFO - Epoch 22
-------------------------------
2024-07-13 22:24:37,139 - INFO - Mean training loss: 14.762563792988658
2024-07-13 22:26:53,479 - INFO - Mean validation loss: 3.766026344150305
2024-07-13 22:26:54,496 - INFO - New best validation Loss 3.766026344150305, at epoch 22
2024-07-13 22:26:54,497 - INFO - Epoch 23
-------------------------------
2024-07-13 22:35:53,708 - INFO - Mean training loss: 14.705066312104464
2024-07-13 22:38:09,679 - INFO - Mean validation loss: 3.726394781842828
2024-07-13 22:38:10,725 - INFO - New best validation Loss 3.726394781842828, at epoch 23
2024-07-13 22:38:10,726 - INFO - Epoch 24
-------------------------------
2024-07-13 22:47:08,277 - INFO - Mean training loss: 14.688795913010836
2024-07-13 22:49:24,460 - INFO - Mean validation loss: 3.7807552721351385
2024-07-13 22:49:24,461 - INFO - Epoch 25
-------------------------------
2024-07-13 22:58:23,312 - INFO - Mean training loss: 14.571779740974307
2024-07-13 23:00:40,148 - INFO - Mean validation loss: 3.9475503377616405
2024-07-13 23:00:40,149 - INFO - Epoch 26
-------------------------------
2024-07-13 23:09:40,758 - INFO - Mean training loss: 14.50449119322002
2024-07-13 23:11:57,004 - INFO - Mean validation loss: 3.7964793853461742
2024-07-13 23:11:57,006 - INFO - Epoch 27
-------------------------------
2024-07-13 23:20:55,882 - INFO - Mean training loss: 14.473567210137844
2024-07-13 23:23:12,612 - INFO - Mean validation loss: 3.68974900431931
2024-07-13 23:23:13,632 - INFO - New best validation Loss 3.68974900431931, at epoch 27
2024-07-13 23:23:13,633 - INFO - Epoch 28
-------------------------------
2024-07-13 23:32:15,524 - INFO - Mean training loss: 14.637310555204749
2024-07-13 23:34:31,786 - INFO - Mean validation loss: 3.7238284032791853
2024-07-13 23:34:31,788 - INFO - Epoch 29
-------------------------------
2024-07-13 23:43:31,795 - INFO - Mean training loss: 14.474158968776464
2024-07-13 23:45:47,651 - INFO - Mean validation loss: 3.733942858874798
2024-07-13 23:45:47,652 - INFO - Epoch 30
-------------------------------
2024-07-13 23:54:48,078 - INFO - Mean training loss: 14.31748572550714
2024-07-13 23:57:04,904 - INFO - Mean validation loss: 3.64707456715405
2024-07-13 23:57:05,957 - INFO - New best validation Loss 3.64707456715405, at epoch 30
2024-07-13 23:57:05,958 - INFO - Epoch 31
-------------------------------
2024-07-14 00:06:08,490 - INFO - Mean training loss: 14.255928518250585
2024-07-14 00:08:24,340 - INFO - Mean validation loss: 3.573941834270954
2024-07-14 00:08:25,356 - INFO - New best validation Loss 3.573941834270954, at epoch 31
2024-07-14 00:08:25,357 - INFO - Epoch 32
-------------------------------
2024-07-14 00:17:26,169 - INFO - Mean training loss: 14.215481873601675
2024-07-14 00:19:42,398 - INFO - Mean validation loss: 3.641802763566375
2024-07-14 00:19:42,399 - INFO - Epoch 33
-------------------------------
2024-07-14 00:28:42,175 - INFO - Mean training loss: 14.202396826818585
2024-07-14 00:30:59,834 - INFO - Mean validation loss: 3.713197210803628
2024-07-14 00:30:59,836 - INFO - Epoch 34
-------------------------------
2024-07-14 00:40:00,352 - INFO - Mean training loss: 14.150330070406199
2024-07-14 00:42:17,297 - INFO - Mean validation loss: 3.674189543351531
2024-07-14 00:42:17,298 - INFO - Epoch 35
-------------------------------
2024-07-14 00:51:16,811 - INFO - Mean training loss: 14.170127732679248
2024-07-14 00:53:33,160 - INFO - Mean validation loss: 3.6469558868557215
2024-07-14 00:53:33,161 - INFO - Epoch 36
-------------------------------
2024-07-14 01:02:34,759 - INFO - Mean training loss: 14.15503278374672
2024-07-14 01:04:51,743 - INFO - Mean validation loss: 3.7045596670359373
2024-07-14 01:04:51,744 - INFO - Epoch 37
-------------------------------
2024-07-14 01:13:53,124 - INFO - Mean training loss: 14.094544837251306
2024-07-14 01:16:09,923 - INFO - Mean validation loss: 3.624109573662281
2024-07-14 01:16:09,924 - INFO - Epoch 38
-------------------------------
2024-07-14 01:25:10,324 - INFO - Mean training loss: 14.080634504556656
2024-07-14 01:27:27,129 - INFO - Mean validation loss: 3.617318734526634
2024-07-14 01:27:27,130 - INFO - Epoch 39
-------------------------------
2024-07-14 01:36:27,900 - INFO - Mean training loss: 14.047006165608764
2024-07-14 01:38:45,182 - INFO - Mean validation loss: 3.726964181289077
2024-07-14 01:38:45,184 - INFO - Epoch 40
-------------------------------
2024-07-14 01:47:47,261 - INFO - Mean training loss: 13.703181264922023
2024-07-14 01:50:04,081 - INFO - Mean validation loss: 3.4005044251680374
2024-07-14 01:50:05,095 - INFO - New best validation Loss 3.4005044251680374, at epoch 40
2024-07-14 01:50:05,097 - INFO - Epoch 41
-------------------------------
2024-07-14 01:59:06,038 - INFO - Mean training loss: 13.557994792237878
2024-07-14 02:01:22,846 - INFO - Mean validation loss: 3.388053745031357
2024-07-14 02:01:23,915 - INFO - New best validation Loss 3.388053745031357, at epoch 41
2024-07-14 02:01:23,916 - INFO - Epoch 42
-------------------------------
2024-07-14 02:10:24,106 - INFO - Mean training loss: 13.506406569853425
2024-07-14 02:12:40,821 - INFO - Mean validation loss: 3.3835269045084715
2024-07-14 02:12:41,887 - INFO - New best validation Loss 3.3835269045084715, at epoch 42
2024-07-14 02:12:41,888 - INFO - Epoch 43
-------------------------------
2024-07-14 02:21:43,864 - INFO - Mean training loss: 13.467999011278152
2024-07-14 02:24:00,127 - INFO - Mean validation loss: 3.3780809342861176
2024-07-14 02:24:01,140 - INFO - New best validation Loss 3.3780809342861176, at epoch 43
2024-07-14 02:24:01,141 - INFO - Epoch 44
-------------------------------
2024-07-14 02:33:01,100 - INFO - Mean training loss: 13.438372325152159
2024-07-14 02:35:16,724 - INFO - Mean validation loss: 3.3762985225766897
2024-07-14 02:35:17,759 - INFO - New best validation Loss 3.3762985225766897, at epoch 44
2024-07-14 02:35:17,761 - INFO - Epoch 45
-------------------------------
2024-07-14 02:44:15,189 - INFO - Mean training loss: 13.415122117847204
2024-07-14 02:46:31,011 - INFO - Mean validation loss: 3.3732481878250837
2024-07-14 02:46:32,099 - INFO - New best validation Loss 3.3732481878250837, at epoch 45
2024-07-14 02:46:32,100 - INFO - Epoch 46
-------------------------------
2024-07-14 02:55:31,218 - INFO - Mean training loss: 13.391014644876122
2024-07-14 02:57:47,257 - INFO - Mean validation loss: 3.3719112686812878
2024-07-14 02:57:48,330 - INFO - New best validation Loss 3.3719112686812878, at epoch 46
2024-07-14 02:57:48,331 - INFO - Epoch 47
-------------------------------
2024-07-14 03:06:47,872 - INFO - Mean training loss: 13.380602521821856
2024-07-14 03:09:03,999 - INFO - Mean validation loss: 3.372397694736719
2024-07-14 03:09:04,000 - INFO - Epoch 48
-------------------------------
2024-07-14 03:18:00,749 - INFO - Mean training loss: 13.35486357472837
2024-07-14 03:20:17,399 - INFO - Mean validation loss: 3.3706469424068928
2024-07-14 03:20:18,419 - INFO - New best validation Loss 3.3706469424068928, at epoch 48
2024-07-14 03:20:18,420 - INFO - Epoch 49
-------------------------------
2024-07-14 03:29:15,254 - INFO - Mean training loss: 13.339491754770279
2024-07-14 03:31:30,703 - INFO - Mean validation loss: 3.3692430462688208
2024-07-14 03:31:31,745 - INFO - New best validation Loss 3.3692430462688208, at epoch 49
2024-07-14 03:31:31,746 - INFO - Epoch 50
-------------------------------
2024-07-14 03:40:29,524 - INFO - Mean training loss: 13.319662481546402
2024-07-14 03:42:45,752 - INFO - Mean validation loss: 3.3656617775559425
2024-07-14 03:42:46,766 - INFO - New best validation Loss 3.3656617775559425, at epoch 50
2024-07-14 03:42:46,767 - INFO - Epoch 51
-------------------------------
2024-07-14 03:51:46,573 - INFO - Mean training loss: 13.299825847148895
2024-07-14 03:54:02,664 - INFO - Mean validation loss: 3.363343693315983
2024-07-14 03:54:03,648 - INFO - New best validation Loss 3.363343693315983, at epoch 51
2024-07-14 03:54:03,650 - INFO - Epoch 52
-------------------------------
2024-07-14 04:03:01,525 - INFO - Mean training loss: 13.287999929860234
2024-07-14 04:05:17,865 - INFO - Mean validation loss: 3.3620527125895023
2024-07-14 04:05:18,889 - INFO - New best validation Loss 3.3620527125895023, at epoch 52
2024-07-14 04:05:18,891 - INFO - Epoch 53
-------------------------------
2024-07-14 04:14:14,769 - INFO - Mean training loss: 13.273913986980915
2024-07-14 04:16:30,062 - INFO - Mean validation loss: 3.3635842818766832
2024-07-14 04:16:30,063 - INFO - Epoch 54
-------------------------------
2024-07-14 04:25:29,600 - INFO - Mean training loss: 13.255761509761214
2024-07-14 04:27:44,252 - INFO - Mean validation loss: 3.361877040937543
2024-07-14 04:27:45,221 - INFO - New best validation Loss 3.361877040937543, at epoch 54
2024-07-14 04:27:45,222 - INFO - Epoch 55
-------------------------------
2024-07-14 04:36:42,354 - INFO - Mean training loss: 13.245093753561378
2024-07-14 04:38:58,217 - INFO - Mean validation loss: 3.3604761492460966
2024-07-14 04:38:59,274 - INFO - New best validation Loss 3.3604761492460966, at epoch 55
2024-07-14 04:38:59,275 - INFO - Epoch 56
-------------------------------
2024-07-14 04:48:05,667 - INFO - Mean training loss: 13.228565352037549
2024-07-14 04:50:21,577 - INFO - Mean validation loss: 3.3596962690353394
2024-07-14 04:50:22,619 - INFO - New best validation Loss 3.3596962690353394, at epoch 56
2024-07-14 04:50:22,620 - INFO - Epoch 57
-------------------------------
2024-07-14 04:59:21,128 - INFO - Mean training loss: 13.218333898112178
2024-07-14 05:01:36,938 - INFO - Mean validation loss: 3.3624362852424383
2024-07-14 05:01:36,939 - INFO - Epoch 58
-------------------------------
2024-07-14 05:10:33,083 - INFO - Mean training loss: 13.236731797456741
2024-07-14 05:12:47,402 - INFO - Mean validation loss: 3.376193216070533
2024-07-14 05:12:47,403 - INFO - Epoch 59
-------------------------------
2024-07-14 05:21:46,682 - INFO - Mean training loss: 13.204739335924387
2024-07-14 05:24:03,563 - INFO - Mean validation loss: 3.3792998008430004
2024-07-14 05:24:03,564 - INFO - Epoch 60
-------------------------------
2024-07-14 05:33:32,983 - INFO - Mean training loss: 13.187477853149176
2024-07-14 05:35:59,710 - INFO - Mean validation loss: 3.379659488797188
2024-07-14 05:35:59,716 - INFO - Epoch 61
-------------------------------
2024-07-14 05:45:34,476 - INFO - Mean training loss: 13.17533528804779
2024-07-14 05:48:01,706 - INFO - Mean validation loss: 3.386385340243578
2024-07-14 05:48:01,716 - INFO - Epoch 62
-------------------------------
2024-07-14 05:57:27,992 - INFO - Mean training loss: 13.158842055127025
2024-07-14 05:59:53,573 - INFO - Mean validation loss: 3.380513995885849
2024-07-14 05:59:53,581 - INFO - Epoch 63
-------------------------------
2024-07-14 06:09:22,449 - INFO - Mean training loss: 13.150516556575894
2024-07-14 06:11:47,698 - INFO - Mean validation loss: 3.39497272670269
2024-07-14 06:11:47,705 - INFO - Epoch 64
-------------------------------
2024-07-14 06:21:16,183 - INFO - Mean training loss: 13.161297200247645
2024-07-14 06:23:34,271 - INFO - Mean validation loss: 3.3805236015468836
2024-07-14 06:23:34,272 - INFO - Epoch 65
-------------------------------
2024-07-14 06:32:24,393 - INFO - Mean training loss: 13.146280406042933
2024-07-14 06:34:39,326 - INFO - Mean validation loss: 3.3614644072949886
2024-07-14 06:34:39,327 - INFO - Epoch 66
-------------------------------
2024-07-14 06:43:30,367 - INFO - Mean training loss: 13.12511190585792
2024-07-14 06:45:45,822 - INFO - Mean validation loss: 3.3603914752602577
2024-07-14 06:45:45,822 - INFO - Epoch 67
-------------------------------
2024-07-14 06:54:36,566 - INFO - Mean training loss: 13.111967774108052
2024-07-14 06:56:50,288 - INFO - Mean validation loss: 3.365034209564328
2024-07-14 06:56:50,288 - INFO - Epoch 68
-------------------------------
2024-07-14 07:05:39,434 - INFO - Mean training loss: 13.099778305739164
2024-07-14 07:07:53,698 - INFO - Mean validation loss: 3.365165263414383
2024-07-14 07:07:53,699 - INFO - Epoch 69
-------------------------------
2024-07-14 07:16:44,987 - INFO - Mean training loss: 13.090645341202617
2024-07-14 07:18:59,448 - INFO - Mean validation loss: 3.3584090005606413
2024-07-14 07:19:00,409 - INFO - New best validation Loss 3.3584090005606413, at epoch 69
2024-07-14 07:19:00,409 - INFO - Epoch 70
-------------------------------
2024-07-14 07:27:55,530 - INFO - Mean training loss: 13.058005440980196
2024-07-14 07:30:09,890 - INFO - Mean validation loss: 3.3594335429370403
2024-07-14 07:30:09,891 - INFO - Epoch 71
-------------------------------
2024-07-14 07:39:01,360 - INFO - Mean training loss: 13.04654691927135
2024-07-14 07:41:16,004 - INFO - Mean validation loss: 3.359186176210642
2024-07-14 07:41:16,004 - INFO - Epoch 72
-------------------------------
2024-07-14 07:50:07,202 - INFO - Mean training loss: 13.042948147282004
2024-07-14 07:52:20,835 - INFO - Mean validation loss: 3.359484499320388
2024-07-14 07:52:20,836 - INFO - Epoch 73
-------------------------------
2024-07-14 08:01:08,885 - INFO - Mean training loss: 13.04051861539483
2024-07-14 08:03:24,215 - INFO - Mean validation loss: 3.3569582272320986
2024-07-14 08:03:25,161 - INFO - New best validation Loss 3.3569582272320986, at epoch 73
2024-07-14 08:03:25,161 - INFO - Epoch 74
-------------------------------
2024-07-14 08:12:18,479 - INFO - Mean training loss: 13.039116144180298
2024-07-14 08:14:32,342 - INFO - Mean validation loss: 3.357920855283737
2024-07-14 08:14:32,343 - INFO - Epoch 75
-------------------------------
2024-07-14 08:23:20,800 - INFO - Mean training loss: 13.037912296131253
2024-07-14 08:25:34,903 - INFO - Mean validation loss: 3.3609106820076704
2024-07-14 08:25:34,904 - INFO - Epoch 76
-------------------------------
2024-07-14 08:34:26,618 - INFO - Mean training loss: 13.035703487694263
2024-07-14 08:36:41,274 - INFO - Mean validation loss: 3.372401947155595
2024-07-14 08:36:41,275 - INFO - Epoch 77
-------------------------------
2024-07-14 08:45:31,926 - INFO - Mean training loss: 13.033286277204752
2024-07-14 08:47:46,848 - INFO - Mean validation loss: 3.3709005005657673
2024-07-14 08:47:46,849 - INFO - Epoch 78
-------------------------------
2024-07-14 08:56:38,556 - INFO - Mean training loss: 13.031751682981849
2024-07-14 08:58:53,368 - INFO - Mean validation loss: 3.3734144493937492
2024-07-14 08:58:53,369 - INFO - Epoch 79
-------------------------------
2024-07-14 09:07:41,370 - INFO - Mean training loss: 13.029983973130584
2024-07-14 09:09:55,788 - INFO - Mean validation loss: 3.3701576609164476
2024-07-14 09:09:55,788 - INFO - Epoch 80
-------------------------------
2024-07-14 09:18:45,211 - INFO - Mean training loss: 13.029183626174927
2024-07-14 09:20:59,729 - INFO - Mean validation loss: 3.378025099635124
2024-07-14 09:20:59,730 - INFO - Epoch 81
-------------------------------
2024-07-14 09:29:47,357 - INFO - Mean training loss: 13.028829695656896
2024-07-14 09:32:00,863 - INFO - Mean validation loss: 3.3878498394042253
2024-07-14 09:32:00,864 - INFO - Epoch 82
-------------------------------
2024-07-14 09:40:49,615 - INFO - Mean training loss: 13.026576217263937
2024-07-14 09:43:04,245 - INFO - Mean validation loss: 3.394522538408637
2024-07-14 09:43:04,246 - INFO - Epoch 83
-------------------------------
2024-07-14 09:51:51,964 - INFO - Mean training loss: 13.024340767413378
2024-07-14 09:54:06,411 - INFO - Mean validation loss: 3.3926686737686396
2024-07-14 09:54:06,411 - INFO - Epoch 84
-------------------------------
2024-07-14 10:02:56,168 - INFO - Mean training loss: 13.022990243509412
2024-07-14 10:05:09,852 - INFO - Mean validation loss: 3.389346631243825
2024-07-14 10:05:09,854 - INFO - Epoch 85
-------------------------------
2024-07-14 10:14:09,049 - INFO - Mean training loss: 13.021923495456576
2024-07-14 10:16:23,019 - INFO - Mean validation loss: 3.3899593595415354
2024-07-14 10:16:23,019 - INFO - Epoch 86
-------------------------------
2024-07-14 10:25:15,861 - INFO - Mean training loss: 13.020366264507174
2024-07-14 10:27:29,558 - INFO - Mean validation loss: 3.3918781466782093
2024-07-14 10:27:29,559 - INFO - Epoch 87
-------------------------------
2024-07-14 10:36:19,905 - INFO - Mean training loss: 13.019133385270834
2024-07-14 10:38:34,874 - INFO - Mean validation loss: 3.387189807370305
2024-07-14 10:38:34,875 - INFO - Epoch 88
-------------------------------
2024-07-14 10:47:26,477 - INFO - Mean training loss: 13.017551939934492
2024-07-14 10:49:40,991 - INFO - Mean validation loss: 3.383915949612856
2024-07-14 10:49:40,992 - INFO - Epoch 89
-------------------------------
2024-07-14 10:58:31,128 - INFO - Mean training loss: 13.016215205192566
2024-07-14 11:00:44,972 - INFO - Mean validation loss: 3.3836145401000977
2024-07-14 11:00:44,973 - INFO - Epoch 90
-------------------------------
2024-07-14 11:09:33,626 - INFO - Mean training loss: 13.010950021445751
2024-07-14 11:11:47,304 - INFO - Mean validation loss: 3.38244616240263
2024-07-14 11:11:47,305 - INFO - Epoch 91
-------------------------------
2024-07-14 11:20:36,776 - INFO - Mean training loss: 13.009561674669385
2024-07-14 11:22:51,396 - INFO - Mean validation loss: 3.381833039224148
2024-07-14 11:22:51,397 - INFO - Epoch 92
-------------------------------
2024-07-14 11:31:41,500 - INFO - Mean training loss: 13.00902240909636
2024-07-14 11:33:55,768 - INFO - Mean validation loss: 3.38162000477314
2024-07-14 11:33:55,769 - INFO - Epoch 93
-------------------------------
2024-07-14 11:42:46,771 - INFO - Mean training loss: 13.008687632158399
2024-07-14 11:45:00,970 - INFO - Mean validation loss: 3.381557321175933
2024-07-14 11:45:00,971 - INFO - Epoch 94
-------------------------------
2024-07-14 11:53:50,590 - INFO - Mean training loss: 13.0084268450737
2024-07-14 11:56:05,107 - INFO - Mean validation loss: 3.381500756368041
2024-07-14 11:56:05,108 - INFO - Epoch 95
-------------------------------
2024-07-14 12:04:54,237 - INFO - Mean training loss: 13.00822238624096
2024-07-14 12:07:08,398 - INFO - Mean validation loss: 3.3817143999040127
2024-07-14 12:07:08,399 - INFO - Epoch 96
-------------------------------
2024-07-14 12:15:56,110 - INFO - Mean training loss: 13.008009063079953
2024-07-14 12:18:09,597 - INFO - Mean validation loss: 3.3832952696830034
2024-07-14 12:18:09,598 - INFO - Epoch 97
-------------------------------
2024-07-14 12:27:00,786 - INFO - Mean training loss: 13.007765360176563
2024-07-14 12:29:15,875 - INFO - Mean validation loss: 3.3832573760300875
2024-07-14 12:29:15,876 - INFO - Epoch 98
-------------------------------
2024-07-14 12:38:07,475 - INFO - Mean training loss: 13.007585966959596
2024-07-14 12:40:21,056 - INFO - Mean validation loss: 3.3832437992095947
2024-07-14 12:40:21,058 - INFO - Epoch 99
-------------------------------
2024-07-14 12:49:13,548 - INFO - Mean training loss: 13.007401248440146
2024-07-14 12:51:27,030 - INFO - Mean validation loss: 3.3827714268118143
2024-07-14 12:51:27,032 - INFO - Training Finished
