2024-08-21 15:20:32,902 - INFO - NOTE: None
2024-08-21 15:20:32,904 - INFO - Torch, random, numpy seed: 88
2024-08-21 15:20:33,412 - INFO - Starting training from from epoch 0
2024-08-21 15:20:42,304 - INFO - Epoch 1
-------------------------------
2024-08-21 15:20:42,304 - INFO - Learning Rate of group 0: 0.0
2024-08-21 15:21:24,993 - INFO - Maximum gradient before clipping: 2.895453453063965
2024-08-21 15:21:24,994 - INFO - Minimum gradient before clipping: -2.3992462158203125
2024-08-21 15:21:24,995 - INFO - Mean training L1 loss: 0.14078170225024222
2024-08-21 15:21:24,995 - INFO - Mean training SSIM loss: 0.0020629230329359417
2024-08-21 15:21:24,995 - INFO - Mean training MSE loss: 0.02434774097055197
2024-08-21 15:21:32,662 - INFO - Mean validation L1 loss: 0.13969801157712936
2024-08-21 15:21:32,663 - INFO - Mean validation SSIM loss: 0.002071859895950183
2024-08-21 15:21:32,663 - INFO - Mean validation MSE loss: 0.02398428797721863
2024-08-21 15:21:33,122 - INFO - New best validation Loss 0.13969801157712936, at epoch 1
2024-08-21 15:21:33,129 - INFO - Epoch 2
-------------------------------
2024-08-21 15:21:33,129 - INFO - Learning Rate of group 0: 3.99254398167457e-05
2024-08-21 15:22:14,209 - INFO - Maximum gradient before clipping: 2.5592784881591797
2024-08-21 15:22:14,210 - INFO - Minimum gradient before clipping: -2.533125877380371
2024-08-21 15:22:14,210 - INFO - Mean training L1 loss: 0.0497090158239007
2024-08-21 15:22:14,210 - INFO - Mean training SSIM loss: 2.090429041473607e-05
2024-08-21 15:22:14,210 - INFO - Mean training MSE loss: 0.004618425618391484
2024-08-21 15:22:21,921 - INFO - Mean validation L1 loss: 0.045194527953863146
2024-08-21 15:22:21,921 - INFO - Mean validation SSIM loss: 2.815298080127704e-07
2024-08-21 15:22:21,921 - INFO - Mean validation MSE loss: 0.0038305626530200244
2024-08-21 15:22:22,388 - INFO - New best validation Loss 0.045194527953863146, at epoch 2
2024-08-21 15:22:22,392 - INFO - Epoch 3
-------------------------------
2024-08-21 15:22:22,392 - INFO - Learning Rate of group 0: 7.98508796334914e-05
2024-08-21 15:23:02,852 - INFO - Maximum gradient before clipping: 2.9405357837677
2024-08-21 15:23:02,853 - INFO - Minimum gradient before clipping: -2.9357268810272217
2024-08-21 15:23:02,853 - INFO - Mean training L1 loss: 0.045023257583379744
2024-08-21 15:23:02,853 - INFO - Mean training SSIM loss: 4.635171249456338e-07
2024-08-21 15:23:02,853 - INFO - Mean training MSE loss: 0.00391739844577387
2024-08-21 15:23:11,142 - INFO - Mean validation L1 loss: 0.04609184682369232
2024-08-21 15:23:11,143 - INFO - Mean validation SSIM loss: 1.5674593336001408e-06
2024-08-21 15:23:11,143 - INFO - Mean validation MSE loss: 0.004233220536261797
2024-08-21 15:23:11,146 - INFO - Epoch 4
-------------------------------
2024-08-21 15:23:11,146 - INFO - Learning Rate of group 0: 0.0001197763194502371
2024-08-21 15:23:51,625 - INFO - Maximum gradient before clipping: 3.049562454223633
2024-08-21 15:23:51,626 - INFO - Minimum gradient before clipping: -3.8594372272491455
2024-08-21 15:23:51,626 - INFO - Mean training L1 loss: 0.04492712140083313
2024-08-21 15:23:51,626 - INFO - Mean training SSIM loss: 5.33061928696954e-07
2024-08-21 15:23:51,626 - INFO - Mean training MSE loss: 0.0038972854148596526
2024-08-21 15:24:00,194 - INFO - Mean validation L1 loss: 0.042990973442792894
2024-08-21 15:24:00,194 - INFO - Mean validation SSIM loss: 2.1338740473275665e-07
2024-08-21 15:24:00,194 - INFO - Mean validation MSE loss: 0.0037388278637081386
2024-08-21 15:24:00,662 - INFO - New best validation Loss 0.042990973442792894, at epoch 4
2024-08-21 15:24:00,666 - INFO - Epoch 5
-------------------------------
2024-08-21 15:24:00,666 - INFO - Learning Rate of group 0: 0.0001597017592669828
2024-08-21 15:24:41,680 - INFO - Maximum gradient before clipping: 2.875840902328491
2024-08-21 15:24:41,680 - INFO - Minimum gradient before clipping: -3.732635498046875
2024-08-21 15:24:41,681 - INFO - Mean training L1 loss: 0.0445868343487382
2024-08-21 15:24:41,681 - INFO - Mean training SSIM loss: 5.705817510914812e-07
2024-08-21 15:24:41,681 - INFO - Mean training MSE loss: 0.0038089166930876674
2024-08-21 15:24:50,120 - INFO - Mean validation L1 loss: 0.042395261526107786
2024-08-21 15:24:50,120 - INFO - Mean validation SSIM loss: 1.462899676951679e-07
2024-08-21 15:24:50,120 - INFO - Mean validation MSE loss: 0.0034846187103539706
2024-08-21 15:24:50,588 - INFO - New best validation Loss 0.042395261526107786, at epoch 5
2024-08-21 15:24:50,591 - INFO - Epoch 6
-------------------------------
2024-08-21 15:24:50,591 - INFO - Learning Rate of group 0: 0.0001996271990837285
2024-08-21 15:25:31,524 - INFO - Maximum gradient before clipping: 2.7826743125915527
2024-08-21 15:25:31,524 - INFO - Minimum gradient before clipping: -3.9980361461639404
2024-08-21 15:25:31,524 - INFO - Mean training L1 loss: 0.04392292633652687
2024-08-21 15:25:31,524 - INFO - Mean training SSIM loss: 5.273944160377742e-07
2024-08-21 15:25:31,524 - INFO - Mean training MSE loss: 0.003722997534787282
2024-08-21 15:25:39,168 - INFO - Mean validation L1 loss: 0.045065084099769594
2024-08-21 15:25:39,168 - INFO - Mean validation SSIM loss: 2.2948659974098008e-07
2024-08-21 15:25:39,168 - INFO - Mean validation MSE loss: 0.0035390474181622267
2024-08-21 15:25:39,171 - INFO - Epoch 7
-------------------------------
2024-08-21 15:25:39,171 - INFO - Learning Rate of group 0: 0.0001996271990837285
2024-08-21 15:26:19,712 - INFO - Maximum gradient before clipping: 2.7161686420440674
2024-08-21 15:26:19,713 - INFO - Minimum gradient before clipping: -3.2681424617767334
2024-08-21 15:26:19,713 - INFO - Mean training L1 loss: 0.041726616472005845
2024-08-21 15:26:19,713 - INFO - Mean training SSIM loss: 2.0515987369518208e-07
2024-08-21 15:26:19,713 - INFO - Mean training MSE loss: 0.0034567394095938652
2024-08-21 15:26:28,131 - INFO - Mean validation L1 loss: 0.03825922280550003
2024-08-21 15:26:28,131 - INFO - Mean validation SSIM loss: 3.36015551904989e-08
2024-08-21 15:26:28,131 - INFO - Mean validation MSE loss: 0.003090592222288251
2024-08-21 15:26:28,603 - INFO - New best validation Loss 0.03825922280550003, at epoch 7
2024-08-21 15:26:28,606 - INFO - Epoch 8
-------------------------------
2024-08-21 15:26:28,606 - INFO - Learning Rate of group 0: 0.0001996271990837285
2024-08-21 15:27:09,558 - INFO - Maximum gradient before clipping: 3.0001120567321777
2024-08-21 15:27:09,558 - INFO - Minimum gradient before clipping: -3.4257354736328125
2024-08-21 15:27:09,559 - INFO - Mean training L1 loss: 0.03959877884015441
2024-08-21 15:27:09,559 - INFO - Mean training SSIM loss: 1.077878267720378e-07
2024-08-21 15:27:09,559 - INFO - Mean training MSE loss: 0.003152495140675455
2024-08-21 15:27:17,092 - INFO - Mean validation L1 loss: 0.03806068658828735
2024-08-21 15:27:17,092 - INFO - Mean validation SSIM loss: 3.242113091328491e-08
2024-08-21 15:27:17,092 - INFO - Mean validation MSE loss: 0.0027263206662610172
2024-08-21 15:27:17,557 - INFO - New best validation Loss 0.03806068658828735, at epoch 8
2024-08-21 15:27:17,560 - INFO - Epoch 9
-------------------------------
2024-08-21 15:27:17,560 - INFO - Learning Rate of group 0: 0.0001996271990837285
2024-08-21 15:27:58,206 - INFO - Maximum gradient before clipping: 2.459059476852417
2024-08-21 15:27:58,206 - INFO - Minimum gradient before clipping: -3.2366018295288086
2024-08-21 15:27:58,207 - INFO - Mean training L1 loss: 0.03771066891029477
2024-08-21 15:27:58,207 - INFO - Mean training SSIM loss: 4.604416153713986e-08
2024-08-21 15:27:58,207 - INFO - Mean training MSE loss: 0.0029112217808142304
2024-08-21 15:28:06,425 - INFO - Mean validation L1 loss: 0.035185791477561
2024-08-21 15:28:06,425 - INFO - Mean validation SSIM loss: 5.8033961680692415e-09
2024-08-21 15:28:06,426 - INFO - Mean validation MSE loss: 0.0026464928267523648
2024-08-21 15:28:06,910 - INFO - New best validation Loss 0.035185791477561, at epoch 9
2024-08-21 15:28:06,913 - INFO - Epoch 10
-------------------------------
2024-08-21 15:28:06,913 - INFO - Learning Rate of group 0: 0.0001996271990837285
2024-08-21 15:28:47,791 - INFO - Maximum gradient before clipping: 2.5630416870117188
2024-08-21 15:28:47,791 - INFO - Minimum gradient before clipping: -3.4517855644226074
2024-08-21 15:28:47,792 - INFO - Mean training L1 loss: 0.03845568155869841
2024-08-21 15:28:47,792 - INFO - Mean training SSIM loss: 2.2624979535326716e-07
2024-08-21 15:28:47,792 - INFO - Mean training MSE loss: 0.002974092576187104
2024-08-21 15:28:57,550 - INFO - Mean validation L1 loss: 0.03696330264210701
2024-08-21 15:28:57,550 - INFO - Mean validation SSIM loss: 7.158278879648705e-09
2024-08-21 15:28:57,550 - INFO - Mean validation MSE loss: 0.0028211490344256162
2024-08-21 15:28:57,553 - INFO - Epoch 11
-------------------------------
2024-08-21 15:28:57,553 - INFO - Learning Rate of group 0: 0.0001996271990837285
2024-08-21 15:29:38,965 - INFO - Maximum gradient before clipping: 2.2427711486816406
2024-08-21 15:29:38,966 - INFO - Minimum gradient before clipping: -3.063307762145996
2024-08-21 15:29:38,966 - INFO - Mean training L1 loss: 0.03694520624354482
2024-08-21 15:29:38,966 - INFO - Mean training SSIM loss: 7.430413329220786e-08
2024-08-21 15:29:38,966 - INFO - Mean training MSE loss: 0.002816329885972664
2024-08-21 15:29:46,906 - INFO - Mean validation L1 loss: 0.03589501410722733
2024-08-21 15:29:46,906 - INFO - Mean validation SSIM loss: 1.5046274493557554e-08
2024-08-21 15:29:46,907 - INFO - Mean validation MSE loss: 0.0024947960814461112
2024-08-21 15:29:46,910 - INFO - Epoch 12
-------------------------------
2024-08-21 15:29:46,910 - INFO - Learning Rate of group 0: 0.0001996271990837285
2024-08-21 15:30:27,406 - INFO - Maximum gradient before clipping: 2.7050631046295166
2024-08-21 15:30:27,407 - INFO - Minimum gradient before clipping: -2.9490952491760254
2024-08-21 15:30:27,407 - INFO - Mean training L1 loss: 0.03655657131224871
2024-08-21 15:30:27,407 - INFO - Mean training SSIM loss: 1.6763442360762103e-08
2024-08-21 15:30:27,407 - INFO - Mean training MSE loss: 0.002781060901470482
2024-08-21 15:30:35,670 - INFO - Mean validation L1 loss: 0.035379972606897354
2024-08-21 15:30:35,670 - INFO - Mean validation SSIM loss: 1.697335003991718e-08
2024-08-21 15:30:35,670 - INFO - Mean validation MSE loss: 0.002466248399578035
2024-08-21 15:30:35,673 - INFO - Epoch 13
-------------------------------
2024-08-21 15:30:35,673 - INFO - Learning Rate of group 0: 0.0001996271990837285
2024-08-21 15:31:16,178 - INFO - Maximum gradient before clipping: 2.360644578933716
2024-08-21 15:31:16,178 - INFO - Minimum gradient before clipping: -3.0891904830932617
2024-08-21 15:31:16,179 - INFO - Mean training L1 loss: 0.03641704423353076
2024-08-21 15:31:16,179 - INFO - Mean training SSIM loss: 2.3612499265926457e-08
2024-08-21 15:31:16,179 - INFO - Mean training MSE loss: 0.002741044947179034
2024-08-21 15:31:24,329 - INFO - Mean validation L1 loss: 0.03365333676338196
2024-08-21 15:31:24,329 - INFO - Mean validation SSIM loss: 5.895809313538614e-09
2024-08-21 15:31:24,329 - INFO - Mean validation MSE loss: 0.0023207250097766518
2024-08-21 15:31:24,804 - INFO - New best validation Loss 0.03365333676338196, at epoch 13
2024-08-21 15:31:24,807 - INFO - Epoch 14
-------------------------------
2024-08-21 15:31:24,807 - INFO - Learning Rate of group 0: 0.0001996271990837285
2024-08-21 15:32:05,692 - INFO - Maximum gradient before clipping: 2.279715061187744
2024-08-21 15:32:05,692 - INFO - Minimum gradient before clipping: -2.7958528995513916
2024-08-21 15:32:05,692 - INFO - Mean training L1 loss: 0.03534822469577193
2024-08-21 15:32:05,692 - INFO - Mean training SSIM loss: 1.0209225522576915e-08
2024-08-21 15:32:05,692 - INFO - Mean training MSE loss: 0.0026160576846450566
2024-08-21 15:32:13,933 - INFO - Mean validation L1 loss: 0.03374943070113659
2024-08-21 15:32:13,933 - INFO - Mean validation SSIM loss: 5.953572794759054e-09
2024-08-21 15:32:13,933 - INFO - Mean validation MSE loss: 0.002532099075615406
2024-08-21 15:32:13,937 - INFO - Epoch 15
-------------------------------
2024-08-21 15:32:13,937 - INFO - Learning Rate of group 0: 0.0001996271990837285
2024-08-21 15:32:54,856 - INFO - Maximum gradient before clipping: 2.268238067626953
2024-08-21 15:32:54,856 - INFO - Minimum gradient before clipping: -2.54213547706604
2024-08-21 15:32:54,857 - INFO - Mean training L1 loss: 0.035250338651239874
2024-08-21 15:32:54,857 - INFO - Mean training SSIM loss: 1.6172631907762288e-08
2024-08-21 15:32:54,857 - INFO - Mean training MSE loss: 0.002612402520608157
2024-08-21 15:33:02,454 - INFO - Mean validation L1 loss: 0.032807510867714884
2024-08-21 15:33:02,455 - INFO - Mean validation SSIM loss: 7.680407798499323e-09
2024-08-21 15:33:02,455 - INFO - Mean validation MSE loss: 0.002386101572774351
2024-08-21 15:33:02,921 - INFO - New best validation Loss 0.032807510867714884, at epoch 15
2024-08-21 15:33:02,924 - INFO - Epoch 16
-------------------------------
2024-08-21 15:33:02,924 - INFO - Learning Rate of group 0: 0.0001996271990837285
2024-08-21 15:33:43,890 - INFO - Maximum gradient before clipping: 2.738662004470825
2024-08-21 15:33:43,891 - INFO - Minimum gradient before clipping: -3.6040449142456055
2024-08-21 15:33:43,891 - INFO - Mean training L1 loss: 0.037432898785918954
2024-08-21 15:33:43,891 - INFO - Mean training SSIM loss: 2.4386144779564576e-07
2024-08-21 15:33:43,891 - INFO - Mean training MSE loss: 0.00281908726436086
2024-08-21 15:33:52,462 - INFO - Mean validation L1 loss: 0.03537958785891533
2024-08-21 15:33:52,462 - INFO - Mean validation SSIM loss: 1.0549748158394934e-08
2024-08-21 15:33:52,462 - INFO - Mean validation MSE loss: 0.0024133919132873416
