2024-08-20 07:11:51,416 - INFO - NOTE: None
2024-08-20 07:11:51,418 - INFO - Torch, random, numpy seed: 88
2024-08-20 07:11:52,315 - INFO - Starting training from from epoch 0
2024-08-20 07:12:00,450 - INFO - Epoch 1
-------------------------------
2024-08-20 07:12:00,451 - INFO - Learning Rate of group 0: 0.0
2024-08-20 07:13:50,401 - INFO - Maximum gradient before clipping: 0.7322208285331726
2024-08-20 07:13:50,401 - INFO - Minimum gradient before clipping: -0.17339397966861725
2024-08-20 07:13:50,403 - INFO - Mean training L1 loss: 0.24792133808135985
2024-08-20 07:13:50,403 - INFO - Mean training SSIM loss: 0.0
2024-08-20 07:13:50,403 - INFO - Mean training MSE loss: 0.09336013272404671
2024-08-20 07:14:01,931 - INFO - Mean validation L1 loss: 0.24806136906147003
2024-08-20 07:14:01,931 - INFO - Mean validation SSIM loss: 0.0
2024-08-20 07:14:01,931 - INFO - Mean validation MSE loss: 0.09381898105144501
2024-08-20 07:14:03,913 - INFO - New best validation Loss 0.24806136906147003, at epoch 1
2024-08-20 07:14:03,919 - INFO - Epoch 2
-------------------------------
2024-08-20 07:14:03,919 - INFO - Learning Rate of group 0: 2.515266086150224e-05
2024-08-20 07:15:52,359 - INFO - Maximum gradient before clipping: 1.003553032875061
2024-08-20 07:15:52,360 - INFO - Minimum gradient before clipping: -1.1935186386108398
2024-08-20 07:15:52,360 - INFO - Mean training L1 loss: 0.04646368773654103
2024-08-20 07:15:52,361 - INFO - Mean training SSIM loss: 0.0
2024-08-20 07:15:52,361 - INFO - Mean training MSE loss: 0.00533714892109856
2024-08-20 07:16:03,831 - INFO - Mean validation L1 loss: 0.030593860298395156
2024-08-20 07:16:03,831 - INFO - Mean validation SSIM loss: 0.0
2024-08-20 07:16:03,831 - INFO - Mean validation MSE loss: 0.00197120560798794
2024-08-20 07:16:05,818 - INFO - New best validation Loss 0.030593860298395156, at epoch 2
2024-08-20 07:16:05,821 - INFO - Epoch 3
-------------------------------
2024-08-20 07:16:05,821 - INFO - Learning Rate of group 0: 5.030532172300448e-05
2024-08-20 07:17:54,369 - INFO - Maximum gradient before clipping: 0.6775484681129456
2024-08-20 07:17:54,370 - INFO - Minimum gradient before clipping: -0.8066067695617676
2024-08-20 07:17:54,370 - INFO - Mean training L1 loss: 0.03176346432417631
2024-08-20 07:17:54,371 - INFO - Mean training SSIM loss: 0.0
2024-08-20 07:17:54,371 - INFO - Mean training MSE loss: 0.0020986728789284827
2024-08-20 07:18:05,678 - INFO - Mean validation L1 loss: 0.0306829933822155
2024-08-20 07:18:05,678 - INFO - Mean validation SSIM loss: 0.0
2024-08-20 07:18:05,678 - INFO - Mean validation MSE loss: 0.0018133219331502915
2024-08-20 07:18:05,681 - INFO - Epoch 4
-------------------------------
2024-08-20 07:18:05,681 - INFO - Learning Rate of group 0: 7.545798258450671e-05
2024-08-20 07:19:54,183 - INFO - Maximum gradient before clipping: 0.6943836212158203
2024-08-20 07:19:54,184 - INFO - Minimum gradient before clipping: -0.8414649367332458
2024-08-20 07:19:54,185 - INFO - Mean training L1 loss: 0.0315567035228014
2024-08-20 07:19:54,185 - INFO - Mean training SSIM loss: 0.0
2024-08-20 07:19:54,185 - INFO - Mean training MSE loss: 0.002043136329157278
2024-08-20 07:20:05,678 - INFO - Mean validation L1 loss: 0.028404151052236558
2024-08-20 07:20:05,678 - INFO - Mean validation SSIM loss: 0.0
2024-08-20 07:20:05,678 - INFO - Mean validation MSE loss: 0.0017254536924883723
2024-08-20 07:20:07,659 - INFO - New best validation Loss 0.028404151052236558, at epoch 4
2024-08-20 07:20:07,662 - INFO - Epoch 5
-------------------------------
2024-08-20 07:20:07,662 - INFO - Learning Rate of group 0: 0.00010061064344600896
2024-08-20 07:21:56,146 - INFO - Maximum gradient before clipping: 0.7458062767982483
2024-08-20 07:21:56,146 - INFO - Minimum gradient before clipping: -0.9137287139892578
2024-08-20 07:21:56,147 - INFO - Mean training L1 loss: 0.03115713955834508
2024-08-20 07:21:56,147 - INFO - Mean training SSIM loss: 0.0
2024-08-20 07:21:56,147 - INFO - Mean training MSE loss: 0.00199267145129852
2024-08-20 07:22:07,562 - INFO - Mean validation L1 loss: 0.029689750894904138
2024-08-20 07:22:07,562 - INFO - Mean validation SSIM loss: 0.0
2024-08-20 07:22:07,563 - INFO - Mean validation MSE loss: 0.0019481771998107434
2024-08-20 07:22:07,566 - INFO - Epoch 6
-------------------------------
2024-08-20 07:22:07,566 - INFO - Learning Rate of group 0: 0.0001257633043075112
2024-08-20 07:23:56,118 - INFO - Maximum gradient before clipping: 0.6863272786140442
2024-08-20 07:23:56,118 - INFO - Minimum gradient before clipping: -0.9304379224777222
2024-08-20 07:23:56,119 - INFO - Mean training L1 loss: 0.030095377881079913
2024-08-20 07:23:56,119 - INFO - Mean training SSIM loss: 0.0
2024-08-20 07:23:56,119 - INFO - Mean training MSE loss: 0.001890409798361361
2024-08-20 07:24:07,738 - INFO - Mean validation L1 loss: 0.02851575128734112
2024-08-20 07:24:07,738 - INFO - Mean validation SSIM loss: 0.0
2024-08-20 07:24:07,738 - INFO - Mean validation MSE loss: 0.0017853806680068374
2024-08-20 07:24:07,742 - INFO - Epoch 7
-------------------------------
2024-08-20 07:24:07,742 - INFO - Learning Rate of group 0: 0.0001257633043075112
2024-08-20 07:25:56,605 - INFO - Maximum gradient before clipping: 0.5560104846954346
2024-08-20 07:25:56,606 - INFO - Minimum gradient before clipping: -0.7730998396873474
2024-08-20 07:25:56,607 - INFO - Mean training L1 loss: 0.02876635976135731
2024-08-20 07:25:56,607 - INFO - Mean training SSIM loss: 0.0
2024-08-20 07:25:56,607 - INFO - Mean training MSE loss: 0.001790913986042142
2024-08-20 07:26:08,115 - INFO - Mean validation L1 loss: 0.027359297052025795
2024-08-20 07:26:08,115 - INFO - Mean validation SSIM loss: 0.0
2024-08-20 07:26:08,115 - INFO - Mean validation MSE loss: 0.0015783448331058026
2024-08-20 07:26:10,115 - INFO - New best validation Loss 0.027359297052025795, at epoch 7
2024-08-20 07:26:10,118 - INFO - Epoch 8
-------------------------------
2024-08-20 07:26:10,118 - INFO - Learning Rate of group 0: 0.0001257633043075112
2024-08-20 07:27:58,760 - INFO - Maximum gradient before clipping: 0.7000169157981873
2024-08-20 07:27:58,761 - INFO - Minimum gradient before clipping: -0.8663343787193298
2024-08-20 07:27:58,761 - INFO - Mean training L1 loss: 0.0289158770814538
2024-08-20 07:27:58,762 - INFO - Mean training SSIM loss: 0.0
2024-08-20 07:27:58,762 - INFO - Mean training MSE loss: 0.0017783455579774455
2024-08-20 07:28:10,336 - INFO - Mean validation L1 loss: 0.02842179164290428
2024-08-20 07:28:10,337 - INFO - Mean validation SSIM loss: 0.0
2024-08-20 07:28:10,337 - INFO - Mean validation MSE loss: 0.001671270108781755
2024-08-20 07:28:10,340 - INFO - Epoch 9
-------------------------------
2024-08-20 07:28:10,340 - INFO - Learning Rate of group 0: 0.0001257633043075112
2024-08-20 07:29:58,847 - INFO - Maximum gradient before clipping: 0.6339343786239624
2024-08-20 07:29:58,848 - INFO - Minimum gradient before clipping: -0.7376995086669922
2024-08-20 07:29:58,848 - INFO - Mean training L1 loss: 0.027328961584717034
2024-08-20 07:29:58,848 - INFO - Mean training SSIM loss: 0.0
2024-08-20 07:29:58,848 - INFO - Mean training MSE loss: 0.0016729144775308668
2024-08-20 07:30:10,103 - INFO - Mean validation L1 loss: 0.02579006217420101
2024-08-20 07:30:10,103 - INFO - Mean validation SSIM loss: 0.0
2024-08-20 07:30:10,103 - INFO - Mean validation MSE loss: 0.0014883960876613854
2024-08-20 07:30:12,079 - INFO - New best validation Loss 0.02579006217420101, at epoch 9
2024-08-20 07:30:12,082 - INFO - Epoch 10
-------------------------------
2024-08-20 07:30:12,082 - INFO - Learning Rate of group 0: 0.0001257633043075112
2024-08-20 07:32:00,660 - INFO - Maximum gradient before clipping: 0.5399336218833923
2024-08-20 07:32:00,661 - INFO - Minimum gradient before clipping: -0.7450875639915466
2024-08-20 07:32:00,661 - INFO - Mean training L1 loss: 0.027131722122430802
2024-08-20 07:32:00,661 - INFO - Mean training SSIM loss: 0.0
2024-08-20 07:32:00,661 - INFO - Mean training MSE loss: 0.0016452870971988887
2024-08-20 07:32:11,843 - INFO - Mean validation L1 loss: 0.02520972043275833
2024-08-20 07:32:11,843 - INFO - Mean validation SSIM loss: 0.0
2024-08-20 07:32:11,843 - INFO - Mean validation MSE loss: 0.0014575259247794747
2024-08-20 07:32:13,832 - INFO - New best validation Loss 0.02520972043275833, at epoch 10
2024-08-20 07:32:13,835 - INFO - Epoch 11
-------------------------------
2024-08-20 07:32:13,835 - INFO - Learning Rate of group 0: 0.0001257633043075112
2024-08-20 07:34:02,243 - INFO - Maximum gradient before clipping: 0.4881567656993866
2024-08-20 07:34:02,243 - INFO - Minimum gradient before clipping: -0.6214600801467896
2024-08-20 07:34:02,244 - INFO - Mean training L1 loss: 0.02613604864105582
2024-08-20 07:34:02,244 - INFO - Mean training SSIM loss: 0.0
2024-08-20 07:34:02,244 - INFO - Mean training MSE loss: 0.001583313135197386
2024-08-20 07:34:13,748 - INFO - Mean validation L1 loss: 0.02478135533630848
2024-08-20 07:34:13,748 - INFO - Mean validation SSIM loss: 0.0
2024-08-20 07:34:13,748 - INFO - Mean validation MSE loss: 0.0014033773937262594
2024-08-20 07:34:15,744 - INFO - New best validation Loss 0.02478135533630848, at epoch 11
2024-08-20 07:34:15,748 - INFO - Epoch 12
-------------------------------
2024-08-20 07:34:15,748 - INFO - Learning Rate of group 0: 0.0001257633043075112
2024-08-20 07:36:04,823 - INFO - Maximum gradient before clipping: 0.4507802426815033
2024-08-20 07:36:04,823 - INFO - Minimum gradient before clipping: -0.5702375173568726
2024-08-20 07:36:04,824 - INFO - Mean training L1 loss: 0.0257713121175766
2024-08-20 07:36:04,824 - INFO - Mean training SSIM loss: 0.0
2024-08-20 07:36:04,824 - INFO - Mean training MSE loss: 0.0015385552047519012
2024-08-20 07:36:16,521 - INFO - Mean validation L1 loss: 0.02471161909401417
2024-08-20 07:36:16,521 - INFO - Mean validation SSIM loss: 0.0
2024-08-20 07:36:16,521 - INFO - Mean validation MSE loss: 0.0013434926699846983
2024-08-20 07:36:18,528 - INFO - New best validation Loss 0.02471161909401417, at epoch 12
2024-08-20 07:36:18,532 - INFO - Epoch 13
-------------------------------
2024-08-20 07:36:18,532 - INFO - Learning Rate of group 0: 0.0001257633043075112
2024-08-20 07:38:07,353 - INFO - Maximum gradient before clipping: 0.658745527267456
2024-08-20 07:38:07,354 - INFO - Minimum gradient before clipping: -0.7643104791641235
2024-08-20 07:38:07,355 - INFO - Mean training L1 loss: 0.026360622756183148
2024-08-20 07:38:07,355 - INFO - Mean training SSIM loss: 0.0
2024-08-20 07:38:07,355 - INFO - Mean training MSE loss: 0.001551725166500546
2024-08-20 07:38:18,846 - INFO - Mean validation L1 loss: 0.024590578153729437
2024-08-20 07:38:18,846 - INFO - Mean validation SSIM loss: 0.0
2024-08-20 07:38:18,846 - INFO - Mean validation MSE loss: 0.001329168842639774
2024-08-20 07:38:20,830 - INFO - New best validation Loss 0.024590578153729437, at epoch 13
2024-08-20 07:38:20,833 - INFO - Epoch 14
-------------------------------
2024-08-20 07:38:20,833 - INFO - Learning Rate of group 0: 0.0001257633043075112
2024-08-20 07:40:09,348 - INFO - Maximum gradient before clipping: 0.517362654209137
2024-08-20 07:40:09,348 - INFO - Minimum gradient before clipping: -0.45314446091651917
2024-08-20 07:40:09,349 - INFO - Mean training L1 loss: 0.024636455066502094
2024-08-20 07:40:09,349 - INFO - Mean training SSIM loss: 0.0
2024-08-20 07:40:09,349 - INFO - Mean training MSE loss: 0.001431317255483009
2024-08-20 07:40:21,119 - INFO - Mean validation L1 loss: 0.024914598986506463
2024-08-20 07:40:21,119 - INFO - Mean validation SSIM loss: 0.0
2024-08-20 07:40:21,119 - INFO - Mean validation MSE loss: 0.0013982993876561522
2024-08-20 07:40:21,122 - INFO - Epoch 15
-------------------------------
2024-08-20 07:40:21,122 - INFO - Learning Rate of group 0: 0.0001257633043075112
2024-08-20 07:42:09,416 - INFO - Maximum gradient before clipping: 0.5150734782218933
2024-08-20 07:42:09,416 - INFO - Minimum gradient before clipping: -0.5836378335952759
2024-08-20 07:42:09,417 - INFO - Mean training L1 loss: 0.024516725577414036
2024-08-20 07:42:09,417 - INFO - Mean training SSIM loss: 0.0
2024-08-20 07:42:09,417 - INFO - Mean training MSE loss: 0.001410843941848725
2024-08-20 07:42:20,440 - INFO - Mean validation L1 loss: 0.02330541782081127
2024-08-20 07:42:20,440 - INFO - Mean validation SSIM loss: 0.0
2024-08-20 07:42:20,440 - INFO - Mean validation MSE loss: 0.0012653690250590444
2024-08-20 07:42:22,431 - INFO - New best validation Loss 0.02330541782081127, at epoch 15
2024-08-20 07:42:22,434 - INFO - Epoch 16
-------------------------------
2024-08-20 07:42:22,434 - INFO - Learning Rate of group 0: 0.0001257633043075112
2024-08-20 07:44:11,274 - INFO - Maximum gradient before clipping: 0.5126997828483582
2024-08-20 07:44:11,275 - INFO - Minimum gradient before clipping: -0.6384119391441345
2024-08-20 07:44:11,276 - INFO - Mean training L1 loss: 0.02432336615398526
2024-08-20 07:44:11,276 - INFO - Mean training SSIM loss: 0.0
2024-08-20 07:44:11,276 - INFO - Mean training MSE loss: 0.0013842301815748216
2024-08-20 07:44:22,652 - INFO - Mean validation L1 loss: 0.022978265658020972
2024-08-20 07:44:22,652 - INFO - Mean validation SSIM loss: 0.0
2024-08-20 07:44:22,652 - INFO - Mean validation MSE loss: 0.001219055294059217
2024-08-20 07:44:24,645 - INFO - New best validation Loss 0.022978265658020972, at epoch 16
