2024-08-21 09:07:39,391 - INFO - NOTE: None
2024-08-21 09:07:39,404 - INFO - Torch, random, numpy seed: 88
2024-08-21 09:07:40,130 - INFO - Starting training from from epoch 0
2024-08-21 09:07:49,097 - INFO - Epoch 1
-------------------------------
2024-08-21 09:07:49,097 - INFO - Learning Rate of group 0: 0.0
2024-08-21 09:08:41,842 - INFO - Maximum gradient before clipping: 4.1975603103637695
2024-08-21 09:08:41,843 - INFO - Minimum gradient before clipping: -1.4096721410751343
2024-08-21 09:08:41,844 - INFO - Mean training L1 loss: 0.13660488843917848
2024-08-21 09:08:41,844 - INFO - Mean training SSIM loss: 0.001455703173051006
2024-08-21 09:08:41,844 - INFO - Mean training MSE loss: 0.023653101809322834
2024-08-21 09:08:49,505 - INFO - Mean validation L1 loss: 0.13545076221227645
2024-08-21 09:08:49,505 - INFO - Mean validation SSIM loss: 0.0015124069445300848
2024-08-21 09:08:49,505 - INFO - Mean validation MSE loss: 0.023067161440849304
2024-08-21 09:08:49,986 - INFO - New best validation Loss 0.13545076221227645, at epoch 1
2024-08-21 09:08:49,992 - INFO - Epoch 2
-------------------------------
2024-08-21 09:08:49,992 - INFO - Learning Rate of group 0: 2.8984407403393294e-05
2024-08-21 09:09:40,954 - INFO - Maximum gradient before clipping: 3.457505702972412
2024-08-21 09:09:40,955 - INFO - Minimum gradient before clipping: -5.123238563537598
2024-08-21 09:09:40,955 - INFO - Mean training L1 loss: 0.05476384427398443
2024-08-21 09:09:40,955 - INFO - Mean training SSIM loss: 0.00024098803588817107
2024-08-21 09:09:40,955 - INFO - Mean training MSE loss: 0.005777847887948155
2024-08-21 09:09:48,808 - INFO - Mean validation L1 loss: 0.045796840339899066
2024-08-21 09:09:48,809 - INFO - Mean validation SSIM loss: 6.713272842517881e-07
2024-08-21 09:09:48,809 - INFO - Mean validation MSE loss: 0.004069143319502473
2024-08-21 09:09:49,295 - INFO - New best validation Loss 0.045796840339899066, at epoch 2
2024-08-21 09:09:49,298 - INFO - Epoch 3
-------------------------------
2024-08-21 09:09:49,299 - INFO - Learning Rate of group 0: 5.796881480678659e-05
2024-08-21 09:10:40,078 - INFO - Maximum gradient before clipping: 3.2828805446624756
2024-08-21 09:10:40,079 - INFO - Minimum gradient before clipping: -4.465237140655518
2024-08-21 09:10:40,079 - INFO - Mean training L1 loss: 0.0453130541741848
2024-08-21 09:10:40,079 - INFO - Mean training SSIM loss: 2.843429874666015e-07
2024-08-21 09:10:40,079 - INFO - Mean training MSE loss: 0.004021340685430914
2024-08-21 09:10:47,932 - INFO - Mean validation L1 loss: 0.04313672944903374
2024-08-21 09:10:47,932 - INFO - Mean validation SSIM loss: 2.016617083455685e-07
2024-08-21 09:10:47,932 - INFO - Mean validation MSE loss: 0.003664151635020971
2024-08-21 09:10:48,428 - INFO - New best validation Loss 0.04313672944903374, at epoch 3
2024-08-21 09:10:48,431 - INFO - Epoch 4
-------------------------------
2024-08-21 09:10:48,431 - INFO - Learning Rate of group 0: 8.69532222101799e-05
2024-08-21 09:11:39,658 - INFO - Maximum gradient before clipping: 3.8053224086761475
2024-08-21 09:11:39,658 - INFO - Minimum gradient before clipping: -4.378505229949951
2024-08-21 09:11:39,659 - INFO - Mean training L1 loss: 0.045256828479468825
2024-08-21 09:11:39,659 - INFO - Mean training SSIM loss: 1.0839128735307124e-06
2024-08-21 09:11:39,659 - INFO - Mean training MSE loss: 0.0039763712300919
2024-08-21 09:11:47,815 - INFO - Mean validation L1 loss: 0.04450202137231827
2024-08-21 09:11:47,816 - INFO - Mean validation SSIM loss: 3.9275369703162253e-07
2024-08-21 09:11:47,816 - INFO - Mean validation MSE loss: 0.0037662178091704846
