2024-08-21 00:36:44,140 - INFO - NOTE: None
2024-08-21 00:36:44,143 - INFO - Torch, random, numpy seed: 88
2024-08-21 00:36:44,687 - INFO - Starting training from from epoch 0
2024-08-21 00:36:53,658 - INFO - Epoch 1
-------------------------------
2024-08-21 00:36:53,658 - INFO - Learning Rate of group 0: 0.0
2024-08-21 00:37:34,852 - INFO - Maximum gradient before clipping: 2.439805507659912
2024-08-21 00:37:34,852 - INFO - Minimum gradient before clipping: -1.7382633686065674
2024-08-21 00:37:34,853 - INFO - Mean training L1 loss: 0.1529624031484127
2024-08-21 00:37:34,854 - INFO - Mean training SSIM loss: 0.0028051604639040308
2024-08-21 00:37:34,854 - INFO - Mean training MSE loss: 0.028239573203027248
2024-08-21 00:37:43,240 - INFO - Mean validation L1 loss: 0.15275660157203674
2024-08-21 00:37:43,240 - INFO - Mean validation SSIM loss: 0.002962235987652093
2024-08-21 00:37:43,240 - INFO - Mean validation MSE loss: 0.028198487535119058
2024-08-21 00:37:43,695 - INFO - New best validation Loss 0.15275660157203674, at epoch 1
2024-08-21 00:37:43,703 - INFO - Epoch 2
-------------------------------
2024-08-21 00:37:43,703 - INFO - Learning Rate of group 0: 3.874681149241378e-05
2024-08-21 00:38:23,039 - INFO - Maximum gradient before clipping: 3.4359798431396484
2024-08-21 00:38:23,039 - INFO - Minimum gradient before clipping: -4.363936901092529
2024-08-21 00:38:23,040 - INFO - Mean training L1 loss: 0.0525342382863164
2024-08-21 00:38:23,040 - INFO - Mean training SSIM loss: 4.927150126287527e-05
2024-08-21 00:38:23,040 - INFO - Mean training MSE loss: 0.005074463121127337
2024-08-21 00:38:31,107 - INFO - Mean validation L1 loss: 0.04646570071578026
2024-08-21 00:38:31,107 - INFO - Mean validation SSIM loss: 3.941710165289436e-07
2024-08-21 00:38:31,107 - INFO - Mean validation MSE loss: 0.003977531753480435
2024-08-21 00:38:31,572 - INFO - New best validation Loss 0.04646570071578026, at epoch 2
2024-08-21 00:38:31,575 - INFO - Epoch 3
-------------------------------
2024-08-21 00:38:31,575 - INFO - Learning Rate of group 0: 7.749362298482756e-05
2024-08-21 00:39:11,473 - INFO - Maximum gradient before clipping: 3.558438301086426
2024-08-21 00:39:11,473 - INFO - Minimum gradient before clipping: -4.710384845733643
2024-08-21 00:39:11,474 - INFO - Mean training L1 loss: 0.045040515698492524
2024-08-21 00:39:11,474 - INFO - Mean training SSIM loss: 1.3501344073330036e-06
2024-08-21 00:39:11,474 - INFO - Mean training MSE loss: 0.003927338714711368
2024-08-21 00:39:19,341 - INFO - Mean validation L1 loss: 0.046175100356340405
2024-08-21 00:39:19,341 - INFO - Mean validation SSIM loss: 2.2693458944900156e-06
2024-08-21 00:39:19,341 - INFO - Mean validation MSE loss: 0.004275455195456743
2024-08-21 00:39:19,805 - INFO - New best validation Loss 0.046175100356340405, at epoch 3
2024-08-21 00:39:19,809 - INFO - Epoch 4
-------------------------------
2024-08-21 00:39:19,809 - INFO - Learning Rate of group 0: 0.0001162404344772413
2024-08-21 00:39:59,044 - INFO - Maximum gradient before clipping: 3.6807830333709717
2024-08-21 00:39:59,044 - INFO - Minimum gradient before clipping: -5.306920051574707
2024-08-21 00:39:59,044 - INFO - Mean training L1 loss: 0.04580112986266613
2024-08-21 00:39:59,044 - INFO - Mean training SSIM loss: 6.91646280806979e-06
2024-08-21 00:39:59,044 - INFO - Mean training MSE loss: 0.003977396949194372
2024-08-21 00:40:06,711 - INFO - Mean validation L1 loss: 0.04970463886857033
2024-08-21 00:40:06,711 - INFO - Mean validation SSIM loss: 1.606220375549583e-05
2024-08-21 00:40:06,711 - INFO - Mean validation MSE loss: 0.004637689152732491
