2024-07-08 20:18:46,019 - INFO - Starting training from from epoch 0
2024-07-08 20:18:46,390 - INFO - Epoch 0
-------------------------------
2024-07-08 20:19:00,054 - INFO - Mean training loss: 0.10003076593081156
2024-07-08 20:19:05,285 - INFO - Mean validation loss: 0.07109577655792236
2024-07-08 20:19:06,024 - INFO - New best validation Loss 0.07109577655792236, at epoch 0
2024-07-08 20:19:06,025 - INFO - Epoch 1
-------------------------------
2024-07-08 20:19:18,045 - INFO - Mean training loss: 0.0715689073006312
2024-07-08 20:19:23,466 - INFO - Mean validation loss: 0.06915562152862549
2024-07-08 20:19:24,380 - INFO - New best validation Loss 0.06915562152862549, at epoch 1
2024-07-08 20:19:24,381 - INFO - Epoch 2
-------------------------------
2024-07-08 20:19:36,893 - INFO - Mean training loss: 0.06890363345543543
2024-07-08 20:19:42,112 - INFO - Mean validation loss: 0.06775661905606588
2024-07-08 20:19:43,038 - INFO - New best validation Loss 0.06775661905606588, at epoch 2
2024-07-08 20:19:43,039 - INFO - Epoch 3
-------------------------------
2024-07-08 20:19:55,951 - INFO - Mean training loss: 0.06822715997695923
2024-07-08 20:20:01,372 - INFO - Mean validation loss: 0.06734453439712525
2024-07-08 20:20:02,110 - INFO - New best validation Loss 0.06734453439712525, at epoch 3
2024-07-08 20:20:02,111 - INFO - Epoch 4
-------------------------------
2024-07-08 20:20:15,615 - INFO - Mean training loss: 0.06776315371195475
2024-07-08 20:20:21,041 - INFO - Mean validation loss: 0.06699291268984477
2024-07-08 20:20:22,254 - INFO - New best validation Loss 0.06699291268984477, at epoch 4
2024-07-08 20:20:22,255 - INFO - Epoch 5
-------------------------------
2024-07-08 20:20:35,075 - INFO - Mean training loss: 0.06743421951929728
2024-07-08 20:20:40,789 - INFO - Mean validation loss: 0.06665053963661194
2024-07-08 20:20:41,761 - INFO - New best validation Loss 0.06665053963661194, at epoch 5
2024-07-08 20:20:41,762 - INFO - Epoch 6
-------------------------------
2024-07-08 20:20:54,937 - INFO - Mean training loss: 0.06701690852642059
2024-07-08 20:21:00,722 - INFO - Mean validation loss: 0.06628454526265462
2024-07-08 20:21:01,716 - INFO - New best validation Loss 0.06628454526265462, at epoch 6
2024-07-08 20:21:01,717 - INFO - Epoch 7
-------------------------------
2024-07-08 20:21:15,621 - INFO - Mean training loss: 0.06657804747422537
2024-07-08 20:21:21,308 - INFO - Mean validation loss: 0.06610880692799886
2024-07-08 20:21:22,482 - INFO - New best validation Loss 0.06610880692799886, at epoch 7
2024-07-08 20:21:22,484 - INFO - Epoch 8
-------------------------------
2024-07-08 20:21:34,717 - INFO - Mean training loss: 0.06630667050679524
2024-07-08 20:21:40,005 - INFO - Mean validation loss: 0.0658533771832784
2024-07-08 20:21:40,860 - INFO - New best validation Loss 0.0658533771832784, at epoch 8
2024-07-08 20:21:40,862 - INFO - Epoch 9
-------------------------------
2024-07-08 20:21:53,798 - INFO - Mean training loss: 0.06595506568749746
2024-07-08 20:21:59,402 - INFO - Mean validation loss: 0.06546696027119954
2024-07-08 20:22:00,131 - INFO - New best validation Loss 0.06546696027119954, at epoch 9
2024-07-08 20:22:00,132 - INFO - Epoch 10
-------------------------------
2024-07-08 20:22:12,789 - INFO - Mean training loss: 0.06529581795136134
2024-07-08 20:22:18,378 - INFO - Mean validation loss: 0.0644827405611674
2024-07-08 20:22:19,105 - INFO - New best validation Loss 0.0644827405611674, at epoch 10
2024-07-08 20:22:19,106 - INFO - Epoch 11
-------------------------------
2024-07-08 20:22:32,761 - INFO - Mean training loss: 0.06409644434849421
2024-07-08 20:22:38,144 - INFO - Mean validation loss: 0.06332560181617737
2024-07-08 20:22:39,117 - INFO - New best validation Loss 0.06332560181617737, at epoch 11
2024-07-08 20:22:39,118 - INFO - Epoch 12
-------------------------------
2024-07-08 20:22:51,664 - INFO - Mean training loss: 0.06164304713408152
2024-07-08 20:22:56,905 - INFO - Mean validation loss: 0.08298277060190837
2024-07-08 20:22:56,906 - INFO - Epoch 13
-------------------------------
2024-07-08 20:23:09,215 - INFO - Mean training loss: 0.06385047982136409
2024-07-08 20:23:15,002 - INFO - Mean validation loss: 0.06141980489095052
2024-07-08 20:23:15,749 - INFO - New best validation Loss 0.06141980489095052, at epoch 13
2024-07-08 20:23:15,750 - INFO - Epoch 14
-------------------------------
2024-07-08 20:23:28,763 - INFO - Mean training loss: 0.059891710182030995
2024-07-08 20:23:34,264 - INFO - Mean validation loss: 0.059763896465301516
2024-07-08 20:23:34,991 - INFO - New best validation Loss 0.059763896465301516, at epoch 14
2024-07-08 20:23:34,992 - INFO - Epoch 15
-------------------------------
2024-07-08 20:23:47,465 - INFO - Mean training loss: 0.06040132741133372
2024-07-08 20:23:52,770 - INFO - Mean validation loss: 0.06321132977803548
2024-07-08 20:23:52,771 - INFO - Epoch 16
-------------------------------
2024-07-08 20:24:06,086 - INFO - Mean training loss: 0.058281780779361726
2024-07-08 20:24:11,660 - INFO - Mean validation loss: 0.058374677101771036
2024-07-08 20:24:12,659 - INFO - New best validation Loss 0.058374677101771036, at epoch 16
2024-07-08 20:24:12,660 - INFO - Epoch 17
-------------------------------
2024-07-08 20:24:26,087 - INFO - Mean training loss: 0.05637562920649846
2024-07-08 20:24:31,214 - INFO - Mean validation loss: 0.05471343596776326
2024-07-08 20:24:31,976 - INFO - New best validation Loss 0.05471343596776326, at epoch 17
2024-07-08 20:24:31,977 - INFO - Epoch 18
-------------------------------
2024-07-08 20:24:44,106 - INFO - Mean training loss: 0.0537708247701327
2024-07-08 20:24:49,334 - INFO - Mean validation loss: 0.05134456753730774
2024-07-08 20:24:50,461 - INFO - New best validation Loss 0.05134456753730774, at epoch 18
2024-07-08 20:24:50,461 - INFO - Epoch 19
-------------------------------
2024-07-08 20:25:03,430 - INFO - Mean training loss: 0.05207621355851491
2024-07-08 20:25:08,995 - INFO - Mean validation loss: 0.051348950465520224
2024-07-08 20:25:08,996 - INFO - Epoch 20
-------------------------------
2024-07-08 20:25:22,420 - INFO - Mean training loss: 0.04998578478892644
2024-07-08 20:25:27,980 - INFO - Mean validation loss: 0.051134079694747925
2024-07-08 20:25:28,887 - INFO - New best validation Loss 0.051134079694747925, at epoch 20
2024-07-08 20:25:28,888 - INFO - Epoch 21
-------------------------------
2024-07-08 20:25:41,773 - INFO - Mean training loss: 0.047254538536071776
2024-07-08 20:25:47,675 - INFO - Mean validation loss: 0.047442732254664104
2024-07-08 20:25:48,623 - INFO - New best validation Loss 0.047442732254664104, at epoch 21
2024-07-08 20:25:48,624 - INFO - Epoch 22
-------------------------------
2024-07-08 20:26:01,111 - INFO - Mean training loss: 0.044583991666634876
2024-07-08 20:26:06,625 - INFO - Mean validation loss: 0.04544576406478882
2024-07-08 20:26:07,586 - INFO - New best validation Loss 0.04544576406478882, at epoch 22
2024-07-08 20:26:07,587 - INFO - Epoch 23
-------------------------------
2024-07-08 20:26:21,035 - INFO - Mean training loss: 0.04265269537766774
2024-07-08 20:26:26,061 - INFO - Mean validation loss: 0.04415576060612996
2024-07-08 20:26:26,785 - INFO - New best validation Loss 0.04415576060612996, at epoch 23
2024-07-08 20:26:26,785 - INFO - Epoch 24
-------------------------------
2024-07-08 20:26:39,178 - INFO - Mean training loss: 0.041256790856520335
2024-07-08 20:26:44,453 - INFO - Mean validation loss: 0.043125649293263756
2024-07-08 20:26:45,377 - INFO - New best validation Loss 0.043125649293263756, at epoch 24
2024-07-08 20:26:45,378 - INFO - Epoch 25
-------------------------------
2024-07-08 20:26:58,232 - INFO - Mean training loss: 0.04023151795069377
2024-07-08 20:27:03,752 - INFO - Mean validation loss: 0.042120806376139325
2024-07-08 20:27:04,699 - INFO - New best validation Loss 0.042120806376139325, at epoch 25
2024-07-08 20:27:04,700 - INFO - Epoch 26
-------------------------------
2024-07-08 20:27:18,395 - INFO - Mean training loss: 0.039693430562814075
2024-07-08 20:27:24,107 - INFO - Mean validation loss: 0.04164805809656779
2024-07-08 20:27:24,820 - INFO - New best validation Loss 0.04164805809656779, at epoch 26
2024-07-08 20:27:24,821 - INFO - Epoch 27
-------------------------------
2024-07-08 20:27:38,436 - INFO - Mean training loss: 0.038910725712776185
2024-07-08 20:27:43,890 - INFO - Mean validation loss: 0.03992270628611247
2024-07-08 20:27:44,830 - INFO - New best validation Loss 0.03992270628611247, at epoch 27
2024-07-08 20:27:44,831 - INFO - Epoch 28
-------------------------------
2024-07-08 20:27:58,646 - INFO - Mean training loss: 0.03768339455127716
2024-07-08 20:28:04,147 - INFO - Mean validation loss: 0.03945398728052775
2024-07-08 20:28:04,900 - INFO - New best validation Loss 0.03945398728052775, at epoch 28
2024-07-08 20:28:04,901 - INFO - Epoch 29
-------------------------------
2024-07-08 20:28:18,310 - INFO - Mean training loss: 0.036616655190785725
2024-07-08 20:28:23,550 - INFO - Mean validation loss: 0.038507390022277835
2024-07-08 20:28:24,514 - INFO - New best validation Loss 0.038507390022277835, at epoch 29
2024-07-08 20:28:24,515 - INFO - Epoch 30
-------------------------------
2024-07-08 20:28:38,294 - INFO - Mean training loss: 0.03562325984239578
2024-07-08 20:28:43,656 - INFO - Mean validation loss: 0.037529005606969194
2024-07-08 20:28:44,395 - INFO - New best validation Loss 0.037529005606969194, at epoch 30
2024-07-08 20:28:44,396 - INFO - Epoch 31
-------------------------------
2024-07-08 20:28:56,953 - INFO - Mean training loss: 0.03491714547077815
2024-07-08 20:29:02,240 - INFO - Mean validation loss: 0.03615511854489644
2024-07-08 20:29:03,212 - INFO - New best validation Loss 0.03615511854489644, at epoch 31
2024-07-08 20:29:03,213 - INFO - Epoch 32
-------------------------------
2024-07-08 20:29:16,253 - INFO - Mean training loss: 0.033963654687007266
2024-07-08 20:29:21,656 - INFO - Mean validation loss: 0.03551439642906189
2024-07-08 20:29:22,594 - INFO - New best validation Loss 0.03551439642906189, at epoch 32
2024-07-08 20:29:22,595 - INFO - Epoch 33
-------------------------------
2024-07-08 20:29:36,052 - INFO - Mean training loss: 0.03288034200668335
2024-07-08 20:29:41,714 - INFO - Mean validation loss: 0.035120797157287595
2024-07-08 20:29:42,468 - INFO - New best validation Loss 0.035120797157287595, at epoch 33
2024-07-08 20:29:42,469 - INFO - Epoch 34
-------------------------------
2024-07-08 20:29:54,912 - INFO - Mean training loss: 0.03161705707510312
2024-07-08 20:30:00,152 - INFO - Mean validation loss: 0.03421894907951355
2024-07-08 20:30:00,864 - INFO - New best validation Loss 0.03421894907951355, at epoch 34
2024-07-08 20:30:00,865 - INFO - Epoch 35
-------------------------------
2024-07-08 20:30:13,240 - INFO - Mean training loss: 0.030566327273845673
2024-07-08 20:30:18,690 - INFO - Mean validation loss: 0.03377605974674225
2024-07-08 20:30:19,408 - INFO - New best validation Loss 0.03377605974674225, at epoch 35
2024-07-08 20:30:19,409 - INFO - Epoch 36
-------------------------------
2024-07-08 20:30:32,443 - INFO - Mean training loss: 0.029917628318071366
2024-07-08 20:30:37,499 - INFO - Mean validation loss: 0.03331170876820882
2024-07-08 20:30:38,465 - INFO - New best validation Loss 0.03331170876820882, at epoch 36
2024-07-08 20:30:38,466 - INFO - Epoch 37
-------------------------------
2024-07-08 20:30:51,081 - INFO - Mean training loss: 0.029324775189161302
2024-07-08 20:30:56,843 - INFO - Mean validation loss: 0.031605883439381914
2024-07-08 20:30:57,552 - INFO - New best validation Loss 0.031605883439381914, at epoch 37
2024-07-08 20:30:57,553 - INFO - Epoch 38
-------------------------------
2024-07-08 20:31:10,258 - INFO - Mean training loss: 0.028350664675235747
2024-07-08 20:31:15,735 - INFO - Mean validation loss: 0.03097986082235972
2024-07-08 20:31:16,662 - INFO - New best validation Loss 0.03097986082235972, at epoch 38
2024-07-08 20:31:16,663 - INFO - Epoch 39
-------------------------------
2024-07-08 20:31:30,626 - INFO - Mean training loss: 0.027284716566403706
2024-07-08 20:31:36,148 - INFO - Mean validation loss: 0.02991714080174764
2024-07-08 20:31:37,130 - INFO - New best validation Loss 0.02991714080174764, at epoch 39
2024-07-08 20:31:37,131 - INFO - Epoch 40
-------------------------------
2024-07-08 20:31:49,851 - INFO - Mean training loss: 0.02654781291882197
2024-07-08 20:31:55,212 - INFO - Mean validation loss: 0.03031481206417084
2024-07-08 20:31:55,212 - INFO - Epoch 41
-------------------------------
2024-07-08 20:32:08,766 - INFO - Mean training loss: 0.026063740501801172
2024-07-08 20:32:14,884 - INFO - Mean validation loss: 0.028615771730740865
2024-07-08 20:32:15,877 - INFO - New best validation Loss 0.028615771730740865, at epoch 41
2024-07-08 20:32:15,878 - INFO - Epoch 42
-------------------------------
2024-07-08 20:32:28,406 - INFO - Mean training loss: 0.024981653441985448
2024-07-08 20:32:34,193 - INFO - Mean validation loss: 0.028206555048624675
2024-07-08 20:32:34,922 - INFO - New best validation Loss 0.028206555048624675, at epoch 42
2024-07-08 20:32:34,923 - INFO - Epoch 43
-------------------------------
2024-07-08 20:32:48,281 - INFO - Mean training loss: 0.024562478065490723
2024-07-08 20:32:54,290 - INFO - Mean validation loss: 0.028570992747942607
2024-07-08 20:32:54,291 - INFO - Epoch 44
-------------------------------
2024-07-08 20:33:06,800 - INFO - Mean training loss: 0.02429156278570493
2024-07-08 20:33:11,875 - INFO - Mean validation loss: 0.027613929907480874
2024-07-08 20:33:12,615 - INFO - New best validation Loss 0.027613929907480874, at epoch 44
2024-07-08 20:33:12,616 - INFO - Epoch 45
-------------------------------
2024-07-08 20:33:25,849 - INFO - Mean training loss: 0.023747123529513678
2024-07-08 20:33:31,352 - INFO - Mean validation loss: 0.027147945761680604
2024-07-08 20:33:32,105 - INFO - New best validation Loss 0.027147945761680604, at epoch 45
2024-07-08 20:33:32,106 - INFO - Epoch 46
-------------------------------
2024-07-08 20:33:45,488 - INFO - Mean training loss: 0.02348646695415179
2024-07-08 20:33:50,734 - INFO - Mean validation loss: 0.02646040419737498
2024-07-08 20:33:51,666 - INFO - New best validation Loss 0.02646040419737498, at epoch 46
2024-07-08 20:33:51,667 - INFO - Epoch 47
-------------------------------
2024-07-08 20:34:04,312 - INFO - Mean training loss: 0.022922166188557944
2024-07-08 20:34:09,544 - INFO - Mean validation loss: 0.027193565169970194
2024-07-08 20:34:09,545 - INFO - Epoch 48
-------------------------------
2024-07-08 20:34:22,360 - INFO - Mean training loss: 0.02292280048131943
2024-07-08 20:34:27,562 - INFO - Mean validation loss: 0.026159743467966717
2024-07-08 20:34:28,508 - INFO - New best validation Loss 0.026159743467966717, at epoch 48
2024-07-08 20:34:28,509 - INFO - Epoch 49
-------------------------------
2024-07-08 20:34:41,691 - INFO - Mean training loss: 0.022596472750107448
2024-07-08 20:34:47,373 - INFO - Mean validation loss: 0.02533300717671712
2024-07-08 20:34:48,129 - INFO - New best validation Loss 0.02533300717671712, at epoch 49
2024-07-08 20:34:48,130 - INFO - Training Finished
