2024-08-20 12:25:11,385 - INFO - NOTE: None
2024-08-20 12:25:11,387 - INFO - Torch, random, numpy seed: 88
2024-08-20 12:25:12,351 - INFO - Starting training from from epoch 0
2024-08-20 12:25:20,621 - INFO - Epoch 1
-------------------------------
2024-08-20 12:25:20,621 - INFO - Learning Rate of group 0: 0.0
2024-08-20 12:27:10,580 - INFO - Maximum gradient before clipping: 0.7322208285331726
2024-08-20 12:27:10,580 - INFO - Minimum gradient before clipping: -0.17339397966861725
2024-08-20 12:27:10,582 - INFO - Mean training L1 loss: 0.24792133808135985
2024-08-20 12:27:10,582 - INFO - Mean training SSIM loss: 0.0
2024-08-20 12:27:10,582 - INFO - Mean training MSE loss: 0.09336013272404671
2024-08-20 12:27:21,845 - INFO - Mean validation L1 loss: 0.24806136906147003
2024-08-20 12:27:21,845 - INFO - Mean validation SSIM loss: 0.0
2024-08-20 12:27:21,845 - INFO - Mean validation MSE loss: 0.09381898105144501
2024-08-20 12:27:23,804 - INFO - New best validation Loss 0.24806136906147003, at epoch 1
2024-08-20 12:27:23,811 - INFO - Epoch 2
-------------------------------
2024-08-20 12:27:23,811 - INFO - Learning Rate of group 0: 0.00013285060142108083
2024-08-20 12:29:12,455 - INFO - Maximum gradient before clipping: 1.29204523563385
2024-08-20 12:29:12,455 - INFO - Minimum gradient before clipping: -1.6359670162200928
2024-08-20 12:29:12,456 - INFO - Mean training L1 loss: 0.05679095672443509
2024-08-20 12:29:12,456 - INFO - Mean training SSIM loss: 0.0
2024-08-20 12:29:12,456 - INFO - Mean training MSE loss: 0.009103929142002016
2024-08-20 12:29:23,744 - INFO - Mean validation L1 loss: 0.031180807799100877
2024-08-20 12:29:23,744 - INFO - Mean validation SSIM loss: 0.0
2024-08-20 12:29:23,744 - INFO - Mean validation MSE loss: 0.002011537472717464
2024-08-20 12:29:25,743 - INFO - New best validation Loss 0.031180807799100877, at epoch 2
2024-08-20 12:29:25,746 - INFO - Epoch 3
-------------------------------
2024-08-20 12:29:25,746 - INFO - Learning Rate of group 0: 0.00026570120284216166
2024-08-20 12:31:14,246 - INFO - Maximum gradient before clipping: 1.0282713174819946
2024-08-20 12:31:14,247 - INFO - Minimum gradient before clipping: -1.3219213485717773
2024-08-20 12:31:14,248 - INFO - Mean training L1 loss: 0.0347100355476141
2024-08-20 12:31:14,248 - INFO - Mean training SSIM loss: 0.0
2024-08-20 12:31:14,248 - INFO - Mean training MSE loss: 0.0023755145887844266
2024-08-20 12:31:25,482 - INFO - Mean validation L1 loss: 0.030630643591284753
2024-08-20 12:31:25,482 - INFO - Mean validation SSIM loss: 0.0
2024-08-20 12:31:25,482 - INFO - Mean validation MSE loss: 0.001778533887118101
2024-08-20 12:31:27,478 - INFO - New best validation Loss 0.030630643591284753, at epoch 3
2024-08-20 12:31:27,482 - INFO - Epoch 4
-------------------------------
2024-08-20 12:31:27,482 - INFO - Learning Rate of group 0: 0.00039855180426324246
2024-08-20 12:33:16,024 - INFO - Maximum gradient before clipping: 0.9630572199821472
2024-08-20 12:33:16,024 - INFO - Minimum gradient before clipping: -1.3712944984436035
2024-08-20 12:33:16,025 - INFO - Mean training L1 loss: 0.03286103595048189
2024-08-20 12:33:16,025 - INFO - Mean training SSIM loss: 0.0
2024-08-20 12:33:16,025 - INFO - Mean training MSE loss: 0.0021380655083339663
2024-08-20 12:33:27,554 - INFO - Mean validation L1 loss: 0.031472506448626515
2024-08-20 12:33:27,554 - INFO - Mean validation SSIM loss: 0.0
2024-08-20 12:33:27,554 - INFO - Mean validation MSE loss: 0.002225260133855045
