2024-10-15 16:32:55,117 - INFO - NOTE: None
2024-10-15 16:32:55,118 - INFO - Torch, random, numpy seed: 88
2024-10-15 16:32:55,686 - INFO - load model from: /home/nikoskot/earthnetThesis/swin_tiny_patch244_window877_kinetics400_1k.pth
2024-10-15 16:32:55,817 - INFO - _IncompatibleKeys(missing_keys=['absolute_pos_embed', 'encoder.layers.0.blocks.0.attn.relative_position_index', 'encoder.layers.0.blocks.1.attn.relative_position_index', 'encoder.layers.1.blocks.0.attn.relative_position_index', 'encoder.layers.1.blocks.1.attn.relative_position_index', 'decoder.layers.0.blocks.0.norm1.weight', 'decoder.layers.0.blocks.0.norm1.bias', 'decoder.layers.0.blocks.0.attn.relative_position_bias_table', 'decoder.layers.0.blocks.0.attn.relative_position_index', 'decoder.layers.0.blocks.0.attn.qkv.weight', 'decoder.layers.0.blocks.0.attn.qkv.bias', 'decoder.layers.0.blocks.0.attn.proj.weight', 'decoder.layers.0.blocks.0.attn.proj.bias', 'decoder.layers.0.blocks.0.norm2.weight', 'decoder.layers.0.blocks.0.norm2.bias', 'decoder.layers.0.blocks.0.mlp.fc1.weight', 'decoder.layers.0.blocks.0.mlp.fc1.bias', 'decoder.layers.0.blocks.0.mlp.fc2.weight', 'decoder.layers.0.blocks.0.mlp.fc2.bias', 'decoder.layers.0.blocks.1.norm1.weight', 'decoder.layers.0.blocks.1.norm1.bias', 'decoder.layers.0.blocks.1.attn.relative_position_bias_table', 'decoder.layers.0.blocks.1.attn.relative_position_index', 'decoder.layers.0.blocks.1.attn.qkv.weight', 'decoder.layers.0.blocks.1.attn.qkv.bias', 'decoder.layers.0.blocks.1.attn.proj.weight', 'decoder.layers.0.blocks.1.attn.proj.bias', 'decoder.layers.0.blocks.1.norm2.weight', 'decoder.layers.0.blocks.1.norm2.bias', 'decoder.layers.0.blocks.1.mlp.fc1.weight', 'decoder.layers.0.blocks.1.mlp.fc1.bias', 'decoder.layers.0.blocks.1.mlp.fc2.weight', 'decoder.layers.0.blocks.1.mlp.fc2.bias', 'decoder.layers.0.upsample.conv.weight', 'decoder.layers.0.upsample.conv.bias', 'decoder.layers.0.upsample.norm.weight', 'decoder.layers.0.upsample.norm.bias', 'decoder.layers.1.blocks.0.norm1.weight', 'decoder.layers.1.blocks.0.norm1.bias', 'decoder.layers.1.blocks.0.attn.relative_position_bias_table', 'decoder.layers.1.blocks.0.attn.relative_position_index', 'decoder.layers.1.blocks.0.attn.qkv.weight', 'decoder.layers.1.blocks.0.attn.qkv.bias', 'decoder.layers.1.blocks.0.attn.proj.weight', 'decoder.layers.1.blocks.0.attn.proj.bias', 'decoder.layers.1.blocks.0.norm2.weight', 'decoder.layers.1.blocks.0.norm2.bias', 'decoder.layers.1.blocks.0.mlp.fc1.weight', 'decoder.layers.1.blocks.0.mlp.fc1.bias', 'decoder.layers.1.blocks.0.mlp.fc2.weight', 'decoder.layers.1.blocks.0.mlp.fc2.bias', 'decoder.layers.1.blocks.1.norm1.weight', 'decoder.layers.1.blocks.1.norm1.bias', 'decoder.layers.1.blocks.1.attn.relative_position_bias_table', 'decoder.layers.1.blocks.1.attn.relative_position_index', 'decoder.layers.1.blocks.1.attn.qkv.weight', 'decoder.layers.1.blocks.1.attn.qkv.bias', 'decoder.layers.1.blocks.1.attn.proj.weight', 'decoder.layers.1.blocks.1.attn.proj.bias', 'decoder.layers.1.blocks.1.norm2.weight', 'decoder.layers.1.blocks.1.norm2.bias', 'decoder.layers.1.blocks.1.mlp.fc1.weight', 'decoder.layers.1.blocks.1.mlp.fc1.bias', 'decoder.layers.1.blocks.1.mlp.fc2.weight', 'decoder.layers.1.blocks.1.mlp.fc2.bias', 'head.conv1.weight', 'head.conv1.bias', 'head.conv2.weight', 'head.conv2.bias', 'head.conv3.weight', 'head.conv3.bias'], unexpected_keys=['encoder.layers.2.downsample.reduction.weight', 'encoder.layers.2.downsample.norm.weight', 'encoder.layers.2.downsample.norm.bias'])
2024-10-15 16:32:55,817 - INFO - => loaded successfully '/home/nikoskot/earthnetThesis/swin_tiny_patch244_window877_kinetics400_1k.pth'
2024-10-15 16:32:57,044 - INFO - Starting training from from epoch 1
2024-10-15 16:33:04,505 - INFO - Epoch 1
-------------------------------
2024-10-15 16:33:04,506 - INFO - Learning Rate of group 0: 0.0
2024-10-15 16:33:04,506 - INFO - Learning Rate of group 1: 0.0
2024-10-15 17:13:51,932 - INFO - Maximum gradient before clipping: 0.2632635831832886
2024-10-15 17:13:51,933 - INFO - Minimum gradient before clipping: -0.12730027735233307
2024-10-15 17:13:51,933 - INFO - Mean training L1 loss: 0.14946400659608322
2024-10-15 17:13:51,933 - INFO - Mean training SSIM loss: 0.9997962730193128
2024-10-15 17:13:51,933 - INFO - Mean training MSE loss: 0.0
2024-10-15 17:13:51,933 - INFO - Mean training VGG loss: 0.0
2024-10-15 17:17:12,803 - INFO - Mean validation L1 loss: 0.15150010321650617
2024-10-15 17:17:12,804 - INFO - Mean validation SSIM loss: 0.9998014207468384
2024-10-15 17:17:12,804 - INFO - Mean validation MSE loss: 0.0
2024-10-15 17:17:12,804 - INFO - Mean validation VGG loss: 0.0
2024-10-15 17:17:13,735 - INFO - New best validation Loss 0.15150010321650617, at epoch 1
2024-10-15 17:17:14,643 - INFO - Epoch 2
-------------------------------
2024-10-15 17:17:14,643 - INFO - Learning Rate of group 0: 4e-05
2024-10-15 17:17:14,643 - INFO - Learning Rate of group 1: 2e-05
2024-10-15 17:57:56,901 - INFO - Maximum gradient before clipping: 0.8315115571022034
2024-10-15 17:57:56,902 - INFO - Minimum gradient before clipping: -0.7400461435317993
2024-10-15 17:57:56,902 - INFO - Mean training L1 loss: 0.04325381201734382
2024-10-15 17:57:56,903 - INFO - Mean training SSIM loss: 0.9760711735035774
2024-10-15 17:57:56,903 - INFO - Mean training MSE loss: 0.0
2024-10-15 17:57:56,903 - INFO - Mean training VGG loss: 0.0
2024-10-15 18:01:17,435 - INFO - Mean validation L1 loss: 0.042574831761145675
2024-10-15 18:01:17,435 - INFO - Mean validation SSIM loss: 0.974742027728454
2024-10-15 18:01:17,435 - INFO - Mean validation MSE loss: 0.0
2024-10-15 18:01:17,435 - INFO - Mean validation VGG loss: 0.0
2024-10-15 18:01:18,367 - INFO - New best validation Loss 0.042574831761145675, at epoch 2
2024-10-15 18:01:19,283 - INFO - Epoch 3
-------------------------------
2024-10-15 18:01:19,283 - INFO - Learning Rate of group 0: 8e-05
2024-10-15 18:01:19,283 - INFO - Learning Rate of group 1: 4e-05
2024-10-15 18:42:02,513 - INFO - Maximum gradient before clipping: 2.0187783241271973
2024-10-15 18:42:02,513 - INFO - Minimum gradient before clipping: -2.1037662029266357
2024-10-15 18:42:02,514 - INFO - Mean training L1 loss: 0.03866612549290055
2024-10-15 18:42:02,514 - INFO - Mean training SSIM loss: 0.9510910151294962
2024-10-15 18:42:02,514 - INFO - Mean training MSE loss: 0.0
2024-10-15 18:42:02,514 - INFO - Mean training VGG loss: 0.0
2024-10-15 18:45:23,617 - INFO - Mean validation L1 loss: 0.036853887981744514
2024-10-15 18:45:23,617 - INFO - Mean validation SSIM loss: 0.9410090462419899
2024-10-15 18:45:23,618 - INFO - Mean validation MSE loss: 0.0
2024-10-15 18:45:23,618 - INFO - Mean validation VGG loss: 0.0
2024-10-15 18:45:24,547 - INFO - New best validation Loss 0.036853887981744514, at epoch 3
2024-10-15 18:45:25,470 - INFO - Epoch 4
-------------------------------
2024-10-15 18:45:25,470 - INFO - Learning Rate of group 0: 0.00012
2024-10-15 18:45:25,470 - INFO - Learning Rate of group 1: 6e-05
2024-10-15 19:26:16,438 - INFO - Maximum gradient before clipping: 1.845062255859375
2024-10-15 19:26:16,438 - INFO - Minimum gradient before clipping: -2.4016754627227783
2024-10-15 19:26:16,439 - INFO - Mean training L1 loss: 0.03625557145134194
2024-10-15 19:26:16,439 - INFO - Mean training SSIM loss: 0.9337210699834867
2024-10-15 19:26:16,439 - INFO - Mean training MSE loss: 0.0
2024-10-15 19:26:16,439 - INFO - Mean training VGG loss: 0.0
2024-10-15 19:29:38,835 - INFO - Mean validation L1 loss: 0.037359632701180055
2024-10-15 19:29:38,835 - INFO - Mean validation SSIM loss: 0.9385594972798657
2024-10-15 19:29:38,835 - INFO - Mean validation MSE loss: 0.0
2024-10-15 19:29:38,835 - INFO - Mean validation VGG loss: 0.0
2024-10-15 19:29:39,774 - INFO - Epoch 5
-------------------------------
2024-10-15 19:29:39,774 - INFO - Learning Rate of group 0: 0.00016
2024-10-15 19:29:39,774 - INFO - Learning Rate of group 1: 8e-05
2024-10-15 20:10:32,650 - INFO - Maximum gradient before clipping: 2.8465981483459473
2024-10-15 20:10:32,651 - INFO - Minimum gradient before clipping: -3.083770751953125
2024-10-15 20:10:32,651 - INFO - Mean training L1 loss: 0.03308106307991999
2024-10-15 20:10:32,652 - INFO - Mean training SSIM loss: 0.9028522808000364
2024-10-15 20:10:32,652 - INFO - Mean training MSE loss: 0.0
2024-10-15 20:10:32,652 - INFO - Mean training VGG loss: 0.0
2024-10-15 20:13:55,145 - INFO - Mean validation L1 loss: 0.032423749151810954
2024-10-15 20:13:55,145 - INFO - Mean validation SSIM loss: 0.9011644932338625
2024-10-15 20:13:55,145 - INFO - Mean validation MSE loss: 0.0
2024-10-15 20:13:55,145 - INFO - Mean validation VGG loss: 0.0
2024-10-15 20:13:56,085 - INFO - New best validation Loss 0.032423749151810954, at epoch 5
2024-10-15 20:13:57,017 - INFO - Epoch 6
-------------------------------
2024-10-15 20:13:57,017 - INFO - Learning Rate of group 0: 0.0002
2024-10-15 20:13:57,017 - INFO - Learning Rate of group 1: 0.0001
2024-10-15 20:54:48,729 - INFO - Maximum gradient before clipping: 3.9039969444274902
2024-10-15 20:54:48,729 - INFO - Minimum gradient before clipping: -5.928776264190674
2024-10-15 20:54:48,730 - INFO - Mean training L1 loss: 0.030579074241130585
2024-10-15 20:54:48,730 - INFO - Mean training SSIM loss: 0.8807723107371854
2024-10-15 20:54:48,730 - INFO - Mean training MSE loss: 0.0
2024-10-15 20:54:48,730 - INFO - Mean training VGG loss: 0.0
2024-10-15 20:58:10,941 - INFO - Mean validation L1 loss: 0.02881478989204037
2024-10-15 20:58:10,941 - INFO - Mean validation SSIM loss: 0.8600784167398179
2024-10-15 20:58:10,941 - INFO - Mean validation MSE loss: 0.0
2024-10-15 20:58:10,942 - INFO - Mean validation VGG loss: 0.0
2024-10-15 20:58:11,889 - INFO - New best validation Loss 0.02881478989204037, at epoch 6
2024-10-15 20:58:12,822 - INFO - Epoch 7
-------------------------------
2024-10-15 20:58:12,822 - INFO - Learning Rate of group 0: 0.00019993938728840005
2024-10-15 20:58:12,822 - INFO - Learning Rate of group 1: 9.996984593744525e-05
2024-10-15 21:39:05,417 - INFO - Maximum gradient before clipping: 3.7639966011047363
2024-10-15 21:39:05,417 - INFO - Minimum gradient before clipping: -4.213780403137207
2024-10-15 21:39:05,418 - INFO - Mean training L1 loss: 0.028965252610908945
2024-10-15 21:39:05,418 - INFO - Mean training SSIM loss: 0.8628647600143636
2024-10-15 21:39:05,418 - INFO - Mean training MSE loss: 0.0
2024-10-15 21:39:05,418 - INFO - Mean training VGG loss: 0.0
2024-10-15 21:42:27,600 - INFO - Mean validation L1 loss: 0.027424501202203157
2024-10-15 21:42:27,600 - INFO - Mean validation SSIM loss: 0.8455641718213773
2024-10-15 21:42:27,601 - INFO - Mean validation MSE loss: 0.0
2024-10-15 21:42:27,601 - INFO - Mean validation VGG loss: 0.0
2024-10-15 21:42:28,546 - INFO - New best validation Loss 0.027424501202203157, at epoch 7
2024-10-15 21:42:29,475 - INFO - Epoch 8
-------------------------------
2024-10-15 21:42:29,475 - INFO - Learning Rate of group 0: 0.00019975762300085252
2024-10-15 21:42:29,475 - INFO - Learning Rate of group 1: 9.98794204878613e-05
2024-10-15 22:23:22,892 - INFO - Maximum gradient before clipping: 4.154752731323242
2024-10-15 22:23:22,893 - INFO - Minimum gradient before clipping: -4.335677623748779
2024-10-15 22:23:22,893 - INFO - Mean training L1 loss: 0.027909119320166306
2024-10-15 22:23:22,893 - INFO - Mean training SSIM loss: 0.8487704888590706
2024-10-15 22:23:22,894 - INFO - Mean training MSE loss: 0.0
2024-10-15 22:23:22,894 - INFO - Mean training VGG loss: 0.0
2024-10-15 22:26:45,447 - INFO - Mean validation L1 loss: 0.02599624415741218
2024-10-15 22:26:45,448 - INFO - Mean validation SSIM loss: 0.8276368794233903
2024-10-15 22:26:45,448 - INFO - Mean validation MSE loss: 0.0
2024-10-15 22:26:45,448 - INFO - Mean validation VGG loss: 0.0
2024-10-15 22:26:46,386 - INFO - New best validation Loss 0.02599624415741218, at epoch 8
2024-10-15 22:26:47,331 - INFO - Epoch 9
-------------------------------
2024-10-15 22:26:47,332 - INFO - Learning Rate of group 0: 0.00019945492858914322
2024-10-15 22:26:47,332 - INFO - Learning Rate of group 1: 9.972883382072954e-05
2024-10-15 23:07:39,731 - INFO - Maximum gradient before clipping: 5.555557727813721
2024-10-15 23:07:39,732 - INFO - Minimum gradient before clipping: -5.839159965515137
2024-10-15 23:07:39,733 - INFO - Mean training L1 loss: 0.027049841050374886
2024-10-15 23:07:39,733 - INFO - Mean training SSIM loss: 0.83813810343525
2024-10-15 23:07:39,733 - INFO - Mean training MSE loss: 0.0
2024-10-15 23:07:39,733 - INFO - Mean training VGG loss: 0.0
2024-10-15 23:11:01,788 - INFO - Mean validation L1 loss: 0.026607494779479345
2024-10-15 23:11:01,789 - INFO - Mean validation SSIM loss: 0.8289824967400287
2024-10-15 23:11:01,789 - INFO - Mean validation MSE loss: 0.0
2024-10-15 23:11:01,789 - INFO - Mean validation VGG loss: 0.0
2024-10-15 23:11:02,724 - INFO - Epoch 10
-------------------------------
2024-10-15 23:11:02,724 - INFO - Learning Rate of group 0: 0.00019903167283978629
2024-10-15 23:11:02,724 - INFO - Learning Rate of group 1: 9.951826940270773e-05
2024-10-15 23:51:55,976 - INFO - Maximum gradient before clipping: 4.4467668533325195
2024-10-15 23:51:55,977 - INFO - Minimum gradient before clipping: -6.640641212463379
2024-10-15 23:51:55,977 - INFO - Mean training L1 loss: 0.026447014064406908
2024-10-15 23:51:55,978 - INFO - Mean training SSIM loss: 0.8289064511201811
2024-10-15 23:51:55,978 - INFO - Mean training MSE loss: 0.0
2024-10-15 23:51:55,978 - INFO - Mean training VGG loss: 0.0
2024-10-15 23:58:36,934 - INFO - Validation split Earthnet Score on epoch 10
2024-10-16 00:04:21,033 - INFO - MAD: 0.2447104850336627, OLS: 0.31897049489666546, EMD: 0.23396803409441688, SSIM: 0.20222965894676628, ENS: 0.24330147909588723
2024-10-16 00:04:21,036 - INFO - Mean validation L1 loss: 0.025116234298259717
2024-10-16 00:04:21,036 - INFO - Mean validation SSIM loss: 0.8090116088605644
2024-10-16 00:04:21,036 - INFO - Mean validation MSE loss: 0.0
2024-10-16 00:04:21,036 - INFO - Mean validation VGG loss: 0.0
2024-10-16 00:04:21,976 - INFO - New best validation Loss 0.025116234298259717, at epoch 10
2024-10-16 00:04:22,889 - INFO - New best Earthnet Score 0.24330147909588723, at epoch 10
2024-10-16 00:04:23,821 - INFO - Epoch 11
-------------------------------
2024-10-16 00:04:23,821 - INFO - Learning Rate of group 0: 0.00019848837142471474
2024-10-16 00:04:23,821 - INFO - Learning Rate of group 1: 9.92479837741043e-05
2024-10-16 00:45:16,486 - INFO - Maximum gradient before clipping: 3.772538900375366
2024-10-16 00:45:16,487 - INFO - Minimum gradient before clipping: -5.074208736419678
2024-10-16 00:45:16,487 - INFO - Mean training L1 loss: 0.026015416645791205
2024-10-16 00:45:16,488 - INFO - Mean training SSIM loss: 0.8226674012637248
2024-10-16 00:45:16,488 - INFO - Mean training MSE loss: 0.0
2024-10-16 00:45:16,488 - INFO - Mean training VGG loss: 0.0
2024-10-16 00:48:38,574 - INFO - Mean validation L1 loss: 0.025219341926899643
2024-10-16 00:48:38,574 - INFO - Mean validation SSIM loss: 0.8098376632534142
2024-10-16 00:48:38,574 - INFO - Mean validation MSE loss: 0.0
2024-10-16 00:48:38,574 - INFO - Mean validation VGG loss: 0.0
2024-10-16 00:48:39,601 - INFO - Epoch 12
-------------------------------
2024-10-16 00:48:39,601 - INFO - Learning Rate of group 0: 0.0001978256862730137
2024-10-16 00:48:39,601 - INFO - Learning Rate of group 1: 9.891830623632339e-05
2024-10-16 01:29:27,790 - INFO - Maximum gradient before clipping: 4.46113920211792
2024-10-16 01:29:27,790 - INFO - Minimum gradient before clipping: -4.960335731506348
2024-10-16 01:29:27,791 - INFO - Mean training L1 loss: 0.02562120627060327
2024-10-16 01:29:27,791 - INFO - Mean training SSIM loss: 0.816867865537909
2024-10-16 01:29:27,791 - INFO - Mean training MSE loss: 0.0
2024-10-16 01:29:27,791 - INFO - Mean training VGG loss: 0.0
2024-10-16 01:32:50,878 - INFO - Mean validation L1 loss: 0.024357259460416527
2024-10-16 01:32:50,878 - INFO - Mean validation SSIM loss: 0.7995334578597028
2024-10-16 01:32:50,878 - INFO - Mean validation MSE loss: 0.0
2024-10-16 01:32:50,879 - INFO - Mean validation VGG loss: 0.0
2024-10-16 01:32:51,861 - INFO - New best validation Loss 0.024357259460416527, at epoch 12
2024-10-16 01:32:52,828 - INFO - Epoch 13
-------------------------------
2024-10-16 01:32:52,828 - INFO - Learning Rate of group 0: 0.00019704442476446167
2024-10-16 01:32:52,828 - INFO - Learning Rate of group 1: 9.852963845066182e-05
2024-10-16 02:13:43,826 - INFO - Maximum gradient before clipping: 5.102420330047607
2024-10-16 02:13:43,827 - INFO - Minimum gradient before clipping: -7.257309913635254
2024-10-16 02:13:43,828 - INFO - Mean training L1 loss: 0.02531183124545203
2024-10-16 02:13:43,828 - INFO - Mean training SSIM loss: 0.8115144917926046
2024-10-16 02:13:43,828 - INFO - Mean training MSE loss: 0.0
2024-10-16 02:13:43,828 - INFO - Mean training VGG loss: 0.0
2024-10-16 02:17:06,707 - INFO - Mean validation L1 loss: 0.024579281392304794
2024-10-16 02:17:06,708 - INFO - Mean validation SSIM loss: 0.8000283975864334
2024-10-16 02:17:06,708 - INFO - Mean validation MSE loss: 0.0
2024-10-16 02:17:06,708 - INFO - Mean validation VGG loss: 0.0
2024-10-16 02:17:07,637 - INFO - Epoch 14
-------------------------------
2024-10-16 02:17:07,637 - INFO - Learning Rate of group 0: 0.00019614553874586278
2024-10-16 02:17:07,637 - INFO - Learning Rate of group 1: 9.808245394894679e-05
2024-10-16 02:57:58,915 - INFO - Maximum gradient before clipping: 4.814290523529053
2024-10-16 02:57:58,916 - INFO - Minimum gradient before clipping: -6.119504928588867
2024-10-16 02:57:58,917 - INFO - Mean training L1 loss: 0.025014686271227313
2024-10-16 02:57:58,917 - INFO - Mean training SSIM loss: 0.8069681078756469
2024-10-16 02:57:58,917 - INFO - Mean training MSE loss: 0.0
2024-10-16 02:57:58,917 - INFO - Mean training VGG loss: 0.0
2024-10-16 03:01:20,739 - INFO - Mean validation L1 loss: 0.024493522196073696
2024-10-16 03:01:20,740 - INFO - Mean validation SSIM loss: 0.7866524149940963
2024-10-16 03:01:20,740 - INFO - Mean validation MSE loss: 0.0
2024-10-16 03:01:20,740 - INFO - Mean validation VGG loss: 0.0
2024-10-16 03:01:21,677 - INFO - Epoch 15
-------------------------------
2024-10-16 03:01:21,677 - INFO - Learning Rate of group 0: 0.00019513012337136785
2024-10-16 03:01:21,677 - INFO - Learning Rate of group 1: 9.757729755661012e-05
2024-10-16 03:42:14,068 - INFO - Maximum gradient before clipping: 5.517076015472412
2024-10-16 03:42:14,068 - INFO - Minimum gradient before clipping: -8.683920860290527
2024-10-16 03:42:14,069 - INFO - Mean training L1 loss: 0.024676632407985687
2024-10-16 03:42:14,069 - INFO - Mean training SSIM loss: 0.8017523369994537
2024-10-16 03:42:14,069 - INFO - Mean training MSE loss: 0.0
2024-10-16 03:42:14,069 - INFO - Mean training VGG loss: 0.0
2024-10-16 03:45:36,609 - INFO - Mean validation L1 loss: 0.02349154874807018
2024-10-16 03:45:36,609 - INFO - Mean validation SSIM loss: 0.7821127206186785
2024-10-16 03:45:36,610 - INFO - Mean validation MSE loss: 0.0
2024-10-16 03:45:36,610 - INFO - Mean validation VGG loss: 0.0
2024-10-16 03:45:37,567 - INFO - New best validation Loss 0.02349154874807018, at epoch 15
2024-10-16 03:45:38,503 - INFO - Epoch 16
-------------------------------
2024-10-16 03:45:38,503 - INFO - Learning Rate of group 0: 0.00019399941576819793
2024-10-16 03:45:38,503 - INFO - Learning Rate of group 1: 9.701478472890248e-05
2024-10-16 04:26:32,575 - INFO - Maximum gradient before clipping: 4.380823612213135
2024-10-16 04:26:32,576 - INFO - Minimum gradient before clipping: -5.06507682800293
2024-10-16 04:26:32,577 - INFO - Mean training L1 loss: 0.024415041220700425
2024-10-16 04:26:32,577 - INFO - Mean training SSIM loss: 0.7975788069339738
2024-10-16 04:26:32,577 - INFO - Mean training MSE loss: 0.0
2024-10-16 04:26:32,577 - INFO - Mean training VGG loss: 0.0
2024-10-16 04:29:55,113 - INFO - Mean validation L1 loss: 0.023209311631835226
2024-10-16 04:29:55,114 - INFO - Mean validation SSIM loss: 0.7799865825718462
2024-10-16 04:29:55,114 - INFO - Mean validation MSE loss: 0.0
2024-10-16 04:29:55,114 - INFO - Mean validation VGG loss: 0.0
2024-10-16 04:29:56,132 - INFO - New best validation Loss 0.023209311631835226, at epoch 16
2024-10-16 04:29:57,485 - INFO - Epoch 17
-------------------------------
2024-10-16 04:29:57,485 - INFO - Learning Rate of group 0: 0.00019275479352939538
2024-10-16 04:29:57,485 - INFO - Learning Rate of group 1: 9.639560080105599e-05
2024-10-16 05:10:50,004 - INFO - Maximum gradient before clipping: 4.698876857757568
2024-10-16 05:10:50,004 - INFO - Minimum gradient before clipping: -5.937056541442871
2024-10-16 05:10:50,005 - INFO - Mean training L1 loss: 0.02415595689359219
2024-10-16 05:10:50,005 - INFO - Mean training SSIM loss: 0.7926818019722556
2024-10-16 05:10:50,005 - INFO - Mean training MSE loss: 0.0
2024-10-16 05:10:50,005 - INFO - Mean training VGG loss: 0.0
2024-10-16 05:14:12,126 - INFO - Mean validation L1 loss: 0.023449932841777203
2024-10-16 05:14:12,126 - INFO - Mean validation SSIM loss: 0.7779070217673196
2024-10-16 05:14:12,126 - INFO - Mean validation MSE loss: 0.0
2024-10-16 05:14:12,126 - INFO - Mean validation VGG loss: 0.0
2024-10-16 05:14:13,074 - INFO - Epoch 18
-------------------------------
2024-10-16 05:14:13,074 - INFO - Learning Rate of group 0: 0.0001913977730354388
2024-10-16 05:14:13,074 - INFO - Learning Rate of group 1: 9.572050015330875e-05
2024-10-16 05:55:07,808 - INFO - Maximum gradient before clipping: 5.5174336433410645
2024-10-16 05:55:07,808 - INFO - Minimum gradient before clipping: -7.153880596160889
2024-10-16 05:55:07,809 - INFO - Mean training L1 loss: 0.023903682986870314
2024-10-16 05:55:07,809 - INFO - Mean training SSIM loss: 0.7895625949853238
2024-10-16 05:55:07,809 - INFO - Mean training MSE loss: 0.0
2024-10-16 05:55:07,809 - INFO - Mean training VGG loss: 0.0
2024-10-16 05:58:29,984 - INFO - Mean validation L1 loss: 0.022763995821260687
2024-10-16 05:58:29,984 - INFO - Mean validation SSIM loss: 0.7702620830822948
2024-10-16 05:58:29,984 - INFO - Mean validation MSE loss: 0.0
2024-10-16 05:58:29,984 - INFO - Mean validation VGG loss: 0.0
2024-10-16 05:58:30,923 - INFO - New best validation Loss 0.022763995821260687, at epoch 18
2024-10-16 05:58:31,845 - INFO - Epoch 19
-------------------------------
2024-10-16 05:58:31,845 - INFO - Learning Rate of group 0: 0.00018993000760676712
2024-10-16 05:58:31,845 - INFO - Learning Rate of group 1: 9.499030529180878e-05
2024-10-16 06:39:23,792 - INFO - Maximum gradient before clipping: 4.954982280731201
2024-10-16 06:39:23,793 - INFO - Minimum gradient before clipping: -6.565112113952637
2024-10-16 06:39:23,793 - INFO - Mean training L1 loss: 0.023755573871690003
2024-10-16 06:39:23,794 - INFO - Mean training SSIM loss: 0.7862951316528368
2024-10-16 06:39:23,794 - INFO - Mean training MSE loss: 0.0
2024-10-16 06:39:23,794 - INFO - Mean training VGG loss: 0.0
2024-10-16 06:42:46,023 - INFO - Mean validation L1 loss: 0.02270357875172111
2024-10-16 06:42:46,024 - INFO - Mean validation SSIM loss: 0.7705641409824524
2024-10-16 06:42:46,024 - INFO - Mean validation MSE loss: 0.0
2024-10-16 06:42:46,024 - INFO - Mean validation VGG loss: 0.0
2024-10-16 06:42:46,975 - INFO - New best validation Loss 0.02270357875172111, at epoch 19
2024-10-16 06:42:47,927 - INFO - Epoch 20
-------------------------------
2024-10-16 06:42:47,927 - INFO - Learning Rate of group 0: 0.00018835328548946325
2024-10-16 06:42:47,927 - INFO - Learning Rate of group 1: 9.42059058465169e-05
2024-10-16 07:23:42,160 - INFO - Maximum gradient before clipping: 4.7126617431640625
2024-10-16 07:23:42,161 - INFO - Minimum gradient before clipping: -5.29569673538208
2024-10-16 07:23:42,162 - INFO - Mean training L1 loss: 0.02356590871866255
2024-10-16 07:23:42,162 - INFO - Mean training SSIM loss: 0.7825216907230395
2024-10-16 07:23:42,162 - INFO - Mean training MSE loss: 0.0
2024-10-16 07:23:42,162 - INFO - Mean training VGG loss: 0.0
2024-10-16 07:29:30,326 - INFO - Validation split Earthnet Score on epoch 20
2024-10-16 07:35:44,427 - INFO - MAD: 0.24635089929042286, OLS: 0.32661652399685737, EMD: 0.2452091228798842, SSIM: 0.23219902087134317, ENS: 0.25796887846986444
2024-10-16 07:35:44,545 - INFO - Mean validation L1 loss: 0.023529440602194206
2024-10-16 07:35:44,545 - INFO - Mean validation SSIM loss: 0.7777735819186654
2024-10-16 07:35:44,545 - INFO - Mean validation MSE loss: 0.0
2024-10-16 07:35:44,545 - INFO - Mean validation VGG loss: 0.0
2024-10-16 07:35:45,486 - INFO - New best Earthnet Score 0.25796887846986444, at epoch 20
2024-10-16 07:35:46,412 - INFO - Epoch 21
-------------------------------
2024-10-16 07:35:46,412 - INFO - Learning Rate of group 0: 0.0001866695276765517
2024-10-16 07:35:46,412 - INFO - Learning Rate of group 1: 9.336825748732975e-05
2024-10-16 08:16:38,490 - INFO - Maximum gradient before clipping: 5.125097274780273
2024-10-16 08:16:38,491 - INFO - Minimum gradient before clipping: -6.658443927764893
2024-10-16 08:16:38,492 - INFO - Mean training L1 loss: 0.02337179006482831
2024-10-16 08:16:38,492 - INFO - Mean training SSIM loss: 0.7792452380578421
2024-10-16 08:16:38,492 - INFO - Mean training MSE loss: 0.0
2024-10-16 08:16:38,492 - INFO - Mean training VGG loss: 0.0
2024-10-16 08:20:01,689 - INFO - Mean validation L1 loss: 0.022302571462971908
2024-10-16 08:20:01,689 - INFO - Mean validation SSIM loss: 0.7602419715661269
2024-10-16 08:20:01,689 - INFO - Mean validation MSE loss: 0.0
2024-10-16 08:20:01,690 - INFO - Mean validation VGG loss: 0.0
2024-10-16 08:20:02,633 - INFO - New best validation Loss 0.022302571462971908, at epoch 21
2024-10-16 08:20:03,562 - INFO - Epoch 22
-------------------------------
2024-10-16 08:20:03,562 - INFO - Learning Rate of group 0: 0.0001848807855675644
2024-10-16 08:20:03,562 - INFO - Learning Rate of group 1: 9.24783807597431e-05
2024-10-16 09:00:57,486 - INFO - Maximum gradient before clipping: 4.461233615875244
2024-10-16 09:00:57,487 - INFO - Minimum gradient before clipping: -7.935211181640625
2024-10-16 09:00:57,488 - INFO - Mean training L1 loss: 0.02309462365732127
2024-10-16 09:00:57,488 - INFO - Mean training SSIM loss: 0.7746600818554261
2024-10-16 09:00:57,488 - INFO - Mean training MSE loss: 0.0
2024-10-16 09:00:57,488 - INFO - Mean training VGG loss: 0.0
2024-10-16 09:04:20,270 - INFO - Mean validation L1 loss: 0.023019593800838577
2024-10-16 09:04:20,271 - INFO - Mean validation SSIM loss: 0.7719766806599289
2024-10-16 09:04:20,271 - INFO - Mean validation MSE loss: 0.0
2024-10-16 09:04:20,271 - INFO - Mean validation VGG loss: 0.0
2024-10-16 09:04:21,207 - INFO - Epoch 23
-------------------------------
2024-10-16 09:04:21,207 - INFO - Learning Rate of group 0: 0.00018298923846922667
2024-10-16 09:04:21,208 - INFO - Learning Rate of group 1: 9.153735984147458e-05
2024-10-16 09:45:15,895 - INFO - Maximum gradient before clipping: 4.938052177429199
2024-10-16 09:45:15,895 - INFO - Minimum gradient before clipping: -5.287687301635742
2024-10-16 09:45:15,896 - INFO - Mean training L1 loss: 0.023004874187809485
2024-10-16 09:45:15,896 - INFO - Mean training SSIM loss: 0.772659188356922
2024-10-16 09:45:15,896 - INFO - Mean training MSE loss: 0.0
2024-10-16 09:45:15,896 - INFO - Mean training VGG loss: 0.0
2024-10-16 09:48:39,382 - INFO - Mean validation L1 loss: 0.021738145648374108
2024-10-16 09:48:39,383 - INFO - Mean validation SSIM loss: 0.751133052700738
2024-10-16 09:48:39,383 - INFO - Mean validation MSE loss: 0.0
2024-10-16 09:48:39,383 - INFO - Mean validation VGG loss: 0.0
2024-10-16 09:48:40,319 - INFO - New best validation Loss 0.021738145648374108, at epoch 23
2024-10-16 09:48:41,248 - INFO - Epoch 24
-------------------------------
2024-10-16 09:48:41,248 - INFO - Learning Rate of group 0: 0.0001809971909403073
2024-10-16 09:48:41,248 - INFO - Learning Rate of group 1: 9.054634122155993e-05
2024-10-16 10:29:34,121 - INFO - Maximum gradient before clipping: 5.071778774261475
2024-10-16 10:29:34,122 - INFO - Minimum gradient before clipping: -6.7265424728393555
2024-10-16 10:29:34,123 - INFO - Mean training L1 loss: 0.022870125522075936
2024-10-16 10:29:34,123 - INFO - Mean training SSIM loss: 0.7696375779056589
2024-10-16 10:29:34,123 - INFO - Mean training MSE loss: 0.0
2024-10-16 10:29:34,123 - INFO - Mean training VGG loss: 0.0
2024-10-16 10:32:56,128 - INFO - Mean validation L1 loss: 0.021765343304474317
2024-10-16 10:32:56,129 - INFO - Mean validation SSIM loss: 0.7479100542323646
2024-10-16 10:32:56,129 - INFO - Mean validation MSE loss: 0.0
2024-10-16 10:32:56,129 - INFO - Mean validation VGG loss: 0.0
2024-10-16 10:32:57,059 - INFO - Epoch 25
-------------------------------
2024-10-16 10:32:57,059 - INFO - Learning Rate of group 0: 0.0001789070699838689
2024-10-16 10:32:57,059 - INFO - Learning Rate of group 1: 8.950653230353277e-05
2024-10-16 11:13:49,290 - INFO - Maximum gradient before clipping: 5.55130672454834
2024-10-16 11:13:49,291 - INFO - Minimum gradient before clipping: -7.10183572769165
2024-10-16 11:13:49,292 - INFO - Mean training L1 loss: 0.022719472389245994
2024-10-16 11:13:49,292 - INFO - Mean training SSIM loss: 0.7673038697452138
2024-10-16 11:13:49,292 - INFO - Mean training MSE loss: 0.0
2024-10-16 11:13:49,292 - INFO - Mean training VGG loss: 0.0
2024-10-16 11:17:11,129 - INFO - Mean validation L1 loss: 0.02162614513973528
2024-10-16 11:17:11,130 - INFO - Mean validation SSIM loss: 0.7476593997566198
2024-10-16 11:17:11,130 - INFO - Mean validation MSE loss: 0.0
2024-10-16 11:17:11,130 - INFO - Mean validation VGG loss: 0.0
2024-10-16 11:17:12,078 - INFO - New best validation Loss 0.02162614513973528, at epoch 25
2024-10-16 11:17:13,000 - INFO - Epoch 26
-------------------------------
2024-10-16 11:17:13,000 - INFO - Learning Rate of group 0: 0.00017672142209033834
2024-10-16 11:17:13,000 - INFO - Learning Rate of group 1: 8.841919993438943e-05
2024-10-16 11:58:04,488 - INFO - Maximum gradient before clipping: 5.524642467498779
2024-10-16 11:58:04,488 - INFO - Minimum gradient before clipping: -7.068155765533447
2024-10-16 11:58:04,489 - INFO - Mean training L1 loss: 0.022604814239020804
2024-10-16 11:58:04,489 - INFO - Mean training SSIM loss: 0.7650085671682928
2024-10-16 11:58:04,489 - INFO - Mean training MSE loss: 0.0
2024-10-16 11:58:04,489 - INFO - Mean training VGG loss: 0.0
2024-10-16 12:01:27,402 - INFO - Mean validation L1 loss: 0.021437360884864694
2024-10-16 12:01:27,403 - INFO - Mean validation SSIM loss: 0.741981122306358
2024-10-16 12:01:27,403 - INFO - Mean validation MSE loss: 0.0
2024-10-16 12:01:27,403 - INFO - Mean validation VGG loss: 0.0
2024-10-16 12:01:28,331 - INFO - New best validation Loss 0.021437360884864694, at epoch 26
2024-10-16 12:01:29,262 - INFO - Epoch 27
-------------------------------
2024-10-16 12:01:29,262 - INFO - Learning Rate of group 0: 0.00017444291013500075
2024-10-16 12:01:29,262 - INFO - Learning Rate of group 1: 8.728566886113103e-05
2024-10-16 12:42:21,430 - INFO - Maximum gradient before clipping: 5.65238094329834
2024-10-16 12:42:21,430 - INFO - Minimum gradient before clipping: -5.705624580383301
2024-10-16 12:42:21,431 - INFO - Mean training L1 loss: 0.0224490305428311
2024-10-16 12:42:21,431 - INFO - Mean training SSIM loss: 0.7624865502854462
2024-10-16 12:42:21,431 - INFO - Mean training MSE loss: 0.0
2024-10-16 12:42:21,431 - INFO - Mean training VGG loss: 0.0
2024-10-16 12:45:43,671 - INFO - Mean validation L1 loss: 0.021642121022261904
2024-10-16 12:45:43,672 - INFO - Mean validation SSIM loss: 0.7489956110018153
2024-10-16 12:45:43,672 - INFO - Mean validation MSE loss: 0.0
2024-10-16 12:45:43,672 - INFO - Mean validation VGG loss: 0.0
2024-10-16 12:45:44,597 - INFO - Epoch 28
-------------------------------
2024-10-16 12:45:44,597 - INFO - Learning Rate of group 0: 0.0001720743101336958
2024-10-16 12:45:44,597 - INFO - Learning Rate of group 1: 8.610732011676325e-05
2024-10-16 13:26:37,516 - INFO - Maximum gradient before clipping: 5.726161479949951
2024-10-16 13:26:37,516 - INFO - Minimum gradient before clipping: -6.381752967834473
2024-10-16 13:26:37,517 - INFO - Mean training L1 loss: 0.022369596691952497
2024-10-16 13:26:37,517 - INFO - Mean training SSIM loss: 0.7598689825701345
2024-10-16 13:26:37,517 - INFO - Mean training MSE loss: 0.0
2024-10-16 13:26:37,517 - INFO - Mean training VGG loss: 0.0
2024-10-16 13:30:00,903 - INFO - Mean validation L1 loss: 0.021413234741517333
2024-10-16 13:30:00,903 - INFO - Mean validation SSIM loss: 0.7418497063244466
2024-10-16 13:30:00,903 - INFO - Mean validation MSE loss: 0.0
2024-10-16 13:30:00,903 - INFO - Mean validation VGG loss: 0.0
2024-10-16 13:30:01,835 - INFO - New best validation Loss 0.021413234741517333, at epoch 28
2024-10-16 13:30:02,771 - INFO - Epoch 29
-------------------------------
2024-10-16 13:30:02,771 - INFO - Learning Rate of group 0: 0.00016961850786067025
2024-10-16 13:30:02,771 - INFO - Learning Rate of group 1: 8.488558933772039e-05
2024-10-16 14:10:55,095 - INFO - Maximum gradient before clipping: 6.308387756347656
2024-10-16 14:10:55,096 - INFO - Minimum gradient before clipping: -5.258454322814941
2024-10-16 14:10:55,096 - INFO - Mean training L1 loss: 0.022176157064589433
2024-10-16 14:10:55,097 - INFO - Mean training SSIM loss: 0.7571055471074476
2024-10-16 14:10:55,097 - INFO - Mean training MSE loss: 0.0
2024-10-16 14:10:55,097 - INFO - Mean training VGG loss: 0.0
2024-10-16 14:14:17,247 - INFO - Mean validation L1 loss: 0.021170857661469127
2024-10-16 14:14:17,247 - INFO - Mean validation SSIM loss: 0.738077373608299
2024-10-16 14:14:17,247 - INFO - Mean validation MSE loss: 0.0
2024-10-16 14:14:17,247 - INFO - Mean validation VGG loss: 0.0
2024-10-16 14:14:18,172 - INFO - New best validation Loss 0.021170857661469127, at epoch 29
2024-10-16 14:14:19,137 - INFO - Epoch 30
-------------------------------
2024-10-16 14:14:19,137 - INFO - Learning Rate of group 0: 0.0001670784953327064
2024-10-16 14:14:19,138 - INFO - Learning Rate of group 1: 8.362196501476351e-05
2024-10-16 14:55:09,976 - INFO - Maximum gradient before clipping: 6.074690818786621
2024-10-16 14:55:09,977 - INFO - Minimum gradient before clipping: -6.465414047241211
2024-10-16 14:55:09,978 - INFO - Mean training L1 loss: 0.022101687205100796
2024-10-16 14:55:09,978 - INFO - Mean training SSIM loss: 0.7555429201552879
2024-10-16 14:55:09,978 - INFO - Mean training MSE loss: 0.0
2024-10-16 14:55:09,978 - INFO - Mean training VGG loss: 0.0
2024-10-16 15:01:01,170 - INFO - Validation split Earthnet Score on epoch 30
2024-10-16 15:07:28,913 - INFO - MAD: 0.25557808494472006, OLS: 0.3361282826351095, EMD: 0.24941614386686162, SSIM: 0.27383170819879116, ENS: 0.27493309423686285
2024-10-16 15:07:28,997 - INFO - Mean validation L1 loss: 0.021096236371500637
2024-10-16 15:07:28,997 - INFO - Mean validation SSIM loss: 0.7334916046431232
2024-10-16 15:07:28,997 - INFO - Mean validation MSE loss: 0.0
2024-10-16 15:07:28,998 - INFO - Mean validation VGG loss: 0.0
2024-10-16 15:07:29,923 - INFO - New best validation Loss 0.021096236371500637, at epoch 30
2024-10-16 15:07:30,831 - INFO - New best Earthnet Score 0.27493309423686285, at epoch 30
2024-10-16 15:07:31,753 - INFO - Epoch 31
-------------------------------
2024-10-16 15:07:31,754 - INFO - Learning Rate of group 0: 0.00016445736716381068
2024-10-16 15:07:31,754 - INFO - Learning Rate of group 1: 8.231798667948373e-05
2024-10-16 15:48:22,017 - INFO - Maximum gradient before clipping: 5.363116264343262
2024-10-16 15:48:22,017 - INFO - Minimum gradient before clipping: -6.088530540466309
2024-10-16 15:48:22,018 - INFO - Mean training L1 loss: 0.021981732972006778
2024-10-16 15:48:22,018 - INFO - Mean training SSIM loss: 0.7527771213223176
2024-10-16 15:48:22,018 - INFO - Mean training MSE loss: 0.0
2024-10-16 15:48:22,018 - INFO - Mean training VGG loss: 0.0
2024-10-16 15:51:43,980 - INFO - Mean validation L1 loss: 0.020889872627451168
2024-10-16 15:51:43,981 - INFO - Mean validation SSIM loss: 0.7298297516278998
2024-10-16 15:51:43,981 - INFO - Mean validation MSE loss: 0.0
2024-10-16 15:51:43,981 - INFO - Mean validation VGG loss: 0.0
2024-10-16 15:51:44,915 - INFO - New best validation Loss 0.020889872627451168, at epoch 31
2024-10-16 15:51:45,838 - INFO - Epoch 32
-------------------------------
2024-10-16 15:51:45,838 - INFO - Learning Rate of group 0: 0.00016175831679490302
2024-10-16 15:51:45,838 - INFO - Learning Rate of group 1: 8.097524302862011e-05
2024-10-16 16:32:37,906 - INFO - Maximum gradient before clipping: 4.333023548126221
2024-10-16 16:32:37,907 - INFO - Minimum gradient before clipping: -4.956709861755371
2024-10-16 16:32:37,907 - INFO - Mean training L1 loss: 0.02192120377826596
2024-10-16 16:32:37,908 - INFO - Mean training SSIM loss: 0.751722118212358
2024-10-16 16:32:37,908 - INFO - Mean training MSE loss: 0.0
2024-10-16 16:32:37,908 - INFO - Mean training VGG loss: 0.0
