2024-08-20 23:35:20,034 - INFO - NOTE: None
2024-08-20 23:35:20,036 - INFO - Torch, random, numpy seed: 88
2024-08-20 23:35:21,179 - INFO - Starting training from from epoch 0
2024-08-20 23:35:30,315 - INFO - Epoch 1
-------------------------------
2024-08-20 23:35:30,316 - INFO - Learning Rate of group 0: 0.0
2024-08-20 23:37:15,090 - INFO - Maximum gradient before clipping: 2.3827738761901855
2024-08-20 23:37:15,091 - INFO - Minimum gradient before clipping: -1.6516534090042114
2024-08-20 23:37:15,092 - INFO - Mean training L1 loss: 0.1563243253529072
2024-08-20 23:37:15,092 - INFO - Mean training SSIM loss: 0.003665436845185468
2024-08-20 23:37:15,092 - INFO - Mean training MSE loss: 0.02944642327725887
2024-08-20 23:37:25,540 - INFO - Mean validation L1 loss: 0.15718948662281038
2024-08-20 23:37:25,540 - INFO - Mean validation SSIM loss: 0.003302477796096355
2024-08-20 23:37:25,540 - INFO - Mean validation MSE loss: 0.029502641782164572
2024-08-20 23:37:27,418 - INFO - New best validation Loss 0.15718948662281038, at epoch 1
2024-08-20 23:37:27,424 - INFO - Epoch 2
-------------------------------
2024-08-20 23:37:27,424 - INFO - Learning Rate of group 0: 3.198948553300251e-05
2024-08-20 23:39:10,170 - INFO - Maximum gradient before clipping: 2.1839492321014404
2024-08-20 23:39:10,170 - INFO - Minimum gradient before clipping: -3.4238641262054443
2024-08-20 23:39:10,171 - INFO - Mean training L1 loss: 0.05651862882077694
2024-08-20 23:39:10,171 - INFO - Mean training SSIM loss: 0.00012814681063209489
2024-08-20 23:39:10,171 - INFO - Mean training MSE loss: 0.005689961020834744
2024-08-20 23:39:20,922 - INFO - Mean validation L1 loss: 0.046503206342458726
2024-08-20 23:39:20,922 - INFO - Mean validation SSIM loss: 3.6043868043122987e-07
2024-08-20 23:39:20,922 - INFO - Mean validation MSE loss: 0.004021422043442726
2024-08-20 23:39:22,854 - INFO - New best validation Loss 0.046503206342458726, at epoch 2
2024-08-20 23:39:22,857 - INFO - Epoch 3
-------------------------------
2024-08-20 23:39:22,858 - INFO - Learning Rate of group 0: 6.397897106600502e-05
2024-08-20 23:41:06,292 - INFO - Maximum gradient before clipping: 1.93709135055542
2024-08-20 23:41:06,293 - INFO - Minimum gradient before clipping: -2.602705955505371
2024-08-20 23:41:06,294 - INFO - Mean training L1 loss: 0.04871289696544409
2024-08-20 23:41:06,294 - INFO - Mean training SSIM loss: 1.3200767207011132e-06
2024-08-20 23:41:06,294 - INFO - Mean training MSE loss: 0.0044067150051705535
2024-08-20 23:41:17,247 - INFO - Mean validation L1 loss: 0.046873968988657
2024-08-20 23:41:17,248 - INFO - Mean validation SSIM loss: 5.025808751168981e-07
2024-08-20 23:41:17,248 - INFO - Mean validation MSE loss: 0.0038187995087355375
2024-08-20 23:41:17,251 - INFO - Epoch 4
-------------------------------
2024-08-20 23:41:17,251 - INFO - Learning Rate of group 0: 9.596845659900753e-05
2024-08-20 23:43:00,030 - INFO - Maximum gradient before clipping: 1.963922381401062
2024-08-20 23:43:00,031 - INFO - Minimum gradient before clipping: -2.6022706031799316
2024-08-20 23:43:00,032 - INFO - Mean training L1 loss: 0.04634930819272995
2024-08-20 23:43:00,032 - INFO - Mean training SSIM loss: 2.2766284886044376e-06
2024-08-20 23:43:00,032 - INFO - Mean training MSE loss: 0.0040331792365759615
2024-08-20 23:43:10,896 - INFO - Mean validation L1 loss: 0.04287452071905136
2024-08-20 23:43:10,896 - INFO - Mean validation SSIM loss: 1.4146838054784893e-07
2024-08-20 23:43:10,896 - INFO - Mean validation MSE loss: 0.0033139936812222005
2024-08-20 23:43:12,789 - INFO - New best validation Loss 0.04287452071905136, at epoch 4
