2024-08-21 13:01:42,491 - INFO - NOTE: None
2024-08-21 13:01:42,494 - INFO - Torch, random, numpy seed: 88
2024-08-21 13:01:43,390 - INFO - Starting training from from epoch 0
2024-08-21 13:01:52,155 - INFO - Epoch 1
-------------------------------
2024-08-21 13:01:52,155 - INFO - Learning Rate of group 0: 0.0
2024-08-21 13:03:24,691 - INFO - Maximum gradient before clipping: 0.7617597579956055
2024-08-21 13:03:24,692 - INFO - Minimum gradient before clipping: -0.2573532462120056
2024-08-21 13:03:24,693 - INFO - Mean training L1 loss: 0.15365840569138528
2024-08-21 13:03:24,693 - INFO - Mean training SSIM loss: 0.0029157457625842652
2024-08-21 13:03:24,693 - INFO - Mean training MSE loss: 0.02867220971733332
2024-08-21 13:03:34,578 - INFO - Mean validation L1 loss: 0.15184679716825486
2024-08-21 13:03:34,578 - INFO - Mean validation SSIM loss: 0.0025738857648684643
2024-08-21 13:03:34,578 - INFO - Mean validation MSE loss: 0.028253238722681998
2024-08-21 13:03:36,454 - INFO - New best validation Loss 0.15184679716825486, at epoch 1
2024-08-21 13:03:36,461 - INFO - Epoch 2
-------------------------------
2024-08-21 13:03:36,461 - INFO - Learning Rate of group 0: 3.7442686655061225e-05
2024-08-21 13:05:07,386 - INFO - Maximum gradient before clipping: 0.7092577219009399
2024-08-21 13:05:07,387 - INFO - Minimum gradient before clipping: -0.9232215285301208
2024-08-21 13:05:07,387 - INFO - Mean training L1 loss: 0.05462843906134367
2024-08-21 13:05:07,387 - INFO - Mean training SSIM loss: 0.00018146635997110306
2024-08-21 13:05:07,387 - INFO - Mean training MSE loss: 0.005405584976542741
2024-08-21 13:05:17,546 - INFO - Mean validation L1 loss: 0.04780624970793724
2024-08-21 13:05:17,546 - INFO - Mean validation SSIM loss: 6.768404955082019e-07
2024-08-21 13:05:17,546 - INFO - Mean validation MSE loss: 0.004364625904709101
2024-08-21 13:05:19,415 - INFO - New best validation Loss 0.04780624970793724, at epoch 2
2024-08-21 13:05:19,418 - INFO - Epoch 3
-------------------------------
2024-08-21 13:05:19,418 - INFO - Learning Rate of group 0: 7.488537331012245e-05
2024-08-21 13:06:49,120 - INFO - Maximum gradient before clipping: 0.6017565131187439
2024-08-21 13:06:49,121 - INFO - Minimum gradient before clipping: -0.8675141334533691
2024-08-21 13:06:49,121 - INFO - Mean training L1 loss: 0.04728600684553385
2024-08-21 13:06:49,121 - INFO - Mean training SSIM loss: 1.2373824124167766e-06
2024-08-21 13:06:49,121 - INFO - Mean training MSE loss: 0.004220130217727274
2024-08-21 13:06:58,616 - INFO - Mean validation L1 loss: 0.04614051893353462
2024-08-21 13:06:58,616 - INFO - Mean validation SSIM loss: 1.3515239524863887e-07
2024-08-21 13:06:58,616 - INFO - Mean validation MSE loss: 0.004005089933052659
2024-08-21 13:07:00,486 - INFO - New best validation Loss 0.04614051893353462, at epoch 3
2024-08-21 13:07:00,490 - INFO - Epoch 4
-------------------------------
2024-08-21 13:07:00,490 - INFO - Learning Rate of group 0: 0.00011232805996518366
2024-08-21 13:08:30,260 - INFO - Maximum gradient before clipping: 0.6260362863540649
2024-08-21 13:08:30,261 - INFO - Minimum gradient before clipping: -0.7300910949707031
2024-08-21 13:08:30,261 - INFO - Mean training L1 loss: 0.044443861357867716
2024-08-21 13:08:30,261 - INFO - Mean training SSIM loss: 6.298888901645761e-07
2024-08-21 13:08:30,261 - INFO - Mean training MSE loss: 0.0037707202020101247
2024-08-21 13:08:39,814 - INFO - Mean validation L1 loss: 0.04396911025047302
2024-08-21 13:08:39,814 - INFO - Mean validation SSIM loss: 2.2362526606478638e-07
2024-08-21 13:08:39,814 - INFO - Mean validation MSE loss: 0.003677409878000617
2024-08-21 13:08:41,678 - INFO - New best validation Loss 0.04396911025047302, at epoch 4
