2024-08-21 11:38:50,003 - INFO - NOTE: None
2024-08-21 11:38:50,006 - INFO - Torch, random, numpy seed: 88
2024-08-21 11:38:50,780 - INFO - Starting training from from epoch 0
2024-08-21 11:38:59,215 - INFO - Epoch 1
-------------------------------
2024-08-21 11:38:59,215 - INFO - Learning Rate of group 0: 0.0
2024-08-21 11:40:32,661 - INFO - Maximum gradient before clipping: 3.8299756050109863
2024-08-21 11:40:32,661 - INFO - Minimum gradient before clipping: -0.9598712921142578
2024-08-21 11:40:32,663 - INFO - Mean training L1 loss: 0.15292397938668728
2024-08-21 11:40:32,663 - INFO - Mean training SSIM loss: 0.001895685313938884
2024-08-21 11:40:32,663 - INFO - Mean training MSE loss: 0.030989426784217358
2024-08-21 11:40:42,512 - INFO - Mean validation L1 loss: 0.1482775938510895
2024-08-21 11:40:42,512 - INFO - Mean validation SSIM loss: 0.0017758286825846881
2024-08-21 11:40:42,512 - INFO - Mean validation MSE loss: 0.02871739260852337
2024-08-21 11:40:44,448 - INFO - New best validation Loss 0.1482775938510895, at epoch 1
2024-08-21 11:40:44,454 - INFO - Epoch 2
-------------------------------
2024-08-21 11:40:44,454 - INFO - Learning Rate of group 0: 2.166396080195362e-05
2024-08-21 11:42:17,436 - INFO - Maximum gradient before clipping: 7.116634368896484
2024-08-21 11:42:17,488 - INFO - Minimum gradient before clipping: -7.661164283752441
2024-08-21 11:42:17,489 - INFO - Mean training L1 loss: 0.06078445121645928
2024-08-21 11:42:17,489 - INFO - Mean training SSIM loss: 0.0008207867816170001
2024-08-21 11:42:17,489 - INFO - Mean training MSE loss: 0.007610556746367365
2024-08-21 11:42:28,023 - INFO - Mean validation L1 loss: 0.04657339453697205
2024-08-21 11:42:28,023 - INFO - Mean validation SSIM loss: 1.7709260127674043e-07
2024-08-21 11:42:28,023 - INFO - Mean validation MSE loss: 0.004251448605209589
2024-08-21 11:42:29,904 - INFO - New best validation Loss 0.04657339453697205, at epoch 2
2024-08-21 11:42:29,907 - INFO - Epoch 3
-------------------------------
2024-08-21 11:42:29,908 - INFO - Learning Rate of group 0: 4.332792160390724e-05
2024-08-21 11:44:02,378 - INFO - Maximum gradient before clipping: 4.830411434173584
2024-08-21 11:44:02,378 - INFO - Minimum gradient before clipping: -6.886944770812988
2024-08-21 11:44:02,379 - INFO - Mean training L1 loss: 0.04588648274540901
2024-08-21 11:44:02,379 - INFO - Mean training SSIM loss: 7.753637004936919e-07
2024-08-21 11:44:02,379 - INFO - Mean training MSE loss: 0.004062560806050897
2024-08-21 11:44:12,105 - INFO - Mean validation L1 loss: 0.04609488770365715
2024-08-21 11:44:12,105 - INFO - Mean validation SSIM loss: 2.040023525762269e-07
2024-08-21 11:44:12,105 - INFO - Mean validation MSE loss: 0.004162696115672588
2024-08-21 11:44:13,981 - INFO - New best validation Loss 0.04609488770365715, at epoch 3
2024-08-21 11:44:13,984 - INFO - Epoch 4
-------------------------------
2024-08-21 11:44:13,984 - INFO - Learning Rate of group 0: 6.499188240586085e-05
2024-08-21 11:45:46,413 - INFO - Maximum gradient before clipping: 5.501309394836426
2024-08-21 11:45:46,413 - INFO - Minimum gradient before clipping: -5.698230266571045
2024-08-21 11:45:46,414 - INFO - Mean training L1 loss: 0.045786489322781565
2024-08-21 11:45:46,414 - INFO - Mean training SSIM loss: 8.501692961546126e-07
2024-08-21 11:45:46,414 - INFO - Mean training MSE loss: 0.003985888049937785
2024-08-21 11:45:55,996 - INFO - Mean validation L1 loss: 0.04493670791387558
2024-08-21 11:45:55,996 - INFO - Mean validation SSIM loss: 3.689784161764464e-07
2024-08-21 11:45:55,996 - INFO - Mean validation MSE loss: 0.003984369216486812
2024-08-21 11:45:57,937 - INFO - New best validation Loss 0.04493670791387558, at epoch 4
