2024-08-20 13:06:22,932 - INFO - NOTE: None
2024-08-20 13:06:22,935 - INFO - Torch, random, numpy seed: 88
2024-08-20 13:06:24,035 - INFO - Starting training from from epoch 0
2024-08-20 13:06:32,218 - INFO - Epoch 1
-------------------------------
2024-08-20 13:06:32,218 - INFO - Learning Rate of group 0: 0.0
2024-08-20 13:08:22,711 - INFO - Maximum gradient before clipping: 0.7322208285331726
2024-08-20 13:08:22,711 - INFO - Minimum gradient before clipping: -0.17339397966861725
2024-08-20 13:08:22,713 - INFO - Mean training L1 loss: 0.24792133808135985
2024-08-20 13:08:22,713 - INFO - Mean training SSIM loss: 0.0
2024-08-20 13:08:22,713 - INFO - Mean training MSE loss: 0.09336013272404671
2024-08-20 13:08:34,298 - INFO - Mean validation L1 loss: 0.24806136906147003
2024-08-20 13:08:34,298 - INFO - Mean validation SSIM loss: 0.0
2024-08-20 13:08:34,298 - INFO - Mean validation MSE loss: 0.09381898105144501
2024-08-20 13:08:36,533 - INFO - New best validation Loss 0.24806136906147003, at epoch 1
2024-08-20 13:08:36,540 - INFO - Epoch 2
-------------------------------
2024-08-20 13:08:36,540 - INFO - Learning Rate of group 0: 9.228947310607657e-05
2024-08-20 13:10:25,082 - INFO - Maximum gradient before clipping: 1.259863018989563
2024-08-20 13:10:25,083 - INFO - Minimum gradient before clipping: -1.5170295238494873
2024-08-20 13:10:25,083 - INFO - Mean training L1 loss: 0.052929411064833405
2024-08-20 13:10:25,084 - INFO - Mean training SSIM loss: 0.0
2024-08-20 13:10:25,084 - INFO - Mean training MSE loss: 0.0073597883665934205
2024-08-20 13:10:36,547 - INFO - Mean validation L1 loss: 0.03829004630446434
2024-08-20 13:10:36,547 - INFO - Mean validation SSIM loss: 0.0
2024-08-20 13:10:36,547 - INFO - Mean validation MSE loss: 0.0025140779744833707
2024-08-20 13:10:38,535 - INFO - New best validation Loss 0.03829004630446434, at epoch 2
2024-08-20 13:10:38,539 - INFO - Epoch 3
-------------------------------
2024-08-20 13:10:38,539 - INFO - Learning Rate of group 0: 0.00018457894621215314
2024-08-20 13:12:27,190 - INFO - Maximum gradient before clipping: 0.7976133227348328
2024-08-20 13:12:27,190 - INFO - Minimum gradient before clipping: -0.9604105353355408
2024-08-20 13:12:27,191 - INFO - Mean training L1 loss: 0.033481847569346426
2024-08-20 13:12:27,191 - INFO - Mean training SSIM loss: 0.0
2024-08-20 13:12:27,191 - INFO - Mean training MSE loss: 0.002232495406642556
2024-08-20 13:12:38,426 - INFO - Mean validation L1 loss: 0.02924244649708271
2024-08-20 13:12:38,426 - INFO - Mean validation SSIM loss: 0.0
2024-08-20 13:12:38,426 - INFO - Mean validation MSE loss: 0.0017286233976483345
2024-08-20 13:12:40,410 - INFO - New best validation Loss 0.02924244649708271, at epoch 3
2024-08-20 13:12:40,414 - INFO - Epoch 4
-------------------------------
2024-08-20 13:12:40,414 - INFO - Learning Rate of group 0: 0.00027686841931822965
2024-08-20 13:14:28,711 - INFO - Maximum gradient before clipping: 0.8740225434303284
2024-08-20 13:14:28,711 - INFO - Minimum gradient before clipping: -0.9882270097732544
2024-08-20 13:14:28,712 - INFO - Mean training L1 loss: 0.03167336765676737
2024-08-20 13:14:28,712 - INFO - Mean training SSIM loss: 0.0
2024-08-20 13:14:28,712 - INFO - Mean training MSE loss: 0.002026256915414706
2024-08-20 13:14:39,907 - INFO - Mean validation L1 loss: 0.03279751166701317
2024-08-20 13:14:39,907 - INFO - Mean validation SSIM loss: 0.0
2024-08-20 13:14:39,907 - INFO - Mean validation MSE loss: 0.0021489444142207504
