2024-09-12 21:38:33,390 - INFO - NOTE: None
2024-09-12 21:38:33,392 - INFO - Torch, random, numpy seed: 88
2024-09-12 21:38:35,078 - INFO - Starting training from from epoch 1
2024-09-12 21:38:42,256 - INFO - Epoch 1
-------------------------------
2024-09-12 21:38:42,256 - INFO - Learning Rate of group 0: 0.0
2024-09-12 23:09:21,324 - INFO - Maximum gradient before clipping: 3.9015755653381348
2024-09-12 23:09:21,325 - INFO - Minimum gradient before clipping: -4.17609977722168
2024-09-12 23:09:21,326 - INFO - Mean training L1 loss: 0.18727815292062044
2024-09-12 23:09:21,326 - INFO - Mean training SSIM loss: 0.999890936537798
2024-09-12 23:09:21,326 - INFO - Mean training MSE loss: 0.045348814161613564
2024-09-12 23:09:21,326 - INFO - Mean training VGG loss: 5.3230681758403575
2024-09-12 23:17:20,712 - INFO - Mean validation L1 loss: 0.182561529245863
2024-09-12 23:17:20,713 - INFO - Mean validation SSIM loss: 0.9998740669476947
2024-09-12 23:17:20,713 - INFO - Mean validation MSE loss: 0.043341865214864946
2024-09-12 23:17:20,713 - INFO - Mean validation VGG loss: 5.32163654043523
2024-09-12 23:17:22,118 - INFO - New best validation Loss 0.182561529245863, at epoch 1
2024-09-12 23:17:22,119 - INFO - Epoch 2
-------------------------------
2024-09-12 23:17:22,119 - INFO - Learning Rate of group 0: 4e-05
2024-09-13 00:47:51,147 - INFO - Maximum gradient before clipping: 4.87168550491333
2024-09-13 00:47:51,147 - INFO - Minimum gradient before clipping: -4.399696350097656
2024-09-13 00:47:51,148 - INFO - Mean training L1 loss: 0.12614259922145452
2024-09-13 00:47:51,148 - INFO - Mean training SSIM loss: 0.999184618356187
2024-09-13 00:47:51,148 - INFO - Mean training MSE loss: 0.01979759542309667
2024-09-13 00:47:51,148 - INFO - Mean training VGG loss: 3.9577997640205296
2024-09-13 00:55:50,413 - INFO - Mean validation L1 loss: 0.1286105523415433
2024-09-13 00:55:50,413 - INFO - Mean validation SSIM loss: 0.9988778151796016
2024-09-13 00:55:50,413 - INFO - Mean validation MSE loss: 0.020320255782791605
2024-09-13 00:55:50,413 - INFO - Mean validation VGG loss: 3.690380599586461
2024-09-13 00:55:51,856 - INFO - New best validation Loss 0.1286105523415433, at epoch 2
2024-09-13 00:55:51,856 - INFO - Epoch 3
-------------------------------
2024-09-13 00:55:51,856 - INFO - Learning Rate of group 0: 8e-05
2024-09-13 02:26:19,177 - INFO - Maximum gradient before clipping: 4.753161907196045
2024-09-13 02:26:19,177 - INFO - Minimum gradient before clipping: -6.116222858428955
2024-09-13 02:26:19,178 - INFO - Mean training L1 loss: 0.1079866911316955
2024-09-13 02:26:19,178 - INFO - Mean training SSIM loss: 0.9822204639003248
2024-09-13 02:26:19,178 - INFO - Mean training MSE loss: 0.016486789447706096
2024-09-13 02:26:19,178 - INFO - Mean training VGG loss: 3.53533952199281
2024-09-13 02:34:18,592 - INFO - Mean validation L1 loss: 0.030485676965959694
2024-09-13 02:34:18,593 - INFO - Mean validation SSIM loss: 0.8831571738257455
2024-09-13 02:34:18,593 - INFO - Mean validation MSE loss: 0.0021938137545789217
2024-09-13 02:34:18,593 - INFO - Mean validation VGG loss: 3.1207602123751688
2024-09-13 02:34:20,034 - INFO - New best validation Loss 0.030485676965959694, at epoch 3
2024-09-13 02:34:20,035 - INFO - Epoch 4
-------------------------------
2024-09-13 02:34:20,035 - INFO - Learning Rate of group 0: 0.00012
2024-09-13 04:04:59,425 - INFO - Maximum gradient before clipping: 5.29334831237793
2024-09-13 04:04:59,425 - INFO - Minimum gradient before clipping: -7.133645057678223
2024-09-13 04:04:59,426 - INFO - Mean training L1 loss: 0.030675446853004256
2024-09-13 04:04:59,426 - INFO - Mean training SSIM loss: 0.8811486409279853
2024-09-13 04:04:59,426 - INFO - Mean training MSE loss: 0.0021673845417070348
2024-09-13 04:04:59,426 - INFO - Mean training VGG loss: 3.0965949871808305
2024-09-13 04:12:56,977 - INFO - Mean validation L1 loss: 0.02763037243079282
2024-09-13 04:12:56,978 - INFO - Mean validation SSIM loss: 0.851166128912897
2024-09-13 04:12:56,978 - INFO - Mean validation MSE loss: 0.0018921436528390255
2024-09-13 04:12:56,978 - INFO - Mean validation VGG loss: 2.993212687530645
2024-09-13 04:12:58,456 - INFO - New best validation Loss 0.02763037243079282, at epoch 4
2024-09-13 04:12:58,456 - INFO - Epoch 5
-------------------------------
2024-09-13 04:12:58,457 - INFO - Learning Rate of group 0: 0.00016
