2024-10-19 10:38:59,126 - INFO - NOTE: None
2024-10-19 10:38:59,128 - INFO - Torch, random, numpy seed: 88
2024-10-19 10:38:59,663 - INFO - load model from: /home/nikoskot/earthnetThesis/swin_tiny_patch244_window877_kinetics400_1k.pth
2024-10-19 10:38:59,770 - INFO - _IncompatibleKeys(missing_keys=['encoder.layers.0.blocks.0.attn.relative_position_index', 'encoder.layers.0.blocks.1.attn.relative_position_index', 'encoder.layers.1.blocks.0.attn.relative_position_index', 'encoder.layers.1.blocks.1.attn.relative_position_index', 'encoder.layers.2.blocks.0.attn.relative_position_index', 'encoder.layers.2.blocks.1.attn.relative_position_index', 'decoder.layers.0.blocks.0.norm1.weight', 'decoder.layers.0.blocks.0.norm1.bias', 'decoder.layers.0.blocks.0.attn.relative_position_bias_table', 'decoder.layers.0.blocks.0.attn.relative_position_index', 'decoder.layers.0.blocks.0.attn.qkv.weight', 'decoder.layers.0.blocks.0.attn.qkv.bias', 'decoder.layers.0.blocks.0.attn.proj.weight', 'decoder.layers.0.blocks.0.attn.proj.bias', 'decoder.layers.0.blocks.0.norm2.weight', 'decoder.layers.0.blocks.0.norm2.bias', 'decoder.layers.0.blocks.0.mlp.fc1.weight', 'decoder.layers.0.blocks.0.mlp.fc1.bias', 'decoder.layers.0.blocks.0.mlp.fc2.weight', 'decoder.layers.0.blocks.0.mlp.fc2.bias', 'decoder.layers.0.blocks.1.norm1.weight', 'decoder.layers.0.blocks.1.norm1.bias', 'decoder.layers.0.blocks.1.attn.relative_position_bias_table', 'decoder.layers.0.blocks.1.attn.relative_position_index', 'decoder.layers.0.blocks.1.attn.qkv.weight', 'decoder.layers.0.blocks.1.attn.qkv.bias', 'decoder.layers.0.blocks.1.attn.proj.weight', 'decoder.layers.0.blocks.1.attn.proj.bias', 'decoder.layers.0.blocks.1.norm2.weight', 'decoder.layers.0.blocks.1.norm2.bias', 'decoder.layers.0.blocks.1.mlp.fc1.weight', 'decoder.layers.0.blocks.1.mlp.fc1.bias', 'decoder.layers.0.blocks.1.mlp.fc2.weight', 'decoder.layers.0.blocks.1.mlp.fc2.bias', 'decoder.layers.0.upsample.conv.weight', 'decoder.layers.0.upsample.conv.bias', 'decoder.layers.0.upsample.norm.weight', 'decoder.layers.0.upsample.norm.bias', 'decoder.layers.1.blocks.0.norm1.weight', 'decoder.layers.1.blocks.0.norm1.bias', 'decoder.layers.1.blocks.0.attn.relative_position_bias_table', 'decoder.layers.1.blocks.0.attn.relative_position_index', 'decoder.layers.1.blocks.0.attn.qkv.weight', 'decoder.layers.1.blocks.0.attn.qkv.bias', 'decoder.layers.1.blocks.0.attn.proj.weight', 'decoder.layers.1.blocks.0.attn.proj.bias', 'decoder.layers.1.blocks.0.norm2.weight', 'decoder.layers.1.blocks.0.norm2.bias', 'decoder.layers.1.blocks.0.mlp.fc1.weight', 'decoder.layers.1.blocks.0.mlp.fc1.bias', 'decoder.layers.1.blocks.0.mlp.fc2.weight', 'decoder.layers.1.blocks.0.mlp.fc2.bias', 'decoder.layers.1.blocks.1.norm1.weight', 'decoder.layers.1.blocks.1.norm1.bias', 'decoder.layers.1.blocks.1.attn.relative_position_bias_table', 'decoder.layers.1.blocks.1.attn.relative_position_index', 'decoder.layers.1.blocks.1.attn.qkv.weight', 'decoder.layers.1.blocks.1.attn.qkv.bias', 'decoder.layers.1.blocks.1.attn.proj.weight', 'decoder.layers.1.blocks.1.attn.proj.bias', 'decoder.layers.1.blocks.1.norm2.weight', 'decoder.layers.1.blocks.1.norm2.bias', 'decoder.layers.1.blocks.1.mlp.fc1.weight', 'decoder.layers.1.blocks.1.mlp.fc1.bias', 'decoder.layers.1.blocks.1.mlp.fc2.weight', 'decoder.layers.1.blocks.1.mlp.fc2.bias', 'decoder.layers.1.upsample.conv.weight', 'decoder.layers.1.upsample.conv.bias', 'decoder.layers.1.upsample.norm.weight', 'decoder.layers.1.upsample.norm.bias', 'decoder.layers.2.blocks.0.norm1.weight', 'decoder.layers.2.blocks.0.norm1.bias', 'decoder.layers.2.blocks.0.attn.relative_position_bias_table', 'decoder.layers.2.blocks.0.attn.relative_position_index', 'decoder.layers.2.blocks.0.attn.qkv.weight', 'decoder.layers.2.blocks.0.attn.qkv.bias', 'decoder.layers.2.blocks.0.attn.proj.weight', 'decoder.layers.2.blocks.0.attn.proj.bias', 'decoder.layers.2.blocks.0.norm2.weight', 'decoder.layers.2.blocks.0.norm2.bias', 'decoder.layers.2.blocks.0.mlp.fc1.weight', 'decoder.layers.2.blocks.0.mlp.fc1.bias', 'decoder.layers.2.blocks.0.mlp.fc2.weight', 'decoder.layers.2.blocks.0.mlp.fc2.bias', 'decoder.layers.2.blocks.1.norm1.weight', 'decoder.layers.2.blocks.1.norm1.bias', 'decoder.layers.2.blocks.1.attn.relative_position_bias_table', 'decoder.layers.2.blocks.1.attn.relative_position_index', 'decoder.layers.2.blocks.1.attn.qkv.weight', 'decoder.layers.2.blocks.1.attn.qkv.bias', 'decoder.layers.2.blocks.1.attn.proj.weight', 'decoder.layers.2.blocks.1.attn.proj.bias', 'decoder.layers.2.blocks.1.norm2.weight', 'decoder.layers.2.blocks.1.norm2.bias', 'decoder.layers.2.blocks.1.mlp.fc1.weight', 'decoder.layers.2.blocks.1.mlp.fc1.bias', 'decoder.layers.2.blocks.1.mlp.fc2.weight', 'decoder.layers.2.blocks.1.mlp.fc2.bias', 'head.conv1.weight', 'head.conv1.bias', 'head.conv2.weight', 'head.conv2.bias', 'head.conv3.weight', 'head.conv3.bias'], unexpected_keys=['encoder.layers.3.downsample.reduction.weight', 'encoder.layers.3.downsample.norm.weight', 'encoder.layers.3.downsample.norm.bias', 'encoder.layers.2.blocks.2.norm1.weight', 'encoder.layers.2.blocks.2.norm1.bias', 'encoder.layers.2.blocks.2.attn.qkv.weight', 'encoder.layers.2.blocks.2.attn.qkv.bias', 'encoder.layers.2.blocks.2.attn.proj.weight', 'encoder.layers.2.blocks.2.attn.proj.bias', 'encoder.layers.2.blocks.2.norm2.weight', 'encoder.layers.2.blocks.2.norm2.bias', 'encoder.layers.2.blocks.2.mlp.fc1.weight', 'encoder.layers.2.blocks.2.mlp.fc1.bias', 'encoder.layers.2.blocks.2.mlp.fc2.weight', 'encoder.layers.2.blocks.2.mlp.fc2.bias', 'encoder.layers.2.blocks.3.norm1.weight', 'encoder.layers.2.blocks.3.norm1.bias', 'encoder.layers.2.blocks.3.attn.qkv.weight', 'encoder.layers.2.blocks.3.attn.qkv.bias', 'encoder.layers.2.blocks.3.attn.proj.weight', 'encoder.layers.2.blocks.3.attn.proj.bias', 'encoder.layers.2.blocks.3.norm2.weight', 'encoder.layers.2.blocks.3.norm2.bias', 'encoder.layers.2.blocks.3.mlp.fc1.weight', 'encoder.layers.2.blocks.3.mlp.fc1.bias', 'encoder.layers.2.blocks.3.mlp.fc2.weight', 'encoder.layers.2.blocks.3.mlp.fc2.bias', 'encoder.layers.2.blocks.4.norm1.weight', 'encoder.layers.2.blocks.4.norm1.bias', 'encoder.layers.2.blocks.4.attn.qkv.weight', 'encoder.layers.2.blocks.4.attn.qkv.bias', 'encoder.layers.2.blocks.4.attn.proj.weight', 'encoder.layers.2.blocks.4.attn.proj.bias', 'encoder.layers.2.blocks.4.norm2.weight', 'encoder.layers.2.blocks.4.norm2.bias', 'encoder.layers.2.blocks.4.mlp.fc1.weight', 'encoder.layers.2.blocks.4.mlp.fc1.bias', 'encoder.layers.2.blocks.4.mlp.fc2.weight', 'encoder.layers.2.blocks.4.mlp.fc2.bias', 'encoder.layers.2.blocks.5.norm1.weight', 'encoder.layers.2.blocks.5.norm1.bias', 'encoder.layers.2.blocks.5.attn.qkv.weight', 'encoder.layers.2.blocks.5.attn.qkv.bias', 'encoder.layers.2.blocks.5.attn.proj.weight', 'encoder.layers.2.blocks.5.attn.proj.bias', 'encoder.layers.2.blocks.5.norm2.weight', 'encoder.layers.2.blocks.5.norm2.bias', 'encoder.layers.2.blocks.5.mlp.fc1.weight', 'encoder.layers.2.blocks.5.mlp.fc1.bias', 'encoder.layers.2.blocks.5.mlp.fc2.weight', 'encoder.layers.2.blocks.5.mlp.fc2.bias'])
2024-10-19 10:38:59,770 - INFO - => loaded successfully '/home/nikoskot/earthnetThesis/swin_tiny_patch244_window877_kinetics400_1k.pth'
2024-10-19 10:39:00,990 - INFO - Starting training from from epoch 1
2024-10-19 10:39:08,463 - INFO - Epoch 1
-------------------------------
2024-10-19 10:39:08,463 - INFO - Learning Rate of group 0: 0.0
2024-10-19 10:39:08,463 - INFO - Learning Rate of group 1: 0.0
2024-10-19 11:20:28,748 - INFO - Maximum gradient before clipping: 0.2665477395057678
2024-10-19 11:20:28,749 - INFO - Minimum gradient before clipping: -0.18462073802947998
2024-10-19 11:20:28,750 - INFO - Mean training L1 loss: 0.1447415875776549
2024-10-19 11:20:28,750 - INFO - Mean training SSIM loss: 0.9997430337567251
2024-10-19 11:20:28,750 - INFO - Mean training MSE loss: 0.0
2024-10-19 11:20:28,750 - INFO - Mean training VGG loss: 0.0
2024-10-19 11:23:50,613 - INFO - Mean validation L1 loss: 0.14586328777381807
2024-10-19 11:23:50,613 - INFO - Mean validation SSIM loss: 0.999740237077343
2024-10-19 11:23:50,613 - INFO - Mean validation MSE loss: 0.0
2024-10-19 11:23:50,613 - INFO - Mean validation VGG loss: 0.0
2024-10-19 11:23:51,244 - INFO - New best validation Loss 0.14586328777381807, at epoch 1
2024-10-19 11:23:51,868 - INFO - Epoch 2
-------------------------------
2024-10-19 11:23:51,868 - INFO - Learning Rate of group 0: 3.3333333333333335e-05
2024-10-19 11:23:51,868 - INFO - Learning Rate of group 1: 1.3333333333333333e-05
2024-10-19 12:05:01,377 - INFO - Maximum gradient before clipping: 0.9452987909317017
2024-10-19 12:05:01,377 - INFO - Minimum gradient before clipping: -1.1358466148376465
2024-10-19 12:05:01,378 - INFO - Mean training L1 loss: 0.04327730410539521
2024-10-19 12:05:01,378 - INFO - Mean training SSIM loss: 0.9761656345258144
2024-10-19 12:05:01,378 - INFO - Mean training MSE loss: 0.0
2024-10-19 12:05:01,378 - INFO - Mean training VGG loss: 0.0
2024-10-19 12:08:23,225 - INFO - Mean validation L1 loss: 0.04286296427698438
2024-10-19 12:08:23,226 - INFO - Mean validation SSIM loss: 0.9753033207810443
2024-10-19 12:08:23,226 - INFO - Mean validation MSE loss: 0.0
2024-10-19 12:08:23,226 - INFO - Mean validation VGG loss: 0.0
2024-10-19 12:08:23,853 - INFO - New best validation Loss 0.04286296427698438, at epoch 2
2024-10-19 12:08:24,474 - INFO - Epoch 3
-------------------------------
2024-10-19 12:08:24,474 - INFO - Learning Rate of group 0: 6.666666666666667e-05
2024-10-19 12:08:24,474 - INFO - Learning Rate of group 1: 2.6666666666666667e-05
2024-10-19 12:49:37,978 - INFO - Maximum gradient before clipping: 1.636102557182312
2024-10-19 12:49:37,978 - INFO - Minimum gradient before clipping: -1.544382095336914
2024-10-19 12:49:37,979 - INFO - Mean training L1 loss: 0.04040892095632605
2024-10-19 12:49:37,979 - INFO - Mean training SSIM loss: 0.9614521063605596
2024-10-19 12:49:37,980 - INFO - Mean training MSE loss: 0.0
2024-10-19 12:49:37,980 - INFO - Mean training VGG loss: 0.0
2024-10-19 12:53:00,208 - INFO - Mean validation L1 loss: 0.0367236971282042
2024-10-19 12:53:00,209 - INFO - Mean validation SSIM loss: 0.9417447291289683
2024-10-19 12:53:00,209 - INFO - Mean validation MSE loss: 0.0
2024-10-19 12:53:00,209 - INFO - Mean validation VGG loss: 0.0
2024-10-19 12:53:00,827 - INFO - New best validation Loss 0.0367236971282042, at epoch 3
2024-10-19 12:53:01,459 - INFO - Epoch 4
-------------------------------
2024-10-19 12:53:01,459 - INFO - Learning Rate of group 0: 0.0001
2024-10-19 12:53:01,459 - INFO - Learning Rate of group 1: 4e-05
2024-10-19 13:34:14,176 - INFO - Maximum gradient before clipping: 2.2165067195892334
2024-10-19 13:34:14,177 - INFO - Minimum gradient before clipping: -3.181058883666992
2024-10-19 13:34:14,177 - INFO - Mean training L1 loss: 0.035378110191902824
2024-10-19 13:34:14,178 - INFO - Mean training SSIM loss: 0.9265430786030305
2024-10-19 13:34:14,178 - INFO - Mean training MSE loss: 0.0
2024-10-19 13:34:14,178 - INFO - Mean training VGG loss: 0.0
2024-10-19 13:37:36,159 - INFO - Mean validation L1 loss: 0.032552056765202494
2024-10-19 13:37:36,159 - INFO - Mean validation SSIM loss: 0.8990876864031406
2024-10-19 13:37:36,159 - INFO - Mean validation MSE loss: 0.0
2024-10-19 13:37:36,159 - INFO - Mean validation VGG loss: 0.0
2024-10-19 13:37:36,791 - INFO - New best validation Loss 0.032552056765202494, at epoch 4
2024-10-19 13:37:37,415 - INFO - Epoch 5
-------------------------------
2024-10-19 13:37:37,415 - INFO - Learning Rate of group 0: 0.00013333333333333334
2024-10-19 13:37:37,416 - INFO - Learning Rate of group 1: 5.333333333333333e-05
2024-10-19 14:18:51,485 - INFO - Maximum gradient before clipping: 3.034438133239746
2024-10-19 14:18:51,485 - INFO - Minimum gradient before clipping: -4.577447891235352
2024-10-19 14:18:51,486 - INFO - Mean training L1 loss: 0.031463929312167335
2024-10-19 14:18:51,486 - INFO - Mean training SSIM loss: 0.8872173450223475
2024-10-19 14:18:51,486 - INFO - Mean training MSE loss: 0.0
2024-10-19 14:18:51,486 - INFO - Mean training VGG loss: 0.0
2024-10-19 14:22:13,769 - INFO - Mean validation L1 loss: 0.029384584334308288
2024-10-19 14:22:13,769 - INFO - Mean validation SSIM loss: 0.8680258923549716
2024-10-19 14:22:13,769 - INFO - Mean validation MSE loss: 0.0
2024-10-19 14:22:13,769 - INFO - Mean validation VGG loss: 0.0
2024-10-19 14:22:14,401 - INFO - New best validation Loss 0.029384584334308288, at epoch 5
2024-10-19 14:22:15,030 - INFO - Epoch 6
-------------------------------
2024-10-19 14:22:15,030 - INFO - Learning Rate of group 0: 0.00016666666666666666
2024-10-19 14:22:15,030 - INFO - Learning Rate of group 1: 6.666666666666667e-05
2024-10-19 15:03:29,608 - INFO - Maximum gradient before clipping: 3.9306154251098633
2024-10-19 15:03:29,609 - INFO - Minimum gradient before clipping: -4.013355255126953
2024-10-19 15:03:29,610 - INFO - Mean training L1 loss: 0.02931926764441878
2024-10-19 15:03:29,610 - INFO - Mean training SSIM loss: 0.8633050841549259
2024-10-19 15:03:29,610 - INFO - Mean training MSE loss: 0.0
2024-10-19 15:03:29,610 - INFO - Mean training VGG loss: 0.0
2024-10-19 15:06:52,018 - INFO - Mean validation L1 loss: 0.027956050876714912
2024-10-19 15:06:52,019 - INFO - Mean validation SSIM loss: 0.8453377651729711
2024-10-19 15:06:52,019 - INFO - Mean validation MSE loss: 0.0
2024-10-19 15:06:52,019 - INFO - Mean validation VGG loss: 0.0
2024-10-19 15:06:52,653 - INFO - New best validation Loss 0.027956050876714912, at epoch 6
2024-10-19 15:06:53,281 - INFO - Epoch 7
-------------------------------
2024-10-19 15:06:53,282 - INFO - Learning Rate of group 0: 0.0002
2024-10-19 15:06:53,282 - INFO - Learning Rate of group 1: 8e-05
2024-10-19 15:48:07,473 - INFO - Maximum gradient before clipping: 4.1196112632751465
2024-10-19 15:48:07,473 - INFO - Minimum gradient before clipping: -5.629318714141846
2024-10-19 15:48:07,474 - INFO - Mean training L1 loss: 0.0282606847034257
2024-10-19 15:48:07,474 - INFO - Mean training SSIM loss: 0.8495215769593858
2024-10-19 15:48:07,474 - INFO - Mean training MSE loss: 0.0
2024-10-19 15:48:07,474 - INFO - Mean training VGG loss: 0.0
2024-10-19 15:51:29,783 - INFO - Mean validation L1 loss: 0.027622844706161765
2024-10-19 15:51:29,818 - INFO - Mean validation SSIM loss: 0.8436143723219932
2024-10-19 15:51:29,818 - INFO - Mean validation MSE loss: 0.0
2024-10-19 15:51:29,818 - INFO - Mean validation VGG loss: 0.0
2024-10-19 15:51:30,936 - INFO - New best validation Loss 0.027622844706161765, at epoch 7
2024-10-19 15:51:31,565 - INFO - Epoch 8
-------------------------------
2024-10-19 15:51:31,565 - INFO - Learning Rate of group 0: 0.00023333333333333333
2024-10-19 15:51:31,565 - INFO - Learning Rate of group 1: 9.333333333333334e-05
2024-10-19 16:32:46,046 - INFO - Maximum gradient before clipping: 4.937283515930176
2024-10-19 16:32:46,047 - INFO - Minimum gradient before clipping: -5.03759765625
2024-10-19 16:32:46,047 - INFO - Mean training L1 loss: 0.02749736410215503
2024-10-19 16:32:46,048 - INFO - Mean training SSIM loss: 0.8403487483211662
2024-10-19 16:32:46,048 - INFO - Mean training MSE loss: 0.0
2024-10-19 16:32:46,048 - INFO - Mean training VGG loss: 0.0
2024-10-19 16:36:08,096 - INFO - Mean validation L1 loss: 0.026221710961175006
2024-10-19 16:36:08,097 - INFO - Mean validation SSIM loss: 0.8267535010109777
2024-10-19 16:36:08,097 - INFO - Mean validation MSE loss: 0.0
2024-10-19 16:36:08,097 - INFO - Mean validation VGG loss: 0.0
2024-10-19 16:36:08,728 - INFO - New best validation Loss 0.026221710961175006, at epoch 8
2024-10-19 16:36:09,356 - INFO - Epoch 9
-------------------------------
2024-10-19 16:36:09,356 - INFO - Learning Rate of group 0: 0.0002666666666666667
2024-10-19 16:36:09,356 - INFO - Learning Rate of group 1: 0.00010666666666666667
2024-10-19 17:17:24,180 - INFO - Maximum gradient before clipping: 4.837991714477539
2024-10-19 17:17:24,181 - INFO - Minimum gradient before clipping: -5.573213577270508
2024-10-19 17:17:24,182 - INFO - Mean training L1 loss: 0.026982590428384863
2024-10-19 17:17:24,182 - INFO - Mean training SSIM loss: 0.8336303469427756
2024-10-19 17:17:24,182 - INFO - Mean training MSE loss: 0.0
2024-10-19 17:17:24,182 - INFO - Mean training VGG loss: 0.0
2024-10-19 17:20:46,442 - INFO - Mean validation L1 loss: 0.025576612504080786
2024-10-19 17:20:46,443 - INFO - Mean validation SSIM loss: 0.8161370668522889
2024-10-19 17:20:46,443 - INFO - Mean validation MSE loss: 0.0
2024-10-19 17:20:46,443 - INFO - Mean validation VGG loss: 0.0
2024-10-19 17:20:47,181 - INFO - New best validation Loss 0.025576612504080786, at epoch 9
2024-10-19 17:20:47,808 - INFO - Epoch 10
-------------------------------
2024-10-19 17:20:47,808 - INFO - Learning Rate of group 0: 0.0003
2024-10-19 17:20:47,808 - INFO - Learning Rate of group 1: 0.00012
2024-10-19 18:02:02,870 - INFO - Maximum gradient before clipping: 4.59074592590332
2024-10-19 18:02:02,871 - INFO - Minimum gradient before clipping: -6.565126419067383
2024-10-19 18:02:02,872 - INFO - Mean training L1 loss: 0.02649380037399801
2024-10-19 18:02:02,872 - INFO - Mean training SSIM loss: 0.8274334393401168
2024-10-19 18:02:02,872 - INFO - Mean training MSE loss: 0.0
2024-10-19 18:02:02,872 - INFO - Mean training VGG loss: 0.0
2024-10-19 18:07:55,502 - INFO - Validation split Earthnet Score on epoch 10
2024-10-19 18:13:00,525 - INFO - MAD: 0.24406056492632516, OLS: 0.322747579955395, EMD: 0.2291905182727477, SSIM: 0.4082866431300495, ENS: 0.28554741198846
2024-10-19 18:13:00,526 - INFO - Mean validation L1 loss: 0.025456386858155097
2024-10-19 18:13:00,526 - INFO - Mean validation SSIM loss: 0.8093329181639247
2024-10-19 18:13:00,526 - INFO - Mean validation MSE loss: 0.0
2024-10-19 18:13:00,526 - INFO - Mean validation VGG loss: 0.0
2024-10-19 18:13:01,191 - INFO - New best validation Loss 0.025456386858155097, at epoch 10
2024-10-19 18:13:01,982 - INFO - New best Earthnet Score 0.28554741198846, at epoch 10
2024-10-19 18:13:02,878 - INFO - Epoch 11
-------------------------------
2024-10-19 18:13:02,878 - INFO - Learning Rate of group 0: 0.0003333333333333333
2024-10-19 18:13:02,878 - INFO - Learning Rate of group 1: 0.00013333333333333334
