2024-10-13 11:56:21,478 - INFO - NOTE: None
2024-10-13 11:56:21,479 - INFO - Torch, random, numpy seed: 88
2024-10-13 11:56:23,353 - INFO - Starting training from from epoch 1
2024-10-13 11:56:40,501 - INFO - Epoch 1
-------------------------------
2024-10-13 11:56:40,501 - INFO - Learning Rate of group 0: 0.0007
2024-10-13 12:03:06,073 - INFO - Maximum gradient before clipping: 0.7433888912200928
2024-10-13 12:03:06,074 - INFO - Minimum gradient before clipping: -0.6383907198905945
2024-10-13 12:03:06,074 - INFO - Mean training L1 loss: 0.04180990836390814
2024-10-13 12:03:06,075 - INFO - Mean training SSIM loss: 0.0
2024-10-13 12:03:06,075 - INFO - Mean training MSE loss: 0.0
2024-10-13 12:03:06,075 - INFO - Mean training VGG loss: 0.0
2024-10-13 12:04:38,167 - INFO - Mean validation L1 loss: 0.01701493670739103
2024-10-13 12:04:38,167 - INFO - Mean validation SSIM loss: 0.0
2024-10-13 12:04:38,167 - INFO - Mean validation MSE loss: 0.0
2024-10-13 12:04:38,167 - INFO - Mean validation VGG loss: 0.0
2024-10-13 12:04:38,352 - INFO - New best validation Loss 0.01701493670739103, at epoch 1
2024-10-13 12:04:38,478 - INFO - Epoch 2
-------------------------------
2024-10-13 12:04:38,478 - INFO - Learning Rate of group 0: 0.0007
2024-10-13 12:10:59,906 - INFO - Maximum gradient before clipping: 0.7213621139526367
2024-10-13 12:10:59,907 - INFO - Minimum gradient before clipping: -0.6553011536598206
2024-10-13 12:10:59,907 - INFO - Mean training L1 loss: 0.019303985125498403
2024-10-13 12:10:59,907 - INFO - Mean training SSIM loss: 0.0
2024-10-13 12:10:59,907 - INFO - Mean training MSE loss: 0.0
2024-10-13 12:10:59,907 - INFO - Mean training VGG loss: 0.0
2024-10-13 12:12:32,044 - INFO - Mean validation L1 loss: 0.022610018149628278
2024-10-13 12:12:32,045 - INFO - Mean validation SSIM loss: 0.0
2024-10-13 12:12:32,045 - INFO - Mean validation MSE loss: 0.0
2024-10-13 12:12:32,045 - INFO - Mean validation VGG loss: 0.0
2024-10-13 12:12:32,174 - INFO - Epoch 3
-------------------------------
2024-10-13 12:12:32,174 - INFO - Learning Rate of group 0: 0.0007
2024-10-13 12:18:54,689 - INFO - Maximum gradient before clipping: 0.8671392798423767
2024-10-13 12:18:54,689 - INFO - Minimum gradient before clipping: -0.7824586033821106
2024-10-13 12:18:54,690 - INFO - Mean training L1 loss: 0.0207035793564221
2024-10-13 12:18:54,690 - INFO - Mean training SSIM loss: 0.0
2024-10-13 12:18:54,690 - INFO - Mean training MSE loss: 0.0
2024-10-13 12:18:54,690 - INFO - Mean training VGG loss: 0.0
2024-10-13 12:20:27,264 - INFO - Mean validation L1 loss: 0.01248346012608524
2024-10-13 12:20:27,265 - INFO - Mean validation SSIM loss: 0.0
2024-10-13 12:20:27,265 - INFO - Mean validation MSE loss: 0.0
2024-10-13 12:20:27,265 - INFO - Mean validation VGG loss: 0.0
2024-10-13 12:20:27,397 - INFO - New best validation Loss 0.01248346012608524, at epoch 3
2024-10-13 12:20:27,523 - INFO - Epoch 4
-------------------------------
2024-10-13 12:20:27,523 - INFO - Learning Rate of group 0: 0.0007
2024-10-13 12:26:50,853 - INFO - Maximum gradient before clipping: 0.798254132270813
2024-10-13 12:26:50,854 - INFO - Minimum gradient before clipping: -0.7397109866142273
2024-10-13 12:26:50,854 - INFO - Mean training L1 loss: 0.01511660134242534
2024-10-13 12:26:50,854 - INFO - Mean training SSIM loss: 0.0
2024-10-13 12:26:50,854 - INFO - Mean training MSE loss: 0.0
2024-10-13 12:26:50,854 - INFO - Mean training VGG loss: 0.0
2024-10-13 12:28:23,819 - INFO - Mean validation L1 loss: 0.01427286383505279
2024-10-13 12:28:23,819 - INFO - Mean validation SSIM loss: 0.0
2024-10-13 12:28:23,819 - INFO - Mean validation MSE loss: 0.0
2024-10-13 12:28:23,819 - INFO - Mean validation VGG loss: 0.0
2024-10-13 12:28:23,951 - INFO - Epoch 5
-------------------------------
2024-10-13 12:28:23,952 - INFO - Learning Rate of group 0: 0.0007
2024-10-13 12:34:48,099 - INFO - Maximum gradient before clipping: 0.7423356771469116
2024-10-13 12:34:48,099 - INFO - Minimum gradient before clipping: -0.6985740065574646
2024-10-13 12:34:48,100 - INFO - Mean training L1 loss: 0.015658935908320883
2024-10-13 12:34:48,100 - INFO - Mean training SSIM loss: 0.0
2024-10-13 12:34:48,100 - INFO - Mean training MSE loss: 0.0
2024-10-13 12:34:48,100 - INFO - Mean training VGG loss: 0.0
2024-10-13 12:36:20,737 - INFO - Mean validation L1 loss: 0.010206470434820791
2024-10-13 12:36:20,737 - INFO - Mean validation SSIM loss: 0.0
2024-10-13 12:36:20,737 - INFO - Mean validation MSE loss: 0.0
2024-10-13 12:36:20,737 - INFO - Mean validation VGG loss: 0.0
2024-10-13 12:36:20,869 - INFO - New best validation Loss 0.010206470434820791, at epoch 5
2024-10-13 12:36:20,993 - INFO - Epoch 6
-------------------------------
2024-10-13 12:36:20,993 - INFO - Learning Rate of group 0: 0.0007
2024-10-13 12:42:46,567 - INFO - Maximum gradient before clipping: 0.7584635019302368
2024-10-13 12:42:46,568 - INFO - Minimum gradient before clipping: -0.6893417835235596
2024-10-13 12:42:46,568 - INFO - Mean training L1 loss: 0.014296249183792058
2024-10-13 12:42:46,568 - INFO - Mean training SSIM loss: 0.0
2024-10-13 12:42:46,568 - INFO - Mean training MSE loss: 0.0
2024-10-13 12:42:46,568 - INFO - Mean training VGG loss: 0.0
2024-10-13 12:44:22,086 - INFO - Mean validation L1 loss: 0.011580595444365028
2024-10-13 12:44:22,087 - INFO - Mean validation SSIM loss: 0.0
2024-10-13 12:44:22,087 - INFO - Mean validation MSE loss: 0.0
2024-10-13 12:44:22,087 - INFO - Mean validation VGG loss: 0.0
2024-10-13 12:44:22,219 - INFO - Epoch 7
-------------------------------
2024-10-13 12:44:22,219 - INFO - Learning Rate of group 0: 0.0007
2024-10-13 12:50:48,986 - INFO - Maximum gradient before clipping: 0.7438531517982483
2024-10-13 12:50:48,987 - INFO - Minimum gradient before clipping: -0.700364351272583
2024-10-13 12:50:48,987 - INFO - Mean training L1 loss: 0.013825608994866316
2024-10-13 12:50:48,987 - INFO - Mean training SSIM loss: 0.0
2024-10-13 12:50:48,987 - INFO - Mean training MSE loss: 0.0
2024-10-13 12:50:48,987 - INFO - Mean training VGG loss: 0.0
2024-10-13 12:52:21,441 - INFO - Mean validation L1 loss: 0.010202782086984457
2024-10-13 12:52:21,442 - INFO - Mean validation SSIM loss: 0.0
2024-10-13 12:52:21,442 - INFO - Mean validation MSE loss: 0.0
2024-10-13 12:52:21,442 - INFO - Mean validation VGG loss: 0.0
2024-10-13 12:52:21,589 - INFO - New best validation Loss 0.010202782086984457, at epoch 7
2024-10-13 12:52:21,714 - INFO - Epoch 8
-------------------------------
2024-10-13 12:52:21,715 - INFO - Learning Rate of group 0: 0.0007
2024-10-13 12:58:48,203 - INFO - Maximum gradient before clipping: 0.7145558595657349
2024-10-13 12:58:48,204 - INFO - Minimum gradient before clipping: -0.6590115427970886
2024-10-13 12:58:48,204 - INFO - Mean training L1 loss: 0.011818433337262662
2024-10-13 12:58:48,204 - INFO - Mean training SSIM loss: 0.0
2024-10-13 12:58:48,204 - INFO - Mean training MSE loss: 0.0
2024-10-13 12:58:48,204 - INFO - Mean training VGG loss: 0.0
2024-10-13 13:00:21,168 - INFO - Mean validation L1 loss: 0.012124642100708004
2024-10-13 13:00:21,169 - INFO - Mean validation SSIM loss: 0.0
2024-10-13 13:00:21,169 - INFO - Mean validation MSE loss: 0.0
2024-10-13 13:00:21,169 - INFO - Mean validation VGG loss: 0.0
2024-10-13 13:00:21,299 - INFO - Epoch 9
-------------------------------
2024-10-13 13:00:21,299 - INFO - Learning Rate of group 0: 0.0007
2024-10-13 13:06:47,680 - INFO - Maximum gradient before clipping: 0.7362711429595947
2024-10-13 13:06:47,680 - INFO - Minimum gradient before clipping: -0.6984800100326538
2024-10-13 13:06:47,680 - INFO - Mean training L1 loss: 0.01193995559165366
2024-10-13 13:06:47,680 - INFO - Mean training SSIM loss: 0.0
2024-10-13 13:06:47,680 - INFO - Mean training MSE loss: 0.0
2024-10-13 13:06:47,680 - INFO - Mean training VGG loss: 0.0
2024-10-13 13:08:19,313 - INFO - Mean validation L1 loss: 0.018061413489587126
2024-10-13 13:08:19,314 - INFO - Mean validation SSIM loss: 0.0
2024-10-13 13:08:19,314 - INFO - Mean validation MSE loss: 0.0
2024-10-13 13:08:19,314 - INFO - Mean validation VGG loss: 0.0
2024-10-13 13:08:19,444 - INFO - Epoch 10
-------------------------------
2024-10-13 13:08:19,445 - INFO - Learning Rate of group 0: 0.0007
2024-10-13 13:14:44,099 - INFO - Maximum gradient before clipping: 0.6945721507072449
2024-10-13 13:14:44,099 - INFO - Minimum gradient before clipping: -0.6757797598838806
2024-10-13 13:14:44,100 - INFO - Mean training L1 loss: 0.01154439949524612
2024-10-13 13:14:44,100 - INFO - Mean training SSIM loss: 0.0
2024-10-13 13:14:44,100 - INFO - Mean training MSE loss: 0.0
2024-10-13 13:14:44,100 - INFO - Mean training VGG loss: 0.0
2024-10-13 13:16:17,782 - INFO - Mean validation L1 loss: 0.012363680750022681
2024-10-13 13:16:17,782 - INFO - Mean validation SSIM loss: 0.0
2024-10-13 13:16:17,782 - INFO - Mean validation MSE loss: 0.0
2024-10-13 13:16:17,783 - INFO - Mean validation VGG loss: 0.0
2024-10-13 13:16:17,916 - INFO - Epoch 11
-------------------------------
2024-10-13 13:16:17,916 - INFO - Learning Rate of group 0: 0.0007
2024-10-13 13:22:43,404 - INFO - Maximum gradient before clipping: 0.6953945159912109
2024-10-13 13:22:43,405 - INFO - Minimum gradient before clipping: -0.6769406199455261
2024-10-13 13:22:43,405 - INFO - Mean training L1 loss: 0.010884864042045366
2024-10-13 13:22:43,405 - INFO - Mean training SSIM loss: 0.0
2024-10-13 13:22:43,405 - INFO - Mean training MSE loss: 0.0
2024-10-13 13:22:43,405 - INFO - Mean training VGG loss: 0.0
2024-10-13 13:24:16,044 - INFO - Mean validation L1 loss: 0.009649212962310565
2024-10-13 13:24:16,045 - INFO - Mean validation SSIM loss: 0.0
2024-10-13 13:24:16,045 - INFO - Mean validation MSE loss: 0.0
2024-10-13 13:24:16,045 - INFO - Mean validation VGG loss: 0.0
2024-10-13 13:24:16,175 - INFO - New best validation Loss 0.009649212962310565, at epoch 11
2024-10-13 13:24:16,297 - INFO - Epoch 12
-------------------------------
2024-10-13 13:24:16,298 - INFO - Learning Rate of group 0: 0.0007
2024-10-13 13:30:39,766 - INFO - Maximum gradient before clipping: 2.566682815551758
2024-10-13 13:30:39,767 - INFO - Minimum gradient before clipping: -2.1002211570739746
2024-10-13 13:30:39,767 - INFO - Mean training L1 loss: 0.060974577527716865
2024-10-13 13:30:39,767 - INFO - Mean training SSIM loss: 0.0
2024-10-13 13:30:39,767 - INFO - Mean training MSE loss: 0.0
2024-10-13 13:30:39,767 - INFO - Mean training VGG loss: 0.0
2024-10-13 13:32:11,073 - INFO - Mean validation L1 loss: 0.06611796085074631
2024-10-13 13:32:11,074 - INFO - Mean validation SSIM loss: 0.0
2024-10-13 13:32:11,074 - INFO - Mean validation MSE loss: 0.0
2024-10-13 13:32:11,074 - INFO - Mean validation VGG loss: 0.0
2024-10-13 13:32:11,203 - INFO - Epoch 13
-------------------------------
2024-10-13 13:32:11,203 - INFO - Learning Rate of group 0: 0.0007
2024-10-13 13:38:34,348 - INFO - Maximum gradient before clipping: 0.9098997116088867
2024-10-13 13:38:34,349 - INFO - Minimum gradient before clipping: -0.7632941007614136
2024-10-13 13:38:34,349 - INFO - Mean training L1 loss: 0.05296645304501755
2024-10-13 13:38:34,349 - INFO - Mean training SSIM loss: 0.0
2024-10-13 13:38:34,349 - INFO - Mean training MSE loss: 0.0
2024-10-13 13:38:34,349 - INFO - Mean training VGG loss: 0.0
2024-10-13 13:40:07,243 - INFO - Mean validation L1 loss: 0.05084230262807935
2024-10-13 13:40:07,243 - INFO - Mean validation SSIM loss: 0.0
2024-10-13 13:40:07,243 - INFO - Mean validation MSE loss: 0.0
2024-10-13 13:40:07,243 - INFO - Mean validation VGG loss: 0.0
2024-10-13 13:40:07,376 - INFO - Epoch 14
-------------------------------
2024-10-13 13:40:07,376 - INFO - Learning Rate of group 0: 0.0007
2024-10-13 13:46:31,181 - INFO - Maximum gradient before clipping: 1.138603687286377
2024-10-13 13:46:31,181 - INFO - Minimum gradient before clipping: -1.0852835178375244
2024-10-13 13:46:31,181 - INFO - Mean training L1 loss: 0.0509745534645778
2024-10-13 13:46:31,182 - INFO - Mean training SSIM loss: 0.0
2024-10-13 13:46:31,182 - INFO - Mean training MSE loss: 0.0
2024-10-13 13:46:31,182 - INFO - Mean training VGG loss: 0.0
2024-10-13 13:48:04,181 - INFO - Mean validation L1 loss: 0.049802049847417755
2024-10-13 13:48:04,181 - INFO - Mean validation SSIM loss: 0.0
2024-10-13 13:48:04,181 - INFO - Mean validation MSE loss: 0.0
2024-10-13 13:48:04,181 - INFO - Mean validation VGG loss: 0.0
2024-10-13 13:48:04,312 - INFO - Epoch 15
-------------------------------
2024-10-13 13:48:04,313 - INFO - Learning Rate of group 0: 0.0007
2024-10-13 13:54:27,089 - INFO - Maximum gradient before clipping: 1.5108087062835693
2024-10-13 13:54:27,089 - INFO - Minimum gradient before clipping: -1.1898821592330933
2024-10-13 13:54:27,090 - INFO - Mean training L1 loss: 0.03364811392329186
2024-10-13 13:54:27,090 - INFO - Mean training SSIM loss: 0.0
2024-10-13 13:54:27,090 - INFO - Mean training MSE loss: 0.0
2024-10-13 13:54:27,090 - INFO - Mean training VGG loss: 0.0
2024-10-13 13:55:59,332 - INFO - Mean validation L1 loss: 0.024249442825801888
2024-10-13 13:55:59,332 - INFO - Mean validation SSIM loss: 0.0
2024-10-13 13:55:59,332 - INFO - Mean validation MSE loss: 0.0
2024-10-13 13:55:59,332 - INFO - Mean validation VGG loss: 0.0
2024-10-13 13:55:59,462 - INFO - Epoch 16
-------------------------------
2024-10-13 13:55:59,462 - INFO - Learning Rate of group 0: 0.0007
2024-10-13 14:02:23,100 - INFO - Maximum gradient before clipping: 1.3953297138214111
2024-10-13 14:02:23,101 - INFO - Minimum gradient before clipping: -0.9710166454315186
2024-10-13 14:02:23,101 - INFO - Mean training L1 loss: 0.02162320519856138
2024-10-13 14:02:23,101 - INFO - Mean training SSIM loss: 0.0
2024-10-13 14:02:23,101 - INFO - Mean training MSE loss: 0.0
2024-10-13 14:02:23,101 - INFO - Mean training VGG loss: 0.0
2024-10-13 14:03:56,530 - INFO - Mean validation L1 loss: 0.01897277443925714
2024-10-13 14:03:56,531 - INFO - Mean validation SSIM loss: 0.0
2024-10-13 14:03:56,531 - INFO - Mean validation MSE loss: 0.0
2024-10-13 14:03:56,531 - INFO - Mean validation VGG loss: 0.0
2024-10-13 14:03:56,664 - INFO - Epoch 17
-------------------------------
2024-10-13 14:03:56,665 - INFO - Learning Rate of group 0: 0.0007
2024-10-13 14:10:23,182 - INFO - Maximum gradient before clipping: 1.0207595825195312
2024-10-13 14:10:23,183 - INFO - Minimum gradient before clipping: -0.9376541376113892
2024-10-13 14:10:23,183 - INFO - Mean training L1 loss: 0.018849706694505575
2024-10-13 14:10:23,183 - INFO - Mean training SSIM loss: 0.0
2024-10-13 14:10:23,183 - INFO - Mean training MSE loss: 0.0
2024-10-13 14:10:23,183 - INFO - Mean training VGG loss: 0.0
2024-10-13 14:11:55,842 - INFO - Mean validation L1 loss: 0.012341572363909922
2024-10-13 14:11:55,843 - INFO - Mean validation SSIM loss: 0.0
2024-10-13 14:11:55,843 - INFO - Mean validation MSE loss: 0.0
2024-10-13 14:11:55,843 - INFO - Mean validation VGG loss: 0.0
2024-10-13 14:11:55,974 - INFO - Epoch 18
-------------------------------
2024-10-13 14:11:55,975 - INFO - Learning Rate of group 0: 0.0007
2024-10-13 14:18:26,408 - INFO - Maximum gradient before clipping: 0.89599609375
2024-10-13 14:18:26,409 - INFO - Minimum gradient before clipping: -0.891503632068634
2024-10-13 14:18:26,409 - INFO - Mean training L1 loss: 0.015615492378733779
2024-10-13 14:18:26,409 - INFO - Mean training SSIM loss: 0.0
2024-10-13 14:18:26,409 - INFO - Mean training MSE loss: 0.0
2024-10-13 14:18:26,409 - INFO - Mean training VGG loss: 0.0
2024-10-13 14:20:07,205 - INFO - Mean validation L1 loss: 0.013548764291257537
2024-10-13 14:20:07,205 - INFO - Mean validation SSIM loss: 0.0
2024-10-13 14:20:07,205 - INFO - Mean validation MSE loss: 0.0
2024-10-13 14:20:07,205 - INFO - Mean validation VGG loss: 0.0
2024-10-13 14:20:07,340 - INFO - Epoch 19
-------------------------------
2024-10-13 14:20:07,340 - INFO - Learning Rate of group 0: 0.0007
2024-10-13 14:27:03,595 - INFO - Maximum gradient before clipping: 0.8574261665344238
2024-10-13 14:27:03,596 - INFO - Minimum gradient before clipping: -0.814106285572052
2024-10-13 14:27:03,596 - INFO - Mean training L1 loss: 0.013166137217608107
2024-10-13 14:27:03,596 - INFO - Mean training SSIM loss: 0.0
2024-10-13 14:27:03,596 - INFO - Mean training MSE loss: 0.0
2024-10-13 14:27:03,596 - INFO - Mean training VGG loss: 0.0
2024-10-13 14:28:43,810 - INFO - Mean validation L1 loss: 0.01101754701625534
2024-10-13 14:28:43,811 - INFO - Mean validation SSIM loss: 0.0
2024-10-13 14:28:43,811 - INFO - Mean validation MSE loss: 0.0
2024-10-13 14:28:43,811 - INFO - Mean validation VGG loss: 0.0
2024-10-13 14:28:43,942 - INFO - Epoch 20
-------------------------------
2024-10-13 14:28:43,942 - INFO - Learning Rate of group 0: 0.00035
2024-10-13 14:35:41,415 - INFO - Maximum gradient before clipping: 0.890552282333374
2024-10-13 14:35:41,415 - INFO - Minimum gradient before clipping: -0.823850154876709
2024-10-13 14:35:41,416 - INFO - Mean training L1 loss: 0.008616157148802437
2024-10-13 14:35:41,416 - INFO - Mean training SSIM loss: 0.0
2024-10-13 14:35:41,416 - INFO - Mean training MSE loss: 0.0
2024-10-13 14:35:41,416 - INFO - Mean training VGG loss: 0.0
2024-10-13 14:37:22,279 - INFO - Mean validation L1 loss: 0.011550161992989437
2024-10-13 14:37:22,280 - INFO - Mean validation SSIM loss: 0.0
2024-10-13 14:37:22,280 - INFO - Mean validation MSE loss: 0.0
2024-10-13 14:37:22,280 - INFO - Mean validation VGG loss: 0.0
2024-10-13 14:37:22,411 - INFO - Epoch 21
-------------------------------
2024-10-13 14:37:22,412 - INFO - Learning Rate of group 0: 0.00035
2024-10-13 14:44:19,614 - INFO - Maximum gradient before clipping: 0.895692765712738
2024-10-13 14:44:19,615 - INFO - Minimum gradient before clipping: -0.9245634078979492
2024-10-13 14:44:19,615 - INFO - Mean training L1 loss: 0.008888367804157306
2024-10-13 14:44:19,615 - INFO - Mean training SSIM loss: 0.0
2024-10-13 14:44:19,615 - INFO - Mean training MSE loss: 0.0
2024-10-13 14:44:19,615 - INFO - Mean training VGG loss: 0.0
2024-10-13 14:45:59,978 - INFO - Mean validation L1 loss: 0.009451658405058565
2024-10-13 14:45:59,979 - INFO - Mean validation SSIM loss: 0.0
2024-10-13 14:45:59,979 - INFO - Mean validation MSE loss: 0.0
2024-10-13 14:45:59,979 - INFO - Mean validation VGG loss: 0.0
2024-10-13 14:46:00,112 - INFO - New best validation Loss 0.009451658405058565, at epoch 21
2024-10-13 14:46:00,236 - INFO - Epoch 22
-------------------------------
2024-10-13 14:46:00,237 - INFO - Learning Rate of group 0: 0.00035
2024-10-13 14:52:57,963 - INFO - Maximum gradient before clipping: 0.9290390014648438
2024-10-13 14:52:57,964 - INFO - Minimum gradient before clipping: -0.889319658279419
2024-10-13 14:52:57,964 - INFO - Mean training L1 loss: 0.007915120084373223
2024-10-13 14:52:57,964 - INFO - Mean training SSIM loss: 0.0
2024-10-13 14:52:57,964 - INFO - Mean training MSE loss: 0.0
2024-10-13 14:52:57,964 - INFO - Mean training VGG loss: 0.0
2024-10-13 14:54:38,747 - INFO - Mean validation L1 loss: 0.008311812689647688
2024-10-13 14:54:38,748 - INFO - Mean validation SSIM loss: 0.0
2024-10-13 14:54:38,748 - INFO - Mean validation MSE loss: 0.0
2024-10-13 14:54:38,748 - INFO - Mean validation VGG loss: 0.0
2024-10-13 14:54:38,922 - INFO - New best validation Loss 0.008311812689647688, at epoch 22
2024-10-13 14:54:39,049 - INFO - Epoch 23
-------------------------------
2024-10-13 14:54:39,049 - INFO - Learning Rate of group 0: 0.00035
2024-10-13 15:01:33,972 - INFO - Maximum gradient before clipping: 0.854150652885437
2024-10-13 15:01:33,973 - INFO - Minimum gradient before clipping: -0.8098450899124146
2024-10-13 15:01:33,973 - INFO - Mean training L1 loss: 0.007856552288656178
2024-10-13 15:01:33,973 - INFO - Mean training SSIM loss: 0.0
2024-10-13 15:01:33,973 - INFO - Mean training MSE loss: 0.0
2024-10-13 15:01:33,973 - INFO - Mean training VGG loss: 0.0
2024-10-13 15:03:14,847 - INFO - Mean validation L1 loss: 0.00761525868302026
2024-10-13 15:03:14,848 - INFO - Mean validation SSIM loss: 0.0
2024-10-13 15:03:14,848 - INFO - Mean validation MSE loss: 0.0
2024-10-13 15:03:14,848 - INFO - Mean validation VGG loss: 0.0
2024-10-13 15:03:14,981 - INFO - New best validation Loss 0.00761525868302026, at epoch 23
2024-10-13 15:03:15,109 - INFO - Epoch 24
-------------------------------
2024-10-13 15:03:15,110 - INFO - Learning Rate of group 0: 0.00035
2024-10-13 15:10:14,652 - INFO - Maximum gradient before clipping: 0.8918856382369995
2024-10-13 15:10:14,653 - INFO - Minimum gradient before clipping: -0.8539040088653564
2024-10-13 15:10:14,653 - INFO - Mean training L1 loss: 0.007463013929878069
2024-10-13 15:10:14,653 - INFO - Mean training SSIM loss: 0.0
2024-10-13 15:10:14,653 - INFO - Mean training MSE loss: 0.0
2024-10-13 15:10:14,653 - INFO - Mean training VGG loss: 0.0
2024-10-13 15:11:54,733 - INFO - Mean validation L1 loss: 0.008700163435866262
2024-10-13 15:11:54,734 - INFO - Mean validation SSIM loss: 0.0
2024-10-13 15:11:54,734 - INFO - Mean validation MSE loss: 0.0
2024-10-13 15:11:54,734 - INFO - Mean validation VGG loss: 0.0
2024-10-13 15:11:54,866 - INFO - Epoch 25
-------------------------------
2024-10-13 15:11:54,867 - INFO - Learning Rate of group 0: 0.00035
2024-10-13 15:18:53,793 - INFO - Maximum gradient before clipping: 0.8574510812759399
2024-10-13 15:18:53,793 - INFO - Minimum gradient before clipping: -0.8502644896507263
2024-10-13 15:18:53,793 - INFO - Mean training L1 loss: 0.007008690599387574
2024-10-13 15:18:53,793 - INFO - Mean training SSIM loss: 0.0
2024-10-13 15:18:53,793 - INFO - Mean training MSE loss: 0.0
2024-10-13 15:18:53,793 - INFO - Mean training VGG loss: 0.0
2024-10-13 15:20:33,841 - INFO - Mean validation L1 loss: 0.0067568974111948095
2024-10-13 15:20:33,841 - INFO - Mean validation SSIM loss: 0.0
2024-10-13 15:20:33,841 - INFO - Mean validation MSE loss: 0.0
2024-10-13 15:20:33,841 - INFO - Mean validation VGG loss: 0.0
2024-10-13 15:20:33,973 - INFO - New best validation Loss 0.0067568974111948095, at epoch 25
2024-10-13 15:20:34,101 - INFO - Epoch 26
-------------------------------
2024-10-13 15:20:34,101 - INFO - Learning Rate of group 0: 0.00035
2024-10-13 15:27:30,465 - INFO - Maximum gradient before clipping: 0.861822783946991
2024-10-13 15:27:30,465 - INFO - Minimum gradient before clipping: -0.8415778875350952
2024-10-13 15:27:30,465 - INFO - Mean training L1 loss: 0.006971110799793007
2024-10-13 15:27:30,465 - INFO - Mean training SSIM loss: 0.0
2024-10-13 15:27:30,465 - INFO - Mean training MSE loss: 0.0
2024-10-13 15:27:30,465 - INFO - Mean training VGG loss: 0.0
2024-10-13 15:29:10,445 - INFO - Mean validation L1 loss: 0.006677768223140149
2024-10-13 15:29:10,446 - INFO - Mean validation SSIM loss: 0.0
2024-10-13 15:29:10,446 - INFO - Mean validation MSE loss: 0.0
2024-10-13 15:29:10,446 - INFO - Mean validation VGG loss: 0.0
2024-10-13 15:29:10,580 - INFO - New best validation Loss 0.006677768223140149, at epoch 26
2024-10-13 15:29:10,706 - INFO - Epoch 27
-------------------------------
2024-10-13 15:29:10,706 - INFO - Learning Rate of group 0: 0.00035
2024-10-13 15:36:08,648 - INFO - Maximum gradient before clipping: 0.832140326499939
2024-10-13 15:36:08,649 - INFO - Minimum gradient before clipping: -0.8324837684631348
2024-10-13 15:36:08,649 - INFO - Mean training L1 loss: 0.006676000999736751
2024-10-13 15:36:08,649 - INFO - Mean training SSIM loss: 0.0
2024-10-13 15:36:08,649 - INFO - Mean training MSE loss: 0.0
2024-10-13 15:36:08,649 - INFO - Mean training VGG loss: 0.0
2024-10-13 15:37:49,766 - INFO - Mean validation L1 loss: 0.0065440600438381145
2024-10-13 15:37:49,767 - INFO - Mean validation SSIM loss: 0.0
2024-10-13 15:37:49,767 - INFO - Mean validation MSE loss: 0.0
2024-10-13 15:37:49,767 - INFO - Mean validation VGG loss: 0.0
2024-10-13 15:37:49,898 - INFO - New best validation Loss 0.0065440600438381145, at epoch 27
2024-10-13 15:37:50,023 - INFO - Epoch 28
-------------------------------
2024-10-13 15:37:50,023 - INFO - Learning Rate of group 0: 0.00035
2024-10-13 15:44:49,290 - INFO - Maximum gradient before clipping: 0.8435239791870117
2024-10-13 15:44:49,290 - INFO - Minimum gradient before clipping: -0.8310015797615051
2024-10-13 15:44:49,290 - INFO - Mean training L1 loss: 0.00647778148417897
2024-10-13 15:44:49,290 - INFO - Mean training SSIM loss: 0.0
2024-10-13 15:44:49,291 - INFO - Mean training MSE loss: 0.0
2024-10-13 15:44:49,291 - INFO - Mean training VGG loss: 0.0
2024-10-13 15:46:29,958 - INFO - Mean validation L1 loss: 0.0045878833557386495
2024-10-13 15:46:29,959 - INFO - Mean validation SSIM loss: 0.0
2024-10-13 15:46:29,959 - INFO - Mean validation MSE loss: 0.0
2024-10-13 15:46:29,959 - INFO - Mean validation VGG loss: 0.0
2024-10-13 15:46:30,152 - INFO - New best validation Loss 0.0045878833557386495, at epoch 28
2024-10-13 15:46:30,279 - INFO - Epoch 29
-------------------------------
2024-10-13 15:46:30,280 - INFO - Learning Rate of group 0: 0.00035
2024-10-13 15:53:26,499 - INFO - Maximum gradient before clipping: 1.0218884944915771
2024-10-13 15:53:26,500 - INFO - Minimum gradient before clipping: -0.8006694316864014
2024-10-13 15:53:26,500 - INFO - Mean training L1 loss: 0.0061641095296819295
2024-10-13 15:53:26,500 - INFO - Mean training SSIM loss: 0.0
2024-10-13 15:53:26,500 - INFO - Mean training MSE loss: 0.0
2024-10-13 15:53:26,500 - INFO - Mean training VGG loss: 0.0
2024-10-13 15:55:07,996 - INFO - Mean validation L1 loss: 0.005367596944173177
2024-10-13 15:55:07,997 - INFO - Mean validation SSIM loss: 0.0
2024-10-13 15:55:07,997 - INFO - Mean validation MSE loss: 0.0
2024-10-13 15:55:07,997 - INFO - Mean validation VGG loss: 0.0
2024-10-13 15:55:08,129 - INFO - Epoch 30
-------------------------------
2024-10-13 15:55:08,129 - INFO - Learning Rate of group 0: 0.00035
2024-10-13 16:02:05,235 - INFO - Maximum gradient before clipping: 0.8370006680488586
2024-10-13 16:02:05,236 - INFO - Minimum gradient before clipping: -0.8257647156715393
2024-10-13 16:02:05,236 - INFO - Mean training L1 loss: 0.005598252535883561
2024-10-13 16:02:05,236 - INFO - Mean training SSIM loss: 0.0
2024-10-13 16:02:05,236 - INFO - Mean training MSE loss: 0.0
2024-10-13 16:02:05,236 - INFO - Mean training VGG loss: 0.0
2024-10-13 16:03:45,666 - INFO - Mean validation L1 loss: 0.005839707569507828
2024-10-13 16:03:45,667 - INFO - Mean validation SSIM loss: 0.0
2024-10-13 16:03:45,667 - INFO - Mean validation MSE loss: 0.0
2024-10-13 16:03:45,667 - INFO - Mean validation VGG loss: 0.0
2024-10-13 16:03:45,853 - INFO - Epoch 31
-------------------------------
2024-10-13 16:03:45,854 - INFO - Learning Rate of group 0: 0.00035
2024-10-13 16:10:44,171 - INFO - Maximum gradient before clipping: 0.8310569524765015
2024-10-13 16:10:44,171 - INFO - Minimum gradient before clipping: -0.9543077349662781
2024-10-13 16:10:44,171 - INFO - Mean training L1 loss: 0.00618431372240753
2024-10-13 16:10:44,171 - INFO - Mean training SSIM loss: 0.0
2024-10-13 16:10:44,171 - INFO - Mean training MSE loss: 0.0
2024-10-13 16:10:44,172 - INFO - Mean training VGG loss: 0.0
2024-10-13 16:12:25,280 - INFO - Mean validation L1 loss: 0.003726276691610876
2024-10-13 16:12:25,281 - INFO - Mean validation SSIM loss: 0.0
2024-10-13 16:12:25,281 - INFO - Mean validation MSE loss: 0.0
2024-10-13 16:12:25,281 - INFO - Mean validation VGG loss: 0.0
2024-10-13 16:12:25,415 - INFO - New best validation Loss 0.003726276691610876, at epoch 31
2024-10-13 16:12:25,539 - INFO - Epoch 32
-------------------------------
2024-10-13 16:12:25,540 - INFO - Learning Rate of group 0: 0.00035
2024-10-13 16:19:22,087 - INFO - Maximum gradient before clipping: 0.7957730889320374
2024-10-13 16:19:22,087 - INFO - Minimum gradient before clipping: -0.7854912877082825
2024-10-13 16:19:22,088 - INFO - Mean training L1 loss: 0.005966811702009918
2024-10-13 16:19:22,088 - INFO - Mean training SSIM loss: 0.0
2024-10-13 16:19:22,088 - INFO - Mean training MSE loss: 0.0
2024-10-13 16:19:22,088 - INFO - Mean training VGG loss: 0.0
2024-10-13 16:21:03,138 - INFO - Mean validation L1 loss: 0.0061831530428638586
2024-10-13 16:21:03,139 - INFO - Mean validation SSIM loss: 0.0
2024-10-13 16:21:03,139 - INFO - Mean validation MSE loss: 0.0
2024-10-13 16:21:03,139 - INFO - Mean validation VGG loss: 0.0
2024-10-13 16:21:03,271 - INFO - Epoch 33
-------------------------------
2024-10-13 16:21:03,271 - INFO - Learning Rate of group 0: 0.00035
2024-10-13 16:28:00,286 - INFO - Maximum gradient before clipping: 0.819840669631958
2024-10-13 16:28:00,286 - INFO - Minimum gradient before clipping: -0.7984617352485657
2024-10-13 16:28:00,287 - INFO - Mean training L1 loss: 0.005778735219589591
2024-10-13 16:28:00,287 - INFO - Mean training SSIM loss: 0.0
2024-10-13 16:28:00,287 - INFO - Mean training MSE loss: 0.0
2024-10-13 16:28:00,287 - INFO - Mean training VGG loss: 0.0
2024-10-13 16:29:40,542 - INFO - Mean validation L1 loss: 0.0036846380435714594
2024-10-13 16:29:40,543 - INFO - Mean validation SSIM loss: 0.0
2024-10-13 16:29:40,543 - INFO - Mean validation MSE loss: 0.0
2024-10-13 16:29:40,543 - INFO - Mean validation VGG loss: 0.0
2024-10-13 16:29:40,698 - INFO - New best validation Loss 0.0036846380435714594, at epoch 33
2024-10-13 16:29:40,871 - INFO - Epoch 34
-------------------------------
2024-10-13 16:29:40,871 - INFO - Learning Rate of group 0: 0.00035
2024-10-13 16:36:39,549 - INFO - Maximum gradient before clipping: 0.7905074954032898
2024-10-13 16:36:39,549 - INFO - Minimum gradient before clipping: -0.7831004858016968
2024-10-13 16:36:39,549 - INFO - Mean training L1 loss: 0.00556395623742945
2024-10-13 16:36:39,550 - INFO - Mean training SSIM loss: 0.0
2024-10-13 16:36:39,550 - INFO - Mean training MSE loss: 0.0
2024-10-13 16:36:39,550 - INFO - Mean training VGG loss: 0.0
2024-10-13 16:38:20,555 - INFO - Mean validation L1 loss: 0.003940883201508843
2024-10-13 16:38:20,556 - INFO - Mean validation SSIM loss: 0.0
2024-10-13 16:38:20,556 - INFO - Mean validation MSE loss: 0.0
2024-10-13 16:38:20,556 - INFO - Mean validation VGG loss: 0.0
2024-10-13 16:38:20,688 - INFO - Epoch 35
-------------------------------
2024-10-13 16:38:20,688 - INFO - Learning Rate of group 0: 0.00035
2024-10-13 16:45:19,472 - INFO - Maximum gradient before clipping: 0.7958225011825562
2024-10-13 16:45:19,472 - INFO - Minimum gradient before clipping: -0.7926734089851379
2024-10-13 16:45:19,473 - INFO - Mean training L1 loss: 0.0057653882435085265
2024-10-13 16:45:19,473 - INFO - Mean training SSIM loss: 0.0
2024-10-13 16:45:19,473 - INFO - Mean training MSE loss: 0.0
2024-10-13 16:45:19,473 - INFO - Mean training VGG loss: 0.0
2024-10-13 16:47:00,177 - INFO - Mean validation L1 loss: 0.0051240707783039375
2024-10-13 16:47:00,177 - INFO - Mean validation SSIM loss: 0.0
2024-10-13 16:47:00,177 - INFO - Mean validation MSE loss: 0.0
2024-10-13 16:47:00,177 - INFO - Mean validation VGG loss: 0.0
2024-10-13 16:47:00,309 - INFO - Epoch 36
-------------------------------
2024-10-13 16:47:00,309 - INFO - Learning Rate of group 0: 0.00035
2024-10-13 16:53:58,500 - INFO - Maximum gradient before clipping: 0.7734835147857666
2024-10-13 16:53:58,501 - INFO - Minimum gradient before clipping: -0.7745392322540283
2024-10-13 16:53:58,501 - INFO - Mean training L1 loss: 0.005690983672507685
2024-10-13 16:53:58,501 - INFO - Mean training SSIM loss: 0.0
2024-10-13 16:53:58,501 - INFO - Mean training MSE loss: 0.0
2024-10-13 16:53:58,501 - INFO - Mean training VGG loss: 0.0
2024-10-13 16:55:38,949 - INFO - Mean validation L1 loss: 0.006662593849482592
2024-10-13 16:55:38,950 - INFO - Mean validation SSIM loss: 0.0
2024-10-13 16:55:38,950 - INFO - Mean validation MSE loss: 0.0
2024-10-13 16:55:38,950 - INFO - Mean validation VGG loss: 0.0
2024-10-13 16:55:39,081 - INFO - Epoch 37
-------------------------------
2024-10-13 16:55:39,082 - INFO - Learning Rate of group 0: 0.00035
2024-10-13 17:02:36,578 - INFO - Maximum gradient before clipping: 0.7781804800033569
2024-10-13 17:02:36,578 - INFO - Minimum gradient before clipping: -0.7659846544265747
2024-10-13 17:02:36,579 - INFO - Mean training L1 loss: 0.005412344391611821
2024-10-13 17:02:36,579 - INFO - Mean training SSIM loss: 0.0
2024-10-13 17:02:36,579 - INFO - Mean training MSE loss: 0.0
2024-10-13 17:02:36,579 - INFO - Mean training VGG loss: 0.0
2024-10-13 17:04:16,563 - INFO - Mean validation L1 loss: 0.005362650744442703
2024-10-13 17:04:16,564 - INFO - Mean validation SSIM loss: 0.0
2024-10-13 17:04:16,564 - INFO - Mean validation MSE loss: 0.0
2024-10-13 17:04:16,564 - INFO - Mean validation VGG loss: 0.0
2024-10-13 17:04:16,697 - INFO - Epoch 38
-------------------------------
2024-10-13 17:04:16,697 - INFO - Learning Rate of group 0: 0.00035
2024-10-13 17:11:13,599 - INFO - Maximum gradient before clipping: 0.7869241237640381
2024-10-13 17:11:13,600 - INFO - Minimum gradient before clipping: -0.7678256034851074
2024-10-13 17:11:13,600 - INFO - Mean training L1 loss: 0.005764398705432434
2024-10-13 17:11:13,600 - INFO - Mean training SSIM loss: 0.0
2024-10-13 17:11:13,600 - INFO - Mean training MSE loss: 0.0
2024-10-13 17:11:13,600 - INFO - Mean training VGG loss: 0.0
2024-10-13 17:12:54,396 - INFO - Mean validation L1 loss: 0.004190587825332469
2024-10-13 17:12:54,397 - INFO - Mean validation SSIM loss: 0.0
2024-10-13 17:12:54,397 - INFO - Mean validation MSE loss: 0.0
2024-10-13 17:12:54,397 - INFO - Mean validation VGG loss: 0.0
2024-10-13 17:12:54,528 - INFO - Epoch 39
-------------------------------
2024-10-13 17:12:54,529 - INFO - Learning Rate of group 0: 0.00035
2024-10-13 17:19:53,535 - INFO - Maximum gradient before clipping: 0.7781194448471069
2024-10-13 17:19:53,535 - INFO - Minimum gradient before clipping: -0.8503224849700928
2024-10-13 17:19:53,536 - INFO - Mean training L1 loss: 0.005847332327889815
2024-10-13 17:19:53,536 - INFO - Mean training SSIM loss: 0.0
2024-10-13 17:19:53,536 - INFO - Mean training MSE loss: 0.0
2024-10-13 17:19:53,536 - INFO - Mean training VGG loss: 0.0
2024-10-13 17:21:33,910 - INFO - Mean validation L1 loss: 0.006204833456298761
2024-10-13 17:21:33,911 - INFO - Mean validation SSIM loss: 0.0
2024-10-13 17:21:33,911 - INFO - Mean validation MSE loss: 0.0
2024-10-13 17:21:33,911 - INFO - Mean validation VGG loss: 0.0
2024-10-13 17:21:34,044 - INFO - Epoch 40
-------------------------------
2024-10-13 17:21:34,045 - INFO - Learning Rate of group 0: 0.00035
2024-10-13 17:28:32,510 - INFO - Maximum gradient before clipping: 0.8340681791305542
2024-10-13 17:28:32,511 - INFO - Minimum gradient before clipping: -0.761727511882782
2024-10-13 17:28:32,511 - INFO - Mean training L1 loss: 0.005345361392486889
2024-10-13 17:28:32,511 - INFO - Mean training SSIM loss: 0.0
2024-10-13 17:28:32,511 - INFO - Mean training MSE loss: 0.0
2024-10-13 17:28:32,511 - INFO - Mean training VGG loss: 0.0
2024-10-13 17:30:12,745 - INFO - Mean validation L1 loss: 0.003803572745459993
2024-10-13 17:30:12,745 - INFO - Mean validation SSIM loss: 0.0
2024-10-13 17:30:12,745 - INFO - Mean validation MSE loss: 0.0
2024-10-13 17:30:12,745 - INFO - Mean validation VGG loss: 0.0
2024-10-13 17:30:12,878 - INFO - Epoch 41
-------------------------------
2024-10-13 17:30:12,878 - INFO - Learning Rate of group 0: 0.00035
2024-10-13 17:37:09,911 - INFO - Maximum gradient before clipping: 0.7508634328842163
2024-10-13 17:37:09,911 - INFO - Minimum gradient before clipping: -0.7501701712608337
2024-10-13 17:37:09,911 - INFO - Mean training L1 loss: 0.005489310872840584
2024-10-13 17:37:09,911 - INFO - Mean training SSIM loss: 0.0
2024-10-13 17:37:09,911 - INFO - Mean training MSE loss: 0.0
2024-10-13 17:37:09,911 - INFO - Mean training VGG loss: 0.0
2024-10-13 17:38:50,333 - INFO - Mean validation L1 loss: 0.008935899844077246
2024-10-13 17:38:50,333 - INFO - Mean validation SSIM loss: 0.0
2024-10-13 17:38:50,333 - INFO - Mean validation MSE loss: 0.0
2024-10-13 17:38:50,333 - INFO - Mean validation VGG loss: 0.0
2024-10-13 17:38:50,466 - INFO - Epoch 42
-------------------------------
2024-10-13 17:38:50,466 - INFO - Learning Rate of group 0: 0.000175
2024-10-13 17:45:47,674 - INFO - Maximum gradient before clipping: 0.7297561168670654
2024-10-13 17:45:47,674 - INFO - Minimum gradient before clipping: -0.7287590503692627
2024-10-13 17:45:47,674 - INFO - Mean training L1 loss: 0.0030536072977749005
2024-10-13 17:45:47,675 - INFO - Mean training SSIM loss: 0.0
2024-10-13 17:45:47,675 - INFO - Mean training MSE loss: 0.0
2024-10-13 17:45:47,675 - INFO - Mean training VGG loss: 0.0
2024-10-13 17:47:27,841 - INFO - Mean validation L1 loss: 0.0028155349339331276
2024-10-13 17:47:27,842 - INFO - Mean validation SSIM loss: 0.0
2024-10-13 17:47:27,842 - INFO - Mean validation MSE loss: 0.0
2024-10-13 17:47:27,842 - INFO - Mean validation VGG loss: 0.0
2024-10-13 17:47:27,974 - INFO - New best validation Loss 0.0028155349339331276, at epoch 42
2024-10-13 17:47:28,098 - INFO - Epoch 43
-------------------------------
2024-10-13 17:47:28,098 - INFO - Learning Rate of group 0: 0.000175
2024-10-13 17:54:29,004 - INFO - Maximum gradient before clipping: 0.7411853075027466
2024-10-13 17:54:29,004 - INFO - Minimum gradient before clipping: -0.701537013053894
2024-10-13 17:54:29,004 - INFO - Mean training L1 loss: 0.002760116758314541
2024-10-13 17:54:29,004 - INFO - Mean training SSIM loss: 0.0
2024-10-13 17:54:29,004 - INFO - Mean training MSE loss: 0.0
2024-10-13 17:54:29,004 - INFO - Mean training VGG loss: 0.0
2024-10-13 17:56:09,274 - INFO - Mean validation L1 loss: 0.003143121078555957
2024-10-13 17:56:09,274 - INFO - Mean validation SSIM loss: 0.0
2024-10-13 17:56:09,274 - INFO - Mean validation MSE loss: 0.0
2024-10-13 17:56:09,274 - INFO - Mean validation VGG loss: 0.0
2024-10-13 17:56:09,405 - INFO - Epoch 44
-------------------------------
2024-10-13 17:56:09,405 - INFO - Learning Rate of group 0: 0.000175
2024-10-13 18:03:06,778 - INFO - Maximum gradient before clipping: 0.7410732507705688
2024-10-13 18:03:06,778 - INFO - Minimum gradient before clipping: -0.74051833152771
2024-10-13 18:03:06,778 - INFO - Mean training L1 loss: 0.003012177647748692
2024-10-13 18:03:06,779 - INFO - Mean training SSIM loss: 0.0
2024-10-13 18:03:06,779 - INFO - Mean training MSE loss: 0.0
2024-10-13 18:03:06,779 - INFO - Mean training VGG loss: 0.0
2024-10-13 18:04:48,763 - INFO - Mean validation L1 loss: 0.0023856047140597774
2024-10-13 18:04:48,763 - INFO - Mean validation SSIM loss: 0.0
2024-10-13 18:04:48,763 - INFO - Mean validation MSE loss: 0.0
2024-10-13 18:04:48,763 - INFO - Mean validation VGG loss: 0.0
2024-10-13 18:04:48,897 - INFO - New best validation Loss 0.0023856047140597774, at epoch 44
2024-10-13 18:04:49,024 - INFO - Epoch 45
-------------------------------
2024-10-13 18:04:49,024 - INFO - Learning Rate of group 0: 0.000175
2024-10-13 18:11:45,503 - INFO - Maximum gradient before clipping: 0.7588139772415161
2024-10-13 18:11:45,504 - INFO - Minimum gradient before clipping: -0.7240251302719116
2024-10-13 18:11:45,504 - INFO - Mean training L1 loss: 0.0031127707586496916
2024-10-13 18:11:45,504 - INFO - Mean training SSIM loss: 0.0
2024-10-13 18:11:45,504 - INFO - Mean training MSE loss: 0.0
2024-10-13 18:11:45,504 - INFO - Mean training VGG loss: 0.0
2024-10-13 18:13:26,260 - INFO - Mean validation L1 loss: 0.003459913304146401
2024-10-13 18:13:26,260 - INFO - Mean validation SSIM loss: 0.0
2024-10-13 18:13:26,261 - INFO - Mean validation MSE loss: 0.0
2024-10-13 18:13:26,261 - INFO - Mean validation VGG loss: 0.0
2024-10-13 18:13:26,402 - INFO - Epoch 46
-------------------------------
2024-10-13 18:13:26,402 - INFO - Learning Rate of group 0: 0.000175
2024-10-13 18:20:22,264 - INFO - Maximum gradient before clipping: 0.7266395688056946
2024-10-13 18:20:22,265 - INFO - Minimum gradient before clipping: -0.7522320747375488
2024-10-13 18:20:22,265 - INFO - Mean training L1 loss: 0.002939106421995128
2024-10-13 18:20:22,265 - INFO - Mean training SSIM loss: 0.0
2024-10-13 18:20:22,265 - INFO - Mean training MSE loss: 0.0
2024-10-13 18:20:22,265 - INFO - Mean training VGG loss: 0.0
2024-10-13 18:22:02,344 - INFO - Mean validation L1 loss: 0.0024854233250163537
2024-10-13 18:22:02,344 - INFO - Mean validation SSIM loss: 0.0
2024-10-13 18:22:02,344 - INFO - Mean validation MSE loss: 0.0
2024-10-13 18:22:02,344 - INFO - Mean validation VGG loss: 0.0
2024-10-13 18:22:02,734 - INFO - Epoch 47
-------------------------------
2024-10-13 18:22:02,734 - INFO - Learning Rate of group 0: 0.000175
2024-10-13 18:28:58,134 - INFO - Maximum gradient before clipping: 0.7423282861709595
2024-10-13 18:28:58,135 - INFO - Minimum gradient before clipping: -0.7234536409378052
2024-10-13 18:28:58,135 - INFO - Mean training L1 loss: 0.002959829503547613
2024-10-13 18:28:58,135 - INFO - Mean training SSIM loss: 0.0
2024-10-13 18:28:58,135 - INFO - Mean training MSE loss: 0.0
2024-10-13 18:28:58,135 - INFO - Mean training VGG loss: 0.0
2024-10-13 18:30:38,937 - INFO - Mean validation L1 loss: 0.0026575168336017262
2024-10-13 18:30:38,938 - INFO - Mean validation SSIM loss: 0.0
2024-10-13 18:30:38,938 - INFO - Mean validation MSE loss: 0.0
2024-10-13 18:30:38,938 - INFO - Mean validation VGG loss: 0.0
2024-10-13 18:30:39,072 - INFO - Epoch 48
-------------------------------
2024-10-13 18:30:39,072 - INFO - Learning Rate of group 0: 0.000175
2024-10-13 18:37:35,830 - INFO - Maximum gradient before clipping: 0.7548822164535522
2024-10-13 18:37:35,831 - INFO - Minimum gradient before clipping: -0.7371814846992493
2024-10-13 18:37:35,831 - INFO - Mean training L1 loss: 0.0028931213320215203
2024-10-13 18:37:35,831 - INFO - Mean training SSIM loss: 0.0
2024-10-13 18:37:35,831 - INFO - Mean training MSE loss: 0.0
2024-10-13 18:37:35,831 - INFO - Mean training VGG loss: 0.0
2024-10-13 18:39:16,396 - INFO - Mean validation L1 loss: 0.004668678543721026
2024-10-13 18:39:16,397 - INFO - Mean validation SSIM loss: 0.0
2024-10-13 18:39:16,397 - INFO - Mean validation MSE loss: 0.0
2024-10-13 18:39:16,397 - INFO - Mean validation VGG loss: 0.0
2024-10-13 18:39:16,530 - INFO - Epoch 49
-------------------------------
2024-10-13 18:39:16,531 - INFO - Learning Rate of group 0: 0.000175
2024-10-13 18:46:14,228 - INFO - Maximum gradient before clipping: 0.7488345503807068
2024-10-13 18:46:14,279 - INFO - Minimum gradient before clipping: -0.7558478116989136
2024-10-13 18:46:14,280 - INFO - Mean training L1 loss: 0.0029100106310134817
2024-10-13 18:46:14,280 - INFO - Mean training SSIM loss: 0.0
2024-10-13 18:46:14,280 - INFO - Mean training MSE loss: 0.0
2024-10-13 18:46:14,280 - INFO - Mean training VGG loss: 0.0
2024-10-13 18:48:39,358 - INFO - Mean validation L1 loss: 0.007162219256554779
2024-10-13 18:48:39,358 - INFO - Mean validation SSIM loss: 0.0
2024-10-13 18:48:39,358 - INFO - Mean validation MSE loss: 0.0
2024-10-13 18:48:39,359 - INFO - Mean validation VGG loss: 0.0
2024-10-13 18:48:39,494 - INFO - Epoch 50
-------------------------------
2024-10-13 18:48:39,495 - INFO - Learning Rate of group 0: 0.000175
2024-10-13 18:55:54,072 - INFO - Maximum gradient before clipping: 0.754509449005127
2024-10-13 18:55:54,072 - INFO - Minimum gradient before clipping: -0.7376207113265991
2024-10-13 18:55:54,073 - INFO - Mean training L1 loss: 0.0033779634172328658
2024-10-13 18:55:54,073 - INFO - Mean training SSIM loss: 0.0
2024-10-13 18:55:54,073 - INFO - Mean training MSE loss: 0.0
2024-10-13 18:55:54,073 - INFO - Mean training VGG loss: 0.0
2024-10-13 18:57:34,192 - INFO - Mean validation L1 loss: 0.0029576149720110393
2024-10-13 18:57:34,192 - INFO - Mean validation SSIM loss: 0.0
2024-10-13 18:57:34,192 - INFO - Mean validation MSE loss: 0.0
2024-10-13 18:57:34,193 - INFO - Mean validation VGG loss: 0.0
2024-10-13 18:57:34,325 - INFO - Epoch 51
-------------------------------
2024-10-13 18:57:34,326 - INFO - Learning Rate of group 0: 0.000175
2024-10-13 19:04:32,107 - INFO - Maximum gradient before clipping: 0.7195742130279541
2024-10-13 19:04:32,108 - INFO - Minimum gradient before clipping: -0.7027371525764465
2024-10-13 19:04:32,108 - INFO - Mean training L1 loss: 0.0028166081035362438
2024-10-13 19:04:32,108 - INFO - Mean training SSIM loss: 0.0
2024-10-13 19:04:32,108 - INFO - Mean training MSE loss: 0.0
2024-10-13 19:04:32,108 - INFO - Mean training VGG loss: 0.0
2024-10-13 19:06:11,739 - INFO - Mean validation L1 loss: 0.0018620846421343454
2024-10-13 19:06:11,740 - INFO - Mean validation SSIM loss: 0.0
2024-10-13 19:06:11,740 - INFO - Mean validation MSE loss: 0.0
2024-10-13 19:06:11,740 - INFO - Mean validation VGG loss: 0.0
2024-10-13 19:06:11,870 - INFO - New best validation Loss 0.0018620846421343454, at epoch 51
2024-10-13 19:06:11,996 - INFO - Epoch 52
-------------------------------
2024-10-13 19:06:11,996 - INFO - Learning Rate of group 0: 0.000175
2024-10-13 19:13:09,075 - INFO - Maximum gradient before clipping: 0.7589582204818726
2024-10-13 19:13:09,076 - INFO - Minimum gradient before clipping: -0.7420545816421509
2024-10-13 19:13:09,076 - INFO - Mean training L1 loss: 0.0029221182534986587
2024-10-13 19:13:09,076 - INFO - Mean training SSIM loss: 0.0
2024-10-13 19:13:09,076 - INFO - Mean training MSE loss: 0.0
2024-10-13 19:13:09,076 - INFO - Mean training VGG loss: 0.0
2024-10-13 19:14:49,699 - INFO - Mean validation L1 loss: 0.0029166925620908537
2024-10-13 19:14:49,700 - INFO - Mean validation SSIM loss: 0.0
2024-10-13 19:14:49,700 - INFO - Mean validation MSE loss: 0.0
2024-10-13 19:14:49,700 - INFO - Mean validation VGG loss: 0.0
2024-10-13 19:14:49,832 - INFO - Epoch 53
-------------------------------
2024-10-13 19:14:49,833 - INFO - Learning Rate of group 0: 0.000175
2024-10-13 19:21:47,126 - INFO - Maximum gradient before clipping: 0.7322549223899841
2024-10-13 19:21:47,127 - INFO - Minimum gradient before clipping: -0.7648629546165466
2024-10-13 19:21:47,127 - INFO - Mean training L1 loss: 0.0027976438812543345
2024-10-13 19:21:47,127 - INFO - Mean training SSIM loss: 0.0
2024-10-13 19:21:47,127 - INFO - Mean training MSE loss: 0.0
2024-10-13 19:21:47,127 - INFO - Mean training VGG loss: 0.0
2024-10-13 19:23:28,081 - INFO - Mean validation L1 loss: 0.003094278432548656
2024-10-13 19:23:28,082 - INFO - Mean validation SSIM loss: 0.0
2024-10-13 19:23:28,082 - INFO - Mean validation MSE loss: 0.0
2024-10-13 19:23:28,082 - INFO - Mean validation VGG loss: 0.0
2024-10-13 19:23:28,215 - INFO - Epoch 54
-------------------------------
2024-10-13 19:23:28,216 - INFO - Learning Rate of group 0: 0.000175
2024-10-13 19:30:26,237 - INFO - Maximum gradient before clipping: 0.7555510997772217
2024-10-13 19:30:26,238 - INFO - Minimum gradient before clipping: -0.730525016784668
2024-10-13 19:30:26,238 - INFO - Mean training L1 loss: 0.0029956286556276973
2024-10-13 19:30:26,238 - INFO - Mean training SSIM loss: 0.0
2024-10-13 19:30:26,238 - INFO - Mean training MSE loss: 0.0
2024-10-13 19:30:26,238 - INFO - Mean training VGG loss: 0.0
2024-10-13 19:32:08,785 - INFO - Mean validation L1 loss: 0.0022789576194352573
2024-10-13 19:32:08,786 - INFO - Mean validation SSIM loss: 0.0
2024-10-13 19:32:08,786 - INFO - Mean validation MSE loss: 0.0
2024-10-13 19:32:08,786 - INFO - Mean validation VGG loss: 0.0
2024-10-13 19:32:08,920 - INFO - Epoch 55
-------------------------------
2024-10-13 19:32:08,920 - INFO - Learning Rate of group 0: 0.000175
2024-10-13 19:39:07,578 - INFO - Maximum gradient before clipping: 0.743811845779419
2024-10-13 19:39:07,579 - INFO - Minimum gradient before clipping: -0.710658848285675
2024-10-13 19:39:07,579 - INFO - Mean training L1 loss: 0.0029607651786575993
2024-10-13 19:39:07,579 - INFO - Mean training SSIM loss: 0.0
2024-10-13 19:39:07,579 - INFO - Mean training MSE loss: 0.0
2024-10-13 19:39:07,579 - INFO - Mean training VGG loss: 0.0
2024-10-13 19:40:49,126 - INFO - Mean validation L1 loss: 0.002892482670416173
2024-10-13 19:40:49,126 - INFO - Mean validation SSIM loss: 0.0
2024-10-13 19:40:49,126 - INFO - Mean validation MSE loss: 0.0
2024-10-13 19:40:49,126 - INFO - Mean validation VGG loss: 0.0
2024-10-13 19:40:49,261 - INFO - Epoch 56
-------------------------------
2024-10-13 19:40:49,261 - INFO - Learning Rate of group 0: 0.000175
2024-10-13 19:47:47,639 - INFO - Maximum gradient before clipping: 0.7279322147369385
2024-10-13 19:47:47,640 - INFO - Minimum gradient before clipping: -0.7181516289710999
2024-10-13 19:47:47,640 - INFO - Mean training L1 loss: 0.0029799824164318547
2024-10-13 19:47:47,640 - INFO - Mean training SSIM loss: 0.0
2024-10-13 19:47:47,640 - INFO - Mean training MSE loss: 0.0
2024-10-13 19:47:47,640 - INFO - Mean training VGG loss: 0.0
2024-10-13 19:49:28,253 - INFO - Mean validation L1 loss: 0.004147779899077457
2024-10-13 19:49:28,254 - INFO - Mean validation SSIM loss: 0.0
2024-10-13 19:49:28,254 - INFO - Mean validation MSE loss: 0.0
2024-10-13 19:49:28,254 - INFO - Mean validation VGG loss: 0.0
2024-10-13 19:49:28,386 - INFO - Epoch 57
-------------------------------
2024-10-13 19:49:28,386 - INFO - Learning Rate of group 0: 0.000175
2024-10-13 19:56:38,321 - INFO - NOTE: None
2024-10-13 19:56:38,339 - INFO - Torch, random, numpy seed: 88
2024-10-13 19:56:40,514 - INFO - Resuming training from checkpoint /home/nikoskot/earthnetThesis/experiments/weatherDataAE/weatherDataAE_13-10-2024_11-56-21/checkpointLast.pth from epoch 57
2024-10-13 19:57:00,096 - INFO - Epoch 57
-------------------------------
2024-10-13 19:57:00,096 - INFO - Learning Rate of group 0: 0.000175
2024-10-13 20:05:59,048 - INFO - Maximum gradient before clipping: 0.7397387623786926
2024-10-13 20:05:59,108 - INFO - Minimum gradient before clipping: -0.7359473705291748
2024-10-13 20:05:59,109 - INFO - Mean training L1 loss: 0.002873679216832501
2024-10-13 20:05:59,109 - INFO - Mean training SSIM loss: 0.0
2024-10-13 20:05:59,109 - INFO - Mean training MSE loss: 0.0
2024-10-13 20:05:59,109 - INFO - Mean training VGG loss: 0.0
2024-10-13 20:08:18,233 - INFO - Mean validation L1 loss: 0.0023621477415425736
2024-10-13 20:08:18,234 - INFO - Mean validation SSIM loss: 0.0
2024-10-13 20:08:18,234 - INFO - Mean validation MSE loss: 0.0
2024-10-13 20:08:18,234 - INFO - Mean validation VGG loss: 0.0
2024-10-13 20:08:18,401 - INFO - Epoch 58
-------------------------------
2024-10-13 20:08:18,402 - INFO - Learning Rate of group 0: 0.000175
2024-10-13 20:17:07,423 - INFO - Maximum gradient before clipping: 0.7467976212501526
2024-10-13 20:17:07,423 - INFO - Minimum gradient before clipping: -0.8361848592758179
2024-10-13 20:17:07,423 - INFO - Mean training L1 loss: 0.002967095017872238
2024-10-13 20:17:07,423 - INFO - Mean training SSIM loss: 0.0
2024-10-13 20:17:07,423 - INFO - Mean training MSE loss: 0.0
2024-10-13 20:17:07,423 - INFO - Mean training VGG loss: 0.0
2024-10-13 20:19:41,151 - INFO - Mean validation L1 loss: 0.0029942472914658617
2024-10-13 20:19:41,152 - INFO - Mean validation SSIM loss: 0.0
2024-10-13 20:19:41,152 - INFO - Mean validation MSE loss: 0.0
2024-10-13 20:19:41,152 - INFO - Mean validation VGG loss: 0.0
2024-10-13 20:19:41,513 - INFO - Epoch 59
-------------------------------
2024-10-13 20:19:41,513 - INFO - Learning Rate of group 0: 0.000175
2024-10-13 20:27:58,016 - INFO - Maximum gradient before clipping: 0.752507746219635
2024-10-13 20:27:58,016 - INFO - Minimum gradient before clipping: -0.7194167375564575
2024-10-13 20:27:58,016 - INFO - Mean training L1 loss: 0.0028028345989311552
2024-10-13 20:27:58,016 - INFO - Mean training SSIM loss: 0.0
2024-10-13 20:27:58,016 - INFO - Mean training MSE loss: 0.0
2024-10-13 20:27:58,016 - INFO - Mean training VGG loss: 0.0
2024-10-13 20:29:54,303 - INFO - Mean validation L1 loss: 0.0026435184922908046
2024-10-13 20:29:54,304 - INFO - Mean validation SSIM loss: 0.0
2024-10-13 20:29:54,304 - INFO - Mean validation MSE loss: 0.0
2024-10-13 20:29:54,304 - INFO - Mean validation VGG loss: 0.0
2024-10-13 20:29:54,437 - INFO - Epoch 60
-------------------------------
2024-10-13 20:29:54,437 - INFO - Learning Rate of group 0: 0.000175
2024-10-13 20:38:03,359 - INFO - Maximum gradient before clipping: 0.7168917059898376
2024-10-13 20:38:03,359 - INFO - Minimum gradient before clipping: -0.7042814493179321
2024-10-13 20:38:03,359 - INFO - Mean training L1 loss: 0.002917431918924639
2024-10-13 20:38:03,359 - INFO - Mean training SSIM loss: 0.0
2024-10-13 20:38:03,360 - INFO - Mean training MSE loss: 0.0
2024-10-13 20:38:03,360 - INFO - Mean training VGG loss: 0.0
2024-10-13 20:40:00,585 - INFO - Mean validation L1 loss: 0.002578510004177428
2024-10-13 20:40:00,585 - INFO - Mean validation SSIM loss: 0.0
2024-10-13 20:40:00,585 - INFO - Mean validation MSE loss: 0.0
2024-10-13 20:40:00,585 - INFO - Mean validation VGG loss: 0.0
2024-10-13 20:40:00,720 - INFO - Epoch 61
-------------------------------
2024-10-13 20:40:00,720 - INFO - Learning Rate of group 0: 8.75e-05
2024-10-13 20:48:03,676 - INFO - Maximum gradient before clipping: 0.5310075283050537
2024-10-13 20:48:03,677 - INFO - Minimum gradient before clipping: -0.5155551433563232
2024-10-13 20:48:03,677 - INFO - Mean training L1 loss: 0.0016292462014289107
2024-10-13 20:48:03,677 - INFO - Mean training SSIM loss: 0.0
2024-10-13 20:48:03,677 - INFO - Mean training MSE loss: 0.0
2024-10-13 20:48:03,677 - INFO - Mean training VGG loss: 0.0
2024-10-13 20:50:03,714 - INFO - Mean validation L1 loss: 0.0015902396690438104
2024-10-13 20:50:03,715 - INFO - Mean validation SSIM loss: 0.0
2024-10-13 20:50:03,715 - INFO - Mean validation MSE loss: 0.0
2024-10-13 20:50:03,715 - INFO - Mean validation VGG loss: 0.0
2024-10-13 20:50:03,850 - INFO - New best validation Loss 0.0015902396690438104, at epoch 61
2024-10-13 20:50:03,979 - INFO - Epoch 62
-------------------------------
2024-10-13 20:50:03,980 - INFO - Learning Rate of group 0: 8.75e-05
2024-10-13 20:57:56,483 - INFO - Maximum gradient before clipping: 0.6533641815185547
2024-10-13 20:57:56,484 - INFO - Minimum gradient before clipping: -0.6537455320358276
2024-10-13 20:57:56,484 - INFO - Mean training L1 loss: 0.0018645471212826396
2024-10-13 20:57:56,484 - INFO - Mean training SSIM loss: 0.0
2024-10-13 20:57:56,484 - INFO - Mean training MSE loss: 0.0
2024-10-13 20:57:56,484 - INFO - Mean training VGG loss: 0.0
2024-10-13 20:59:48,203 - INFO - Mean validation L1 loss: 0.001537386626849354
2024-10-13 20:59:48,203 - INFO - Mean validation SSIM loss: 0.0
2024-10-13 20:59:48,204 - INFO - Mean validation MSE loss: 0.0
2024-10-13 20:59:48,204 - INFO - Mean validation VGG loss: 0.0
2024-10-13 20:59:48,343 - INFO - New best validation Loss 0.001537386626849354, at epoch 62
2024-10-13 20:59:48,473 - INFO - Epoch 63
-------------------------------
2024-10-13 20:59:48,473 - INFO - Learning Rate of group 0: 8.75e-05
2024-10-13 21:07:42,304 - INFO - Maximum gradient before clipping: 0.5887315273284912
2024-10-13 21:07:42,304 - INFO - Minimum gradient before clipping: -0.631902277469635
2024-10-13 21:07:42,304 - INFO - Mean training L1 loss: 0.0018282897452009763
2024-10-13 21:07:42,304 - INFO - Mean training SSIM loss: 0.0
2024-10-13 21:07:42,304 - INFO - Mean training MSE loss: 0.0
2024-10-13 21:07:42,304 - INFO - Mean training VGG loss: 0.0
2024-10-13 21:09:35,910 - INFO - Mean validation L1 loss: 0.001511514466664378
2024-10-13 21:09:35,911 - INFO - Mean validation SSIM loss: 0.0
2024-10-13 21:09:35,911 - INFO - Mean validation MSE loss: 0.0
2024-10-13 21:09:35,911 - INFO - Mean validation VGG loss: 0.0
2024-10-13 21:09:36,043 - INFO - New best validation Loss 0.001511514466664378, at epoch 63
2024-10-13 21:09:36,167 - INFO - Epoch 64
-------------------------------
2024-10-13 21:09:36,167 - INFO - Learning Rate of group 0: 8.75e-05
2024-10-13 21:17:14,861 - INFO - Maximum gradient before clipping: 0.690438985824585
2024-10-13 21:17:14,888 - INFO - Minimum gradient before clipping: -0.6904247999191284
2024-10-13 21:17:14,888 - INFO - Mean training L1 loss: 0.0018225866281270631
2024-10-13 21:17:14,888 - INFO - Mean training SSIM loss: 0.0
2024-10-13 21:17:14,889 - INFO - Mean training MSE loss: 0.0
2024-10-13 21:17:14,889 - INFO - Mean training VGG loss: 0.0
2024-10-13 21:19:10,708 - INFO - Mean validation L1 loss: 0.0014106977563514782
2024-10-13 21:19:10,710 - INFO - Mean validation SSIM loss: 0.0
2024-10-13 21:19:10,710 - INFO - Mean validation MSE loss: 0.0
2024-10-13 21:19:10,711 - INFO - Mean validation VGG loss: 0.0
2024-10-13 21:19:10,868 - INFO - New best validation Loss 0.0014106977563514782, at epoch 64
2024-10-13 21:19:11,005 - INFO - Epoch 65
-------------------------------
2024-10-13 21:19:11,006 - INFO - Learning Rate of group 0: 8.75e-05
2024-10-13 21:28:21,064 - INFO - Maximum gradient before clipping: 0.7112036943435669
2024-10-13 21:28:21,065 - INFO - Minimum gradient before clipping: -0.6695257425308228
2024-10-13 21:28:21,065 - INFO - Mean training L1 loss: 0.0017990053224508236
2024-10-13 21:28:21,065 - INFO - Mean training SSIM loss: 0.0
2024-10-13 21:28:21,065 - INFO - Mean training MSE loss: 0.0
2024-10-13 21:28:21,065 - INFO - Mean training VGG loss: 0.0
2024-10-13 21:30:51,985 - INFO - Mean validation L1 loss: 0.0017003920678136466
2024-10-13 21:30:51,986 - INFO - Mean validation SSIM loss: 0.0
2024-10-13 21:30:51,986 - INFO - Mean validation MSE loss: 0.0
2024-10-13 21:30:51,986 - INFO - Mean validation VGG loss: 0.0
2024-10-13 21:30:52,133 - INFO - Epoch 66
-------------------------------
2024-10-13 21:30:52,133 - INFO - Learning Rate of group 0: 8.75e-05
2024-10-13 22:07:50,697 - INFO - Maximum gradient before clipping: 0.6472369432449341
2024-10-13 22:07:50,930 - INFO - Minimum gradient before clipping: -0.6333097815513611
2024-10-13 22:07:50,931 - INFO - Mean training L1 loss: 0.0018544103726124224
2024-10-13 22:07:50,931 - INFO - Mean training SSIM loss: 0.0
2024-10-13 22:07:50,931 - INFO - Mean training MSE loss: 0.0
2024-10-13 22:07:50,931 - INFO - Mean training VGG loss: 0.0
2024-10-13 22:15:30,744 - INFO - Mean validation L1 loss: 0.0017426527004514695
2024-10-13 22:15:30,745 - INFO - Mean validation SSIM loss: 0.0
2024-10-13 22:15:30,745 - INFO - Mean validation MSE loss: 0.0
2024-10-13 22:15:30,745 - INFO - Mean validation VGG loss: 0.0
2024-10-13 22:15:30,881 - INFO - Epoch 67
-------------------------------
2024-10-13 22:15:30,881 - INFO - Learning Rate of group 0: 8.75e-05
2024-10-13 22:23:58,031 - INFO - Maximum gradient before clipping: 0.6557405591011047
2024-10-13 22:23:58,032 - INFO - Minimum gradient before clipping: -0.6721330881118774
2024-10-13 22:23:58,032 - INFO - Mean training L1 loss: 0.0017942064893425144
2024-10-13 22:23:58,032 - INFO - Mean training SSIM loss: 0.0
2024-10-13 22:23:58,032 - INFO - Mean training MSE loss: 0.0
2024-10-13 22:23:58,032 - INFO - Mean training VGG loss: 0.0
2024-10-13 22:26:12,249 - INFO - Mean validation L1 loss: 0.0015018800503645113
2024-10-13 22:26:12,250 - INFO - Mean validation SSIM loss: 0.0
2024-10-13 22:26:12,250 - INFO - Mean validation MSE loss: 0.0
2024-10-13 22:26:12,250 - INFO - Mean validation VGG loss: 0.0
2024-10-13 22:26:12,390 - INFO - Epoch 68
-------------------------------
2024-10-13 22:26:12,390 - INFO - Learning Rate of group 0: 8.75e-05
2024-10-13 22:34:23,023 - INFO - Maximum gradient before clipping: 0.6051120758056641
2024-10-13 22:34:23,023 - INFO - Minimum gradient before clipping: -0.6032929420471191
2024-10-13 22:34:23,024 - INFO - Mean training L1 loss: 0.0017888646209435223
2024-10-13 22:34:23,024 - INFO - Mean training SSIM loss: 0.0
2024-10-13 22:34:23,024 - INFO - Mean training MSE loss: 0.0
2024-10-13 22:34:23,024 - INFO - Mean training VGG loss: 0.0
2024-10-13 22:36:16,086 - INFO - Mean validation L1 loss: 0.00268735098230451
2024-10-13 22:36:16,087 - INFO - Mean validation SSIM loss: 0.0
2024-10-13 22:36:16,087 - INFO - Mean validation MSE loss: 0.0
2024-10-13 22:36:16,087 - INFO - Mean validation VGG loss: 0.0
2024-10-13 22:36:16,226 - INFO - Epoch 69
-------------------------------
2024-10-13 22:36:16,227 - INFO - Learning Rate of group 0: 8.75e-05
2024-10-13 22:44:05,725 - INFO - Maximum gradient before clipping: 0.6794346570968628
2024-10-13 22:44:05,726 - INFO - Minimum gradient before clipping: -0.6545718908309937
2024-10-13 22:44:05,726 - INFO - Mean training L1 loss: 0.0018899991830857265
2024-10-13 22:44:05,726 - INFO - Mean training SSIM loss: 0.0
2024-10-13 22:44:05,726 - INFO - Mean training MSE loss: 0.0
2024-10-13 22:44:05,726 - INFO - Mean training VGG loss: 0.0
2024-10-13 22:45:59,263 - INFO - Mean validation L1 loss: 0.0024840681070233124
2024-10-13 22:45:59,264 - INFO - Mean validation SSIM loss: 0.0
2024-10-13 22:45:59,264 - INFO - Mean validation MSE loss: 0.0
2024-10-13 22:45:59,264 - INFO - Mean validation VGG loss: 0.0
2024-10-13 22:45:59,403 - INFO - Epoch 70
-------------------------------
2024-10-13 22:45:59,403 - INFO - Learning Rate of group 0: 8.75e-05
2024-10-13 22:53:39,420 - INFO - Maximum gradient before clipping: 0.684501588344574
2024-10-13 22:53:39,421 - INFO - Minimum gradient before clipping: -0.6425442695617676
2024-10-13 22:53:39,421 - INFO - Mean training L1 loss: 0.0018920913265539417
2024-10-13 22:53:39,421 - INFO - Mean training SSIM loss: 0.0
2024-10-13 22:53:39,421 - INFO - Mean training MSE loss: 0.0
2024-10-13 22:53:39,421 - INFO - Mean training VGG loss: 0.0
2024-10-13 22:55:33,752 - INFO - Mean validation L1 loss: 0.0014973530281683681
2024-10-13 22:55:33,753 - INFO - Mean validation SSIM loss: 0.0
2024-10-13 22:55:33,753 - INFO - Mean validation MSE loss: 0.0
2024-10-13 22:55:33,753 - INFO - Mean validation VGG loss: 0.0
2024-10-13 22:55:33,888 - INFO - Epoch 71
-------------------------------
2024-10-13 22:55:33,889 - INFO - Learning Rate of group 0: 8.75e-05
2024-10-13 23:03:10,583 - INFO - Maximum gradient before clipping: 0.6564168334007263
2024-10-13 23:03:10,584 - INFO - Minimum gradient before clipping: -0.6236701011657715
2024-10-13 23:03:10,584 - INFO - Mean training L1 loss: 0.0018454517659187142
2024-10-13 23:03:10,584 - INFO - Mean training SSIM loss: 0.0
2024-10-13 23:03:10,584 - INFO - Mean training MSE loss: 0.0
2024-10-13 23:03:10,584 - INFO - Mean training VGG loss: 0.0
2024-10-13 23:05:05,676 - INFO - Mean validation L1 loss: 0.001670672661728329
2024-10-13 23:05:05,677 - INFO - Mean validation SSIM loss: 0.0
2024-10-13 23:05:05,677 - INFO - Mean validation MSE loss: 0.0
2024-10-13 23:05:05,677 - INFO - Mean validation VGG loss: 0.0
2024-10-13 23:05:05,820 - INFO - Epoch 72
-------------------------------
2024-10-13 23:05:05,821 - INFO - Learning Rate of group 0: 8.75e-05
2024-10-13 23:12:53,920 - INFO - Maximum gradient before clipping: 0.6545697450637817
2024-10-13 23:12:53,921 - INFO - Minimum gradient before clipping: -0.5903973579406738
2024-10-13 23:12:53,921 - INFO - Mean training L1 loss: 0.001792384651598642
2024-10-13 23:12:53,921 - INFO - Mean training SSIM loss: 0.0
2024-10-13 23:12:53,921 - INFO - Mean training MSE loss: 0.0
2024-10-13 23:12:53,921 - INFO - Mean training VGG loss: 0.0
2024-10-13 23:14:49,210 - INFO - Mean validation L1 loss: 0.0015294109382639415
2024-10-13 23:14:49,210 - INFO - Mean validation SSIM loss: 0.0
2024-10-13 23:14:49,211 - INFO - Mean validation MSE loss: 0.0
2024-10-13 23:14:49,211 - INFO - Mean validation VGG loss: 0.0
2024-10-13 23:14:49,352 - INFO - Epoch 73
-------------------------------
2024-10-13 23:14:49,353 - INFO - Learning Rate of group 0: 4.375e-05
2024-10-13 23:22:31,030 - INFO - Maximum gradient before clipping: 0.36917293071746826
2024-10-13 23:22:31,031 - INFO - Minimum gradient before clipping: -0.45501646399497986
2024-10-13 23:22:31,031 - INFO - Mean training L1 loss: 0.0013325328161935888
2024-10-13 23:22:31,031 - INFO - Mean training SSIM loss: 0.0
2024-10-13 23:22:31,031 - INFO - Mean training MSE loss: 0.0
2024-10-13 23:22:31,031 - INFO - Mean training VGG loss: 0.0
2024-10-13 23:24:38,098 - INFO - Mean validation L1 loss: 0.0012464965635785364
2024-10-13 23:24:38,111 - INFO - Mean validation SSIM loss: 0.0
2024-10-13 23:24:38,111 - INFO - Mean validation MSE loss: 0.0
2024-10-13 23:24:38,111 - INFO - Mean validation VGG loss: 0.0
2024-10-13 23:24:38,350 - INFO - New best validation Loss 0.0012464965635785364, at epoch 73
2024-10-13 23:24:38,543 - INFO - Epoch 74
-------------------------------
2024-10-13 23:24:38,544 - INFO - Learning Rate of group 0: 4.375e-05
2024-10-13 23:32:59,328 - INFO - Maximum gradient before clipping: 0.5051272511482239
2024-10-13 23:32:59,342 - INFO - Minimum gradient before clipping: -0.4185030460357666
2024-10-13 23:32:59,342 - INFO - Mean training L1 loss: 0.0013347700659913798
2024-10-13 23:32:59,342 - INFO - Mean training SSIM loss: 0.0
2024-10-13 23:32:59,342 - INFO - Mean training MSE loss: 0.0
2024-10-13 23:32:59,342 - INFO - Mean training VGG loss: 0.0
2024-10-13 23:35:02,423 - INFO - Mean validation L1 loss: 0.0012390754459295095
2024-10-13 23:35:02,436 - INFO - Mean validation SSIM loss: 0.0
2024-10-13 23:35:02,436 - INFO - Mean validation MSE loss: 0.0
2024-10-13 23:35:02,436 - INFO - Mean validation VGG loss: 0.0
2024-10-13 23:35:02,643 - INFO - New best validation Loss 0.0012390754459295095, at epoch 74
2024-10-13 23:35:02,830 - INFO - Epoch 75
-------------------------------
2024-10-13 23:35:02,831 - INFO - Learning Rate of group 0: 4.375e-05
2024-10-13 23:43:21,568 - INFO - Maximum gradient before clipping: 0.560758113861084
2024-10-13 23:43:21,581 - INFO - Minimum gradient before clipping: -0.5605121850967407
2024-10-13 23:43:21,581 - INFO - Mean training L1 loss: 0.0013359945146762392
2024-10-13 23:43:21,581 - INFO - Mean training SSIM loss: 0.0
2024-10-13 23:43:21,581 - INFO - Mean training MSE loss: 0.0
2024-10-13 23:43:21,581 - INFO - Mean training VGG loss: 0.0
2024-10-13 23:45:14,871 - INFO - Mean validation L1 loss: 0.0013652964555032072
2024-10-13 23:45:14,871 - INFO - Mean validation SSIM loss: 0.0
2024-10-13 23:45:14,871 - INFO - Mean validation MSE loss: 0.0
2024-10-13 23:45:14,871 - INFO - Mean validation VGG loss: 0.0
2024-10-13 23:45:15,011 - INFO - Epoch 76
-------------------------------
2024-10-13 23:45:15,011 - INFO - Learning Rate of group 0: 4.375e-05
2024-10-13 23:52:55,483 - INFO - Maximum gradient before clipping: 0.5795841813087463
2024-10-13 23:52:55,484 - INFO - Minimum gradient before clipping: -0.5567159056663513
2024-10-13 23:52:55,484 - INFO - Mean training L1 loss: 0.001393176524475146
2024-10-13 23:52:55,484 - INFO - Mean training SSIM loss: 0.0
2024-10-13 23:52:55,484 - INFO - Mean training MSE loss: 0.0
2024-10-13 23:52:55,484 - INFO - Mean training VGG loss: 0.0
2024-10-13 23:54:50,290 - INFO - Mean validation L1 loss: 0.001357658656602671
2024-10-13 23:54:50,291 - INFO - Mean validation SSIM loss: 0.0
2024-10-13 23:54:50,291 - INFO - Mean validation MSE loss: 0.0
2024-10-13 23:54:50,291 - INFO - Mean validation VGG loss: 0.0
2024-10-13 23:54:50,428 - INFO - Epoch 77
-------------------------------
2024-10-13 23:54:50,428 - INFO - Learning Rate of group 0: 4.375e-05
2024-10-14 00:02:21,062 - INFO - Maximum gradient before clipping: 0.5365641117095947
2024-10-14 00:02:21,063 - INFO - Minimum gradient before clipping: -0.5848838090896606
2024-10-14 00:02:21,063 - INFO - Mean training L1 loss: 0.0014208153657728363
2024-10-14 00:02:21,063 - INFO - Mean training SSIM loss: 0.0
2024-10-14 00:02:21,063 - INFO - Mean training MSE loss: 0.0
2024-10-14 00:02:21,063 - INFO - Mean training VGG loss: 0.0
2024-10-14 00:04:12,172 - INFO - Mean validation L1 loss: 0.0013854928108406042
2024-10-14 00:04:12,173 - INFO - Mean validation SSIM loss: 0.0
2024-10-14 00:04:12,173 - INFO - Mean validation MSE loss: 0.0
2024-10-14 00:04:12,173 - INFO - Mean validation VGG loss: 0.0
2024-10-14 00:04:12,314 - INFO - Epoch 78
-------------------------------
2024-10-14 00:04:12,315 - INFO - Learning Rate of group 0: 4.375e-05
2024-10-14 00:11:41,528 - INFO - Maximum gradient before clipping: 0.51124507188797
2024-10-14 00:11:41,528 - INFO - Minimum gradient before clipping: -0.5064094066619873
2024-10-14 00:11:41,529 - INFO - Mean training L1 loss: 0.0013796628058593485
2024-10-14 00:11:41,529 - INFO - Mean training SSIM loss: 0.0
2024-10-14 00:11:41,529 - INFO - Mean training MSE loss: 0.0
2024-10-14 00:11:41,529 - INFO - Mean training VGG loss: 0.0
2024-10-14 00:13:34,212 - INFO - Mean validation L1 loss: 0.0013466279409765892
2024-10-14 00:13:34,212 - INFO - Mean validation SSIM loss: 0.0
2024-10-14 00:13:34,212 - INFO - Mean validation MSE loss: 0.0
2024-10-14 00:13:34,212 - INFO - Mean validation VGG loss: 0.0
2024-10-14 00:13:34,351 - INFO - Epoch 79
-------------------------------
2024-10-14 00:13:34,351 - INFO - Learning Rate of group 0: 4.375e-05
2024-10-14 00:21:10,677 - INFO - Maximum gradient before clipping: 0.6037005186080933
2024-10-14 00:21:10,677 - INFO - Minimum gradient before clipping: -0.5272296071052551
2024-10-14 00:21:10,677 - INFO - Mean training L1 loss: 0.0013849322434745205
2024-10-14 00:21:10,677 - INFO - Mean training SSIM loss: 0.0
2024-10-14 00:21:10,677 - INFO - Mean training MSE loss: 0.0
2024-10-14 00:21:10,677 - INFO - Mean training VGG loss: 0.0
2024-10-14 00:23:05,019 - INFO - Mean validation L1 loss: 0.0017335655083280733
2024-10-14 00:23:05,020 - INFO - Mean validation SSIM loss: 0.0
2024-10-14 00:23:05,020 - INFO - Mean validation MSE loss: 0.0
2024-10-14 00:23:05,020 - INFO - Mean validation VGG loss: 0.0
2024-10-14 00:23:05,158 - INFO - Epoch 80
-------------------------------
2024-10-14 00:23:05,158 - INFO - Learning Rate of group 0: 4.375e-05
2024-10-14 00:30:37,455 - INFO - Maximum gradient before clipping: 0.5900026559829712
2024-10-14 00:30:37,456 - INFO - Minimum gradient before clipping: -0.5413826107978821
2024-10-14 00:30:37,456 - INFO - Mean training L1 loss: 0.0013770704835347864
2024-10-14 00:30:37,456 - INFO - Mean training SSIM loss: 0.0
2024-10-14 00:30:37,456 - INFO - Mean training MSE loss: 0.0
2024-10-14 00:30:37,456 - INFO - Mean training VGG loss: 0.0
2024-10-14 00:32:35,097 - INFO - Mean validation L1 loss: 0.0012152605126366804
2024-10-14 00:32:35,098 - INFO - Mean validation SSIM loss: 0.0
2024-10-14 00:32:35,098 - INFO - Mean validation MSE loss: 0.0
2024-10-14 00:32:35,098 - INFO - Mean validation VGG loss: 0.0
2024-10-14 00:32:35,236 - INFO - New best validation Loss 0.0012152605126366804, at epoch 80
2024-10-14 00:32:35,367 - INFO - Epoch 81
-------------------------------
2024-10-14 00:32:35,368 - INFO - Learning Rate of group 0: 4.375e-05
2024-10-14 00:40:08,305 - INFO - Maximum gradient before clipping: 0.4843771159648895
2024-10-14 00:40:08,305 - INFO - Minimum gradient before clipping: -0.5948880314826965
2024-10-14 00:40:08,306 - INFO - Mean training L1 loss: 0.0013633577854817087
2024-10-14 00:40:08,306 - INFO - Mean training SSIM loss: 0.0
2024-10-14 00:40:08,306 - INFO - Mean training MSE loss: 0.0
2024-10-14 00:40:08,306 - INFO - Mean training VGG loss: 0.0
2024-10-14 00:41:56,416 - INFO - Mean validation L1 loss: 0.0012798461932362172
2024-10-14 00:41:56,417 - INFO - Mean validation SSIM loss: 0.0
2024-10-14 00:41:56,417 - INFO - Mean validation MSE loss: 0.0
2024-10-14 00:41:56,417 - INFO - Mean validation VGG loss: 0.0
2024-10-14 00:41:56,559 - INFO - Epoch 82
-------------------------------
2024-10-14 00:41:56,559 - INFO - Learning Rate of group 0: 4.375e-05
2024-10-14 00:49:28,750 - INFO - Maximum gradient before clipping: 0.5076318979263306
2024-10-14 00:49:28,751 - INFO - Minimum gradient before clipping: -0.5217058062553406
2024-10-14 00:49:28,751 - INFO - Mean training L1 loss: 0.0013507058110025386
2024-10-14 00:49:28,751 - INFO - Mean training SSIM loss: 0.0
2024-10-14 00:49:28,751 - INFO - Mean training MSE loss: 0.0
2024-10-14 00:49:28,751 - INFO - Mean training VGG loss: 0.0
2024-10-14 00:51:21,313 - INFO - Mean validation L1 loss: 0.0015020733181801108
2024-10-14 00:51:21,314 - INFO - Mean validation SSIM loss: 0.0
2024-10-14 00:51:21,314 - INFO - Mean validation MSE loss: 0.0
2024-10-14 00:51:21,314 - INFO - Mean validation VGG loss: 0.0
2024-10-14 00:51:21,447 - INFO - Epoch 83
-------------------------------
2024-10-14 00:51:21,448 - INFO - Learning Rate of group 0: 4.375e-05
2024-10-14 00:58:52,078 - INFO - Maximum gradient before clipping: 0.6685099005699158
2024-10-14 00:58:52,078 - INFO - Minimum gradient before clipping: -0.66032475233078
2024-10-14 00:58:52,079 - INFO - Mean training L1 loss: 0.0013874062955022228
2024-10-14 00:58:52,079 - INFO - Mean training SSIM loss: 0.0
2024-10-14 00:58:52,079 - INFO - Mean training MSE loss: 0.0
2024-10-14 00:58:52,079 - INFO - Mean training VGG loss: 0.0
2024-10-14 01:00:41,465 - INFO - Mean validation L1 loss: 0.001186129284753023
2024-10-14 01:00:41,466 - INFO - Mean validation SSIM loss: 0.0
2024-10-14 01:00:41,466 - INFO - Mean validation MSE loss: 0.0
2024-10-14 01:00:41,466 - INFO - Mean validation VGG loss: 0.0
2024-10-14 01:00:41,622 - INFO - New best validation Loss 0.001186129284753023, at epoch 83
2024-10-14 01:00:41,753 - INFO - Epoch 84
-------------------------------
2024-10-14 01:00:41,753 - INFO - Learning Rate of group 0: 4.375e-05
2024-10-14 01:08:10,328 - INFO - Maximum gradient before clipping: 0.6436781287193298
2024-10-14 01:08:10,329 - INFO - Minimum gradient before clipping: -0.6219335794448853
2024-10-14 01:08:10,329 - INFO - Mean training L1 loss: 0.0014031930810582346
2024-10-14 01:08:10,329 - INFO - Mean training SSIM loss: 0.0
2024-10-14 01:08:10,329 - INFO - Mean training MSE loss: 0.0
2024-10-14 01:08:10,329 - INFO - Mean training VGG loss: 0.0
2024-10-14 01:10:01,503 - INFO - Mean validation L1 loss: 0.0013411193813758287
2024-10-14 01:10:01,503 - INFO - Mean validation SSIM loss: 0.0
2024-10-14 01:10:01,503 - INFO - Mean validation MSE loss: 0.0
2024-10-14 01:10:01,503 - INFO - Mean validation VGG loss: 0.0
2024-10-14 01:10:01,641 - INFO - Epoch 85
-------------------------------
2024-10-14 01:10:01,641 - INFO - Learning Rate of group 0: 4.375e-05
2024-10-14 01:17:42,334 - INFO - Maximum gradient before clipping: 0.6155632734298706
2024-10-14 01:17:42,334 - INFO - Minimum gradient before clipping: -0.6470592021942139
2024-10-14 01:17:42,334 - INFO - Mean training L1 loss: 0.001364884651685338
2024-10-14 01:17:42,334 - INFO - Mean training SSIM loss: 0.0
2024-10-14 01:17:42,334 - INFO - Mean training MSE loss: 0.0
2024-10-14 01:17:42,334 - INFO - Mean training VGG loss: 0.0
2024-10-14 01:19:33,093 - INFO - Mean validation L1 loss: 0.0011893277582766934
2024-10-14 01:19:33,093 - INFO - Mean validation SSIM loss: 0.0
2024-10-14 01:19:33,093 - INFO - Mean validation MSE loss: 0.0
2024-10-14 01:19:33,093 - INFO - Mean validation VGG loss: 0.0
2024-10-14 01:19:33,234 - INFO - Epoch 86
-------------------------------
2024-10-14 01:19:33,234 - INFO - Learning Rate of group 0: 4.375e-05
2024-10-14 01:26:56,890 - INFO - Maximum gradient before clipping: 0.47323429584503174
2024-10-14 01:26:56,890 - INFO - Minimum gradient before clipping: -0.5379592180252075
2024-10-14 01:26:56,890 - INFO - Mean training L1 loss: 0.0013099924285724313
2024-10-14 01:26:56,890 - INFO - Mean training SSIM loss: 0.0
2024-10-14 01:26:56,890 - INFO - Mean training MSE loss: 0.0
2024-10-14 01:26:56,891 - INFO - Mean training VGG loss: 0.0
2024-10-14 01:28:49,252 - INFO - Mean validation L1 loss: 0.001138628573137831
2024-10-14 01:28:49,252 - INFO - Mean validation SSIM loss: 0.0
2024-10-14 01:28:49,252 - INFO - Mean validation MSE loss: 0.0
2024-10-14 01:28:49,252 - INFO - Mean validation VGG loss: 0.0
2024-10-14 01:28:49,402 - INFO - New best validation Loss 0.001138628573137831, at epoch 86
2024-10-14 01:28:49,528 - INFO - Epoch 87
-------------------------------
2024-10-14 01:28:49,528 - INFO - Learning Rate of group 0: 4.375e-05
2024-10-14 01:36:20,657 - INFO - Maximum gradient before clipping: 0.5611159801483154
2024-10-14 01:36:20,657 - INFO - Minimum gradient before clipping: -0.5412091612815857
2024-10-14 01:36:20,657 - INFO - Mean training L1 loss: 0.0013592119158571518
2024-10-14 01:36:20,657 - INFO - Mean training SSIM loss: 0.0
2024-10-14 01:36:20,658 - INFO - Mean training MSE loss: 0.0
2024-10-14 01:36:20,658 - INFO - Mean training VGG loss: 0.0
2024-10-14 01:38:16,908 - INFO - Mean validation L1 loss: 0.0012459945545003515
2024-10-14 01:38:16,908 - INFO - Mean validation SSIM loss: 0.0
2024-10-14 01:38:16,909 - INFO - Mean validation MSE loss: 0.0
2024-10-14 01:38:16,909 - INFO - Mean validation VGG loss: 0.0
2024-10-14 01:38:17,042 - INFO - Epoch 88
-------------------------------
2024-10-14 01:38:17,042 - INFO - Learning Rate of group 0: 4.375e-05
2024-10-14 01:45:58,446 - INFO - Maximum gradient before clipping: 0.604873776435852
2024-10-14 01:45:58,447 - INFO - Minimum gradient before clipping: -0.5875719785690308
2024-10-14 01:45:58,447 - INFO - Mean training L1 loss: 0.001396809790166174
2024-10-14 01:45:58,447 - INFO - Mean training SSIM loss: 0.0
2024-10-14 01:45:58,447 - INFO - Mean training MSE loss: 0.0
2024-10-14 01:45:58,447 - INFO - Mean training VGG loss: 0.0
2024-10-14 01:47:47,456 - INFO - Mean validation L1 loss: 0.0014759416627964518
2024-10-14 01:47:47,456 - INFO - Mean validation SSIM loss: 0.0
2024-10-14 01:47:47,456 - INFO - Mean validation MSE loss: 0.0
2024-10-14 01:47:47,456 - INFO - Mean validation VGG loss: 0.0
2024-10-14 01:47:47,595 - INFO - Epoch 89
-------------------------------
2024-10-14 01:47:47,595 - INFO - Learning Rate of group 0: 4.375e-05
2024-10-14 01:55:25,329 - INFO - Maximum gradient before clipping: 0.4543474316596985
2024-10-14 01:55:25,329 - INFO - Minimum gradient before clipping: -0.4785844087600708
2024-10-14 01:55:25,330 - INFO - Mean training L1 loss: 0.0013057282258412837
2024-10-14 01:55:25,330 - INFO - Mean training SSIM loss: 0.0
2024-10-14 01:55:25,330 - INFO - Mean training MSE loss: 0.0
2024-10-14 01:55:25,330 - INFO - Mean training VGG loss: 0.0
2024-10-14 01:57:17,413 - INFO - Mean validation L1 loss: 0.0012741103265924674
2024-10-14 01:57:17,414 - INFO - Mean validation SSIM loss: 0.0
2024-10-14 01:57:17,414 - INFO - Mean validation MSE loss: 0.0
2024-10-14 01:57:17,414 - INFO - Mean validation VGG loss: 0.0
2024-10-14 01:57:17,554 - INFO - Epoch 90
-------------------------------
2024-10-14 01:57:17,554 - INFO - Learning Rate of group 0: 4.375e-05
2024-10-14 02:04:50,369 - INFO - Maximum gradient before clipping: 0.5842174291610718
2024-10-14 02:04:50,370 - INFO - Minimum gradient before clipping: -0.6262348294258118
2024-10-14 02:04:50,370 - INFO - Mean training L1 loss: 0.001378519526351445
2024-10-14 02:04:50,370 - INFO - Mean training SSIM loss: 0.0
2024-10-14 02:04:50,370 - INFO - Mean training MSE loss: 0.0
2024-10-14 02:04:50,370 - INFO - Mean training VGG loss: 0.0
2024-10-14 02:06:41,620 - INFO - Mean validation L1 loss: 0.0012457923288320938
2024-10-14 02:06:41,621 - INFO - Mean validation SSIM loss: 0.0
2024-10-14 02:06:41,621 - INFO - Mean validation MSE loss: 0.0
2024-10-14 02:06:41,621 - INFO - Mean validation VGG loss: 0.0
2024-10-14 02:06:41,759 - INFO - Epoch 91
-------------------------------
2024-10-14 02:06:41,760 - INFO - Learning Rate of group 0: 4.375e-05
2024-10-14 02:14:17,028 - INFO - Maximum gradient before clipping: 0.5917236804962158
2024-10-14 02:14:17,028 - INFO - Minimum gradient before clipping: -0.5808836817741394
2024-10-14 02:14:17,028 - INFO - Mean training L1 loss: 0.0013828323865963874
2024-10-14 02:14:17,028 - INFO - Mean training SSIM loss: 0.0
2024-10-14 02:14:17,028 - INFO - Mean training MSE loss: 0.0
2024-10-14 02:14:17,028 - INFO - Mean training VGG loss: 0.0
2024-10-14 02:16:15,579 - INFO - Mean validation L1 loss: 0.0013192621936575014
2024-10-14 02:16:15,579 - INFO - Mean validation SSIM loss: 0.0
2024-10-14 02:16:15,579 - INFO - Mean validation MSE loss: 0.0
2024-10-14 02:16:15,579 - INFO - Mean validation VGG loss: 0.0
2024-10-14 02:16:15,719 - INFO - Epoch 92
-------------------------------
2024-10-14 02:16:15,719 - INFO - Learning Rate of group 0: 4.375e-05
2024-10-14 02:23:48,826 - INFO - Maximum gradient before clipping: 0.5974749326705933
2024-10-14 02:23:48,826 - INFO - Minimum gradient before clipping: -0.6546039581298828
2024-10-14 02:23:48,826 - INFO - Mean training L1 loss: 0.0013606676144599043
2024-10-14 02:23:48,826 - INFO - Mean training SSIM loss: 0.0
2024-10-14 02:23:48,826 - INFO - Mean training MSE loss: 0.0
2024-10-14 02:23:48,826 - INFO - Mean training VGG loss: 0.0
2024-10-14 02:25:42,752 - INFO - Mean validation L1 loss: 0.0011749739247396021
2024-10-14 02:25:42,752 - INFO - Mean validation SSIM loss: 0.0
2024-10-14 02:25:42,752 - INFO - Mean validation MSE loss: 0.0
2024-10-14 02:25:42,752 - INFO - Mean validation VGG loss: 0.0
2024-10-14 02:25:42,889 - INFO - Epoch 93
-------------------------------
2024-10-14 02:25:42,889 - INFO - Learning Rate of group 0: 4.375e-05
2024-10-14 02:33:15,940 - INFO - Maximum gradient before clipping: 0.4827079772949219
2024-10-14 02:33:15,940 - INFO - Minimum gradient before clipping: -0.5788823366165161
2024-10-14 02:33:15,941 - INFO - Mean training L1 loss: 0.0013372913271592355
2024-10-14 02:33:15,941 - INFO - Mean training SSIM loss: 0.0
2024-10-14 02:33:15,941 - INFO - Mean training MSE loss: 0.0
2024-10-14 02:33:15,941 - INFO - Mean training VGG loss: 0.0
2024-10-14 02:35:06,548 - INFO - Mean validation L1 loss: 0.0011690176716373896
2024-10-14 02:35:06,549 - INFO - Mean validation SSIM loss: 0.0
2024-10-14 02:35:06,549 - INFO - Mean validation MSE loss: 0.0
2024-10-14 02:35:06,549 - INFO - Mean validation VGG loss: 0.0
2024-10-14 02:35:06,681 - INFO - Epoch 94
-------------------------------
2024-10-14 02:35:06,682 - INFO - Learning Rate of group 0: 4.375e-05
2024-10-14 02:43:00,058 - INFO - Maximum gradient before clipping: 0.567559540271759
2024-10-14 02:43:00,059 - INFO - Minimum gradient before clipping: -0.5502200722694397
2024-10-14 02:43:00,059 - INFO - Mean training L1 loss: 0.001350429505287052
2024-10-14 02:43:00,059 - INFO - Mean training SSIM loss: 0.0
2024-10-14 02:43:00,059 - INFO - Mean training MSE loss: 0.0
2024-10-14 02:43:00,059 - INFO - Mean training VGG loss: 0.0
2024-10-14 02:44:52,696 - INFO - Mean validation L1 loss: 0.0011906035956572632
2024-10-14 02:44:52,697 - INFO - Mean validation SSIM loss: 0.0
2024-10-14 02:44:52,697 - INFO - Mean validation MSE loss: 0.0
2024-10-14 02:44:52,697 - INFO - Mean validation VGG loss: 0.0
2024-10-14 02:44:52,834 - INFO - Epoch 95
-------------------------------
2024-10-14 02:44:52,835 - INFO - Learning Rate of group 0: 2.1875e-05
2024-10-14 02:52:26,773 - INFO - Maximum gradient before clipping: 0.3580874502658844
2024-10-14 02:52:26,773 - INFO - Minimum gradient before clipping: -0.43146592378616333
2024-10-14 02:52:26,773 - INFO - Mean training L1 loss: 0.0011340735883637444
2024-10-14 02:52:26,773 - INFO - Mean training SSIM loss: 0.0
2024-10-14 02:52:26,773 - INFO - Mean training MSE loss: 0.0
2024-10-14 02:52:26,773 - INFO - Mean training VGG loss: 0.0
2024-10-14 02:54:18,787 - INFO - Mean validation L1 loss: 0.001084072184163467
2024-10-14 02:54:18,788 - INFO - Mean validation SSIM loss: 0.0
2024-10-14 02:54:18,788 - INFO - Mean validation MSE loss: 0.0
2024-10-14 02:54:18,788 - INFO - Mean validation VGG loss: 0.0
2024-10-14 02:54:18,930 - INFO - New best validation Loss 0.001084072184163467, at epoch 95
2024-10-14 02:54:19,059 - INFO - Epoch 96
-------------------------------
2024-10-14 02:54:19,060 - INFO - Learning Rate of group 0: 2.1875e-05
2024-10-14 03:01:52,916 - INFO - Maximum gradient before clipping: 0.39949432015419006
2024-10-14 03:01:52,916 - INFO - Minimum gradient before clipping: -0.3490159511566162
2024-10-14 03:01:52,917 - INFO - Mean training L1 loss: 0.0011399710197397134
2024-10-14 03:01:52,917 - INFO - Mean training SSIM loss: 0.0
2024-10-14 03:01:52,917 - INFO - Mean training MSE loss: 0.0
2024-10-14 03:01:52,917 - INFO - Mean training VGG loss: 0.0
2024-10-14 03:03:47,587 - INFO - Mean validation L1 loss: 0.0011020802327006926
2024-10-14 03:03:47,588 - INFO - Mean validation SSIM loss: 0.0
2024-10-14 03:03:47,588 - INFO - Mean validation MSE loss: 0.0
2024-10-14 03:03:47,588 - INFO - Mean validation VGG loss: 0.0
2024-10-14 03:03:47,721 - INFO - Epoch 97
-------------------------------
2024-10-14 03:03:47,722 - INFO - Learning Rate of group 0: 2.1875e-05
2024-10-14 03:11:23,167 - INFO - Maximum gradient before clipping: 0.37468573451042175
2024-10-14 03:11:23,167 - INFO - Minimum gradient before clipping: -0.3285527527332306
2024-10-14 03:11:23,167 - INFO - Mean training L1 loss: 0.0011527931037642563
2024-10-14 03:11:23,168 - INFO - Mean training SSIM loss: 0.0
2024-10-14 03:11:23,168 - INFO - Mean training MSE loss: 0.0
2024-10-14 03:11:23,168 - INFO - Mean training VGG loss: 0.0
2024-10-14 03:13:15,325 - INFO - Mean validation L1 loss: 0.0010650514557614531
2024-10-14 03:13:15,325 - INFO - Mean validation SSIM loss: 0.0
2024-10-14 03:13:15,325 - INFO - Mean validation MSE loss: 0.0
2024-10-14 03:13:15,325 - INFO - Mean validation VGG loss: 0.0
2024-10-14 03:13:15,465 - INFO - New best validation Loss 0.0010650514557614531, at epoch 97
2024-10-14 03:13:15,599 - INFO - Epoch 98
-------------------------------
2024-10-14 03:13:15,599 - INFO - Learning Rate of group 0: 2.1875e-05
2024-10-14 03:20:55,263 - INFO - Maximum gradient before clipping: 0.38058748841285706
2024-10-14 03:20:55,264 - INFO - Minimum gradient before clipping: -0.4274323880672455
2024-10-14 03:20:55,264 - INFO - Mean training L1 loss: 0.0011485279563304425
2024-10-14 03:20:55,264 - INFO - Mean training SSIM loss: 0.0
2024-10-14 03:20:55,264 - INFO - Mean training MSE loss: 0.0
2024-10-14 03:20:55,264 - INFO - Mean training VGG loss: 0.0
2024-10-14 03:22:46,364 - INFO - Mean validation L1 loss: 0.0011442776947086187
2024-10-14 03:22:46,364 - INFO - Mean validation SSIM loss: 0.0
2024-10-14 03:22:46,365 - INFO - Mean validation MSE loss: 0.0
2024-10-14 03:22:46,365 - INFO - Mean validation VGG loss: 0.0
2024-10-14 03:22:46,501 - INFO - Epoch 99
-------------------------------
2024-10-14 03:22:46,501 - INFO - Learning Rate of group 0: 2.1875e-05
2024-10-14 03:30:53,401 - INFO - Maximum gradient before clipping: 0.41651496291160583
2024-10-14 03:30:53,401 - INFO - Minimum gradient before clipping: -0.560088574886322
2024-10-14 03:30:53,401 - INFO - Mean training L1 loss: 0.0011556376938300418
2024-10-14 03:30:53,401 - INFO - Mean training SSIM loss: 0.0
2024-10-14 03:30:53,401 - INFO - Mean training MSE loss: 0.0
2024-10-14 03:30:53,401 - INFO - Mean training VGG loss: 0.0
2024-10-14 03:32:50,610 - INFO - Mean validation L1 loss: 0.0011852774704392585
2024-10-14 03:32:50,611 - INFO - Mean validation SSIM loss: 0.0
2024-10-14 03:32:50,612 - INFO - Mean validation MSE loss: 0.0
2024-10-14 03:32:50,612 - INFO - Mean validation VGG loss: 0.0
2024-10-14 03:32:50,749 - INFO - Epoch 100
-------------------------------
2024-10-14 03:32:50,750 - INFO - Learning Rate of group 0: 2.1875e-05
2024-10-14 03:40:45,631 - INFO - Maximum gradient before clipping: 0.336101770401001
2024-10-14 03:40:45,631 - INFO - Minimum gradient before clipping: -0.39889851212501526
2024-10-14 03:40:45,632 - INFO - Mean training L1 loss: 0.0011547486875431222
2024-10-14 03:40:45,632 - INFO - Mean training SSIM loss: 0.0
2024-10-14 03:40:45,632 - INFO - Mean training MSE loss: 0.0
2024-10-14 03:40:45,632 - INFO - Mean training VGG loss: 0.0
2024-10-14 03:42:48,165 - INFO - Mean validation L1 loss: 0.0011674892674717638
2024-10-14 03:42:48,166 - INFO - Mean validation SSIM loss: 0.0
2024-10-14 03:42:48,166 - INFO - Mean validation MSE loss: 0.0
2024-10-14 03:42:48,166 - INFO - Mean validation VGG loss: 0.0
2024-10-14 03:42:48,303 - INFO - Training Finished
