2024-07-20 19:42:36,664 - INFO - NOTE: None
2024-07-20 19:42:45,985 - INFO - Resuming training from checkpoint /home/nikoskot/earthnetThesis/experiments/videoSwinUnet_18-07-2024_16-57-37/checkpoint.pth from epoch 14
2024-07-20 19:42:46,492 - INFO - Epoch 14
-------------------------------
2024-07-20 19:42:46,493 - INFO - Learning Rate: [0.0002]
2024-07-20 20:02:49,072 - INFO - Mean training loss: 963552321.4100227
2024-07-20 20:07:49,110 - INFO - Mean validation loss: 318230.30029296875
2024-07-20 20:07:49,111 - INFO - Epoch 15
-------------------------------
2024-07-20 20:07:49,111 - INFO - Learning Rate: [0.0002]
2024-07-20 20:24:13,813 - INFO - Mean training loss: 75152.89382147789
2024-07-20 20:26:39,086 - INFO - Mean validation loss: 471.7700047492981
2024-07-20 20:26:39,087 - INFO - Epoch 16
-------------------------------
2024-07-20 20:26:39,087 - INFO - Learning Rate: [0.0002]
2024-07-20 20:43:03,843 - INFO - Mean training loss: 655.2881360650063
2024-07-20 20:45:19,650 - INFO - Mean validation loss: 105.03723418712616
2024-07-20 20:45:19,651 - INFO - Epoch 17
-------------------------------
2024-07-20 20:45:19,651 - INFO - Learning Rate: [0.0002]
2024-07-20 21:01:45,856 - INFO - Mean training loss: 1051.635737925768
2024-07-20 21:04:06,822 - INFO - Mean validation loss: 69.959079682827
2024-07-20 21:04:06,823 - INFO - Epoch 18
-------------------------------
2024-07-20 21:04:06,823 - INFO - Learning Rate: [0.0002]
2024-07-20 21:20:32,232 - INFO - Mean training loss: 2395254.9749923944
2024-07-20 21:22:50,375 - INFO - Mean validation loss: 3305553.5302734375
2024-07-20 21:22:50,376 - INFO - Epoch 19
-------------------------------
2024-07-20 21:22:50,376 - INFO - Learning Rate: [0.0002]
2024-07-20 21:39:16,646 - INFO - Mean training loss: 488768.04456037283
2024-07-20 21:41:26,492 - INFO - Mean validation loss: 303.0072568655014
2024-07-20 21:41:26,493 - INFO - Epoch 20
-------------------------------
2024-07-20 21:41:26,493 - INFO - Learning Rate: [0.0002]
2024-07-20 21:57:51,641 - INFO - Mean training loss: 1138.1702791452408
2024-07-20 22:00:06,439 - INFO - Mean validation loss: 976.5053172111511
2024-07-20 22:00:06,440 - INFO - Epoch 21
-------------------------------
2024-07-20 22:00:06,440 - INFO - Learning Rate: [0.0002]
2024-07-20 22:16:31,102 - INFO - Mean training loss: 697.3473806679249
2024-07-20 22:18:36,701 - INFO - Mean validation loss: 57.657435327768326
2024-07-20 22:18:36,702 - INFO - Epoch 22
-------------------------------
2024-07-20 22:18:36,702 - INFO - Learning Rate: [0.0002]
2024-07-20 22:35:01,408 - INFO - Mean training loss: 622.8028769493103
2024-07-20 22:37:13,780 - INFO - Mean validation loss: 44.403501108288765
2024-07-20 22:37:13,781 - INFO - Epoch 23
-------------------------------
2024-07-20 22:37:13,781 - INFO - Learning Rate: [0.0002]
2024-07-20 22:53:38,392 - INFO - Mean training loss: 16934551.69655776
2024-07-20 22:55:43,441 - INFO - Mean validation loss: 785017.5869140625
2024-07-20 22:55:43,442 - INFO - Epoch 24
-------------------------------
2024-07-20 22:55:43,442 - INFO - Learning Rate: [0.0002]
2024-07-20 23:12:07,492 - INFO - Mean training loss: 764770.1962697506
2024-07-20 23:14:32,835 - INFO - Mean validation loss: 970.6256613731384
2024-07-20 23:14:32,836 - INFO - Epoch 25
-------------------------------
2024-07-20 23:14:32,836 - INFO - Learning Rate: [2e-05]
2024-07-20 23:30:59,136 - INFO - Mean training loss: 1010.1903618574142
2024-07-20 23:33:08,770 - INFO - Mean validation loss: 206.59763485193253
2024-07-20 23:33:08,771 - INFO - Epoch 26
-------------------------------
2024-07-20 23:33:08,771 - INFO - Learning Rate: [2e-05]
2024-07-20 23:49:33,614 - INFO - Mean training loss: 727.2712249755859
2024-07-20 23:51:53,207 - INFO - Mean validation loss: 159.02287715673447
2024-07-20 23:51:53,208 - INFO - Epoch 27
-------------------------------
2024-07-20 23:51:53,208 - INFO - Learning Rate: [2e-05]
2024-07-21 00:08:18,327 - INFO - Mean training loss: 600.2034057378769
2024-07-21 00:10:28,285 - INFO - Mean validation loss: 131.95362919569016
2024-07-21 00:10:28,286 - INFO - Epoch 28
-------------------------------
2024-07-21 00:10:28,286 - INFO - Learning Rate: [2e-05]
2024-07-21 00:26:54,070 - INFO - Mean training loss: 495.46010142564774
2024-07-21 00:29:07,993 - INFO - Mean validation loss: 113.03347128629684
2024-07-21 00:29:07,994 - INFO - Epoch 29
-------------------------------
2024-07-21 00:29:07,994 - INFO - Learning Rate: [2e-05]
2024-07-21 00:45:34,388 - INFO - Mean training loss: 414.83889466524124
2024-07-21 00:47:44,606 - INFO - Mean validation loss: 99.93369099497795
2024-07-21 00:47:44,607 - INFO - Epoch 30
-------------------------------
2024-07-21 00:47:44,607 - INFO - Learning Rate: [2e-05]
2024-07-21 01:04:10,867 - INFO - Mean training loss: 387.71108105778694
2024-07-21 01:06:28,622 - INFO - Mean validation loss: 90.59757566452026
2024-07-21 01:06:28,623 - INFO - Epoch 31
-------------------------------
2024-07-21 01:06:28,623 - INFO - Learning Rate: [2e-05]
2024-07-21 01:22:54,855 - INFO - Mean training loss: 347.9852648675442
2024-07-21 01:25:10,215 - INFO - Mean validation loss: 88.21820732951164
2024-07-21 01:25:10,216 - INFO - Epoch 32
-------------------------------
2024-07-21 01:25:10,216 - INFO - Learning Rate: [2e-05]
2024-07-21 01:41:34,475 - INFO - Mean training loss: 276.6969303190708
2024-07-21 01:43:43,029 - INFO - Mean validation loss: 52.8781259059906
2024-07-21 01:43:43,029 - INFO - Epoch 33
-------------------------------
2024-07-21 01:43:43,029 - INFO - Learning Rate: [2e-05]
2024-07-21 02:00:08,800 - INFO - Mean training loss: 245.15228544175625
2024-07-21 02:02:16,416 - INFO - Mean validation loss: 50.97376795113087
2024-07-21 02:02:16,417 - INFO - Epoch 34
-------------------------------
2024-07-21 02:02:16,418 - INFO - Learning Rate: [2e-05]
2024-07-21 02:18:41,105 - INFO - Mean training loss: 174.98430061340332
2024-07-21 02:20:57,144 - INFO - Mean validation loss: 42.01488418877125
2024-07-21 02:20:57,145 - INFO - Epoch 35
-------------------------------
2024-07-21 02:20:57,145 - INFO - Learning Rate: [2e-05]
2024-07-21 02:37:22,073 - INFO - Mean training loss: 187.7122988253832
2024-07-21 02:39:25,529 - INFO - Mean validation loss: 34.63091091811657
2024-07-21 02:39:25,530 - INFO - Epoch 36
-------------------------------
2024-07-21 02:39:25,530 - INFO - Learning Rate: [2.0000000000000003e-06]
2024-07-21 02:55:52,298 - INFO - Mean training loss: 109.20353418588638
2024-07-21 02:58:04,030 - INFO - Mean validation loss: 26.764334738254547
2024-07-21 02:58:04,031 - INFO - Epoch 37
-------------------------------
2024-07-21 02:58:04,031 - INFO - Learning Rate: [2.0000000000000003e-06]
2024-07-21 03:14:28,337 - INFO - Mean training loss: 105.03735663741827
2024-07-21 03:16:36,187 - INFO - Mean validation loss: 25.60106683522463
2024-07-21 03:16:36,188 - INFO - Epoch 38
-------------------------------
2024-07-21 03:16:36,188 - INFO - Learning Rate: [2.0000000000000003e-06]
2024-07-21 03:33:00,942 - INFO - Mean training loss: 100.53344511985779
2024-07-21 03:35:08,978 - INFO - Mean validation loss: 24.335896857082844
2024-07-21 03:35:08,979 - INFO - Epoch 39
-------------------------------
2024-07-21 03:35:08,979 - INFO - Learning Rate: [2.0000000000000003e-06]
2024-07-21 03:51:33,837 - INFO - Mean training loss: 95.6552928313613
2024-07-21 03:53:37,969 - INFO - Mean validation loss: 23.07146118581295
2024-07-21 03:53:37,970 - INFO - Training Finished
