2024-07-22 17:58:51,714 - INFO - NOTE: None
2024-07-22 17:58:54,846 - INFO - Resuming training from checkpoint /home/nikoskot/earthnetThesis/experiments/videoSwinUnet_18-07-2024_16-57-37/checkpoint.pth from epoch 14
2024-07-22 17:58:55,355 - INFO - Epoch 14
-------------------------------
2024-07-22 17:58:55,356 - INFO - Learning Rate of group 0: 0.0001
2024-07-22 18:27:15,637 - INFO - Mean training loss: 18.110488653182983
2024-07-22 18:30:24,472 - INFO - Mean validation loss: 4.633486604318023
2024-07-22 18:30:25,688 - INFO - New best validation Loss 4.633486604318023, at epoch 14
2024-07-22 18:30:25,688 - INFO - Epoch 15
-------------------------------
2024-07-22 18:30:25,688 - INFO - Learning Rate of group 0: 0.0001
2024-07-22 18:58:34,801 - INFO - Mean training loss: 17.695027850568295
2024-07-22 19:01:10,968 - INFO - Mean validation loss: 4.581734362989664
2024-07-22 19:01:12,289 - INFO - New best validation Loss 4.581734362989664, at epoch 15
2024-07-22 19:01:12,290 - INFO - Epoch 16
-------------------------------
2024-07-22 19:01:12,291 - INFO - Learning Rate of group 0: 0.0001
2024-07-22 19:29:22,543 - INFO - Mean training loss: 17.499884685501456
2024-07-22 19:32:00,547 - INFO - Mean validation loss: 4.633680876344442
2024-07-22 19:32:00,549 - INFO - Epoch 17
-------------------------------
2024-07-22 19:32:00,549 - INFO - Learning Rate of group 0: 0.0001
2024-07-22 20:00:11,440 - INFO - Mean training loss: 17.368796184659004
2024-07-22 20:02:49,805 - INFO - Mean validation loss: 4.548596762120724
2024-07-22 20:02:51,198 - INFO - New best validation Loss 4.548596762120724, at epoch 17
2024-07-22 20:02:51,199 - INFO - Epoch 18
-------------------------------
2024-07-22 20:02:51,199 - INFO - Learning Rate of group 0: 0.0001
2024-07-22 20:31:01,296 - INFO - Mean training loss: 17.229480400681496
2024-07-22 20:33:34,940 - INFO - Mean validation loss: 4.5235213078558445
2024-07-22 20:33:36,229 - INFO - New best validation Loss 4.5235213078558445, at epoch 18
2024-07-22 20:33:36,230 - INFO - Epoch 19
-------------------------------
2024-07-22 20:33:36,231 - INFO - Learning Rate of group 0: 0.0001
2024-07-22 21:01:45,485 - INFO - Mean training loss: 17.089160023257136
2024-07-22 21:04:24,357 - INFO - Mean validation loss: 4.594181349501014
2024-07-22 21:04:24,358 - INFO - Epoch 20
-------------------------------
2024-07-22 21:04:24,358 - INFO - Learning Rate of group 0: 0.0001
2024-07-22 21:32:33,797 - INFO - Mean training loss: 16.968240596354008
2024-07-22 21:35:14,477 - INFO - Mean validation loss: 4.500365657731891
2024-07-22 21:35:16,014 - INFO - New best validation Loss 4.500365657731891, at epoch 20
2024-07-22 21:35:16,015 - INFO - Epoch 21
-------------------------------
2024-07-22 21:35:16,015 - INFO - Learning Rate of group 0: 0.0001
2024-07-22 22:03:25,297 - INFO - Mean training loss: 16.815254651010036
2024-07-22 22:06:03,456 - INFO - Mean validation loss: 4.423830673098564
2024-07-22 22:06:04,772 - INFO - New best validation Loss 4.423830673098564, at epoch 21
2024-07-22 22:06:04,774 - INFO - Epoch 22
-------------------------------
2024-07-22 22:06:04,774 - INFO - Learning Rate of group 0: 0.0001
2024-07-22 22:34:13,547 - INFO - Mean training loss: 252983.0433788225
2024-07-22 22:36:49,091 - INFO - Mean validation loss: 32.76601381599903
2024-07-22 22:36:49,092 - INFO - Epoch 23
-------------------------------
2024-07-22 22:36:49,093 - INFO - Learning Rate of group 0: 0.0001
2024-07-22 23:04:59,135 - INFO - Mean training loss: 62.00989597663283
2024-07-22 23:07:38,271 - INFO - Mean validation loss: 9.596709605306387
2024-07-22 23:07:38,272 - INFO - Epoch 24
-------------------------------
2024-07-22 23:07:38,273 - INFO - Learning Rate of group 0: 0.0001
2024-07-22 23:35:49,672 - INFO - Mean training loss: 37.194899678230286
2024-07-22 23:38:27,043 - INFO - Mean validation loss: 8.276803076267242
2024-07-22 23:38:27,044 - INFO - Epoch 25
-------------------------------
2024-07-22 23:38:27,044 - INFO - Learning Rate of group 0: 0.0001
2024-07-23 00:06:36,760 - INFO - Mean training loss: 33.00836040824652
2024-07-23 00:09:15,324 - INFO - Mean validation loss: 7.743258915841579
2024-07-23 00:09:15,326 - INFO - Epoch 26
-------------------------------
2024-07-23 00:09:15,327 - INFO - Learning Rate of group 0: 0.0001
2024-07-23 00:37:25,426 - INFO - Mean training loss: 31.124545209109783
2024-07-23 00:40:03,826 - INFO - Mean validation loss: 7.353263761848211
2024-07-23 00:40:03,828 - INFO - Epoch 27
-------------------------------
2024-07-23 00:40:03,828 - INFO - Learning Rate of group 0: 0.0001
2024-07-23 01:08:13,033 - INFO - Mean training loss: 29.74052432179451
2024-07-23 01:10:53,795 - INFO - Mean validation loss: 7.093000000342727
2024-07-23 01:10:53,796 - INFO - Epoch 28
-------------------------------
2024-07-23 01:10:53,797 - INFO - Learning Rate of group 0: 0.0001
2024-07-23 01:39:02,895 - INFO - Mean training loss: 28.87355713918805
2024-07-23 01:41:46,990 - INFO - Mean validation loss: 6.89215886220336
2024-07-23 01:41:46,991 - INFO - Epoch 29
-------------------------------
2024-07-23 01:41:46,991 - INFO - Learning Rate of group 0: 0.0001
2024-07-23 02:09:56,335 - INFO - Mean training loss: 28.048239152878523
2024-07-23 02:12:34,102 - INFO - Mean validation loss: 6.7280623484402895
2024-07-23 02:12:34,103 - INFO - Epoch 30
-------------------------------
2024-07-23 02:12:34,104 - INFO - Learning Rate of group 0: 0.0001
2024-07-23 02:40:45,335 - INFO - Mean training loss: 27.370694069191813
2024-07-23 02:43:21,678 - INFO - Mean validation loss: 6.758748602122068
2024-07-23 02:43:21,680 - INFO - Epoch 31
-------------------------------
2024-07-23 02:43:21,681 - INFO - Learning Rate of group 0: 0.0001
2024-07-23 03:11:31,996 - INFO - Mean training loss: 26.687228498980403
2024-07-23 03:14:04,106 - INFO - Mean validation loss: 6.426825039088726
2024-07-23 03:14:04,107 - INFO - Epoch 32
-------------------------------
2024-07-23 03:14:04,108 - INFO - Learning Rate of group 0: 0.0001
2024-07-23 03:42:15,330 - INFO - Mean training loss: 25.886096877977252
2024-07-23 03:44:50,281 - INFO - Mean validation loss: 6.2127874661237
2024-07-23 03:44:50,283 - INFO - Epoch 33
-------------------------------
2024-07-23 03:44:50,283 - INFO - Learning Rate of group 0: 1e-05
2024-07-23 04:13:00,837 - INFO - Mean training loss: 24.596245227381587
2024-07-23 04:15:39,694 - INFO - Mean validation loss: 6.10305842384696
2024-07-23 04:15:39,696 - INFO - Epoch 34
-------------------------------
2024-07-23 04:15:39,696 - INFO - Learning Rate of group 0: 1e-05
2024-07-23 04:43:49,084 - INFO - Mean training loss: 24.439707409590483
2024-07-23 04:46:29,015 - INFO - Mean validation loss: 6.069907750934362
2024-07-23 04:46:29,016 - INFO - Epoch 35
-------------------------------
2024-07-23 04:46:29,016 - INFO - Learning Rate of group 0: 1e-05
2024-07-23 05:14:40,170 - INFO - Mean training loss: 24.27137403562665
2024-07-23 05:17:20,939 - INFO - Mean validation loss: 6.03900945186615
2024-07-23 05:17:20,941 - INFO - Epoch 36
-------------------------------
2024-07-23 05:17:20,941 - INFO - Learning Rate of group 0: 1e-05
2024-07-23 05:45:33,278 - INFO - Mean training loss: 24.0461510643363
2024-07-23 05:48:11,613 - INFO - Mean validation loss: 5.952207339927554
2024-07-23 05:48:11,615 - INFO - Epoch 37
-------------------------------
2024-07-23 05:48:11,616 - INFO - Learning Rate of group 0: 1e-05
2024-07-23 06:16:20,315 - INFO - Mean training loss: 23.766087021678686
2024-07-23 06:18:57,846 - INFO - Mean validation loss: 5.857241328805685
2024-07-23 06:18:57,848 - INFO - Epoch 38
-------------------------------
2024-07-23 06:18:57,848 - INFO - Learning Rate of group 0: 1e-05
2024-07-23 06:47:08,186 - INFO - Mean training loss: 23.457374719902873
2024-07-23 06:49:48,061 - INFO - Mean validation loss: 5.775324456393719
2024-07-23 06:49:48,063 - INFO - Epoch 39
-------------------------------
2024-07-23 06:49:48,063 - INFO - Learning Rate of group 0: 1e-05
2024-07-23 07:17:55,800 - INFO - Mean training loss: 23.12694133259356
2024-07-23 07:20:36,185 - INFO - Mean validation loss: 5.702833250164986
2024-07-23 07:20:36,187 - INFO - Training Finished
