2024-08-20 21:13:30,899 - INFO - NOTE: None
2024-08-20 21:13:30,902 - INFO - Torch, random, numpy seed: 88
2024-08-20 21:13:31,393 - INFO - Starting training from from epoch 0
2024-08-20 21:13:40,292 - INFO - Epoch 1
-------------------------------
2024-08-20 21:13:40,292 - INFO - Learning Rate of group 0: 0.0
2024-08-20 21:14:22,864 - INFO - Maximum gradient before clipping: 0.6020824909210205
2024-08-20 21:14:22,865 - INFO - Minimum gradient before clipping: -0.24551108479499817
2024-08-20 21:14:22,866 - INFO - Mean training L1 loss: 0.16870871394872666
2024-08-20 21:14:22,866 - INFO - Mean training SSIM loss: 0.0045440356573089955
2024-08-20 21:14:22,866 - INFO - Mean training MSE loss: 0.03509433599188924
2024-08-20 21:14:30,629 - INFO - Mean validation L1 loss: 0.16123169541358948
2024-08-20 21:14:30,629 - INFO - Mean validation SSIM loss: 0.002707125467713922
2024-08-20 21:14:30,629 - INFO - Mean validation MSE loss: 0.03250753752887249
2024-08-20 21:14:31,088 - INFO - New best validation Loss 0.16123169541358948, at epoch 1
2024-08-20 21:14:31,096 - INFO - Epoch 2
-------------------------------
2024-08-20 21:14:31,096 - INFO - Learning Rate of group 0: 3.28722297535994e-05
2024-08-20 21:15:11,586 - INFO - Maximum gradient before clipping: 0.6006353497505188
2024-08-20 21:15:11,587 - INFO - Minimum gradient before clipping: -1.172904372215271
2024-08-20 21:15:11,587 - INFO - Mean training L1 loss: 0.05327842723578215
2024-08-20 21:15:11,587 - INFO - Mean training SSIM loss: 9.299279197167998e-05
2024-08-20 21:15:11,587 - INFO - Mean training MSE loss: 0.005308930014725774
2024-08-20 21:15:19,279 - INFO - Mean validation L1 loss: 0.04572849452495575
2024-08-20 21:15:19,279 - INFO - Mean validation SSIM loss: 1.4748469756575844e-07
2024-08-20 21:15:19,279 - INFO - Mean validation MSE loss: 0.0041937549505382775
2024-08-20 21:15:19,740 - INFO - New best validation Loss 0.04572849452495575, at epoch 2
2024-08-20 21:15:19,744 - INFO - Epoch 3
-------------------------------
2024-08-20 21:15:19,744 - INFO - Learning Rate of group 0: 6.57444595071988e-05
2024-08-20 21:16:00,420 - INFO - Maximum gradient before clipping: 0.5379199981689453
2024-08-20 21:16:00,420 - INFO - Minimum gradient before clipping: -0.777622640132904
2024-08-20 21:16:00,421 - INFO - Mean training L1 loss: 0.0454873451590538
2024-08-20 21:16:00,421 - INFO - Mean training SSIM loss: 9.999072831790024e-07
2024-08-20 21:16:00,421 - INFO - Mean training MSE loss: 0.00391338775632903
2024-08-20 21:16:08,066 - INFO - Mean validation L1 loss: 0.04514347061514854
2024-08-20 21:16:08,066 - INFO - Mean validation SSIM loss: 1.8811531250051416e-07
2024-08-20 21:16:08,066 - INFO - Mean validation MSE loss: 0.004252319391816854
2024-08-20 21:16:08,537 - INFO - New best validation Loss 0.04514347061514854, at epoch 3
2024-08-20 21:16:08,541 - INFO - Epoch 4
-------------------------------
2024-08-20 21:16:08,541 - INFO - Learning Rate of group 0: 9.861668926079821e-05
2024-08-20 21:16:50,008 - INFO - Maximum gradient before clipping: 0.6467449069023132
2024-08-20 21:16:50,008 - INFO - Minimum gradient before clipping: -0.7801214456558228
2024-08-20 21:16:50,009 - INFO - Mean training L1 loss: 0.045243050046265124
2024-08-20 21:16:50,009 - INFO - Mean training SSIM loss: 1.7383562246006679e-06
2024-08-20 21:16:50,009 - INFO - Mean training MSE loss: 0.0038908986607566476
2024-08-20 21:16:58,207 - INFO - Mean validation L1 loss: 0.04414954274892807
2024-08-20 21:16:58,207 - INFO - Mean validation SSIM loss: 1.616868676768135e-07
2024-08-20 21:16:58,207 - INFO - Mean validation MSE loss: 0.004022491220384836
2024-08-20 21:16:58,664 - INFO - New best validation Loss 0.04414954274892807, at epoch 4
