2024-09-10 18:37:19,456 - INFO - NOTE: None
2024-09-10 18:37:19,458 - INFO - Torch, random, numpy seed: 88
2024-09-10 18:37:26,648 - INFO - Starting training from from epoch 1
2024-09-10 18:37:36,592 - INFO - Epoch 1
-------------------------------
2024-09-10 18:37:36,634 - INFO - Learning Rate of group 0: 0.0
2024-09-10 18:41:32,537 - INFO - Maximum gradient before clipping: 3.482816219329834
2024-09-10 18:41:32,538 - INFO - Minimum gradient before clipping: -3.942636489868164
2024-09-10 18:41:32,538 - INFO - Mean training L1 loss: 0.18697551384568215
2024-09-10 18:41:32,539 - INFO - Mean training SSIM loss: 0.99988694190979
2024-09-10 18:41:32,539 - INFO - Mean training MSE loss: 0.045194040276110174
2024-09-10 18:41:32,539 - INFO - Mean training VGG loss: 5.291357450485229
2024-09-10 18:41:56,747 - INFO - Mean validation L1 loss: 0.1812034273147583
2024-09-10 18:41:56,747 - INFO - Mean validation SSIM loss: 0.9998732709884643
2024-09-10 18:41:56,747 - INFO - Mean validation MSE loss: 0.04272448405623436
2024-09-10 18:41:56,747 - INFO - Mean validation VGG loss: 5.359114151000977
2024-09-10 18:41:58,167 - INFO - New best validation Loss 0.1812034273147583, at epoch 1
2024-09-10 18:41:58,178 - INFO - Epoch 2
-------------------------------
2024-09-10 18:41:58,178 - INFO - Learning Rate of group 0: 4e-05
2024-09-10 18:45:48,455 - INFO - Maximum gradient before clipping: 5.246984958648682
2024-09-10 18:45:48,455 - INFO - Minimum gradient before clipping: -3.647035598754883
2024-09-10 18:45:48,456 - INFO - Mean training L1 loss: 0.12635473370552064
2024-09-10 18:45:48,457 - INFO - Mean training SSIM loss: 0.9994252526760101
2024-09-10 18:45:48,457 - INFO - Mean training MSE loss: 0.01993553675711155
2024-09-10 18:45:48,457 - INFO - Mean training VGG loss: 4.487915618419647
2024-09-10 18:46:10,884 - INFO - Mean validation L1 loss: 0.12001995474100113
2024-09-10 18:46:10,885 - INFO - Mean validation SSIM loss: 0.9993159127235413
2024-09-10 18:46:10,885 - INFO - Mean validation MSE loss: 0.01790287610143423
2024-09-10 18:46:10,885 - INFO - Mean validation VGG loss: 4.349667539596558
2024-09-10 18:46:12,325 - INFO - New best validation Loss 0.12001995474100113, at epoch 2
2024-09-10 18:46:12,329 - INFO - Epoch 3
-------------------------------
2024-09-10 18:46:12,329 - INFO - Learning Rate of group 0: 8e-05
2024-09-10 18:50:01,595 - INFO - Maximum gradient before clipping: 3.6135189533233643
2024-09-10 18:50:01,596 - INFO - Minimum gradient before clipping: -3.1858339309692383
2024-09-10 18:50:01,596 - INFO - Mean training L1 loss: 0.12391349971294403
2024-09-10 18:50:01,597 - INFO - Mean training SSIM loss: 0.9993393743038177
2024-09-10 18:50:01,597 - INFO - Mean training MSE loss: 0.01891829224303365
2024-09-10 18:50:01,597 - INFO - Mean training VGG loss: 4.282651455402374
2024-09-10 18:50:23,972 - INFO - Mean validation L1 loss: 0.13021559983491898
2024-09-10 18:50:23,972 - INFO - Mean validation SSIM loss: 0.999357967376709
2024-09-10 18:50:23,973 - INFO - Mean validation MSE loss: 0.020685975477099418
2024-09-10 18:50:23,973 - INFO - Mean validation VGG loss: 4.267381563186645
2024-09-10 18:50:23,976 - INFO - Epoch 4
-------------------------------
2024-09-10 18:50:23,977 - INFO - Learning Rate of group 0: 0.00012
2024-09-10 18:54:13,366 - INFO - Maximum gradient before clipping: 4.435095310211182
2024-09-10 18:54:13,367 - INFO - Minimum gradient before clipping: -3.565504312515259
2024-09-10 18:54:13,368 - INFO - Mean training L1 loss: 0.08109051506966353
2024-09-10 18:54:13,368 - INFO - Mean training SSIM loss: 0.9880717355012893
2024-09-10 18:54:13,368 - INFO - Mean training MSE loss: 0.010483336995821445
2024-09-10 18:54:13,368 - INFO - Mean training VGG loss: 4.141848440170288
2024-09-10 18:54:35,846 - INFO - Mean validation L1 loss: 0.04360778301954269
2024-09-10 18:54:35,846 - INFO - Mean validation SSIM loss: 0.9717731165885926
2024-09-10 18:54:35,846 - INFO - Mean validation MSE loss: 0.0035486210975795985
2024-09-10 18:54:35,846 - INFO - Mean validation VGG loss: 3.9964315509796142
2024-09-10 18:54:37,307 - INFO - New best validation Loss 0.04360778301954269, at epoch 4
2024-09-10 18:54:37,311 - INFO - Epoch 5
-------------------------------
2024-09-10 18:54:37,311 - INFO - Learning Rate of group 0: 0.00016
2024-09-10 18:58:26,921 - INFO - Maximum gradient before clipping: 2.964566230773926
2024-09-10 18:58:26,922 - INFO - Minimum gradient before clipping: -3.449659824371338
2024-09-10 18:58:26,922 - INFO - Mean training L1 loss: 0.04126865059137344
2024-09-10 18:58:26,923 - INFO - Mean training SSIM loss: 0.9673713105916977
2024-09-10 18:58:26,923 - INFO - Mean training MSE loss: 0.0033166282856836914
2024-09-10 18:58:26,923 - INFO - Mean training VGG loss: 3.8280093121528624
2024-09-10 18:58:48,823 - INFO - Mean validation L1 loss: 0.04087839923799038
2024-09-10 18:58:48,823 - INFO - Mean validation SSIM loss: 0.9611501979827881
2024-09-10 18:58:48,823 - INFO - Mean validation MSE loss: 0.0035213582823053003
2024-09-10 18:58:48,823 - INFO - Mean validation VGG loss: 3.7830727767944334
2024-09-10 18:58:50,276 - INFO - New best validation Loss 0.04087839923799038, at epoch 5
2024-09-10 18:58:50,280 - INFO - Epoch 6
-------------------------------
2024-09-10 18:58:50,280 - INFO - Learning Rate of group 0: 0.0002
2024-09-10 19:02:40,019 - INFO - Maximum gradient before clipping: 2.7935869693756104
2024-09-10 19:02:40,020 - INFO - Minimum gradient before clipping: -4.051461696624756
2024-09-10 19:02:40,021 - INFO - Mean training L1 loss: 0.03972696971148253
2024-09-10 19:02:40,021 - INFO - Mean training SSIM loss: 0.9606614333391189
2024-09-10 19:02:40,021 - INFO - Mean training MSE loss: 0.0031279504729900508
2024-09-10 19:02:40,021 - INFO - Mean training VGG loss: 3.691287136077881
2024-09-10 19:03:02,804 - INFO - Mean validation L1 loss: 0.03991773217916489
2024-09-10 19:03:02,804 - INFO - Mean validation SSIM loss: 0.9580036330223084
2024-09-10 19:03:02,804 - INFO - Mean validation MSE loss: 0.0031771181523799897
2024-09-10 19:03:02,804 - INFO - Mean validation VGG loss: 3.7097807216644285
2024-09-10 19:03:04,256 - INFO - New best validation Loss 0.03991773217916489, at epoch 6
2024-09-10 19:03:04,260 - INFO - Epoch 7
-------------------------------
2024-09-10 19:03:04,260 - INFO - Learning Rate of group 0: 0.00019877498988921623
2024-09-10 19:06:53,851 - INFO - Maximum gradient before clipping: 2.963315963745117
2024-09-10 19:06:53,851 - INFO - Minimum gradient before clipping: -3.0079762935638428
2024-09-10 19:06:53,852 - INFO - Mean training L1 loss: 0.038892187140882016
2024-09-10 19:06:53,852 - INFO - Mean training SSIM loss: 0.954673576951027
2024-09-10 19:06:53,852 - INFO - Mean training MSE loss: 0.0030298550520092248
2024-09-10 19:06:53,852 - INFO - Mean training VGG loss: 3.6192895102500917
2024-09-10 19:07:16,396 - INFO - Mean validation L1 loss: 0.03852525651454926
2024-09-10 19:07:16,396 - INFO - Mean validation SSIM loss: 0.9506968450546265
2024-09-10 19:07:16,396 - INFO - Mean validation MSE loss: 0.003071408262476325
2024-09-10 19:07:16,396 - INFO - Mean validation VGG loss: 3.6400039196014404
2024-09-10 19:07:17,850 - INFO - New best validation Loss 0.03852525651454926, at epoch 7
2024-09-10 19:07:17,855 - INFO - Epoch 8
-------------------------------
2024-09-10 19:07:17,855 - INFO - Learning Rate of group 0: 0.00019513012337136782
2024-09-10 19:11:07,131 - INFO - Maximum gradient before clipping: 3.059201717376709
2024-09-10 19:11:07,131 - INFO - Minimum gradient before clipping: -3.2405858039855957
2024-09-10 19:11:07,132 - INFO - Mean training L1 loss: 0.03742044996470213
2024-09-10 19:11:07,132 - INFO - Mean training SSIM loss: 0.9466795349121093
2024-09-10 19:11:07,132 - INFO - Mean training MSE loss: 0.0029037022462580354
2024-09-10 19:11:07,132 - INFO - Mean training VGG loss: 3.5385226035118102
2024-09-10 19:11:29,300 - INFO - Mean validation L1 loss: 0.036698753014206886
2024-09-10 19:11:29,300 - INFO - Mean validation SSIM loss: 0.9379258584976197
2024-09-10 19:11:29,300 - INFO - Mean validation MSE loss: 0.0029139517899602653
2024-09-10 19:11:29,300 - INFO - Mean validation VGG loss: 3.5496461009979248
2024-09-10 19:11:30,749 - INFO - New best validation Loss 0.036698753014206886, at epoch 8
2024-09-10 19:11:30,753 - INFO - Epoch 9
-------------------------------
2024-09-10 19:11:30,753 - INFO - Learning Rate of group 0: 0.00018915514915674264
2024-09-10 19:15:20,430 - INFO - Maximum gradient before clipping: 3.7843410968780518
2024-09-10 19:15:20,430 - INFO - Minimum gradient before clipping: -3.1693196296691895
2024-09-10 19:15:20,431 - INFO - Mean training L1 loss: 0.035738217048346996
2024-09-10 19:15:20,431 - INFO - Mean training SSIM loss: 0.9350789493322372
2024-09-10 19:15:20,431 - INFO - Mean training MSE loss: 0.0027457836060784755
2024-09-10 19:15:20,431 - INFO - Mean training VGG loss: 3.446951100826263
2024-09-10 19:15:42,921 - INFO - Mean validation L1 loss: 0.035432200878858566
2024-09-10 19:15:42,921 - INFO - Mean validation SSIM loss: 0.9292148041725159
2024-09-10 19:15:42,921 - INFO - Mean validation MSE loss: 0.002726766923442483
2024-09-10 19:15:42,921 - INFO - Mean validation VGG loss: 3.4793442916870116
2024-09-10 19:15:44,367 - INFO - New best validation Loss 0.035432200878858566, at epoch 9
2024-09-10 19:15:44,371 - INFO - Epoch 10
-------------------------------
2024-09-10 19:15:44,371 - INFO - Learning Rate of group 0: 0.0001809971909403073
2024-09-10 19:19:33,774 - INFO - Maximum gradient before clipping: 3.103194236755371
2024-09-10 19:19:33,775 - INFO - Minimum gradient before clipping: -3.078740358352661
2024-09-10 19:19:33,775 - INFO - Mean training L1 loss: 0.034802158884704115
2024-09-10 19:19:33,776 - INFO - Mean training SSIM loss: 0.9275966900587082
2024-09-10 19:19:33,776 - INFO - Mean training MSE loss: 0.0026512504077982157
2024-09-10 19:19:33,776 - INFO - Mean training VGG loss: 3.3868051671981814
2024-09-10 19:19:55,949 - INFO - Mean validation L1 loss: 0.03527180768549442
2024-09-10 19:19:55,949 - INFO - Mean validation SSIM loss: 0.9243411135673523
2024-09-10 19:19:55,949 - INFO - Mean validation MSE loss: 0.0027150680031627415
2024-09-10 19:19:55,949 - INFO - Mean validation VGG loss: 3.419698467254639
2024-09-10 19:19:58,206 - INFO - New best validation Loss 0.03527180768549442, at epoch 10
2024-09-10 19:19:58,211 - INFO - Epoch 11
-------------------------------
2024-09-10 19:19:58,211 - INFO - Learning Rate of group 0: 0.00017085712472806152
2024-09-10 19:23:47,945 - INFO - Maximum gradient before clipping: 2.856625556945801
2024-09-10 19:23:47,945 - INFO - Minimum gradient before clipping: -3.0879945755004883
2024-09-10 19:23:47,946 - INFO - Mean training L1 loss: 0.03473128682002425
2024-09-10 19:23:47,946 - INFO - Mean training SSIM loss: 0.9231057679653167
2024-09-10 19:23:47,947 - INFO - Mean training MSE loss: 0.0026296569872647523
2024-09-10 19:23:47,947 - INFO - Mean training VGG loss: 3.3416591262817383
2024-09-10 19:24:10,265 - INFO - Mean validation L1 loss: 0.03494682140648365
2024-09-10 19:24:10,265 - INFO - Mean validation SSIM loss: 0.9194831085205079
2024-09-10 19:24:10,266 - INFO - Mean validation MSE loss: 0.0026255844067782164
2024-09-10 19:24:10,266 - INFO - Mean validation VGG loss: 3.384217586517334
2024-09-10 19:24:11,710 - INFO - New best validation Loss 0.03494682140648365, at epoch 11
2024-09-10 19:24:11,714 - INFO - Epoch 12
-------------------------------
2024-09-10 19:24:11,714 - INFO - Learning Rate of group 0: 0.00015898463260310112
2024-09-10 19:28:01,590 - INFO - Maximum gradient before clipping: 3.479215145111084
2024-09-10 19:28:01,590 - INFO - Minimum gradient before clipping: -4.262132167816162
2024-09-10 19:28:01,591 - INFO - Mean training L1 loss: 0.03448675403371453
2024-09-10 19:28:01,591 - INFO - Mean training SSIM loss: 0.9200533092021942
2024-09-10 19:28:01,591 - INFO - Mean training MSE loss: 0.0026192611805163322
2024-09-10 19:28:01,591 - INFO - Mean training VGG loss: 3.3156355571746827
2024-09-10 19:28:23,552 - INFO - Mean validation L1 loss: 0.03509092658758164
2024-09-10 19:28:23,552 - INFO - Mean validation SSIM loss: 0.9142626023292542
2024-09-10 19:28:23,552 - INFO - Mean validation MSE loss: 0.002782956357114017
2024-09-10 19:28:23,552 - INFO - Mean validation VGG loss: 3.3859498405456545
2024-09-10 19:28:23,556 - INFO - Epoch 13
-------------------------------
2024-09-10 19:28:23,556 - INFO - Learning Rate of group 0: 0.00014567205472408495
2024-09-10 19:32:13,465 - INFO - Maximum gradient before clipping: 3.497096538543701
2024-09-10 19:32:13,466 - INFO - Minimum gradient before clipping: -3.393688201904297
2024-09-10 19:32:13,467 - INFO - Mean training L1 loss: 0.03373080436140299
2024-09-10 19:32:13,467 - INFO - Mean training SSIM loss: 0.9150634956359863
2024-09-10 19:32:13,467 - INFO - Mean training MSE loss: 0.002526403426891193
2024-09-10 19:32:13,467 - INFO - Mean training VGG loss: 3.281003575325012
2024-09-10 19:32:35,405 - INFO - Mean validation L1 loss: 0.03405831895768643
2024-09-10 19:32:35,405 - INFO - Mean validation SSIM loss: 0.906811203956604
2024-09-10 19:32:35,405 - INFO - Mean validation MSE loss: 0.002696417118422687
2024-09-10 19:32:35,405 - INFO - Mean validation VGG loss: 3.3228907680511472
2024-09-10 19:32:36,843 - INFO - New best validation Loss 0.03405831895768643, at epoch 13
2024-09-10 19:32:36,847 - INFO - Epoch 14
-------------------------------
2024-09-10 19:32:36,847 - INFO - Learning Rate of group 0: 0.00013124719094030732
2024-09-10 19:36:26,857 - INFO - Maximum gradient before clipping: 3.3970251083374023
2024-09-10 19:36:26,857 - INFO - Minimum gradient before clipping: -3.8452625274658203
2024-09-10 19:36:26,858 - INFO - Mean training L1 loss: 0.0332657671160996
2024-09-10 19:36:26,859 - INFO - Mean training SSIM loss: 0.9080101531744004
2024-09-10 19:36:26,859 - INFO - Mean training MSE loss: 0.002475200307089835
2024-09-10 19:36:26,859 - INFO - Mean training VGG loss: 3.24306645154953
2024-09-10 19:36:49,067 - INFO - Mean validation L1 loss: 0.03268341273069382
2024-09-10 19:36:49,067 - INFO - Mean validation SSIM loss: 0.8993051934242249
2024-09-10 19:36:49,067 - INFO - Mean validation MSE loss: 0.0024447915609925987
2024-09-10 19:36:49,067 - INFO - Mean validation VGG loss: 3.3010834789276124
2024-09-10 19:36:50,507 - INFO - New best validation Loss 0.03268341273069382, at epoch 14
2024-09-10 19:36:50,511 - INFO - Epoch 15
-------------------------------
2024-09-10 19:36:50,512 - INFO - Learning Rate of group 0: 0.00011606522927150302
2024-09-10 19:40:40,024 - INFO - Maximum gradient before clipping: 3.104915142059326
2024-09-10 19:40:40,024 - INFO - Minimum gradient before clipping: -3.7565243244171143
2024-09-10 19:40:40,025 - INFO - Mean training L1 loss: 0.032620264273136856
2024-09-10 19:40:40,025 - INFO - Mean training SSIM loss: 0.905019239783287
2024-09-10 19:40:40,025 - INFO - Mean training MSE loss: 0.002393596542533487
2024-09-10 19:40:40,025 - INFO - Mean training VGG loss: 3.2201201128959656
2024-09-10 19:41:01,907 - INFO - Mean validation L1 loss: 0.033158386647701266
2024-09-10 19:41:01,907 - INFO - Mean validation SSIM loss: 0.8992240166664124
2024-09-10 19:41:01,907 - INFO - Mean validation MSE loss: 0.0026095884200185537
2024-09-10 19:41:01,907 - INFO - Mean validation VGG loss: 3.2709153747558593
2024-09-10 19:41:01,911 - INFO - Epoch 16
-------------------------------
2024-09-10 19:41:01,911 - INFO - Learning Rate of group 0: 0.00010050000000000003
2024-09-10 19:44:52,268 - INFO - Maximum gradient before clipping: 3.0881989002227783
2024-09-10 19:44:52,269 - INFO - Minimum gradient before clipping: -2.905303478240967
2024-09-10 19:44:52,269 - INFO - Mean training L1 loss: 0.03197879187762737
2024-09-10 19:44:52,270 - INFO - Mean training SSIM loss: 0.8985965365171432
2024-09-10 19:44:52,270 - INFO - Mean training MSE loss: 0.0023395547375548633
2024-09-10 19:44:52,270 - INFO - Mean training VGG loss: 3.193598434925079
2024-09-10 19:45:14,716 - INFO - Mean validation L1 loss: 0.033463896438479426
2024-09-10 19:45:14,716 - INFO - Mean validation SSIM loss: 0.8945311856269836
2024-09-10 19:45:14,716 - INFO - Mean validation MSE loss: 0.0025854564364999532
2024-09-10 19:45:14,716 - INFO - Mean validation VGG loss: 3.264656925201416
2024-09-10 19:45:14,720 - INFO - Epoch 17
-------------------------------
2024-09-10 19:45:14,720 - INFO - Learning Rate of group 0: 8.493477072849708e-05
2024-09-10 19:49:04,605 - INFO - Maximum gradient before clipping: 3.369650363922119
2024-09-10 19:49:04,606 - INFO - Minimum gradient before clipping: -3.7434182167053223
2024-09-10 19:49:04,606 - INFO - Mean training L1 loss: 0.03174558170139789
2024-09-10 19:49:04,607 - INFO - Mean training SSIM loss: 0.8936346846818924
2024-09-10 19:49:04,607 - INFO - Mean training MSE loss: 0.0023035425052512436
2024-09-10 19:49:04,607 - INFO - Mean training VGG loss: 3.169955196380615
2024-09-10 19:49:26,518 - INFO - Mean validation L1 loss: 0.03350386723876
2024-09-10 19:49:26,518 - INFO - Mean validation SSIM loss: 0.8971933054924012
2024-09-10 19:49:26,518 - INFO - Mean validation MSE loss: 0.0025628202548250555
2024-09-10 19:49:26,518 - INFO - Mean validation VGG loss: 3.238081817626953
2024-09-10 19:49:26,522 - INFO - Epoch 18
-------------------------------
2024-09-10 19:49:26,522 - INFO - Learning Rate of group 0: 6.975280905969276e-05
2024-09-10 19:53:17,032 - INFO - Maximum gradient before clipping: 2.695610523223877
2024-09-10 19:53:17,033 - INFO - Minimum gradient before clipping: -2.5039374828338623
2024-09-10 19:53:17,034 - INFO - Mean training L1 loss: 0.0312637928314507
2024-09-10 19:53:17,034 - INFO - Mean training SSIM loss: 0.8914233666658401
2024-09-10 19:53:17,034 - INFO - Mean training MSE loss: 0.0022640456957742573
2024-09-10 19:53:17,034 - INFO - Mean training VGG loss: 3.151468081474304
2024-09-10 19:53:39,155 - INFO - Mean validation L1 loss: 0.032152770906686785
2024-09-10 19:53:39,155 - INFO - Mean validation SSIM loss: 0.8880708527565002
2024-09-10 19:53:39,155 - INFO - Mean validation MSE loss: 0.002446789960376918
2024-09-10 19:53:39,155 - INFO - Mean validation VGG loss: 3.2182046127319337
2024-09-10 19:53:40,585 - INFO - New best validation Loss 0.032152770906686785, at epoch 18
2024-09-10 19:53:40,589 - INFO - Epoch 19
-------------------------------
2024-09-10 19:53:40,589 - INFO - Learning Rate of group 0: 5.5327945275915107e-05
2024-09-10 19:57:30,448 - INFO - Maximum gradient before clipping: 2.8304755687713623
2024-09-10 19:57:30,449 - INFO - Minimum gradient before clipping: -2.6030426025390625
2024-09-10 19:57:30,450 - INFO - Mean training L1 loss: 0.030668108016252516
2024-09-10 19:57:30,450 - INFO - Mean training SSIM loss: 0.885421193242073
2024-09-10 19:57:30,450 - INFO - Mean training MSE loss: 0.0022060866793617608
2024-09-10 19:57:30,450 - INFO - Mean training VGG loss: 3.131581392288208
2024-09-10 19:57:52,503 - INFO - Mean validation L1 loss: 0.03132651142776013
2024-09-10 19:57:52,503 - INFO - Mean validation SSIM loss: 0.8828545451164246
2024-09-10 19:57:52,503 - INFO - Mean validation MSE loss: 0.002363249403424561
2024-09-10 19:57:52,503 - INFO - Mean validation VGG loss: 3.1958111190795897
2024-09-10 19:57:53,946 - INFO - New best validation Loss 0.03132651142776013, at epoch 19
2024-09-10 19:57:53,950 - INFO - Epoch 20
-------------------------------
2024-09-10 19:57:53,950 - INFO - Learning Rate of group 0: 4.201536739689894e-05
2024-09-10 20:01:43,500 - INFO - Maximum gradient before clipping: 3.039173126220703
2024-09-10 20:01:43,501 - INFO - Minimum gradient before clipping: -2.752422332763672
2024-09-10 20:01:43,502 - INFO - Mean training L1 loss: 0.030152450110763312
2024-09-10 20:01:43,502 - INFO - Mean training SSIM loss: 0.882437281012535
2024-09-10 20:01:43,502 - INFO - Mean training MSE loss: 0.00215068367542699
2024-09-10 20:01:43,502 - INFO - Mean training VGG loss: 3.1134628510475157
2024-09-10 20:09:42,630 - INFO - Validation split Earthnet Score on epoch 20
2024-09-10 20:09:42,633 - INFO - {'MAD': 0.23111432790756226, 'OLS': 0.3079387843608856, 'EMD': 0.21185538172721863, 'SSIM': 0.12861832976341248, 'EarthNetScore': 0.19930835835990282}
2024-09-10 20:09:42,633 - INFO - Mean validation L1 loss: 0.03064332455396652
2024-09-10 20:09:42,633 - INFO - Mean validation SSIM loss: 0.8841563177108764
2024-09-10 20:09:42,633 - INFO - Mean validation MSE loss: 0.0021518747229129077
2024-09-10 20:09:42,633 - INFO - Mean validation VGG loss: 3.1832759284973147
2024-09-10 20:09:44,074 - INFO - New best validation Loss 0.03064332455396652, at epoch 20
2024-09-10 20:09:45,481 - INFO - New best Earthnet Score 0.19930835835990282, at epoch 20
2024-09-10 20:09:45,485 - INFO - Training Finished
