2024-08-21 00:42:32,618 - INFO - NOTE: None
2024-08-21 00:42:32,620 - INFO - Torch, random, numpy seed: 88
2024-08-21 00:42:34,016 - INFO - Starting training from from epoch 0
2024-08-21 00:42:43,489 - INFO - Epoch 1
-------------------------------
2024-08-21 00:42:43,490 - INFO - Learning Rate of group 0: 0.0
2024-08-21 00:45:23,903 - INFO - Maximum gradient before clipping: 5.632298946380615
2024-08-21 00:45:23,904 - INFO - Minimum gradient before clipping: -2.6208674907684326
2024-08-21 00:45:23,904 - INFO - Mean training L1 loss: 0.14287853240966797
2024-08-21 00:45:23,905 - INFO - Mean training SSIM loss: 0.0017020700839930215
2024-08-21 00:45:23,905 - INFO - Mean training MSE loss: 0.029787984490394593
2024-08-21 00:45:39,487 - INFO - Mean validation L1 loss: 0.14117103576660156
2024-08-21 00:45:39,488 - INFO - Mean validation SSIM loss: 0.0015318092703819274
2024-08-21 00:45:39,488 - INFO - Mean validation MSE loss: 0.029000706151127816
2024-08-21 00:45:41,685 - INFO - New best validation Loss 0.14117103576660156, at epoch 1
2024-08-21 00:45:41,691 - INFO - Epoch 2
-------------------------------
2024-08-21 00:45:41,692 - INFO - Learning Rate of group 0: 9.853127859128025e-05
2024-08-21 00:48:20,493 - INFO - Maximum gradient before clipping: 8.448540687561035
2024-08-21 00:48:20,494 - INFO - Minimum gradient before clipping: -9.485798835754395
2024-08-21 00:48:20,495 - INFO - Mean training L1 loss: 0.057142230682075024
2024-08-21 00:48:20,495 - INFO - Mean training SSIM loss: 0.0003874871312499462
2024-08-21 00:48:20,495 - INFO - Mean training MSE loss: 0.006346502869855612
2024-08-21 00:48:35,719 - INFO - Mean validation L1 loss: 0.04752683013677597
2024-08-21 00:48:35,719 - INFO - Mean validation SSIM loss: 5.542372405464846e-07
2024-08-21 00:48:35,719 - INFO - Mean validation MSE loss: 0.004560996629297733
2024-08-21 00:48:37,961 - INFO - New best validation Loss 0.04752683013677597, at epoch 2
2024-08-21 00:48:37,964 - INFO - Epoch 3
-------------------------------
2024-08-21 00:48:37,964 - INFO - Learning Rate of group 0: 0.0001970625571825605
2024-08-21 00:51:16,204 - INFO - Maximum gradient before clipping: 2.7716152667999268
2024-08-21 00:51:16,205 - INFO - Minimum gradient before clipping: -3.033968687057495
2024-08-21 00:51:16,206 - INFO - Mean training L1 loss: 0.04538935400545597
2024-08-21 00:51:16,206 - INFO - Mean training SSIM loss: 7.486137365331214e-07
2024-08-21 00:51:16,206 - INFO - Mean training MSE loss: 0.0039008859521709382
2024-08-21 00:51:32,023 - INFO - Mean validation L1 loss: 0.04415495380759239
2024-08-21 00:51:32,023 - INFO - Mean validation SSIM loss: 2.6953407694207954e-07
2024-08-21 00:51:32,023 - INFO - Mean validation MSE loss: 0.0036269377917051314
2024-08-21 00:51:34,247 - INFO - New best validation Loss 0.04415495380759239, at epoch 3
2024-08-21 00:51:34,251 - INFO - Epoch 4
-------------------------------
2024-08-21 00:51:34,251 - INFO - Learning Rate of group 0: 0.00029559383577384073
2024-08-21 00:54:12,482 - INFO - Maximum gradient before clipping: 2.387373208999634
2024-08-21 00:54:12,483 - INFO - Minimum gradient before clipping: -3.4404118061065674
2024-08-21 00:54:12,484 - INFO - Mean training L1 loss: 0.04472198862582445
2024-08-21 00:54:12,484 - INFO - Mean training SSIM loss: 3.6283020724026117e-06
2024-08-21 00:54:12,484 - INFO - Mean training MSE loss: 0.0037550220149569213
2024-08-21 00:54:28,274 - INFO - Mean validation L1 loss: 0.044614870250225064
2024-08-21 00:54:28,274 - INFO - Mean validation SSIM loss: 1.1409297455955425e-06
2024-08-21 00:54:28,274 - INFO - Mean validation MSE loss: 0.004086698489263654
