2024-08-20 04:10:35,555 - INFO - NOTE: None
2024-08-20 04:10:35,557 - INFO - Torch, random, numpy seed: 88
2024-08-20 04:10:36,459 - INFO - Starting training from from epoch 0
2024-08-20 04:10:45,180 - INFO - Epoch 1
-------------------------------
2024-08-20 04:10:45,180 - INFO - Learning Rate of group 0: 0.0
2024-08-20 04:12:35,538 - INFO - Maximum gradient before clipping: 0.7322208285331726
2024-08-20 04:12:35,539 - INFO - Minimum gradient before clipping: -0.17339397966861725
2024-08-20 04:12:35,539 - INFO - Mean training L1 loss: 0.24792133808135985
2024-08-20 04:12:35,539 - INFO - Mean training SSIM loss: 0.0
2024-08-20 04:12:35,539 - INFO - Mean training MSE loss: 0.09336013272404671
2024-08-20 04:12:46,830 - INFO - Mean validation L1 loss: 0.24806136906147003
2024-08-20 04:12:46,831 - INFO - Mean validation SSIM loss: 0.0
2024-08-20 04:12:46,831 - INFO - Mean validation MSE loss: 0.09381898105144501
2024-08-20 04:12:48,809 - INFO - New best validation Loss 0.24806136906147003, at epoch 1
2024-08-20 04:12:48,815 - INFO - Epoch 2
-------------------------------
2024-08-20 04:12:48,816 - INFO - Learning Rate of group 0: 0.00044432004933844945
2024-08-20 04:14:37,115 - INFO - Maximum gradient before clipping: 3.5165998935699463
2024-08-20 04:14:37,116 - INFO - Minimum gradient before clipping: -3.523475170135498
2024-08-20 04:14:37,117 - INFO - Mean training L1 loss: 0.11914721803739667
2024-08-20 04:14:37,117 - INFO - Mean training SSIM loss: 0.0
2024-08-20 04:14:37,117 - INFO - Mean training MSE loss: 0.04908458729623817
2024-08-20 04:14:48,418 - INFO - Mean validation L1 loss: 0.032640941292047504
2024-08-20 04:14:48,418 - INFO - Mean validation SSIM loss: 0.0
2024-08-20 04:14:48,418 - INFO - Mean validation MSE loss: 0.002141989464871585
2024-08-20 04:14:50,397 - INFO - New best validation Loss 0.032640941292047504, at epoch 2
2024-08-20 04:14:50,400 - INFO - Epoch 3
-------------------------------
2024-08-20 04:14:50,400 - INFO - Learning Rate of group 0: 0.0008886400986768989
2024-08-20 04:16:38,869 - INFO - Maximum gradient before clipping: 0.6639683246612549
2024-08-20 04:16:38,869 - INFO - Minimum gradient before clipping: -0.5232132077217102
2024-08-20 04:16:38,870 - INFO - Mean training L1 loss: 0.035306478403508666
2024-08-20 04:16:38,870 - INFO - Mean training SSIM loss: 0.0
2024-08-20 04:16:38,870 - INFO - Mean training MSE loss: 0.002381008097436279
2024-08-20 04:16:50,231 - INFO - Mean validation L1 loss: 0.03173805348575115
2024-08-20 04:16:50,231 - INFO - Mean validation SSIM loss: 0.0
2024-08-20 04:16:50,231 - INFO - Mean validation MSE loss: 0.0019854530692100525
2024-08-20 04:16:52,227 - INFO - New best validation Loss 0.03173805348575115, at epoch 3
2024-08-20 04:16:52,230 - INFO - Epoch 4
-------------------------------
2024-08-20 04:16:52,231 - INFO - Learning Rate of group 0: 0.0013329601480153482
2024-08-20 04:18:40,312 - INFO - Maximum gradient before clipping: 0.5762674808502197
2024-08-20 04:18:40,312 - INFO - Minimum gradient before clipping: -0.607400119304657
2024-08-20 04:18:40,313 - INFO - Mean training L1 loss: 0.03575334491208196
2024-08-20 04:18:40,313 - INFO - Mean training SSIM loss: 0.0
2024-08-20 04:18:40,313 - INFO - Mean training MSE loss: 0.002404242883203551
2024-08-20 04:18:51,555 - INFO - Mean validation L1 loss: 0.03212590873241425
2024-08-20 04:18:51,555 - INFO - Mean validation SSIM loss: 0.0
2024-08-20 04:18:51,555 - INFO - Mean validation MSE loss: 0.0018729489017277957
