2024-08-21 06:25:41,163 - INFO - NOTE: None
2024-08-21 06:25:41,165 - INFO - Torch, random, numpy seed: 88
2024-08-21 06:25:41,673 - INFO - Starting training from from epoch 0
2024-08-21 06:25:49,780 - INFO - Epoch 1
-------------------------------
2024-08-21 06:25:49,780 - INFO - Learning Rate of group 0: 0.0
2024-08-21 06:27:02,741 - INFO - Maximum gradient before clipping: 5.034942150115967
2024-08-21 06:27:02,742 - INFO - Minimum gradient before clipping: -2.2700369358062744
2024-08-21 06:27:02,743 - INFO - Mean training L1 loss: 0.1489070263504982
2024-08-21 06:27:02,743 - INFO - Mean training SSIM loss: 0.0016110218450194225
2024-08-21 06:27:02,743 - INFO - Mean training MSE loss: 0.029628906417638063
2024-08-21 06:27:11,167 - INFO - Mean validation L1 loss: 0.14854511022567748
2024-08-21 06:27:11,167 - INFO - Mean validation SSIM loss: 0.0019879925978602843
2024-08-21 06:27:11,167 - INFO - Mean validation MSE loss: 0.028953334167599678
2024-08-21 06:27:11,886 - INFO - New best validation Loss 0.14854511022567748, at epoch 1
2024-08-21 06:27:11,893 - INFO - Epoch 2
-------------------------------
2024-08-21 06:27:11,893 - INFO - Learning Rate of group 0: 0.0003647013685939216
2024-08-21 06:28:23,772 - INFO - Maximum gradient before clipping: 5.87755823135376
2024-08-21 06:28:23,773 - INFO - Minimum gradient before clipping: -8.6978178024292
2024-08-21 06:28:23,773 - INFO - Mean training L1 loss: 0.05982159174978733
2024-08-21 06:28:23,773 - INFO - Mean training SSIM loss: 0.00028548547315259575
2024-08-21 06:28:23,773 - INFO - Mean training MSE loss: 0.00703422705642879
2024-08-21 06:28:32,128 - INFO - Mean validation L1 loss: 0.0457129679620266
2024-08-21 06:28:32,128 - INFO - Mean validation SSIM loss: 2.615615914614011e-07
2024-08-21 06:28:32,128 - INFO - Mean validation MSE loss: 0.0038078788854181765
2024-08-21 06:28:32,816 - INFO - New best validation Loss 0.0457129679620266, at epoch 2
2024-08-21 06:28:32,820 - INFO - Epoch 3
-------------------------------
2024-08-21 06:28:32,820 - INFO - Learning Rate of group 0: 0.0007294027371878432
2024-08-21 06:29:44,445 - INFO - Maximum gradient before clipping: 7.201355934143066
2024-08-21 06:29:44,446 - INFO - Minimum gradient before clipping: -12.169276237487793
2024-08-21 06:29:44,446 - INFO - Mean training L1 loss: 0.04875410422682762
2024-08-21 06:29:44,446 - INFO - Mean training SSIM loss: 4.471965432007563e-05
2024-08-21 06:29:44,446 - INFO - Mean training MSE loss: 0.004387876742985099
2024-08-21 06:29:52,316 - INFO - Mean validation L1 loss: 0.04604645282030106
2024-08-21 06:29:52,316 - INFO - Mean validation SSIM loss: 2.910489954288664e-07
2024-08-21 06:29:52,317 - INFO - Mean validation MSE loss: 0.0038072855956852434
2024-08-21 06:29:52,320 - INFO - Epoch 4
-------------------------------
2024-08-21 06:29:52,320 - INFO - Learning Rate of group 0: 0.001094104105781765
2024-08-21 06:31:04,399 - INFO - Maximum gradient before clipping: 6.876916885375977
2024-08-21 06:31:04,400 - INFO - Minimum gradient before clipping: -9.717480659484863
2024-08-21 06:31:04,400 - INFO - Mean training L1 loss: 0.047691829428076746
2024-08-21 06:31:04,400 - INFO - Mean training SSIM loss: 1.3613614739185209e-05
2024-08-21 06:31:04,400 - INFO - Mean training MSE loss: 0.004225115592125803
2024-08-21 06:31:12,648 - INFO - Mean validation L1 loss: 0.050414793491363526
2024-08-21 06:31:12,648 - INFO - Mean validation SSIM loss: 1.0120201811503194e-06
2024-08-21 06:31:12,648 - INFO - Mean validation MSE loss: 0.004031362030655145
