2024-08-16 13:50:49,891 - INFO - NOTE: None
2024-08-16 13:50:49,893 - INFO - Torch, random, numpy seed: 88
2024-08-16 13:50:50,758 - INFO - No scheduler used
2024-08-16 13:50:50,758 - INFO - Starting training from from epoch 0
2024-08-16 13:50:58,365 - INFO - Epoch 1
-------------------------------
2024-08-16 13:50:58,365 - INFO - Learning Rate of group 0: 0.0002
2024-08-16 13:52:42,961 - INFO - Maximum gradient before clipping: 0.34099042415618896
2024-08-16 13:52:42,962 - INFO - Minimum gradient before clipping: -0.36023077368736267
2024-08-16 13:52:42,962 - INFO - Mean training loss: 3.4566821586340666
2024-08-16 13:52:42,963 - INFO - Mean training SSIM loss: 0
2024-08-16 13:52:42,963 - INFO - Mean training MSE loss: 0.28061426093336195
2024-08-16 13:52:53,577 - INFO - Mean validation loss: 0.7235329393297434
2024-08-16 13:52:53,577 - INFO - Mean validation SSIM loss: 0
2024-08-16 13:52:53,577 - INFO - Mean validation MSE loss: 0.04763983201701194
2024-08-16 13:52:55,513 - INFO - New best validation Loss 0.7235329393297434, at epoch 1
2024-08-16 13:52:55,514 - INFO - Epoch 2
-------------------------------
2024-08-16 13:52:55,514 - INFO - Learning Rate of group 0: 0.0002
2024-08-16 13:54:37,589 - INFO - Maximum gradient before clipping: 0.22724796831607819
2024-08-16 13:54:37,590 - INFO - Minimum gradient before clipping: -0.20220769941806793
2024-08-16 13:54:37,590 - INFO - Mean training loss: 2.9005909357219934
2024-08-16 13:54:37,591 - INFO - Mean training SSIM loss: 0
2024-08-16 13:54:37,591 - INFO - Mean training MSE loss: 0.1885823489865288
2024-08-16 13:54:48,452 - INFO - Mean validation loss: 0.6922779157757759
2024-08-16 13:54:48,453 - INFO - Mean validation SSIM loss: 0
2024-08-16 13:54:48,453 - INFO - Mean validation MSE loss: 0.04093054891563952
2024-08-16 13:54:50,412 - INFO - New best validation Loss 0.6922779157757759, at epoch 2
2024-08-16 13:54:50,412 - INFO - Epoch 3
-------------------------------
2024-08-16 13:54:50,412 - INFO - Learning Rate of group 0: 0.0002
2024-08-16 13:56:32,842 - INFO - Maximum gradient before clipping: 0.1729728728532791
2024-08-16 13:56:32,843 - INFO - Minimum gradient before clipping: -0.17497090995311737
2024-08-16 13:56:32,843 - INFO - Mean training loss: 2.752665353938937
2024-08-16 13:56:32,843 - INFO - Mean training SSIM loss: 0
2024-08-16 13:56:32,843 - INFO - Mean training MSE loss: 0.17312417249195278
2024-08-16 13:56:43,370 - INFO - Mean validation loss: 0.6901802197098732
2024-08-16 13:56:43,371 - INFO - Mean validation SSIM loss: 0
2024-08-16 13:56:43,371 - INFO - Mean validation MSE loss: 0.03986438876017928
2024-08-16 13:56:45,319 - INFO - New best validation Loss 0.6901802197098732, at epoch 3
2024-08-16 13:56:45,320 - INFO - Epoch 4
-------------------------------
2024-08-16 13:56:45,320 - INFO - Learning Rate of group 0: 0.0002
2024-08-16 13:58:28,189 - INFO - Maximum gradient before clipping: 0.16197577118873596
2024-08-16 13:58:28,190 - INFO - Minimum gradient before clipping: -0.1672115921974182
2024-08-16 13:58:28,190 - INFO - Mean training loss: 2.6650256235152483
2024-08-16 13:58:28,190 - INFO - Mean training SSIM loss: 0
2024-08-16 13:58:28,190 - INFO - Mean training MSE loss: 0.1661119206692092
2024-08-16 13:58:38,877 - INFO - Mean validation loss: 0.7142057903110981
2024-08-16 13:58:38,877 - INFO - Mean validation SSIM loss: 0
2024-08-16 13:58:38,877 - INFO - Mean validation MSE loss: 0.038819245994091034
2024-08-16 13:58:38,877 - INFO - Epoch 5
-------------------------------
2024-08-16 13:58:38,877 - INFO - Learning Rate of group 0: 0.0002
2024-08-16 14:00:20,455 - INFO - Maximum gradient before clipping: 0.1917332112789154
2024-08-16 14:00:20,456 - INFO - Minimum gradient before clipping: -0.20353597402572632
2024-08-16 14:00:20,457 - INFO - Mean training loss: 2.642838802188635
2024-08-16 14:00:20,457 - INFO - Mean training SSIM loss: 0
2024-08-16 14:00:20,457 - INFO - Mean training MSE loss: 0.16371364297810942
2024-08-16 14:00:31,263 - INFO - Mean validation loss: 0.6570224575698376
2024-08-16 14:00:31,263 - INFO - Mean validation SSIM loss: 0
2024-08-16 14:00:31,263 - INFO - Mean validation MSE loss: 0.04223137244116515
2024-08-16 14:00:33,326 - INFO - New best validation Loss 0.6570224575698376, at epoch 5
2024-08-16 14:00:33,327 - INFO - Epoch 6
-------------------------------
2024-08-16 14:00:33,327 - INFO - Learning Rate of group 0: 0.0002
2024-08-16 14:02:15,001 - INFO - Maximum gradient before clipping: 0.16692012548446655
2024-08-16 14:02:15,002 - INFO - Minimum gradient before clipping: -0.16913814842700958
2024-08-16 14:02:15,002 - INFO - Mean training loss: 2.5523391626775265
2024-08-16 14:02:15,002 - INFO - Mean training SSIM loss: 0
2024-08-16 14:02:15,002 - INFO - Mean training MSE loss: 0.15418504877015948
2024-08-16 14:02:25,918 - INFO - Mean validation loss: 0.6225126702338457
2024-08-16 14:02:25,918 - INFO - Mean validation SSIM loss: 0
2024-08-16 14:02:25,918 - INFO - Mean validation MSE loss: 0.03674026537919417
2024-08-16 14:02:27,863 - INFO - New best validation Loss 0.6225126702338457, at epoch 6
2024-08-16 14:02:27,863 - INFO - Epoch 7
-------------------------------
2024-08-16 14:02:27,863 - INFO - Learning Rate of group 0: 0.0002
2024-08-16 14:04:09,984 - INFO - Maximum gradient before clipping: 0.1876288503408432
2024-08-16 14:04:09,985 - INFO - Minimum gradient before clipping: -0.13976962864398956
2024-08-16 14:04:09,985 - INFO - Mean training loss: 2.474107336252928
2024-08-16 14:04:09,986 - INFO - Mean training SSIM loss: 0
2024-08-16 14:04:09,986 - INFO - Mean training MSE loss: 0.14645906642545015
2024-08-16 14:04:21,451 - INFO - Mean validation loss: 0.5844230391085148
2024-08-16 14:04:21,451 - INFO - Mean validation SSIM loss: 0
2024-08-16 14:04:21,451 - INFO - Mean validation MSE loss: 0.03348714055027813
2024-08-16 14:04:23,395 - INFO - New best validation Loss 0.5844230391085148, at epoch 7
2024-08-16 14:04:23,395 - INFO - Epoch 8
-------------------------------
2024-08-16 14:04:23,395 - INFO - Learning Rate of group 0: 0.0002
2024-08-16 14:06:04,905 - INFO - Maximum gradient before clipping: 0.1649545431137085
2024-08-16 14:06:04,906 - INFO - Minimum gradient before clipping: -0.147249236702919
2024-08-16 14:06:04,906 - INFO - Mean training loss: 2.3633273281157017
2024-08-16 14:06:04,906 - INFO - Mean training SSIM loss: 0
2024-08-16 14:06:04,906 - INFO - Mean training MSE loss: 0.13530681189149618
2024-08-16 14:06:15,377 - INFO - Mean validation loss: 0.5662026274949312
2024-08-16 14:06:15,377 - INFO - Mean validation SSIM loss: 0
2024-08-16 14:06:15,377 - INFO - Mean validation MSE loss: 0.03118446288863197
2024-08-16 14:06:17,343 - INFO - New best validation Loss 0.5662026274949312, at epoch 8
2024-08-16 14:06:17,344 - INFO - Epoch 9
-------------------------------
2024-08-16 14:06:17,344 - INFO - Learning Rate of group 0: 0.0002
2024-08-16 14:07:59,661 - INFO - Maximum gradient before clipping: 0.1256769299507141
2024-08-16 14:07:59,662 - INFO - Minimum gradient before clipping: -0.14280188083648682
2024-08-16 14:07:59,662 - INFO - Mean training loss: 2.326110465452075
2024-08-16 14:07:59,662 - INFO - Mean training SSIM loss: 0
2024-08-16 14:07:59,662 - INFO - Mean training MSE loss: 0.1308309513842687
2024-08-16 14:08:10,023 - INFO - Mean validation loss: 0.6200371515005827
2024-08-16 14:08:10,023 - INFO - Mean validation SSIM loss: 0
2024-08-16 14:08:10,023 - INFO - Mean validation MSE loss: 0.03627917281119153
2024-08-16 14:08:10,023 - INFO - Epoch 10
-------------------------------
2024-08-16 14:08:10,023 - INFO - Learning Rate of group 0: 0.0002
2024-08-16 14:09:52,400 - INFO - Maximum gradient before clipping: 0.1278642863035202
2024-08-16 14:09:52,400 - INFO - Minimum gradient before clipping: -0.12216942757368088
2024-08-16 14:09:52,401 - INFO - Mean training loss: 2.2601761892437935
2024-08-16 14:09:52,401 - INFO - Mean training SSIM loss: 0
2024-08-16 14:09:52,401 - INFO - Mean training MSE loss: 0.125512809259817
2024-08-16 14:10:03,053 - INFO - Mean validation loss: 0.5517124272882938
2024-08-16 14:10:03,053 - INFO - Mean validation SSIM loss: 0
2024-08-16 14:10:03,053 - INFO - Mean validation MSE loss: 0.029495969647541642
2024-08-16 14:10:04,987 - INFO - New best validation Loss 0.5517124272882938, at epoch 10
2024-08-16 14:10:04,987 - INFO - Epoch 11
-------------------------------
2024-08-16 14:10:04,987 - INFO - Learning Rate of group 0: 0.0002
2024-08-16 14:11:46,770 - INFO - Maximum gradient before clipping: 0.14960050582885742
2024-08-16 14:11:46,771 - INFO - Minimum gradient before clipping: -0.13833880424499512
2024-08-16 14:11:46,771 - INFO - Mean training loss: 2.2407410237938166
2024-08-16 14:11:46,771 - INFO - Mean training SSIM loss: 0
2024-08-16 14:11:46,771 - INFO - Mean training MSE loss: 0.12345901760272682
2024-08-16 14:11:57,063 - INFO - Mean validation loss: 0.5507535748183727
2024-08-16 14:11:57,064 - INFO - Mean validation SSIM loss: 0
2024-08-16 14:11:57,064 - INFO - Mean validation MSE loss: 0.028432566265109926
2024-08-16 14:11:59,021 - INFO - New best validation Loss 0.5507535748183727, at epoch 11
2024-08-16 14:11:59,022 - INFO - Epoch 12
-------------------------------
2024-08-16 14:11:59,022 - INFO - Learning Rate of group 0: 0.0002
2024-08-16 14:13:40,672 - INFO - Maximum gradient before clipping: 0.12326030433177948
2024-08-16 14:13:40,673 - INFO - Minimum gradient before clipping: -0.13344676792621613
2024-08-16 14:13:40,673 - INFO - Mean training loss: 2.2014388535171747
2024-08-16 14:13:40,673 - INFO - Mean training SSIM loss: 0
2024-08-16 14:13:40,673 - INFO - Mean training MSE loss: 0.12009485490852967
2024-08-16 14:13:51,166 - INFO - Mean validation loss: 0.559385122731328
2024-08-16 14:13:51,166 - INFO - Mean validation SSIM loss: 0
2024-08-16 14:13:51,166 - INFO - Mean validation MSE loss: 0.031243823294062167
2024-08-16 14:13:51,166 - INFO - Epoch 13
-------------------------------
2024-08-16 14:13:51,166 - INFO - Learning Rate of group 0: 0.0002
2024-08-16 14:15:33,464 - INFO - Maximum gradient before clipping: 0.14275676012039185
2024-08-16 14:15:33,465 - INFO - Minimum gradient before clipping: -0.15617282688617706
2024-08-16 14:15:33,466 - INFO - Mean training loss: 2.2290370780974627
2024-08-16 14:15:33,466 - INFO - Mean training SSIM loss: 0
2024-08-16 14:15:33,466 - INFO - Mean training MSE loss: 0.12195439881179482
2024-08-16 14:15:44,205 - INFO - Mean validation loss: 0.5615729056298733
2024-08-16 14:15:44,205 - INFO - Mean validation SSIM loss: 0
2024-08-16 14:15:44,205 - INFO - Mean validation MSE loss: 0.03044882381800562
2024-08-16 14:15:44,206 - INFO - Epoch 14
-------------------------------
2024-08-16 14:15:44,206 - INFO - Learning Rate of group 0: 0.0002
2024-08-16 14:17:25,768 - INFO - Maximum gradient before clipping: 0.1047159880399704
2024-08-16 14:17:25,769 - INFO - Minimum gradient before clipping: -0.11969014257192612
2024-08-16 14:17:25,769 - INFO - Mean training loss: 2.161206526681781
2024-08-16 14:17:25,769 - INFO - Mean training SSIM loss: 0
2024-08-16 14:17:25,769 - INFO - Mean training MSE loss: 0.11594033148139715
2024-08-16 14:17:36,621 - INFO - Mean validation loss: 0.5269641242921352
2024-08-16 14:17:36,622 - INFO - Mean validation SSIM loss: 0
2024-08-16 14:17:36,622 - INFO - Mean validation MSE loss: 0.026988245954271406
2024-08-16 14:17:38,577 - INFO - New best validation Loss 0.5269641242921352, at epoch 14
2024-08-16 14:17:38,577 - INFO - Epoch 15
-------------------------------
2024-08-16 14:17:38,577 - INFO - Learning Rate of group 0: 0.0002
2024-08-16 14:19:20,456 - INFO - Maximum gradient before clipping: 0.14268909394741058
2024-08-16 14:19:20,457 - INFO - Minimum gradient before clipping: -0.13868333399295807
2024-08-16 14:19:20,457 - INFO - Mean training loss: 2.1880572456866503
2024-08-16 14:19:20,457 - INFO - Mean training SSIM loss: 0
2024-08-16 14:19:20,457 - INFO - Mean training MSE loss: 0.11786273866891861
2024-08-16 14:19:31,356 - INFO - Mean validation loss: 0.5501847639679909
2024-08-16 14:19:31,356 - INFO - Mean validation SSIM loss: 0
2024-08-16 14:19:31,356 - INFO - Mean validation MSE loss: 0.027099032886326313
2024-08-16 14:19:31,356 - INFO - Epoch 16
-------------------------------
2024-08-16 14:19:31,356 - INFO - Learning Rate of group 0: 0.0002
2024-08-16 14:21:13,560 - INFO - Maximum gradient before clipping: 0.11590849608182907
2024-08-16 14:21:13,560 - INFO - Minimum gradient before clipping: -0.15548542141914368
2024-08-16 14:21:13,561 - INFO - Mean training loss: 2.1773491874337196
2024-08-16 14:21:13,561 - INFO - Mean training SSIM loss: 0
2024-08-16 14:21:13,561 - INFO - Mean training MSE loss: 0.11695978470379487
2024-08-16 14:21:23,953 - INFO - Mean validation loss: 0.5510468538850546
2024-08-16 14:21:23,953 - INFO - Mean validation SSIM loss: 0
2024-08-16 14:21:23,953 - INFO - Mean validation MSE loss: 0.028834212746005505
2024-08-16 14:21:23,954 - INFO - Epoch 17
-------------------------------
2024-08-16 14:21:23,954 - INFO - Learning Rate of group 0: 0.0002
2024-08-16 14:23:05,776 - INFO - Maximum gradient before clipping: 0.10901585966348648
2024-08-16 14:23:05,777 - INFO - Minimum gradient before clipping: -0.10479234158992767
2024-08-16 14:23:05,777 - INFO - Mean training loss: 2.120798571035266
2024-08-16 14:23:05,777 - INFO - Mean training SSIM loss: 0
2024-08-16 14:23:05,777 - INFO - Mean training MSE loss: 0.11189910542452708
2024-08-16 14:23:16,291 - INFO - Mean validation loss: 0.5228920988738537
2024-08-16 14:23:16,291 - INFO - Mean validation SSIM loss: 0
2024-08-16 14:23:16,292 - INFO - Mean validation MSE loss: 0.026010791130829602
2024-08-16 14:23:18,267 - INFO - New best validation Loss 0.5228920988738537, at epoch 17
2024-08-16 14:23:18,268 - INFO - Epoch 18
-------------------------------
2024-08-16 14:23:18,268 - INFO - Learning Rate of group 0: 0.0002
2024-08-16 14:24:59,870 - INFO - Maximum gradient before clipping: 0.10022737830877304
2024-08-16 14:24:59,870 - INFO - Minimum gradient before clipping: -0.11853158473968506
2024-08-16 14:24:59,871 - INFO - Mean training loss: 2.1086044386029243
2024-08-16 14:24:59,871 - INFO - Mean training SSIM loss: 0
2024-08-16 14:24:59,871 - INFO - Mean training MSE loss: 0.11128734023077413
2024-08-16 14:25:10,304 - INFO - Mean validation loss: 0.5207386463880539
2024-08-16 14:25:10,304 - INFO - Mean validation SSIM loss: 0
2024-08-16 14:25:10,304 - INFO - Mean validation MSE loss: 0.025823854783084244
2024-08-16 14:25:12,257 - INFO - New best validation Loss 0.5207386463880539, at epoch 18
2024-08-16 14:25:12,257 - INFO - Epoch 19
-------------------------------
2024-08-16 14:25:12,257 - INFO - Learning Rate of group 0: 0.0002
2024-08-16 14:26:53,818 - INFO - Maximum gradient before clipping: 0.09930019080638885
2024-08-16 14:26:53,818 - INFO - Minimum gradient before clipping: -0.10740625858306885
2024-08-16 14:26:53,819 - INFO - Mean training loss: 2.0867538154125214
2024-08-16 14:26:53,819 - INFO - Mean training SSIM loss: 0
2024-08-16 14:26:53,819 - INFO - Mean training MSE loss: 0.10970084107248113
2024-08-16 14:27:04,799 - INFO - Mean validation loss: 0.5277471523731947
2024-08-16 14:27:04,799 - INFO - Mean validation SSIM loss: 0
2024-08-16 14:27:04,799 - INFO - Mean validation MSE loss: 0.027186384075321257
2024-08-16 14:27:04,799 - INFO - Epoch 20
-------------------------------
2024-08-16 14:27:04,799 - INFO - Learning Rate of group 0: 0.0002
2024-08-16 14:28:46,608 - INFO - Maximum gradient before clipping: 0.11741787940263748
2024-08-16 14:28:46,608 - INFO - Minimum gradient before clipping: -0.1082775667309761
2024-08-16 14:28:46,609 - INFO - Mean training loss: 2.068225607275963
2024-08-16 14:28:46,609 - INFO - Mean training SSIM loss: 0
2024-08-16 14:28:46,609 - INFO - Mean training MSE loss: 0.10706496518105268
2024-08-16 14:28:57,771 - INFO - Mean validation loss: 0.5296105183660984
2024-08-16 14:28:57,771 - INFO - Mean validation SSIM loss: 0
2024-08-16 14:28:57,771 - INFO - Mean validation MSE loss: 0.02762466436251998
2024-08-16 14:28:57,771 - INFO - Epoch 21
-------------------------------
2024-08-16 14:28:57,771 - INFO - Learning Rate of group 0: 0.0002
2024-08-16 14:30:39,534 - INFO - Maximum gradient before clipping: 0.11892832815647125
2024-08-16 14:30:39,534 - INFO - Minimum gradient before clipping: -0.12038232386112213
2024-08-16 14:30:39,535 - INFO - Mean training loss: 2.0791428070515394
2024-08-16 14:30:39,535 - INFO - Mean training SSIM loss: 0
2024-08-16 14:30:39,535 - INFO - Mean training MSE loss: 0.10862530098529533
2024-08-16 14:30:49,927 - INFO - Mean validation loss: 0.5088734030723572
2024-08-16 14:30:49,927 - INFO - Mean validation SSIM loss: 0
2024-08-16 14:30:49,927 - INFO - Mean validation MSE loss: 0.025777987553738058
2024-08-16 14:30:51,874 - INFO - New best validation Loss 0.5088734030723572, at epoch 21
2024-08-16 14:30:51,874 - INFO - Epoch 22
-------------------------------
2024-08-16 14:30:51,874 - INFO - Learning Rate of group 0: 0.0002
2024-08-16 14:32:33,606 - INFO - Maximum gradient before clipping: 0.11005993187427521
2024-08-16 14:32:33,607 - INFO - Minimum gradient before clipping: -0.1291266530752182
2024-08-16 14:32:33,608 - INFO - Mean training loss: 2.06541864387691
2024-08-16 14:32:33,608 - INFO - Mean training SSIM loss: 0
2024-08-16 14:32:33,608 - INFO - Mean training MSE loss: 0.10735502553870901
2024-08-16 14:32:44,269 - INFO - Mean validation loss: 0.5243831314146519
2024-08-16 14:32:44,269 - INFO - Mean validation SSIM loss: 0
2024-08-16 14:32:44,269 - INFO - Mean validation MSE loss: 0.026977451401762664
2024-08-16 14:32:44,270 - INFO - Epoch 23
-------------------------------
2024-08-16 14:32:44,270 - INFO - Learning Rate of group 0: 0.0002
2024-08-16 14:34:25,798 - INFO - Maximum gradient before clipping: 0.12097577750682831
2024-08-16 14:34:25,799 - INFO - Minimum gradient before clipping: -0.1539568156003952
2024-08-16 14:34:25,799 - INFO - Mean training loss: 2.0824715960770845
2024-08-16 14:34:25,799 - INFO - Mean training SSIM loss: 0
2024-08-16 14:34:25,799 - INFO - Mean training MSE loss: 0.10856076993513852
2024-08-16 14:34:36,165 - INFO - Mean validation loss: 0.529678450897336
2024-08-16 14:34:36,165 - INFO - Mean validation SSIM loss: 0
2024-08-16 14:34:36,165 - INFO - Mean validation MSE loss: 0.026592065289150923
2024-08-16 14:34:36,165 - INFO - Epoch 24
-------------------------------
2024-08-16 14:34:36,165 - INFO - Learning Rate of group 0: 0.0002
2024-08-16 14:36:17,678 - INFO - Maximum gradient before clipping: 0.10145251452922821
2024-08-16 14:36:17,679 - INFO - Minimum gradient before clipping: -0.10847026854753494
2024-08-16 14:36:17,679 - INFO - Mean training loss: 2.0557334423065186
2024-08-16 14:36:17,679 - INFO - Mean training SSIM loss: 0
2024-08-16 14:36:17,679 - INFO - Mean training MSE loss: 0.1070782789029181
2024-08-16 14:36:28,293 - INFO - Mean validation loss: 0.5041513983160257
2024-08-16 14:36:28,293 - INFO - Mean validation SSIM loss: 0
2024-08-16 14:36:28,293 - INFO - Mean validation MSE loss: 0.025049421878065914
2024-08-16 14:36:30,264 - INFO - New best validation Loss 0.5041513983160257, at epoch 24
2024-08-16 14:36:30,264 - INFO - Epoch 25
-------------------------------
2024-08-16 14:36:30,264 - INFO - Learning Rate of group 0: 0.0002
2024-08-16 14:38:12,538 - INFO - Maximum gradient before clipping: 0.1025092750787735
2024-08-16 14:38:12,539 - INFO - Minimum gradient before clipping: -0.11049399524927139
2024-08-16 14:38:12,539 - INFO - Mean training loss: 2.036257866770029
2024-08-16 14:38:12,539 - INFO - Mean training SSIM loss: 0
2024-08-16 14:38:12,540 - INFO - Mean training MSE loss: 0.1049231945653446
2024-08-16 14:38:23,472 - INFO - Mean validation loss: 0.500160975381732
2024-08-16 14:38:23,472 - INFO - Mean validation SSIM loss: 0
2024-08-16 14:38:23,472 - INFO - Mean validation MSE loss: 0.025158727075904608
2024-08-16 14:38:25,412 - INFO - New best validation Loss 0.500160975381732, at epoch 25
2024-08-16 14:38:25,412 - INFO - Training Finished
