2024-08-20 10:04:43,441 - INFO - NOTE: None
2024-08-20 10:04:43,443 - INFO - Torch, random, numpy seed: 88
2024-08-20 10:04:44,235 - INFO - Starting training from from epoch 0
2024-08-20 10:04:52,758 - INFO - Epoch 1
-------------------------------
2024-08-20 10:04:52,759 - INFO - Learning Rate of group 0: 0.0
2024-08-20 10:06:42,342 - INFO - Maximum gradient before clipping: 0.7322208285331726
2024-08-20 10:06:42,342 - INFO - Minimum gradient before clipping: -0.17339397966861725
2024-08-20 10:06:42,344 - INFO - Mean training L1 loss: 0.24792133808135985
2024-08-20 10:06:42,344 - INFO - Mean training SSIM loss: 0.0
2024-08-20 10:06:42,344 - INFO - Mean training MSE loss: 0.09336013272404671
2024-08-20 10:06:53,891 - INFO - Mean validation L1 loss: 0.24806136906147003
2024-08-20 10:06:53,891 - INFO - Mean validation SSIM loss: 0.0
2024-08-20 10:06:53,891 - INFO - Mean validation MSE loss: 0.09381898105144501
2024-08-20 10:06:55,924 - INFO - New best validation Loss 0.24806136906147003, at epoch 1
2024-08-20 10:06:55,931 - INFO - Epoch 2
-------------------------------
2024-08-20 10:06:55,931 - INFO - Learning Rate of group 0: 8.517086400403647e-05
2024-08-20 10:08:44,399 - INFO - Maximum gradient before clipping: 1.287560224533081
2024-08-20 10:08:44,400 - INFO - Minimum gradient before clipping: -1.4946551322937012
2024-08-20 10:08:44,400 - INFO - Mean training L1 loss: 0.054739667773246764
2024-08-20 10:08:44,400 - INFO - Mean training SSIM loss: 0.0
2024-08-20 10:08:44,400 - INFO - Mean training MSE loss: 0.00752038398757577
2024-08-20 10:08:55,684 - INFO - Mean validation L1 loss: 0.03528050184249878
2024-08-20 10:08:55,685 - INFO - Mean validation SSIM loss: 0.0
2024-08-20 10:08:55,685 - INFO - Mean validation MSE loss: 0.002228436633013189
2024-08-20 10:08:57,663 - INFO - New best validation Loss 0.03528050184249878, at epoch 2
2024-08-20 10:08:57,666 - INFO - Epoch 3
-------------------------------
2024-08-20 10:08:57,667 - INFO - Learning Rate of group 0: 0.00017034172800807295
2024-08-20 10:10:45,942 - INFO - Maximum gradient before clipping: 0.9265678524971008
2024-08-20 10:10:45,943 - INFO - Minimum gradient before clipping: -1.0602973699569702
2024-08-20 10:10:45,943 - INFO - Mean training L1 loss: 0.03393383858725429
2024-08-20 10:10:45,944 - INFO - Mean training SSIM loss: 0.0
2024-08-20 10:10:45,944 - INFO - Mean training MSE loss: 0.0022555160836782305
2024-08-20 10:10:57,191 - INFO - Mean validation L1 loss: 0.02986624963581562
2024-08-20 10:10:57,191 - INFO - Mean validation SSIM loss: 0.0
2024-08-20 10:10:57,191 - INFO - Mean validation MSE loss: 0.0017725354479625822
2024-08-20 10:10:59,183 - INFO - New best validation Loss 0.02986624963581562, at epoch 3
2024-08-20 10:10:59,186 - INFO - Epoch 4
-------------------------------
2024-08-20 10:10:59,186 - INFO - Learning Rate of group 0: 0.0002555125920121094
2024-08-20 10:12:47,573 - INFO - Maximum gradient before clipping: 0.9331496357917786
2024-08-20 10:12:47,574 - INFO - Minimum gradient before clipping: -1.1049522161483765
2024-08-20 10:12:47,574 - INFO - Mean training L1 loss: 0.03271281315013766
2024-08-20 10:12:47,575 - INFO - Mean training SSIM loss: 0.0
2024-08-20 10:12:47,575 - INFO - Mean training MSE loss: 0.0021081994334235785
2024-08-20 10:12:59,099 - INFO - Mean validation L1 loss: 0.03493585094809532
2024-08-20 10:12:59,099 - INFO - Mean validation SSIM loss: 0.0
2024-08-20 10:12:59,099 - INFO - Mean validation MSE loss: 0.002408630349673331
