2024-08-21 04:20:38,622 - INFO - NOTE: None
2024-08-21 04:20:38,624 - INFO - Torch, random, numpy seed: 88
2024-08-21 04:20:39,542 - INFO - Starting training from from epoch 0
2024-08-21 04:20:47,003 - INFO - Epoch 1
-------------------------------
2024-08-21 04:20:47,004 - INFO - Learning Rate of group 0: 0.0
2024-08-21 04:22:38,354 - INFO - Maximum gradient before clipping: 8.749457359313965
2024-08-21 04:22:38,355 - INFO - Minimum gradient before clipping: -14.833001136779785
2024-08-21 04:22:38,356 - INFO - Mean training L1 loss: 0.15835426300764083
2024-08-21 04:22:38,356 - INFO - Mean training SSIM loss: 0.009643058062065392
2024-08-21 04:22:38,356 - INFO - Mean training MSE loss: 0.03645530248060822
2024-08-21 04:22:49,675 - INFO - Mean validation L1 loss: 0.1514611768722534
2024-08-21 04:22:49,675 - INFO - Mean validation SSIM loss: 0.006554025849327445
2024-08-21 04:22:49,675 - INFO - Mean validation MSE loss: 0.03109369143843651
2024-08-21 04:22:51,540 - INFO - New best validation Loss 0.1514611768722534, at epoch 1
2024-08-21 04:22:51,546 - INFO - Epoch 2
-------------------------------
2024-08-21 04:22:51,546 - INFO - Learning Rate of group 0: 0.0006321637810378452
2024-08-21 04:24:40,386 - INFO - Maximum gradient before clipping: 259.5403747558594
2024-08-21 04:24:40,387 - INFO - Minimum gradient before clipping: -182.89418029785156
2024-08-21 04:24:40,388 - INFO - Mean training L1 loss: 0.19202675208449363
2024-08-21 04:24:40,388 - INFO - Mean training SSIM loss: 0.030403002428702877
2024-08-21 04:24:40,388 - INFO - Mean training MSE loss: 0.19943878476507962
2024-08-21 04:24:51,525 - INFO - Mean validation L1 loss: 0.04565393701195717
2024-08-21 04:24:51,526 - INFO - Mean validation SSIM loss: 2.884403708947048e-07
2024-08-21 04:24:51,526 - INFO - Mean validation MSE loss: 0.004286534953862429
2024-08-21 04:24:53,438 - INFO - New best validation Loss 0.04565393701195717, at epoch 2
2024-08-21 04:24:53,441 - INFO - Epoch 3
-------------------------------
2024-08-21 04:24:53,441 - INFO - Learning Rate of group 0: 0.0012643275620756904
2024-08-21 04:26:42,756 - INFO - Maximum gradient before clipping: 224.27667236328125
2024-08-21 04:26:42,757 - INFO - Minimum gradient before clipping: -220.65208435058594
2024-08-21 04:26:42,758 - INFO - Mean training L1 loss: 0.168235196582973
2024-08-21 04:26:42,758 - INFO - Mean training SSIM loss: 0.017515218561766802
2024-08-21 04:26:42,758 - INFO - Mean training MSE loss: 0.0891093692369759
2024-08-21 04:26:54,343 - INFO - Mean validation L1 loss: 0.1877612978219986
2024-08-21 04:26:54,343 - INFO - Mean validation SSIM loss: 0.029132980778813364
2024-08-21 04:26:54,343 - INFO - Mean validation MSE loss: 0.0417503023147583
2024-08-21 04:26:54,346 - INFO - Epoch 4
-------------------------------
2024-08-21 04:26:54,346 - INFO - Learning Rate of group 0: 0.0018964913431135353
2024-08-21 04:28:43,267 - INFO - Maximum gradient before clipping: 150.34912109375
2024-08-21 04:28:43,268 - INFO - Minimum gradient before clipping: -108.26190948486328
2024-08-21 04:28:43,269 - INFO - Mean training L1 loss: 0.11417408403009176
2024-08-21 04:28:43,269 - INFO - Mean training SSIM loss: 0.004905965404042085
2024-08-21 04:28:43,269 - INFO - Mean training MSE loss: 0.03763661359902471
2024-08-21 04:28:54,799 - INFO - Mean validation L1 loss: 0.04456349760293961
2024-08-21 04:28:54,800 - INFO - Mean validation SSIM loss: 1.1789781339643924e-07
2024-08-21 04:28:54,800 - INFO - Mean validation MSE loss: 0.00370752714574337
2024-08-21 04:28:56,716 - INFO - New best validation Loss 0.04456349760293961, at epoch 4
