2024-08-20 09:15:15,011 - INFO - NOTE: None
2024-08-20 09:15:15,013 - INFO - Torch, random, numpy seed: 88
2024-08-20 09:15:15,916 - INFO - Starting training from from epoch 0
2024-08-20 09:15:24,168 - INFO - Epoch 1
-------------------------------
2024-08-20 09:15:24,168 - INFO - Learning Rate of group 0: 0.0
2024-08-20 09:17:14,504 - INFO - Maximum gradient before clipping: 0.7322208285331726
2024-08-20 09:17:14,504 - INFO - Minimum gradient before clipping: -0.17339397966861725
2024-08-20 09:17:14,505 - INFO - Mean training L1 loss: 0.24792133808135985
2024-08-20 09:17:14,505 - INFO - Mean training SSIM loss: 0.0
2024-08-20 09:17:14,505 - INFO - Mean training MSE loss: 0.09336013272404671
2024-08-20 09:17:25,614 - INFO - Mean validation L1 loss: 0.24806136906147003
2024-08-20 09:17:25,614 - INFO - Mean validation SSIM loss: 0.0
2024-08-20 09:17:25,614 - INFO - Mean validation MSE loss: 0.09381898105144501
2024-08-20 09:17:27,586 - INFO - New best validation Loss 0.24806136906147003, at epoch 1
2024-08-20 09:17:27,594 - INFO - Epoch 2
-------------------------------
2024-08-20 09:17:27,594 - INFO - Learning Rate of group 0: 1.772403933314053e-05
2024-08-20 09:19:16,418 - INFO - Maximum gradient before clipping: 0.9512777328491211
2024-08-20 09:19:16,419 - INFO - Minimum gradient before clipping: -1.145887017250061
2024-08-20 09:19:16,419 - INFO - Mean training L1 loss: 0.045587732009589675
2024-08-20 09:19:16,420 - INFO - Mean training SSIM loss: 0.0
2024-08-20 09:19:16,420 - INFO - Mean training MSE loss: 0.005181433914694935
2024-08-20 09:19:27,867 - INFO - Mean validation L1 loss: 0.030697540491819383
2024-08-20 09:19:27,867 - INFO - Mean validation SSIM loss: 0.0
2024-08-20 09:19:27,867 - INFO - Mean validation MSE loss: 0.0019754833495244386
2024-08-20 09:19:29,843 - INFO - New best validation Loss 0.030697540491819383, at epoch 2
2024-08-20 09:19:29,846 - INFO - Epoch 3
-------------------------------
2024-08-20 09:19:29,846 - INFO - Learning Rate of group 0: 3.544807866628106e-05
2024-08-20 09:21:18,133 - INFO - Maximum gradient before clipping: 0.6210086345672607
2024-08-20 09:21:18,134 - INFO - Minimum gradient before clipping: -0.8069174885749817
2024-08-20 09:21:18,134 - INFO - Mean training L1 loss: 0.03126606911420822
2024-08-20 09:21:18,135 - INFO - Mean training SSIM loss: 0.0
2024-08-20 09:21:18,135 - INFO - Mean training MSE loss: 0.002051696632988751
2024-08-20 09:21:29,919 - INFO - Mean validation L1 loss: 0.030465889275074005
2024-08-20 09:21:29,919 - INFO - Mean validation SSIM loss: 0.0
2024-08-20 09:21:29,919 - INFO - Mean validation MSE loss: 0.0018260767357423902
2024-08-20 09:21:31,911 - INFO - New best validation Loss 0.030465889275074005, at epoch 3
2024-08-20 09:21:31,914 - INFO - Epoch 4
-------------------------------
2024-08-20 09:21:31,914 - INFO - Learning Rate of group 0: 5.317211799942159e-05
2024-08-20 09:23:20,427 - INFO - Maximum gradient before clipping: 0.6935006380081177
2024-08-20 09:23:20,428 - INFO - Minimum gradient before clipping: -0.8662725687026978
2024-08-20 09:23:20,428 - INFO - Mean training L1 loss: 0.03112638821825385
2024-08-20 09:23:20,428 - INFO - Mean training SSIM loss: 0.0
2024-08-20 09:23:20,428 - INFO - Mean training MSE loss: 0.0020095032500103117
2024-08-20 09:23:31,663 - INFO - Mean validation L1 loss: 0.029469285309314728
2024-08-20 09:23:31,663 - INFO - Mean validation SSIM loss: 0.0
2024-08-20 09:23:31,663 - INFO - Mean validation MSE loss: 0.0018342372868210078
2024-08-20 09:23:33,658 - INFO - New best validation Loss 0.029469285309314728, at epoch 4
2024-08-20 09:23:33,661 - INFO - Epoch 5
-------------------------------
2024-08-20 09:23:33,662 - INFO - Learning Rate of group 0: 7.089615733256212e-05
2024-08-20 09:25:22,309 - INFO - Maximum gradient before clipping: 0.669998288154602
2024-08-20 09:25:22,309 - INFO - Minimum gradient before clipping: -0.8151334524154663
2024-08-20 09:25:22,310 - INFO - Mean training L1 loss: 0.03075055006891489
2024-08-20 09:25:22,310 - INFO - Mean training SSIM loss: 0.0
2024-08-20 09:25:22,310 - INFO - Mean training MSE loss: 0.0019732592650689184
2024-08-20 09:25:33,420 - INFO - Mean validation L1 loss: 0.027988109290599823
2024-08-20 09:25:33,420 - INFO - Mean validation SSIM loss: 0.0
2024-08-20 09:25:33,420 - INFO - Mean validation MSE loss: 0.001719740959815681
2024-08-20 09:25:35,381 - INFO - New best validation Loss 0.027988109290599823, at epoch 5
2024-08-20 09:25:35,385 - INFO - Epoch 6
-------------------------------
2024-08-20 09:25:35,385 - INFO - Learning Rate of group 0: 8.862019666570265e-05
2024-08-20 09:27:24,253 - INFO - Maximum gradient before clipping: 0.6064465045928955
2024-08-20 09:27:24,253 - INFO - Minimum gradient before clipping: -0.7735490202903748
2024-08-20 09:27:24,254 - INFO - Mean training L1 loss: 0.030084418207406996
2024-08-20 09:27:24,254 - INFO - Mean training SSIM loss: 0.0
2024-08-20 09:27:24,254 - INFO - Mean training MSE loss: 0.001892506699077785
2024-08-20 09:27:35,443 - INFO - Mean validation L1 loss: 0.028277753815054894
2024-08-20 09:27:35,444 - INFO - Mean validation SSIM loss: 0.0
2024-08-20 09:27:35,444 - INFO - Mean validation MSE loss: 0.0017522900365293027
2024-08-20 09:27:35,447 - INFO - Epoch 7
-------------------------------
2024-08-20 09:27:35,447 - INFO - Learning Rate of group 0: 0.00010634423599884319
2024-08-20 09:29:24,379 - INFO - Maximum gradient before clipping: 0.5834826827049255
2024-08-20 09:29:24,380 - INFO - Minimum gradient before clipping: -0.7983315587043762
2024-08-20 09:29:24,380 - INFO - Mean training L1 loss: 0.029092958476394416
2024-08-20 09:29:24,381 - INFO - Mean training SSIM loss: 0.0
2024-08-20 09:29:24,381 - INFO - Mean training MSE loss: 0.0018127757508773358
2024-08-20 09:29:35,858 - INFO - Mean validation L1 loss: 0.027433108687400818
2024-08-20 09:29:35,858 - INFO - Mean validation SSIM loss: 0.0
2024-08-20 09:29:35,858 - INFO - Mean validation MSE loss: 0.001621925877407193
2024-08-20 09:29:37,850 - INFO - New best validation Loss 0.027433108687400818, at epoch 7
2024-08-20 09:29:37,853 - INFO - Epoch 8
-------------------------------
2024-08-20 09:29:37,853 - INFO - Learning Rate of group 0: 0.0001240682753319837
2024-08-20 09:31:26,464 - INFO - Maximum gradient before clipping: 0.6896063685417175
2024-08-20 09:31:26,465 - INFO - Minimum gradient before clipping: -0.8700770139694214
2024-08-20 09:31:26,466 - INFO - Mean training L1 loss: 0.0294588128849864
2024-08-20 09:31:26,466 - INFO - Mean training SSIM loss: 0.0
2024-08-20 09:31:26,466 - INFO - Mean training MSE loss: 0.0018111433112062514
2024-08-20 09:31:37,660 - INFO - Mean validation L1 loss: 0.03206378929316998
2024-08-20 09:31:37,660 - INFO - Mean validation SSIM loss: 0.0
2024-08-20 09:31:37,660 - INFO - Mean validation MSE loss: 0.00179620495531708
2024-08-20 09:31:37,663 - INFO - Epoch 9
-------------------------------
2024-08-20 09:31:37,663 - INFO - Learning Rate of group 0: 0.00014179231466512424
2024-08-20 09:33:26,358 - INFO - Maximum gradient before clipping: 0.5982529520988464
2024-08-20 09:33:26,358 - INFO - Minimum gradient before clipping: -0.8775904774665833
2024-08-20 09:33:26,359 - INFO - Mean training L1 loss: 0.028010738920420407
2024-08-20 09:33:26,359 - INFO - Mean training SSIM loss: 0.0
2024-08-20 09:33:26,359 - INFO - Mean training MSE loss: 0.0017243399273138493
2024-08-20 09:33:37,801 - INFO - Mean validation L1 loss: 0.026173985078930855
2024-08-20 09:33:37,802 - INFO - Mean validation SSIM loss: 0.0
2024-08-20 09:33:37,802 - INFO - Mean validation MSE loss: 0.0014631836861371994
2024-08-20 09:33:39,767 - INFO - New best validation Loss 0.026173985078930855, at epoch 9
2024-08-20 09:33:39,770 - INFO - Epoch 10
-------------------------------
2024-08-20 09:33:39,770 - INFO - Learning Rate of group 0: 0.00015951635399826477
2024-08-20 09:35:28,029 - INFO - Maximum gradient before clipping: 0.5851194858551025
2024-08-20 09:35:28,029 - INFO - Minimum gradient before clipping: -0.7936506867408752
2024-08-20 09:35:28,030 - INFO - Mean training L1 loss: 0.027601242903620003
2024-08-20 09:35:28,030 - INFO - Mean training SSIM loss: 0.0
2024-08-20 09:35:28,030 - INFO - Mean training MSE loss: 0.0016774785122834145
2024-08-20 09:35:39,653 - INFO - Mean validation L1 loss: 0.025697554871439935
2024-08-20 09:35:39,654 - INFO - Mean validation SSIM loss: 0.0
2024-08-20 09:35:39,654 - INFO - Mean validation MSE loss: 0.0014244607603177428
2024-08-20 09:35:41,648 - INFO - New best validation Loss 0.025697554871439935, at epoch 10
2024-08-20 09:35:41,651 - INFO - Epoch 11
-------------------------------
2024-08-20 09:35:41,652 - INFO - Learning Rate of group 0: 0.0001772403933314053
2024-08-20 09:37:30,358 - INFO - Maximum gradient before clipping: 0.6095249652862549
2024-08-20 09:37:30,359 - INFO - Minimum gradient before clipping: -0.8036255836486816
2024-08-20 09:37:30,360 - INFO - Mean training L1 loss: 0.02716556005179882
2024-08-20 09:37:30,360 - INFO - Mean training SSIM loss: 0.0
2024-08-20 09:37:30,360 - INFO - Mean training MSE loss: 0.0016255549824563786
2024-08-20 09:37:41,561 - INFO - Mean validation L1 loss: 0.024896393120288848
2024-08-20 09:37:41,561 - INFO - Mean validation SSIM loss: 0.0
2024-08-20 09:37:41,561 - INFO - Mean validation MSE loss: 0.0014872178318910301
2024-08-20 09:37:43,550 - INFO - New best validation Loss 0.024896393120288848, at epoch 11
2024-08-20 09:37:43,553 - INFO - Epoch 12
-------------------------------
2024-08-20 09:37:43,554 - INFO - Learning Rate of group 0: 0.00019496443266454582
2024-08-20 09:39:32,398 - INFO - Maximum gradient before clipping: 0.5793589353561401
2024-08-20 09:39:32,398 - INFO - Minimum gradient before clipping: -0.7512222528457642
2024-08-20 09:39:32,399 - INFO - Mean training L1 loss: 0.0260931714810431
2024-08-20 09:39:32,399 - INFO - Mean training SSIM loss: 0.0
2024-08-20 09:39:32,399 - INFO - Mean training MSE loss: 0.0015503827115753667
2024-08-20 09:39:44,097 - INFO - Mean validation L1 loss: 0.024476167932152747
2024-08-20 09:39:44,097 - INFO - Mean validation SSIM loss: 0.0
2024-08-20 09:39:44,097 - INFO - Mean validation MSE loss: 0.0014451487245969474
2024-08-20 09:39:46,062 - INFO - New best validation Loss 0.024476167932152747, at epoch 12
2024-08-20 09:39:46,066 - INFO - Epoch 13
-------------------------------
2024-08-20 09:39:46,066 - INFO - Learning Rate of group 0: 0.00021268847199768637
2024-08-20 09:41:34,264 - INFO - Maximum gradient before clipping: 0.5975897908210754
2024-08-20 09:41:34,265 - INFO - Minimum gradient before clipping: -0.6889331936836243
2024-08-20 09:41:34,266 - INFO - Mean training L1 loss: 0.025811237934976815
2024-08-20 09:41:34,266 - INFO - Mean training SSIM loss: 0.0
2024-08-20 09:41:34,266 - INFO - Mean training MSE loss: 0.0015127681841840968
2024-08-20 09:41:45,502 - INFO - Mean validation L1 loss: 0.02498604543507099
2024-08-20 09:41:45,502 - INFO - Mean validation SSIM loss: 0.0
2024-08-20 09:41:45,502 - INFO - Mean validation MSE loss: 0.0013082139217294752
2024-08-20 09:41:45,505 - INFO - Epoch 14
-------------------------------
2024-08-20 09:41:45,506 - INFO - Learning Rate of group 0: 0.0002304125113308269
2024-08-20 09:43:34,229 - INFO - Maximum gradient before clipping: 0.5781588554382324
2024-08-20 09:43:34,230 - INFO - Minimum gradient before clipping: -0.7479662299156189
2024-08-20 09:43:34,230 - INFO - Mean training L1 loss: 0.024688846003264188
2024-08-20 09:43:34,231 - INFO - Mean training SSIM loss: 0.0
2024-08-20 09:43:34,231 - INFO - Mean training MSE loss: 0.0014020587340928614
2024-08-20 09:43:45,297 - INFO - Mean validation L1 loss: 0.0253777889162302
2024-08-20 09:43:45,297 - INFO - Mean validation SSIM loss: 0.0
2024-08-20 09:43:45,297 - INFO - Mean validation MSE loss: 0.0014056491572409869
2024-08-20 09:43:45,300 - INFO - Epoch 15
-------------------------------
2024-08-20 09:43:45,300 - INFO - Learning Rate of group 0: 0.0002481365506639674
2024-08-20 09:45:33,643 - INFO - Maximum gradient before clipping: 0.601582944393158
2024-08-20 09:45:33,644 - INFO - Minimum gradient before clipping: -0.7369389533996582
2024-08-20 09:45:33,644 - INFO - Mean training L1 loss: 0.024434804376214744
2024-08-20 09:45:33,645 - INFO - Mean training SSIM loss: 0.0
2024-08-20 09:45:33,645 - INFO - Mean training MSE loss: 0.0013710616464959458
2024-08-20 09:45:44,645 - INFO - Mean validation L1 loss: 0.022108018919825553
2024-08-20 09:45:44,645 - INFO - Mean validation SSIM loss: 0.0
2024-08-20 09:45:44,645 - INFO - Mean validation MSE loss: 0.001160714600700885
2024-08-20 09:45:46,630 - INFO - New best validation Loss 0.022108018919825553, at epoch 15
2024-08-20 09:45:46,633 - INFO - Epoch 16
-------------------------------
2024-08-20 09:45:46,633 - INFO - Learning Rate of group 0: 0.00026586058999710795
2024-08-20 09:47:34,872 - INFO - Maximum gradient before clipping: 0.6876615881919861
2024-08-20 09:47:34,872 - INFO - Minimum gradient before clipping: -0.8239714503288269
2024-08-20 09:47:34,873 - INFO - Mean training L1 loss: 0.02441930551081896
2024-08-20 09:47:34,873 - INFO - Mean training SSIM loss: 0.0
2024-08-20 09:47:34,873 - INFO - Mean training MSE loss: 0.0013506354606943206
2024-08-20 09:47:46,128 - INFO - Mean validation L1 loss: 0.022251813411712645
2024-08-20 09:47:46,128 - INFO - Mean validation SSIM loss: 0.0
2024-08-20 09:47:46,128 - INFO - Mean validation MSE loss: 0.0011681263032369315
