2024-08-21 00:33:07,133 - INFO - NOTE: None
2024-08-21 00:33:07,136 - INFO - Torch, random, numpy seed: 88
2024-08-21 00:33:07,650 - INFO - Starting training from from epoch 0
2024-08-21 00:33:14,773 - INFO - Epoch 1
-------------------------------
2024-08-21 00:33:14,774 - INFO - Learning Rate of group 0: 0.0
2024-08-21 00:33:57,225 - INFO - Maximum gradient before clipping: 2.294705867767334
2024-08-21 00:33:57,226 - INFO - Minimum gradient before clipping: -0.7732425928115845
2024-08-21 00:33:57,227 - INFO - Mean training L1 loss: 0.15427567854523658
2024-08-21 00:33:57,227 - INFO - Mean training SSIM loss: 0.0024689650355139746
2024-08-21 00:33:57,227 - INFO - Mean training MSE loss: 0.031030395738780497
2024-08-21 00:34:05,552 - INFO - Mean validation L1 loss: 0.14480963706970215
2024-08-21 00:34:05,552 - INFO - Mean validation SSIM loss: 0.0019879452825989573
2024-08-21 00:34:05,552 - INFO - Mean validation MSE loss: 0.02622558832168579
2024-08-21 00:34:06,008 - INFO - New best validation Loss 0.14480963706970215, at epoch 1
2024-08-21 00:34:06,015 - INFO - Epoch 2
-------------------------------
2024-08-21 00:34:06,016 - INFO - Learning Rate of group 0: 2.6423776561895355e-05
2024-08-21 00:34:46,930 - INFO - Maximum gradient before clipping: 1.9164026975631714
2024-08-21 00:34:46,931 - INFO - Minimum gradient before clipping: -3.3923470973968506
2024-08-21 00:34:46,931 - INFO - Mean training L1 loss: 0.05424364496022463
2024-08-21 00:34:46,931 - INFO - Mean training SSIM loss: 8.585580621982114e-05
2024-08-21 00:34:46,931 - INFO - Mean training MSE loss: 0.005463106925599277
2024-08-21 00:34:54,792 - INFO - Mean validation L1 loss: 0.04810053154826164
2024-08-21 00:34:54,793 - INFO - Mean validation SSIM loss: 1.1781183036596587e-06
2024-08-21 00:34:54,793 - INFO - Mean validation MSE loss: 0.004612412666901946
2024-08-21 00:34:55,263 - INFO - New best validation Loss 0.04810053154826164, at epoch 2
2024-08-21 00:34:55,266 - INFO - Epoch 3
-------------------------------
2024-08-21 00:34:55,266 - INFO - Learning Rate of group 0: 5.284755312379071e-05
2024-08-21 00:35:35,919 - INFO - Maximum gradient before clipping: 1.9501382112503052
2024-08-21 00:35:35,919 - INFO - Minimum gradient before clipping: -2.2465288639068604
2024-08-21 00:35:35,919 - INFO - Mean training L1 loss: 0.04652105987071991
2024-08-21 00:35:35,919 - INFO - Mean training SSIM loss: 6.155975831245719e-07
2024-08-21 00:35:35,919 - INFO - Mean training MSE loss: 0.00406013173982501
2024-08-21 00:35:44,093 - INFO - Mean validation L1 loss: 0.045108732134103775
2024-08-21 00:35:44,093 - INFO - Mean validation SSIM loss: 1.4058796610427748e-07
2024-08-21 00:35:44,093 - INFO - Mean validation MSE loss: 0.004026637775823474
2024-08-21 00:35:44,555 - INFO - New best validation Loss 0.045108732134103775, at epoch 3
2024-08-21 00:35:44,558 - INFO - Epoch 4
-------------------------------
2024-08-21 00:35:44,559 - INFO - Learning Rate of group 0: 7.927132968568607e-05
2024-08-21 00:36:25,245 - INFO - Maximum gradient before clipping: 1.588096022605896
2024-08-21 00:36:25,245 - INFO - Minimum gradient before clipping: -1.8185111284255981
2024-08-21 00:36:25,246 - INFO - Mean training L1 loss: 0.04454611711204052
2024-08-21 00:36:25,246 - INFO - Mean training SSIM loss: 2.8647758236993727e-07
2024-08-21 00:36:25,246 - INFO - Mean training MSE loss: 0.0038590963277965783
2024-08-21 00:36:33,685 - INFO - Mean validation L1 loss: 0.044352432191371916
2024-08-21 00:36:33,686 - INFO - Mean validation SSIM loss: 1.0304317972220645e-07
2024-08-21 00:36:33,686 - INFO - Mean validation MSE loss: 0.0038510090764611957
2024-08-21 00:36:34,150 - INFO - New best validation Loss 0.044352432191371916, at epoch 4
