2024-07-08 22:19:15,581 - INFO - Starting training from from epoch 0
2024-07-08 22:19:15,871 - INFO - Epoch 0
-------------------------------
2024-07-08 22:19:31,399 - INFO - Mean training loss: 0.10034921268622081
2024-07-08 22:19:37,266 - INFO - Mean validation loss: 0.07312067747116088
2024-07-08 22:19:38,176 - INFO - New best validation Loss 0.07312067747116088, at epoch 0
2024-07-08 22:19:38,177 - INFO - Epoch 1
-------------------------------
2024-07-08 22:19:51,864 - INFO - Mean training loss: 0.06990062942107518
2024-07-08 22:19:57,091 - INFO - Mean validation loss: 0.0709327737490336
2024-07-08 22:19:58,082 - INFO - New best validation Loss 0.0709327737490336, at epoch 1
2024-07-08 22:19:58,083 - INFO - Epoch 2
-------------------------------
2024-07-08 22:20:11,008 - INFO - Mean training loss: 0.06873568991820017
2024-07-08 22:20:16,880 - INFO - Mean validation loss: 0.07062586545944213
2024-07-08 22:20:17,832 - INFO - New best validation Loss 0.07062586545944213, at epoch 2
2024-07-08 22:20:17,833 - INFO - Epoch 3
-------------------------------
2024-07-08 22:20:31,384 - INFO - Mean training loss: 0.06851719121138254
2024-07-08 22:20:36,834 - INFO - Mean validation loss: 0.07004846533139547
2024-07-08 22:20:37,782 - INFO - New best validation Loss 0.07004846533139547, at epoch 3
2024-07-08 22:20:37,783 - INFO - Epoch 4
-------------------------------
2024-07-08 22:20:50,724 - INFO - Mean training loss: 0.06841271668672562
2024-07-08 22:20:55,927 - INFO - Mean validation loss: 0.06956735650698344
2024-07-08 22:20:56,815 - INFO - New best validation Loss 0.06956735650698344, at epoch 4
2024-07-08 22:20:56,816 - INFO - Epoch 5
-------------------------------
2024-07-08 22:21:10,520 - INFO - Mean training loss: 0.0681720753510793
2024-07-08 22:21:15,656 - INFO - Mean validation loss: 0.06950857639312744
2024-07-08 22:21:16,627 - INFO - New best validation Loss 0.06950857639312744, at epoch 5
2024-07-08 22:21:16,628 - INFO - Epoch 6
-------------------------------
2024-07-08 22:21:29,292 - INFO - Mean training loss: 0.06796965499718984
2024-07-08 22:21:35,010 - INFO - Mean validation loss: 0.06930163304011026
2024-07-08 22:21:35,999 - INFO - New best validation Loss 0.06930163304011026, at epoch 6
2024-07-08 22:21:36,000 - INFO - Epoch 7
-------------------------------
2024-07-08 22:21:49,543 - INFO - Mean training loss: 0.0678993488351504
2024-07-08 22:21:55,455 - INFO - Mean validation loss: 0.06913674672444661
2024-07-08 22:21:56,216 - INFO - New best validation Loss 0.06913674672444661, at epoch 7
2024-07-08 22:21:56,217 - INFO - Epoch 8
-------------------------------
2024-07-08 22:22:09,921 - INFO - Mean training loss: 0.06779842426379522
2024-07-08 22:22:14,971 - INFO - Mean validation loss: 0.06904316544532776
2024-07-08 22:22:15,704 - INFO - New best validation Loss 0.06904316544532776, at epoch 8
2024-07-08 22:22:15,705 - INFO - Epoch 9
-------------------------------
2024-07-08 22:22:28,153 - INFO - Mean training loss: 0.06766167332728704
2024-07-08 22:22:33,239 - INFO - Mean validation loss: 0.06902163624763488
2024-07-08 22:22:33,955 - INFO - New best validation Loss 0.06902163624763488, at epoch 9
2024-07-08 22:22:33,956 - INFO - Epoch 10
-------------------------------
2024-07-08 22:22:47,431 - INFO - Mean training loss: 0.06763673375050226
2024-07-08 22:22:53,356 - INFO - Mean validation loss: 0.06901275316874186
2024-07-08 22:22:54,119 - INFO - New best validation Loss 0.06901275316874186, at epoch 10
2024-07-08 22:22:54,120 - INFO - Epoch 11
-------------------------------
2024-07-08 22:23:06,956 - INFO - Mean training loss: 0.06765731076399485
2024-07-08 22:23:12,378 - INFO - Mean validation loss: 0.06898149649302164
2024-07-08 22:23:13,387 - INFO - New best validation Loss 0.06898149649302164, at epoch 11
2024-07-08 22:23:13,388 - INFO - Epoch 12
-------------------------------
2024-07-08 22:23:27,147 - INFO - Mean training loss: 0.06764950851599376
2024-07-08 22:23:32,602 - INFO - Mean validation loss: 0.06897032260894775
2024-07-08 22:23:33,342 - INFO - New best validation Loss 0.06897032260894775, at epoch 12
2024-07-08 22:23:33,343 - INFO - Epoch 13
-------------------------------
2024-07-08 22:23:47,119 - INFO - Mean training loss: 0.06763981928428014
2024-07-08 22:23:52,746 - INFO - Mean validation loss: 0.06895849307378134
2024-07-08 22:23:53,678 - INFO - New best validation Loss 0.06895849307378134, at epoch 13
2024-07-08 22:23:53,679 - INFO - Epoch 14
-------------------------------
2024-07-08 22:24:06,322 - INFO - Mean training loss: 0.06763079067071279
2024-07-08 22:24:11,608 - INFO - Mean validation loss: 0.06894851128260295
2024-07-08 22:24:12,600 - INFO - New best validation Loss 0.06894851128260295, at epoch 14
2024-07-08 22:24:12,601 - INFO - Epoch 15
-------------------------------
2024-07-08 22:24:25,603 - INFO - Mean training loss: 0.0676224023103714
2024-07-08 22:24:31,146 - INFO - Mean validation loss: 0.06894871195157369
2024-07-08 22:24:31,147 - INFO - Epoch 16
-------------------------------
2024-07-08 22:24:43,932 - INFO - Mean training loss: 0.06762160658836365
2024-07-08 22:24:49,272 - INFO - Mean validation loss: 0.06894884506861369
2024-07-08 22:24:49,272 - INFO - Epoch 17
-------------------------------
2024-07-08 22:25:02,422 - INFO - Mean training loss: 0.06762123306592306
2024-07-08 22:25:07,500 - INFO - Mean validation loss: 0.06894987225532531
2024-07-08 22:25:07,500 - INFO - Epoch 18
-------------------------------
2024-07-08 22:25:20,302 - INFO - Mean training loss: 0.06762027045090993
2024-07-08 22:25:25,405 - INFO - Mean validation loss: 0.06895124912261963
2024-07-08 22:25:25,406 - INFO - Epoch 19
-------------------------------
2024-07-08 22:25:37,869 - INFO - Mean training loss: 0.0676197533806165
2024-07-08 22:25:43,429 - INFO - Mean validation loss: 0.06895073056221009
2024-07-08 22:25:43,430 - INFO - Epoch 20
-------------------------------
2024-07-08 22:25:56,757 - INFO - Mean training loss: 0.06761825184027354
2024-07-08 22:26:02,112 - INFO - Mean validation loss: 0.068947700659434
2024-07-08 22:26:03,140 - INFO - New best validation Loss 0.068947700659434, at epoch 20
2024-07-08 22:26:03,142 - INFO - Epoch 21
-------------------------------
2024-07-08 22:26:15,947 - INFO - Mean training loss: 0.06761476049820582
2024-07-08 22:26:21,171 - INFO - Mean validation loss: 0.06894220113754272
2024-07-08 22:26:24,504 - INFO - New best validation Loss 0.06894220113754272, at epoch 21
2024-07-08 22:26:24,505 - INFO - Epoch 22
-------------------------------
2024-07-08 22:26:37,750 - INFO - Mean training loss: 0.06760881592830022
2024-07-08 22:26:42,988 - INFO - Mean validation loss: 0.06893331209818522
2024-07-08 22:26:43,962 - INFO - New best validation Loss 0.06893331209818522, at epoch 22
2024-07-08 22:26:43,963 - INFO - Epoch 23
-------------------------------
2024-07-08 22:26:57,119 - INFO - Mean training loss: 0.06759990453720092
2024-07-08 22:27:03,078 - INFO - Mean validation loss: 0.06892146468162537
2024-07-08 22:27:04,084 - INFO - New best validation Loss 0.06892146468162537, at epoch 23
2024-07-08 22:27:04,085 - INFO - Epoch 24
-------------------------------
2024-07-08 22:27:16,876 - INFO - Mean training loss: 0.06758729616800944
2024-07-08 22:27:21,932 - INFO - Mean validation loss: 0.06890550057093302
2024-07-08 22:27:22,948 - INFO - New best validation Loss 0.06890550057093302, at epoch 24
2024-07-08 22:27:22,949 - INFO - Epoch 25
-------------------------------
2024-07-08 22:27:36,683 - INFO - Mean training loss: 0.06757051398356756
2024-07-08 22:27:42,371 - INFO - Mean validation loss: 0.06888563632965088
2024-07-08 22:27:43,400 - INFO - New best validation Loss 0.06888563632965088, at epoch 25
2024-07-08 22:27:43,401 - INFO - Epoch 26
-------------------------------
2024-07-08 22:27:56,776 - INFO - Mean training loss: 0.06755000253518423
2024-07-08 22:28:02,089 - INFO - Mean validation loss: 0.06887546380360922
2024-07-08 22:28:03,118 - INFO - New best validation Loss 0.06887546380360922, at epoch 26
2024-07-08 22:28:03,119 - INFO - Epoch 27
-------------------------------
2024-07-08 22:28:15,538 - INFO - Mean training loss: 0.06754183669885
2024-07-08 22:28:21,171 - INFO - Mean validation loss: 0.06896628538767496
2024-07-08 22:28:21,172 - INFO - Epoch 28
-------------------------------
2024-07-08 22:28:34,737 - INFO - Mean training loss: 0.06758229086796443
2024-07-08 22:28:40,022 - INFO - Mean validation loss: 0.06888877153396607
2024-07-08 22:28:40,022 - INFO - Epoch 29
-------------------------------
2024-07-08 22:28:52,987 - INFO - Mean training loss: 0.06744035333395004
2024-07-08 22:28:58,696 - INFO - Mean validation loss: 0.06804565191268921
2024-07-08 22:28:59,674 - INFO - New best validation Loss 0.06804565191268921, at epoch 29
2024-07-08 22:28:59,675 - INFO - Epoch 30
-------------------------------
2024-07-08 22:29:12,648 - INFO - Mean training loss: 0.06671477903922399
2024-07-08 22:29:18,238 - INFO - Mean validation loss: 0.06725083390871683
2024-07-08 22:29:19,201 - INFO - New best validation Loss 0.06725083390871683, at epoch 30
2024-07-08 22:29:19,202 - INFO - Epoch 31
-------------------------------
2024-07-08 22:29:31,754 - INFO - Mean training loss: 0.06582736422618231
2024-07-08 22:29:37,143 - INFO - Mean validation loss: 0.06640199422836304
2024-07-08 22:29:38,154 - INFO - New best validation Loss 0.06640199422836304, at epoch 31
2024-07-08 22:29:38,155 - INFO - Epoch 32
-------------------------------
2024-07-08 22:29:50,767 - INFO - Mean training loss: 0.06493564049402872
2024-07-08 22:29:56,086 - INFO - Mean validation loss: 0.06591181556383768
2024-07-08 22:29:56,861 - INFO - New best validation Loss 0.06591181556383768, at epoch 32
2024-07-08 22:29:56,862 - INFO - Epoch 33
-------------------------------
2024-07-08 22:30:09,781 - INFO - Mean training loss: 0.06523102223873138
2024-07-08 22:30:15,088 - INFO - Mean validation loss: 0.06564429799715678
2024-07-08 22:30:16,123 - INFO - New best validation Loss 0.06564429799715678, at epoch 33
2024-07-08 22:30:16,124 - INFO - Epoch 34
-------------------------------
2024-07-08 22:30:28,526 - INFO - Mean training loss: 0.06321337670087815
2024-07-08 22:30:33,556 - INFO - Mean validation loss: 0.06267279187838236
2024-07-08 22:30:34,482 - INFO - New best validation Loss 0.06267279187838236, at epoch 34
2024-07-08 22:30:34,483 - INFO - Epoch 35
-------------------------------
2024-07-08 22:30:47,475 - INFO - Mean training loss: 0.06136041382948557
2024-07-08 22:30:52,855 - INFO - Mean validation loss: 0.06084374984105428
2024-07-08 22:30:53,595 - INFO - New best validation Loss 0.06084374984105428, at epoch 35
2024-07-08 22:30:53,596 - INFO - Epoch 36
-------------------------------
2024-07-08 22:31:05,993 - INFO - Mean training loss: 0.059960449735323586
2024-07-08 22:31:11,259 - INFO - Mean validation loss: 0.05902312596638997
2024-07-08 22:31:12,234 - INFO - New best validation Loss 0.05902312596638997, at epoch 36
2024-07-08 22:31:12,235 - INFO - Epoch 37
-------------------------------
2024-07-08 22:31:25,182 - INFO - Mean training loss: 0.058859544495741524
2024-07-08 22:31:30,907 - INFO - Mean validation loss: 0.05807212988535563
2024-07-08 22:31:31,716 - INFO - New best validation Loss 0.05807212988535563, at epoch 37
2024-07-08 22:31:31,717 - INFO - Epoch 38
-------------------------------
2024-07-08 22:31:44,380 - INFO - Mean training loss: 0.057452038923899336
2024-07-08 22:31:49,595 - INFO - Mean validation loss: 0.056568855047225954
2024-07-08 22:31:50,521 - INFO - New best validation Loss 0.056568855047225954, at epoch 38
2024-07-08 22:31:50,522 - INFO - Epoch 39
-------------------------------
2024-07-08 22:32:03,491 - INFO - Mean training loss: 0.05585178136825562
2024-07-08 22:32:08,937 - INFO - Mean validation loss: 0.05751134554545085
2024-07-08 22:32:08,938 - INFO - Epoch 40
-------------------------------
2024-07-08 22:32:21,340 - INFO - Mean training loss: 0.05658665398756663
2024-07-08 22:32:26,411 - INFO - Mean validation loss: 0.05460576216379801
2024-07-08 22:32:27,395 - INFO - New best validation Loss 0.05460576216379801, at epoch 40
2024-07-08 22:32:27,396 - INFO - Epoch 41
-------------------------------
2024-07-08 22:32:40,604 - INFO - Mean training loss: 0.05461213141679764
2024-07-08 22:32:45,982 - INFO - Mean validation loss: 0.05228311816851298
2024-07-08 22:32:46,976 - INFO - New best validation Loss 0.05228311816851298, at epoch 41
2024-07-08 22:32:46,977 - INFO - Epoch 42
-------------------------------
2024-07-08 22:33:00,310 - INFO - Mean training loss: 0.05253266741832097
2024-07-08 22:33:05,511 - INFO - Mean validation loss: 0.05175936222076416
2024-07-08 22:33:06,422 - INFO - New best validation Loss 0.05175936222076416, at epoch 42
2024-07-08 22:33:06,423 - INFO - Epoch 43
-------------------------------
2024-07-08 22:33:18,950 - INFO - Mean training loss: 0.05104810843865077
2024-07-08 22:33:24,232 - INFO - Mean validation loss: 0.04923795064290364
2024-07-08 22:33:25,200 - INFO - New best validation Loss 0.04923795064290364, at epoch 43
2024-07-08 22:33:25,201 - INFO - Epoch 44
-------------------------------
2024-07-08 22:33:38,955 - INFO - Mean training loss: 0.048045016328493756
2024-07-08 22:33:43,989 - INFO - Mean validation loss: 0.04641970197359721
2024-07-08 22:33:44,975 - INFO - New best validation Loss 0.04641970197359721, at epoch 44
2024-07-08 22:33:44,976 - INFO - Epoch 45
-------------------------------
2024-07-08 22:33:58,521 - INFO - Mean training loss: 0.0449260080854098
2024-07-08 22:34:03,889 - INFO - Mean validation loss: 0.043666225671768186
2024-07-08 22:34:04,653 - INFO - New best validation Loss 0.043666225671768186, at epoch 45
2024-07-08 22:34:04,654 - INFO - Epoch 46
-------------------------------
2024-07-08 22:34:16,987 - INFO - Mean training loss: 0.04331890890995661
2024-07-08 22:34:22,728 - INFO - Mean validation loss: 0.04423438310623169
2024-07-08 22:34:22,729 - INFO - Epoch 47
-------------------------------
2024-07-08 22:34:36,034 - INFO - Mean training loss: 0.04212163736422857
2024-07-08 22:34:42,212 - INFO - Mean validation loss: 0.040791912873586016
2024-07-08 22:34:43,180 - INFO - New best validation Loss 0.040791912873586016, at epoch 47
2024-07-08 22:34:43,182 - INFO - Epoch 48
-------------------------------
2024-07-08 22:34:56,721 - INFO - Mean training loss: 0.040329985817273456
2024-07-08 22:35:02,220 - INFO - Mean validation loss: 0.03842147390047709
2024-07-08 22:35:03,214 - INFO - New best validation Loss 0.03842147390047709, at epoch 48
2024-07-08 22:35:03,215 - INFO - Epoch 49
-------------------------------
2024-07-08 22:35:16,002 - INFO - Mean training loss: 0.038643822570641834
2024-07-08 22:35:21,399 - INFO - Mean validation loss: 0.039097380638122556
2024-07-08 22:35:21,400 - INFO - Epoch 50
-------------------------------
2024-07-08 22:35:34,523 - INFO - Mean training loss: 0.03781738926966985
2024-07-08 22:35:39,719 - INFO - Mean validation loss: 0.037411272525787354
2024-07-08 22:35:40,692 - INFO - New best validation Loss 0.037411272525787354, at epoch 50
2024-07-08 22:35:40,693 - INFO - Epoch 51
-------------------------------
2024-07-08 22:35:53,776 - INFO - Mean training loss: 0.036525158832470574
2024-07-08 22:35:59,132 - INFO - Mean validation loss: 0.03595800002415975
2024-07-08 22:36:00,454 - INFO - New best validation Loss 0.03595800002415975, at epoch 51
2024-07-08 22:36:00,455 - INFO - Epoch 52
-------------------------------
2024-07-08 22:36:14,169 - INFO - Mean training loss: 0.03544740055998166
2024-07-08 22:36:19,605 - INFO - Mean validation loss: 0.03530567685763041
2024-07-08 22:36:20,599 - INFO - New best validation Loss 0.03530567685763041, at epoch 52
2024-07-08 22:36:20,600 - INFO - Epoch 53
-------------------------------
2024-07-08 22:36:34,268 - INFO - Mean training loss: 0.03408707653482755
2024-07-08 22:36:39,800 - INFO - Mean validation loss: 0.03409310380617778
2024-07-08 22:36:40,792 - INFO - New best validation Loss 0.03409310380617778, at epoch 53
2024-07-08 22:36:40,793 - INFO - Epoch 54
-------------------------------
2024-07-08 22:36:53,997 - INFO - Mean training loss: 0.03253283972541491
2024-07-08 22:36:59,873 - INFO - Mean validation loss: 0.034054823716481525
2024-07-08 22:37:00,805 - INFO - New best validation Loss 0.034054823716481525, at epoch 54
2024-07-08 22:37:00,806 - INFO - Epoch 55
-------------------------------
2024-07-08 22:37:13,918 - INFO - Mean training loss: 0.03253965551654498
2024-07-08 22:37:18,974 - INFO - Mean validation loss: 0.03225095470746358
2024-07-08 22:37:19,743 - INFO - New best validation Loss 0.03225095470746358, at epoch 55
2024-07-08 22:37:19,744 - INFO - Epoch 56
-------------------------------
2024-07-08 22:37:33,029 - INFO - Mean training loss: 0.03243298257390658
2024-07-08 22:37:38,285 - INFO - Mean validation loss: 0.03951216340065002
2024-07-08 22:37:38,285 - INFO - Epoch 57
-------------------------------
2024-07-08 22:37:50,985 - INFO - Mean training loss: 0.03359439919392268
2024-07-08 22:37:56,452 - INFO - Mean validation loss: 0.033150543769200645
2024-07-08 22:37:56,453 - INFO - Epoch 58
-------------------------------
2024-07-08 22:38:09,194 - INFO - Mean training loss: 0.031187064200639724
2024-07-08 22:38:14,267 - INFO - Mean validation loss: 0.03323736886183421
2024-07-08 22:38:14,267 - INFO - Epoch 59
-------------------------------
2024-07-08 22:38:27,240 - INFO - Mean training loss: 0.03125533014535904
2024-07-08 22:38:32,513 - INFO - Mean validation loss: 0.032162004709243776
2024-07-08 22:38:33,466 - INFO - New best validation Loss 0.032162004709243776, at epoch 59
2024-07-08 22:38:33,467 - INFO - Epoch 60
-------------------------------
2024-07-08 22:38:46,047 - INFO - Mean training loss: 0.03146166404088338
2024-07-08 22:38:51,287 - INFO - Mean validation loss: 0.032279738783836366
2024-07-08 22:38:51,288 - INFO - Epoch 61
-------------------------------
2024-07-08 22:39:04,641 - INFO - Mean training loss: 0.030794693777958553
2024-07-08 22:39:09,878 - INFO - Mean validation loss: 0.032199730475743614
2024-07-08 22:39:09,878 - INFO - Epoch 62
-------------------------------
2024-07-08 22:39:23,397 - INFO - Mean training loss: 0.029178163409233092
2024-07-08 22:39:28,965 - INFO - Mean validation loss: 0.030540609359741212
2024-07-08 22:39:29,718 - INFO - New best validation Loss 0.030540609359741212, at epoch 62
2024-07-08 22:39:29,719 - INFO - Epoch 63
-------------------------------
2024-07-08 22:39:43,419 - INFO - Mean training loss: 0.028464513023694356
2024-07-08 22:39:48,689 - INFO - Mean validation loss: 0.028792659441630047
2024-07-08 22:39:49,693 - INFO - New best validation Loss 0.028792659441630047, at epoch 63
2024-07-08 22:39:49,694 - INFO - Epoch 64
-------------------------------
2024-07-08 22:40:02,448 - INFO - Mean training loss: 0.026482756435871124
2024-07-08 22:40:08,538 - INFO - Mean validation loss: 0.028470444679260253
2024-07-08 22:40:09,487 - INFO - New best validation Loss 0.028470444679260253, at epoch 64
2024-07-08 22:40:09,488 - INFO - Epoch 65
-------------------------------
2024-07-08 22:40:22,505 - INFO - Mean training loss: 0.025687499592701595
2024-07-08 22:40:27,872 - INFO - Mean validation loss: 0.027897815903027853
2024-07-08 22:40:28,870 - INFO - New best validation Loss 0.027897815903027853, at epoch 65
2024-07-08 22:40:28,871 - INFO - Epoch 66
-------------------------------
2024-07-08 22:40:41,689 - INFO - Mean training loss: 0.025580740720033645
2024-07-08 22:40:47,032 - INFO - Mean validation loss: 0.026996737718582152
2024-07-08 22:40:48,309 - INFO - New best validation Loss 0.026996737718582152, at epoch 66
2024-07-08 22:40:48,311 - INFO - Epoch 67
-------------------------------
2024-07-08 22:41:01,032 - INFO - Mean training loss: 0.02453891411423683
2024-07-08 22:41:06,197 - INFO - Mean validation loss: 0.02548775275548299
2024-07-08 22:41:07,164 - INFO - New best validation Loss 0.02548775275548299, at epoch 67
2024-07-08 22:41:07,165 - INFO - Epoch 68
-------------------------------
2024-07-08 22:41:20,125 - INFO - Mean training loss: 0.023593115558226904
2024-07-08 22:41:26,111 - INFO - Mean validation loss: 0.025683367252349855
2024-07-08 22:41:26,112 - INFO - Epoch 69
-------------------------------
2024-07-08 22:41:39,483 - INFO - Mean training loss: 0.023003679513931275
2024-07-08 22:41:45,075 - INFO - Mean validation loss: 0.02501518130302429
2024-07-08 22:41:45,822 - INFO - New best validation Loss 0.02501518130302429, at epoch 69
2024-07-08 22:41:45,823 - INFO - Epoch 70
-------------------------------
2024-07-08 22:41:58,504 - INFO - Mean training loss: 0.022863433758417765
2024-07-08 22:42:03,789 - INFO - Mean validation loss: 0.0241253932317098
2024-07-08 22:42:04,784 - INFO - New best validation Loss 0.0241253932317098, at epoch 70
2024-07-08 22:42:04,785 - INFO - Epoch 71
-------------------------------
2024-07-08 22:42:18,352 - INFO - Mean training loss: 0.022301301856835685
2024-07-08 22:42:23,682 - INFO - Mean validation loss: 0.025020127495129902
2024-07-08 22:42:23,683 - INFO - Epoch 72
-------------------------------
2024-07-08 22:42:36,129 - INFO - Mean training loss: 0.02261571610967318
2024-07-08 22:42:41,565 - INFO - Mean validation loss: 0.024783337116241456
2024-07-08 22:42:41,565 - INFO - Epoch 73
-------------------------------
2024-07-08 22:42:54,370 - INFO - Mean training loss: 0.022156743208567302
2024-07-08 22:42:59,620 - INFO - Mean validation loss: 0.024024775624275206
2024-07-08 22:43:00,614 - INFO - New best validation Loss 0.024024775624275206, at epoch 73
2024-07-08 22:43:00,615 - INFO - Epoch 74
-------------------------------
2024-07-08 22:43:13,378 - INFO - Mean training loss: 0.02111035188039144
2024-07-08 22:43:18,924 - INFO - Mean validation loss: 0.02291173835595449
2024-07-08 22:43:20,177 - INFO - New best validation Loss 0.02291173835595449, at epoch 74
2024-07-08 22:43:20,178 - INFO - Epoch 75
-------------------------------
2024-07-08 22:43:32,829 - INFO - Mean training loss: 0.020830462376276653
2024-07-08 22:43:38,054 - INFO - Mean validation loss: 0.022521620988845824
2024-07-08 22:43:38,974 - INFO - New best validation Loss 0.022521620988845824, at epoch 75
2024-07-08 22:43:38,975 - INFO - Epoch 76
-------------------------------
2024-07-08 22:43:51,847 - INFO - Mean training loss: 0.020998199035724006
2024-07-08 22:43:57,130 - INFO - Mean validation loss: 0.023025810718536377
2024-07-08 22:43:57,130 - INFO - Epoch 77
-------------------------------
2024-07-08 22:44:10,897 - INFO - Mean training loss: 0.020347141226132712
2024-07-08 22:44:16,487 - INFO - Mean validation loss: 0.02223728100458781
2024-07-08 22:44:17,485 - INFO - New best validation Loss 0.02223728100458781, at epoch 77
2024-07-08 22:44:17,486 - INFO - Epoch 78
-------------------------------
2024-07-08 22:44:30,724 - INFO - Mean training loss: 0.0198680413266023
2024-07-08 22:44:36,388 - INFO - Mean validation loss: 0.021828481554985048
2024-07-08 22:44:37,416 - INFO - New best validation Loss 0.021828481554985048, at epoch 78
2024-07-08 22:44:37,417 - INFO - Epoch 79
-------------------------------
2024-07-08 22:44:50,187 - INFO - Mean training loss: 0.01954972545305888
2024-07-08 22:44:55,727 - INFO - Mean validation loss: 0.02219123939673106
2024-07-08 22:44:55,728 - INFO - Epoch 80
-------------------------------
2024-07-08 22:45:08,520 - INFO - Mean training loss: 0.019300735369324685
2024-07-08 22:45:13,746 - INFO - Mean validation loss: 0.021474214394887288
2024-07-08 22:45:14,519 - INFO - New best validation Loss 0.021474214394887288, at epoch 80
2024-07-08 22:45:14,520 - INFO - Epoch 81
-------------------------------
2024-07-08 22:45:26,865 - INFO - Mean training loss: 0.018821718792120617
2024-07-08 22:45:32,343 - INFO - Mean validation loss: 0.021417673428853354
2024-07-08 22:45:33,407 - INFO - New best validation Loss 0.021417673428853354, at epoch 81
2024-07-08 22:45:33,408 - INFO - Epoch 82
-------------------------------
2024-07-08 22:45:45,968 - INFO - Mean training loss: 0.018328284472227098
2024-07-08 22:45:51,528 - INFO - Mean validation loss: 0.021290403604507447
2024-07-08 22:45:52,495 - INFO - New best validation Loss 0.021290403604507447, at epoch 82
2024-07-08 22:45:52,496 - INFO - Epoch 83
-------------------------------
2024-07-08 22:46:05,303 - INFO - Mean training loss: 0.0196659525235494
2024-07-08 22:46:10,907 - INFO - Mean validation loss: 0.02318927546342214
2024-07-08 22:46:10,908 - INFO - Epoch 84
-------------------------------
2024-07-08 22:46:23,693 - INFO - Mean training loss: 0.019705954194068908
2024-07-08 22:46:28,859 - INFO - Mean validation loss: 0.021890689929326374
2024-07-08 22:46:28,860 - INFO - Epoch 85
-------------------------------
2024-07-08 22:46:42,019 - INFO - Mean training loss: 0.01907394900918007
2024-07-08 22:46:47,126 - INFO - Mean validation loss: 0.021442764004071555
2024-07-08 22:46:47,127 - INFO - Epoch 86
-------------------------------
2024-07-08 22:47:00,313 - INFO - Mean training loss: 0.01877529894312223
2024-07-08 22:47:06,112 - INFO - Mean validation loss: 0.021547224124272665
2024-07-08 22:47:06,112 - INFO - Epoch 87
-------------------------------
2024-07-08 22:47:19,619 - INFO - Mean training loss: 0.018569873770078023
2024-07-08 22:47:25,050 - INFO - Mean validation loss: 0.021805824836095174
2024-07-08 22:47:25,051 - INFO - Epoch 88
-------------------------------
2024-07-08 22:47:38,033 - INFO - Mean training loss: 0.018752105409900348
2024-07-08 22:47:43,348 - INFO - Mean validation loss: 0.022134219606717426
2024-07-08 22:47:43,348 - INFO - Epoch 89
-------------------------------
2024-07-08 22:47:55,987 - INFO - Mean training loss: 0.018853747099637986
2024-07-08 22:48:01,297 - INFO - Mean validation loss: 0.022242490450541177
2024-07-08 22:48:01,298 - INFO - Epoch 90
-------------------------------
2024-07-08 22:48:13,904 - INFO - Mean training loss: 0.018910332520802816
2024-07-08 22:48:19,257 - INFO - Mean validation loss: 0.02148010234038035
2024-07-08 22:48:19,257 - INFO - Epoch 91
-------------------------------
2024-07-08 22:48:32,626 - INFO - Mean training loss: 0.018517568707466125
2024-07-08 22:48:37,855 - INFO - Mean validation loss: 0.021299313505490622
2024-07-08 22:48:37,856 - INFO - Epoch 92
-------------------------------
2024-07-08 22:48:51,612 - INFO - Mean training loss: 0.018436215817928314
2024-07-08 22:48:57,488 - INFO - Mean validation loss: 0.021130686004956562
2024-07-08 22:48:58,473 - INFO - New best validation Loss 0.021130686004956562, at epoch 92
2024-07-08 22:48:58,475 - INFO - Epoch 93
-------------------------------
2024-07-08 22:49:11,783 - INFO - Mean training loss: 0.017740998913844428
2024-07-08 22:49:17,310 - INFO - Mean validation loss: 0.02102231780687968
2024-07-08 22:49:18,353 - INFO - New best validation Loss 0.02102231780687968, at epoch 93
2024-07-08 22:49:18,354 - INFO - Epoch 94
-------------------------------
2024-07-08 22:49:31,140 - INFO - Mean training loss: 0.017404629414280257
2024-07-08 22:49:36,173 - INFO - Mean validation loss: 0.020467962821324667
2024-07-08 22:49:36,993 - INFO - New best validation Loss 0.020467962821324667, at epoch 94
2024-07-08 22:49:36,994 - INFO - Epoch 95
-------------------------------
2024-07-08 22:49:49,850 - INFO - Mean training loss: 0.01751206604142984
2024-07-08 22:49:55,165 - INFO - Mean validation loss: 0.020546311140060426
2024-07-08 22:49:55,165 - INFO - Epoch 96
-------------------------------
2024-07-08 22:50:08,314 - INFO - Mean training loss: 0.017648690193891526
2024-07-08 22:50:13,535 - INFO - Mean validation loss: 0.02059929072856903
2024-07-08 22:50:13,535 - INFO - Epoch 97
-------------------------------
2024-07-08 22:50:27,020 - INFO - Mean training loss: 0.01751630020638307
2024-07-08 22:50:32,363 - INFO - Mean validation loss: 0.02055688699086507
2024-07-08 22:50:32,364 - INFO - Epoch 98
-------------------------------
2024-07-08 22:50:45,522 - INFO - Mean training loss: 0.01733340322971344
2024-07-08 22:50:51,010 - INFO - Mean validation loss: 0.02105982800324758
2024-07-08 22:50:51,011 - INFO - Epoch 99
-------------------------------
2024-07-08 22:51:03,967 - INFO - Mean training loss: 0.01711279389758905
2024-07-08 22:51:08,996 - INFO - Mean validation loss: 0.02068145970503489
2024-07-08 22:51:08,996 - INFO - Epoch 100
-------------------------------
2024-07-08 22:51:21,769 - INFO - Mean training loss: 0.01693092758456866
2024-07-08 22:51:27,578 - INFO - Mean validation loss: 0.02039737900098165
2024-07-08 22:51:28,597 - INFO - New best validation Loss 0.02039737900098165, at epoch 100
2024-07-08 22:51:28,598 - INFO - Epoch 101
-------------------------------
2024-07-08 22:51:41,227 - INFO - Mean training loss: 0.016769574334224064
2024-07-08 22:51:46,692 - INFO - Mean validation loss: 0.020418830712636313
2024-07-08 22:51:46,693 - INFO - Epoch 102
-------------------------------
2024-07-08 22:51:59,339 - INFO - Mean training loss: 0.016633715108036996
2024-07-08 22:52:04,693 - INFO - Mean validation loss: 0.02028980354468028
2024-07-08 22:52:05,420 - INFO - New best validation Loss 0.02028980354468028, at epoch 102
2024-07-08 22:52:05,421 - INFO - Epoch 103
-------------------------------
2024-07-08 22:52:19,096 - INFO - Mean training loss: 0.016440462321043015
2024-07-08 22:52:24,687 - INFO - Mean validation loss: 0.02004423240820567
2024-07-08 22:52:25,460 - INFO - New best validation Loss 0.02004423240820567, at epoch 103
2024-07-08 22:52:25,461 - INFO - Epoch 104
-------------------------------
2024-07-08 22:52:37,875 - INFO - Mean training loss: 0.016202999154726665
2024-07-08 22:52:43,947 - INFO - Mean validation loss: 0.020118780930836997
2024-07-08 22:52:43,947 - INFO - Epoch 105
-------------------------------
2024-07-08 22:52:56,889 - INFO - Mean training loss: 0.016064276670416197
2024-07-08 22:53:02,304 - INFO - Mean validation loss: 0.019874891638755797
2024-07-08 22:53:03,303 - INFO - New best validation Loss 0.019874891638755797, at epoch 105
2024-07-08 22:53:03,304 - INFO - Epoch 106
-------------------------------
2024-07-08 22:53:16,538 - INFO - Mean training loss: 0.016073209047317506
2024-07-08 22:53:22,342 - INFO - Mean validation loss: 0.020185569922129314
2024-07-08 22:53:22,343 - INFO - Epoch 107
-------------------------------
2024-07-08 22:53:35,490 - INFO - Mean training loss: 0.015902272363503774
2024-07-08 22:53:40,914 - INFO - Mean validation loss: 0.020023971796035767
2024-07-08 22:53:40,915 - INFO - Epoch 108
-------------------------------
2024-07-08 22:53:53,934 - INFO - Mean training loss: 0.015830749024947483
2024-07-08 22:53:58,966 - INFO - Mean validation loss: 0.019858596722284953
2024-07-08 22:54:00,060 - INFO - New best validation Loss 0.019858596722284953, at epoch 108
2024-07-08 22:54:00,060 - INFO - Epoch 109
-------------------------------
2024-07-08 22:54:12,877 - INFO - Mean training loss: 0.015812674288948378
2024-07-08 22:54:18,112 - INFO - Mean validation loss: 0.02032013734181722
2024-07-08 22:54:18,113 - INFO - Epoch 110
-------------------------------
2024-07-08 22:54:31,857 - INFO - Mean training loss: 0.015624832610289257
2024-07-08 22:54:38,052 - INFO - Mean validation loss: 0.019828475515047708
2024-07-08 22:54:39,029 - INFO - New best validation Loss 0.019828475515047708, at epoch 110
2024-07-08 22:54:39,031 - INFO - Epoch 111
-------------------------------
2024-07-08 22:54:52,755 - INFO - Mean training loss: 0.01606179711719354
2024-07-08 22:54:58,101 - INFO - Mean validation loss: 0.020324018597602845
2024-07-08 22:54:58,102 - INFO - Epoch 112
-------------------------------
2024-07-08 22:55:11,430 - INFO - Mean training loss: 0.015842893222967783
2024-07-08 22:55:16,655 - INFO - Mean validation loss: 0.02053372065226237
2024-07-08 22:55:16,656 - INFO - Epoch 113
-------------------------------
2024-07-08 22:55:29,610 - INFO - Mean training loss: 0.01594940051436424
2024-07-08 22:55:34,979 - INFO - Mean validation loss: 0.02007703185081482
2024-07-08 22:55:34,980 - INFO - Epoch 114
-------------------------------
2024-07-08 22:55:48,123 - INFO - Mean training loss: 0.015732919300595918
2024-07-08 22:55:53,948 - INFO - Mean validation loss: 0.020439942677815754
2024-07-08 22:55:53,949 - INFO - Epoch 115
-------------------------------
2024-07-08 22:56:07,314 - INFO - Mean training loss: 0.015674205496907234
2024-07-08 22:56:12,978 - INFO - Mean validation loss: 0.019947829842567443
2024-07-08 22:56:12,978 - INFO - Epoch 116
-------------------------------
2024-07-08 22:56:26,655 - INFO - Mean training loss: 0.015520184983809788
2024-07-08 22:56:32,074 - INFO - Mean validation loss: 0.02009845574696859
2024-07-08 22:56:32,075 - INFO - Epoch 117
-------------------------------
2024-07-08 22:56:45,770 - INFO - Mean training loss: 0.015260546406110128
2024-07-08 22:56:50,873 - INFO - Mean validation loss: 0.020240169763565064
2024-07-08 22:56:50,874 - INFO - Epoch 118
-------------------------------
2024-07-08 22:57:03,845 - INFO - Mean training loss: 0.01503911055624485
2024-07-08 22:57:09,665 - INFO - Mean validation loss: 0.0197895884513855
2024-07-08 22:57:10,446 - INFO - New best validation Loss 0.0197895884513855, at epoch 118
2024-07-08 22:57:10,447 - INFO - Epoch 119
-------------------------------
2024-07-08 22:57:23,453 - INFO - Mean training loss: 0.0151906023422877
2024-07-08 22:57:28,622 - INFO - Mean validation loss: 0.02107888658841451
2024-07-08 22:57:28,622 - INFO - Epoch 120
-------------------------------
2024-07-08 22:57:41,190 - INFO - Mean training loss: 0.015803438052535056
2024-07-08 22:57:47,088 - INFO - Mean validation loss: 0.020052751898765563
2024-07-08 22:57:47,088 - INFO - Epoch 121
-------------------------------
2024-07-08 22:58:00,853 - INFO - Mean training loss: 0.016123197227716445
2024-07-08 22:58:06,748 - INFO - Mean validation loss: 0.020088741183280946
2024-07-08 22:58:06,749 - INFO - Epoch 122
-------------------------------
2024-07-08 22:58:19,777 - INFO - Mean training loss: 0.016123326991995177
2024-07-08 22:58:25,383 - INFO - Mean validation loss: 0.020169585943222046
2024-07-08 22:58:25,383 - INFO - Epoch 123
-------------------------------
2024-07-08 22:58:38,015 - INFO - Mean training loss: 0.016265444830060004
2024-07-08 22:58:43,665 - INFO - Mean validation loss: 0.019715535640716552
2024-07-08 22:58:44,696 - INFO - New best validation Loss 0.019715535640716552, at epoch 123
2024-07-08 22:58:44,698 - INFO - Epoch 124
-------------------------------
2024-07-08 22:58:57,124 - INFO - Mean training loss: 0.016017970566948255
2024-07-08 22:59:02,145 - INFO - Mean validation loss: 0.020443454384803772
2024-07-08 22:59:02,146 - INFO - Epoch 125
-------------------------------
2024-07-08 22:59:15,265 - INFO - Mean training loss: 0.016485061993201575
2024-07-08 22:59:20,519 - INFO - Mean validation loss: 0.020707228779792787
2024-07-08 22:59:20,519 - INFO - Epoch 126
-------------------------------
2024-07-08 22:59:33,978 - INFO - Mean training loss: 0.017746078968048095
2024-07-08 22:59:39,189 - INFO - Mean validation loss: 0.02601320743560791
2024-07-08 22:59:39,190 - INFO - Epoch 127
-------------------------------
2024-07-08 22:59:51,972 - INFO - Mean training loss: 0.021157502631346383
2024-07-08 22:59:57,371 - INFO - Mean validation loss: 0.023308393359184266
2024-07-08 22:59:57,372 - INFO - Epoch 128
-------------------------------
2024-07-08 23:00:09,990 - INFO - Mean training loss: 0.019482885921994843
2024-07-08 23:00:15,794 - INFO - Mean validation loss: 0.021381903688112894
2024-07-08 23:00:15,795 - INFO - Epoch 129
-------------------------------
2024-07-08 23:00:28,611 - INFO - Mean training loss: 0.01809278627236684
2024-07-08 23:00:33,623 - INFO - Mean validation loss: 0.02138879199822744
2024-07-08 23:00:33,623 - INFO - Epoch 130
-------------------------------
2024-07-08 23:00:47,562 - INFO - Mean training loss: 0.017679788172245026
2024-07-08 23:00:52,769 - INFO - Mean validation loss: 0.02036365568637848
2024-07-08 23:00:52,769 - INFO - Epoch 131
-------------------------------
2024-07-08 23:01:05,173 - INFO - Mean training loss: 0.016654674957195918
2024-07-08 23:01:11,027 - INFO - Mean validation loss: 0.020451239744822183
2024-07-08 23:01:11,027 - INFO - Epoch 132
-------------------------------
2024-07-08 23:01:23,426 - INFO - Mean training loss: 0.016204495231310526
2024-07-08 23:01:28,630 - INFO - Mean validation loss: 0.019756199916203816
2024-07-08 23:01:28,631 - INFO - Epoch 133
-------------------------------
2024-07-08 23:01:41,966 - INFO - Mean training loss: 0.016090620929996174
2024-07-08 23:01:47,648 - INFO - Mean validation loss: 0.020434425274531046
2024-07-08 23:01:47,648 - INFO - Epoch 134
-------------------------------
2024-07-08 23:02:00,468 - INFO - Mean training loss: 0.015654898310701052
2024-07-08 23:02:05,771 - INFO - Mean validation loss: 0.019814154505729674
2024-07-08 23:02:05,772 - INFO - Epoch 135
-------------------------------
2024-07-08 23:02:19,282 - INFO - Mean training loss: 0.015246685470143954
2024-07-08 23:02:24,674 - INFO - Mean validation loss: 0.019966843724250793
2024-07-08 23:02:24,675 - INFO - Epoch 136
-------------------------------
2024-07-08 23:02:37,555 - INFO - Mean training loss: 0.01537340134382248
2024-07-08 23:02:43,320 - INFO - Mean validation loss: 0.019890631238619488
2024-07-08 23:02:43,321 - INFO - Epoch 137
-------------------------------
2024-07-08 23:02:56,456 - INFO - Mean training loss: 0.015322402740518251
2024-07-08 23:03:02,418 - INFO - Mean validation loss: 0.020139079292615256
2024-07-08 23:03:02,419 - INFO - Epoch 138
-------------------------------
2024-07-08 23:03:15,747 - INFO - Mean training loss: 0.015764731168746948
2024-07-08 23:03:20,996 - INFO - Mean validation loss: 0.02085772156715393
2024-07-08 23:03:20,996 - INFO - Epoch 139
-------------------------------
2024-07-08 23:03:33,868 - INFO - Mean training loss: 0.01617486948768298
2024-07-08 23:03:39,882 - INFO - Mean validation loss: 0.0218550572792689
2024-07-08 23:03:39,883 - INFO - Epoch 140
-------------------------------
2024-07-08 23:03:52,227 - INFO - Mean training loss: 0.016357556730508805
2024-07-08 23:03:57,266 - INFO - Mean validation loss: 0.020278432965278627
2024-07-08 23:03:57,266 - INFO - Epoch 141
-------------------------------
2024-07-08 23:04:10,091 - INFO - Mean training loss: 0.01637738694747289
2024-07-08 23:04:15,985 - INFO - Mean validation loss: 0.020721834897994996
2024-07-08 23:04:15,986 - INFO - Epoch 142
-------------------------------
2024-07-08 23:04:29,281 - INFO - Mean training loss: 0.01653641015291214
2024-07-08 23:04:34,520 - INFO - Mean validation loss: 0.02048697372277578
2024-07-08 23:04:34,521 - INFO - Epoch 143
-------------------------------
2024-07-08 23:04:47,715 - INFO - Mean training loss: 0.016031938915451367
2024-07-08 23:04:53,436 - INFO - Mean validation loss: 0.020754867792129518
2024-07-08 23:04:53,436 - INFO - Epoch 144
-------------------------------
2024-07-08 23:05:06,751 - INFO - Mean training loss: 0.015768825759490332
2024-07-08 23:05:12,368 - INFO - Mean validation loss: 0.020389634370803832
2024-07-08 23:05:12,369 - INFO - Epoch 145
-------------------------------
2024-07-08 23:05:24,816 - INFO - Mean training loss: 0.015326481312513351
2024-07-08 23:05:30,055 - INFO - Mean validation loss: 0.020331549644470214
2024-07-08 23:05:30,055 - INFO - Epoch 146
-------------------------------
2024-07-08 23:05:43,811 - INFO - Mean training loss: 0.015125350778301556
2024-07-08 23:05:49,025 - INFO - Mean validation loss: 0.019698059558868407
2024-07-08 23:05:49,992 - INFO - New best validation Loss 0.019698059558868407, at epoch 146
2024-07-08 23:05:49,993 - INFO - Epoch 147
-------------------------------
2024-07-08 23:06:02,768 - INFO - Mean training loss: 0.014681312069296838
2024-07-08 23:06:07,955 - INFO - Mean validation loss: 0.020163468519846597
2024-07-08 23:06:07,955 - INFO - Epoch 148
-------------------------------
2024-07-08 23:06:20,732 - INFO - Mean training loss: 0.014942805096507073
2024-07-08 23:06:26,851 - INFO - Mean validation loss: 0.019900675614674887
2024-07-08 23:06:26,852 - INFO - Epoch 149
-------------------------------
2024-07-08 23:06:39,641 - INFO - Mean training loss: 0.014816603933771452
2024-07-08 23:06:44,646 - INFO - Mean validation loss: 0.019833330313364664
2024-07-08 23:06:44,647 - INFO - Epoch 150
-------------------------------
2024-07-08 23:06:57,392 - INFO - Mean training loss: 0.014804684867461523
2024-07-08 23:07:02,847 - INFO - Mean validation loss: 0.01986685593922933
2024-07-08 23:07:02,848 - INFO - Epoch 151
-------------------------------
2024-07-08 23:07:15,842 - INFO - Mean training loss: 0.014570605258146923
2024-07-08 23:07:21,277 - INFO - Mean validation loss: 0.020049925645192465
2024-07-08 23:07:21,277 - INFO - Epoch 152
-------------------------------
2024-07-08 23:07:33,937 - INFO - Mean training loss: 0.014763680224617323
2024-07-08 23:07:39,196 - INFO - Mean validation loss: 0.020395495494206748
2024-07-08 23:07:39,196 - INFO - Epoch 153
-------------------------------
2024-07-08 23:07:52,576 - INFO - Mean training loss: 0.01461672621468703
2024-07-08 23:07:57,646 - INFO - Mean validation loss: 0.019916230440139772
2024-07-08 23:07:57,646 - INFO - Epoch 154
-------------------------------
2024-07-08 23:08:10,693 - INFO - Mean training loss: 0.01449075738588969
2024-07-08 23:08:16,034 - INFO - Mean validation loss: 0.02018975615501404
2024-07-08 23:08:16,034 - INFO - Epoch 155
-------------------------------
2024-07-08 23:08:28,624 - INFO - Mean training loss: 0.014477616672714551
2024-07-08 23:08:34,265 - INFO - Mean validation loss: 0.020036635796229045
2024-07-08 23:08:34,266 - INFO - Epoch 156
-------------------------------
2024-07-08 23:08:47,142 - INFO - Mean training loss: 0.014690629889567692
2024-07-08 23:08:52,615 - INFO - Mean validation loss: 0.020192867517471312
2024-07-08 23:08:52,616 - INFO - Epoch 157
-------------------------------
2024-07-08 23:09:06,349 - INFO - Mean training loss: 0.014551711330811182
2024-07-08 23:09:11,979 - INFO - Mean validation loss: 0.01988292336463928
2024-07-08 23:09:11,980 - INFO - Epoch 158
-------------------------------
2024-07-08 23:09:24,972 - INFO - Mean training loss: 0.014367907991011937
2024-07-08 23:09:30,538 - INFO - Mean validation loss: 0.01958419879277547
2024-07-08 23:09:31,691 - INFO - New best validation Loss 0.01958419879277547, at epoch 158
2024-07-08 23:09:31,692 - INFO - Epoch 159
-------------------------------
2024-07-08 23:09:44,818 - INFO - Mean training loss: 0.014039995645483335
2024-07-08 23:09:50,078 - INFO - Mean validation loss: 0.019841607411702475
2024-07-08 23:09:50,079 - INFO - Epoch 160
-------------------------------
2024-07-08 23:10:03,756 - INFO - Mean training loss: 0.013945687189698219
2024-07-08 23:10:09,057 - INFO - Mean validation loss: 0.019960462053616842
2024-07-08 23:10:09,058 - INFO - Epoch 161
-------------------------------
2024-07-08 23:10:22,752 - INFO - Mean training loss: 0.013932359094421068
2024-07-08 23:10:28,006 - INFO - Mean validation loss: 0.01949560344219208
2024-07-08 23:10:28,809 - INFO - New best validation Loss 0.01949560344219208, at epoch 161
2024-07-08 23:10:28,810 - INFO - Epoch 162
-------------------------------
2024-07-08 23:10:41,583 - INFO - Mean training loss: 0.013998238369822502
2024-07-08 23:10:46,912 - INFO - Mean validation loss: 0.019679709275563558
2024-07-08 23:10:46,912 - INFO - Epoch 163
-------------------------------
2024-07-08 23:11:00,477 - INFO - Mean training loss: 0.013912988702456157
2024-07-08 23:11:05,846 - INFO - Mean validation loss: 0.019633508721987405
2024-07-08 23:11:05,847 - INFO - Epoch 164
-------------------------------
2024-07-08 23:11:18,516 - INFO - Mean training loss: 0.013996414343516032
2024-07-08 23:11:23,973 - INFO - Mean validation loss: 0.020331934094429016
2024-07-08 23:11:23,973 - INFO - Epoch 165
-------------------------------
2024-07-08 23:11:36,540 - INFO - Mean training loss: 0.013922566796342533
2024-07-08 23:11:41,558 - INFO - Mean validation loss: 0.019970730940500895
2024-07-08 23:11:41,558 - INFO - Epoch 166
-------------------------------
2024-07-08 23:11:55,274 - INFO - Mean training loss: 0.013805069029331207
2024-07-08 23:12:01,454 - INFO - Mean validation loss: 0.019863399863243102
2024-07-08 23:12:01,455 - INFO - Epoch 167
-------------------------------
2024-07-08 23:12:14,398 - INFO - Mean training loss: 0.01384476770957311
2024-07-08 23:12:19,373 - INFO - Mean validation loss: 0.019887212912241617
2024-07-08 23:12:19,373 - INFO - Epoch 168
-------------------------------
2024-07-08 23:12:32,127 - INFO - Mean training loss: 0.013833895822366079
2024-07-08 23:12:37,617 - INFO - Mean validation loss: 0.020325368642807005
2024-07-08 23:12:37,618 - INFO - Epoch 169
-------------------------------
2024-07-08 23:12:50,267 - INFO - Mean training loss: 0.014168017357587815
2024-07-08 23:12:55,463 - INFO - Mean validation loss: 0.02039679785569509
2024-07-08 23:12:55,463 - INFO - Epoch 170
-------------------------------
2024-07-08 23:13:08,835 - INFO - Mean training loss: 0.014596360300978025
2024-07-08 23:13:14,508 - INFO - Mean validation loss: 0.020043096939722695
2024-07-08 23:13:14,509 - INFO - Epoch 171
-------------------------------
2024-07-08 23:13:26,908 - INFO - Mean training loss: 0.014066766450802485
2024-07-08 23:13:32,657 - INFO - Mean validation loss: 0.019769652684529623
2024-07-08 23:13:32,658 - INFO - Epoch 172
-------------------------------
2024-07-08 23:13:45,460 - INFO - Mean training loss: 0.013819282377759616
2024-07-08 23:13:51,022 - INFO - Mean validation loss: 0.019610711932182313
2024-07-08 23:13:51,022 - INFO - Epoch 173
-------------------------------
2024-07-08 23:14:03,809 - INFO - Mean training loss: 0.014026967684427898
2024-07-08 23:14:09,177 - INFO - Mean validation loss: 0.0198482612768809
2024-07-08 23:14:09,178 - INFO - Epoch 174
-------------------------------
2024-07-08 23:14:21,756 - INFO - Mean training loss: 0.014262383058667182
2024-07-08 23:14:26,851 - INFO - Mean validation loss: 0.020245389143625895
2024-07-08 23:14:26,852 - INFO - Epoch 175
-------------------------------
2024-07-08 23:14:39,586 - INFO - Mean training loss: 0.014129312708973885
2024-07-08 23:14:44,735 - INFO - Mean validation loss: 0.019894349575042724
2024-07-08 23:14:44,736 - INFO - Epoch 176
-------------------------------
2024-07-08 23:14:58,293 - INFO - Mean training loss: 0.013850451509157816
2024-07-08 23:15:03,491 - INFO - Mean validation loss: 0.01939769387245178
2024-07-08 23:15:04,443 - INFO - New best validation Loss 0.01939769387245178, at epoch 176
2024-07-08 23:15:04,444 - INFO - Epoch 177
-------------------------------
2024-07-08 23:15:18,202 - INFO - Mean training loss: 0.01364131619532903
2024-07-08 23:15:23,543 - INFO - Mean validation loss: 0.020099993546803793
2024-07-08 23:15:23,544 - INFO - Epoch 178
-------------------------------
2024-07-08 23:15:36,380 - INFO - Mean training loss: 0.013635531067848206
2024-07-08 23:15:42,172 - INFO - Mean validation loss: 0.020412498712539674
2024-07-08 23:15:42,172 - INFO - Epoch 179
-------------------------------
2024-07-08 23:15:54,997 - INFO - Mean training loss: 0.013571771234273911
2024-07-08 23:16:00,549 - INFO - Mean validation loss: 0.019474509358406066
2024-07-08 23:16:00,550 - INFO - Epoch 180
-------------------------------
2024-07-08 23:16:13,708 - INFO - Mean training loss: 0.01363862765332063
2024-07-08 23:16:19,169 - INFO - Mean validation loss: 0.019864522417386375
2024-07-08 23:16:19,170 - INFO - Epoch 181
-------------------------------
2024-07-08 23:16:31,967 - INFO - Mean training loss: 0.01390258843700091
2024-07-08 23:16:37,401 - INFO - Mean validation loss: 0.01984665890534719
2024-07-08 23:16:37,402 - INFO - Epoch 182
-------------------------------
2024-07-08 23:16:50,019 - INFO - Mean training loss: 0.014525505900382995
2024-07-08 23:16:55,425 - INFO - Mean validation loss: 0.02012092371781667
2024-07-08 23:16:55,426 - INFO - Epoch 183
-------------------------------
2024-07-08 23:17:08,765 - INFO - Mean training loss: 0.014569407080610592
2024-07-08 23:17:14,644 - INFO - Mean validation loss: 0.01977127989133199
2024-07-08 23:17:14,645 - INFO - Epoch 184
-------------------------------
2024-07-08 23:17:27,626 - INFO - Mean training loss: 0.014226829012235006
2024-07-08 23:17:33,661 - INFO - Mean validation loss: 0.02029337684313456
2024-07-08 23:17:33,662 - INFO - Epoch 185
-------------------------------
2024-07-08 23:17:46,420 - INFO - Mean training loss: 0.014387555420398712
2024-07-08 23:17:51,635 - INFO - Mean validation loss: 0.02108107308546702
2024-07-08 23:17:51,636 - INFO - Epoch 186
-------------------------------
2024-07-08 23:18:04,291 - INFO - Mean training loss: 0.01416595901052157
2024-07-08 23:18:09,712 - INFO - Mean validation loss: 0.02001118063926697
2024-07-08 23:18:09,713 - INFO - Epoch 187
-------------------------------
2024-07-08 23:18:23,231 - INFO - Mean training loss: 0.014136044681072235
2024-07-08 23:18:28,626 - INFO - Mean validation loss: 0.02076740562915802
2024-07-08 23:18:28,627 - INFO - Epoch 188
-------------------------------
2024-07-08 23:18:42,279 - INFO - Mean training loss: 0.014486714825034141
2024-07-08 23:18:48,026 - INFO - Mean validation loss: 0.020065747698148093
2024-07-08 23:18:48,027 - INFO - Epoch 189
-------------------------------
2024-07-08 23:19:00,453 - INFO - Mean training loss: 0.014631743729114532
2024-07-08 23:19:05,937 - INFO - Mean validation loss: 0.02083863119284312
2024-07-08 23:19:05,937 - INFO - Epoch 190
-------------------------------
2024-07-08 23:19:18,930 - INFO - Mean training loss: 0.014381397888064385
2024-07-08 23:19:23,989 - INFO - Mean validation loss: 0.019829628864924113
2024-07-08 23:19:23,989 - INFO - Epoch 191
-------------------------------
2024-07-08 23:19:36,352 - INFO - Mean training loss: 0.01421930082142353
2024-07-08 23:19:41,415 - INFO - Mean validation loss: 0.0202885240316391
2024-07-08 23:19:41,415 - INFO - Epoch 192
-------------------------------
2024-07-08 23:19:54,237 - INFO - Mean training loss: 0.013763114064931869
2024-07-08 23:19:59,440 - INFO - Mean validation loss: 0.020788429180781047
2024-07-08 23:19:59,441 - INFO - Epoch 193
-------------------------------
2024-07-08 23:20:12,611 - INFO - Mean training loss: 0.013817039877176284
2024-07-08 23:20:17,817 - INFO - Mean validation loss: 0.01986812154452006
2024-07-08 23:20:17,818 - INFO - Epoch 194
-------------------------------
2024-07-08 23:20:30,636 - INFO - Mean training loss: 0.013807539641857148
2024-07-08 23:20:35,834 - INFO - Mean validation loss: 0.020208688577016194
2024-07-08 23:20:35,835 - INFO - Epoch 195
-------------------------------
2024-07-08 23:20:49,354 - INFO - Mean training loss: 0.013927539810538292
2024-07-08 23:20:55,494 - INFO - Mean validation loss: 0.020183754960695903
2024-07-08 23:20:55,494 - INFO - Epoch 196
-------------------------------
2024-07-08 23:21:09,021 - INFO - Mean training loss: 0.013858611260851224
2024-07-08 23:21:14,337 - INFO - Mean validation loss: 0.02044238249460856
2024-07-08 23:21:14,337 - INFO - Epoch 197
-------------------------------
2024-07-08 23:21:26,716 - INFO - Mean training loss: 0.013410736496249834
2024-07-08 23:21:31,768 - INFO - Mean validation loss: 0.020287200808525085
2024-07-08 23:21:31,769 - INFO - Epoch 198
-------------------------------
2024-07-08 23:21:45,142 - INFO - Mean training loss: 0.012953617423772813
2024-07-08 23:21:50,756 - INFO - Mean validation loss: 0.01995141605536143
2024-07-08 23:21:50,757 - INFO - Epoch 199
-------------------------------
2024-07-08 23:22:03,269 - INFO - Mean training loss: 0.012660606702168783
2024-07-08 23:22:08,936 - INFO - Mean validation loss: 0.019947242736816407
2024-07-08 23:22:08,936 - INFO - Epoch 200
-------------------------------
2024-07-08 23:22:21,880 - INFO - Mean training loss: 0.012531932567556699
2024-07-08 23:22:27,110 - INFO - Mean validation loss: 0.019703352451324464
2024-07-08 23:22:27,111 - INFO - Epoch 201
-------------------------------
2024-07-08 23:22:40,466 - INFO - Mean training loss: 0.012432922298709551
2024-07-08 23:22:45,836 - INFO - Mean validation loss: 0.019662935535113016
2024-07-08 23:22:45,837 - INFO - Epoch 202
-------------------------------
2024-07-08 23:22:58,289 - INFO - Mean training loss: 0.012439496566851933
2024-07-08 23:23:03,614 - INFO - Mean validation loss: 0.02037105361620585
2024-07-08 23:23:03,614 - INFO - Epoch 203
-------------------------------
2024-07-08 23:23:16,224 - INFO - Mean training loss: 0.01263764351606369
2024-07-08 23:23:22,088 - INFO - Mean validation loss: 0.02021821935971578
2024-07-08 23:23:22,088 - INFO - Epoch 204
-------------------------------
2024-07-08 23:23:35,486 - INFO - Mean training loss: 0.012855501472949981
2024-07-08 23:23:40,953 - INFO - Mean validation loss: 0.019693336884180703
2024-07-08 23:23:40,953 - INFO - Epoch 205
-------------------------------
2024-07-08 23:23:53,774 - INFO - Mean training loss: 0.012799735615650813
2024-07-08 23:23:59,553 - INFO - Mean validation loss: 0.020256411035855612
2024-07-08 23:23:59,553 - INFO - Epoch 206
-------------------------------
2024-07-08 23:24:12,178 - INFO - Mean training loss: 0.012940697744488716
2024-07-08 23:24:17,905 - INFO - Mean validation loss: 0.019715622067451477
2024-07-08 23:24:17,906 - INFO - Epoch 207
-------------------------------
2024-07-08 23:24:30,680 - INFO - Mean training loss: 0.012857484817504882
2024-07-08 23:24:36,120 - INFO - Mean validation loss: 0.01961933672428131
2024-07-08 23:24:36,121 - INFO - Epoch 208
-------------------------------
2024-07-08 23:24:49,509 - INFO - Mean training loss: 0.012293055653572083
2024-07-08 23:24:55,704 - INFO - Mean validation loss: 0.019786852598190307
2024-07-08 23:24:55,704 - INFO - Epoch 209
-------------------------------
2024-07-08 23:25:08,488 - INFO - Mean training loss: 0.012217331553498904
2024-07-08 23:25:14,291 - INFO - Mean validation loss: 0.01999311943848928
2024-07-08 23:25:14,292 - INFO - Epoch 210
-------------------------------
2024-07-08 23:25:27,693 - INFO - Mean training loss: 0.012237751856446266
2024-07-08 23:25:33,236 - INFO - Mean validation loss: 0.020644893248875935
2024-07-08 23:25:33,236 - INFO - Epoch 211
-------------------------------
2024-07-08 23:25:46,769 - INFO - Mean training loss: 0.012327904999256133
2024-07-08 23:25:51,962 - INFO - Mean validation loss: 0.01980889042218526
2024-07-08 23:25:51,962 - INFO - Epoch 212
-------------------------------
2024-07-08 23:26:05,460 - INFO - Mean training loss: 0.012659153093894322
2024-07-08 23:26:11,320 - INFO - Mean validation loss: 0.020081053177515667
2024-07-08 23:26:11,321 - INFO - Epoch 213
-------------------------------
2024-07-08 23:26:24,473 - INFO - Mean training loss: 0.01255880023042361
2024-07-08 23:26:29,496 - INFO - Mean validation loss: 0.020214577515920002
2024-07-08 23:26:29,497 - INFO - Epoch 214
-------------------------------
2024-07-08 23:26:43,189 - INFO - Mean training loss: 0.012537747497359912
2024-07-08 23:26:49,037 - INFO - Mean validation loss: 0.02004376749197642
2024-07-08 23:26:49,038 - INFO - Epoch 215
-------------------------------
2024-07-08 23:27:02,427 - INFO - Mean training loss: 0.012321371585130692
2024-07-08 23:27:07,912 - INFO - Mean validation loss: 0.020171642303466797
2024-07-08 23:27:07,913 - INFO - Epoch 216
-------------------------------
2024-07-08 23:27:20,513 - INFO - Mean training loss: 0.012449770793318748
2024-07-08 23:27:26,211 - INFO - Mean validation loss: 0.020738576849301655
2024-07-08 23:27:26,212 - INFO - Epoch 217
-------------------------------
2024-07-08 23:27:39,326 - INFO - Mean training loss: 0.012513040627042452
2024-07-08 23:27:45,418 - INFO - Mean validation loss: 0.01982821027437846
2024-07-08 23:27:45,419 - INFO - Epoch 218
-------------------------------
2024-07-08 23:27:58,228 - INFO - Mean training loss: 0.012358950451016426
2024-07-08 23:28:03,969 - INFO - Mean validation loss: 0.019574402769406637
2024-07-08 23:28:03,970 - INFO - Epoch 219
-------------------------------
2024-07-08 23:28:16,791 - INFO - Mean training loss: 0.012234654774268468
2024-07-08 23:28:22,155 - INFO - Mean validation loss: 0.019899908701578775
2024-07-08 23:28:22,156 - INFO - Epoch 220
-------------------------------
2024-07-08 23:28:35,470 - INFO - Mean training loss: 0.01224092518289884
2024-07-08 23:28:40,492 - INFO - Mean validation loss: 0.020341422160466513
2024-07-08 23:28:40,493 - INFO - Epoch 221
-------------------------------
2024-07-08 23:28:53,981 - INFO - Mean training loss: 0.01237480342388153
2024-07-08 23:28:59,677 - INFO - Mean validation loss: 0.02011253237724304
2024-07-08 23:28:59,678 - INFO - Epoch 222
-------------------------------
2024-07-08 23:29:12,449 - INFO - Mean training loss: 0.012377863253156344
2024-07-08 23:29:17,485 - INFO - Mean validation loss: 0.02045035163561503
2024-07-08 23:29:17,485 - INFO - Epoch 223
-------------------------------
2024-07-08 23:29:31,204 - INFO - Mean training loss: 0.012165341277917225
2024-07-08 23:29:36,705 - INFO - Mean validation loss: 0.020034858584403993
2024-07-08 23:29:36,706 - INFO - Epoch 224
-------------------------------
2024-07-08 23:29:49,089 - INFO - Mean training loss: 0.012140373513102532
2024-07-08 23:29:55,006 - INFO - Mean validation loss: 0.020191970467567443
2024-07-08 23:29:55,007 - INFO - Epoch 225
-------------------------------
2024-07-08 23:30:07,585 - INFO - Mean training loss: 0.011854293818275134
2024-07-08 23:30:12,846 - INFO - Mean validation loss: 0.0198359082142512
2024-07-08 23:30:12,846 - INFO - Epoch 226
-------------------------------
2024-07-08 23:30:25,308 - INFO - Mean training loss: 0.012176681185762088
2024-07-08 23:30:30,511 - INFO - Mean validation loss: 0.020670361320177712
2024-07-08 23:30:30,512 - INFO - Epoch 227
-------------------------------
2024-07-08 23:30:42,917 - INFO - Mean training loss: 0.012318200245499612
2024-07-08 23:30:48,472 - INFO - Mean validation loss: 0.02038014531135559
2024-07-08 23:30:48,473 - INFO - Epoch 228
-------------------------------
2024-07-08 23:31:01,269 - INFO - Mean training loss: 0.01238380844394366
2024-07-08 23:31:06,467 - INFO - Mean validation loss: 0.02151946226755778
2024-07-08 23:31:06,467 - INFO - Epoch 229
-------------------------------
2024-07-08 23:31:19,302 - INFO - Mean training loss: 0.0122862891604503
2024-07-08 23:31:24,633 - INFO - Mean validation loss: 0.02006159027417501
2024-07-08 23:31:24,634 - INFO - Epoch 230
-------------------------------
2024-07-08 23:31:37,253 - INFO - Mean training loss: 0.012816633656620979
2024-07-08 23:31:42,353 - INFO - Mean validation loss: 0.020023415486017864
2024-07-08 23:31:42,354 - INFO - Epoch 231
-------------------------------
2024-07-08 23:31:55,156 - INFO - Mean training loss: 0.013065296784043312
2024-07-08 23:32:00,625 - INFO - Mean validation loss: 0.021583243211110433
2024-07-08 23:32:00,626 - INFO - Epoch 232
-------------------------------
2024-07-08 23:32:13,360 - INFO - Mean training loss: 0.013466145594914753
2024-07-08 23:32:18,947 - INFO - Mean validation loss: 0.02000347077846527
2024-07-08 23:32:18,947 - INFO - Epoch 233
-------------------------------
2024-07-08 23:32:31,527 - INFO - Mean training loss: 0.013254003102580706
2024-07-08 23:32:37,002 - INFO - Mean validation loss: 0.020190452535947163
2024-07-08 23:32:37,003 - INFO - Epoch 234
-------------------------------
2024-07-08 23:32:50,230 - INFO - Mean training loss: 0.013139009351531665
2024-07-08 23:32:55,650 - INFO - Mean validation loss: 0.020646138985951742
2024-07-08 23:32:55,651 - INFO - Epoch 235
-------------------------------
2024-07-08 23:33:08,413 - INFO - Mean training loss: 0.01342848278582096
2024-07-08 23:33:14,179 - INFO - Mean validation loss: 0.020437331994374593
2024-07-08 23:33:14,179 - INFO - Epoch 236
-------------------------------
2024-07-08 23:33:27,879 - INFO - Mean training loss: 0.013046096016963323
2024-07-08 23:33:33,754 - INFO - Mean validation loss: 0.019673094153404236
2024-07-08 23:33:33,755 - INFO - Epoch 237
-------------------------------
2024-07-08 23:33:46,444 - INFO - Mean training loss: 0.013023760914802552
2024-07-08 23:33:51,846 - INFO - Mean validation loss: 0.02015358805656433
2024-07-08 23:33:51,847 - INFO - Epoch 238
-------------------------------
2024-07-08 23:34:05,418 - INFO - Mean training loss: 0.012576097995042801
2024-07-08 23:34:10,603 - INFO - Mean validation loss: 0.0204959640900294
2024-07-08 23:34:10,604 - INFO - Epoch 239
-------------------------------
2024-07-08 23:34:23,935 - INFO - Mean training loss: 0.011938665434718132
2024-07-08 23:34:29,374 - INFO - Mean validation loss: 0.020135432481765747
2024-07-08 23:34:29,375 - INFO - Epoch 240
-------------------------------
2024-07-08 23:34:42,919 - INFO - Mean training loss: 0.011706668386856715
2024-07-08 23:34:48,344 - INFO - Mean validation loss: 0.020181570450464884
2024-07-08 23:34:48,345 - INFO - Epoch 241
-------------------------------
2024-07-08 23:35:00,962 - INFO - Mean training loss: 0.011644125108917554
2024-07-08 23:35:06,727 - INFO - Mean validation loss: 0.01967984636624654
2024-07-08 23:35:06,728 - INFO - Epoch 242
-------------------------------
2024-07-08 23:35:19,826 - INFO - Mean training loss: 0.011826528732975324
2024-07-08 23:35:25,556 - INFO - Mean validation loss: 0.02058847447236379
2024-07-08 23:35:25,557 - INFO - Epoch 243
-------------------------------
2024-07-08 23:35:38,418 - INFO - Mean training loss: 0.012111800660689672
2024-07-08 23:35:43,669 - INFO - Mean validation loss: 0.020639896392822266
2024-07-08 23:35:43,670 - INFO - Epoch 244
-------------------------------
2024-07-08 23:35:56,686 - INFO - Mean training loss: 0.012389195337891578
2024-07-08 23:36:01,752 - INFO - Mean validation loss: 0.020823817451794943
2024-07-08 23:36:01,752 - INFO - Epoch 245
-------------------------------
2024-07-08 23:36:15,534 - INFO - Mean training loss: 0.012367815896868705
2024-07-08 23:36:21,630 - INFO - Mean validation loss: 0.021840999523798626
2024-07-08 23:36:21,630 - INFO - Epoch 246
-------------------------------
2024-07-08 23:36:34,663 - INFO - Mean training loss: 0.012398090337713559
2024-07-08 23:36:39,766 - INFO - Mean validation loss: 0.020626479387283327
2024-07-08 23:36:39,767 - INFO - Epoch 247
-------------------------------
2024-07-08 23:36:53,478 - INFO - Mean training loss: 0.012121821567416192
2024-07-08 23:36:58,894 - INFO - Mean validation loss: 0.02094319760799408
2024-07-08 23:36:58,895 - INFO - Epoch 248
-------------------------------
2024-07-08 23:37:11,679 - INFO - Mean training loss: 0.01205650120973587
2024-07-08 23:37:16,749 - INFO - Mean validation loss: 0.02003552218278249
2024-07-08 23:37:16,749 - INFO - Epoch 249
-------------------------------
2024-07-08 23:37:30,477 - INFO - Mean training loss: 0.011793567116061847
2024-07-08 23:37:36,247 - INFO - Mean validation loss: 0.02042973538239797
2024-07-08 23:37:36,247 - INFO - Epoch 250
-------------------------------
2024-07-08 23:37:48,810 - INFO - Mean training loss: 0.011753514657417934
2024-07-08 23:37:54,119 - INFO - Mean validation loss: 0.020703243215878804
2024-07-08 23:37:54,120 - INFO - Epoch 251
-------------------------------
2024-07-08 23:38:07,160 - INFO - Mean training loss: 0.011528949066996575
2024-07-08 23:38:12,939 - INFO - Mean validation loss: 0.020494489868481954
2024-07-08 23:38:12,940 - INFO - Epoch 252
-------------------------------
2024-07-08 23:38:25,779 - INFO - Mean training loss: 0.011286672204732895
2024-07-08 23:38:30,805 - INFO - Mean validation loss: 0.02101646860440572
2024-07-08 23:38:30,806 - INFO - Epoch 253
-------------------------------
2024-07-08 23:38:43,628 - INFO - Mean training loss: 0.011216140414277712
2024-07-08 23:38:48,750 - INFO - Mean validation loss: 0.020669082800547283
2024-07-08 23:38:48,750 - INFO - Epoch 254
-------------------------------
2024-07-08 23:39:01,928 - INFO - Mean training loss: 0.011343574275573094
2024-07-08 23:39:06,958 - INFO - Mean validation loss: 0.02007186015446981
2024-07-08 23:39:06,958 - INFO - Epoch 255
-------------------------------
2024-07-08 23:39:19,612 - INFO - Mean training loss: 0.01108431505660216
2024-07-08 23:39:24,722 - INFO - Mean validation loss: 0.02128986716270447
2024-07-08 23:39:24,723 - INFO - Epoch 256
-------------------------------
2024-07-08 23:39:37,180 - INFO - Mean training loss: 0.011007596676548322
2024-07-08 23:39:42,931 - INFO - Mean validation loss: 0.02070725758870443
2024-07-08 23:39:42,932 - INFO - Epoch 257
-------------------------------
2024-07-08 23:39:55,917 - INFO - Mean training loss: 0.011012531196077665
2024-07-08 23:40:01,379 - INFO - Mean validation loss: 0.021882855892181398
2024-07-08 23:40:01,379 - INFO - Epoch 258
-------------------------------
2024-07-08 23:40:14,390 - INFO - Mean training loss: 0.01133231185376644
2024-07-08 23:40:19,533 - INFO - Mean validation loss: 0.021322766939798992
2024-07-08 23:40:19,534 - INFO - Epoch 259
-------------------------------
2024-07-08 23:40:31,947 - INFO - Mean training loss: 0.012102524563670159
2024-07-08 23:40:37,753 - INFO - Mean validation loss: 0.020017159978548686
2024-07-08 23:40:37,754 - INFO - Epoch 260
-------------------------------
2024-07-08 23:40:50,395 - INFO - Mean training loss: 0.011866063748796781
2024-07-08 23:40:55,788 - INFO - Mean validation loss: 0.02085864245891571
2024-07-08 23:40:55,788 - INFO - Epoch 261
-------------------------------
2024-07-08 23:41:08,968 - INFO - Mean training loss: 0.011573487644394238
2024-07-08 23:41:14,009 - INFO - Mean validation loss: 0.020491238435109457
2024-07-08 23:41:14,010 - INFO - Epoch 262
-------------------------------
2024-07-08 23:41:26,395 - INFO - Mean training loss: 0.011461787174145381
2024-07-08 23:41:31,589 - INFO - Mean validation loss: 0.020292158921559653
2024-07-08 23:41:31,589 - INFO - Epoch 263
-------------------------------
2024-07-08 23:41:44,021 - INFO - Mean training loss: 0.011251324911912282
2024-07-08 23:41:49,222 - INFO - Mean validation loss: 0.020855650305747986
2024-07-08 23:41:49,222 - INFO - Epoch 264
-------------------------------
2024-07-08 23:42:01,859 - INFO - Mean training loss: 0.011427186553676923
2024-07-08 23:42:07,344 - INFO - Mean validation loss: 0.021184956034024555
2024-07-08 23:42:07,345 - INFO - Epoch 265
-------------------------------
2024-07-08 23:42:19,950 - INFO - Mean training loss: 0.011847324048479399
2024-07-08 23:42:25,776 - INFO - Mean validation loss: 0.02037653625011444
2024-07-08 23:42:25,776 - INFO - Epoch 266
-------------------------------
2024-07-08 23:42:38,632 - INFO - Mean training loss: 0.011931967735290528
2024-07-08 23:42:44,357 - INFO - Mean validation loss: 0.020929218331972758
2024-07-08 23:42:44,357 - INFO - Epoch 267
-------------------------------
2024-07-08 23:42:56,711 - INFO - Mean training loss: 0.011648371443152427
2024-07-08 23:43:02,367 - INFO - Mean validation loss: 0.020764140288035075
2024-07-08 23:43:02,368 - INFO - Epoch 268
-------------------------------
2024-07-08 23:43:15,133 - INFO - Mean training loss: 0.01130374235411485
2024-07-08 23:43:21,353 - INFO - Mean validation loss: 0.02118861675262451
2024-07-08 23:43:21,354 - INFO - Epoch 269
-------------------------------
2024-07-08 23:43:33,889 - INFO - Mean training loss: 0.01081267073750496
2024-07-08 23:43:39,286 - INFO - Mean validation loss: 0.020916971564292907
2024-07-08 23:43:39,287 - INFO - Epoch 270
-------------------------------
2024-07-08 23:43:53,014 - INFO - Mean training loss: 0.010698161025842031
2024-07-08 23:43:58,354 - INFO - Mean validation loss: 0.021350707610448202
2024-07-08 23:43:58,355 - INFO - Epoch 271
-------------------------------
2024-07-08 23:44:11,128 - INFO - Mean training loss: 0.010559349755446116
2024-07-08 23:44:16,162 - INFO - Mean validation loss: 0.02104038596153259
2024-07-08 23:44:16,162 - INFO - Epoch 272
-------------------------------
2024-07-08 23:44:29,088 - INFO - Mean training loss: 0.010251948982477188
2024-07-08 23:44:34,147 - INFO - Mean validation loss: 0.021616909901301065
2024-07-08 23:44:34,148 - INFO - Epoch 273
-------------------------------
2024-07-08 23:44:47,487 - INFO - Mean training loss: 0.010292875021696091
2024-07-08 23:44:52,502 - INFO - Mean validation loss: 0.0202070156733195
2024-07-08 23:44:52,503 - INFO - Epoch 274
-------------------------------
2024-07-08 23:45:05,996 - INFO - Mean training loss: 0.010146394620339077
2024-07-08 23:45:11,079 - INFO - Mean validation loss: 0.021178754170735677
2024-07-08 23:45:11,080 - INFO - Epoch 275
-------------------------------
2024-07-08 23:45:25,086 - INFO - Mean training loss: 0.010314230124155681
2024-07-08 23:45:30,157 - INFO - Mean validation loss: 0.021298120419184368
2024-07-08 23:45:30,157 - INFO - Epoch 276
-------------------------------
2024-07-08 23:45:43,697 - INFO - Mean training loss: 0.010723058631022771
2024-07-08 23:45:48,842 - INFO - Mean validation loss: 0.021441996097564697
2024-07-08 23:45:48,843 - INFO - Epoch 277
-------------------------------
2024-07-08 23:46:01,838 - INFO - Mean training loss: 0.011836846421162287
2024-07-08 23:46:07,042 - INFO - Mean validation loss: 0.021136903762817384
2024-07-08 23:46:07,043 - INFO - Epoch 278
-------------------------------
2024-07-08 23:46:19,406 - INFO - Mean training loss: 0.012018770972887675
2024-07-08 23:46:24,775 - INFO - Mean validation loss: 0.021098599831263224
2024-07-08 23:46:24,776 - INFO - Epoch 279
-------------------------------
2024-07-08 23:46:38,524 - INFO - Mean training loss: 0.011707077796260516
2024-07-08 23:46:43,836 - INFO - Mean validation loss: 0.02137313981850942
2024-07-08 23:46:43,837 - INFO - Epoch 280
-------------------------------
2024-07-08 23:46:56,584 - INFO - Mean training loss: 0.011361071715752284
2024-07-08 23:47:01,805 - INFO - Mean validation loss: 0.021700250109036763
2024-07-08 23:47:01,806 - INFO - Epoch 281
-------------------------------
2024-07-08 23:47:15,541 - INFO - Mean training loss: 0.011096196870009104
2024-07-08 23:47:20,850 - INFO - Mean validation loss: 0.0209840456644694
2024-07-08 23:47:20,850 - INFO - Epoch 282
-------------------------------
2024-07-08 23:47:33,688 - INFO - Mean training loss: 0.010768598069747289
2024-07-08 23:47:39,015 - INFO - Mean validation loss: 0.02143308718999227
2024-07-08 23:47:39,016 - INFO - Epoch 283
-------------------------------
2024-07-08 23:47:51,623 - INFO - Mean training loss: 0.01058272086083889
2024-07-08 23:47:56,792 - INFO - Mean validation loss: 0.021714035669962564
2024-07-08 23:47:56,793 - INFO - Epoch 284
-------------------------------
2024-07-08 23:48:09,380 - INFO - Mean training loss: 0.010578520471851031
2024-07-08 23:48:14,660 - INFO - Mean validation loss: 0.02149872581164042
2024-07-08 23:48:14,660 - INFO - Epoch 285
-------------------------------
2024-07-08 23:48:28,011 - INFO - Mean training loss: 0.010699582969148953
2024-07-08 23:48:33,809 - INFO - Mean validation loss: 0.022207858165105183
2024-07-08 23:48:33,810 - INFO - Epoch 286
-------------------------------
2024-07-08 23:48:47,354 - INFO - Mean training loss: 0.01077789415915807
2024-07-08 23:48:52,757 - INFO - Mean validation loss: 0.0216110626856486
2024-07-08 23:48:52,758 - INFO - Epoch 287
-------------------------------
2024-07-08 23:49:05,147 - INFO - Mean training loss: 0.010948462039232254
2024-07-08 23:49:10,353 - INFO - Mean validation loss: 0.02137724161148071
2024-07-08 23:49:10,354 - INFO - Epoch 288
-------------------------------
2024-07-08 23:49:23,535 - INFO - Mean training loss: 0.010638228555520376
2024-07-08 23:49:29,016 - INFO - Mean validation loss: 0.022284255425135294
2024-07-08 23:49:29,016 - INFO - Epoch 289
-------------------------------
2024-07-08 23:49:41,794 - INFO - Mean training loss: 0.010607193782925605
2024-07-08 23:49:47,621 - INFO - Mean validation loss: 0.021169000864028932
2024-07-08 23:49:47,621 - INFO - Epoch 290
-------------------------------
2024-07-08 23:50:00,990 - INFO - Mean training loss: 0.010583723336458207
2024-07-08 23:50:06,275 - INFO - Mean validation loss: 0.021289850274721783
2024-07-08 23:50:06,276 - INFO - Epoch 291
-------------------------------
2024-07-08 23:50:18,838 - INFO - Mean training loss: 0.01044199454287688
2024-07-08 23:50:24,091 - INFO - Mean validation loss: 0.021736019849777223
2024-07-08 23:50:24,091 - INFO - Epoch 292
-------------------------------
2024-07-08 23:50:37,017 - INFO - Mean training loss: 0.010519465804100037
2024-07-08 23:50:42,285 - INFO - Mean validation loss: 0.020937014619509378
2024-07-08 23:50:42,286 - INFO - Epoch 293
-------------------------------
2024-07-08 23:50:54,712 - INFO - Mean training loss: 0.010405360286434491
2024-07-08 23:50:59,749 - INFO - Mean validation loss: 0.022377818822860718
2024-07-08 23:50:59,750 - INFO - Epoch 294
-------------------------------
2024-07-08 23:51:12,580 - INFO - Mean training loss: 0.010598623504241308
2024-07-08 23:51:18,215 - INFO - Mean validation loss: 0.022063926855723063
2024-07-08 23:51:18,216 - INFO - Epoch 295
-------------------------------
2024-07-08 23:51:30,550 - INFO - Mean training loss: 0.011393928403655688
2024-07-08 23:51:35,741 - INFO - Mean validation loss: 0.0203616867462794
2024-07-08 23:51:35,741 - INFO - Epoch 296
-------------------------------
2024-07-08 23:51:48,356 - INFO - Mean training loss: 0.011289645358920098
2024-07-08 23:51:53,808 - INFO - Mean validation loss: 0.0205573707818985
2024-07-08 23:51:53,809 - INFO - Epoch 297
-------------------------------
2024-07-08 23:52:06,980 - INFO - Mean training loss: 0.010786648218830427
2024-07-08 23:52:12,600 - INFO - Mean validation loss: 0.021942418813705445
2024-07-08 23:52:12,601 - INFO - Epoch 298
-------------------------------
2024-07-08 23:52:25,632 - INFO - Mean training loss: 0.010305960973103842
2024-07-08 23:52:30,865 - INFO - Mean validation loss: 0.021873817841211955
2024-07-08 23:52:30,865 - INFO - Epoch 299
-------------------------------
2024-07-08 23:52:44,208 - INFO - Mean training loss: 0.010003010431925455
2024-07-08 23:52:49,478 - INFO - Mean validation loss: 0.021473257740338644
2024-07-08 23:52:49,479 - INFO - Training Finished
