2024-10-18 22:05:03,080 - INFO - NOTE: None
2024-10-18 22:05:03,081 - INFO - Torch, random, numpy seed: 88
2024-10-18 22:05:03,864 - INFO - load model from: /home/nikoskot/earthnetThesis/swin_tiny_patch244_window877_kinetics400_1k.pth
2024-10-18 22:05:03,947 - INFO - _IncompatibleKeys(missing_keys=['encoder.layers.0.blocks.0.attn.relative_position_index', 'encoder.layers.0.blocks.1.attn.relative_position_index', 'encoder.layers.1.blocks.0.attn.relative_position_index', 'encoder.layers.1.blocks.1.attn.relative_position_index', 'decoder.layers.0.blocks.0.norm1.weight', 'decoder.layers.0.blocks.0.norm1.bias', 'decoder.layers.0.blocks.0.attn.relative_position_bias_table', 'decoder.layers.0.blocks.0.attn.relative_position_index', 'decoder.layers.0.blocks.0.attn.qkv.weight', 'decoder.layers.0.blocks.0.attn.qkv.bias', 'decoder.layers.0.blocks.0.attn.proj.weight', 'decoder.layers.0.blocks.0.attn.proj.bias', 'decoder.layers.0.blocks.0.norm2.weight', 'decoder.layers.0.blocks.0.norm2.bias', 'decoder.layers.0.blocks.0.mlp.fc1.weight', 'decoder.layers.0.blocks.0.mlp.fc1.bias', 'decoder.layers.0.blocks.0.mlp.fc2.weight', 'decoder.layers.0.blocks.0.mlp.fc2.bias', 'decoder.layers.0.blocks.1.norm1.weight', 'decoder.layers.0.blocks.1.norm1.bias', 'decoder.layers.0.blocks.1.attn.relative_position_bias_table', 'decoder.layers.0.blocks.1.attn.relative_position_index', 'decoder.layers.0.blocks.1.attn.qkv.weight', 'decoder.layers.0.blocks.1.attn.qkv.bias', 'decoder.layers.0.blocks.1.attn.proj.weight', 'decoder.layers.0.blocks.1.attn.proj.bias', 'decoder.layers.0.blocks.1.norm2.weight', 'decoder.layers.0.blocks.1.norm2.bias', 'decoder.layers.0.blocks.1.mlp.fc1.weight', 'decoder.layers.0.blocks.1.mlp.fc1.bias', 'decoder.layers.0.blocks.1.mlp.fc2.weight', 'decoder.layers.0.blocks.1.mlp.fc2.bias', 'decoder.layers.0.upsample.conv.weight', 'decoder.layers.0.upsample.conv.bias', 'decoder.layers.0.upsample.norm.weight', 'decoder.layers.0.upsample.norm.bias', 'decoder.layers.1.blocks.0.norm1.weight', 'decoder.layers.1.blocks.0.norm1.bias', 'decoder.layers.1.blocks.0.attn.relative_position_bias_table', 'decoder.layers.1.blocks.0.attn.relative_position_index', 'decoder.layers.1.blocks.0.attn.qkv.weight', 'decoder.layers.1.blocks.0.attn.qkv.bias', 'decoder.layers.1.blocks.0.attn.proj.weight', 'decoder.layers.1.blocks.0.attn.proj.bias', 'decoder.layers.1.blocks.0.norm2.weight', 'decoder.layers.1.blocks.0.norm2.bias', 'decoder.layers.1.blocks.0.mlp.fc1.weight', 'decoder.layers.1.blocks.0.mlp.fc1.bias', 'decoder.layers.1.blocks.0.mlp.fc2.weight', 'decoder.layers.1.blocks.0.mlp.fc2.bias', 'decoder.layers.1.blocks.1.norm1.weight', 'decoder.layers.1.blocks.1.norm1.bias', 'decoder.layers.1.blocks.1.attn.relative_position_bias_table', 'decoder.layers.1.blocks.1.attn.relative_position_index', 'decoder.layers.1.blocks.1.attn.qkv.weight', 'decoder.layers.1.blocks.1.attn.qkv.bias', 'decoder.layers.1.blocks.1.attn.proj.weight', 'decoder.layers.1.blocks.1.attn.proj.bias', 'decoder.layers.1.blocks.1.norm2.weight', 'decoder.layers.1.blocks.1.norm2.bias', 'decoder.layers.1.blocks.1.mlp.fc1.weight', 'decoder.layers.1.blocks.1.mlp.fc1.bias', 'decoder.layers.1.blocks.1.mlp.fc2.weight', 'decoder.layers.1.blocks.1.mlp.fc2.bias', 'head.conv1.weight', 'head.conv1.bias', 'head.conv2.weight', 'head.conv2.bias', 'head.conv3.weight', 'head.conv3.bias'], unexpected_keys=['encoder.layers.2.downsample.reduction.weight', 'encoder.layers.2.downsample.norm.weight', 'encoder.layers.2.downsample.norm.bias', 'encoder.layers.2.blocks.0.norm1.weight', 'encoder.layers.2.blocks.0.norm1.bias', 'encoder.layers.2.blocks.0.attn.qkv.weight', 'encoder.layers.2.blocks.0.attn.qkv.bias', 'encoder.layers.2.blocks.0.attn.proj.weight', 'encoder.layers.2.blocks.0.attn.proj.bias', 'encoder.layers.2.blocks.0.norm2.weight', 'encoder.layers.2.blocks.0.norm2.bias', 'encoder.layers.2.blocks.0.mlp.fc1.weight', 'encoder.layers.2.blocks.0.mlp.fc1.bias', 'encoder.layers.2.blocks.0.mlp.fc2.weight', 'encoder.layers.2.blocks.0.mlp.fc2.bias', 'encoder.layers.2.blocks.1.norm1.weight', 'encoder.layers.2.blocks.1.norm1.bias', 'encoder.layers.2.blocks.1.attn.qkv.weight', 'encoder.layers.2.blocks.1.attn.qkv.bias', 'encoder.layers.2.blocks.1.attn.proj.weight', 'encoder.layers.2.blocks.1.attn.proj.bias', 'encoder.layers.2.blocks.1.norm2.weight', 'encoder.layers.2.blocks.1.norm2.bias', 'encoder.layers.2.blocks.1.mlp.fc1.weight', 'encoder.layers.2.blocks.1.mlp.fc1.bias', 'encoder.layers.2.blocks.1.mlp.fc2.weight', 'encoder.layers.2.blocks.1.mlp.fc2.bias', 'encoder.layers.2.blocks.2.norm1.weight', 'encoder.layers.2.blocks.2.norm1.bias', 'encoder.layers.2.blocks.2.attn.qkv.weight', 'encoder.layers.2.blocks.2.attn.qkv.bias', 'encoder.layers.2.blocks.2.attn.proj.weight', 'encoder.layers.2.blocks.2.attn.proj.bias', 'encoder.layers.2.blocks.2.norm2.weight', 'encoder.layers.2.blocks.2.norm2.bias', 'encoder.layers.2.blocks.2.mlp.fc1.weight', 'encoder.layers.2.blocks.2.mlp.fc1.bias', 'encoder.layers.2.blocks.2.mlp.fc2.weight', 'encoder.layers.2.blocks.2.mlp.fc2.bias', 'encoder.layers.2.blocks.3.norm1.weight', 'encoder.layers.2.blocks.3.norm1.bias', 'encoder.layers.2.blocks.3.attn.qkv.weight', 'encoder.layers.2.blocks.3.attn.qkv.bias', 'encoder.layers.2.blocks.3.attn.proj.weight', 'encoder.layers.2.blocks.3.attn.proj.bias', 'encoder.layers.2.blocks.3.norm2.weight', 'encoder.layers.2.blocks.3.norm2.bias', 'encoder.layers.2.blocks.3.mlp.fc1.weight', 'encoder.layers.2.blocks.3.mlp.fc1.bias', 'encoder.layers.2.blocks.3.mlp.fc2.weight', 'encoder.layers.2.blocks.3.mlp.fc2.bias', 'encoder.layers.2.blocks.4.norm1.weight', 'encoder.layers.2.blocks.4.norm1.bias', 'encoder.layers.2.blocks.4.attn.qkv.weight', 'encoder.layers.2.blocks.4.attn.qkv.bias', 'encoder.layers.2.blocks.4.attn.proj.weight', 'encoder.layers.2.blocks.4.attn.proj.bias', 'encoder.layers.2.blocks.4.norm2.weight', 'encoder.layers.2.blocks.4.norm2.bias', 'encoder.layers.2.blocks.4.mlp.fc1.weight', 'encoder.layers.2.blocks.4.mlp.fc1.bias', 'encoder.layers.2.blocks.4.mlp.fc2.weight', 'encoder.layers.2.blocks.4.mlp.fc2.bias', 'encoder.layers.2.blocks.5.norm1.weight', 'encoder.layers.2.blocks.5.norm1.bias', 'encoder.layers.2.blocks.5.attn.qkv.weight', 'encoder.layers.2.blocks.5.attn.qkv.bias', 'encoder.layers.2.blocks.5.attn.proj.weight', 'encoder.layers.2.blocks.5.attn.proj.bias', 'encoder.layers.2.blocks.5.norm2.weight', 'encoder.layers.2.blocks.5.norm2.bias', 'encoder.layers.2.blocks.5.mlp.fc1.weight', 'encoder.layers.2.blocks.5.mlp.fc1.bias', 'encoder.layers.2.blocks.5.mlp.fc2.weight', 'encoder.layers.2.blocks.5.mlp.fc2.bias', 'encoder.layers.3.downsample.reduction.weight', 'encoder.layers.3.downsample.norm.weight', 'encoder.layers.3.downsample.norm.bias'])
2024-10-18 22:05:03,947 - INFO - => loaded successfully '/home/nikoskot/earthnetThesis/swin_tiny_patch244_window877_kinetics400_1k.pth'
2024-10-18 22:05:05,078 - INFO - Starting training from from epoch 1
2024-10-18 22:05:14,202 - INFO - Epoch 1
-------------------------------
2024-10-18 22:05:14,202 - INFO - Learning Rate of group 0: 0.0
2024-10-18 22:05:14,202 - INFO - Learning Rate of group 1: 0.0
2024-10-18 22:54:14,497 - INFO - Maximum gradient before clipping: 0.25967055559158325
2024-10-18 22:54:14,497 - INFO - Minimum gradient before clipping: -0.14830118417739868
2024-10-18 22:54:14,498 - INFO - Mean training L1 loss: 0.15450417510900274
2024-10-18 22:54:14,498 - INFO - Mean training SSIM loss: 0.999810582646163
2024-10-18 22:54:14,498 - INFO - Mean training MSE loss: 0.0
2024-10-18 22:54:14,498 - INFO - Mean training VGG loss: 0.0
2024-10-18 22:58:16,479 - INFO - Mean validation L1 loss: 0.15722186235480484
2024-10-18 22:58:16,480 - INFO - Mean validation SSIM loss: 0.9998295802535819
2024-10-18 22:58:16,480 - INFO - Mean validation MSE loss: 0.0
2024-10-18 22:58:16,480 - INFO - Mean validation VGG loss: 0.0
2024-10-18 22:58:17,048 - INFO - New best validation Loss 0.15722186235480484, at epoch 1
2024-10-18 22:58:17,607 - INFO - Epoch 2
-------------------------------
2024-10-18 22:58:17,607 - INFO - Learning Rate of group 0: 5e-05
2024-10-18 22:58:17,607 - INFO - Learning Rate of group 1: 2e-05
2024-10-18 23:47:09,938 - INFO - Maximum gradient before clipping: 1.4539375305175781
2024-10-18 23:47:09,939 - INFO - Minimum gradient before clipping: -1.4878590106964111
2024-10-18 23:47:09,939 - INFO - Mean training L1 loss: 0.04198172975865955
2024-10-18 23:47:09,939 - INFO - Mean training SSIM loss: 0.9697453578063904
2024-10-18 23:47:09,940 - INFO - Mean training MSE loss: 0.0
2024-10-18 23:47:09,940 - INFO - Mean training VGG loss: 0.0
2024-10-18 23:51:12,278 - INFO - Mean validation L1 loss: 0.03874393749396538
2024-10-18 23:51:12,279 - INFO - Mean validation SSIM loss: 0.9543349352169994
2024-10-18 23:51:12,279 - INFO - Mean validation MSE loss: 0.0
2024-10-18 23:51:12,279 - INFO - Mean validation VGG loss: 0.0
2024-10-18 23:51:12,812 - INFO - New best validation Loss 0.03874393749396538, at epoch 2
2024-10-18 23:51:13,345 - INFO - Epoch 3
-------------------------------
2024-10-18 23:51:13,345 - INFO - Learning Rate of group 0: 0.0001
2024-10-18 23:51:13,345 - INFO - Learning Rate of group 1: 4e-05
2024-10-19 00:40:09,227 - INFO - Maximum gradient before clipping: 2.449899196624756
2024-10-19 00:40:09,228 - INFO - Minimum gradient before clipping: -2.2414777278900146
2024-10-19 00:40:09,229 - INFO - Mean training L1 loss: 0.03626956736855131
2024-10-19 00:40:09,229 - INFO - Mean training SSIM loss: 0.9354936823292489
2024-10-19 00:40:09,229 - INFO - Mean training MSE loss: 0.0
2024-10-19 00:40:09,229 - INFO - Mean training VGG loss: 0.0
2024-10-19 00:44:11,151 - INFO - Mean validation L1 loss: 0.034176562009472715
2024-10-19 00:44:11,151 - INFO - Mean validation SSIM loss: 0.9168108391721911
2024-10-19 00:44:11,151 - INFO - Mean validation MSE loss: 0.0
2024-10-19 00:44:11,151 - INFO - Mean validation VGG loss: 0.0
2024-10-19 00:44:11,766 - INFO - New best validation Loss 0.034176562009472715, at epoch 3
2024-10-19 00:44:12,333 - INFO - Epoch 4
-------------------------------
2024-10-19 00:44:12,333 - INFO - Learning Rate of group 0: 0.00015
2024-10-19 00:44:12,333 - INFO - Learning Rate of group 1: 6e-05
2024-10-19 01:33:06,503 - INFO - Maximum gradient before clipping: 2.503329038619995
2024-10-19 01:33:06,503 - INFO - Minimum gradient before clipping: -3.631866216659546
2024-10-19 01:33:06,504 - INFO - Mean training L1 loss: 0.03277149289964832
2024-10-19 01:33:06,504 - INFO - Mean training SSIM loss: 0.8983611702071429
2024-10-19 01:33:06,504 - INFO - Mean training MSE loss: 0.0
2024-10-19 01:33:06,504 - INFO - Mean training VGG loss: 0.0
2024-10-19 01:37:08,721 - INFO - Mean validation L1 loss: 0.030929773223639333
2024-10-19 01:37:08,722 - INFO - Mean validation SSIM loss: 0.8837973436583644
2024-10-19 01:37:08,722 - INFO - Mean validation MSE loss: 0.0
2024-10-19 01:37:08,722 - INFO - Mean validation VGG loss: 0.0
2024-10-19 01:37:09,423 - INFO - New best validation Loss 0.030929773223639333, at epoch 4
2024-10-19 01:37:10,007 - INFO - Epoch 5
-------------------------------
2024-10-19 01:37:10,008 - INFO - Learning Rate of group 0: 0.0002
2024-10-19 01:37:10,008 - INFO - Learning Rate of group 1: 8e-05
2024-10-19 02:26:06,014 - INFO - Maximum gradient before clipping: 3.231739044189453
2024-10-19 02:26:06,014 - INFO - Minimum gradient before clipping: -3.6223092079162598
2024-10-19 02:26:06,015 - INFO - Mean training L1 loss: 0.02998974311992445
2024-10-19 02:26:06,015 - INFO - Mean training SSIM loss: 0.8695863946268918
2024-10-19 02:26:06,015 - INFO - Mean training MSE loss: 0.0
2024-10-19 02:26:06,015 - INFO - Mean training VGG loss: 0.0
2024-10-19 02:30:08,168 - INFO - Mean validation L1 loss: 0.032530533271315304
2024-10-19 02:30:08,169 - INFO - Mean validation SSIM loss: 0.8677470304296169
2024-10-19 02:30:08,169 - INFO - Mean validation MSE loss: 0.0
2024-10-19 02:30:08,169 - INFO - Mean validation VGG loss: 0.0
2024-10-19 02:30:08,729 - INFO - Epoch 6
-------------------------------
2024-10-19 02:30:08,729 - INFO - Learning Rate of group 0: 0.00025
2024-10-19 02:30:08,729 - INFO - Learning Rate of group 1: 0.0001
2024-10-19 03:19:04,692 - INFO - Maximum gradient before clipping: 3.8365252017974854
2024-10-19 03:19:04,692 - INFO - Minimum gradient before clipping: -5.101834297180176
2024-10-19 03:19:04,693 - INFO - Mean training L1 loss: 0.028956750191246453
2024-10-19 03:19:04,693 - INFO - Mean training SSIM loss: 0.8552041889134434
2024-10-19 03:19:04,693 - INFO - Mean training MSE loss: 0.0
2024-10-19 03:19:04,693 - INFO - Mean training VGG loss: 0.0
2024-10-19 03:23:06,897 - INFO - Mean validation L1 loss: 0.027306822461876584
2024-10-19 03:23:06,898 - INFO - Mean validation SSIM loss: 0.8318032710049862
2024-10-19 03:23:06,898 - INFO - Mean validation MSE loss: 0.0
2024-10-19 03:23:06,898 - INFO - Mean validation VGG loss: 0.0
2024-10-19 03:23:07,545 - INFO - New best validation Loss 0.027306822461876584, at epoch 6
2024-10-19 03:23:08,136 - INFO - Epoch 7
-------------------------------
2024-10-19 03:23:08,136 - INFO - Learning Rate of group 0: 0.0003
2024-10-19 03:23:08,136 - INFO - Learning Rate of group 1: 0.00012
2024-10-19 04:12:02,201 - INFO - Maximum gradient before clipping: 4.073637008666992
2024-10-19 04:12:02,202 - INFO - Minimum gradient before clipping: -4.997762680053711
2024-10-19 04:12:02,203 - INFO - Mean training L1 loss: 0.02808701046066696
2024-10-19 04:12:02,203 - INFO - Mean training SSIM loss: 0.843885727753354
2024-10-19 04:12:02,203 - INFO - Mean training MSE loss: 0.0
2024-10-19 04:12:02,203 - INFO - Mean training VGG loss: 0.0
2024-10-19 04:16:04,197 - INFO - Mean validation L1 loss: 0.025644756999975662
2024-10-19 04:16:04,198 - INFO - Mean validation SSIM loss: 0.820858644900912
2024-10-19 04:16:04,198 - INFO - Mean validation MSE loss: 0.0
2024-10-19 04:16:04,198 - INFO - Mean validation VGG loss: 0.0
2024-10-19 04:16:04,841 - INFO - New best validation Loss 0.025644756999975662, at epoch 7
2024-10-19 04:16:05,472 - INFO - Epoch 8
-------------------------------
2024-10-19 04:16:05,473 - INFO - Learning Rate of group 0: 0.00035
2024-10-19 04:16:05,473 - INFO - Learning Rate of group 1: 0.00014
2024-10-19 05:05:00,942 - INFO - Maximum gradient before clipping: 4.448362350463867
2024-10-19 05:05:00,943 - INFO - Minimum gradient before clipping: -6.584511756896973
2024-10-19 05:05:00,943 - INFO - Mean training L1 loss: 0.027467403930913
2024-10-19 05:05:00,944 - INFO - Mean training SSIM loss: 0.8339933004403204
2024-10-19 05:05:00,944 - INFO - Mean training MSE loss: 0.0
2024-10-19 05:05:00,944 - INFO - Mean training VGG loss: 0.0
2024-10-19 05:09:03,155 - INFO - Mean validation L1 loss: 0.02649853674439483
2024-10-19 05:09:03,156 - INFO - Mean validation SSIM loss: 0.8074084290094599
2024-10-19 05:09:03,156 - INFO - Mean validation MSE loss: 0.0
2024-10-19 05:09:03,156 - INFO - Mean validation VGG loss: 0.0
2024-10-19 05:09:03,710 - INFO - Epoch 9
-------------------------------
2024-10-19 05:09:03,710 - INFO - Learning Rate of group 0: 0.0004
2024-10-19 05:09:03,710 - INFO - Learning Rate of group 1: 0.00016
2024-10-19 05:57:58,704 - INFO - Maximum gradient before clipping: 4.9010009765625
2024-10-19 05:57:58,705 - INFO - Minimum gradient before clipping: -7.218082904815674
2024-10-19 05:57:58,706 - INFO - Mean training L1 loss: 0.026884930717806746
2024-10-19 05:57:58,706 - INFO - Mean training SSIM loss: 0.8232943428106161
2024-10-19 05:57:58,706 - INFO - Mean training MSE loss: 0.0
2024-10-19 05:57:58,706 - INFO - Mean training VGG loss: 0.0
2024-10-19 06:02:01,010 - INFO - Mean validation L1 loss: 0.026701506149385087
2024-10-19 06:02:01,011 - INFO - Mean validation SSIM loss: 0.8220850705701771
2024-10-19 06:02:01,011 - INFO - Mean validation MSE loss: 0.0
2024-10-19 06:02:01,011 - INFO - Mean validation VGG loss: 0.0
2024-10-19 06:02:01,555 - INFO - Epoch 10
-------------------------------
2024-10-19 06:02:01,555 - INFO - Learning Rate of group 0: 0.00045000000000000004
2024-10-19 06:02:01,555 - INFO - Learning Rate of group 1: 0.00018
2024-10-19 06:05:18,922 - INFO - NOTE: None
2024-10-19 06:05:18,998 - INFO - Torch, random, numpy seed: 88
2024-10-19 06:05:19,514 - INFO - load model from: /home/nikoskot/earthnetThesis/swin_tiny_patch244_window877_kinetics400_1k.pth
2024-10-19 06:05:19,589 - INFO - _IncompatibleKeys(missing_keys=['encoder.layers.0.blocks.0.attn.relative_position_index', 'encoder.layers.0.blocks.1.attn.relative_position_index', 'encoder.layers.1.blocks.0.attn.relative_position_index', 'encoder.layers.1.blocks.1.attn.relative_position_index', 'decoder.layers.0.blocks.0.norm1.weight', 'decoder.layers.0.blocks.0.norm1.bias', 'decoder.layers.0.blocks.0.attn.relative_position_bias_table', 'decoder.layers.0.blocks.0.attn.relative_position_index', 'decoder.layers.0.blocks.0.attn.qkv.weight', 'decoder.layers.0.blocks.0.attn.qkv.bias', 'decoder.layers.0.blocks.0.attn.proj.weight', 'decoder.layers.0.blocks.0.attn.proj.bias', 'decoder.layers.0.blocks.0.norm2.weight', 'decoder.layers.0.blocks.0.norm2.bias', 'decoder.layers.0.blocks.0.mlp.fc1.weight', 'decoder.layers.0.blocks.0.mlp.fc1.bias', 'decoder.layers.0.blocks.0.mlp.fc2.weight', 'decoder.layers.0.blocks.0.mlp.fc2.bias', 'decoder.layers.0.blocks.1.norm1.weight', 'decoder.layers.0.blocks.1.norm1.bias', 'decoder.layers.0.blocks.1.attn.relative_position_bias_table', 'decoder.layers.0.blocks.1.attn.relative_position_index', 'decoder.layers.0.blocks.1.attn.qkv.weight', 'decoder.layers.0.blocks.1.attn.qkv.bias', 'decoder.layers.0.blocks.1.attn.proj.weight', 'decoder.layers.0.blocks.1.attn.proj.bias', 'decoder.layers.0.blocks.1.norm2.weight', 'decoder.layers.0.blocks.1.norm2.bias', 'decoder.layers.0.blocks.1.mlp.fc1.weight', 'decoder.layers.0.blocks.1.mlp.fc1.bias', 'decoder.layers.0.blocks.1.mlp.fc2.weight', 'decoder.layers.0.blocks.1.mlp.fc2.bias', 'decoder.layers.0.upsample.conv.weight', 'decoder.layers.0.upsample.conv.bias', 'decoder.layers.0.upsample.norm.weight', 'decoder.layers.0.upsample.norm.bias', 'decoder.layers.1.blocks.0.norm1.weight', 'decoder.layers.1.blocks.0.norm1.bias', 'decoder.layers.1.blocks.0.attn.relative_position_bias_table', 'decoder.layers.1.blocks.0.attn.relative_position_index', 'decoder.layers.1.blocks.0.attn.qkv.weight', 'decoder.layers.1.blocks.0.attn.qkv.bias', 'decoder.layers.1.blocks.0.attn.proj.weight', 'decoder.layers.1.blocks.0.attn.proj.bias', 'decoder.layers.1.blocks.0.norm2.weight', 'decoder.layers.1.blocks.0.norm2.bias', 'decoder.layers.1.blocks.0.mlp.fc1.weight', 'decoder.layers.1.blocks.0.mlp.fc1.bias', 'decoder.layers.1.blocks.0.mlp.fc2.weight', 'decoder.layers.1.blocks.0.mlp.fc2.bias', 'decoder.layers.1.blocks.1.norm1.weight', 'decoder.layers.1.blocks.1.norm1.bias', 'decoder.layers.1.blocks.1.attn.relative_position_bias_table', 'decoder.layers.1.blocks.1.attn.relative_position_index', 'decoder.layers.1.blocks.1.attn.qkv.weight', 'decoder.layers.1.blocks.1.attn.qkv.bias', 'decoder.layers.1.blocks.1.attn.proj.weight', 'decoder.layers.1.blocks.1.attn.proj.bias', 'decoder.layers.1.blocks.1.norm2.weight', 'decoder.layers.1.blocks.1.norm2.bias', 'decoder.layers.1.blocks.1.mlp.fc1.weight', 'decoder.layers.1.blocks.1.mlp.fc1.bias', 'decoder.layers.1.blocks.1.mlp.fc2.weight', 'decoder.layers.1.blocks.1.mlp.fc2.bias', 'head.conv1.weight', 'head.conv1.bias', 'head.conv2.weight', 'head.conv2.bias', 'head.conv3.weight', 'head.conv3.bias'], unexpected_keys=['encoder.layers.2.downsample.reduction.weight', 'encoder.layers.2.downsample.norm.weight', 'encoder.layers.2.downsample.norm.bias', 'encoder.layers.2.blocks.0.norm1.weight', 'encoder.layers.2.blocks.0.norm1.bias', 'encoder.layers.2.blocks.0.attn.qkv.weight', 'encoder.layers.2.blocks.0.attn.qkv.bias', 'encoder.layers.2.blocks.0.attn.proj.weight', 'encoder.layers.2.blocks.0.attn.proj.bias', 'encoder.layers.2.blocks.0.norm2.weight', 'encoder.layers.2.blocks.0.norm2.bias', 'encoder.layers.2.blocks.0.mlp.fc1.weight', 'encoder.layers.2.blocks.0.mlp.fc1.bias', 'encoder.layers.2.blocks.0.mlp.fc2.weight', 'encoder.layers.2.blocks.0.mlp.fc2.bias', 'encoder.layers.2.blocks.1.norm1.weight', 'encoder.layers.2.blocks.1.norm1.bias', 'encoder.layers.2.blocks.1.attn.qkv.weight', 'encoder.layers.2.blocks.1.attn.qkv.bias', 'encoder.layers.2.blocks.1.attn.proj.weight', 'encoder.layers.2.blocks.1.attn.proj.bias', 'encoder.layers.2.blocks.1.norm2.weight', 'encoder.layers.2.blocks.1.norm2.bias', 'encoder.layers.2.blocks.1.mlp.fc1.weight', 'encoder.layers.2.blocks.1.mlp.fc1.bias', 'encoder.layers.2.blocks.1.mlp.fc2.weight', 'encoder.layers.2.blocks.1.mlp.fc2.bias', 'encoder.layers.2.blocks.2.norm1.weight', 'encoder.layers.2.blocks.2.norm1.bias', 'encoder.layers.2.blocks.2.attn.qkv.weight', 'encoder.layers.2.blocks.2.attn.qkv.bias', 'encoder.layers.2.blocks.2.attn.proj.weight', 'encoder.layers.2.blocks.2.attn.proj.bias', 'encoder.layers.2.blocks.2.norm2.weight', 'encoder.layers.2.blocks.2.norm2.bias', 'encoder.layers.2.blocks.2.mlp.fc1.weight', 'encoder.layers.2.blocks.2.mlp.fc1.bias', 'encoder.layers.2.blocks.2.mlp.fc2.weight', 'encoder.layers.2.blocks.2.mlp.fc2.bias', 'encoder.layers.2.blocks.3.norm1.weight', 'encoder.layers.2.blocks.3.norm1.bias', 'encoder.layers.2.blocks.3.attn.qkv.weight', 'encoder.layers.2.blocks.3.attn.qkv.bias', 'encoder.layers.2.blocks.3.attn.proj.weight', 'encoder.layers.2.blocks.3.attn.proj.bias', 'encoder.layers.2.blocks.3.norm2.weight', 'encoder.layers.2.blocks.3.norm2.bias', 'encoder.layers.2.blocks.3.mlp.fc1.weight', 'encoder.layers.2.blocks.3.mlp.fc1.bias', 'encoder.layers.2.blocks.3.mlp.fc2.weight', 'encoder.layers.2.blocks.3.mlp.fc2.bias', 'encoder.layers.2.blocks.4.norm1.weight', 'encoder.layers.2.blocks.4.norm1.bias', 'encoder.layers.2.blocks.4.attn.qkv.weight', 'encoder.layers.2.blocks.4.attn.qkv.bias', 'encoder.layers.2.blocks.4.attn.proj.weight', 'encoder.layers.2.blocks.4.attn.proj.bias', 'encoder.layers.2.blocks.4.norm2.weight', 'encoder.layers.2.blocks.4.norm2.bias', 'encoder.layers.2.blocks.4.mlp.fc1.weight', 'encoder.layers.2.blocks.4.mlp.fc1.bias', 'encoder.layers.2.blocks.4.mlp.fc2.weight', 'encoder.layers.2.blocks.4.mlp.fc2.bias', 'encoder.layers.2.blocks.5.norm1.weight', 'encoder.layers.2.blocks.5.norm1.bias', 'encoder.layers.2.blocks.5.attn.qkv.weight', 'encoder.layers.2.blocks.5.attn.qkv.bias', 'encoder.layers.2.blocks.5.attn.proj.weight', 'encoder.layers.2.blocks.5.attn.proj.bias', 'encoder.layers.2.blocks.5.norm2.weight', 'encoder.layers.2.blocks.5.norm2.bias', 'encoder.layers.2.blocks.5.mlp.fc1.weight', 'encoder.layers.2.blocks.5.mlp.fc1.bias', 'encoder.layers.2.blocks.5.mlp.fc2.weight', 'encoder.layers.2.blocks.5.mlp.fc2.bias', 'encoder.layers.3.downsample.reduction.weight', 'encoder.layers.3.downsample.norm.weight', 'encoder.layers.3.downsample.norm.bias'])
2024-10-19 06:05:19,590 - INFO - => loaded successfully '/home/nikoskot/earthnetThesis/swin_tiny_patch244_window877_kinetics400_1k.pth'
2024-10-19 06:05:21,435 - INFO - Resuming training from checkpoint /home/nikoskot/earthnetThesis/experiments/videoSwinUnetV1/videoSwinUnetV1_18-10-2024_22-05-03/checkpointLast.pth from epoch 10
2024-10-19 06:05:29,093 - INFO - Epoch 10
-------------------------------
2024-10-19 06:05:29,094 - INFO - Learning Rate of group 0: 0.0
2024-10-19 06:05:29,094 - INFO - Learning Rate of group 1: 0.0
2024-10-19 06:54:23,441 - INFO - Maximum gradient before clipping: 5.146331310272217
2024-10-19 06:54:23,442 - INFO - Minimum gradient before clipping: -0.7804074883460999
2024-10-19 06:54:23,442 - INFO - Mean training L1 loss: 0.027423032580098563
2024-10-19 06:54:23,442 - INFO - Mean training SSIM loss: 0.8329821415697367
2024-10-19 06:54:23,442 - INFO - Mean training MSE loss: 0.0
2024-10-19 06:54:23,442 - INFO - Mean training VGG loss: 0.0
2024-10-19 07:00:46,097 - INFO - Validation split Earthnet Score on epoch 10
2024-10-19 07:05:06,840 - INFO - MAD: 0.2351911115890537, OLS: 0.32824636851060385, EMD: 0.22857502371871666, SSIM: 0.3787189910858929, ENS: 0.2794512947999926
2024-10-19 07:05:06,843 - INFO - Mean validation L1 loss: 0.02670230988076698
2024-10-19 07:05:06,843 - INFO - Mean validation SSIM loss: 0.8223184373067773
2024-10-19 07:05:06,843 - INFO - Mean validation MSE loss: 0.0
2024-10-19 07:05:06,843 - INFO - Mean validation VGG loss: 0.0
2024-10-19 07:05:07,411 - INFO - New best Earthnet Score 0.2794512947999926, at epoch 10
2024-10-19 07:05:07,944 - INFO - Epoch 11
-------------------------------
2024-10-19 07:05:07,944 - INFO - Learning Rate of group 0: 0.00045000000000000004
2024-10-19 07:05:07,944 - INFO - Learning Rate of group 1: 0.00018
2024-10-19 07:53:59,212 - INFO - Maximum gradient before clipping: 4.084203243255615
2024-10-19 07:53:59,212 - INFO - Minimum gradient before clipping: -8.285344123840332
2024-10-19 07:53:59,213 - INFO - Mean training L1 loss: 0.027889185819957158
2024-10-19 07:53:59,213 - INFO - Mean training SSIM loss: 0.8313114928780416
2024-10-19 07:53:59,213 - INFO - Mean training MSE loss: 0.0
2024-10-19 07:53:59,213 - INFO - Mean training VGG loss: 0.0
2024-10-19 07:58:00,682 - INFO - Mean validation L1 loss: 0.0239607282948484
2024-10-19 07:58:00,683 - INFO - Mean validation SSIM loss: 0.7906002638531369
2024-10-19 07:58:00,683 - INFO - Mean validation MSE loss: 0.0
2024-10-19 07:58:00,683 - INFO - Mean validation VGG loss: 0.0
2024-10-19 07:58:01,257 - INFO - New best validation Loss 0.0239607282948484, at epoch 11
2024-10-19 07:58:01,795 - INFO - Epoch 12
-------------------------------
2024-10-19 07:58:01,795 - INFO - Learning Rate of group 0: 0.00044986324066578705
2024-10-19 07:58:01,795 - INFO - Learning Rate of group 1: 0.0001799454790182091
2024-10-19 08:46:49,876 - INFO - Maximum gradient before clipping: 6.696343898773193
2024-10-19 08:46:49,876 - INFO - Minimum gradient before clipping: -7.229502201080322
2024-10-19 08:46:49,877 - INFO - Mean training L1 loss: 0.026089087285222943
2024-10-19 08:46:49,877 - INFO - Mean training SSIM loss: 0.8085887388971649
2024-10-19 08:46:49,877 - INFO - Mean training MSE loss: 0.0
2024-10-19 08:46:49,877 - INFO - Mean training VGG loss: 0.0
2024-10-19 08:50:51,315 - INFO - Mean validation L1 loss: 0.023830155377902316
2024-10-19 08:50:51,316 - INFO - Mean validation SSIM loss: 0.7781810743553582
2024-10-19 08:50:51,316 - INFO - Mean validation MSE loss: 0.0
2024-10-19 08:50:51,316 - INFO - Mean validation VGG loss: 0.0
2024-10-19 08:50:51,855 - INFO - New best validation Loss 0.023830155377902316, at epoch 12
2024-10-19 08:50:52,380 - INFO - Epoch 13
-------------------------------
2024-10-19 08:50:52,380 - INFO - Learning Rate of group 0: 0.00044945312928333056
2024-10-19 08:50:52,380 - INFO - Learning Rate of group 1: 0.00017978198249825428
2024-10-19 09:39:42,327 - INFO - Maximum gradient before clipping: 4.147947788238525
2024-10-19 09:39:42,327 - INFO - Minimum gradient before clipping: -7.076013565063477
2024-10-19 09:39:42,328 - INFO - Mean training L1 loss: 0.02546074934185349
2024-10-19 09:39:42,328 - INFO - Mean training SSIM loss: 0.7996320420855112
2024-10-19 09:39:42,328 - INFO - Mean training MSE loss: 0.0
2024-10-19 09:39:42,328 - INFO - Mean training VGG loss: 0.0
2024-10-19 09:43:43,910 - INFO - Mean validation L1 loss: 0.02700165911487313
2024-10-19 09:43:43,911 - INFO - Mean validation SSIM loss: 0.7902161114191929
2024-10-19 09:43:43,911 - INFO - Mean validation MSE loss: 0.0
2024-10-19 09:43:43,911 - INFO - Mean validation VGG loss: 0.0
2024-10-19 09:43:44,448 - INFO - Epoch 14
-------------------------------
2024-10-19 09:43:44,448 - INFO - Learning Rate of group 0: 0.0004487701655101774
2024-10-19 09:43:44,448 - INFO - Learning Rate of group 1: 0.00017950970963546048
2024-10-19 10:32:32,969 - INFO - Maximum gradient before clipping: 5.640493392944336
2024-10-19 10:32:32,970 - INFO - Minimum gradient before clipping: -7.018056392669678
2024-10-19 10:32:32,970 - INFO - Mean training L1 loss: 0.025096125882048827
2024-10-19 10:32:32,970 - INFO - Mean training SSIM loss: 0.792707760480596
2024-10-19 10:32:32,970 - INFO - Mean training MSE loss: 0.0
2024-10-19 10:32:32,970 - INFO - Mean training VGG loss: 0.0
2024-10-19 10:36:34,860 - INFO - Mean validation L1 loss: 0.024244224946995744
2024-10-19 10:36:34,861 - INFO - Mean validation SSIM loss: 0.7759937650981954
2024-10-19 10:36:34,861 - INFO - Mean validation MSE loss: 0.0
2024-10-19 10:36:34,861 - INFO - Mean validation VGG loss: 0.0
2024-10-19 10:36:35,411 - INFO - Epoch 15
-------------------------------
2024-10-19 10:36:35,412 - INFO - Learning Rate of group 0: 0.0004478151814324826
2024-10-19 10:36:35,412 - INFO - Learning Rate of group 1: 0.00017912899215237057
2024-10-19 11:25:25,216 - INFO - Maximum gradient before clipping: 4.765762805938721
2024-10-19 11:25:25,216 - INFO - Minimum gradient before clipping: -8.210047721862793
2024-10-19 11:25:25,217 - INFO - Mean training L1 loss: 0.024697734033264335
2024-10-19 11:25:25,217 - INFO - Mean training SSIM loss: 0.7850185401366875
2024-10-19 11:25:25,217 - INFO - Mean training MSE loss: 0.0
2024-10-19 11:25:25,217 - INFO - Mean training VGG loss: 0.0
2024-10-19 11:29:26,772 - INFO - Mean validation L1 loss: 0.02312471091834498
2024-10-19 11:29:26,772 - INFO - Mean validation SSIM loss: 0.762341515475691
2024-10-19 11:29:26,772 - INFO - Mean validation MSE loss: 0.0
2024-10-19 11:29:26,773 - INFO - Mean validation VGG loss: 0.0
2024-10-19 11:29:27,317 - INFO - New best validation Loss 0.02312471091834498, at epoch 15
2024-10-19 11:29:27,842 - INFO - Epoch 16
-------------------------------
2024-10-19 11:29:27,842 - INFO - Learning Rate of group 0: 0.00044658934055124075
2024-10-19 11:29:27,842 - INFO - Learning Rate of group 1: 0.00017864029389459265
2024-10-19 12:18:16,455 - INFO - Maximum gradient before clipping: 6.181814193725586
2024-10-19 12:18:16,455 - INFO - Minimum gradient before clipping: -7.619145393371582
2024-10-19 12:18:16,456 - INFO - Mean training L1 loss: 0.02442436998640703
2024-10-19 12:18:16,456 - INFO - Mean training SSIM loss: 0.7799102983829717
2024-10-19 12:18:16,456 - INFO - Mean training MSE loss: 0.0
2024-10-19 12:18:16,456 - INFO - Mean training VGG loss: 0.0
2024-10-19 12:22:18,719 - INFO - Mean validation L1 loss: 0.022353195733263043
2024-10-19 12:22:18,719 - INFO - Mean validation SSIM loss: 0.7518528123763094
2024-10-19 12:22:18,719 - INFO - Mean validation MSE loss: 0.0
2024-10-19 12:22:18,719 - INFO - Mean validation VGG loss: 0.0
2024-10-19 12:22:19,265 - INFO - New best validation Loss 0.022353195733263043, at epoch 16
2024-10-19 12:22:19,801 - INFO - Epoch 17
-------------------------------
2024-10-19 12:22:19,801 - INFO - Learning Rate of group 0: 0.0004450941363647394
2024-10-19 12:22:19,801 - INFO - Learning Rate of group 1: 0.00017804421026567562
2024-10-19 13:11:08,586 - INFO - Maximum gradient before clipping: 5.409422397613525
2024-10-19 13:11:08,587 - INFO - Minimum gradient before clipping: -9.408943176269531
2024-10-19 13:11:08,587 - INFO - Mean training L1 loss: 0.024271867065041922
2024-10-19 13:11:08,587 - INFO - Mean training SSIM loss: 0.7754141582898244
2024-10-19 13:11:08,587 - INFO - Mean training MSE loss: 0.0
2024-10-19 13:11:08,587 - INFO - Mean training VGG loss: 0.0
2024-10-19 13:15:10,066 - INFO - Mean validation L1 loss: 0.02271955563721051
2024-10-19 13:15:10,066 - INFO - Mean validation SSIM loss: 0.7548437280997784
2024-10-19 13:15:10,066 - INFO - Mean validation MSE loss: 0.0
2024-10-19 13:15:10,066 - INFO - Mean validation VGG loss: 0.0
2024-10-19 13:15:10,606 - INFO - Epoch 18
-------------------------------
2024-10-19 13:15:10,606 - INFO - Learning Rate of group 0: 0.0004433313905489612
2024-10-19 13:15:10,606 - INFO - Learning Rate of group 1: 0.00017734146750170168
2024-10-19 14:04:01,080 - INFO - Maximum gradient before clipping: 4.949870586395264
2024-10-19 14:04:01,080 - INFO - Minimum gradient before clipping: -8.488550186157227
2024-10-19 14:04:01,081 - INFO - Mean training L1 loss: 0.023925017533938366
2024-10-19 14:04:01,081 - INFO - Mean training SSIM loss: 0.7698442781385344
2024-10-19 14:04:01,081 - INFO - Mean training MSE loss: 0.0
2024-10-19 14:04:01,081 - INFO - Mean training VGG loss: 0.0
2024-10-19 14:05:49,170 - INFO - NOTE: None
2024-10-19 14:05:49,189 - INFO - Torch, random, numpy seed: 88
2024-10-19 14:05:49,716 - INFO - load model from: /home/nikoskot/earthnetThesis/swin_tiny_patch244_window877_kinetics400_1k.pth
2024-10-19 14:05:49,778 - INFO - _IncompatibleKeys(missing_keys=['encoder.layers.0.blocks.0.attn.relative_position_index', 'encoder.layers.0.blocks.1.attn.relative_position_index', 'encoder.layers.1.blocks.0.attn.relative_position_index', 'encoder.layers.1.blocks.1.attn.relative_position_index', 'decoder.layers.0.blocks.0.norm1.weight', 'decoder.layers.0.blocks.0.norm1.bias', 'decoder.layers.0.blocks.0.attn.relative_position_bias_table', 'decoder.layers.0.blocks.0.attn.relative_position_index', 'decoder.layers.0.blocks.0.attn.qkv.weight', 'decoder.layers.0.blocks.0.attn.qkv.bias', 'decoder.layers.0.blocks.0.attn.proj.weight', 'decoder.layers.0.blocks.0.attn.proj.bias', 'decoder.layers.0.blocks.0.norm2.weight', 'decoder.layers.0.blocks.0.norm2.bias', 'decoder.layers.0.blocks.0.mlp.fc1.weight', 'decoder.layers.0.blocks.0.mlp.fc1.bias', 'decoder.layers.0.blocks.0.mlp.fc2.weight', 'decoder.layers.0.blocks.0.mlp.fc2.bias', 'decoder.layers.0.blocks.1.norm1.weight', 'decoder.layers.0.blocks.1.norm1.bias', 'decoder.layers.0.blocks.1.attn.relative_position_bias_table', 'decoder.layers.0.blocks.1.attn.relative_position_index', 'decoder.layers.0.blocks.1.attn.qkv.weight', 'decoder.layers.0.blocks.1.attn.qkv.bias', 'decoder.layers.0.blocks.1.attn.proj.weight', 'decoder.layers.0.blocks.1.attn.proj.bias', 'decoder.layers.0.blocks.1.norm2.weight', 'decoder.layers.0.blocks.1.norm2.bias', 'decoder.layers.0.blocks.1.mlp.fc1.weight', 'decoder.layers.0.blocks.1.mlp.fc1.bias', 'decoder.layers.0.blocks.1.mlp.fc2.weight', 'decoder.layers.0.blocks.1.mlp.fc2.bias', 'decoder.layers.0.upsample.conv.weight', 'decoder.layers.0.upsample.conv.bias', 'decoder.layers.0.upsample.norm.weight', 'decoder.layers.0.upsample.norm.bias', 'decoder.layers.1.blocks.0.norm1.weight', 'decoder.layers.1.blocks.0.norm1.bias', 'decoder.layers.1.blocks.0.attn.relative_position_bias_table', 'decoder.layers.1.blocks.0.attn.relative_position_index', 'decoder.layers.1.blocks.0.attn.qkv.weight', 'decoder.layers.1.blocks.0.attn.qkv.bias', 'decoder.layers.1.blocks.0.attn.proj.weight', 'decoder.layers.1.blocks.0.attn.proj.bias', 'decoder.layers.1.blocks.0.norm2.weight', 'decoder.layers.1.blocks.0.norm2.bias', 'decoder.layers.1.blocks.0.mlp.fc1.weight', 'decoder.layers.1.blocks.0.mlp.fc1.bias', 'decoder.layers.1.blocks.0.mlp.fc2.weight', 'decoder.layers.1.blocks.0.mlp.fc2.bias', 'decoder.layers.1.blocks.1.norm1.weight', 'decoder.layers.1.blocks.1.norm1.bias', 'decoder.layers.1.blocks.1.attn.relative_position_bias_table', 'decoder.layers.1.blocks.1.attn.relative_position_index', 'decoder.layers.1.blocks.1.attn.qkv.weight', 'decoder.layers.1.blocks.1.attn.qkv.bias', 'decoder.layers.1.blocks.1.attn.proj.weight', 'decoder.layers.1.blocks.1.attn.proj.bias', 'decoder.layers.1.blocks.1.norm2.weight', 'decoder.layers.1.blocks.1.norm2.bias', 'decoder.layers.1.blocks.1.mlp.fc1.weight', 'decoder.layers.1.blocks.1.mlp.fc1.bias', 'decoder.layers.1.blocks.1.mlp.fc2.weight', 'decoder.layers.1.blocks.1.mlp.fc2.bias', 'head.conv1.weight', 'head.conv1.bias', 'head.conv2.weight', 'head.conv2.bias', 'head.conv3.weight', 'head.conv3.bias'], unexpected_keys=['encoder.layers.2.downsample.reduction.weight', 'encoder.layers.2.downsample.norm.weight', 'encoder.layers.2.downsample.norm.bias', 'encoder.layers.2.blocks.0.norm1.weight', 'encoder.layers.2.blocks.0.norm1.bias', 'encoder.layers.2.blocks.0.attn.qkv.weight', 'encoder.layers.2.blocks.0.attn.qkv.bias', 'encoder.layers.2.blocks.0.attn.proj.weight', 'encoder.layers.2.blocks.0.attn.proj.bias', 'encoder.layers.2.blocks.0.norm2.weight', 'encoder.layers.2.blocks.0.norm2.bias', 'encoder.layers.2.blocks.0.mlp.fc1.weight', 'encoder.layers.2.blocks.0.mlp.fc1.bias', 'encoder.layers.2.blocks.0.mlp.fc2.weight', 'encoder.layers.2.blocks.0.mlp.fc2.bias', 'encoder.layers.2.blocks.1.norm1.weight', 'encoder.layers.2.blocks.1.norm1.bias', 'encoder.layers.2.blocks.1.attn.qkv.weight', 'encoder.layers.2.blocks.1.attn.qkv.bias', 'encoder.layers.2.blocks.1.attn.proj.weight', 'encoder.layers.2.blocks.1.attn.proj.bias', 'encoder.layers.2.blocks.1.norm2.weight', 'encoder.layers.2.blocks.1.norm2.bias', 'encoder.layers.2.blocks.1.mlp.fc1.weight', 'encoder.layers.2.blocks.1.mlp.fc1.bias', 'encoder.layers.2.blocks.1.mlp.fc2.weight', 'encoder.layers.2.blocks.1.mlp.fc2.bias', 'encoder.layers.2.blocks.2.norm1.weight', 'encoder.layers.2.blocks.2.norm1.bias', 'encoder.layers.2.blocks.2.attn.qkv.weight', 'encoder.layers.2.blocks.2.attn.qkv.bias', 'encoder.layers.2.blocks.2.attn.proj.weight', 'encoder.layers.2.blocks.2.attn.proj.bias', 'encoder.layers.2.blocks.2.norm2.weight', 'encoder.layers.2.blocks.2.norm2.bias', 'encoder.layers.2.blocks.2.mlp.fc1.weight', 'encoder.layers.2.blocks.2.mlp.fc1.bias', 'encoder.layers.2.blocks.2.mlp.fc2.weight', 'encoder.layers.2.blocks.2.mlp.fc2.bias', 'encoder.layers.2.blocks.3.norm1.weight', 'encoder.layers.2.blocks.3.norm1.bias', 'encoder.layers.2.blocks.3.attn.qkv.weight', 'encoder.layers.2.blocks.3.attn.qkv.bias', 'encoder.layers.2.blocks.3.attn.proj.weight', 'encoder.layers.2.blocks.3.attn.proj.bias', 'encoder.layers.2.blocks.3.norm2.weight', 'encoder.layers.2.blocks.3.norm2.bias', 'encoder.layers.2.blocks.3.mlp.fc1.weight', 'encoder.layers.2.blocks.3.mlp.fc1.bias', 'encoder.layers.2.blocks.3.mlp.fc2.weight', 'encoder.layers.2.blocks.3.mlp.fc2.bias', 'encoder.layers.2.blocks.4.norm1.weight', 'encoder.layers.2.blocks.4.norm1.bias', 'encoder.layers.2.blocks.4.attn.qkv.weight', 'encoder.layers.2.blocks.4.attn.qkv.bias', 'encoder.layers.2.blocks.4.attn.proj.weight', 'encoder.layers.2.blocks.4.attn.proj.bias', 'encoder.layers.2.blocks.4.norm2.weight', 'encoder.layers.2.blocks.4.norm2.bias', 'encoder.layers.2.blocks.4.mlp.fc1.weight', 'encoder.layers.2.blocks.4.mlp.fc1.bias', 'encoder.layers.2.blocks.4.mlp.fc2.weight', 'encoder.layers.2.blocks.4.mlp.fc2.bias', 'encoder.layers.2.blocks.5.norm1.weight', 'encoder.layers.2.blocks.5.norm1.bias', 'encoder.layers.2.blocks.5.attn.qkv.weight', 'encoder.layers.2.blocks.5.attn.qkv.bias', 'encoder.layers.2.blocks.5.attn.proj.weight', 'encoder.layers.2.blocks.5.attn.proj.bias', 'encoder.layers.2.blocks.5.norm2.weight', 'encoder.layers.2.blocks.5.norm2.bias', 'encoder.layers.2.blocks.5.mlp.fc1.weight', 'encoder.layers.2.blocks.5.mlp.fc1.bias', 'encoder.layers.2.blocks.5.mlp.fc2.weight', 'encoder.layers.2.blocks.5.mlp.fc2.bias', 'encoder.layers.3.downsample.reduction.weight', 'encoder.layers.3.downsample.norm.weight', 'encoder.layers.3.downsample.norm.bias'])
2024-10-19 14:05:49,778 - INFO - => loaded successfully '/home/nikoskot/earthnetThesis/swin_tiny_patch244_window877_kinetics400_1k.pth'
2024-10-19 14:05:51,533 - INFO - Resuming training from checkpoint /home/nikoskot/earthnetThesis/experiments/videoSwinUnetV1/videoSwinUnetV1_18-10-2024_22-05-03/checkpointLast.pth from epoch 18
2024-10-19 14:05:58,150 - INFO - Epoch 18
-------------------------------
2024-10-19 14:05:58,151 - INFO - Learning Rate of group 0: 0.0004450941363647394
2024-10-19 14:05:58,151 - INFO - Learning Rate of group 1: 0.0004450941363647394
2024-10-19 14:54:43,962 - INFO - Maximum gradient before clipping: 6.820763111114502
2024-10-19 14:54:43,962 - INFO - Minimum gradient before clipping: -7.326906681060791
2024-10-19 14:54:43,963 - INFO - Mean training L1 loss: 0.024380548074623372
2024-10-19 14:54:43,963 - INFO - Mean training SSIM loss: 0.7777533720148901
2024-10-19 14:54:43,963 - INFO - Mean training MSE loss: 0.0
2024-10-19 14:54:43,963 - INFO - Mean training VGG loss: 0.0
2024-10-19 14:58:44,656 - INFO - Mean validation L1 loss: 0.027407225015819273
2024-10-19 14:58:44,656 - INFO - Mean validation SSIM loss: 0.7711206950670899
2024-10-19 14:58:44,657 - INFO - Mean validation MSE loss: 0.0
2024-10-19 14:58:44,657 - INFO - Mean validation VGG loss: 0.0
2024-10-19 14:58:45,240 - INFO - Epoch 19
-------------------------------
2024-10-19 14:58:45,241 - INFO - Learning Rate of group 0: 0.0004433313905489612
2024-10-19 14:58:45,241 - INFO - Learning Rate of group 1: 0.0004433313905489612
2024-10-19 15:47:29,055 - INFO - Maximum gradient before clipping: 5.108722686767578
2024-10-19 15:47:29,056 - INFO - Minimum gradient before clipping: -8.038142204284668
2024-10-19 15:47:29,056 - INFO - Mean training L1 loss: 0.024150371172518746
2024-10-19 15:47:29,057 - INFO - Mean training SSIM loss: 0.7725456734423556
2024-10-19 15:47:29,057 - INFO - Mean training MSE loss: 0.0
2024-10-19 15:47:29,057 - INFO - Mean training VGG loss: 0.0
2024-10-19 15:51:29,373 - INFO - Mean validation L1 loss: 0.021737241267186146
2024-10-19 15:51:29,373 - INFO - Mean validation SSIM loss: 0.7405632188088918
2024-10-19 15:51:29,374 - INFO - Mean validation MSE loss: 0.0
2024-10-19 15:51:29,374 - INFO - Mean validation VGG loss: 0.0
2024-10-19 15:51:29,899 - INFO - New best validation Loss 0.021737241267186146, at epoch 19
2024-10-19 15:51:30,904 - INFO - Epoch 20
-------------------------------
2024-10-19 15:51:30,904 - INFO - Learning Rate of group 0: 0.00044130325073815267
2024-10-19 15:51:30,904 - INFO - Learning Rate of group 1: 0.00044130325073815267
2024-10-19 16:40:15,142 - INFO - Maximum gradient before clipping: 7.391227722167969
2024-10-19 16:40:15,143 - INFO - Minimum gradient before clipping: -7.98272180557251
2024-10-19 16:40:15,144 - INFO - Mean training L1 loss: 0.02389689057088519
2024-10-19 16:40:15,144 - INFO - Mean training SSIM loss: 0.7674905071194728
2024-10-19 16:40:15,144 - INFO - Mean training MSE loss: 0.0
2024-10-19 16:40:15,144 - INFO - Mean training VGG loss: 0.0
2024-10-19 16:46:33,538 - INFO - Validation split Earthnet Score on epoch 20
2024-10-19 16:49:45,993 - INFO - MAD: 0.2500113579262859, OLS: 0.3345647118897736, EMD: 0.2310018908061161, SSIM: 0.47323962369916034, ENS: 0.2978220390413006
2024-10-19 16:49:46,000 - INFO - Mean validation L1 loss: 0.022395292772011313
2024-10-19 16:49:46,001 - INFO - Mean validation SSIM loss: 0.7440654180919047
2024-10-19 16:49:46,001 - INFO - Mean validation MSE loss: 0.0
2024-10-19 16:49:46,001 - INFO - Mean validation VGG loss: 0.0
2024-10-19 16:49:46,533 - INFO - New best Earthnet Score 0.2978220390413006, at epoch 20
2024-10-19 16:49:47,071 - INFO - Epoch 21
-------------------------------
2024-10-19 16:49:47,071 - INFO - Learning Rate of group 0: 0.0004390121879082621
2024-10-19 16:49:47,071 - INFO - Learning Rate of group 1: 0.0004390121879082621
2024-10-19 17:38:30,819 - INFO - Maximum gradient before clipping: 4.787242412567139
2024-10-19 17:38:30,820 - INFO - Minimum gradient before clipping: -9.758895874023438
2024-10-19 17:38:30,820 - INFO - Mean training L1 loss: 0.023692271879409484
2024-10-19 17:38:30,821 - INFO - Mean training SSIM loss: 0.7623841887435769
2024-10-19 17:38:30,821 - INFO - Mean training MSE loss: 0.0
2024-10-19 17:38:30,821 - INFO - Mean training VGG loss: 0.0
2024-10-19 17:42:31,156 - INFO - Mean validation L1 loss: 0.024407159988721675
2024-10-19 17:42:31,156 - INFO - Mean validation SSIM loss: 0.7474108515774526
2024-10-19 17:42:31,156 - INFO - Mean validation MSE loss: 0.0
2024-10-19 17:42:31,156 - INFO - Mean validation VGG loss: 0.0
2024-10-19 17:42:31,737 - INFO - Epoch 22
-------------------------------
2024-10-19 17:42:31,737 - INFO - Learning Rate of group 0: 0.00043646099336643653
2024-10-19 17:42:31,737 - INFO - Learning Rate of group 1: 0.00043646099336643653
2024-10-19 18:31:16,098 - INFO - Maximum gradient before clipping: 5.835575103759766
2024-10-19 18:31:16,099 - INFO - Minimum gradient before clipping: -8.194070816040039
2024-10-19 18:31:16,099 - INFO - Mean training L1 loss: 0.023383824365849976
2024-10-19 18:31:16,100 - INFO - Mean training SSIM loss: 0.7575878824264323
2024-10-19 18:31:16,100 - INFO - Mean training MSE loss: 0.0
2024-10-19 18:31:16,100 - INFO - Mean training VGG loss: 0.0
2024-10-19 18:35:16,634 - INFO - Mean validation L1 loss: 0.022302496659703377
2024-10-19 18:35:16,635 - INFO - Mean validation SSIM loss: 0.7386967534803627
2024-10-19 18:35:16,635 - INFO - Mean validation MSE loss: 0.0
2024-10-19 18:35:16,635 - INFO - Mean validation VGG loss: 0.0
2024-10-19 18:35:17,173 - INFO - Epoch 23
-------------------------------
2024-10-19 18:35:17,174 - INFO - Learning Rate of group 0: 0.0004336527753502439
2024-10-19 18:35:17,174 - INFO - Learning Rate of group 1: 0.0004336527753502439
2024-10-19 19:24:01,540 - INFO - Maximum gradient before clipping: 5.307762145996094
2024-10-19 19:24:01,541 - INFO - Minimum gradient before clipping: -10.065362930297852
2024-10-19 19:24:01,541 - INFO - Mean training L1 loss: 0.023023696711332864
2024-10-19 19:24:01,541 - INFO - Mean training SSIM loss: 0.7513696033054194
2024-10-19 19:24:01,541 - INFO - Mean training MSE loss: 0.0
2024-10-19 19:24:01,542 - INFO - Mean training VGG loss: 0.0
2024-10-19 19:28:02,219 - INFO - Mean validation L1 loss: 0.021422869345191928
2024-10-19 19:28:02,220 - INFO - Mean validation SSIM loss: 0.731224801229394
2024-10-19 19:28:02,220 - INFO - Mean validation MSE loss: 0.0
2024-10-19 19:28:02,220 - INFO - Mean validation VGG loss: 0.0
2024-10-19 19:28:02,764 - INFO - New best validation Loss 0.021422869345191928, at epoch 23
2024-10-19 19:28:03,295 - INFO - Epoch 24
-------------------------------
2024-10-19 19:28:03,296 - INFO - Learning Rate of group 0: 0.000430590955240764
2024-10-19 19:28:03,296 - INFO - Learning Rate of group 1: 0.000430590955240764
2024-10-19 20:16:47,567 - INFO - Maximum gradient before clipping: 5.79481840133667
2024-10-19 20:16:47,568 - INFO - Minimum gradient before clipping: -7.53555965423584
2024-10-19 20:16:47,569 - INFO - Mean training L1 loss: 0.022999484033959898
2024-10-19 20:16:47,569 - INFO - Mean training SSIM loss: 0.748505691288406
2024-10-19 20:16:47,569 - INFO - Mean training MSE loss: 0.0
2024-10-19 20:16:47,569 - INFO - Mean training VGG loss: 0.0
2024-10-19 20:20:48,066 - INFO - Mean validation L1 loss: 0.02134100711876433
2024-10-19 20:20:48,068 - INFO - Mean validation SSIM loss: 0.7202888481991746
2024-10-19 20:20:48,068 - INFO - Mean validation MSE loss: 0.0
2024-10-19 20:20:48,068 - INFO - Mean validation VGG loss: 0.0
2024-10-19 20:20:48,602 - INFO - New best validation Loss 0.02134100711876433, at epoch 24
2024-10-19 20:20:49,137 - INFO - Epoch 25
-------------------------------
2024-10-19 20:20:49,138 - INFO - Learning Rate of group 0: 0.0004272792633941631
2024-10-19 20:20:49,138 - INFO - Learning Rate of group 1: 0.0004272792633941631
2024-10-19 21:09:33,309 - INFO - Maximum gradient before clipping: 6.288885116577148
2024-10-19 21:09:33,310 - INFO - Minimum gradient before clipping: -9.340795516967773
2024-10-19 21:09:33,311 - INFO - Mean training L1 loss: 0.02277034622375958
2024-10-19 21:09:33,311 - INFO - Mean training SSIM loss: 0.7444475737389836
2024-10-19 21:09:33,311 - INFO - Mean training MSE loss: 0.0
2024-10-19 21:09:33,311 - INFO - Mean training VGG loss: 0.0
2024-10-19 21:13:33,880 - INFO - Mean validation L1 loss: 0.021677433623680003
2024-10-19 21:13:33,881 - INFO - Mean validation SSIM loss: 0.7277109200340449
2024-10-19 21:13:33,881 - INFO - Mean validation MSE loss: 0.0
2024-10-19 21:13:33,881 - INFO - Mean validation VGG loss: 0.0
2024-10-19 21:13:34,444 - INFO - Epoch 26
-------------------------------
2024-10-19 21:13:34,445 - INFO - Learning Rate of group 0: 0.0004237217345968292
2024-10-19 21:13:34,445 - INFO - Learning Rate of group 1: 0.0004237217345968292
2024-10-19 22:02:19,175 - INFO - Maximum gradient before clipping: 5.337320327758789
2024-10-19 22:02:19,176 - INFO - Minimum gradient before clipping: -7.690739631652832
2024-10-19 22:02:19,176 - INFO - Mean training L1 loss: 0.022613490060351973
2024-10-19 22:02:19,177 - INFO - Mean training SSIM loss: 0.7410070517979522
2024-10-19 22:02:19,177 - INFO - Mean training MSE loss: 0.0
2024-10-19 22:02:19,177 - INFO - Mean training VGG loss: 0.0
2024-10-19 22:06:19,025 - INFO - NOTE: None
2024-10-19 22:06:19,027 - INFO - Torch, random, numpy seed: 88
2024-10-19 22:06:19,588 - INFO - load model from: /home/nikoskot/earthnetThesis/swin_tiny_patch244_window877_kinetics400_1k.pth
2024-10-19 22:06:19,651 - INFO - _IncompatibleKeys(missing_keys=['encoder.layers.0.blocks.0.attn.relative_position_index', 'encoder.layers.0.blocks.1.attn.relative_position_index', 'encoder.layers.1.blocks.0.attn.relative_position_index', 'encoder.layers.1.blocks.1.attn.relative_position_index', 'decoder.layers.0.blocks.0.norm1.weight', 'decoder.layers.0.blocks.0.norm1.bias', 'decoder.layers.0.blocks.0.attn.relative_position_bias_table', 'decoder.layers.0.blocks.0.attn.relative_position_index', 'decoder.layers.0.blocks.0.attn.qkv.weight', 'decoder.layers.0.blocks.0.attn.qkv.bias', 'decoder.layers.0.blocks.0.attn.proj.weight', 'decoder.layers.0.blocks.0.attn.proj.bias', 'decoder.layers.0.blocks.0.norm2.weight', 'decoder.layers.0.blocks.0.norm2.bias', 'decoder.layers.0.blocks.0.mlp.fc1.weight', 'decoder.layers.0.blocks.0.mlp.fc1.bias', 'decoder.layers.0.blocks.0.mlp.fc2.weight', 'decoder.layers.0.blocks.0.mlp.fc2.bias', 'decoder.layers.0.blocks.1.norm1.weight', 'decoder.layers.0.blocks.1.norm1.bias', 'decoder.layers.0.blocks.1.attn.relative_position_bias_table', 'decoder.layers.0.blocks.1.attn.relative_position_index', 'decoder.layers.0.blocks.1.attn.qkv.weight', 'decoder.layers.0.blocks.1.attn.qkv.bias', 'decoder.layers.0.blocks.1.attn.proj.weight', 'decoder.layers.0.blocks.1.attn.proj.bias', 'decoder.layers.0.blocks.1.norm2.weight', 'decoder.layers.0.blocks.1.norm2.bias', 'decoder.layers.0.blocks.1.mlp.fc1.weight', 'decoder.layers.0.blocks.1.mlp.fc1.bias', 'decoder.layers.0.blocks.1.mlp.fc2.weight', 'decoder.layers.0.blocks.1.mlp.fc2.bias', 'decoder.layers.0.upsample.conv.weight', 'decoder.layers.0.upsample.conv.bias', 'decoder.layers.0.upsample.norm.weight', 'decoder.layers.0.upsample.norm.bias', 'decoder.layers.1.blocks.0.norm1.weight', 'decoder.layers.1.blocks.0.norm1.bias', 'decoder.layers.1.blocks.0.attn.relative_position_bias_table', 'decoder.layers.1.blocks.0.attn.relative_position_index', 'decoder.layers.1.blocks.0.attn.qkv.weight', 'decoder.layers.1.blocks.0.attn.qkv.bias', 'decoder.layers.1.blocks.0.attn.proj.weight', 'decoder.layers.1.blocks.0.attn.proj.bias', 'decoder.layers.1.blocks.0.norm2.weight', 'decoder.layers.1.blocks.0.norm2.bias', 'decoder.layers.1.blocks.0.mlp.fc1.weight', 'decoder.layers.1.blocks.0.mlp.fc1.bias', 'decoder.layers.1.blocks.0.mlp.fc2.weight', 'decoder.layers.1.blocks.0.mlp.fc2.bias', 'decoder.layers.1.blocks.1.norm1.weight', 'decoder.layers.1.blocks.1.norm1.bias', 'decoder.layers.1.blocks.1.attn.relative_position_bias_table', 'decoder.layers.1.blocks.1.attn.relative_position_index', 'decoder.layers.1.blocks.1.attn.qkv.weight', 'decoder.layers.1.blocks.1.attn.qkv.bias', 'decoder.layers.1.blocks.1.attn.proj.weight', 'decoder.layers.1.blocks.1.attn.proj.bias', 'decoder.layers.1.blocks.1.norm2.weight', 'decoder.layers.1.blocks.1.norm2.bias', 'decoder.layers.1.blocks.1.mlp.fc1.weight', 'decoder.layers.1.blocks.1.mlp.fc1.bias', 'decoder.layers.1.blocks.1.mlp.fc2.weight', 'decoder.layers.1.blocks.1.mlp.fc2.bias', 'head.conv1.weight', 'head.conv1.bias', 'head.conv2.weight', 'head.conv2.bias', 'head.conv3.weight', 'head.conv3.bias'], unexpected_keys=['encoder.layers.2.downsample.reduction.weight', 'encoder.layers.2.downsample.norm.weight', 'encoder.layers.2.downsample.norm.bias', 'encoder.layers.2.blocks.0.norm1.weight', 'encoder.layers.2.blocks.0.norm1.bias', 'encoder.layers.2.blocks.0.attn.qkv.weight', 'encoder.layers.2.blocks.0.attn.qkv.bias', 'encoder.layers.2.blocks.0.attn.proj.weight', 'encoder.layers.2.blocks.0.attn.proj.bias', 'encoder.layers.2.blocks.0.norm2.weight', 'encoder.layers.2.blocks.0.norm2.bias', 'encoder.layers.2.blocks.0.mlp.fc1.weight', 'encoder.layers.2.blocks.0.mlp.fc1.bias', 'encoder.layers.2.blocks.0.mlp.fc2.weight', 'encoder.layers.2.blocks.0.mlp.fc2.bias', 'encoder.layers.2.blocks.1.norm1.weight', 'encoder.layers.2.blocks.1.norm1.bias', 'encoder.layers.2.blocks.1.attn.qkv.weight', 'encoder.layers.2.blocks.1.attn.qkv.bias', 'encoder.layers.2.blocks.1.attn.proj.weight', 'encoder.layers.2.blocks.1.attn.proj.bias', 'encoder.layers.2.blocks.1.norm2.weight', 'encoder.layers.2.blocks.1.norm2.bias', 'encoder.layers.2.blocks.1.mlp.fc1.weight', 'encoder.layers.2.blocks.1.mlp.fc1.bias', 'encoder.layers.2.blocks.1.mlp.fc2.weight', 'encoder.layers.2.blocks.1.mlp.fc2.bias', 'encoder.layers.2.blocks.2.norm1.weight', 'encoder.layers.2.blocks.2.norm1.bias', 'encoder.layers.2.blocks.2.attn.qkv.weight', 'encoder.layers.2.blocks.2.attn.qkv.bias', 'encoder.layers.2.blocks.2.attn.proj.weight', 'encoder.layers.2.blocks.2.attn.proj.bias', 'encoder.layers.2.blocks.2.norm2.weight', 'encoder.layers.2.blocks.2.norm2.bias', 'encoder.layers.2.blocks.2.mlp.fc1.weight', 'encoder.layers.2.blocks.2.mlp.fc1.bias', 'encoder.layers.2.blocks.2.mlp.fc2.weight', 'encoder.layers.2.blocks.2.mlp.fc2.bias', 'encoder.layers.2.blocks.3.norm1.weight', 'encoder.layers.2.blocks.3.norm1.bias', 'encoder.layers.2.blocks.3.attn.qkv.weight', 'encoder.layers.2.blocks.3.attn.qkv.bias', 'encoder.layers.2.blocks.3.attn.proj.weight', 'encoder.layers.2.blocks.3.attn.proj.bias', 'encoder.layers.2.blocks.3.norm2.weight', 'encoder.layers.2.blocks.3.norm2.bias', 'encoder.layers.2.blocks.3.mlp.fc1.weight', 'encoder.layers.2.blocks.3.mlp.fc1.bias', 'encoder.layers.2.blocks.3.mlp.fc2.weight', 'encoder.layers.2.blocks.3.mlp.fc2.bias', 'encoder.layers.2.blocks.4.norm1.weight', 'encoder.layers.2.blocks.4.norm1.bias', 'encoder.layers.2.blocks.4.attn.qkv.weight', 'encoder.layers.2.blocks.4.attn.qkv.bias', 'encoder.layers.2.blocks.4.attn.proj.weight', 'encoder.layers.2.blocks.4.attn.proj.bias', 'encoder.layers.2.blocks.4.norm2.weight', 'encoder.layers.2.blocks.4.norm2.bias', 'encoder.layers.2.blocks.4.mlp.fc1.weight', 'encoder.layers.2.blocks.4.mlp.fc1.bias', 'encoder.layers.2.blocks.4.mlp.fc2.weight', 'encoder.layers.2.blocks.4.mlp.fc2.bias', 'encoder.layers.2.blocks.5.norm1.weight', 'encoder.layers.2.blocks.5.norm1.bias', 'encoder.layers.2.blocks.5.attn.qkv.weight', 'encoder.layers.2.blocks.5.attn.qkv.bias', 'encoder.layers.2.blocks.5.attn.proj.weight', 'encoder.layers.2.blocks.5.attn.proj.bias', 'encoder.layers.2.blocks.5.norm2.weight', 'encoder.layers.2.blocks.5.norm2.bias', 'encoder.layers.2.blocks.5.mlp.fc1.weight', 'encoder.layers.2.blocks.5.mlp.fc1.bias', 'encoder.layers.2.blocks.5.mlp.fc2.weight', 'encoder.layers.2.blocks.5.mlp.fc2.bias', 'encoder.layers.3.downsample.reduction.weight', 'encoder.layers.3.downsample.norm.weight', 'encoder.layers.3.downsample.norm.bias'])
2024-10-19 22:06:19,651 - INFO - => loaded successfully '/home/nikoskot/earthnetThesis/swin_tiny_patch244_window877_kinetics400_1k.pth'
2024-10-19 22:06:21,485 - INFO - Resuming training from checkpoint /home/nikoskot/earthnetThesis/experiments/videoSwinUnetV1/videoSwinUnetV1_18-10-2024_22-05-03/checkpointLast.pth from epoch 26
2024-10-19 22:06:28,978 - INFO - Epoch 26
-------------------------------
2024-10-19 22:06:28,978 - INFO - Learning Rate of group 0: 0.0004272792633941631
2024-10-19 22:06:28,978 - INFO - Learning Rate of group 1: 0.0004272792633941631
2024-10-19 22:55:31,663 - INFO - Maximum gradient before clipping: 6.3357253074646
2024-10-19 22:55:31,663 - INFO - Minimum gradient before clipping: -8.35146713256836
2024-10-19 22:55:31,664 - INFO - Mean training L1 loss: 0.02250751628085117
2024-10-19 22:55:31,664 - INFO - Mean training SSIM loss: 0.7393645491374681
2024-10-19 22:55:31,664 - INFO - Mean training MSE loss: 0.0
2024-10-19 22:55:31,664 - INFO - Mean training VGG loss: 0.0
2024-10-19 22:59:36,224 - INFO - Mean validation L1 loss: 0.022681303017065675
2024-10-19 22:59:36,225 - INFO - Mean validation SSIM loss: 0.7183767800347064
2024-10-19 22:59:36,225 - INFO - Mean validation MSE loss: 0.0
2024-10-19 22:59:36,225 - INFO - Mean validation VGG loss: 0.0
2024-10-19 22:59:36,822 - INFO - Epoch 27
-------------------------------
2024-10-19 22:59:36,822 - INFO - Learning Rate of group 0: 0.0004237217345968292
2024-10-19 22:59:36,823 - INFO - Learning Rate of group 1: 0.0004237217345968292
2024-10-19 23:48:37,673 - INFO - Maximum gradient before clipping: 5.844058036804199
2024-10-19 23:48:37,674 - INFO - Minimum gradient before clipping: -6.689017295837402
2024-10-19 23:48:37,674 - INFO - Mean training L1 loss: 0.022390925355835197
2024-10-19 23:48:37,675 - INFO - Mean training SSIM loss: 0.7375361607544395
2024-10-19 23:48:37,675 - INFO - Mean training MSE loss: 0.0
2024-10-19 23:48:37,675 - INFO - Mean training VGG loss: 0.0
2024-10-19 23:52:42,468 - INFO - Mean validation L1 loss: 0.02093088521581629
2024-10-19 23:52:42,469 - INFO - Mean validation SSIM loss: 0.7115269071083005
2024-10-19 23:52:42,469 - INFO - Mean validation MSE loss: 0.0
2024-10-19 23:52:42,469 - INFO - Mean validation VGG loss: 0.0
2024-10-19 23:52:43,044 - INFO - New best validation Loss 0.02093088521581629, at epoch 27
2024-10-19 23:52:43,715 - INFO - Epoch 28
-------------------------------
2024-10-19 23:52:43,715 - INFO - Learning Rate of group 0: 0.00041992270314960666
2024-10-19 23:52:43,715 - INFO - Learning Rate of group 1: 0.00041992270314960666
2024-10-20 00:41:45,423 - INFO - Maximum gradient before clipping: 7.9685468673706055
2024-10-20 00:41:45,424 - INFO - Minimum gradient before clipping: -9.458833694458008
2024-10-20 00:41:45,424 - INFO - Mean training L1 loss: 0.022384452506968387
2024-10-20 00:41:45,424 - INFO - Mean training SSIM loss: 0.7344784693755848
2024-10-20 00:41:45,424 - INFO - Mean training MSE loss: 0.0
2024-10-20 00:41:45,424 - INFO - Mean training VGG loss: 0.0
2024-10-20 00:45:49,972 - INFO - Mean validation L1 loss: 0.021484555366657748
2024-10-20 00:45:49,973 - INFO - Mean validation SSIM loss: 0.7075523600530464
2024-10-20 00:45:49,973 - INFO - Mean validation MSE loss: 0.0
2024-10-20 00:45:49,973 - INFO - Mean validation VGG loss: 0.0
2024-10-20 00:45:50,548 - INFO - Epoch 29
-------------------------------
2024-10-20 00:45:50,549 - INFO - Learning Rate of group 0: 0.00041588679758711774
2024-10-20 00:45:50,549 - INFO - Learning Rate of group 1: 0.00041588679758711774
2024-10-20 01:34:52,096 - INFO - Maximum gradient before clipping: 5.431984901428223
2024-10-20 01:34:52,096 - INFO - Minimum gradient before clipping: -8.829468727111816
2024-10-20 01:34:52,097 - INFO - Mean training L1 loss: 0.022106679135778493
2024-10-20 01:34:52,097 - INFO - Mean training SSIM loss: 0.730547694893673
2024-10-20 01:34:52,097 - INFO - Mean training MSE loss: 0.0
2024-10-20 01:34:52,097 - INFO - Mean training VGG loss: 0.0
2024-10-20 01:38:56,599 - INFO - Mean validation L1 loss: 0.021200880849030004
2024-10-20 01:38:56,600 - INFO - Mean validation SSIM loss: 0.7052114087602367
2024-10-20 01:38:56,600 - INFO - Mean validation MSE loss: 0.0
2024-10-20 01:38:56,600 - INFO - Mean validation VGG loss: 0.0
2024-10-20 01:38:57,267 - INFO - Epoch 30
-------------------------------
2024-10-20 01:38:57,267 - INFO - Learning Rate of group 0: 0.00041161893503860697
2024-10-20 01:38:57,267 - INFO - Learning Rate of group 1: 0.00041161893503860697
2024-10-20 02:27:59,359 - INFO - Maximum gradient before clipping: 5.9226579666137695
2024-10-20 02:27:59,360 - INFO - Minimum gradient before clipping: -8.748732566833496
2024-10-20 02:27:59,361 - INFO - Mean training L1 loss: 0.021941741410018086
2024-10-20 02:27:59,361 - INFO - Mean training SSIM loss: 0.7273658323068591
2024-10-20 02:27:59,361 - INFO - Mean training MSE loss: 0.0
2024-10-20 02:27:59,361 - INFO - Mean training VGG loss: 0.0
2024-10-20 02:34:52,591 - INFO - Validation split Earthnet Score on epoch 30
2024-10-20 02:38:50,212 - INFO - MAD: 0.2536804879728226, OLS: 0.3399414426252687, EMD: 0.24309327204640716, SSIM: 0.5064199740515798, ENS: 0.30835783301410036
2024-10-20 02:38:50,227 - INFO - Mean validation L1 loss: 0.02129470073091595
2024-10-20 02:38:50,227 - INFO - Mean validation SSIM loss: 0.7102823615273505
2024-10-20 02:38:50,227 - INFO - Mean validation MSE loss: 0.0
2024-10-20 02:38:50,227 - INFO - Mean validation VGG loss: 0.0
2024-10-20 02:38:50,881 - INFO - New best Earthnet Score 0.30835783301410036, at epoch 30
2024-10-20 02:38:51,442 - INFO - Epoch 31
-------------------------------
2024-10-20 02:38:51,442 - INFO - Learning Rate of group 0: 0.00040712431523717585
2024-10-20 02:38:51,442 - INFO - Learning Rate of group 1: 0.00040712431523717585
2024-10-20 03:27:53,102 - INFO - Maximum gradient before clipping: 5.223785400390625
2024-10-20 03:27:53,103 - INFO - Minimum gradient before clipping: -14.21971607208252
2024-10-20 03:27:53,103 - INFO - Mean training L1 loss: 0.021806167029249448
2024-10-20 03:27:53,104 - INFO - Mean training SSIM loss: 0.7240812869712131
2024-10-20 03:27:53,104 - INFO - Mean training MSE loss: 0.0
2024-10-20 03:27:53,104 - INFO - Mean training VGG loss: 0.0
2024-10-20 03:31:58,077 - INFO - Mean validation L1 loss: 0.020337548022809435
2024-10-20 03:31:58,077 - INFO - Mean validation SSIM loss: 0.7004693144539925
2024-10-20 03:31:58,077 - INFO - Mean validation MSE loss: 0.0
2024-10-20 03:31:58,077 - INFO - Mean validation VGG loss: 0.0
2024-10-20 03:31:58,760 - INFO - New best validation Loss 0.020337548022809435, at epoch 31
2024-10-20 03:31:59,370 - INFO - Epoch 32
-------------------------------
2024-10-20 03:31:59,370 - INFO - Learning Rate of group 0: 0.00040240841418470925
2024-10-20 03:31:59,370 - INFO - Learning Rate of group 1: 0.00040240841418470925
2024-10-20 04:21:03,545 - INFO - Maximum gradient before clipping: 6.09126091003418
2024-10-20 04:21:03,546 - INFO - Minimum gradient before clipping: -8.089780807495117
2024-10-20 04:21:03,546 - INFO - Mean training L1 loss: 0.021800559638469278
2024-10-20 04:21:03,547 - INFO - Mean training SSIM loss: 0.722862396989094
2024-10-20 04:21:03,547 - INFO - Mean training MSE loss: 0.0
2024-10-20 04:21:03,547 - INFO - Mean training VGG loss: 0.0
2024-10-20 04:25:08,743 - INFO - Mean validation L1 loss: 0.01990526449402489
2024-10-20 04:25:08,743 - INFO - Mean validation SSIM loss: 0.6914936809436135
2024-10-20 04:25:08,743 - INFO - Mean validation MSE loss: 0.0
2024-10-20 04:25:08,743 - INFO - Mean validation VGG loss: 0.0
2024-10-20 04:25:09,298 - INFO - New best validation Loss 0.01990526449402489, at epoch 32
2024-10-20 04:25:09,861 - INFO - Epoch 33
-------------------------------
2024-10-20 04:25:09,862 - INFO - Learning Rate of group 0: 0.00039747697748021067
2024-10-20 04:25:09,862 - INFO - Learning Rate of group 1: 0.00039747697748021067
2024-10-20 05:14:14,004 - INFO - Maximum gradient before clipping: 6.430152893066406
2024-10-20 05:14:14,005 - INFO - Minimum gradient before clipping: -10.415045738220215
2024-10-20 05:14:14,005 - INFO - Mean training L1 loss: 0.02165621857847107
2024-10-20 05:14:14,006 - INFO - Mean training SSIM loss: 0.7201923542519286
2024-10-20 05:14:14,006 - INFO - Mean training MSE loss: 0.0
2024-10-20 05:14:14,006 - INFO - Mean training VGG loss: 0.0
2024-10-20 05:18:19,555 - INFO - Mean validation L1 loss: 0.02046082312876614
2024-10-20 05:18:19,556 - INFO - Mean validation SSIM loss: 0.7018521076261399
2024-10-20 05:18:19,556 - INFO - Mean validation MSE loss: 0.0
2024-10-20 05:18:19,556 - INFO - Mean validation VGG loss: 0.0
2024-10-20 05:18:20,176 - INFO - Epoch 34
-------------------------------
2024-10-20 05:18:20,176 - INFO - Learning Rate of group 0: 0.00039233601331967513
2024-10-20 05:18:20,176 - INFO - Learning Rate of group 1: 0.00039233601331967513
2024-10-20 06:06:50,201 - INFO - NOTE: None
2024-10-20 06:06:50,257 - INFO - Torch, random, numpy seed: 88
2024-10-20 06:06:50,740 - INFO - load model from: /home/nikoskot/earthnetThesis/swin_tiny_patch244_window877_kinetics400_1k.pth
2024-10-20 06:06:50,813 - INFO - _IncompatibleKeys(missing_keys=['encoder.layers.0.blocks.0.attn.relative_position_index', 'encoder.layers.0.blocks.1.attn.relative_position_index', 'encoder.layers.1.blocks.0.attn.relative_position_index', 'encoder.layers.1.blocks.1.attn.relative_position_index', 'decoder.layers.0.blocks.0.norm1.weight', 'decoder.layers.0.blocks.0.norm1.bias', 'decoder.layers.0.blocks.0.attn.relative_position_bias_table', 'decoder.layers.0.blocks.0.attn.relative_position_index', 'decoder.layers.0.blocks.0.attn.qkv.weight', 'decoder.layers.0.blocks.0.attn.qkv.bias', 'decoder.layers.0.blocks.0.attn.proj.weight', 'decoder.layers.0.blocks.0.attn.proj.bias', 'decoder.layers.0.blocks.0.norm2.weight', 'decoder.layers.0.blocks.0.norm2.bias', 'decoder.layers.0.blocks.0.mlp.fc1.weight', 'decoder.layers.0.blocks.0.mlp.fc1.bias', 'decoder.layers.0.blocks.0.mlp.fc2.weight', 'decoder.layers.0.blocks.0.mlp.fc2.bias', 'decoder.layers.0.blocks.1.norm1.weight', 'decoder.layers.0.blocks.1.norm1.bias', 'decoder.layers.0.blocks.1.attn.relative_position_bias_table', 'decoder.layers.0.blocks.1.attn.relative_position_index', 'decoder.layers.0.blocks.1.attn.qkv.weight', 'decoder.layers.0.blocks.1.attn.qkv.bias', 'decoder.layers.0.blocks.1.attn.proj.weight', 'decoder.layers.0.blocks.1.attn.proj.bias', 'decoder.layers.0.blocks.1.norm2.weight', 'decoder.layers.0.blocks.1.norm2.bias', 'decoder.layers.0.blocks.1.mlp.fc1.weight', 'decoder.layers.0.blocks.1.mlp.fc1.bias', 'decoder.layers.0.blocks.1.mlp.fc2.weight', 'decoder.layers.0.blocks.1.mlp.fc2.bias', 'decoder.layers.0.upsample.conv.weight', 'decoder.layers.0.upsample.conv.bias', 'decoder.layers.0.upsample.norm.weight', 'decoder.layers.0.upsample.norm.bias', 'decoder.layers.1.blocks.0.norm1.weight', 'decoder.layers.1.blocks.0.norm1.bias', 'decoder.layers.1.blocks.0.attn.relative_position_bias_table', 'decoder.layers.1.blocks.0.attn.relative_position_index', 'decoder.layers.1.blocks.0.attn.qkv.weight', 'decoder.layers.1.blocks.0.attn.qkv.bias', 'decoder.layers.1.blocks.0.attn.proj.weight', 'decoder.layers.1.blocks.0.attn.proj.bias', 'decoder.layers.1.blocks.0.norm2.weight', 'decoder.layers.1.blocks.0.norm2.bias', 'decoder.layers.1.blocks.0.mlp.fc1.weight', 'decoder.layers.1.blocks.0.mlp.fc1.bias', 'decoder.layers.1.blocks.0.mlp.fc2.weight', 'decoder.layers.1.blocks.0.mlp.fc2.bias', 'decoder.layers.1.blocks.1.norm1.weight', 'decoder.layers.1.blocks.1.norm1.bias', 'decoder.layers.1.blocks.1.attn.relative_position_bias_table', 'decoder.layers.1.blocks.1.attn.relative_position_index', 'decoder.layers.1.blocks.1.attn.qkv.weight', 'decoder.layers.1.blocks.1.attn.qkv.bias', 'decoder.layers.1.blocks.1.attn.proj.weight', 'decoder.layers.1.blocks.1.attn.proj.bias', 'decoder.layers.1.blocks.1.norm2.weight', 'decoder.layers.1.blocks.1.norm2.bias', 'decoder.layers.1.blocks.1.mlp.fc1.weight', 'decoder.layers.1.blocks.1.mlp.fc1.bias', 'decoder.layers.1.blocks.1.mlp.fc2.weight', 'decoder.layers.1.blocks.1.mlp.fc2.bias', 'head.conv1.weight', 'head.conv1.bias', 'head.conv2.weight', 'head.conv2.bias', 'head.conv3.weight', 'head.conv3.bias'], unexpected_keys=['encoder.layers.2.downsample.reduction.weight', 'encoder.layers.2.downsample.norm.weight', 'encoder.layers.2.downsample.norm.bias', 'encoder.layers.2.blocks.0.norm1.weight', 'encoder.layers.2.blocks.0.norm1.bias', 'encoder.layers.2.blocks.0.attn.qkv.weight', 'encoder.layers.2.blocks.0.attn.qkv.bias', 'encoder.layers.2.blocks.0.attn.proj.weight', 'encoder.layers.2.blocks.0.attn.proj.bias', 'encoder.layers.2.blocks.0.norm2.weight', 'encoder.layers.2.blocks.0.norm2.bias', 'encoder.layers.2.blocks.0.mlp.fc1.weight', 'encoder.layers.2.blocks.0.mlp.fc1.bias', 'encoder.layers.2.blocks.0.mlp.fc2.weight', 'encoder.layers.2.blocks.0.mlp.fc2.bias', 'encoder.layers.2.blocks.1.norm1.weight', 'encoder.layers.2.blocks.1.norm1.bias', 'encoder.layers.2.blocks.1.attn.qkv.weight', 'encoder.layers.2.blocks.1.attn.qkv.bias', 'encoder.layers.2.blocks.1.attn.proj.weight', 'encoder.layers.2.blocks.1.attn.proj.bias', 'encoder.layers.2.blocks.1.norm2.weight', 'encoder.layers.2.blocks.1.norm2.bias', 'encoder.layers.2.blocks.1.mlp.fc1.weight', 'encoder.layers.2.blocks.1.mlp.fc1.bias', 'encoder.layers.2.blocks.1.mlp.fc2.weight', 'encoder.layers.2.blocks.1.mlp.fc2.bias', 'encoder.layers.2.blocks.2.norm1.weight', 'encoder.layers.2.blocks.2.norm1.bias', 'encoder.layers.2.blocks.2.attn.qkv.weight', 'encoder.layers.2.blocks.2.attn.qkv.bias', 'encoder.layers.2.blocks.2.attn.proj.weight', 'encoder.layers.2.blocks.2.attn.proj.bias', 'encoder.layers.2.blocks.2.norm2.weight', 'encoder.layers.2.blocks.2.norm2.bias', 'encoder.layers.2.blocks.2.mlp.fc1.weight', 'encoder.layers.2.blocks.2.mlp.fc1.bias', 'encoder.layers.2.blocks.2.mlp.fc2.weight', 'encoder.layers.2.blocks.2.mlp.fc2.bias', 'encoder.layers.2.blocks.3.norm1.weight', 'encoder.layers.2.blocks.3.norm1.bias', 'encoder.layers.2.blocks.3.attn.qkv.weight', 'encoder.layers.2.blocks.3.attn.qkv.bias', 'encoder.layers.2.blocks.3.attn.proj.weight', 'encoder.layers.2.blocks.3.attn.proj.bias', 'encoder.layers.2.blocks.3.norm2.weight', 'encoder.layers.2.blocks.3.norm2.bias', 'encoder.layers.2.blocks.3.mlp.fc1.weight', 'encoder.layers.2.blocks.3.mlp.fc1.bias', 'encoder.layers.2.blocks.3.mlp.fc2.weight', 'encoder.layers.2.blocks.3.mlp.fc2.bias', 'encoder.layers.2.blocks.4.norm1.weight', 'encoder.layers.2.blocks.4.norm1.bias', 'encoder.layers.2.blocks.4.attn.qkv.weight', 'encoder.layers.2.blocks.4.attn.qkv.bias', 'encoder.layers.2.blocks.4.attn.proj.weight', 'encoder.layers.2.blocks.4.attn.proj.bias', 'encoder.layers.2.blocks.4.norm2.weight', 'encoder.layers.2.blocks.4.norm2.bias', 'encoder.layers.2.blocks.4.mlp.fc1.weight', 'encoder.layers.2.blocks.4.mlp.fc1.bias', 'encoder.layers.2.blocks.4.mlp.fc2.weight', 'encoder.layers.2.blocks.4.mlp.fc2.bias', 'encoder.layers.2.blocks.5.norm1.weight', 'encoder.layers.2.blocks.5.norm1.bias', 'encoder.layers.2.blocks.5.attn.qkv.weight', 'encoder.layers.2.blocks.5.attn.qkv.bias', 'encoder.layers.2.blocks.5.attn.proj.weight', 'encoder.layers.2.blocks.5.attn.proj.bias', 'encoder.layers.2.blocks.5.norm2.weight', 'encoder.layers.2.blocks.5.norm2.bias', 'encoder.layers.2.blocks.5.mlp.fc1.weight', 'encoder.layers.2.blocks.5.mlp.fc1.bias', 'encoder.layers.2.blocks.5.mlp.fc2.weight', 'encoder.layers.2.blocks.5.mlp.fc2.bias', 'encoder.layers.3.downsample.reduction.weight', 'encoder.layers.3.downsample.norm.weight', 'encoder.layers.3.downsample.norm.bias'])
2024-10-20 06:06:50,813 - INFO - => loaded successfully '/home/nikoskot/earthnetThesis/swin_tiny_patch244_window877_kinetics400_1k.pth'
2024-10-20 06:06:52,634 - INFO - Resuming training from checkpoint /home/nikoskot/earthnetThesis/experiments/videoSwinUnetV1/videoSwinUnetV1_18-10-2024_22-05-03/checkpointLast.pth from epoch 34
2024-10-20 06:07:00,225 - INFO - Epoch 34
-------------------------------
2024-10-20 06:07:00,225 - INFO - Learning Rate of group 0: 0.00039747697748021067
2024-10-20 06:07:00,225 - INFO - Learning Rate of group 1: 0.00039747697748021067
2024-10-20 06:56:07,564 - INFO - Maximum gradient before clipping: 6.828498840332031
2024-10-20 06:56:07,565 - INFO - Minimum gradient before clipping: -8.382201194763184
2024-10-20 06:56:07,565 - INFO - Mean training L1 loss: 0.021481895634288296
2024-10-20 06:56:07,566 - INFO - Mean training SSIM loss: 0.7164055885554657
2024-10-20 06:56:07,566 - INFO - Mean training MSE loss: 0.0
2024-10-20 06:56:07,566 - INFO - Mean training VGG loss: 0.0
2024-10-20 07:00:13,577 - INFO - Mean validation L1 loss: 0.022109947734228943
2024-10-20 07:00:13,577 - INFO - Mean validation SSIM loss: 0.7053297944491523
2024-10-20 07:00:13,577 - INFO - Mean validation MSE loss: 0.0
2024-10-20 07:00:13,577 - INFO - Mean validation VGG loss: 0.0
2024-10-20 07:00:14,194 - INFO - Epoch 35
-------------------------------
2024-10-20 07:00:14,195 - INFO - Learning Rate of group 0: 0.00039233601331967513
2024-10-20 07:00:14,195 - INFO - Learning Rate of group 1: 0.00039233601331967513
2024-10-20 07:49:20,836 - INFO - Maximum gradient before clipping: 5.881252765655518
2024-10-20 07:49:20,837 - INFO - Minimum gradient before clipping: -7.71121072769165
2024-10-20 07:49:20,837 - INFO - Mean training L1 loss: 0.02141374863632762
2024-10-20 07:49:20,837 - INFO - Mean training SSIM loss: 0.7150692796916555
2024-10-20 07:49:20,837 - INFO - Mean training MSE loss: 0.0
2024-10-20 07:49:20,837 - INFO - Mean training VGG loss: 0.0
2024-10-20 07:53:26,778 - INFO - Mean validation L1 loss: 0.019615380112144063
2024-10-20 07:53:26,779 - INFO - Mean validation SSIM loss: 0.6872813870077548
2024-10-20 07:53:26,779 - INFO - Mean validation MSE loss: 0.0
2024-10-20 07:53:26,779 - INFO - Mean validation VGG loss: 0.0
2024-10-20 07:53:27,387 - INFO - New best validation Loss 0.019615380112144063, at epoch 35
2024-10-20 07:53:27,934 - INFO - Epoch 36
-------------------------------
2024-10-20 07:53:27,934 - INFO - Learning Rate of group 0: 0.0003869917851760273
2024-10-20 07:53:27,934 - INFO - Learning Rate of group 1: 0.0003869917851760273
2024-10-20 08:42:33,561 - INFO - Maximum gradient before clipping: 8.663347244262695
2024-10-20 08:42:33,561 - INFO - Minimum gradient before clipping: -8.852567672729492
2024-10-20 08:42:33,562 - INFO - Mean training L1 loss: 0.021346445674476314
2024-10-20 08:42:33,562 - INFO - Mean training SSIM loss: 0.7127041568919636
2024-10-20 08:42:33,562 - INFO - Mean training MSE loss: 0.0
2024-10-20 08:42:33,562 - INFO - Mean training VGG loss: 0.0
2024-10-20 08:46:39,304 - INFO - Mean validation L1 loss: 0.020536441313893997
2024-10-20 08:46:39,304 - INFO - Mean validation SSIM loss: 0.6847393049244896
2024-10-20 08:46:39,304 - INFO - Mean validation MSE loss: 0.0
2024-10-20 08:46:39,304 - INFO - Mean validation VGG loss: 0.0
2024-10-20 08:46:39,887 - INFO - Epoch 37
-------------------------------
2024-10-20 08:46:39,888 - INFO - Learning Rate of group 0: 0.000381450804168045
2024-10-20 08:46:39,888 - INFO - Learning Rate of group 1: 0.000381450804168045
2024-10-20 09:35:45,386 - INFO - Maximum gradient before clipping: 5.642770290374756
2024-10-20 09:35:45,387 - INFO - Minimum gradient before clipping: -13.198017120361328
2024-10-20 09:35:45,387 - INFO - Mean training L1 loss: 0.021100590763117343
2024-10-20 09:35:45,388 - INFO - Mean training SSIM loss: 0.709180558640206
2024-10-20 09:35:45,388 - INFO - Mean training MSE loss: 0.0
2024-10-20 09:35:45,388 - INFO - Mean training VGG loss: 0.0
2024-10-20 09:39:50,959 - INFO - Mean validation L1 loss: 0.020105626102362488
2024-10-20 09:39:50,959 - INFO - Mean validation SSIM loss: 0.6789809427532464
2024-10-20 09:39:50,960 - INFO - Mean validation MSE loss: 0.0
2024-10-20 09:39:50,960 - INFO - Mean validation VGG loss: 0.0
2024-10-20 09:39:51,582 - INFO - Epoch 38
-------------------------------
2024-10-20 09:39:51,582 - INFO - Learning Rate of group 0: 0.0003757198211275638
2024-10-20 09:39:51,582 - INFO - Learning Rate of group 1: 0.0003757198211275638
2024-10-20 10:28:57,539 - INFO - Maximum gradient before clipping: 6.653997421264648
2024-10-20 10:28:57,540 - INFO - Minimum gradient before clipping: -8.425298690795898
2024-10-20 10:28:57,540 - INFO - Mean training L1 loss: 0.0210140937532636
2024-10-20 10:28:57,540 - INFO - Mean training SSIM loss: 0.7075644223224364
2024-10-20 10:28:57,540 - INFO - Mean training MSE loss: 0.0
2024-10-20 10:28:57,540 - INFO - Mean training VGG loss: 0.0
2024-10-20 10:33:03,351 - INFO - Mean validation L1 loss: 0.02017444733337166
2024-10-20 10:33:03,352 - INFO - Mean validation SSIM loss: 0.6867920677598105
2024-10-20 10:33:03,352 - INFO - Mean validation MSE loss: 0.0
2024-10-20 10:33:03,352 - INFO - Mean validation VGG loss: 0.0
2024-10-20 10:33:03,909 - INFO - Epoch 39
-------------------------------
2024-10-20 10:33:03,909 - INFO - Learning Rate of group 0: 0.00036980581837462817
2024-10-20 10:33:03,909 - INFO - Learning Rate of group 1: 0.00036980581837462817
2024-10-20 11:22:09,857 - INFO - Maximum gradient before clipping: 5.755941390991211
2024-10-20 11:22:09,858 - INFO - Minimum gradient before clipping: -8.229032516479492
2024-10-20 11:22:09,858 - INFO - Mean training L1 loss: 0.020982574045561513
2024-10-20 11:22:09,858 - INFO - Mean training SSIM loss: 0.70572210223243
2024-10-20 11:22:09,858 - INFO - Mean training MSE loss: 0.0
2024-10-20 11:22:09,858 - INFO - Mean training VGG loss: 0.0
2024-10-20 11:26:15,400 - INFO - Mean validation L1 loss: 0.020509691997727123
2024-10-20 11:26:15,400 - INFO - Mean validation SSIM loss: 0.6960147323217679
2024-10-20 11:26:15,400 - INFO - Mean validation MSE loss: 0.0
2024-10-20 11:26:15,400 - INFO - Mean validation VGG loss: 0.0
2024-10-20 11:26:16,060 - INFO - Epoch 40
-------------------------------
2024-10-20 11:26:16,060 - INFO - Learning Rate of group 0: 0.0003637160012106104
2024-10-20 11:26:16,060 - INFO - Learning Rate of group 1: 0.0003637160012106104
2024-10-20 12:15:22,042 - INFO - Maximum gradient before clipping: 5.7847819328308105
2024-10-20 12:15:22,043 - INFO - Minimum gradient before clipping: -7.348913669586182
2024-10-20 12:15:22,044 - INFO - Mean training L1 loss: 0.020898575057084343
2024-10-20 12:15:22,044 - INFO - Mean training SSIM loss: 0.704101113932046
2024-10-20 12:15:22,044 - INFO - Mean training MSE loss: 0.0
2024-10-20 12:15:22,044 - INFO - Mean training VGG loss: 0.0
2024-10-20 12:22:03,883 - INFO - Validation split Earthnet Score on epoch 40
2024-10-20 12:26:19,448 - INFO - MAD: 0.2595355531079257, OLS: 0.345227691757608, EMD: 0.2571889394207665, SSIM: 0.5462681521844204, ENS: 0.32080920589679784
2024-10-20 12:26:19,449 - INFO - Mean validation L1 loss: 0.01929575083528125
2024-10-20 12:26:19,449 - INFO - Mean validation SSIM loss: 0.6730194952974351
2024-10-20 12:26:19,449 - INFO - Mean validation MSE loss: 0.0
2024-10-20 12:26:19,449 - INFO - Mean validation VGG loss: 0.0
2024-10-20 12:26:20,013 - INFO - New best validation Loss 0.01929575083528125, at epoch 40
2024-10-20 12:26:20,556 - INFO - New best Earthnet Score 0.32080920589679784, at epoch 40
2024-10-20 12:26:21,134 - INFO - Epoch 41
-------------------------------
2024-10-20 12:26:21,135 - INFO - Learning Rate of group 0: 0.00035745778913966035
2024-10-20 12:26:21,135 - INFO - Learning Rate of group 1: 0.00035745778913966035
