2024-07-23 07:21:15,936 - INFO - NOTE: None
2024-07-23 07:21:16,764 - INFO - load model from: /home/nikoskot/earthnetThesis/swin_tiny_patch4_window7_224_22k.pth
2024-07-23 07:21:17,994 - INFO - _IncompatibleKeys(missing_keys=['encoder.enc_swin_blocks.0.blocks.0.norm1.weight', 'encoder.enc_swin_blocks.0.blocks.0.norm1.bias', 'encoder.enc_swin_blocks.0.blocks.0.attn.relative_position_index', 'encoder.enc_swin_blocks.0.blocks.0.attn.qkv.weight', 'encoder.enc_swin_blocks.0.blocks.0.attn.proj.weight', 'encoder.enc_swin_blocks.0.blocks.0.attn.proj.bias', 'encoder.enc_swin_blocks.0.blocks.0.norm2.weight', 'encoder.enc_swin_blocks.0.blocks.0.norm2.bias', 'encoder.enc_swin_blocks.0.blocks.0.mlp.fc1.weight', 'encoder.enc_swin_blocks.0.blocks.0.mlp.fc1.bias', 'encoder.enc_swin_blocks.0.blocks.0.mlp.fc2.weight', 'encoder.enc_swin_blocks.0.blocks.0.mlp.fc2.bias', 'encoder.enc_swin_blocks.0.blocks.1.norm1.weight', 'encoder.enc_swin_blocks.0.blocks.1.norm1.bias', 'encoder.enc_swin_blocks.0.blocks.1.attn.relative_position_index', 'encoder.enc_swin_blocks.0.blocks.1.attn.qkv.weight', 'encoder.enc_swin_blocks.0.blocks.1.attn.proj.weight', 'encoder.enc_swin_blocks.0.blocks.1.attn.proj.bias', 'encoder.enc_swin_blocks.0.blocks.1.norm2.weight', 'encoder.enc_swin_blocks.0.blocks.1.norm2.bias', 'encoder.enc_swin_blocks.0.blocks.1.mlp.fc1.weight', 'encoder.enc_swin_blocks.0.blocks.1.mlp.fc1.bias', 'encoder.enc_swin_blocks.0.blocks.1.mlp.fc2.weight', 'encoder.enc_swin_blocks.0.blocks.1.mlp.fc2.bias', 'encoder.enc_swin_blocks.1.blocks.0.norm1.weight', 'encoder.enc_swin_blocks.1.blocks.0.norm1.bias', 'encoder.enc_swin_blocks.1.blocks.0.attn.relative_position_index', 'encoder.enc_swin_blocks.1.blocks.0.attn.qkv.weight', 'encoder.enc_swin_blocks.1.blocks.0.attn.proj.weight', 'encoder.enc_swin_blocks.1.blocks.0.attn.proj.bias', 'encoder.enc_swin_blocks.1.blocks.0.norm2.weight', 'encoder.enc_swin_blocks.1.blocks.0.norm2.bias', 'encoder.enc_swin_blocks.1.blocks.0.mlp.fc1.weight', 'encoder.enc_swin_blocks.1.blocks.0.mlp.fc1.bias', 'encoder.enc_swin_blocks.1.blocks.0.mlp.fc2.weight', 'encoder.enc_swin_blocks.1.blocks.0.mlp.fc2.bias', 'encoder.enc_swin_blocks.1.blocks.1.norm1.weight', 'encoder.enc_swin_blocks.1.blocks.1.norm1.bias', 'encoder.enc_swin_blocks.1.blocks.1.attn.relative_position_index', 'encoder.enc_swin_blocks.1.blocks.1.attn.qkv.weight', 'encoder.enc_swin_blocks.1.blocks.1.attn.proj.weight', 'encoder.enc_swin_blocks.1.blocks.1.attn.proj.bias', 'encoder.enc_swin_blocks.1.blocks.1.norm2.weight', 'encoder.enc_swin_blocks.1.blocks.1.norm2.bias', 'encoder.enc_swin_blocks.1.blocks.1.mlp.fc1.weight', 'encoder.enc_swin_blocks.1.blocks.1.mlp.fc1.bias', 'encoder.enc_swin_blocks.1.blocks.1.mlp.fc2.weight', 'encoder.enc_swin_blocks.1.blocks.1.mlp.fc2.bias', 'encoder.enc_swin_blocks.2.blocks.0.norm1.weight', 'encoder.enc_swin_blocks.2.blocks.0.norm1.bias', 'encoder.enc_swin_blocks.2.blocks.0.attn.relative_position_index', 'encoder.enc_swin_blocks.2.blocks.0.attn.qkv.weight', 'encoder.enc_swin_blocks.2.blocks.0.attn.proj.weight', 'encoder.enc_swin_blocks.2.blocks.0.attn.proj.bias', 'encoder.enc_swin_blocks.2.blocks.0.norm2.weight', 'encoder.enc_swin_blocks.2.blocks.0.norm2.bias', 'encoder.enc_swin_blocks.2.blocks.0.mlp.fc1.weight', 'encoder.enc_swin_blocks.2.blocks.0.mlp.fc1.bias', 'encoder.enc_swin_blocks.2.blocks.0.mlp.fc2.weight', 'encoder.enc_swin_blocks.2.blocks.0.mlp.fc2.bias', 'encoder.enc_swin_blocks.2.blocks.1.norm1.weight', 'encoder.enc_swin_blocks.2.blocks.1.norm1.bias', 'encoder.enc_swin_blocks.2.blocks.1.attn.relative_position_index', 'encoder.enc_swin_blocks.2.blocks.1.attn.qkv.weight', 'encoder.enc_swin_blocks.2.blocks.1.attn.proj.weight', 'encoder.enc_swin_blocks.2.blocks.1.attn.proj.bias', 'encoder.enc_swin_blocks.2.blocks.1.norm2.weight', 'encoder.enc_swin_blocks.2.blocks.1.norm2.bias', 'encoder.enc_swin_blocks.2.blocks.1.mlp.fc1.weight', 'encoder.enc_swin_blocks.2.blocks.1.mlp.fc1.bias', 'encoder.enc_swin_blocks.2.blocks.1.mlp.fc2.weight', 'encoder.enc_swin_blocks.2.blocks.1.mlp.fc2.bias', 'encoder.enc_patch_merge_blocks.0.reduction.weight', 'encoder.enc_patch_merge_blocks.0.norm.weight', 'encoder.enc_patch_merge_blocks.0.norm.bias', 'encoder.enc_patch_merge_blocks.1.reduction.weight', 'encoder.enc_patch_merge_blocks.1.norm.weight', 'encoder.enc_patch_merge_blocks.1.norm.bias', 'encoder.enc_patch_merge_blocks.2.reduction.weight', 'encoder.enc_patch_merge_blocks.2.norm.weight', 'encoder.enc_patch_merge_blocks.2.norm.bias', 'bottleneck.blocks.0.norm1.weight', 'bottleneck.blocks.0.norm1.bias', 'bottleneck.blocks.0.attn.relative_position_bias_table', 'bottleneck.blocks.0.attn.relative_position_index', 'bottleneck.blocks.0.attn.qkv.weight', 'bottleneck.blocks.0.attn.proj.weight', 'bottleneck.blocks.0.attn.proj.bias', 'bottleneck.blocks.0.norm2.weight', 'bottleneck.blocks.0.norm2.bias', 'bottleneck.blocks.0.mlp.fc1.weight', 'bottleneck.blocks.0.mlp.fc1.bias', 'bottleneck.blocks.0.mlp.fc2.weight', 'bottleneck.blocks.0.mlp.fc2.bias', 'bottleneck.blocks.1.norm1.weight', 'bottleneck.blocks.1.norm1.bias', 'bottleneck.blocks.1.attn.relative_position_bias_table', 'bottleneck.blocks.1.attn.relative_position_index', 'bottleneck.blocks.1.attn.qkv.weight', 'bottleneck.blocks.1.attn.proj.weight', 'bottleneck.blocks.1.attn.proj.bias', 'bottleneck.blocks.1.norm2.weight', 'bottleneck.blocks.1.norm2.bias', 'bottleneck.blocks.1.mlp.fc1.weight', 'bottleneck.blocks.1.mlp.fc1.bias', 'bottleneck.blocks.1.mlp.fc2.weight', 'bottleneck.blocks.1.mlp.fc2.bias', 'decoder.dec_swin_blocks.0.blocks.0.norm1.weight', 'decoder.dec_swin_blocks.0.blocks.0.norm1.bias', 'decoder.dec_swin_blocks.0.blocks.0.attn.relative_position_bias_table', 'decoder.dec_swin_blocks.0.blocks.0.attn.relative_position_index', 'decoder.dec_swin_blocks.0.blocks.0.attn.qkv.weight', 'decoder.dec_swin_blocks.0.blocks.0.attn.proj.weight', 'decoder.dec_swin_blocks.0.blocks.0.attn.proj.bias', 'decoder.dec_swin_blocks.0.blocks.0.norm2.weight', 'decoder.dec_swin_blocks.0.blocks.0.norm2.bias', 'decoder.dec_swin_blocks.0.blocks.0.mlp.fc1.weight', 'decoder.dec_swin_blocks.0.blocks.0.mlp.fc1.bias', 'decoder.dec_swin_blocks.0.blocks.0.mlp.fc2.weight', 'decoder.dec_swin_blocks.0.blocks.0.mlp.fc2.bias', 'decoder.dec_swin_blocks.0.blocks.1.norm1.weight', 'decoder.dec_swin_blocks.0.blocks.1.norm1.bias', 'decoder.dec_swin_blocks.0.blocks.1.attn.relative_position_bias_table', 'decoder.dec_swin_blocks.0.blocks.1.attn.relative_position_index', 'decoder.dec_swin_blocks.0.blocks.1.attn.qkv.weight', 'decoder.dec_swin_blocks.0.blocks.1.attn.proj.weight', 'decoder.dec_swin_blocks.0.blocks.1.attn.proj.bias', 'decoder.dec_swin_blocks.0.blocks.1.norm2.weight', 'decoder.dec_swin_blocks.0.blocks.1.norm2.bias', 'decoder.dec_swin_blocks.0.blocks.1.mlp.fc1.weight', 'decoder.dec_swin_blocks.0.blocks.1.mlp.fc1.bias', 'decoder.dec_swin_blocks.0.blocks.1.mlp.fc2.weight', 'decoder.dec_swin_blocks.0.blocks.1.mlp.fc2.bias', 'decoder.dec_swin_blocks.1.blocks.0.norm1.weight', 'decoder.dec_swin_blocks.1.blocks.0.norm1.bias', 'decoder.dec_swin_blocks.1.blocks.0.attn.relative_position_bias_table', 'decoder.dec_swin_blocks.1.blocks.0.attn.relative_position_index', 'decoder.dec_swin_blocks.1.blocks.0.attn.qkv.weight', 'decoder.dec_swin_blocks.1.blocks.0.attn.proj.weight', 'decoder.dec_swin_blocks.1.blocks.0.attn.proj.bias', 'decoder.dec_swin_blocks.1.blocks.0.norm2.weight', 'decoder.dec_swin_blocks.1.blocks.0.norm2.bias', 'decoder.dec_swin_blocks.1.blocks.0.mlp.fc1.weight', 'decoder.dec_swin_blocks.1.blocks.0.mlp.fc1.bias', 'decoder.dec_swin_blocks.1.blocks.0.mlp.fc2.weight', 'decoder.dec_swin_blocks.1.blocks.0.mlp.fc2.bias', 'decoder.dec_swin_blocks.1.blocks.1.norm1.weight', 'decoder.dec_swin_blocks.1.blocks.1.norm1.bias', 'decoder.dec_swin_blocks.1.blocks.1.attn.relative_position_bias_table', 'decoder.dec_swin_blocks.1.blocks.1.attn.relative_position_index', 'decoder.dec_swin_blocks.1.blocks.1.attn.qkv.weight', 'decoder.dec_swin_blocks.1.blocks.1.attn.proj.weight', 'decoder.dec_swin_blocks.1.blocks.1.attn.proj.bias', 'decoder.dec_swin_blocks.1.blocks.1.norm2.weight', 'decoder.dec_swin_blocks.1.blocks.1.norm2.bias', 'decoder.dec_swin_blocks.1.blocks.1.mlp.fc1.weight', 'decoder.dec_swin_blocks.1.blocks.1.mlp.fc1.bias', 'decoder.dec_swin_blocks.1.blocks.1.mlp.fc2.weight', 'decoder.dec_swin_blocks.1.blocks.1.mlp.fc2.bias', 'decoder.dec_swin_blocks.2.blocks.0.norm1.weight', 'decoder.dec_swin_blocks.2.blocks.0.norm1.bias', 'decoder.dec_swin_blocks.2.blocks.0.attn.relative_position_bias_table', 'decoder.dec_swin_blocks.2.blocks.0.attn.relative_position_index', 'decoder.dec_swin_blocks.2.blocks.0.attn.qkv.weight', 'decoder.dec_swin_blocks.2.blocks.0.attn.proj.weight', 'decoder.dec_swin_blocks.2.blocks.0.attn.proj.bias', 'decoder.dec_swin_blocks.2.blocks.0.norm2.weight', 'decoder.dec_swin_blocks.2.blocks.0.norm2.bias', 'decoder.dec_swin_blocks.2.blocks.0.mlp.fc1.weight', 'decoder.dec_swin_blocks.2.blocks.0.mlp.fc1.bias', 'decoder.dec_swin_blocks.2.blocks.0.mlp.fc2.weight', 'decoder.dec_swin_blocks.2.blocks.0.mlp.fc2.bias', 'decoder.dec_swin_blocks.2.blocks.1.norm1.weight', 'decoder.dec_swin_blocks.2.blocks.1.norm1.bias', 'decoder.dec_swin_blocks.2.blocks.1.attn.relative_position_bias_table', 'decoder.dec_swin_blocks.2.blocks.1.attn.relative_position_index', 'decoder.dec_swin_blocks.2.blocks.1.attn.qkv.weight', 'decoder.dec_swin_blocks.2.blocks.1.attn.proj.weight', 'decoder.dec_swin_blocks.2.blocks.1.attn.proj.bias', 'decoder.dec_swin_blocks.2.blocks.1.norm2.weight', 'decoder.dec_swin_blocks.2.blocks.1.norm2.bias', 'decoder.dec_swin_blocks.2.blocks.1.mlp.fc1.weight', 'decoder.dec_swin_blocks.2.blocks.1.mlp.fc1.bias', 'decoder.dec_swin_blocks.2.blocks.1.mlp.fc2.weight', 'decoder.dec_swin_blocks.2.blocks.1.mlp.fc2.bias', 'decoder.dec_patch_expand_blocks.0.conv.weight', 'decoder.dec_patch_expand_blocks.0.conv.bias', 'decoder.dec_patch_expand_blocks.1.conv.weight', 'decoder.dec_patch_expand_blocks.1.conv.bias', 'decoder.dec_patch_expand_blocks.2.conv.weight', 'decoder.dec_patch_expand_blocks.2.conv.bias', 'decoder.skip_conn_concat.0.weight', 'decoder.skip_conn_concat.0.bias', 'decoder.skip_conn_concat.1.weight', 'decoder.skip_conn_concat.1.bias', 'decoder.skip_conn_concat.2.weight', 'decoder.skip_conn_concat.2.bias', 'final_expansion.conv.weight', 'final_expansion.conv.bias', 'head.conv1.weight', 'head.conv1.bias', 'head.conv2.weight', 'head.conv2.bias'], unexpected_keys=['layers.0.blocks.0.norm1.weight', 'layers.0.blocks.0.norm1.bias', 'layers.0.blocks.0.attn.relative_position_bias_table', 'layers.0.blocks.0.attn.qkv.weight', 'layers.0.blocks.0.attn.qkv.bias', 'layers.0.blocks.0.attn.proj.weight', 'layers.0.blocks.0.attn.proj.bias', 'layers.0.blocks.0.norm2.weight', 'layers.0.blocks.0.norm2.bias', 'layers.0.blocks.0.mlp.fc1.weight', 'layers.0.blocks.0.mlp.fc1.bias', 'layers.0.blocks.0.mlp.fc2.weight', 'layers.0.blocks.0.mlp.fc2.bias', 'layers.0.blocks.1.norm1.weight', 'layers.0.blocks.1.norm1.bias', 'layers.0.blocks.1.attn.relative_position_bias_table', 'layers.0.blocks.1.attn.qkv.weight', 'layers.0.blocks.1.attn.qkv.bias', 'layers.0.blocks.1.attn.proj.weight', 'layers.0.blocks.1.attn.proj.bias', 'layers.0.blocks.1.norm2.weight', 'layers.0.blocks.1.norm2.bias', 'layers.0.blocks.1.mlp.fc1.weight', 'layers.0.blocks.1.mlp.fc1.bias', 'layers.0.blocks.1.mlp.fc2.weight', 'layers.0.blocks.1.mlp.fc2.bias', 'layers.0.downsample.reduction.weight', 'layers.0.downsample.norm.weight', 'layers.0.downsample.norm.bias', 'layers.1.blocks.0.norm1.weight', 'layers.1.blocks.0.norm1.bias', 'layers.1.blocks.0.attn.relative_position_bias_table', 'layers.1.blocks.0.attn.qkv.weight', 'layers.1.blocks.0.attn.qkv.bias', 'layers.1.blocks.0.attn.proj.weight', 'layers.1.blocks.0.attn.proj.bias', 'layers.1.blocks.0.norm2.weight', 'layers.1.blocks.0.norm2.bias', 'layers.1.blocks.0.mlp.fc1.weight', 'layers.1.blocks.0.mlp.fc1.bias', 'layers.1.blocks.0.mlp.fc2.weight', 'layers.1.blocks.0.mlp.fc2.bias', 'layers.1.blocks.1.norm1.weight', 'layers.1.blocks.1.norm1.bias', 'layers.1.blocks.1.attn.relative_position_bias_table', 'layers.1.blocks.1.attn.qkv.weight', 'layers.1.blocks.1.attn.qkv.bias', 'layers.1.blocks.1.attn.proj.weight', 'layers.1.blocks.1.attn.proj.bias', 'layers.1.blocks.1.norm2.weight', 'layers.1.blocks.1.norm2.bias', 'layers.1.blocks.1.mlp.fc1.weight', 'layers.1.blocks.1.mlp.fc1.bias', 'layers.1.blocks.1.mlp.fc2.weight', 'layers.1.blocks.1.mlp.fc2.bias', 'layers.1.downsample.reduction.weight', 'layers.1.downsample.norm.weight', 'layers.1.downsample.norm.bias', 'layers.2.blocks.0.norm1.weight', 'layers.2.blocks.0.norm1.bias', 'layers.2.blocks.0.attn.relative_position_bias_table', 'layers.2.blocks.0.attn.qkv.weight', 'layers.2.blocks.0.attn.qkv.bias', 'layers.2.blocks.0.attn.proj.weight', 'layers.2.blocks.0.attn.proj.bias', 'layers.2.blocks.0.norm2.weight', 'layers.2.blocks.0.norm2.bias', 'layers.2.blocks.0.mlp.fc1.weight', 'layers.2.blocks.0.mlp.fc1.bias', 'layers.2.blocks.0.mlp.fc2.weight', 'layers.2.blocks.0.mlp.fc2.bias', 'layers.2.blocks.1.norm1.weight', 'layers.2.blocks.1.norm1.bias', 'layers.2.blocks.1.attn.relative_position_bias_table', 'layers.2.blocks.1.attn.qkv.weight', 'layers.2.blocks.1.attn.qkv.bias', 'layers.2.blocks.1.attn.proj.weight', 'layers.2.blocks.1.attn.proj.bias', 'layers.2.blocks.1.norm2.weight', 'layers.2.blocks.1.norm2.bias', 'layers.2.blocks.1.mlp.fc1.weight', 'layers.2.blocks.1.mlp.fc1.bias', 'layers.2.blocks.1.mlp.fc2.weight', 'layers.2.blocks.1.mlp.fc2.bias', 'layers.2.blocks.2.norm1.weight', 'layers.2.blocks.2.norm1.bias', 'layers.2.blocks.2.attn.relative_position_bias_table', 'layers.2.blocks.2.attn.qkv.weight', 'layers.2.blocks.2.attn.qkv.bias', 'layers.2.blocks.2.attn.proj.weight', 'layers.2.blocks.2.attn.proj.bias', 'layers.2.blocks.2.norm2.weight', 'layers.2.blocks.2.norm2.bias', 'layers.2.blocks.2.mlp.fc1.weight', 'layers.2.blocks.2.mlp.fc1.bias', 'layers.2.blocks.2.mlp.fc2.weight', 'layers.2.blocks.2.mlp.fc2.bias', 'layers.2.blocks.3.norm1.weight', 'layers.2.blocks.3.norm1.bias', 'layers.2.blocks.3.attn.relative_position_bias_table', 'layers.2.blocks.3.attn.qkv.weight', 'layers.2.blocks.3.attn.qkv.bias', 'layers.2.blocks.3.attn.proj.weight', 'layers.2.blocks.3.attn.proj.bias', 'layers.2.blocks.3.norm2.weight', 'layers.2.blocks.3.norm2.bias', 'layers.2.blocks.3.mlp.fc1.weight', 'layers.2.blocks.3.mlp.fc1.bias', 'layers.2.blocks.3.mlp.fc2.weight', 'layers.2.blocks.3.mlp.fc2.bias', 'layers.2.blocks.4.norm1.weight', 'layers.2.blocks.4.norm1.bias', 'layers.2.blocks.4.attn.relative_position_bias_table', 'layers.2.blocks.4.attn.qkv.weight', 'layers.2.blocks.4.attn.qkv.bias', 'layers.2.blocks.4.attn.proj.weight', 'layers.2.blocks.4.attn.proj.bias', 'layers.2.blocks.4.norm2.weight', 'layers.2.blocks.4.norm2.bias', 'layers.2.blocks.4.mlp.fc1.weight', 'layers.2.blocks.4.mlp.fc1.bias', 'layers.2.blocks.4.mlp.fc2.weight', 'layers.2.blocks.4.mlp.fc2.bias', 'layers.2.blocks.5.norm1.weight', 'layers.2.blocks.5.norm1.bias', 'layers.2.blocks.5.attn.relative_position_bias_table', 'layers.2.blocks.5.attn.qkv.weight', 'layers.2.blocks.5.attn.qkv.bias', 'layers.2.blocks.5.attn.proj.weight', 'layers.2.blocks.5.attn.proj.bias', 'layers.2.blocks.5.norm2.weight', 'layers.2.blocks.5.norm2.bias', 'layers.2.blocks.5.mlp.fc1.weight', 'layers.2.blocks.5.mlp.fc1.bias', 'layers.2.blocks.5.mlp.fc2.weight', 'layers.2.blocks.5.mlp.fc2.bias', 'layers.2.downsample.reduction.weight', 'layers.2.downsample.norm.weight', 'layers.2.downsample.norm.bias', 'layers.3.blocks.0.norm1.weight', 'layers.3.blocks.0.norm1.bias', 'layers.3.blocks.0.attn.relative_position_bias_table', 'layers.3.blocks.0.attn.qkv.weight', 'layers.3.blocks.0.attn.qkv.bias', 'layers.3.blocks.0.attn.proj.weight', 'layers.3.blocks.0.attn.proj.bias', 'layers.3.blocks.0.norm2.weight', 'layers.3.blocks.0.norm2.bias', 'layers.3.blocks.0.mlp.fc1.weight', 'layers.3.blocks.0.mlp.fc1.bias', 'layers.3.blocks.0.mlp.fc2.weight', 'layers.3.blocks.0.mlp.fc2.bias', 'layers.3.blocks.1.norm1.weight', 'layers.3.blocks.1.norm1.bias', 'layers.3.blocks.1.attn.relative_position_bias_table', 'layers.3.blocks.1.attn.qkv.weight', 'layers.3.blocks.1.attn.qkv.bias', 'layers.3.blocks.1.attn.proj.weight', 'layers.3.blocks.1.attn.proj.bias', 'layers.3.blocks.1.norm2.weight', 'layers.3.blocks.1.norm2.bias', 'layers.3.blocks.1.mlp.fc1.weight', 'layers.3.blocks.1.mlp.fc1.bias', 'layers.3.blocks.1.mlp.fc2.weight', 'layers.3.blocks.1.mlp.fc2.bias', 'patch_embed.norm.weight', 'patch_embed.norm.bias'])
2024-07-23 07:21:17,994 - INFO - => loaded successfully '/home/nikoskot/earthnetThesis/swin_tiny_patch4_window7_224_22k.pth'
2024-07-23 07:21:18,289 - INFO - Starting training from from epoch 0
2024-07-23 07:21:18,716 - INFO - Epoch 0
-------------------------------
2024-07-23 07:21:18,716 - INFO - Learning Rate of group 0: 0.0002
2024-07-23 07:49:28,192 - INFO - Mean training loss: 110.61038496345282
2024-07-23 07:51:53,989 - INFO - Mean validation loss: 8.529102332890034
2024-07-23 07:51:55,472 - INFO - New best validation Loss 8.529102332890034, at epoch 0
2024-07-23 07:51:55,473 - INFO - Epoch 1
-------------------------------
2024-07-23 07:51:55,473 - INFO - Learning Rate of group 0: 0.0002
2024-07-23 08:20:00,356 - INFO - Mean training loss: 33.767728082835674
2024-07-23 08:22:25,127 - INFO - Mean validation loss: 8.15213081985712
2024-07-23 08:22:26,466 - INFO - New best validation Loss 8.15213081985712, at epoch 1
2024-07-23 08:22:26,467 - INFO - Epoch 2
-------------------------------
2024-07-23 08:22:26,468 - INFO - Learning Rate of group 0: 0.0002
2024-07-23 08:50:30,988 - INFO - Mean training loss: 32.838940896093845
2024-07-23 08:52:55,445 - INFO - Mean validation loss: 7.900236930698156
2024-07-23 08:52:57,235 - INFO - New best validation Loss 7.900236930698156, at epoch 2
2024-07-23 08:52:57,236 - INFO - Epoch 3
-------------------------------
2024-07-23 08:52:57,237 - INFO - Learning Rate of group 0: 0.0002
2024-07-23 09:21:02,430 - INFO - Mean training loss: 31.156116474419832
2024-07-23 09:23:28,719 - INFO - Mean validation loss: 7.367413714528084
2024-07-23 09:23:30,147 - INFO - New best validation Loss 7.367413714528084, at epoch 3
2024-07-23 09:23:30,148 - INFO - Epoch 4
-------------------------------
2024-07-23 09:23:30,149 - INFO - Learning Rate of group 0: 0.0002
2024-07-23 09:51:35,296 - INFO - Mean training loss: 29.03028949536383
2024-07-23 09:54:00,012 - INFO - Mean validation loss: 6.886595595628023
2024-07-23 09:54:01,495 - INFO - New best validation Loss 6.886595595628023, at epoch 4
2024-07-23 09:54:01,496 - INFO - Epoch 5
-------------------------------
2024-07-23 09:54:01,496 - INFO - Learning Rate of group 0: 0.0002
2024-07-23 10:22:06,857 - INFO - Mean training loss: 27.083411745727062
2024-07-23 10:24:31,682 - INFO - Mean validation loss: 6.570140829309821
2024-07-23 10:24:33,467 - INFO - New best validation Loss 6.570140829309821, at epoch 5
2024-07-23 10:24:33,468 - INFO - Epoch 6
-------------------------------
2024-07-23 10:24:33,468 - INFO - Learning Rate of group 0: 0.0002
2024-07-23 10:52:39,006 - INFO - Mean training loss: 25.741653798148036
2024-07-23 10:55:03,423 - INFO - Mean validation loss: 6.376760747283697
2024-07-23 10:55:04,860 - INFO - New best validation Loss 6.376760747283697, at epoch 6
2024-07-23 10:55:04,861 - INFO - Epoch 7
-------------------------------
2024-07-23 10:55:04,862 - INFO - Learning Rate of group 0: 0.0002
2024-07-23 11:23:09,516 - INFO - Mean training loss: 24.420417500659823
2024-07-23 11:25:35,302 - INFO - Mean validation loss: 5.99616969563067
2024-07-23 11:25:37,113 - INFO - New best validation Loss 5.99616969563067, at epoch 7
2024-07-23 11:25:37,114 - INFO - Epoch 8
-------------------------------
2024-07-23 11:25:37,114 - INFO - Learning Rate of group 0: 0.0002
2024-07-23 11:53:42,823 - INFO - Mean training loss: 23.42044609412551
2024-07-23 11:56:08,988 - INFO - Mean validation loss: 5.738133190199733
2024-07-23 11:56:10,668 - INFO - New best validation Loss 5.738133190199733, at epoch 8
2024-07-23 11:56:10,669 - INFO - Epoch 9
-------------------------------
2024-07-23 11:56:10,669 - INFO - Learning Rate of group 0: 0.0002
2024-07-23 12:24:16,017 - INFO - Mean training loss: 22.599511930719018
2024-07-23 12:26:40,855 - INFO - Mean validation loss: 5.5589186660945415
2024-07-23 12:26:42,282 - INFO - New best validation Loss 5.5589186660945415, at epoch 9
2024-07-23 12:26:42,283 - INFO - Epoch 10
-------------------------------
2024-07-23 12:26:42,283 - INFO - Learning Rate of group 0: 0.0002
2024-07-23 12:54:48,057 - INFO - Mean training loss: 21.928657149896026
2024-07-23 12:57:14,177 - INFO - Mean validation loss: 5.34649663977325
2024-07-23 12:57:15,621 - INFO - New best validation Loss 5.34649663977325, at epoch 10
2024-07-23 12:57:15,622 - INFO - Epoch 11
-------------------------------
2024-07-23 12:57:15,622 - INFO - Learning Rate of group 0: 0.0002
2024-07-23 13:25:21,739 - INFO - Mean training loss: 21.410413473844528
2024-07-23 13:27:47,201 - INFO - Mean validation loss: 5.268387258052826
2024-07-23 13:27:48,630 - INFO - New best validation Loss 5.268387258052826, at epoch 11
2024-07-23 13:27:48,631 - INFO - Epoch 12
-------------------------------
2024-07-23 13:27:48,632 - INFO - Learning Rate of group 0: 0.0002
2024-07-23 13:55:52,414 - INFO - Mean training loss: 20.94449164904654
2024-07-23 13:58:17,650 - INFO - Mean validation loss: 5.148985739797354
2024-07-23 13:58:19,106 - INFO - New best validation Loss 5.148985739797354, at epoch 12
2024-07-23 13:58:19,107 - INFO - Epoch 13
-------------------------------
2024-07-23 13:58:19,107 - INFO - Learning Rate of group 0: 0.0002
2024-07-23 14:26:24,565 - INFO - Mean training loss: 560006093.8270421
2024-07-23 14:28:50,194 - INFO - Mean validation loss: 2945359.828125
2024-07-23 14:28:50,195 - INFO - Epoch 14
-------------------------------
2024-07-23 14:28:50,196 - INFO - Learning Rate of group 0: 0.0002
2024-07-23 14:56:56,121 - INFO - Mean training loss: 1258481.82087183
2024-07-23 14:59:20,372 - INFO - Mean validation loss: 556.6308083534241
2024-07-23 14:59:20,374 - INFO - Epoch 15
-------------------------------
2024-07-23 14:59:20,374 - INFO - Learning Rate of group 0: 0.0002
2024-07-23 15:27:27,546 - INFO - Mean training loss: 1600.1211766004562
2024-07-23 15:29:54,914 - INFO - Mean validation loss: 137.2177550792694
2024-07-23 15:29:54,915 - INFO - Epoch 16
-------------------------------
2024-07-23 15:29:54,915 - INFO - Learning Rate of group 0: 0.0002
2024-07-23 15:58:01,130 - INFO - Mean training loss: 898.3881042599678
2024-07-23 16:00:28,340 - INFO - Mean validation loss: 86.38192850351334
2024-07-23 16:00:28,342 - INFO - Epoch 17
-------------------------------
2024-07-23 16:00:28,342 - INFO - Learning Rate of group 0: 0.0002
2024-07-23 16:28:35,372 - INFO - Mean training loss: 896.4154225587845
2024-07-23 16:31:00,724 - INFO - Mean validation loss: 83.23380953073502
2024-07-23 16:31:00,725 - INFO - Epoch 18
-------------------------------
2024-07-23 16:31:00,726 - INFO - Learning Rate of group 0: 0.0002
2024-07-23 16:59:05,203 - INFO - Mean training loss: 162.1908266544342
2024-07-23 17:01:29,432 - INFO - Mean validation loss: 46.86262759566307
2024-07-23 17:01:29,433 - INFO - Epoch 19
-------------------------------
2024-07-23 17:01:29,433 - INFO - Learning Rate of group 0: 0.0002
2024-07-23 17:29:32,448 - INFO - Mean training loss: 34836665.06330283
2024-07-23 17:31:58,351 - INFO - Mean validation loss: 1870663.6689453125
2024-07-23 17:31:58,352 - INFO - Epoch 20
-------------------------------
2024-07-23 17:31:58,352 - INFO - Learning Rate of group 0: 0.0002
2024-07-23 18:00:02,582 - INFO - Mean training loss: 1144583.823571682
2024-07-23 18:02:27,348 - INFO - Mean validation loss: 1263.8793115615845
2024-07-23 18:02:27,349 - INFO - Epoch 21
-------------------------------
2024-07-23 18:02:27,350 - INFO - Learning Rate of group 0: 0.0002
