2024-08-21 00:28:16,449 - INFO - NOTE: None
2024-08-21 00:28:16,452 - INFO - Torch, random, numpy seed: 88
2024-08-21 00:28:17,025 - INFO - Starting training from from epoch 0
2024-08-21 00:28:25,055 - INFO - Epoch 1
-------------------------------
2024-08-21 00:28:25,055 - INFO - Learning Rate of group 0: 0.0
2024-08-21 00:29:20,448 - INFO - Maximum gradient before clipping: 7.48073148727417
2024-08-21 00:29:20,449 - INFO - Minimum gradient before clipping: -1.6769744157791138
2024-08-21 00:29:20,449 - INFO - Mean training L1 loss: 0.15825063586235047
2024-08-21 00:29:20,449 - INFO - Mean training SSIM loss: 0.0025815105019137263
2024-08-21 00:29:20,449 - INFO - Mean training MSE loss: 0.031828953586518764
2024-08-21 00:29:28,831 - INFO - Mean validation L1 loss: 0.15616167664527894
2024-08-21 00:29:28,832 - INFO - Mean validation SSIM loss: 0.0023255159647669645
2024-08-21 00:29:28,832 - INFO - Mean validation MSE loss: 0.03096258908510208
2024-08-21 00:29:29,291 - INFO - New best validation Loss 0.15616167664527894, at epoch 1
2024-08-21 00:29:29,297 - INFO - Epoch 2
-------------------------------
2024-08-21 00:29:29,297 - INFO - Learning Rate of group 0: 0.00033754927312921925
2024-08-21 00:30:22,512 - INFO - Maximum gradient before clipping: 32.812156677246094
2024-08-21 00:30:22,513 - INFO - Minimum gradient before clipping: -45.925506591796875
2024-08-21 00:30:22,513 - INFO - Mean training L1 loss: 0.06696275439113379
2024-08-21 00:30:22,514 - INFO - Mean training SSIM loss: 0.0020521071464221063
2024-08-21 00:30:22,514 - INFO - Mean training MSE loss: 0.010246419452596457
2024-08-21 00:30:30,667 - INFO - Mean validation L1 loss: 0.043230123221874237
2024-08-21 00:30:30,667 - INFO - Mean validation SSIM loss: 8.389927829810518e-08
2024-08-21 00:30:30,667 - INFO - Mean validation MSE loss: 0.0035926712304353713
2024-08-21 00:30:31,140 - INFO - New best validation Loss 0.043230123221874237, at epoch 2
2024-08-21 00:30:31,143 - INFO - Epoch 3
-------------------------------
2024-08-21 00:30:31,143 - INFO - Learning Rate of group 0: 0.0006750985462584385
2024-08-21 00:31:24,340 - INFO - Maximum gradient before clipping: 7.475096225738525
2024-08-21 00:31:24,340 - INFO - Minimum gradient before clipping: -9.889625549316406
2024-08-21 00:31:24,341 - INFO - Mean training L1 loss: 0.04868397645652294
2024-08-21 00:31:24,341 - INFO - Mean training SSIM loss: 9.283637707560577e-06
2024-08-21 00:31:24,341 - INFO - Mean training MSE loss: 0.004351460561156273
2024-08-21 00:31:32,507 - INFO - Mean validation L1 loss: 0.04221895545721054
2024-08-21 00:31:32,508 - INFO - Mean validation SSIM loss: 7.456588157594979e-08
2024-08-21 00:31:32,508 - INFO - Mean validation MSE loss: 0.0035050790943205357
2024-08-21 00:31:32,984 - INFO - New best validation Loss 0.04221895545721054, at epoch 3
2024-08-21 00:31:32,987 - INFO - Epoch 4
-------------------------------
2024-08-21 00:31:32,987 - INFO - Learning Rate of group 0: 0.0010126478193876578
2024-08-21 00:32:26,229 - INFO - Maximum gradient before clipping: 5.690561771392822
2024-08-21 00:32:26,229 - INFO - Minimum gradient before clipping: -8.409500122070312
2024-08-21 00:32:26,230 - INFO - Mean training L1 loss: 0.04581743337213993
2024-08-21 00:32:26,230 - INFO - Mean training SSIM loss: 9.717408222016388e-06
2024-08-21 00:32:26,230 - INFO - Mean training MSE loss: 0.004008871158584952
2024-08-21 00:32:34,264 - INFO - Mean validation L1 loss: 0.046366408467292786
2024-08-21 00:32:34,264 - INFO - Mean validation SSIM loss: 4.408642125497408e-07
2024-08-21 00:32:34,264 - INFO - Mean validation MSE loss: 0.003607514426112175
