2024-08-19 03:25:49,339 - INFO - NOTE: None
2024-08-19 03:25:49,342 - INFO - Torch, random, numpy seed: 88
2024-08-19 03:25:50,288 - INFO - Starting training from from epoch 0
2024-08-19 03:25:57,363 - INFO - Epoch 1
-------------------------------
2024-08-19 03:25:57,364 - INFO - Learning Rate of group 0: 0.0
2024-08-19 03:27:46,450 - INFO - Maximum gradient before clipping: 0.7322208285331726
2024-08-19 03:27:46,450 - INFO - Minimum gradient before clipping: -0.17339397966861725
2024-08-19 03:27:46,452 - INFO - Mean training L1 loss: 0.24792133808135985
2024-08-19 03:27:46,452 - INFO - Mean training SSIM loss: 0.0
2024-08-19 03:27:46,452 - INFO - Mean training MSE loss: 0.09336013272404671
2024-08-19 03:27:57,690 - INFO - Mean validation L1 loss: 0.24806136906147003
2024-08-19 03:27:57,691 - INFO - Mean validation SSIM loss: 0.0
2024-08-19 03:27:57,691 - INFO - Mean validation MSE loss: 0.09381898105144501
2024-08-19 03:27:59,587 - INFO - New best validation Loss 0.24806136906147003, at epoch 1
2024-08-19 03:27:59,594 - INFO - Epoch 2
-------------------------------
2024-08-19 03:27:59,594 - INFO - Learning Rate of group 0: 0.0008673166453452128
2024-08-19 03:29:47,372 - INFO - Maximum gradient before clipping: 19.413564682006836
2024-08-19 03:29:47,373 - INFO - Minimum gradient before clipping: -19.41356086730957
2024-08-19 03:29:47,374 - INFO - Mean training L1 loss: 0.6304620495066047
2024-08-19 03:29:47,374 - INFO - Mean training SSIM loss: 0.0
2024-08-19 03:29:47,374 - INFO - Mean training MSE loss: 3.2339828088507057
2024-08-19 03:29:58,481 - INFO - Mean validation L1 loss: 0.03794950395822525
2024-08-19 03:29:58,481 - INFO - Mean validation SSIM loss: 0.0
2024-08-19 03:29:58,481 - INFO - Mean validation MSE loss: 0.002611801391467452
2024-08-19 03:30:00,387 - INFO - New best validation Loss 0.03794950395822525, at epoch 2
2024-08-19 03:30:00,390 - INFO - Epoch 3
-------------------------------
2024-08-19 03:30:00,390 - INFO - Learning Rate of group 0: 0.0017346332906904257
2024-08-19 03:31:47,928 - INFO - Maximum gradient before clipping: 1.3595407009124756
2024-08-19 03:31:47,929 - INFO - Minimum gradient before clipping: -1.4193862676620483
2024-08-19 03:31:47,930 - INFO - Mean training L1 loss: 0.03941239530220628
2024-08-19 03:31:47,930 - INFO - Mean training SSIM loss: 0.0
2024-08-19 03:31:47,930 - INFO - Mean training MSE loss: 0.002837086513172835
2024-08-19 03:31:59,274 - INFO - Mean validation L1 loss: 0.03226930059492588
2024-08-19 03:31:59,274 - INFO - Mean validation SSIM loss: 0.0
2024-08-19 03:31:59,274 - INFO - Mean validation MSE loss: 0.0019793356861919163
2024-08-19 03:32:01,175 - INFO - New best validation Loss 0.03226930059492588, at epoch 3
2024-08-19 03:32:01,178 - INFO - Epoch 4
-------------------------------
2024-08-19 03:32:01,178 - INFO - Learning Rate of group 0: 0.0026019499360356384
2024-08-19 03:33:48,204 - INFO - Maximum gradient before clipping: 8239.7734375
2024-08-19 03:33:48,205 - INFO - Minimum gradient before clipping: -8239.7734375
2024-08-19 03:33:48,205 - INFO - Mean training L1 loss: 115.49171021234244
2024-08-19 03:33:48,205 - INFO - Mean training SSIM loss: 0.0
2024-08-19 03:33:48,205 - INFO - Mean training MSE loss: 504439.80523568596
2024-08-19 03:33:59,288 - INFO - Mean validation L1 loss: 10001.5034375
2024-08-19 03:33:59,288 - INFO - Mean validation SSIM loss: 0.0
2024-08-19 03:33:59,288 - INFO - Mean validation MSE loss: 127459860.48
2024-08-19 03:33:59,291 - INFO - Epoch 5
-------------------------------
2024-08-19 03:33:59,291 - INFO - Learning Rate of group 0: 0.0034692665813808514
2024-08-19 03:35:46,885 - INFO - Maximum gradient before clipping: 41401.0390625
2024-08-19 03:35:46,885 - INFO - Minimum gradient before clipping: -41401.0390625
2024-08-19 03:35:46,886 - INFO - Mean training L1 loss: 1106.7995561599732
2024-08-19 03:35:46,886 - INFO - Mean training SSIM loss: 0.0
2024-08-19 03:35:46,886 - INFO - Mean training MSE loss: 7344615.925678711
2024-08-19 03:35:57,614 - INFO - Mean validation L1 loss: 86.75002349853516
2024-08-19 03:35:57,614 - INFO - Mean validation SSIM loss: 0.0
2024-08-19 03:35:57,614 - INFO - Mean validation MSE loss: 13735.8822265625
2024-08-19 03:35:57,617 - INFO - Epoch 6
-------------------------------
2024-08-19 03:35:57,617 - INFO - Learning Rate of group 0: 0.004336583226726064
2024-08-19 03:37:45,158 - INFO - Maximum gradient before clipping: 960.599853515625
2024-08-19 03:37:45,158 - INFO - Minimum gradient before clipping: -960.599853515625
2024-08-19 03:37:45,159 - INFO - Mean training L1 loss: 24.225218455791474
2024-08-19 03:37:45,159 - INFO - Mean training SSIM loss: 0.0
2024-08-19 03:37:45,159 - INFO - Mean training MSE loss: 1651.0390290498733
2024-08-19 03:37:55,991 - INFO - Mean validation L1 loss: 5.260772876739502
2024-08-19 03:37:55,991 - INFO - Mean validation SSIM loss: 0.0
2024-08-19 03:37:55,991 - INFO - Mean validation MSE loss: 49.83077285766601
2024-08-19 03:37:55,994 - INFO - Epoch 7
-------------------------------
2024-08-19 03:37:55,994 - INFO - Learning Rate of group 0: 0.004336583226726064
2024-08-19 03:39:43,812 - INFO - Maximum gradient before clipping: 254.08981323242188
2024-08-19 03:39:43,813 - INFO - Minimum gradient before clipping: -259.6936340332031
2024-08-19 03:39:43,814 - INFO - Mean training L1 loss: 2.365638011097908
2024-08-19 03:39:43,814 - INFO - Mean training SSIM loss: 0.0
2024-08-19 03:39:43,814 - INFO - Mean training MSE loss: 10.471642930805682
2024-08-19 03:39:54,879 - INFO - Mean validation L1 loss: 1.322366428375244
2024-08-19 03:39:54,879 - INFO - Mean validation SSIM loss: 0.0
2024-08-19 03:39:54,879 - INFO - Mean validation MSE loss: 2.630341730117798
2024-08-19 03:39:54,882 - INFO - Epoch 8
-------------------------------
2024-08-19 03:39:54,882 - INFO - Learning Rate of group 0: 0.004336583226726064
2024-08-19 03:41:42,052 - INFO - Maximum gradient before clipping: 134.4832305908203
2024-08-19 03:41:42,053 - INFO - Minimum gradient before clipping: -172.7464599609375
2024-08-19 03:41:42,053 - INFO - Mean training L1 loss: 1.1611770629882812
2024-08-19 03:41:42,053 - INFO - Mean training SSIM loss: 0.0
2024-08-19 03:41:42,054 - INFO - Mean training MSE loss: 2.2731395193934443
2024-08-19 03:41:52,833 - INFO - Mean validation L1 loss: 2.1162073516845705
2024-08-19 03:41:52,833 - INFO - Mean validation SSIM loss: 0.0
2024-08-19 03:41:52,833 - INFO - Mean validation MSE loss: 5.535317115783691
2024-08-19 03:41:52,836 - INFO - Epoch 9
-------------------------------
2024-08-19 03:41:52,836 - INFO - Learning Rate of group 0: 0.004336583226726064
2024-08-19 03:43:40,125 - INFO - Maximum gradient before clipping: 286.92864990234375
2024-08-19 03:43:40,126 - INFO - Minimum gradient before clipping: -288.2163391113281
2024-08-19 03:43:40,127 - INFO - Mean training L1 loss: 1.6103347045183183
2024-08-19 03:43:40,127 - INFO - Mean training SSIM loss: 0.0
2024-08-19 03:43:40,127 - INFO - Mean training MSE loss: 5.449928380846977
2024-08-19 03:43:51,553 - INFO - Mean validation L1 loss: 0.8898322439193725
2024-08-19 03:43:51,553 - INFO - Mean validation SSIM loss: 0.0
2024-08-19 03:43:51,553 - INFO - Mean validation MSE loss: 1.1095141983032226
2024-08-19 03:43:51,556 - INFO - Epoch 10
-------------------------------
2024-08-19 03:43:51,556 - INFO - Learning Rate of group 0: 0.004336583226726064
2024-08-19 03:45:39,249 - INFO - Maximum gradient before clipping: 148.5879669189453
2024-08-19 03:45:39,249 - INFO - Minimum gradient before clipping: -148.5881805419922
2024-08-19 03:45:39,250 - INFO - Mean training L1 loss: 0.7285935771465302
2024-08-19 03:45:39,250 - INFO - Mean training SSIM loss: 0.0
2024-08-19 03:45:39,250 - INFO - Mean training MSE loss: 1.180308255404234
2024-08-19 03:45:50,619 - INFO - Mean validation L1 loss: 3.8007810878753663
2024-08-19 03:45:50,619 - INFO - Mean validation SSIM loss: 0.0
2024-08-19 03:45:50,619 - INFO - Mean validation MSE loss: 40.108565979003906
2024-08-19 03:45:50,622 - INFO - Epoch 11
-------------------------------
2024-08-19 03:45:50,622 - INFO - Learning Rate of group 0: 0.004336583226726064
2024-08-19 03:47:38,044 - INFO - Maximum gradient before clipping: 485.8097839355469
2024-08-19 03:47:38,044 - INFO - Minimum gradient before clipping: -485.8097839355469
2024-08-19 03:47:38,045 - INFO - Mean training L1 loss: 5.651239968538285
2024-08-19 03:47:38,045 - INFO - Mean training SSIM loss: 0.0
2024-08-19 03:47:38,045 - INFO - Mean training MSE loss: 82.50755884677172
2024-08-19 03:47:49,170 - INFO - Mean validation L1 loss: 0.6623318457603454
2024-08-19 03:47:49,171 - INFO - Mean validation SSIM loss: 0.0
2024-08-19 03:47:49,171 - INFO - Mean validation MSE loss: 0.7486928343772888
2024-08-19 03:47:49,173 - INFO - Epoch 12
-------------------------------
2024-08-19 03:47:49,174 - INFO - Learning Rate of group 0: 0.004336583226726064
2024-08-19 03:49:36,620 - INFO - Maximum gradient before clipping: 94.13993835449219
2024-08-19 03:49:36,620 - INFO - Minimum gradient before clipping: -93.96376037597656
2024-08-19 03:49:36,621 - INFO - Mean training L1 loss: 0.6433754214644432
2024-08-19 03:49:36,621 - INFO - Mean training SSIM loss: 0.0
2024-08-19 03:49:36,621 - INFO - Mean training MSE loss: 0.808236651495099
2024-08-19 03:49:47,489 - INFO - Mean validation L1 loss: 0.300516699552536
2024-08-19 03:49:47,489 - INFO - Mean validation SSIM loss: 0.0
2024-08-19 03:49:47,489 - INFO - Mean validation MSE loss: 0.10677789092063904
2024-08-19 03:49:47,492 - INFO - Epoch 13
-------------------------------
2024-08-19 03:49:47,492 - INFO - Learning Rate of group 0: 0.004336583226726064
2024-08-19 03:51:34,904 - INFO - Maximum gradient before clipping: 60.869712829589844
2024-08-19 03:51:34,904 - INFO - Minimum gradient before clipping: -60.85590744018555
2024-08-19 03:51:34,905 - INFO - Mean training L1 loss: 0.3142755750566721
2024-08-19 03:51:34,905 - INFO - Mean training SSIM loss: 0.0
2024-08-19 03:51:34,905 - INFO - Mean training MSE loss: 0.2158596699219197
2024-08-19 03:51:45,679 - INFO - Mean validation L1 loss: 0.2805320739746094
2024-08-19 03:51:45,680 - INFO - Mean validation SSIM loss: 0.0
2024-08-19 03:51:45,680 - INFO - Mean validation MSE loss: 0.10325370758771896
2024-08-19 03:51:45,683 - INFO - Epoch 14
-------------------------------
2024-08-19 03:51:45,683 - INFO - Learning Rate of group 0: 0.004336583226726064
2024-08-19 03:53:33,331 - INFO - Maximum gradient before clipping: 163.73919677734375
2024-08-19 03:53:33,332 - INFO - Minimum gradient before clipping: -163.74673461914062
2024-08-19 03:53:33,333 - INFO - Mean training L1 loss: 0.9492043963074684
2024-08-19 03:53:33,333 - INFO - Mean training SSIM loss: 0.0
2024-08-19 03:53:33,333 - INFO - Mean training MSE loss: 2.3870951154083015
2024-08-19 03:53:44,230 - INFO - Mean validation L1 loss: 0.18910143971443177
2024-08-19 03:53:44,231 - INFO - Mean validation SSIM loss: 0.0
2024-08-19 03:53:44,231 - INFO - Mean validation MSE loss: 0.05137929603457451
2024-08-19 03:53:44,234 - INFO - Epoch 15
-------------------------------
2024-08-19 03:53:44,234 - INFO - Learning Rate of group 0: 0.004336583226726064
2024-08-19 03:55:31,887 - INFO - Maximum gradient before clipping: 38.822593688964844
2024-08-19 03:55:31,887 - INFO - Minimum gradient before clipping: -39.430294036865234
2024-08-19 03:55:31,888 - INFO - Mean training L1 loss: 0.11521918259561062
2024-08-19 03:55:31,888 - INFO - Mean training SSIM loss: 0.0
2024-08-19 03:55:31,888 - INFO - Mean training MSE loss: 0.0229343871306628
2024-08-19 03:55:42,572 - INFO - Mean validation L1 loss: 0.0728465610742569
2024-08-19 03:55:42,572 - INFO - Mean validation SSIM loss: 0.0
2024-08-19 03:55:42,572 - INFO - Mean validation MSE loss: 0.008525520619004965
2024-08-19 03:55:42,575 - INFO - Epoch 16
-------------------------------
2024-08-19 03:55:42,576 - INFO - Learning Rate of group 0: 0.004336583226726064
2024-08-19 03:57:29,692 - INFO - Maximum gradient before clipping: 23.153976440429688
2024-08-19 03:57:29,693 - INFO - Minimum gradient before clipping: -23.118947982788086
2024-08-19 03:57:29,693 - INFO - Mean training L1 loss: 0.08030978985130786
2024-08-19 03:57:29,694 - INFO - Mean training SSIM loss: 0.0
2024-08-19 03:57:29,694 - INFO - Mean training MSE loss: 0.011359838705975562
2024-08-19 03:57:40,471 - INFO - Mean validation L1 loss: 0.04392894089221954
2024-08-19 03:57:40,471 - INFO - Mean validation SSIM loss: 0.0
2024-08-19 03:57:40,471 - INFO - Mean validation MSE loss: 0.0035174326319247482
2024-08-19 03:57:40,474 - INFO - Epoch 17
-------------------------------
2024-08-19 03:57:40,474 - INFO - Learning Rate of group 0: 0.004336583226726064
2024-08-19 03:59:28,005 - INFO - Maximum gradient before clipping: 19.333059310913086
2024-08-19 03:59:28,005 - INFO - Minimum gradient before clipping: -18.90941047668457
2024-08-19 03:59:28,006 - INFO - Mean training L1 loss: 0.060779417902231216
2024-08-19 03:59:28,006 - INFO - Mean training SSIM loss: 0.0
2024-08-19 03:59:28,006 - INFO - Mean training MSE loss: 0.006219752598553896
2024-08-19 03:59:39,278 - INFO - Mean validation L1 loss: 0.06889785766601562
2024-08-19 03:59:39,279 - INFO - Mean validation SSIM loss: 0.0
2024-08-19 03:59:39,279 - INFO - Mean validation MSE loss: 0.006586918011307717
2024-08-19 03:59:39,282 - INFO - Epoch 18
-------------------------------
2024-08-19 03:59:39,282 - INFO - Learning Rate of group 0: 0.004336583226726064
2024-08-19 04:01:26,985 - INFO - Maximum gradient before clipping: 15.924481391906738
2024-08-19 04:01:26,986 - INFO - Minimum gradient before clipping: -15.755005836486816
2024-08-19 04:01:26,987 - INFO - Mean training L1 loss: 0.0550912756472826
2024-08-19 04:01:26,987 - INFO - Mean training SSIM loss: 0.0
2024-08-19 04:01:26,987 - INFO - Mean training MSE loss: 0.0050438277958892285
2024-08-19 04:01:37,986 - INFO - Mean validation L1 loss: 0.04152525886893273
2024-08-19 04:01:37,986 - INFO - Mean validation SSIM loss: 0.0
2024-08-19 04:01:37,986 - INFO - Mean validation MSE loss: 0.0030920809414237737
2024-08-19 04:01:37,989 - INFO - Epoch 19
-------------------------------
2024-08-19 04:01:37,989 - INFO - Learning Rate of group 0: 0.004336583226726064
2024-08-19 04:03:25,426 - INFO - Maximum gradient before clipping: 15.084667205810547
2024-08-19 04:03:25,426 - INFO - Minimum gradient before clipping: -14.198078155517578
2024-08-19 04:03:25,427 - INFO - Mean training L1 loss: 0.048701475113630294
2024-08-19 04:03:25,427 - INFO - Mean training SSIM loss: 0.0
2024-08-19 04:03:25,427 - INFO - Mean training MSE loss: 0.004080149424262345
2024-08-19 04:03:36,111 - INFO - Mean validation L1 loss: 0.042713087648153306
2024-08-19 04:03:36,111 - INFO - Mean validation SSIM loss: 0.0
2024-08-19 04:03:36,111 - INFO - Mean validation MSE loss: 0.0030868501123040913
2024-08-19 04:03:36,114 - INFO - Epoch 20
-------------------------------
2024-08-19 04:03:36,114 - INFO - Learning Rate of group 0: 0.004336583226726064
2024-08-19 04:05:23,908 - INFO - Maximum gradient before clipping: 13.162881851196289
2024-08-19 04:05:23,908 - INFO - Minimum gradient before clipping: -13.0205659866333
2024-08-19 04:05:23,909 - INFO - Mean training L1 loss: 0.055102617107331754
2024-08-19 04:05:23,909 - INFO - Mean training SSIM loss: 0.0
2024-08-19 04:05:23,909 - INFO - Mean training MSE loss: 0.005553461126983166
2024-08-19 04:05:35,339 - INFO - Mean validation L1 loss: 0.040140715837478635
2024-08-19 04:05:35,339 - INFO - Mean validation SSIM loss: 0.0
2024-08-19 04:05:35,339 - INFO - Mean validation MSE loss: 0.0026284937001764775
2024-08-19 04:05:35,342 - INFO - Epoch 21
-------------------------------
2024-08-19 04:05:35,342 - INFO - Learning Rate of group 0: 0.004336583226726064
2024-08-19 04:07:22,984 - INFO - Maximum gradient before clipping: 12.389644622802734
2024-08-19 04:07:22,985 - INFO - Minimum gradient before clipping: -12.446138381958008
2024-08-19 04:07:22,985 - INFO - Mean training L1 loss: 0.03698445968329907
2024-08-19 04:07:22,986 - INFO - Mean training SSIM loss: 0.0
2024-08-19 04:07:22,986 - INFO - Mean training MSE loss: 0.002629357950063422
2024-08-19 04:07:33,921 - INFO - Mean validation L1 loss: 0.034574412554502484
2024-08-19 04:07:33,921 - INFO - Mean validation SSIM loss: 0.0
2024-08-19 04:07:33,921 - INFO - Mean validation MSE loss: 0.002372725559398532
2024-08-19 04:07:33,924 - INFO - Epoch 22
-------------------------------
2024-08-19 04:07:33,924 - INFO - Learning Rate of group 0: 0.004336583226726064
2024-08-19 04:09:21,160 - INFO - Maximum gradient before clipping: 10.153603553771973
2024-08-19 04:09:21,160 - INFO - Minimum gradient before clipping: -9.955679893493652
2024-08-19 04:09:21,161 - INFO - Mean training L1 loss: 0.03603775262832642
2024-08-19 04:09:21,161 - INFO - Mean training SSIM loss: 0.0
2024-08-19 04:09:21,161 - INFO - Mean training MSE loss: 0.0025217810506001116
2024-08-19 04:09:31,841 - INFO - Mean validation L1 loss: 0.035594871938228606
2024-08-19 04:09:31,841 - INFO - Mean validation SSIM loss: 0.0
2024-08-19 04:09:31,841 - INFO - Mean validation MSE loss: 0.0023514554323628544
2024-08-19 04:09:31,844 - INFO - Epoch 23
-------------------------------
2024-08-19 04:09:31,844 - INFO - Learning Rate of group 0: 0.004336583226726064
2024-08-19 04:11:19,634 - INFO - Maximum gradient before clipping: 8.559163093566895
2024-08-19 04:11:19,635 - INFO - Minimum gradient before clipping: -7.664154529571533
2024-08-19 04:11:19,636 - INFO - Mean training L1 loss: 0.033982889261096716
2024-08-19 04:11:19,636 - INFO - Mean training SSIM loss: 0.0
2024-08-19 04:11:19,636 - INFO - Mean training MSE loss: 0.002339388069231063
2024-08-19 04:11:30,946 - INFO - Mean validation L1 loss: 0.03127858631312847
2024-08-19 04:11:30,946 - INFO - Mean validation SSIM loss: 0.0
2024-08-19 04:11:30,946 - INFO - Mean validation MSE loss: 0.001985725210979581
2024-08-19 04:11:32,886 - INFO - New best validation Loss 0.03127858631312847, at epoch 23
2024-08-19 04:11:32,889 - INFO - Epoch 24
-------------------------------
2024-08-19 04:11:32,889 - INFO - Learning Rate of group 0: 0.004336583226726064
2024-08-19 04:13:20,705 - INFO - Maximum gradient before clipping: 7.504817485809326
2024-08-19 04:13:20,706 - INFO - Minimum gradient before clipping: -6.557766914367676
2024-08-19 04:13:20,707 - INFO - Mean training L1 loss: 0.03268379436805844
2024-08-19 04:13:20,707 - INFO - Mean training SSIM loss: 0.0
2024-08-19 04:13:20,707 - INFO - Mean training MSE loss: 0.0022029902704525737
2024-08-19 04:13:32,457 - INFO - Mean validation L1 loss: 0.031424640119075774
2024-08-19 04:13:32,457 - INFO - Mean validation SSIM loss: 0.0
2024-08-19 04:13:32,457 - INFO - Mean validation MSE loss: 0.0020817180862650274
2024-08-19 04:13:32,460 - INFO - Epoch 25
-------------------------------
2024-08-19 04:13:32,460 - INFO - Learning Rate of group 0: 0.004336583226726064
2024-08-19 04:15:19,664 - INFO - Maximum gradient before clipping: 7.48699426651001
2024-08-19 04:15:19,665 - INFO - Minimum gradient before clipping: -6.84726619720459
2024-08-19 04:15:19,665 - INFO - Mean training L1 loss: 0.033441033754497765
2024-08-19 04:15:19,666 - INFO - Mean training SSIM loss: 0.0
2024-08-19 04:15:19,666 - INFO - Mean training MSE loss: 0.0022643875575158747
2024-08-19 04:15:30,379 - INFO - Mean validation L1 loss: 0.03162026703357697
2024-08-19 04:15:30,379 - INFO - Mean validation SSIM loss: 0.0
2024-08-19 04:15:30,379 - INFO - Mean validation MSE loss: 0.002119269878603518
2024-08-19 04:15:30,381 - INFO - Training Finished
