2024-07-13 13:46:32,012 - INFO - Starting training from from epoch 0
2024-07-13 13:46:32,240 - INFO - Epoch 0
-------------------------------
2024-07-13 13:46:35,255 - INFO - Mean training loss: 1.1314150989055634
2024-07-13 13:46:35,990 - INFO - Mean validation loss: 0.789570689201355
2024-07-13 13:46:36,929 - INFO - New best validation Loss 0.789570689201355, at epoch 0
2024-07-13 13:46:36,930 - INFO - Epoch 1
-------------------------------
2024-07-13 13:46:37,785 - INFO - Mean training loss: 0.8992211520671844
2024-07-13 13:46:38,531 - INFO - Mean validation loss: 0.4979301542043686
2024-07-13 13:46:39,987 - INFO - New best validation Loss 0.4979301542043686, at epoch 1
2024-07-13 13:46:39,988 - INFO - Epoch 2
-------------------------------
2024-07-13 13:46:41,098 - INFO - Mean training loss: 0.6570685654878616
2024-07-13 13:46:41,982 - INFO - Mean validation loss: 0.37903060764074326
2024-07-13 13:46:43,293 - INFO - New best validation Loss 0.37903060764074326, at epoch 2
2024-07-13 13:46:43,294 - INFO - Epoch 3
-------------------------------
2024-07-13 13:46:44,421 - INFO - Mean training loss: 0.4569498598575592
2024-07-13 13:46:45,345 - INFO - Mean validation loss: 0.3074349910020828
2024-07-13 13:46:46,653 - INFO - New best validation Loss 0.3074349910020828, at epoch 3
2024-07-13 13:46:46,654 - INFO - Epoch 4
-------------------------------
2024-07-13 13:46:47,809 - INFO - Mean training loss: 0.3156358376145363
2024-07-13 13:46:48,718 - INFO - Mean validation loss: 0.30200423300266266
2024-07-13 13:46:50,072 - INFO - New best validation Loss 0.30200423300266266, at epoch 4
2024-07-13 13:46:50,073 - INFO - Epoch 5
-------------------------------
2024-07-13 13:46:51,226 - INFO - Mean training loss: 0.22231083363294601
2024-07-13 13:46:52,160 - INFO - Mean validation loss: 0.29359474778175354
2024-07-13 13:46:53,486 - INFO - New best validation Loss 0.29359474778175354, at epoch 5
2024-07-13 13:46:53,488 - INFO - Epoch 6
-------------------------------
2024-07-13 13:46:54,624 - INFO - Mean training loss: 0.16532785445451736
2024-07-13 13:46:55,527 - INFO - Mean validation loss: 0.2666036784648895
2024-07-13 13:46:56,808 - INFO - New best validation Loss 0.2666036784648895, at epoch 6
2024-07-13 13:46:56,809 - INFO - Epoch 7
-------------------------------
2024-07-13 13:46:57,987 - INFO - Mean training loss: 0.13113130629062653
2024-07-13 13:46:58,921 - INFO - Mean validation loss: 0.21430303156375885
2024-07-13 13:47:00,257 - INFO - New best validation Loss 0.21430303156375885, at epoch 7
2024-07-13 13:47:00,259 - INFO - Epoch 8
-------------------------------
2024-07-13 13:47:01,400 - INFO - Mean training loss: 0.1115349754691124
2024-07-13 13:47:02,310 - INFO - Mean validation loss: 0.1820247322320938
2024-07-13 13:47:03,649 - INFO - New best validation Loss 0.1820247322320938, at epoch 8
2024-07-13 13:47:03,650 - INFO - Epoch 9
-------------------------------
2024-07-13 13:47:04,793 - INFO - Mean training loss: 0.1017623320221901
2024-07-13 13:47:05,704 - INFO - Mean validation loss: 0.14771408587694168
2024-07-13 13:47:07,061 - INFO - New best validation Loss 0.14771408587694168, at epoch 9
2024-07-13 13:47:07,063 - INFO - Epoch 10
-------------------------------
2024-07-13 13:47:08,236 - INFO - Mean training loss: 0.09774096682667732
2024-07-13 13:47:09,153 - INFO - Mean validation loss: 0.1124693714082241
2024-07-13 13:47:10,419 - INFO - New best validation Loss 0.1124693714082241, at epoch 10
2024-07-13 13:47:10,421 - INFO - Epoch 11
-------------------------------
2024-07-13 13:47:11,589 - INFO - Mean training loss: 0.09448069520294666
2024-07-13 13:47:12,520 - INFO - Mean validation loss: 0.12238159403204918
2024-07-13 13:47:12,521 - INFO - Epoch 12
-------------------------------
2024-07-13 13:47:13,657 - INFO - Mean training loss: 0.09133259579539299
2024-07-13 13:47:14,575 - INFO - Mean validation loss: 0.1537715420126915
2024-07-13 13:47:14,575 - INFO - Epoch 13
-------------------------------
2024-07-13 13:47:15,700 - INFO - Mean training loss: 0.08648865483701229
2024-07-13 13:47:16,605 - INFO - Mean validation loss: 0.13244884833693504
2024-07-13 13:47:16,606 - INFO - Epoch 14
-------------------------------
2024-07-13 13:47:17,722 - INFO - Mean training loss: 0.08251728117465973
2024-07-13 13:47:18,651 - INFO - Mean validation loss: 0.1127467155456543
2024-07-13 13:47:18,651 - INFO - Epoch 15
-------------------------------
2024-07-13 13:47:19,766 - INFO - Mean training loss: 0.07855755463242531
2024-07-13 13:47:20,687 - INFO - Mean validation loss: 0.1008422002196312
2024-07-13 13:47:22,031 - INFO - New best validation Loss 0.1008422002196312, at epoch 15
2024-07-13 13:47:22,032 - INFO - Epoch 16
-------------------------------
2024-07-13 13:47:23,194 - INFO - Mean training loss: 0.07541258446872234
2024-07-13 13:47:24,116 - INFO - Mean validation loss: 0.09521033428609371
2024-07-13 13:47:25,490 - INFO - New best validation Loss 0.09521033428609371, at epoch 16
2024-07-13 13:47:25,491 - INFO - Epoch 17
-------------------------------
2024-07-13 13:47:26,690 - INFO - Mean training loss: 0.07343036867678165
2024-07-13 13:47:27,628 - INFO - Mean validation loss: 0.0862239059060812
2024-07-13 13:47:29,128 - INFO - New best validation Loss 0.0862239059060812, at epoch 17
2024-07-13 13:47:29,129 - INFO - Epoch 18
-------------------------------
2024-07-13 13:47:30,288 - INFO - Mean training loss: 0.07136046141386032
2024-07-13 13:47:31,197 - INFO - Mean validation loss: 0.08157624490559101
2024-07-13 13:47:32,492 - INFO - New best validation Loss 0.08157624490559101, at epoch 18
2024-07-13 13:47:32,493 - INFO - Epoch 19
-------------------------------
2024-07-13 13:47:33,657 - INFO - Mean training loss: 0.069345623254776
2024-07-13 13:47:34,586 - INFO - Mean validation loss: 0.07746320962905884
2024-07-13 13:47:35,902 - INFO - New best validation Loss 0.07746320962905884, at epoch 19
2024-07-13 13:47:35,903 - INFO - Epoch 20
-------------------------------
2024-07-13 13:47:37,054 - INFO - Mean training loss: 0.06817431561648846
2024-07-13 13:47:37,965 - INFO - Mean validation loss: 0.07646293379366398
2024-07-13 13:47:39,276 - INFO - New best validation Loss 0.07646293379366398, at epoch 20
2024-07-13 13:47:39,277 - INFO - Epoch 21
-------------------------------
2024-07-13 13:47:40,460 - INFO - Mean training loss: 0.0667313989251852
2024-07-13 13:47:41,406 - INFO - Mean validation loss: 0.0776726808398962
2024-07-13 13:47:41,406 - INFO - Epoch 22
-------------------------------
2024-07-13 13:47:42,528 - INFO - Mean training loss: 0.06632975488901138
2024-07-13 13:47:43,439 - INFO - Mean validation loss: 0.07518025860190392
2024-07-13 13:47:44,794 - INFO - New best validation Loss 0.07518025860190392, at epoch 22
2024-07-13 13:47:44,796 - INFO - Epoch 23
-------------------------------
2024-07-13 13:47:45,944 - INFO - Mean training loss: 0.06550176814198494
2024-07-13 13:47:46,870 - INFO - Mean validation loss: 0.0769035555422306
2024-07-13 13:47:46,870 - INFO - Epoch 24
-------------------------------
2024-07-13 13:47:47,995 - INFO - Mean training loss: 0.06515049934387207
2024-07-13 13:47:48,922 - INFO - Mean validation loss: 0.07051729038357735
2024-07-13 13:47:50,266 - INFO - New best validation Loss 0.07051729038357735, at epoch 24
2024-07-13 13:47:50,267 - INFO - Epoch 25
-------------------------------
2024-07-13 13:47:51,433 - INFO - Mean training loss: 0.06423459947109222
2024-07-13 13:47:52,346 - INFO - Mean validation loss: 0.07021238468587399
2024-07-13 13:47:53,689 - INFO - New best validation Loss 0.07021238468587399, at epoch 25
2024-07-13 13:47:53,690 - INFO - Epoch 26
-------------------------------
2024-07-13 13:47:54,832 - INFO - Mean training loss: 0.06319271959364414
2024-07-13 13:47:55,765 - INFO - Mean validation loss: 0.0725906454026699
2024-07-13 13:47:55,766 - INFO - Epoch 27
-------------------------------
2024-07-13 13:47:56,925 - INFO - Mean training loss: 0.0625486671924591
2024-07-13 13:47:57,816 - INFO - Mean validation loss: 0.0751850064843893
2024-07-13 13:47:57,816 - INFO - Epoch 28
-------------------------------
2024-07-13 13:47:58,951 - INFO - Mean training loss: 0.06220575049519539
2024-07-13 13:47:59,871 - INFO - Mean validation loss: 0.07307912409305573
2024-07-13 13:47:59,871 - INFO - Epoch 29
-------------------------------
2024-07-13 13:48:01,016 - INFO - Mean training loss: 0.06158107705414295
2024-07-13 13:48:01,928 - INFO - Mean validation loss: 0.06969317607581615
2024-07-13 13:48:03,211 - INFO - New best validation Loss 0.06969317607581615, at epoch 29
2024-07-13 13:48:03,213 - INFO - Epoch 30
-------------------------------
2024-07-13 13:48:04,400 - INFO - Mean training loss: 0.06123170629143715
2024-07-13 13:48:05,296 - INFO - Mean validation loss: 0.07237744331359863
2024-07-13 13:48:05,297 - INFO - Epoch 31
-------------------------------
2024-07-13 13:48:06,438 - INFO - Mean training loss: 0.06087665446102619
2024-07-13 13:48:07,377 - INFO - Mean validation loss: 0.07499276660382748
2024-07-13 13:48:07,378 - INFO - Epoch 32
-------------------------------
2024-07-13 13:48:08,501 - INFO - Mean training loss: 0.06082698702812195
2024-07-13 13:48:09,426 - INFO - Mean validation loss: 0.07733336463570595
2024-07-13 13:48:09,427 - INFO - Epoch 33
-------------------------------
2024-07-13 13:48:10,540 - INFO - Mean training loss: 0.060352589935064316
2024-07-13 13:48:11,457 - INFO - Mean validation loss: 0.0740758404135704
2024-07-13 13:48:11,458 - INFO - Epoch 34
-------------------------------
2024-07-13 13:48:12,613 - INFO - Mean training loss: 0.05988449417054653
2024-07-13 13:48:13,547 - INFO - Mean validation loss: 0.07544310577213764
2024-07-13 13:48:13,548 - INFO - Epoch 35
-------------------------------
2024-07-13 13:48:14,672 - INFO - Mean training loss: 0.0597265399992466
2024-07-13 13:48:15,592 - INFO - Mean validation loss: 0.0691884234547615
2024-07-13 13:48:16,872 - INFO - New best validation Loss 0.0691884234547615, at epoch 35
2024-07-13 13:48:16,873 - INFO - Epoch 36
-------------------------------
2024-07-13 13:48:18,002 - INFO - Mean training loss: 0.05962945148348808
2024-07-13 13:48:18,921 - INFO - Mean validation loss: 0.08312627300620079
2024-07-13 13:48:18,922 - INFO - Epoch 37
-------------------------------
2024-07-13 13:48:20,057 - INFO - Mean training loss: 0.05927301198244095
2024-07-13 13:48:20,991 - INFO - Mean validation loss: 0.07426314614713192
2024-07-13 13:48:20,991 - INFO - Epoch 38
-------------------------------
2024-07-13 13:48:22,151 - INFO - Mean training loss: 0.05890320800244808
2024-07-13 13:48:23,091 - INFO - Mean validation loss: 0.07230881787836552
2024-07-13 13:48:23,091 - INFO - Epoch 39
-------------------------------
2024-07-13 13:48:24,201 - INFO - Mean training loss: 0.058591585606336594
2024-07-13 13:48:25,116 - INFO - Mean validation loss: 0.07045560888946056
2024-07-13 13:48:25,117 - INFO - Epoch 40
-------------------------------
2024-07-13 13:48:26,240 - INFO - Mean training loss: 0.05823453143239021
2024-07-13 13:48:27,132 - INFO - Mean validation loss: 0.06722735799849033
2024-07-13 13:48:28,476 - INFO - New best validation Loss 0.06722735799849033, at epoch 40
2024-07-13 13:48:28,477 - INFO - Epoch 41
-------------------------------
2024-07-13 13:48:29,641 - INFO - Mean training loss: 0.05775689519941807
2024-07-13 13:48:30,564 - INFO - Mean validation loss: 0.0656832680106163
2024-07-13 13:48:31,869 - INFO - New best validation Loss 0.0656832680106163, at epoch 41
2024-07-13 13:48:31,870 - INFO - Epoch 42
-------------------------------
2024-07-13 13:48:33,024 - INFO - Mean training loss: 0.05769120529294014
2024-07-13 13:48:33,923 - INFO - Mean validation loss: 0.06536446698009968
2024-07-13 13:48:35,386 - INFO - New best validation Loss 0.06536446698009968, at epoch 42
2024-07-13 13:48:35,387 - INFO - Epoch 43
-------------------------------
2024-07-13 13:48:36,556 - INFO - Mean training loss: 0.057650355622172356
2024-07-13 13:48:37,471 - INFO - Mean validation loss: 0.06536289118230343
2024-07-13 13:48:38,821 - INFO - New best validation Loss 0.06536289118230343, at epoch 43
2024-07-13 13:48:38,822 - INFO - Epoch 44
-------------------------------
2024-07-13 13:48:39,999 - INFO - Mean training loss: 0.05751723423600197
2024-07-13 13:48:40,918 - INFO - Mean validation loss: 0.06554146111011505
2024-07-13 13:48:40,919 - INFO - Epoch 45
-------------------------------
2024-07-13 13:48:42,074 - INFO - Mean training loss: 0.05750097520649433
2024-07-13 13:48:42,989 - INFO - Mean validation loss: 0.06523535214364529
2024-07-13 13:48:44,309 - INFO - New best validation Loss 0.06523535214364529, at epoch 45
2024-07-13 13:48:44,310 - INFO - Epoch 46
-------------------------------
2024-07-13 13:48:45,417 - INFO - Mean training loss: 0.05742139555513859
2024-07-13 13:48:46,347 - INFO - Mean validation loss: 0.06475429609417915
2024-07-13 13:48:47,686 - INFO - New best validation Loss 0.06475429609417915, at epoch 46
2024-07-13 13:48:47,687 - INFO - Epoch 47
-------------------------------
2024-07-13 13:48:48,838 - INFO - Mean training loss: 0.05735435523092747
2024-07-13 13:48:49,766 - INFO - Mean validation loss: 0.0646800845861435
2024-07-13 13:48:51,111 - INFO - New best validation Loss 0.0646800845861435, at epoch 47
2024-07-13 13:48:51,111 - INFO - Epoch 48
-------------------------------
2024-07-13 13:48:52,263 - INFO - Mean training loss: 0.057340918108820915
2024-07-13 13:48:53,171 - INFO - Mean validation loss: 0.06474735215306282
2024-07-13 13:48:53,172 - INFO - Epoch 49
-------------------------------
2024-07-13 13:48:54,324 - INFO - Mean training loss: 0.057278092950582504
2024-07-13 13:48:55,260 - INFO - Mean validation loss: 0.06485094130039215
2024-07-13 13:48:55,260 - INFO - Epoch 50
-------------------------------
2024-07-13 13:48:56,382 - INFO - Mean training loss: 0.057234203442931175
2024-07-13 13:48:57,280 - INFO - Mean validation loss: 0.06491550803184509
2024-07-13 13:48:57,280 - INFO - Epoch 51
-------------------------------
2024-07-13 13:48:58,418 - INFO - Mean training loss: 0.057202620431780815
2024-07-13 13:48:59,337 - INFO - Mean validation loss: 0.06483148224651814
2024-07-13 13:48:59,338 - INFO - Epoch 52
-------------------------------
2024-07-13 13:49:00,486 - INFO - Mean training loss: 0.05715704336762428
2024-07-13 13:49:01,406 - INFO - Mean validation loss: 0.06471551395952702
2024-07-13 13:49:01,407 - INFO - Epoch 53
-------------------------------
2024-07-13 13:49:02,541 - INFO - Mean training loss: 0.057123368605971336
2024-07-13 13:49:03,459 - INFO - Mean validation loss: 0.06472639925777912
2024-07-13 13:49:03,460 - INFO - Epoch 54
-------------------------------
2024-07-13 13:49:04,601 - INFO - Mean training loss: 0.057085053995251656
2024-07-13 13:49:05,527 - INFO - Mean validation loss: 0.06485209241509438
2024-07-13 13:49:05,527 - INFO - Epoch 55
-------------------------------
2024-07-13 13:49:06,653 - INFO - Mean training loss: 0.05704748257994652
2024-07-13 13:49:07,565 - INFO - Mean validation loss: 0.06497298181056976
2024-07-13 13:49:07,565 - INFO - Epoch 56
-------------------------------
2024-07-13 13:49:08,678 - INFO - Mean training loss: 0.05701457895338535
2024-07-13 13:49:09,621 - INFO - Mean validation loss: 0.06499815359711647
2024-07-13 13:49:09,622 - INFO - Epoch 57
-------------------------------
2024-07-13 13:49:10,737 - INFO - Mean training loss: 0.05697718635201454
2024-07-13 13:49:11,644 - INFO - Mean validation loss: 0.06494815275073051
2024-07-13 13:49:11,645 - INFO - Epoch 58
-------------------------------
2024-07-13 13:49:12,765 - INFO - Mean training loss: 0.05694225989282131
2024-07-13 13:49:13,697 - INFO - Mean validation loss: 0.06488099694252014
2024-07-13 13:49:13,698 - INFO - Epoch 59
-------------------------------
2024-07-13 13:49:14,829 - INFO - Mean training loss: 0.056907106190919876
2024-07-13 13:49:15,748 - INFO - Mean validation loss: 0.06487047299742699
2024-07-13 13:49:15,748 - INFO - Epoch 60
-------------------------------
2024-07-13 13:49:16,879 - INFO - Mean training loss: 0.056872034445405006
2024-07-13 13:49:17,800 - INFO - Mean validation loss: 0.0648972149938345
2024-07-13 13:49:17,801 - INFO - Epoch 61
-------------------------------
2024-07-13 13:49:18,940 - INFO - Mean training loss: 0.056837422773242
2024-07-13 13:49:19,864 - INFO - Mean validation loss: 0.06492767482995987
2024-07-13 13:49:19,864 - INFO - Epoch 62
-------------------------------
2024-07-13 13:49:21,012 - INFO - Mean training loss: 0.05680190399289131
2024-07-13 13:49:21,943 - INFO - Mean validation loss: 0.06496650911867619
2024-07-13 13:49:21,943 - INFO - Epoch 63
-------------------------------
2024-07-13 13:49:23,069 - INFO - Mean training loss: 0.05676681362092495
2024-07-13 13:49:23,979 - INFO - Mean validation loss: 0.06497544422745705
2024-07-13 13:49:23,980 - INFO - Epoch 64
-------------------------------
2024-07-13 13:49:25,119 - INFO - Mean training loss: 0.05673154443502426
2024-07-13 13:49:26,035 - INFO - Mean validation loss: 0.06497851386666298
2024-07-13 13:49:26,035 - INFO - Epoch 65
-------------------------------
2024-07-13 13:49:27,172 - INFO - Mean training loss: 0.056696297600865364
2024-07-13 13:49:28,091 - INFO - Mean validation loss: 0.06495588459074497
2024-07-13 13:49:28,091 - INFO - Epoch 66
-------------------------------
2024-07-13 13:49:29,242 - INFO - Mean training loss: 0.056661006063222885
2024-07-13 13:49:30,178 - INFO - Mean validation loss: 0.06492930464446545
2024-07-13 13:49:30,178 - INFO - Epoch 67
-------------------------------
2024-07-13 13:49:31,314 - INFO - Mean training loss: 0.05662567913532257
2024-07-13 13:49:32,245 - INFO - Mean validation loss: 0.06488717719912529
2024-07-13 13:49:32,246 - INFO - Epoch 68
-------------------------------
2024-07-13 13:49:33,366 - INFO - Mean training loss: 0.05659024231135845
2024-07-13 13:49:34,259 - INFO - Mean validation loss: 0.06485616974532604
2024-07-13 13:49:34,259 - INFO - Epoch 69
-------------------------------
2024-07-13 13:49:35,408 - INFO - Mean training loss: 0.056554513052105904
2024-07-13 13:49:36,329 - INFO - Mean validation loss: 0.06481165811419487
2024-07-13 13:49:36,329 - INFO - Epoch 70
-------------------------------
2024-07-13 13:49:37,473 - INFO - Mean training loss: 0.056501355022192
2024-07-13 13:49:38,383 - INFO - Mean validation loss: 0.06482871249318123
2024-07-13 13:49:38,384 - INFO - Epoch 71
-------------------------------
2024-07-13 13:49:39,513 - INFO - Mean training loss: 0.05649780295789242
2024-07-13 13:49:40,429 - INFO - Mean validation loss: 0.06484268233180046
2024-07-13 13:49:40,429 - INFO - Epoch 72
-------------------------------
2024-07-13 13:49:41,572 - INFO - Mean training loss: 0.05649416521191597
2024-07-13 13:49:42,490 - INFO - Mean validation loss: 0.06485462747514248
2024-07-13 13:49:42,490 - INFO - Epoch 73
-------------------------------
2024-07-13 13:49:43,628 - INFO - Mean training loss: 0.05649048276245594
2024-07-13 13:49:44,529 - INFO - Mean validation loss: 0.06485657207667828
2024-07-13 13:49:44,530 - INFO - Epoch 74
-------------------------------
2024-07-13 13:49:45,650 - INFO - Mean training loss: 0.05648682825267315
2024-07-13 13:49:46,553 - INFO - Mean validation loss: 0.0648596715182066
2024-07-13 13:49:46,553 - INFO - Epoch 75
-------------------------------
2024-07-13 13:49:47,664 - INFO - Mean training loss: 0.056483086198568344
2024-07-13 13:49:48,568 - INFO - Mean validation loss: 0.06485997140407562
2024-07-13 13:49:48,569 - INFO - Epoch 76
-------------------------------
2024-07-13 13:49:49,692 - INFO - Mean training loss: 0.05647932551801205
2024-07-13 13:49:50,616 - INFO - Mean validation loss: 0.06485704332590103
2024-07-13 13:49:50,616 - INFO - Epoch 77
-------------------------------
2024-07-13 13:49:51,782 - INFO - Mean training loss: 0.05647563003003597
2024-07-13 13:49:52,694 - INFO - Mean validation loss: 0.0648522898554802
2024-07-13 13:49:52,695 - INFO - Epoch 78
-------------------------------
2024-07-13 13:49:53,834 - INFO - Mean training loss: 0.05647186189889908
2024-07-13 13:49:54,758 - INFO - Mean validation loss: 0.06485138274729252
2024-07-13 13:49:54,759 - INFO - Epoch 79
-------------------------------
2024-07-13 13:49:55,905 - INFO - Mean training loss: 0.05646811984479427
2024-07-13 13:49:56,836 - INFO - Mean validation loss: 0.0648542195558548
2024-07-13 13:49:56,836 - INFO - Epoch 80
-------------------------------
2024-07-13 13:49:57,966 - INFO - Mean training loss: 0.05646424554288387
2024-07-13 13:49:58,890 - INFO - Mean validation loss: 0.06485403142869473
2024-07-13 13:49:58,890 - INFO - Epoch 81
-------------------------------
2024-07-13 13:50:00,025 - INFO - Mean training loss: 0.05646039731800556
2024-07-13 13:50:00,955 - INFO - Mean validation loss: 0.06484584137797356
2024-07-13 13:50:00,956 - INFO - Epoch 82
-------------------------------
2024-07-13 13:50:02,064 - INFO - Mean training loss: 0.05645650625228882
2024-07-13 13:50:02,982 - INFO - Mean validation loss: 0.06484522111713886
2024-07-13 13:50:02,982 - INFO - Epoch 83
-------------------------------
2024-07-13 13:50:04,135 - INFO - Mean training loss: 0.056452689692378044
2024-07-13 13:50:05,033 - INFO - Mean validation loss: 0.06484086066484451
2024-07-13 13:50:05,033 - INFO - Epoch 84
-------------------------------
2024-07-13 13:50:06,144 - INFO - Mean training loss: 0.056448766961693764
2024-07-13 13:50:07,075 - INFO - Mean validation loss: 0.06484215334057808
2024-07-13 13:50:07,076 - INFO - Epoch 85
-------------------------------
2024-07-13 13:50:08,200 - INFO - Mean training loss: 0.05644483491778374
2024-07-13 13:50:09,122 - INFO - Mean validation loss: 0.06483523733913898
2024-07-13 13:50:09,122 - INFO - Epoch 86
-------------------------------
2024-07-13 13:50:10,249 - INFO - Mean training loss: 0.05644082464277744
2024-07-13 13:50:11,200 - INFO - Mean validation loss: 0.06483272835612297
2024-07-13 13:50:11,201 - INFO - Epoch 87
-------------------------------
2024-07-13 13:50:12,350 - INFO - Mean training loss: 0.05643688701093197
2024-07-13 13:50:13,259 - INFO - Mean validation loss: 0.06482811272144318
2024-07-13 13:50:13,260 - INFO - Epoch 88
-------------------------------
2024-07-13 13:50:14,379 - INFO - Mean training loss: 0.05643290840089321
2024-07-13 13:50:15,302 - INFO - Mean validation loss: 0.06482720375061035
2024-07-13 13:50:15,302 - INFO - Epoch 89
-------------------------------
2024-07-13 13:50:16,441 - INFO - Mean training loss: 0.05642891675233841
2024-07-13 13:50:17,361 - INFO - Mean validation loss: 0.06481981836259365
2024-07-13 13:50:17,361 - INFO - Epoch 90
-------------------------------
2024-07-13 13:50:18,505 - INFO - Mean training loss: 0.05642311088740826
2024-07-13 13:50:19,441 - INFO - Mean validation loss: 0.06482699327170849
2024-07-13 13:50:19,441 - INFO - Epoch 91
-------------------------------
2024-07-13 13:50:20,567 - INFO - Mean training loss: 0.056422680616378784
2024-07-13 13:50:21,493 - INFO - Mean validation loss: 0.06483191251754761
2024-07-13 13:50:21,493 - INFO - Epoch 92
-------------------------------
2024-07-13 13:50:22,640 - INFO - Mean training loss: 0.056422267109155655
2024-07-13 13:50:23,562 - INFO - Mean validation loss: 0.06483745761215687
2024-07-13 13:50:23,562 - INFO - Epoch 93
-------------------------------
2024-07-13 13:50:24,680 - INFO - Mean training loss: 0.05642183497548103
2024-07-13 13:50:25,599 - INFO - Mean validation loss: 0.06484013795852661
2024-07-13 13:50:25,600 - INFO - Epoch 94
-------------------------------
2024-07-13 13:50:26,725 - INFO - Mean training loss: 0.056421443819999695
2024-07-13 13:50:27,641 - INFO - Mean validation loss: 0.06484346278011799
2024-07-13 13:50:27,642 - INFO - Epoch 95
-------------------------------
2024-07-13 13:50:28,800 - INFO - Mean training loss: 0.056421007961034775
2024-07-13 13:50:29,737 - INFO - Mean validation loss: 0.06484219431877136
2024-07-13 13:50:29,737 - INFO - Epoch 96
-------------------------------
2024-07-13 13:50:30,896 - INFO - Mean training loss: 0.05642057955265045
2024-07-13 13:50:31,799 - INFO - Mean validation loss: 0.06484341062605381
2024-07-13 13:50:31,800 - INFO - Epoch 97
-------------------------------
2024-07-13 13:50:32,907 - INFO - Mean training loss: 0.05642015114426613
2024-07-13 13:50:33,807 - INFO - Mean validation loss: 0.06484378315508366
2024-07-13 13:50:33,808 - INFO - Epoch 98
-------------------------------
2024-07-13 13:50:34,942 - INFO - Mean training loss: 0.0564197339117527
2024-07-13 13:50:35,862 - INFO - Mean validation loss: 0.06484322622418404
2024-07-13 13:50:35,863 - INFO - Epoch 99
-------------------------------
2024-07-13 13:50:36,998 - INFO - Mean training loss: 0.05641930736601353
2024-07-13 13:50:37,915 - INFO - Mean validation loss: 0.06484126672148705
2024-07-13 13:50:37,915 - INFO - Training Finished
