2024-08-20 10:21:35,014 - INFO - NOTE: None
2024-08-20 10:21:35,017 - INFO - Torch, random, numpy seed: 88
2024-08-20 10:21:35,946 - INFO - Starting training from from epoch 0
2024-08-20 10:21:44,536 - INFO - Epoch 1
-------------------------------
2024-08-20 10:21:44,536 - INFO - Learning Rate of group 0: 0.0
2024-08-20 10:23:34,338 - INFO - Maximum gradient before clipping: 0.7322208285331726
2024-08-20 10:23:34,339 - INFO - Minimum gradient before clipping: -0.17339397966861725
2024-08-20 10:23:34,340 - INFO - Mean training L1 loss: 0.24792133808135985
2024-08-20 10:23:34,340 - INFO - Mean training SSIM loss: 0.0
2024-08-20 10:23:34,340 - INFO - Mean training MSE loss: 0.09336013272404671
2024-08-20 10:23:45,755 - INFO - Mean validation L1 loss: 0.24806136906147003
2024-08-20 10:23:45,755 - INFO - Mean validation SSIM loss: 0.0
2024-08-20 10:23:45,755 - INFO - Mean validation MSE loss: 0.09381898105144501
2024-08-20 10:23:47,687 - INFO - New best validation Loss 0.24806136906147003, at epoch 1
2024-08-20 10:23:47,694 - INFO - Epoch 2
-------------------------------
2024-08-20 10:23:47,694 - INFO - Learning Rate of group 0: 0.0007803038054135071
2024-08-20 10:25:36,743 - INFO - Maximum gradient before clipping: 47.32182312011719
2024-08-20 10:25:36,744 - INFO - Minimum gradient before clipping: -36.02473831176758
2024-08-20 10:25:36,744 - INFO - Mean training L1 loss: 0.8545480535551906
2024-08-20 10:25:36,745 - INFO - Mean training SSIM loss: 0.0
2024-08-20 10:25:36,745 - INFO - Mean training MSE loss: 5.437878123642877
2024-08-20 10:25:47,925 - INFO - Mean validation L1 loss: 0.04170148983597755
2024-08-20 10:25:47,925 - INFO - Mean validation SSIM loss: 0.0
2024-08-20 10:25:47,925 - INFO - Mean validation MSE loss: 0.0030137724149972202
2024-08-20 10:25:49,897 - INFO - New best validation Loss 0.04170148983597755, at epoch 2
2024-08-20 10:25:49,900 - INFO - Epoch 3
-------------------------------
2024-08-20 10:25:49,900 - INFO - Learning Rate of group 0: 0.0015606076108270143
2024-08-20 10:27:38,290 - INFO - Maximum gradient before clipping: 2.7776877880096436
2024-08-20 10:27:38,290 - INFO - Minimum gradient before clipping: -2.9772043228149414
2024-08-20 10:27:38,291 - INFO - Mean training L1 loss: 0.04800056904554367
2024-08-20 10:27:38,292 - INFO - Mean training SSIM loss: 0.0
2024-08-20 10:27:38,292 - INFO - Mean training MSE loss: 0.0039418372302316125
2024-08-20 10:27:49,371 - INFO - Mean validation L1 loss: 0.043402335941791534
2024-08-20 10:27:49,372 - INFO - Mean validation SSIM loss: 0.0
2024-08-20 10:27:49,372 - INFO - Mean validation MSE loss: 0.003084736783057451
2024-08-20 10:27:49,375 - INFO - Epoch 4
-------------------------------
2024-08-20 10:27:49,375 - INFO - Learning Rate of group 0: 0.002340911416240521
2024-08-20 10:29:38,082 - INFO - Maximum gradient before clipping: 27645.62109375
2024-08-20 10:29:38,082 - INFO - Minimum gradient before clipping: -27645.62109375
2024-08-20 10:29:38,083 - INFO - Mean training L1 loss: 295.306894386597
2024-08-20 10:29:38,083 - INFO - Mean training SSIM loss: 0.0
2024-08-20 10:29:38,083 - INFO - Mean training MSE loss: 1035153.7797911903
2024-08-20 10:29:49,548 - INFO - Mean validation L1 loss: 134.24148315429687
2024-08-20 10:29:49,548 - INFO - Mean validation SSIM loss: 0.0
2024-08-20 10:29:49,548 - INFO - Mean validation MSE loss: 31567.5246875
