2024-08-21 15:51:56,770 - INFO - NOTE: None
2024-08-21 15:51:56,773 - INFO - Torch, random, numpy seed: 88
2024-08-21 15:51:57,933 - INFO - Starting training from from epoch 0
2024-08-21 15:52:06,471 - INFO - Epoch 1
-------------------------------
2024-08-21 15:52:06,471 - INFO - Learning Rate of group 0: 0.0
2024-08-21 15:53:56,593 - INFO - Maximum gradient before clipping: 4.1542768478393555
2024-08-21 15:53:56,593 - INFO - Minimum gradient before clipping: -2.5422937870025635
2024-08-21 15:53:56,594 - INFO - Mean training L1 loss: 0.14204540908336638
2024-08-21 15:53:56,594 - INFO - Mean training SSIM loss: 0.001478166409142432
2024-08-21 15:53:56,594 - INFO - Mean training MSE loss: 0.02931320108473301
2024-08-21 15:54:08,820 - INFO - Mean validation L1 loss: 0.11748177260160446
2024-08-21 15:54:08,820 - INFO - Mean validation SSIM loss: 0.0004240118627785705
2024-08-21 15:54:08,820 - INFO - Mean validation MSE loss: 0.020161307528615
2024-08-21 15:54:10,713 - INFO - New best validation Loss 0.11748177260160446, at epoch 1
2024-08-21 15:54:10,719 - INFO - Epoch 2
-------------------------------
2024-08-21 15:54:10,719 - INFO - Learning Rate of group 0: 0.00024837025257548964
2024-08-21 15:55:59,266 - INFO - Maximum gradient before clipping: 32.05105209350586
2024-08-21 15:55:59,267 - INFO - Minimum gradient before clipping: -69.53451538085938
2024-08-21 15:55:59,268 - INFO - Mean training L1 loss: 0.0925127137452364
2024-08-21 15:55:59,268 - INFO - Mean training SSIM loss: 0.006570143236933248
2024-08-21 15:55:59,268 - INFO - Mean training MSE loss: 0.027311461619101463
2024-08-21 15:56:10,999 - INFO - Mean validation L1 loss: 0.048805806189775466
2024-08-21 15:56:11,000 - INFO - Mean validation SSIM loss: 4.2268724467220407e-07
2024-08-21 15:56:11,000 - INFO - Mean validation MSE loss: 0.004080042503774166
2024-08-21 15:56:12,925 - INFO - New best validation Loss 0.048805806189775466, at epoch 2
2024-08-21 15:56:12,928 - INFO - Epoch 3
-------------------------------
2024-08-21 15:56:12,928 - INFO - Learning Rate of group 0: 0.0004967405051509793
2024-08-21 15:58:01,168 - INFO - Maximum gradient before clipping: 1.5377331972122192
2024-08-21 15:58:01,169 - INFO - Minimum gradient before clipping: -1.9019043445587158
2024-08-21 15:58:01,169 - INFO - Mean training L1 loss: 0.04854986734688282
2024-08-21 15:58:01,170 - INFO - Mean training SSIM loss: 3.148589838837257e-06
2024-08-21 15:58:01,170 - INFO - Mean training MSE loss: 0.004288485567085445
2024-08-21 15:58:12,677 - INFO - Mean validation L1 loss: 0.047546883821487425
2024-08-21 15:58:12,677 - INFO - Mean validation SSIM loss: 2.937152800086551e-07
2024-08-21 15:58:12,678 - INFO - Mean validation MSE loss: 0.004259228957816958
2024-08-21 15:58:14,589 - INFO - New best validation Loss 0.047546883821487425, at epoch 3
2024-08-21 15:58:14,592 - INFO - Epoch 4
-------------------------------
2024-08-21 15:58:14,592 - INFO - Learning Rate of group 0: 0.0007451107577264688
2024-08-21 16:00:02,891 - INFO - Maximum gradient before clipping: 1.3859598636627197
2024-08-21 16:00:02,892 - INFO - Minimum gradient before clipping: -1.418513536453247
2024-08-21 16:00:02,894 - INFO - Mean training L1 loss: 0.04807644110172987
2024-08-21 16:00:02,894 - INFO - Mean training SSIM loss: 5.561769599027322e-06
2024-08-21 16:00:02,894 - INFO - Mean training MSE loss: 0.004273406928405166
2024-08-21 16:00:14,424 - INFO - Mean validation L1 loss: 0.04678738459944725
2024-08-21 16:00:14,425 - INFO - Mean validation SSIM loss: 4.049823404983499e-07
2024-08-21 16:00:14,425 - INFO - Mean validation MSE loss: 0.003773182686418295
2024-08-21 16:00:16,372 - INFO - New best validation Loss 0.04678738459944725, at epoch 4
