2024-08-21 17:30:58,532 - INFO - NOTE: None
2024-08-21 17:30:58,534 - INFO - Torch, random, numpy seed: 88
2024-08-21 17:30:59,154 - INFO - Starting training from from epoch 0
2024-08-21 17:31:07,699 - INFO - Epoch 1
-------------------------------
2024-08-21 17:31:07,699 - INFO - Learning Rate of group 0: 0.0
2024-08-21 17:31:54,952 - INFO - Maximum gradient before clipping: 3.000631093978882
2024-08-21 17:31:54,952 - INFO - Minimum gradient before clipping: -2.2313427925109863
2024-08-21 17:31:54,954 - INFO - Mean training L1 loss: 0.15010442078113556
2024-08-21 17:31:54,954 - INFO - Mean training SSIM loss: 0.0030183393307379445
2024-08-21 17:31:54,954 - INFO - Mean training MSE loss: 0.027658755518496038
2024-08-21 17:32:02,877 - INFO - Mean validation L1 loss: 0.14860128223896027
2024-08-21 17:32:02,877 - INFO - Mean validation SSIM loss: 0.002839148223865777
2024-08-21 17:32:02,878 - INFO - Mean validation MSE loss: 0.02691202312707901
2024-08-21 17:32:03,349 - INFO - New best validation Loss 0.14860128223896027, at epoch 1
2024-08-21 17:32:03,356 - INFO - Epoch 2
-------------------------------
2024-08-21 17:32:03,356 - INFO - Learning Rate of group 0: 0.000298137169019371
2024-08-21 17:32:48,518 - INFO - Maximum gradient before clipping: 5.364880561828613
2024-08-21 17:32:48,518 - INFO - Minimum gradient before clipping: -13.287105560302734
2024-08-21 17:32:48,519 - INFO - Mean training L1 loss: 0.05637462966144085
2024-08-21 17:32:48,519 - INFO - Mean training SSIM loss: 0.0006499633081019729
2024-08-21 17:32:48,519 - INFO - Mean training MSE loss: 0.0059813309251330795
2024-08-21 17:32:56,402 - INFO - Mean validation L1 loss: 0.04463357537984848
2024-08-21 17:32:56,402 - INFO - Mean validation SSIM loss: 2.7864777313979516e-07
2024-08-21 17:32:56,402 - INFO - Mean validation MSE loss: 0.003814684525132179
2024-08-21 17:32:56,879 - INFO - New best validation Loss 0.04463357537984848, at epoch 2
2024-08-21 17:32:56,882 - INFO - Epoch 3
-------------------------------
2024-08-21 17:32:56,882 - INFO - Learning Rate of group 0: 0.000596274338038742
2024-08-21 17:33:42,541 - INFO - Maximum gradient before clipping: 3.8736603260040283
2024-08-21 17:33:42,541 - INFO - Minimum gradient before clipping: -10.101261138916016
2024-08-21 17:33:42,542 - INFO - Mean training L1 loss: 0.0485873556137085
2024-08-21 17:33:42,542 - INFO - Mean training SSIM loss: 4.616220020435158e-05
2024-08-21 17:33:42,542 - INFO - Mean training MSE loss: 0.004301838718820363
2024-08-21 17:33:50,411 - INFO - Mean validation L1 loss: 0.0570526909828186
2024-08-21 17:33:50,411 - INFO - Mean validation SSIM loss: 0.0003696962498361245
2024-08-21 17:33:50,411 - INFO - Mean validation MSE loss: 0.0054536799993366
2024-08-21 17:33:50,414 - INFO - Epoch 4
-------------------------------
2024-08-21 17:33:50,414 - INFO - Learning Rate of group 0: 0.000894411507058113
2024-08-21 17:34:35,788 - INFO - Maximum gradient before clipping: 3.390265703201294
2024-08-21 17:34:35,788 - INFO - Minimum gradient before clipping: -5.86338472366333
2024-08-21 17:34:35,788 - INFO - Mean training L1 loss: 0.045969253219664094
2024-08-21 17:34:35,788 - INFO - Mean training SSIM loss: 1.3890031223545152e-05
2024-08-21 17:34:35,788 - INFO - Mean training MSE loss: 0.00399710055673495
2024-08-21 17:34:44,126 - INFO - Mean validation L1 loss: 0.041916764080524443
2024-08-21 17:34:44,126 - INFO - Mean validation SSIM loss: 1.141098097123816e-07
2024-08-21 17:34:44,126 - INFO - Mean validation MSE loss: 0.0035836782958358526
2024-08-21 17:34:44,610 - INFO - New best validation Loss 0.041916764080524443, at epoch 4
2024-08-21 17:34:44,613 - INFO - Epoch 5
-------------------------------
2024-08-21 17:34:44,614 - INFO - Learning Rate of group 0: 0.001192548676077484
2024-08-21 17:35:29,805 - INFO - Maximum gradient before clipping: 8.075845718383789
2024-08-21 17:35:29,805 - INFO - Minimum gradient before clipping: -16.2139835357666
2024-08-21 17:35:29,806 - INFO - Mean training L1 loss: 0.05086055662482977
2024-08-21 17:35:29,806 - INFO - Mean training SSIM loss: 0.00016305328024540766
2024-08-21 17:35:29,806 - INFO - Mean training MSE loss: 0.004677296378649771
2024-08-21 17:35:37,721 - INFO - Mean validation L1 loss: 0.04468403935432434
2024-08-21 17:35:37,721 - INFO - Mean validation SSIM loss: 2.4021315295996717e-07
2024-08-21 17:35:37,721 - INFO - Mean validation MSE loss: 0.0038516884949058292
2024-08-21 17:35:37,725 - INFO - Epoch 6
-------------------------------
2024-08-21 17:35:37,725 - INFO - Learning Rate of group 0: 0.001490685845096855
2024-08-21 17:36:22,994 - INFO - Maximum gradient before clipping: 6.299684524536133
2024-08-21 17:36:22,994 - INFO - Minimum gradient before clipping: -10.10004711151123
2024-08-21 17:36:22,994 - INFO - Mean training L1 loss: 0.047778914757072924
2024-08-21 17:36:22,995 - INFO - Mean training SSIM loss: 1.4612074746040981e-05
2024-08-21 17:36:22,995 - INFO - Mean training MSE loss: 0.004181993973907084
2024-08-21 17:36:31,119 - INFO - Mean validation L1 loss: 0.06205887347459793
2024-08-21 17:36:31,119 - INFO - Mean validation SSIM loss: 0.0013663107494357974
2024-08-21 17:36:31,119 - INFO - Mean validation MSE loss: 0.006537444116547704
2024-08-21 17:36:31,122 - INFO - Epoch 7
-------------------------------
2024-08-21 17:36:31,123 - INFO - Learning Rate of group 0: 0.001490685845096855
2024-08-21 17:37:16,803 - INFO - Maximum gradient before clipping: 6.278505325317383
2024-08-21 17:37:16,804 - INFO - Minimum gradient before clipping: -13.000789642333984
2024-08-21 17:37:16,804 - INFO - Mean training L1 loss: 0.04474025826901198
2024-08-21 17:37:16,804 - INFO - Mean training SSIM loss: 1.484941243744875e-05
2024-08-21 17:37:16,804 - INFO - Mean training MSE loss: 0.003857286795973778
2024-08-21 17:37:24,804 - INFO - Mean validation L1 loss: 0.05070444032549858
2024-08-21 17:37:24,804 - INFO - Mean validation SSIM loss: 1.5102650175791154e-06
2024-08-21 17:37:24,804 - INFO - Mean validation MSE loss: 0.003938096491619945
2024-08-21 17:37:24,807 - INFO - Epoch 8
-------------------------------
2024-08-21 17:37:24,807 - INFO - Learning Rate of group 0: 0.001490685845096855
2024-08-21 17:38:10,011 - INFO - Maximum gradient before clipping: 5.421649932861328
2024-08-21 17:38:10,011 - INFO - Minimum gradient before clipping: -9.044201850891113
2024-08-21 17:38:10,011 - INFO - Mean training L1 loss: 0.04276532497256994
2024-08-21 17:38:10,011 - INFO - Mean training SSIM loss: 2.4033870673390024e-06
2024-08-21 17:38:10,011 - INFO - Mean training MSE loss: 0.0035983828210737557
2024-08-21 17:38:18,030 - INFO - Mean validation L1 loss: 0.03962971702218056
2024-08-21 17:38:18,030 - INFO - Mean validation SSIM loss: 9.326063858061673e-08
2024-08-21 17:38:18,030 - INFO - Mean validation MSE loss: 0.0033313958812505005
2024-08-21 17:38:18,523 - INFO - New best validation Loss 0.03962971702218056, at epoch 8
2024-08-21 17:38:18,527 - INFO - Epoch 9
-------------------------------
2024-08-21 17:38:18,527 - INFO - Learning Rate of group 0: 0.001490685845096855
2024-08-21 17:39:03,815 - INFO - Maximum gradient before clipping: 5.770781517028809
2024-08-21 17:39:03,815 - INFO - Minimum gradient before clipping: -8.861678123474121
2024-08-21 17:39:03,815 - INFO - Mean training L1 loss: 0.042705623358488085
2024-08-21 17:39:03,815 - INFO - Mean training SSIM loss: 1.2212282523837991e-06
2024-08-21 17:39:03,815 - INFO - Mean training MSE loss: 0.0035170240490697323
2024-08-21 17:39:11,897 - INFO - Mean validation L1 loss: 0.04301118671894073
2024-08-21 17:39:11,898 - INFO - Mean validation SSIM loss: 9.590505205048228e-08
2024-08-21 17:39:11,898 - INFO - Mean validation MSE loss: 0.003484832625836134
2024-08-21 17:39:11,901 - INFO - Epoch 10
-------------------------------
2024-08-21 17:39:11,901 - INFO - Learning Rate of group 0: 0.001490685845096855
2024-08-21 17:39:57,193 - INFO - Maximum gradient before clipping: 5.186744689941406
2024-08-21 17:39:57,193 - INFO - Minimum gradient before clipping: -7.758347511291504
2024-08-21 17:39:57,193 - INFO - Mean training L1 loss: 0.04119635531678796
2024-08-21 17:39:57,193 - INFO - Mean training SSIM loss: 7.835283215475164e-07
2024-08-21 17:39:57,193 - INFO - Mean training MSE loss: 0.0033724889589939267
2024-08-21 17:40:05,651 - INFO - Mean validation L1 loss: 0.03900134548544884
2024-08-21 17:40:05,651 - INFO - Mean validation SSIM loss: 3.619882048555567e-08
2024-08-21 17:40:05,651 - INFO - Mean validation MSE loss: 0.0028713231440633535
2024-08-21 17:40:06,133 - INFO - New best validation Loss 0.03900134548544884, at epoch 10
2024-08-21 17:40:06,137 - INFO - Epoch 11
-------------------------------
2024-08-21 17:40:06,137 - INFO - Learning Rate of group 0: 0.001490685845096855
2024-08-21 17:40:51,478 - INFO - Maximum gradient before clipping: 1696511.125
2024-08-21 17:40:51,478 - INFO - Minimum gradient before clipping: -994842.0
2024-08-21 17:40:51,478 - INFO - Mean training L1 loss: 12.097567827403545
2024-08-21 17:40:51,478 - INFO - Mean training SSIM loss: 0.21681060571939972
2024-08-21 17:40:51,478 - INFO - Mean training MSE loss: 945.1131310262997
2024-08-21 17:40:59,001 - INFO - Mean validation L1 loss: 1.671968650817871
2024-08-21 17:40:59,001 - INFO - Mean validation SSIM loss: 0.3405441462993622
2024-08-21 17:40:59,001 - INFO - Mean validation MSE loss: 5.1704568099975585
2024-08-21 17:40:59,005 - INFO - Epoch 12
-------------------------------
2024-08-21 17:40:59,005 - INFO - Learning Rate of group 0: 0.001490685845096855
2024-08-21 17:41:44,629 - INFO - Maximum gradient before clipping: 32501.1171875
2024-08-21 17:41:44,629 - INFO - Minimum gradient before clipping: -30040.259765625
2024-08-21 17:41:44,629 - INFO - Mean training L1 loss: 1.2783848875761032
2024-08-21 17:41:44,630 - INFO - Mean training SSIM loss: 0.20093695171177386
2024-08-21 17:41:44,630 - INFO - Mean training MSE loss: 5.237609449028969
2024-08-21 17:41:52,512 - INFO - Mean validation L1 loss: 0.46838780283927917
2024-08-21 17:41:52,512 - INFO - Mean validation SSIM loss: 0.055379659980535505
2024-08-21 17:41:52,512 - INFO - Mean validation MSE loss: 0.39335806250572203
2024-08-21 17:41:52,515 - INFO - Epoch 13
-------------------------------
2024-08-21 17:41:52,515 - INFO - Learning Rate of group 0: 0.001490685845096855
2024-08-21 17:42:37,764 - INFO - Maximum gradient before clipping: 6187.99658203125
2024-08-21 17:42:37,764 - INFO - Minimum gradient before clipping: -11450.314453125
2024-08-21 17:42:37,765 - INFO - Mean training L1 loss: 0.45150660783052443
2024-08-21 17:42:37,765 - INFO - Mean training SSIM loss: 0.08163186948746443
2024-08-21 17:42:37,765 - INFO - Mean training MSE loss: 0.44965173460543156
2024-08-21 17:42:45,627 - INFO - Mean validation L1 loss: 0.19225588142871858
2024-08-21 17:42:45,627 - INFO - Mean validation SSIM loss: 0.006250742683187127
2024-08-21 17:42:45,627 - INFO - Mean validation MSE loss: 0.07409808799624443
2024-08-21 17:42:45,630 - INFO - Epoch 14
-------------------------------
2024-08-21 17:42:45,631 - INFO - Learning Rate of group 0: 0.001490685845096855
2024-08-21 17:43:31,136 - INFO - Maximum gradient before clipping: 5506.03955078125
2024-08-21 17:43:31,136 - INFO - Minimum gradient before clipping: -5033.48681640625
2024-08-21 17:43:31,136 - INFO - Mean training L1 loss: 0.31584790363907816
2024-08-21 17:43:31,137 - INFO - Mean training SSIM loss: 0.0392858095606789
2024-08-21 17:43:31,137 - INFO - Mean training MSE loss: 0.22077402740716934
2024-08-21 17:43:39,180 - INFO - Mean validation L1 loss: 0.15355891287326812
2024-08-21 17:43:39,180 - INFO - Mean validation SSIM loss: 0.0025084933871403338
2024-08-21 17:43:39,180 - INFO - Mean validation MSE loss: 0.04407489590346813
2024-08-21 17:43:39,183 - INFO - Epoch 15
-------------------------------
2024-08-21 17:43:39,183 - INFO - Learning Rate of group 0: 0.001490685845096855
2024-08-21 17:44:24,960 - INFO - Maximum gradient before clipping: 4385.1689453125
2024-08-21 17:44:24,960 - INFO - Minimum gradient before clipping: -6016.521484375
2024-08-21 17:44:24,960 - INFO - Mean training L1 loss: 0.2668660828471184
2024-08-21 17:44:24,960 - INFO - Mean training SSIM loss: 0.027228791385423393
2024-08-21 17:44:24,960 - INFO - Mean training MSE loss: 0.16795180276036262
2024-08-21 17:44:33,233 - INFO - Mean validation L1 loss: 0.16545240998268126
2024-08-21 17:44:33,233 - INFO - Mean validation SSIM loss: 0.0031526554655283688
2024-08-21 17:44:33,233 - INFO - Mean validation MSE loss: 0.05000551804900169
2024-08-21 17:44:33,236 - INFO - Epoch 16
-------------------------------
2024-08-21 17:44:33,236 - INFO - Learning Rate of group 0: 0.001490685845096855
2024-08-21 17:45:19,423 - INFO - Maximum gradient before clipping: 3629.3359375
2024-08-21 17:45:19,423 - INFO - Minimum gradient before clipping: -4334.01416015625
2024-08-21 17:45:19,424 - INFO - Mean training L1 loss: 0.208200695887208
2024-08-21 17:45:19,424 - INFO - Mean training SSIM loss: 0.011197517762775533
2024-08-21 17:45:19,424 - INFO - Mean training MSE loss: 0.10417131079360843
2024-08-21 17:45:27,407 - INFO - Mean validation L1 loss: 0.11389521509408951
2024-08-21 17:45:27,407 - INFO - Mean validation SSIM loss: 0.000717919718590565
2024-08-21 17:45:27,407 - INFO - Mean validation MSE loss: 0.025044866427779196
