2024-08-20 05:00:10,609 - INFO - NOTE: None
2024-08-20 05:00:10,611 - INFO - Torch, random, numpy seed: 88
2024-08-20 05:00:11,363 - INFO - Starting training from from epoch 0
2024-08-20 05:00:19,830 - INFO - Epoch 1
-------------------------------
2024-08-20 05:00:19,831 - INFO - Learning Rate of group 0: 0.0
2024-08-20 05:02:10,456 - INFO - Maximum gradient before clipping: 0.7322208285331726
2024-08-20 05:02:10,457 - INFO - Minimum gradient before clipping: -0.17339397966861725
2024-08-20 05:02:10,458 - INFO - Mean training L1 loss: 0.24792133808135985
2024-08-20 05:02:10,459 - INFO - Mean training SSIM loss: 0.0
2024-08-20 05:02:10,459 - INFO - Mean training MSE loss: 0.09336013272404671
2024-08-20 05:02:22,129 - INFO - Mean validation L1 loss: 0.24806136906147003
2024-08-20 05:02:22,129 - INFO - Mean validation SSIM loss: 0.0
2024-08-20 05:02:22,129 - INFO - Mean validation MSE loss: 0.09381898105144501
2024-08-20 05:02:24,112 - INFO - New best validation Loss 0.24806136906147003, at epoch 1
2024-08-20 05:02:24,119 - INFO - Epoch 2
-------------------------------
2024-08-20 05:02:24,119 - INFO - Learning Rate of group 0: 3.753651591130221e-05
2024-08-20 05:04:12,832 - INFO - Maximum gradient before clipping: 1.02590811252594
2024-08-20 05:04:12,832 - INFO - Minimum gradient before clipping: -1.30205237865448
2024-08-20 05:04:12,833 - INFO - Mean training L1 loss: 0.04715693634003401
2024-08-20 05:04:12,833 - INFO - Mean training SSIM loss: 0.0
2024-08-20 05:04:12,833 - INFO - Mean training MSE loss: 0.005854214226128533
2024-08-20 05:04:24,290 - INFO - Mean validation L1 loss: 0.03130215831100941
2024-08-20 05:04:24,290 - INFO - Mean validation SSIM loss: 0.0
2024-08-20 05:04:24,290 - INFO - Mean validation MSE loss: 0.0019917995063588024
2024-08-20 05:04:26,259 - INFO - New best validation Loss 0.03130215831100941, at epoch 2
2024-08-20 05:04:26,263 - INFO - Epoch 3
-------------------------------
2024-08-20 05:04:26,263 - INFO - Learning Rate of group 0: 7.507303182260442e-05
2024-08-20 05:06:15,214 - INFO - Maximum gradient before clipping: 0.6284149289131165
2024-08-20 05:06:15,214 - INFO - Minimum gradient before clipping: -0.780532717704773
2024-08-20 05:06:15,215 - INFO - Mean training L1 loss: 0.031787812635302545
2024-08-20 05:06:15,215 - INFO - Mean training SSIM loss: 0.0
2024-08-20 05:06:15,215 - INFO - Mean training MSE loss: 0.0020844488556031136
2024-08-20 05:06:26,379 - INFO - Mean validation L1 loss: 0.029075896069407463
2024-08-20 05:06:26,379 - INFO - Mean validation SSIM loss: 0.0
2024-08-20 05:06:26,379 - INFO - Mean validation MSE loss: 0.0017268264200538397
2024-08-20 05:06:28,363 - INFO - New best validation Loss 0.029075896069407463, at epoch 3
2024-08-20 05:06:28,366 - INFO - Epoch 4
-------------------------------
2024-08-20 05:06:28,366 - INFO - Learning Rate of group 0: 0.00011260954773390662
2024-08-20 05:08:17,323 - INFO - Maximum gradient before clipping: 0.7582864165306091
2024-08-20 05:08:17,323 - INFO - Minimum gradient before clipping: -0.9170332551002502
2024-08-20 05:08:17,324 - INFO - Mean training L1 loss: 0.03332249827682972
2024-08-20 05:08:17,324 - INFO - Mean training SSIM loss: 0.0
2024-08-20 05:08:17,324 - INFO - Mean training MSE loss: 0.0021976922696921976
2024-08-20 05:08:28,493 - INFO - Mean validation L1 loss: 0.03202285923063755
2024-08-20 05:08:28,494 - INFO - Mean validation SSIM loss: 0.0
2024-08-20 05:08:28,494 - INFO - Mean validation MSE loss: 0.002126366123557091
