2024-08-20 08:34:11,027 - INFO - NOTE: None
2024-08-20 08:34:11,030 - INFO - Torch, random, numpy seed: 88
2024-08-20 08:34:11,801 - INFO - Starting training from from epoch 0
2024-08-20 08:34:20,236 - INFO - Epoch 1
-------------------------------
2024-08-20 08:34:20,237 - INFO - Learning Rate of group 0: 0.0
2024-08-20 08:36:10,179 - INFO - Maximum gradient before clipping: 0.7322208285331726
2024-08-20 08:36:10,179 - INFO - Minimum gradient before clipping: -0.17339397966861725
2024-08-20 08:36:10,181 - INFO - Mean training L1 loss: 0.24792133808135985
2024-08-20 08:36:10,181 - INFO - Mean training SSIM loss: 0.0
2024-08-20 08:36:10,181 - INFO - Mean training MSE loss: 0.09336013272404671
2024-08-20 08:36:21,274 - INFO - Mean validation L1 loss: 0.24806136906147003
2024-08-20 08:36:21,274 - INFO - Mean validation SSIM loss: 0.0
2024-08-20 08:36:21,274 - INFO - Mean validation MSE loss: 0.09381898105144501
2024-08-20 08:36:23,242 - INFO - New best validation Loss 0.24806136906147003, at epoch 1
2024-08-20 08:36:23,250 - INFO - Epoch 2
-------------------------------
2024-08-20 08:36:23,250 - INFO - Learning Rate of group 0: 0.0003055636568790734
2024-08-20 08:38:11,823 - INFO - Maximum gradient before clipping: 2.178093194961548
2024-08-20 08:38:11,824 - INFO - Minimum gradient before clipping: -2.1585659980773926
2024-08-20 08:38:11,824 - INFO - Mean training L1 loss: 0.07421844294294715
2024-08-20 08:38:11,824 - INFO - Mean training SSIM loss: 0.0
2024-08-20 08:38:11,824 - INFO - Mean training MSE loss: 0.02121797792497091
2024-08-20 08:38:23,173 - INFO - Mean validation L1 loss: 0.03137694016098976
2024-08-20 08:38:23,173 - INFO - Mean validation SSIM loss: 0.0
2024-08-20 08:38:23,173 - INFO - Mean validation MSE loss: 0.002120143109932542
2024-08-20 08:38:25,147 - INFO - New best validation Loss 0.03137694016098976, at epoch 2
2024-08-20 08:38:25,151 - INFO - Epoch 3
-------------------------------
2024-08-20 08:38:25,151 - INFO - Learning Rate of group 0: 0.0006111273137581468
2024-08-20 08:40:13,516 - INFO - Maximum gradient before clipping: 0.6302716135978699
2024-08-20 08:40:13,517 - INFO - Minimum gradient before clipping: -0.5709332823753357
2024-08-20 08:40:13,517 - INFO - Mean training L1 loss: 0.03738524686545133
2024-08-20 08:40:13,517 - INFO - Mean training SSIM loss: 0.0
2024-08-20 08:40:13,517 - INFO - Mean training MSE loss: 0.0025985066930297764
2024-08-20 08:40:24,893 - INFO - Mean validation L1 loss: 0.029588680118322372
2024-08-20 08:40:24,893 - INFO - Mean validation SSIM loss: 0.0
2024-08-20 08:40:24,893 - INFO - Mean validation MSE loss: 0.0017996320407837629
2024-08-20 08:40:26,875 - INFO - New best validation Loss 0.029588680118322372, at epoch 3
2024-08-20 08:40:26,879 - INFO - Epoch 4
-------------------------------
2024-08-20 08:40:26,879 - INFO - Learning Rate of group 0: 0.0009166909706372201
2024-08-20 08:42:15,646 - INFO - Maximum gradient before clipping: 0.44228115677833557
2024-08-20 08:42:15,647 - INFO - Minimum gradient before clipping: -0.32810547947883606
2024-08-20 08:42:15,647 - INFO - Mean training L1 loss: 0.03438082113862038
2024-08-20 08:42:15,648 - INFO - Mean training SSIM loss: 0.0
2024-08-20 08:42:15,648 - INFO - Mean training MSE loss: 0.002289988707052544
2024-08-20 08:42:26,881 - INFO - Mean validation L1 loss: 0.03117653526365757
2024-08-20 08:42:26,881 - INFO - Mean validation SSIM loss: 0.0
2024-08-20 08:42:26,881 - INFO - Mean validation MSE loss: 0.0020553774060681463
