2024-08-23 23:35:11,622 - INFO - NOTE: None
2024-08-23 23:35:11,624 - INFO - Torch, random, numpy seed: 88
2024-08-23 23:35:12,501 - INFO - Starting training from from epoch 0
2024-08-23 23:35:19,045 - INFO - Epoch 1
-------------------------------
2024-08-23 23:35:19,045 - INFO - Learning Rate of group 0: 0.0
2024-08-23 23:37:10,564 - INFO - Maximum gradient before clipping: 4.874815940856934
2024-08-23 23:37:10,565 - INFO - Minimum gradient before clipping: -5.319589614868164
2024-08-23 23:37:10,566 - INFO - Mean training L1 loss: 0.19121903836727142
2024-08-23 23:37:10,566 - INFO - Mean training SSIM loss: 0.026358525077812375
2024-08-23 23:37:10,566 - INFO - Mean training MSE loss: 0.055311319008469584
2024-08-23 23:37:21,736 - INFO - Mean validation L1 loss: 0.1831127268075943
2024-08-23 23:37:21,736 - INFO - Mean validation SSIM loss: 0.020312025435268877
2024-08-23 23:37:21,736 - INFO - Mean validation MSE loss: 0.05045513764023781
2024-08-23 23:37:23,673 - INFO - New best validation Loss 0.1831127268075943, at epoch 1
2024-08-23 23:37:23,674 - INFO - Epoch 2
-------------------------------
2024-08-23 23:37:23,674 - INFO - Learning Rate of group 0: 4e-05
2024-08-23 23:39:13,719 - INFO - Maximum gradient before clipping: 14.311574935913086
2024-08-23 23:39:13,720 - INFO - Minimum gradient before clipping: -10.73717212677002
2024-08-23 23:39:13,720 - INFO - Mean training L1 loss: 0.1563261929899454
2024-08-23 23:39:13,720 - INFO - Mean training SSIM loss: 0.013979344680095913
2024-08-23 23:39:13,720 - INFO - Mean training MSE loss: 0.08886192400939763
2024-08-23 23:39:25,042 - INFO - Mean validation L1 loss: 0.04533299475908279
2024-08-23 23:39:25,042 - INFO - Mean validation SSIM loss: 2.8781522335208367e-07
2024-08-23 23:39:25,042 - INFO - Mean validation MSE loss: 0.004012412549927831
2024-08-23 23:39:27,007 - INFO - New best validation Loss 0.04533299475908279, at epoch 2
2024-08-23 23:39:27,008 - INFO - Epoch 3
-------------------------------
2024-08-23 23:39:27,008 - INFO - Learning Rate of group 0: 8e-05
2024-08-23 23:41:16,680 - INFO - Maximum gradient before clipping: 0.624328076839447
2024-08-23 23:41:16,680 - INFO - Minimum gradient before clipping: -0.5634161829948425
2024-08-23 23:41:16,681 - INFO - Mean training L1 loss: 0.0519350615888834
2024-08-23 23:41:16,681 - INFO - Mean training SSIM loss: 1.1342028513272595e-05
2024-08-23 23:41:16,681 - INFO - Mean training MSE loss: 0.004939166544936598
2024-08-23 23:41:27,696 - INFO - Mean validation L1 loss: 0.046787420809268954
2024-08-23 23:41:27,696 - INFO - Mean validation SSIM loss: 1.2780254715494265e-06
2024-08-23 23:41:27,696 - INFO - Mean validation MSE loss: 0.0041581643931567665
2024-08-23 23:41:27,696 - INFO - Epoch 4
-------------------------------
2024-08-23 23:41:27,696 - INFO - Learning Rate of group 0: 0.00012
2024-08-23 23:43:17,603 - INFO - Maximum gradient before clipping: 0.6321223974227905
2024-08-23 23:43:17,603 - INFO - Minimum gradient before clipping: -0.5464555621147156
2024-08-23 23:43:17,604 - INFO - Mean training L1 loss: 0.049664161577820776
2024-08-23 23:43:17,604 - INFO - Mean training SSIM loss: 2.5360087698613753e-05
2024-08-23 23:43:17,604 - INFO - Mean training MSE loss: 0.004753380119800568
2024-08-23 23:43:28,657 - INFO - Mean validation L1 loss: 0.04217467740178108
2024-08-23 23:43:28,657 - INFO - Mean validation SSIM loss: 7.591305388743308e-08
2024-08-23 23:43:28,657 - INFO - Mean validation MSE loss: 0.003680891366675496
2024-08-23 23:43:30,616 - INFO - New best validation Loss 0.04217467740178108, at epoch 4
2024-08-23 23:43:30,617 - INFO - Epoch 5
-------------------------------
2024-08-23 23:43:30,617 - INFO - Learning Rate of group 0: 0.00016
2024-08-23 23:45:20,299 - INFO - Maximum gradient before clipping: 0.4185405969619751
2024-08-23 23:45:20,300 - INFO - Minimum gradient before clipping: -0.4157325327396393
2024-08-23 23:45:20,300 - INFO - Mean training L1 loss: 0.046778886318206786
2024-08-23 23:45:20,301 - INFO - Mean training SSIM loss: 2.458861951035729e-06
2024-08-23 23:45:20,301 - INFO - Mean training MSE loss: 0.004132535995449871
2024-08-23 23:45:31,419 - INFO - Mean validation L1 loss: 0.04617333710193634
2024-08-23 23:45:31,419 - INFO - Mean validation SSIM loss: 5.780736373708351e-06
2024-08-23 23:45:31,419 - INFO - Mean validation MSE loss: 0.003943152818828821
2024-08-23 23:45:31,419 - INFO - Epoch 6
-------------------------------
2024-08-23 23:45:31,419 - INFO - Learning Rate of group 0: 0.0002
2024-08-23 23:47:22,107 - INFO - Maximum gradient before clipping: 0.5285884737968445
2024-08-23 23:47:22,108 - INFO - Minimum gradient before clipping: -0.680118203163147
2024-08-23 23:47:22,108 - INFO - Mean training L1 loss: 0.04628084443509579
2024-08-23 23:47:22,108 - INFO - Mean training SSIM loss: 4.60109588320623e-05
2024-08-23 23:47:22,108 - INFO - Mean training MSE loss: 0.004194814265938476
2024-08-23 23:47:33,409 - INFO - Mean validation L1 loss: 0.03951336964964867
2024-08-23 23:47:33,409 - INFO - Mean validation SSIM loss: 5.863319350707386e-08
2024-08-23 23:47:33,409 - INFO - Mean validation MSE loss: 0.003203740930184722
2024-08-23 23:47:35,368 - INFO - New best validation Loss 0.03951336964964867, at epoch 6
2024-08-23 23:47:35,369 - INFO - Epoch 7
-------------------------------
2024-08-23 23:47:35,369 - INFO - Learning Rate of group 0: 0.00019921541278079057
2024-08-23 23:49:26,179 - INFO - Maximum gradient before clipping: 0.2889922857284546
2024-08-23 23:49:26,221 - INFO - Minimum gradient before clipping: -0.2955150604248047
2024-08-23 23:49:26,222 - INFO - Mean training L1 loss: 0.0399636616371572
2024-08-23 23:49:26,222 - INFO - Mean training SSIM loss: 7.085916812477056e-08
2024-08-23 23:49:26,222 - INFO - Mean training MSE loss: 0.0032602341345045714
2024-08-23 23:49:40,003 - INFO - Mean validation L1 loss: 0.03873156040906906
2024-08-23 23:49:40,003 - INFO - Mean validation SSIM loss: 1.9226590424192835e-08
2024-08-23 23:49:40,003 - INFO - Mean validation MSE loss: 0.003104757806286216
2024-08-23 23:49:41,958 - INFO - New best validation Loss 0.03873156040906906, at epoch 7
2024-08-23 23:49:41,959 - INFO - Epoch 8
-------------------------------
2024-08-23 23:49:41,959 - INFO - Learning Rate of group 0: 0.0001968740245322988
2024-08-23 23:51:32,169 - INFO - Maximum gradient before clipping: 0.33580511808395386
2024-08-23 23:51:32,170 - INFO - Minimum gradient before clipping: -0.33205458521842957
2024-08-23 23:51:32,170 - INFO - Mean training L1 loss: 0.04202589204534888
2024-08-23 23:51:32,171 - INFO - Mean training SSIM loss: 8.933292673202198e-07
2024-08-23 23:51:32,171 - INFO - Mean training MSE loss: 0.003538112787064165
2024-08-23 23:51:43,850 - INFO - Mean validation L1 loss: 0.03766883745789528
2024-08-23 23:51:43,850 - INFO - Mean validation SSIM loss: 2.2171739764154096e-08
2024-08-23 23:51:43,850 - INFO - Mean validation MSE loss: 0.003060899376869202
2024-08-23 23:51:45,799 - INFO - New best validation Loss 0.03766883745789528, at epoch 8
2024-08-23 23:51:45,799 - INFO - Epoch 9
-------------------------------
2024-08-23 23:51:45,799 - INFO - Learning Rate of group 0: 0.00019301276034588104
2024-08-23 23:53:35,891 - INFO - Maximum gradient before clipping: 0.3468210697174072
2024-08-23 23:53:35,892 - INFO - Minimum gradient before clipping: -0.28213393688201904
2024-08-23 23:53:35,892 - INFO - Mean training L1 loss: 0.04016814328730106
2024-08-23 23:53:35,892 - INFO - Mean training SSIM loss: 8.443010378583749e-08
2024-08-23 23:53:35,892 - INFO - Mean training MSE loss: 0.003298060648376122
2024-08-23 23:53:47,496 - INFO - Mean validation L1 loss: 0.03929485827684402
2024-08-23 23:53:47,496 - INFO - Mean validation SSIM loss: 2.8970503973546614e-08
2024-08-23 23:53:47,496 - INFO - Mean validation MSE loss: 0.003282577870413661
2024-08-23 23:53:47,496 - INFO - Epoch 10
-------------------------------
2024-08-23 23:53:47,496 - INFO - Learning Rate of group 0: 0.00018769251466436445
2024-08-23 23:55:37,654 - INFO - Maximum gradient before clipping: 0.3318658471107483
2024-08-23 23:55:37,654 - INFO - Minimum gradient before clipping: -0.31043723225593567
2024-08-23 23:55:37,655 - INFO - Mean training L1 loss: 0.03981319017708301
2024-08-23 23:55:37,655 - INFO - Mean training SSIM loss: 1.6225883614162662e-07
2024-08-23 23:55:37,655 - INFO - Mean training MSE loss: 0.00322822388028726
2024-08-24 00:01:48,322 - INFO - Validation split Earthnet Score on epoch 10
2024-08-24 00:01:48,325 - INFO - {'MAD': 0.21554014086723328, 'OLS': 0.30770131945610046, 'EMD': 0.19004301726818085, 'SSIM': 0.037002939730882645, 'EarthNetScore': 0.09956128755902405}
2024-08-24 00:01:48,325 - INFO - Mean validation L1 loss: 0.03655216082930565
2024-08-24 00:01:48,325 - INFO - Mean validation SSIM loss: 1.4471223630518893e-08
2024-08-24 00:01:48,325 - INFO - Mean validation MSE loss: 0.002760690525174141
2024-08-24 00:01:50,290 - INFO - New best validation Loss 0.03655216082930565, at epoch 10
2024-08-24 00:01:50,291 - INFO - Epoch 11
-------------------------------
2024-08-24 00:01:50,291 - INFO - Learning Rate of group 0: 0.0001809971909403073
2024-08-24 00:03:40,134 - INFO - Maximum gradient before clipping: 0.39072683453559875
2024-08-24 00:03:40,134 - INFO - Minimum gradient before clipping: -0.3510114252567291
2024-08-24 00:03:40,135 - INFO - Mean training L1 loss: 0.039079107511788606
2024-08-24 00:03:40,135 - INFO - Mean training SSIM loss: 1.7623218817548747e-07
2024-08-24 00:03:40,135 - INFO - Mean training MSE loss: 0.0031161458778660744
2024-08-24 00:03:51,215 - INFO - Mean validation L1 loss: 0.04516666084527969
2024-08-24 00:03:51,216 - INFO - Mean validation SSIM loss: 4.4168936740973664e-07
2024-08-24 00:03:51,216 - INFO - Mean validation MSE loss: 0.0032745413575321434
2024-08-24 00:03:51,216 - INFO - Epoch 12
-------------------------------
2024-08-24 00:03:51,216 - INFO - Learning Rate of group 0: 0.00017303237842843048
2024-08-24 00:05:41,019 - INFO - Maximum gradient before clipping: 0.34105706214904785
2024-08-24 00:05:41,020 - INFO - Minimum gradient before clipping: -0.2904455065727234
2024-08-24 00:05:41,020 - INFO - Mean training L1 loss: 0.03896320236846804
2024-08-24 00:05:41,020 - INFO - Mean training SSIM loss: 5.7411184704592164e-08
2024-08-24 00:05:41,020 - INFO - Mean training MSE loss: 0.0030946658866014332
2024-08-24 00:05:52,164 - INFO - Mean validation L1 loss: 0.03761129438877106
2024-08-24 00:05:52,164 - INFO - Mean validation SSIM loss: 4.858468040880304e-08
2024-08-24 00:05:52,164 - INFO - Mean validation MSE loss: 0.003125689090229571
2024-08-24 00:05:52,164 - INFO - Epoch 13
-------------------------------
2024-08-24 00:05:52,164 - INFO - Learning Rate of group 0: 0.00016392368697999466
2024-08-24 00:07:41,617 - INFO - Maximum gradient before clipping: 0.3328295648097992
2024-08-24 00:07:41,618 - INFO - Minimum gradient before clipping: -0.27592602372169495
2024-08-24 00:07:41,619 - INFO - Mean training L1 loss: 0.03741257106885314
2024-08-24 00:07:41,619 - INFO - Mean training SSIM loss: 4.187661621746219e-08
2024-08-24 00:07:41,619 - INFO - Mean training MSE loss: 0.0029036806151270865
2024-08-24 00:07:53,341 - INFO - Mean validation L1 loss: 0.03544551871716976
2024-08-24 00:07:53,341 - INFO - Mean validation SSIM loss: 4.820302261232534e-09
2024-08-24 00:07:53,341 - INFO - Mean validation MSE loss: 0.002728998479433358
2024-08-24 00:07:57,704 - INFO - New best validation Loss 0.03544551871716976, at epoch 13
2024-08-24 00:07:57,704 - INFO - Epoch 14
-------------------------------
2024-08-24 00:07:57,704 - INFO - Learning Rate of group 0: 0.00015381476610041016
2024-08-24 00:09:52,848 - INFO - Maximum gradient before clipping: 0.32318115234375
2024-08-24 00:09:52,849 - INFO - Minimum gradient before clipping: -0.2438575178384781
2024-08-24 00:09:52,849 - INFO - Mean training L1 loss: 0.03731711057946086
2024-08-24 00:09:52,849 - INFO - Mean training SSIM loss: 3.535005777814681e-08
2024-08-24 00:09:52,849 - INFO - Mean training MSE loss: 0.002896851726109162
2024-08-24 00:10:03,922 - INFO - Mean validation L1 loss: 0.03554826989769935
2024-08-24 00:10:03,922 - INFO - Mean validation SSIM loss: 8.155181317470727e-09
2024-08-24 00:10:03,922 - INFO - Mean validation MSE loss: 0.0027546789310872555
2024-08-24 00:10:03,922 - INFO - Epoch 15
-------------------------------
2024-08-24 00:10:03,923 - INFO - Learning Rate of group 0: 0.00014286503951072474
2024-08-24 00:11:54,085 - INFO - Maximum gradient before clipping: 0.28686028718948364
2024-08-24 00:11:54,085 - INFO - Minimum gradient before clipping: -0.31485092639923096
2024-08-24 00:11:54,086 - INFO - Mean training L1 loss: 0.03720907682552934
2024-08-24 00:11:54,086 - INFO - Mean training SSIM loss: 3.53643608934362e-08
2024-08-24 00:11:54,086 - INFO - Mean training MSE loss: 0.0028980050166137515
2024-08-24 00:12:05,106 - INFO - Mean validation L1 loss: 0.03556561380624771
2024-08-24 00:12:05,106 - INFO - Mean validation SSIM loss: 5.675965135121253e-09
2024-08-24 00:12:05,106 - INFO - Mean validation MSE loss: 0.0027847621543332936
2024-08-24 00:12:05,107 - INFO - Epoch 16
-------------------------------
2024-08-24 00:12:05,107 - INFO - Learning Rate of group 0: 0.00013124719094030727
2024-08-24 00:13:55,055 - INFO - Maximum gradient before clipping: 0.34402433037757874
2024-08-24 00:13:55,056 - INFO - Minimum gradient before clipping: -0.29413872957229614
2024-08-24 00:13:55,056 - INFO - Mean training L1 loss: 0.03692603753879666
2024-08-24 00:13:55,056 - INFO - Mean training SSIM loss: 9.558566583953154e-08
2024-08-24 00:13:55,056 - INFO - Mean training MSE loss: 0.0028405025997199117
2024-08-24 00:14:06,205 - INFO - Mean validation L1 loss: 0.03827964201569557
2024-08-24 00:14:06,205 - INFO - Mean validation SSIM loss: 3.614205003943383e-08
2024-08-24 00:14:06,205 - INFO - Mean validation MSE loss: 0.0032051261607557533
2024-08-24 00:14:06,206 - INFO - Epoch 17
-------------------------------
2024-08-24 00:14:06,206 - INFO - Learning Rate of group 0: 0.00011914444080127962
2024-08-24 00:15:55,760 - INFO - Maximum gradient before clipping: 0.30443406105041504
2024-08-24 00:15:55,760 - INFO - Minimum gradient before clipping: -0.34920534491539
2024-08-24 00:15:55,761 - INFO - Mean training L1 loss: 0.03629023855552077
2024-08-24 00:15:55,761 - INFO - Mean training SSIM loss: 2.7087409636035453e-08
2024-08-24 00:15:55,761 - INFO - Mean training MSE loss: 0.0027704754169099034
2024-08-24 00:16:06,731 - INFO - Mean validation L1 loss: 0.0350334034115076
2024-08-24 00:16:06,731 - INFO - Mean validation SSIM loss: 7.192845087600208e-09
2024-08-24 00:16:06,731 - INFO - Mean validation MSE loss: 0.0027000799402594564
2024-08-24 00:16:08,700 - INFO - New best validation Loss 0.0350334034115076, at epoch 17
2024-08-24 00:16:08,701 - INFO - Epoch 18
-------------------------------
2024-08-24 00:16:08,701 - INFO - Learning Rate of group 0: 0.0001067476566931667
2024-08-24 00:17:58,371 - INFO - Maximum gradient before clipping: 0.21749454736709595
2024-08-24 00:17:58,371 - INFO - Minimum gradient before clipping: -0.28360190987586975
2024-08-24 00:17:58,372 - INFO - Mean training L1 loss: 0.035583737809211015
2024-08-24 00:17:58,372 - INFO - Mean training SSIM loss: 1.5136335585579087e-08
2024-08-24 00:17:58,372 - INFO - Mean training MSE loss: 0.002712907362729311
2024-08-24 00:18:09,390 - INFO - Mean validation L1 loss: 0.03483851738274098
2024-08-24 00:18:09,390 - INFO - Mean validation SSIM loss: 3.5000947098962064e-09
2024-08-24 00:18:09,390 - INFO - Mean validation MSE loss: 0.00256942568346858
2024-08-24 00:18:13,619 - INFO - New best validation Loss 0.03483851738274098, at epoch 18
2024-08-24 00:18:13,619 - INFO - Epoch 19
-------------------------------
2024-08-24 00:18:13,619 - INFO - Learning Rate of group 0: 9.425234330683332e-05
2024-08-24 00:20:03,306 - INFO - Maximum gradient before clipping: 0.3100263178348541
2024-08-24 00:20:03,357 - INFO - Minimum gradient before clipping: -0.30241382122039795
2024-08-24 00:20:03,358 - INFO - Mean training L1 loss: 0.03619708467274904
2024-08-24 00:20:03,358 - INFO - Mean training SSIM loss: 2.1221257023567445e-08
2024-08-24 00:20:03,358 - INFO - Mean training MSE loss: 0.002774430196732283
2024-08-24 00:20:17,249 - INFO - Mean validation L1 loss: 0.03566479153931141
2024-08-24 00:20:17,249 - INFO - Mean validation SSIM loss: 1.2200833211517548e-08
2024-08-24 00:20:17,249 - INFO - Mean validation MSE loss: 0.002808152139186859
2024-08-24 00:20:17,250 - INFO - Epoch 20
-------------------------------
2024-08-24 00:20:17,250 - INFO - Learning Rate of group 0: 8.18555591987204e-05
2024-08-24 00:22:06,770 - INFO - Maximum gradient before clipping: 0.27904877066612244
2024-08-24 00:22:06,770 - INFO - Minimum gradient before clipping: -0.29643169045448303
2024-08-24 00:22:06,770 - INFO - Mean training L1 loss: 0.03520447311922908
2024-08-24 00:22:06,771 - INFO - Mean training SSIM loss: 1.052686133817815e-08
2024-08-24 00:22:06,771 - INFO - Mean training MSE loss: 0.0026617055176757277
2024-08-24 00:28:22,377 - INFO - Validation split Earthnet Score on epoch 20
2024-08-24 00:28:22,378 - INFO - {'MAD': 0.2226514220237732, 'OLS': 0.3057420253753662, 'EMD': 0.19799397885799408, 'SSIM': 0.050526294857263565, 'EarthNetScore': 0.12268286486762359}
2024-08-24 00:28:22,379 - INFO - Mean validation L1 loss: 0.034140947386622426
2024-08-24 00:28:22,379 - INFO - Mean validation SSIM loss: 2.2268587415719133e-09
2024-08-24 00:28:22,379 - INFO - Mean validation MSE loss: 0.0025440036086365582
2024-08-24 00:28:24,348 - INFO - New best validation Loss 0.034140947386622426, at epoch 20
2024-08-24 00:28:24,349 - INFO - Epoch 21
-------------------------------
2024-08-24 00:28:24,349 - INFO - Learning Rate of group 0: 6.975280905969276e-05
2024-08-24 00:30:13,936 - INFO - Maximum gradient before clipping: 0.24040603637695312
2024-08-24 00:30:13,937 - INFO - Minimum gradient before clipping: -0.2724941372871399
2024-08-24 00:30:13,938 - INFO - Mean training L1 loss: 0.03476303512230516
2024-08-24 00:30:13,938 - INFO - Mean training SSIM loss: 9.40527018260251e-09
2024-08-24 00:30:13,938 - INFO - Mean training MSE loss: 0.002616469357162714
2024-08-24 00:30:24,950 - INFO - Mean validation L1 loss: 0.035888190865516666
2024-08-24 00:30:24,950 - INFO - Mean validation SSIM loss: 5.241913338949189e-09
2024-08-24 00:30:24,950 - INFO - Mean validation MSE loss: 0.0024969014106318355
2024-08-24 00:30:24,951 - INFO - Epoch 22
-------------------------------
2024-08-24 00:30:24,951 - INFO - Learning Rate of group 0: 5.813496048927526e-05
2024-08-24 00:32:15,071 - INFO - Maximum gradient before clipping: 0.2815307080745697
2024-08-24 00:32:15,071 - INFO - Minimum gradient before clipping: -0.21598750352859497
2024-08-24 00:32:15,072 - INFO - Mean training L1 loss: 0.034359100069850684
2024-08-24 00:32:15,072 - INFO - Mean training SSIM loss: 7.040977262826043e-09
2024-08-24 00:32:15,072 - INFO - Mean training MSE loss: 0.0025497582484968005
2024-08-24 00:32:26,143 - INFO - Mean validation L1 loss: 0.03427611298859119
2024-08-24 00:32:26,143 - INFO - Mean validation SSIM loss: 4.976338958129212e-09
2024-08-24 00:32:26,143 - INFO - Mean validation MSE loss: 0.002551888427697122
2024-08-24 00:32:26,143 - INFO - Epoch 23
-------------------------------
2024-08-24 00:32:26,143 - INFO - Learning Rate of group 0: 4.7185233899589804e-05
2024-08-24 00:34:15,915 - INFO - Maximum gradient before clipping: 0.2733188271522522
2024-08-24 00:34:15,915 - INFO - Minimum gradient before clipping: -0.21988563239574432
2024-08-24 00:34:15,916 - INFO - Mean training L1 loss: 0.03482669124379754
2024-08-24 00:34:15,916 - INFO - Mean training SSIM loss: 1.7322821725743178e-08
2024-08-24 00:34:15,916 - INFO - Mean training MSE loss: 0.0026166443177498876
2024-08-24 00:34:27,015 - INFO - Mean validation L1 loss: 0.03403729617595672
2024-08-24 00:34:27,015 - INFO - Mean validation SSIM loss: 1.7045316738628635e-09
2024-08-24 00:34:27,015 - INFO - Mean validation MSE loss: 0.0024823091039434075
2024-08-24 00:34:28,964 - INFO - New best validation Loss 0.03403729617595672, at epoch 23
2024-08-24 00:34:28,965 - INFO - Epoch 24
-------------------------------
2024-08-24 00:34:28,965 - INFO - Learning Rate of group 0: 3.7076313020005365e-05
2024-08-24 00:36:18,594 - INFO - Maximum gradient before clipping: 0.20440253615379333
2024-08-24 00:36:18,594 - INFO - Minimum gradient before clipping: -0.2318875938653946
2024-08-24 00:36:18,595 - INFO - Mean training L1 loss: 0.03422406705096364
2024-08-24 00:36:18,595 - INFO - Mean training SSIM loss: 7.64639352880854e-09
2024-08-24 00:36:18,595 - INFO - Mean training MSE loss: 0.002542441157856956
2024-08-24 00:36:30,415 - INFO - Mean validation L1 loss: 0.033709557726979256
2024-08-24 00:36:30,415 - INFO - Mean validation SSIM loss: 3.741477003077476e-09
2024-08-24 00:36:30,415 - INFO - Mean validation MSE loss: 0.0025583944004029034
2024-08-24 00:36:32,378 - INFO - New best validation Loss 0.033709557726979256, at epoch 24
2024-08-24 00:36:32,378 - INFO - Epoch 25
-------------------------------
2024-08-24 00:36:32,378 - INFO - Learning Rate of group 0: 2.7967621571569573e-05
2024-08-24 00:38:22,096 - INFO - Maximum gradient before clipping: 0.31736239790916443
2024-08-24 00:38:22,096 - INFO - Minimum gradient before clipping: -0.2832118272781372
2024-08-24 00:38:22,097 - INFO - Mean training L1 loss: 0.03382283238694072
2024-08-24 00:38:22,097 - INFO - Mean training SSIM loss: 8.950320938855978e-09
2024-08-24 00:38:22,097 - INFO - Mean training MSE loss: 0.0025114319054409862
2024-08-24 00:44:37,230 - INFO - Validation split Earthnet Score on epoch 25
2024-08-24 00:44:37,232 - INFO - {'MAD': 0.22501087188720703, 'OLS': 0.300044447183609, 'EMD': 0.20277312397956848, 'SSIM': 0.05441192910075188, 'EarthNetScore': 0.1286710984911558}
2024-08-24 00:44:37,234 - INFO - Mean validation L1 loss: 0.03351976104080677
2024-08-24 00:44:37,235 - INFO - Mean validation SSIM loss: 6.2591346435686425e-09
2024-08-24 00:44:37,235 - INFO - Mean validation MSE loss: 0.002519346228800714
2024-08-24 00:44:39,197 - INFO - New best validation Loss 0.03351976104080677, at epoch 25
2024-08-24 00:44:39,198 - INFO - Training Finished
