2024-07-06 18:36:02,895 - INFO - Starting training from from epoch 0
2024-07-06 18:36:03,393 - INFO - Epoch 0
-------------------------------
2024-07-06 18:55:33,101 - INFO - Mean training loss: 173782.68516000838
2024-07-06 19:00:26,198 - INFO - Mean validation loss: 173866.3400627615
2024-07-06 19:00:29,945 - INFO - New best validation Loss 173866.3400627615, at epoch 0
2024-07-06 19:00:29,945 - INFO - Epoch 1
-------------------------------
2024-07-06 19:06:44,631 - INFO - Mean training loss: 171421.38360175694
2024-07-06 19:08:07,304 - INFO - Mean validation loss: 173214.6741370293
2024-07-06 19:08:11,105 - INFO - New best validation Loss 173214.6741370293, at epoch 1
2024-07-06 19:08:11,106 - INFO - Epoch 2
-------------------------------
2024-07-06 19:14:26,460 - INFO - Mean training loss: 170691.58040943317
2024-07-06 19:15:53,799 - INFO - Mean validation loss: 172927.773875523
2024-07-06 19:15:57,606 - INFO - New best validation Loss 172927.773875523, at epoch 2
2024-07-06 19:15:57,607 - INFO - Epoch 3
-------------------------------
2024-07-06 19:22:12,816 - INFO - Mean training loss: 169682.61465959004
2024-07-06 19:23:33,072 - INFO - Mean validation loss: 171971.38462343096
2024-07-06 19:23:36,886 - INFO - New best validation Loss 171971.38462343096, at epoch 3
2024-07-06 19:23:36,886 - INFO - Epoch 4
-------------------------------
2024-07-06 19:29:52,268 - INFO - Mean training loss: 167881.9162439866
2024-07-06 19:31:14,987 - INFO - Mean validation loss: 170020.59014121338
2024-07-06 19:31:18,811 - INFO - New best validation Loss 170020.59014121338, at epoch 4
2024-07-06 19:31:18,811 - INFO - Epoch 5
-------------------------------
2024-07-06 19:37:33,879 - INFO - Mean training loss: 165079.62658178207
2024-07-06 19:38:56,723 - INFO - Mean validation loss: 165471.8936715481
2024-07-06 19:39:00,537 - INFO - New best validation Loss 165471.8936715481, at epoch 5
2024-07-06 19:39:00,538 - INFO - Epoch 6
-------------------------------
2024-07-06 19:45:15,784 - INFO - Mean training loss: 163006.93380046016
2024-07-06 19:46:34,937 - INFO - Mean validation loss: 163091.44186715482
2024-07-06 19:46:38,770 - INFO - New best validation Loss 163091.44186715482, at epoch 6
2024-07-06 19:46:38,770 - INFO - Epoch 7
-------------------------------
2024-07-06 19:52:54,337 - INFO - Mean training loss: 159228.37327441957
2024-07-06 19:54:17,542 - INFO - Mean validation loss: 159495.1729341004
2024-07-06 19:54:21,371 - INFO - New best validation Loss 159495.1729341004, at epoch 7
2024-07-06 19:54:21,371 - INFO - Epoch 8
-------------------------------
2024-07-06 20:00:36,435 - INFO - Mean training loss: 154058.21803754446
2024-07-06 20:02:01,951 - INFO - Mean validation loss: 153392.4479341004
2024-07-06 20:02:05,761 - INFO - New best validation Loss 153392.4479341004, at epoch 8
2024-07-06 20:02:05,761 - INFO - Epoch 9
-------------------------------
2024-07-06 20:08:21,357 - INFO - Mean training loss: 148398.17323781634
2024-07-06 20:09:46,513 - INFO - Mean validation loss: 150223.30753138076
2024-07-06 20:09:50,346 - INFO - New best validation Loss 150223.30753138076, at epoch 9
2024-07-06 20:09:50,346 - INFO - Epoch 10
-------------------------------
2024-07-06 20:16:05,526 - INFO - Mean training loss: 141448.1179146622
2024-07-06 20:17:27,129 - INFO - Mean validation loss: 139818.6111924686
2024-07-06 20:17:30,942 - INFO - New best validation Loss 139818.6111924686, at epoch 10
2024-07-06 20:17:30,942 - INFO - Epoch 11
-------------------------------
2024-07-06 20:23:45,920 - INFO - Mean training loss: 134111.85016863627
2024-07-06 20:25:07,878 - INFO - Mean validation loss: 132823.44890167363
2024-07-06 20:25:11,690 - INFO - New best validation Loss 132823.44890167363, at epoch 11
2024-07-06 20:25:11,690 - INFO - Epoch 12
-------------------------------
2024-07-06 20:31:26,726 - INFO - Mean training loss: 125629.71139667433
2024-07-06 20:32:49,178 - INFO - Mean validation loss: 126322.5699790795
2024-07-06 20:32:52,999 - INFO - New best validation Loss 126322.5699790795, at epoch 12
2024-07-06 20:32:52,999 - INFO - Epoch 13
-------------------------------
2024-07-06 20:39:07,930 - INFO - Mean training loss: 123859.53631562434
2024-07-06 20:40:29,267 - INFO - Mean validation loss: 174115.07505230125
2024-07-06 20:40:29,267 - INFO - Epoch 14
-------------------------------
2024-07-06 20:46:44,143 - INFO - Mean training loss: 141468.75594802343
2024-07-06 20:48:05,266 - INFO - Mean validation loss: 125769.94521443515
2024-07-06 20:48:09,069 - INFO - New best validation Loss 125769.94521443515, at epoch 14
2024-07-06 20:48:09,069 - INFO - Epoch 15
-------------------------------
2024-07-06 20:54:24,325 - INFO - Mean training loss: 114435.9337089521
2024-07-06 20:55:46,278 - INFO - Mean validation loss: 115524.42479079498
2024-07-06 20:55:50,115 - INFO - New best validation Loss 115524.42479079498, at epoch 15
2024-07-06 20:55:50,115 - INFO - Epoch 16
-------------------------------
2024-07-06 21:02:05,899 - INFO - Mean training loss: 107305.37667329011
2024-07-06 21:03:27,222 - INFO - Mean validation loss: 112083.03127615062
2024-07-06 21:03:31,034 - INFO - New best validation Loss 112083.03127615062, at epoch 16
2024-07-06 21:03:31,035 - INFO - Epoch 17
-------------------------------
2024-07-06 21:09:46,219 - INFO - Mean training loss: 102931.30109417487
2024-07-06 21:11:08,465 - INFO - Mean validation loss: 109618.87314330543
2024-07-06 21:11:12,268 - INFO - New best validation Loss 109618.87314330543, at epoch 17
2024-07-06 21:11:12,268 - INFO - Epoch 18
-------------------------------
2024-07-06 21:17:27,826 - INFO - Mean training loss: 99295.31555898348
2024-07-06 21:18:49,762 - INFO - Mean validation loss: 107822.53802301256
2024-07-06 21:18:53,600 - INFO - New best validation Loss 107822.53802301256, at epoch 18
2024-07-06 21:18:53,600 - INFO - Epoch 19
-------------------------------
2024-07-06 21:25:09,124 - INFO - Mean training loss: 96186.5754810709
2024-07-06 21:26:30,957 - INFO - Mean validation loss: 107155.28253138076
2024-07-06 21:26:34,758 - INFO - New best validation Loss 107155.28253138076, at epoch 19
2024-07-06 21:26:34,758 - INFO - Epoch 20
-------------------------------
2024-07-06 21:32:49,796 - INFO - Mean training loss: 93807.19418008784
2024-07-06 21:34:14,476 - INFO - Mean validation loss: 105322.65120292887
2024-07-06 21:34:18,310 - INFO - New best validation Loss 105322.65120292887, at epoch 20
2024-07-06 21:34:18,311 - INFO - Epoch 21
-------------------------------
2024-07-06 21:40:32,972 - INFO - Mean training loss: 92119.77445879523
2024-07-06 21:41:54,475 - INFO - Mean validation loss: 102530.10188284519
2024-07-06 21:41:58,279 - INFO - New best validation Loss 102530.10188284519, at epoch 21
2024-07-06 21:41:58,280 - INFO - Epoch 22
-------------------------------
2024-07-06 21:48:13,752 - INFO - Mean training loss: 90528.83512863418
2024-07-06 21:49:35,227 - INFO - Mean validation loss: 101186.46956066946
2024-07-06 21:49:39,048 - INFO - New best validation Loss 101186.46956066946, at epoch 22
2024-07-06 21:49:39,048 - INFO - Epoch 23
-------------------------------
2024-07-06 21:55:53,810 - INFO - Mean training loss: 88781.49504549257
2024-07-06 21:57:16,058 - INFO - Mean validation loss: 99001.81718096235
2024-07-06 21:57:20,174 - INFO - New best validation Loss 99001.81718096235, at epoch 23
2024-07-06 21:57:20,174 - INFO - Epoch 24
-------------------------------
2024-07-06 22:03:35,606 - INFO - Mean training loss: 87627.17105469567
2024-07-06 22:05:00,306 - INFO - Mean validation loss: 97257.86399058577
2024-07-06 22:05:04,133 - INFO - New best validation Loss 97257.86399058577, at epoch 24
2024-07-06 22:05:04,133 - INFO - Epoch 25
-------------------------------
2024-07-06 22:11:18,904 - INFO - Mean training loss: 85282.19262445095
2024-07-06 22:12:39,510 - INFO - Mean validation loss: 96915.31736401674
2024-07-06 22:12:43,296 - INFO - New best validation Loss 96915.31736401674, at epoch 25
2024-07-06 22:12:43,297 - INFO - Epoch 26
-------------------------------
2024-07-06 22:18:57,967 - INFO - Mean training loss: 83834.34799205187
2024-07-06 22:20:19,772 - INFO - Mean validation loss: 96687.96576882845
2024-07-06 22:20:23,576 - INFO - New best validation Loss 96687.96576882845, at epoch 26
2024-07-06 22:20:23,576 - INFO - Epoch 27
-------------------------------
2024-07-06 22:26:38,158 - INFO - Mean training loss: 83052.47699226103
2024-07-06 22:28:02,190 - INFO - Mean validation loss: 97237.71702405858
2024-07-06 22:28:02,190 - INFO - Epoch 28
-------------------------------
2024-07-06 22:34:16,786 - INFO - Mean training loss: 83003.634438402
2024-07-06 22:35:37,796 - INFO - Mean validation loss: 97142.79372384938
2024-07-06 22:35:37,797 - INFO - Epoch 29
-------------------------------
2024-07-06 22:41:53,323 - INFO - Mean training loss: 82628.22287439866
2024-07-06 22:43:17,837 - INFO - Mean validation loss: 95034.71302301255
2024-07-06 22:43:21,668 - INFO - New best validation Loss 95034.71302301255, at epoch 29
2024-07-06 22:43:21,668 - INFO - Epoch 30
-------------------------------
2024-07-06 22:49:36,547 - INFO - Mean training loss: 81399.09375
2024-07-06 22:50:57,978 - INFO - Mean validation loss: 94222.31312761507
2024-07-06 22:51:01,784 - INFO - New best validation Loss 94222.31312761507, at epoch 30
2024-07-06 22:51:01,784 - INFO - Epoch 31
-------------------------------
2024-07-06 22:57:16,871 - INFO - Mean training loss: 80145.91800224848
2024-07-06 22:58:39,476 - INFO - Mean validation loss: 93885.54612970712
2024-07-06 22:58:43,298 - INFO - New best validation Loss 93885.54612970712, at epoch 31
2024-07-06 22:58:43,298 - INFO - Epoch 32
-------------------------------
2024-07-06 23:04:57,909 - INFO - Mean training loss: 79444.61291440076
2024-07-06 23:06:19,744 - INFO - Mean validation loss: 93841.75366108786
2024-07-06 23:06:23,541 - INFO - New best validation Loss 93841.75366108786, at epoch 32
2024-07-06 23:06:23,541 - INFO - Epoch 33
-------------------------------
2024-07-06 23:12:38,179 - INFO - Mean training loss: 78299.72209658021
2024-07-06 23:14:01,072 - INFO - Mean validation loss: 93647.22996861924
2024-07-06 23:14:04,884 - INFO - New best validation Loss 93647.22996861924, at epoch 33
2024-07-06 23:14:04,884 - INFO - Epoch 34
-------------------------------
2024-07-06 23:20:19,575 - INFO - Mean training loss: 77838.2590723698
2024-07-06 23:21:42,146 - INFO - Mean validation loss: 93637.07724895398
2024-07-06 23:21:45,831 - INFO - New best validation Loss 93637.07724895398, at epoch 34
2024-07-06 23:21:45,831 - INFO - Epoch 35
-------------------------------
2024-07-06 23:28:01,694 - INFO - Mean training loss: 77498.76801401381
2024-07-06 23:29:22,362 - INFO - Mean validation loss: 93255.80460251046
2024-07-06 23:29:26,177 - INFO - New best validation Loss 93255.80460251046, at epoch 35
2024-07-06 23:29:26,177 - INFO - Epoch 36
-------------------------------
2024-07-06 23:35:40,606 - INFO - Mean training loss: 83397.8581036917
2024-07-06 23:37:03,465 - INFO - Mean validation loss: 92655.2504707113
2024-07-06 23:37:07,279 - INFO - New best validation Loss 92655.2504707113, at epoch 36
2024-07-06 23:37:07,279 - INFO - Epoch 37
-------------------------------
2024-07-06 23:43:21,925 - INFO - Mean training loss: 77388.70830500941
2024-07-06 23:44:44,624 - INFO - Mean validation loss: 92610.48054393305
2024-07-06 23:44:48,385 - INFO - New best validation Loss 92610.48054393305, at epoch 37
2024-07-06 23:44:48,386 - INFO - Epoch 38
-------------------------------
2024-07-06 23:51:03,646 - INFO - Mean training loss: 77346.38772615562
2024-07-06 23:52:24,695 - INFO - Mean validation loss: 92549.72701359833
2024-07-06 23:52:28,529 - INFO - New best validation Loss 92549.72701359833, at epoch 38
2024-07-06 23:52:28,529 - INFO - Epoch 39
-------------------------------
2024-07-06 23:58:43,209 - INFO - Mean training loss: 75389.34788093495
2024-07-07 00:00:06,945 - INFO - Mean validation loss: 92020.04688807532
2024-07-07 00:00:10,749 - INFO - New best validation Loss 92020.04688807532, at epoch 39
2024-07-07 00:00:10,749 - INFO - Epoch 40
-------------------------------
2024-07-07 00:06:25,567 - INFO - Mean training loss: 74163.82859888098
2024-07-07 00:07:47,942 - INFO - Mean validation loss: 92289.26814853557
2024-07-07 00:07:47,943 - INFO - Epoch 41
-------------------------------
2024-07-07 00:14:03,272 - INFO - Mean training loss: 73477.19131065677
2024-07-07 00:15:25,298 - INFO - Mean validation loss: 91707.30933577406
2024-07-07 00:15:29,148 - INFO - New best validation Loss 91707.30933577406, at epoch 41
2024-07-07 00:15:29,149 - INFO - Epoch 42
-------------------------------
2024-07-07 00:21:44,328 - INFO - Mean training loss: 72835.65862267309
2024-07-07 00:23:07,321 - INFO - Mean validation loss: 92008.28119769874
2024-07-07 00:23:07,322 - INFO - Epoch 43
-------------------------------
2024-07-07 00:29:22,595 - INFO - Mean training loss: 72426.59980260406
2024-07-07 00:30:46,060 - INFO - Mean validation loss: 92816.97350941422
2024-07-07 00:30:46,060 - INFO - Epoch 44
-------------------------------
2024-07-07 00:37:00,815 - INFO - Mean training loss: 72184.75091508053
2024-07-07 00:38:20,473 - INFO - Mean validation loss: 92620.82758891213
2024-07-07 00:38:20,473 - INFO - Epoch 45
-------------------------------
2024-07-07 00:44:35,431 - INFO - Mean training loss: 71780.52008601757
2024-07-07 00:45:56,109 - INFO - Mean validation loss: 92058.7849372385
2024-07-07 00:45:56,109 - INFO - Epoch 46
-------------------------------
2024-07-07 00:52:10,947 - INFO - Mean training loss: 71598.55255176741
2024-07-07 00:53:32,425 - INFO - Mean validation loss: 91876.88519874477
2024-07-07 00:53:32,426 - INFO - Epoch 47
-------------------------------
2024-07-07 00:59:47,440 - INFO - Mean training loss: 71537.00539243882
2024-07-07 01:01:11,279 - INFO - Mean validation loss: 92109.49286087866
2024-07-07 01:01:11,279 - INFO - Epoch 48
-------------------------------
2024-07-07 01:07:25,818 - INFO - Mean training loss: 71593.46916178624
2024-07-07 01:08:49,786 - INFO - Mean validation loss: 92197.93101464435
2024-07-07 01:08:49,787 - INFO - Epoch 49
-------------------------------
2024-07-07 01:15:04,167 - INFO - Mean training loss: 71849.21944938297
2024-07-07 01:16:25,806 - INFO - Mean validation loss: 92644.09032426779
2024-07-07 01:16:25,807 - INFO - Epoch 50
-------------------------------
2024-07-07 01:22:40,466 - INFO - Mean training loss: 71978.4492457122
2024-07-07 01:24:03,621 - INFO - Mean validation loss: 94757.74361924686
2024-07-07 01:24:03,622 - INFO - Epoch 51
-------------------------------
2024-07-07 01:30:18,522 - INFO - Mean training loss: 71799.24509778288
2024-07-07 01:31:41,427 - INFO - Mean validation loss: 98699.55400104602
2024-07-07 01:31:41,428 - INFO - Epoch 52
-------------------------------
2024-07-07 01:37:56,256 - INFO - Mean training loss: 72067.90989724953
2024-07-07 01:39:20,367 - INFO - Mean validation loss: 93947.80402719665
2024-07-07 01:39:20,368 - INFO - Epoch 53
-------------------------------
2024-07-07 01:45:35,300 - INFO - Mean training loss: 72005.46172348881
2024-07-07 01:46:57,708 - INFO - Mean validation loss: 90959.26066945607
2024-07-07 01:47:01,521 - INFO - New best validation Loss 90959.26066945607, at epoch 53
2024-07-07 01:47:01,522 - INFO - Epoch 54
-------------------------------
2024-07-07 01:53:16,243 - INFO - Mean training loss: 71504.80624477097
2024-07-07 01:54:39,393 - INFO - Mean validation loss: 90281.57520920502
2024-07-07 01:54:43,248 - INFO - New best validation Loss 90281.57520920502, at epoch 54
2024-07-07 01:54:43,249 - INFO - Epoch 55
-------------------------------
2024-07-07 02:00:58,077 - INFO - Mean training loss: 70690.96367130308
2024-07-07 02:02:18,208 - INFO - Mean validation loss: 91628.80226202929
2024-07-07 02:02:18,208 - INFO - Epoch 56
-------------------------------
2024-07-07 02:08:32,859 - INFO - Mean training loss: 70073.80489829533
2024-07-07 02:09:53,946 - INFO - Mean validation loss: 90307.36219926778
2024-07-07 02:09:53,947 - INFO - Epoch 57
-------------------------------
2024-07-07 02:16:09,018 - INFO - Mean training loss: 69424.90651145158
2024-07-07 02:17:30,836 - INFO - Mean validation loss: 90153.62118200837
2024-07-07 02:17:34,669 - INFO - New best validation Loss 90153.62118200837, at epoch 57
2024-07-07 02:17:34,670 - INFO - Epoch 58
-------------------------------
2024-07-07 02:23:50,490 - INFO - Mean training loss: 68897.41158361222
2024-07-07 02:25:11,061 - INFO - Mean validation loss: 90935.15934884937
2024-07-07 02:25:11,061 - INFO - Epoch 59
-------------------------------
2024-07-07 02:31:25,641 - INFO - Mean training loss: 68502.08275596109
2024-07-07 02:32:46,196 - INFO - Mean validation loss: 90441.46776935147
2024-07-07 02:32:46,197 - INFO - Training Finished
