2024-07-21 03:54:27,005 - INFO - NOTE: None
2024-07-21 03:54:31,080 - INFO - Resuming training from checkpoint /home/nikoskot/earthnetThesis/experiments/videoSwinUnet_18-07-2024_16-57-37/checkpoint.pth from epoch 14
2024-07-21 03:54:33,962 - INFO - Epoch 14
-------------------------------
2024-07-21 03:54:33,962 - INFO - Learning Rate: [0.0002]
2024-07-21 04:22:53,247 - INFO - Mean training loss: 18.909841403365135
2024-07-21 04:25:43,789 - INFO - Mean validation loss: 5.057900866493583
2024-07-21 04:25:43,790 - INFO - Epoch 15
-------------------------------
2024-07-21 04:25:43,791 - INFO - Learning Rate: [0.0002]
2024-07-21 04:53:51,890 - INFO - Mean training loss: 18.654198868200183
2024-07-21 04:56:18,947 - INFO - Mean validation loss: 4.878672119230032
2024-07-21 04:56:20,206 - INFO - New best validation Loss 4.878672119230032, at epoch 15
2024-07-21 04:56:20,207 - INFO - Epoch 16
-------------------------------
2024-07-21 04:56:20,208 - INFO - Learning Rate: [0.0002]
2024-07-21 05:24:25,040 - INFO - Mean training loss: 474582800.9495846
2024-07-21 05:26:53,401 - INFO - Mean validation loss: 14252985.04296875
2024-07-21 05:26:53,403 - INFO - Epoch 17
-------------------------------
2024-07-21 05:26:53,403 - INFO - Learning Rate: [0.0002]
2024-07-21 05:54:57,565 - INFO - Mean training loss: 2579123.3267813325
2024-07-21 05:57:22,114 - INFO - Mean validation loss: 196.1828212738037
2024-07-21 05:57:22,116 - INFO - Epoch 18
-------------------------------
2024-07-21 05:57:22,116 - INFO - Learning Rate: [0.0002]
2024-07-21 06:25:27,705 - INFO - Mean training loss: 285.74204518646
2024-07-21 06:27:51,703 - INFO - Mean validation loss: 36.19770143926144
2024-07-21 06:27:51,704 - INFO - Epoch 19
-------------------------------
2024-07-21 06:27:51,704 - INFO - Learning Rate: [0.0002]
2024-07-21 06:55:55,524 - INFO - Mean training loss: 172.10545188188553
2024-07-21 06:58:19,697 - INFO - Mean validation loss: 26.012367255985737
2024-07-21 06:58:19,699 - INFO - Epoch 20
-------------------------------
2024-07-21 06:58:19,699 - INFO - Learning Rate: [0.0002]
2024-07-21 07:26:26,913 - INFO - Mean training loss: 78.22369860112667
2024-07-21 07:28:51,777 - INFO - Mean validation loss: 14.988818444311619
2024-07-21 07:28:51,779 - INFO - Epoch 21
-------------------------------
2024-07-21 07:28:51,779 - INFO - Learning Rate: [0.0002]
2024-07-21 07:56:54,314 - INFO - Mean training loss: 64.74997181072831
2024-07-21 07:59:18,857 - INFO - Mean validation loss: 11.148423485457897
2024-07-21 07:59:18,858 - INFO - Epoch 22
-------------------------------
2024-07-21 07:59:18,858 - INFO - Learning Rate: [0.0002]
2024-07-21 08:27:22,421 - INFO - Mean training loss: 58.56980641186237
2024-07-21 08:29:45,624 - INFO - Mean validation loss: 10.220551442354918
2024-07-21 08:29:45,626 - INFO - Epoch 23
-------------------------------
2024-07-21 08:29:45,626 - INFO - Learning Rate: [0.0002]
2024-07-21 08:57:48,528 - INFO - Mean training loss: 5639049.890253391
2024-07-21 09:00:12,476 - INFO - Mean validation loss: 227.08704328536987
2024-07-21 09:00:12,477 - INFO - Epoch 24
-------------------------------
2024-07-21 09:00:12,477 - INFO - Learning Rate: [0.0002]
2024-07-21 09:28:16,319 - INFO - Mean training loss: 427.6555776298046
2024-07-21 09:30:40,528 - INFO - Mean validation loss: 57.52422821521759
2024-07-21 09:30:40,529 - INFO - Epoch 25
-------------------------------
2024-07-21 09:30:40,529 - INFO - Learning Rate: [0.0002]
2024-07-21 09:58:43,162 - INFO - Mean training loss: 165.2291864156723
2024-07-21 10:01:07,617 - INFO - Mean validation loss: 28.928196862339973
2024-07-21 10:01:07,618 - INFO - Epoch 26
-------------------------------
2024-07-21 10:01:07,618 - INFO - Learning Rate: [0.0002]
2024-07-21 10:29:11,245 - INFO - Mean training loss: 97.97072104364634
2024-07-21 10:31:35,159 - INFO - Mean validation loss: 14.099666222929955
2024-07-21 10:31:35,160 - INFO - Epoch 27
-------------------------------
2024-07-21 10:31:35,161 - INFO - Learning Rate: [2e-05]
2024-07-21 10:59:37,840 - INFO - Mean training loss: 45.60201593860984
2024-07-21 11:02:02,702 - INFO - Mean validation loss: 11.205899279564619
2024-07-21 11:02:02,703 - INFO - Epoch 28
-------------------------------
2024-07-21 11:02:02,703 - INFO - Learning Rate: [2e-05]
2024-07-21 11:30:06,622 - INFO - Mean training loss: 44.03731802478433
2024-07-21 11:32:30,510 - INFO - Mean validation loss: 10.779341131448746
2024-07-21 11:32:30,511 - INFO - Epoch 29
-------------------------------
2024-07-21 11:32:30,511 - INFO - Learning Rate: [2e-05]
2024-07-21 12:00:35,677 - INFO - Mean training loss: 42.7571647875011
2024-07-21 12:02:59,831 - INFO - Mean validation loss: 10.28627110272646
2024-07-21 12:02:59,832 - INFO - Epoch 30
-------------------------------
2024-07-21 12:02:59,832 - INFO - Learning Rate: [2e-05]
2024-07-21 12:31:03,615 - INFO - Mean training loss: 41.44668520241976
2024-07-21 12:33:27,784 - INFO - Mean validation loss: 9.915619779378176
2024-07-21 12:33:27,785 - INFO - Epoch 31
-------------------------------
2024-07-21 12:33:27,785 - INFO - Learning Rate: [2e-05]
2024-07-21 13:01:31,469 - INFO - Mean training loss: 40.12517034262419
2024-07-21 13:03:56,126 - INFO - Mean validation loss: 9.668320558965206
2024-07-21 13:03:56,127 - INFO - Epoch 32
-------------------------------
2024-07-21 13:03:56,127 - INFO - Learning Rate: [2e-05]
2024-07-21 13:31:59,097 - INFO - Mean training loss: 38.86836568266153
2024-07-21 13:34:23,753 - INFO - Mean validation loss: 9.32909644395113
2024-07-21 13:34:23,754 - INFO - Epoch 33
-------------------------------
2024-07-21 13:34:23,754 - INFO - Learning Rate: [2e-05]
2024-07-21 14:02:26,335 - INFO - Mean training loss: 37.70636177435517
2024-07-21 14:04:51,136 - INFO - Mean validation loss: 9.006697807461023
2024-07-21 14:04:51,137 - INFO - Epoch 34
-------------------------------
2024-07-21 14:04:51,137 - INFO - Learning Rate: [2e-05]
2024-07-21 14:32:55,202 - INFO - Mean training loss: 36.72801573202014
2024-07-21 14:35:19,041 - INFO - Mean validation loss: 8.784786209464073
2024-07-21 14:35:19,042 - INFO - Epoch 35
-------------------------------
2024-07-21 14:35:19,042 - INFO - Learning Rate: [2e-05]
2024-07-21 15:03:27,853 - INFO - Mean training loss: 35.9359807446599
2024-07-21 15:05:53,271 - INFO - Mean validation loss: 8.58000534772873
2024-07-21 15:05:53,273 - INFO - Epoch 36
-------------------------------
2024-07-21 15:05:53,274 - INFO - Learning Rate: [2e-05]
2024-07-21 15:33:59,671 - INFO - Mean training loss: 34.97472734004259
2024-07-21 15:36:23,946 - INFO - Mean validation loss: 8.254839859902859
2024-07-21 15:36:23,948 - INFO - Epoch 37
-------------------------------
2024-07-21 15:36:23,948 - INFO - Learning Rate: [2e-05]
