2024-08-19 19:02:29,741 - INFO - NOTE: None
2024-08-19 19:02:29,746 - INFO - Torch, random, numpy seed: 88
2024-08-19 19:02:30,600 - INFO - Starting training from from epoch 0
2024-08-19 19:02:38,452 - INFO - Epoch 1
-------------------------------
2024-08-19 19:02:38,455 - INFO - Learning Rate of group 0: 0.0
2024-08-19 19:04:28,142 - INFO - Maximum gradient before clipping: 0.7322208285331726
2024-08-19 19:04:28,142 - INFO - Minimum gradient before clipping: -0.17339397966861725
2024-08-19 19:04:28,144 - INFO - Mean training L1 loss: 0.24792133808135985
2024-08-19 19:04:28,144 - INFO - Mean training SSIM loss: 0.0
2024-08-19 19:04:28,144 - INFO - Mean training MSE loss: 0.09336013272404671
2024-08-19 19:04:39,211 - INFO - Mean validation L1 loss: 0.24806136906147003
2024-08-19 19:04:39,212 - INFO - Mean validation SSIM loss: 0.0
2024-08-19 19:04:39,212 - INFO - Mean validation MSE loss: 0.09381898105144501
2024-08-19 19:04:41,136 - INFO - New best validation Loss 0.24806136906147003, at epoch 1
2024-08-19 19:04:41,144 - INFO - Epoch 2
-------------------------------
2024-08-19 19:04:41,144 - INFO - Learning Rate of group 0: 0.00016087009691866469
2024-08-19 19:06:30,069 - INFO - Maximum gradient before clipping: 1.5477315187454224
2024-08-19 19:06:30,070 - INFO - Minimum gradient before clipping: -1.729848861694336
2024-08-19 19:06:30,070 - INFO - Mean training L1 loss: 0.06018712209537625
2024-08-19 19:06:30,070 - INFO - Mean training SSIM loss: 0.0
2024-08-19 19:06:30,070 - INFO - Mean training MSE loss: 0.010587842848617584
2024-08-19 19:06:41,562 - INFO - Mean validation L1 loss: 0.03864936754107475
2024-08-19 19:06:41,562 - INFO - Mean validation SSIM loss: 0.0
2024-08-19 19:06:41,562 - INFO - Mean validation MSE loss: 0.0023716277163475753
2024-08-19 19:06:43,520 - INFO - New best validation Loss 0.03864936754107475, at epoch 2
2024-08-19 19:06:43,524 - INFO - Epoch 3
-------------------------------
2024-08-19 19:06:43,524 - INFO - Learning Rate of group 0: 0.00032174019383732937
2024-08-19 19:08:32,358 - INFO - Maximum gradient before clipping: 0.7762272357940674
2024-08-19 19:08:32,359 - INFO - Minimum gradient before clipping: -1.066467523574829
2024-08-19 19:08:32,360 - INFO - Mean training L1 loss: 0.0328846707008779
2024-08-19 19:08:32,360 - INFO - Mean training SSIM loss: 0.0
2024-08-19 19:08:32,360 - INFO - Mean training MSE loss: 0.002151030192617327
2024-08-19 19:08:43,533 - INFO - Mean validation L1 loss: 0.03058178573846817
2024-08-19 19:08:43,534 - INFO - Mean validation SSIM loss: 0.0
2024-08-19 19:08:43,534 - INFO - Mean validation MSE loss: 0.0017693936452269554
2024-08-19 19:08:45,503 - INFO - New best validation Loss 0.03058178573846817, at epoch 3
2024-08-19 19:08:45,506 - INFO - Epoch 4
-------------------------------
2024-08-19 19:08:45,506 - INFO - Learning Rate of group 0: 0.000482610290755994
2024-08-19 19:10:33,723 - INFO - Maximum gradient before clipping: 0.8532554507255554
2024-08-19 19:10:33,724 - INFO - Minimum gradient before clipping: -1.120565414428711
2024-08-19 19:10:33,725 - INFO - Mean training L1 loss: 0.0332806208729744
2024-08-19 19:10:33,725 - INFO - Mean training SSIM loss: 0.0
2024-08-19 19:10:33,725 - INFO - Mean training MSE loss: 0.002165474488865584
2024-08-19 19:10:44,970 - INFO - Mean validation L1 loss: 0.032744978368282315
2024-08-19 19:10:44,970 - INFO - Mean validation SSIM loss: 0.0
2024-08-19 19:10:44,970 - INFO - Mean validation MSE loss: 0.002065662145614624
2024-08-19 19:10:44,974 - INFO - Epoch 5
-------------------------------
2024-08-19 19:10:44,974 - INFO - Learning Rate of group 0: 0.0006434803876746587
2024-08-19 19:12:33,541 - INFO - Maximum gradient before clipping: 0.895682692527771
2024-08-19 19:12:33,542 - INFO - Minimum gradient before clipping: -1.1557366847991943
2024-08-19 19:12:33,543 - INFO - Mean training L1 loss: 0.03235416678711772
2024-08-19 19:12:33,543 - INFO - Mean training SSIM loss: 0.0
2024-08-19 19:12:33,543 - INFO - Mean training MSE loss: 0.0020708188274875285
2024-08-19 19:12:44,807 - INFO - Mean validation L1 loss: 0.028229622915387154
2024-08-19 19:12:44,807 - INFO - Mean validation SSIM loss: 0.0
2024-08-19 19:12:44,807 - INFO - Mean validation MSE loss: 0.001699395109899342
2024-08-19 19:12:46,701 - INFO - New best validation Loss 0.028229622915387154, at epoch 5
2024-08-19 19:12:46,704 - INFO - Epoch 6
-------------------------------
2024-08-19 19:12:46,704 - INFO - Learning Rate of group 0: 0.0008043504845933234
2024-08-19 19:14:35,022 - INFO - Maximum gradient before clipping: 0.7596778273582458
2024-08-19 19:14:35,023 - INFO - Minimum gradient before clipping: -1.0866903066635132
2024-08-19 19:14:35,024 - INFO - Mean training L1 loss: 0.02967543909326196
2024-08-19 19:14:35,024 - INFO - Mean training SSIM loss: 0.0
2024-08-19 19:14:35,024 - INFO - Mean training MSE loss: 0.0018502668710425497
2024-08-19 19:14:46,484 - INFO - Mean validation L1 loss: 0.02768179342150688
2024-08-19 19:14:46,484 - INFO - Mean validation SSIM loss: 0.0
2024-08-19 19:14:46,484 - INFO - Mean validation MSE loss: 0.0015607068361714483
2024-08-19 19:14:48,452 - INFO - New best validation Loss 0.02768179342150688, at epoch 6
2024-08-19 19:14:48,455 - INFO - Epoch 7
-------------------------------
2024-08-19 19:14:48,455 - INFO - Learning Rate of group 0: 0.0008043504845933234
2024-08-19 19:16:36,947 - INFO - Maximum gradient before clipping: 0.6960674524307251
2024-08-19 19:16:36,999 - INFO - Minimum gradient before clipping: -0.9559237360954285
2024-08-19 19:16:37,000 - INFO - Mean training L1 loss: 0.028294501826167107
2024-08-19 19:16:37,000 - INFO - Mean training SSIM loss: 0.0
2024-08-19 19:16:37,000 - INFO - Mean training MSE loss: 0.0017187397641828283
2024-08-19 19:16:48,864 - INFO - Mean validation L1 loss: 0.02630604453384876
2024-08-19 19:16:48,864 - INFO - Mean validation SSIM loss: 0.0
2024-08-19 19:16:48,865 - INFO - Mean validation MSE loss: 0.0015436043124645948
2024-08-19 19:16:50,817 - INFO - New best validation Loss 0.02630604453384876, at epoch 7
2024-08-19 19:16:50,821 - INFO - Epoch 8
-------------------------------
2024-08-19 19:16:50,821 - INFO - Learning Rate of group 0: 0.0008043504845933234
2024-08-19 19:18:39,683 - INFO - Maximum gradient before clipping: 0.6366515755653381
2024-08-19 19:18:39,684 - INFO - Minimum gradient before clipping: -0.9195887446403503
2024-08-19 19:18:39,685 - INFO - Mean training L1 loss: 0.026220638286322356
2024-08-19 19:18:39,685 - INFO - Mean training SSIM loss: 0.0
2024-08-19 19:18:39,685 - INFO - Mean training MSE loss: 0.0015497804892947897
2024-08-19 19:18:50,819 - INFO - Mean validation L1 loss: 0.02471648871898651
2024-08-19 19:18:50,819 - INFO - Mean validation SSIM loss: 0.0
2024-08-19 19:18:50,819 - INFO - Mean validation MSE loss: 0.0013591612363234161
2024-08-19 19:18:52,771 - INFO - New best validation Loss 0.02471648871898651, at epoch 8
2024-08-19 19:18:52,774 - INFO - Epoch 9
-------------------------------
2024-08-19 19:18:52,774 - INFO - Learning Rate of group 0: 0.0008043504845933234
2024-08-19 19:20:41,367 - INFO - Maximum gradient before clipping: 0.6431691646575928
2024-08-19 19:20:41,368 - INFO - Minimum gradient before clipping: -0.8778151273727417
2024-08-19 19:20:41,369 - INFO - Mean training L1 loss: 0.025566937942057846
2024-08-19 19:20:41,369 - INFO - Mean training SSIM loss: 0.0
2024-08-19 19:20:41,369 - INFO - Mean training MSE loss: 0.0014702793001197278
2024-08-19 19:20:52,784 - INFO - Mean validation L1 loss: 0.033048664182424546
2024-08-19 19:20:52,785 - INFO - Mean validation SSIM loss: 0.0
2024-08-19 19:20:52,785 - INFO - Mean validation MSE loss: 0.0019412329513579607
2024-08-19 19:20:52,788 - INFO - Epoch 10
-------------------------------
2024-08-19 19:20:52,788 - INFO - Learning Rate of group 0: 0.0008043504845933234
2024-08-19 19:22:41,340 - INFO - Maximum gradient before clipping: 0.6448401808738708
2024-08-19 19:22:41,340 - INFO - Minimum gradient before clipping: -0.9490216374397278
2024-08-19 19:22:41,341 - INFO - Mean training L1 loss: 0.02587918533012271
2024-08-19 19:22:41,341 - INFO - Mean training SSIM loss: 0.0
2024-08-19 19:22:41,341 - INFO - Mean training MSE loss: 0.0014723532245261594
2024-08-19 19:22:52,375 - INFO - Mean validation L1 loss: 0.029756618067622184
2024-08-19 19:22:52,375 - INFO - Mean validation SSIM loss: 0.0
2024-08-19 19:22:52,375 - INFO - Mean validation MSE loss: 0.0016597903100773691
2024-08-19 19:22:52,378 - INFO - Epoch 11
-------------------------------
2024-08-19 19:22:52,378 - INFO - Learning Rate of group 0: 0.0008043504845933234
2024-08-19 19:24:41,048 - INFO - Maximum gradient before clipping: 0.8363638520240784
2024-08-19 19:24:41,049 - INFO - Minimum gradient before clipping: -1.0038408041000366
2024-08-19 19:24:41,050 - INFO - Mean training L1 loss: 0.0255819633603096
2024-08-19 19:24:41,051 - INFO - Mean training SSIM loss: 0.0
2024-08-19 19:24:41,051 - INFO - Mean training MSE loss: 0.0014372491528047249
2024-08-19 19:24:52,734 - INFO - Mean validation L1 loss: 0.026115214452147484
2024-08-19 19:24:52,735 - INFO - Mean validation SSIM loss: 0.0
2024-08-19 19:24:52,735 - INFO - Mean validation MSE loss: 0.0013332670042291283
2024-08-19 19:24:52,738 - INFO - Epoch 12
-------------------------------
2024-08-19 19:24:52,738 - INFO - Learning Rate of group 0: 0.0008043504845933234
2024-08-19 19:26:41,317 - INFO - Maximum gradient before clipping: 0.6324059963226318
2024-08-19 19:26:41,317 - INFO - Minimum gradient before clipping: -0.8153260350227356
2024-08-19 19:26:41,318 - INFO - Mean training L1 loss: 0.024320067018270494
2024-08-19 19:26:41,318 - INFO - Mean training SSIM loss: 0.0
2024-08-19 19:26:41,318 - INFO - Mean training MSE loss: 0.001342804143205285
2024-08-19 19:26:52,557 - INFO - Mean validation L1 loss: 0.025857958793640137
2024-08-19 19:26:52,557 - INFO - Mean validation SSIM loss: 0.0
2024-08-19 19:26:52,557 - INFO - Mean validation MSE loss: 0.0013632908300496638
2024-08-19 19:26:52,560 - INFO - Epoch 13
-------------------------------
2024-08-19 19:26:52,561 - INFO - Learning Rate of group 0: 0.0008043504845933234
2024-08-19 19:28:41,197 - INFO - Maximum gradient before clipping: 0.6826289892196655
2024-08-19 19:28:41,232 - INFO - Minimum gradient before clipping: -0.6790841221809387
2024-08-19 19:28:41,232 - INFO - Mean training L1 loss: 0.023212965689599515
2024-08-19 19:28:41,233 - INFO - Mean training SSIM loss: 0.0
2024-08-19 19:28:41,233 - INFO - Mean training MSE loss: 0.001275134620955214
2024-08-19 19:28:52,851 - INFO - Mean validation L1 loss: 0.023811611011624337
2024-08-19 19:28:52,851 - INFO - Mean validation SSIM loss: 0.0
2024-08-19 19:28:52,851 - INFO - Mean validation MSE loss: 0.001282761632464826
2024-08-19 19:28:56,885 - INFO - New best validation Loss 0.023811611011624337, at epoch 13
2024-08-19 19:28:56,889 - INFO - Epoch 14
-------------------------------
2024-08-19 19:28:56,889 - INFO - Learning Rate of group 0: 0.0008043504845933234
2024-08-19 19:30:45,964 - INFO - Maximum gradient before clipping: 0.5372415781021118
2024-08-19 19:30:45,965 - INFO - Minimum gradient before clipping: -0.7220887541770935
2024-08-19 19:30:45,966 - INFO - Mean training L1 loss: 0.02286294139921665
2024-08-19 19:30:45,966 - INFO - Mean training SSIM loss: 0.0
2024-08-19 19:30:45,966 - INFO - Mean training MSE loss: 0.0012338377384003253
2024-08-19 19:30:57,096 - INFO - Mean validation L1 loss: 0.0215939649194479
2024-08-19 19:30:57,096 - INFO - Mean validation SSIM loss: 0.0
2024-08-19 19:30:57,096 - INFO - Mean validation MSE loss: 0.0011066716210916638
2024-08-19 19:30:59,083 - INFO - New best validation Loss 0.0215939649194479, at epoch 14
2024-08-19 19:30:59,086 - INFO - Epoch 15
-------------------------------
2024-08-19 19:30:59,086 - INFO - Learning Rate of group 0: 0.0008043504845933234
2024-08-19 19:32:47,768 - INFO - Maximum gradient before clipping: 0.62788987159729
2024-08-19 19:32:47,768 - INFO - Minimum gradient before clipping: -0.7438720464706421
2024-08-19 19:32:47,769 - INFO - Mean training L1 loss: 0.023260650243610143
2024-08-19 19:32:47,769 - INFO - Mean training SSIM loss: 0.0
2024-08-19 19:32:47,769 - INFO - Mean training MSE loss: 0.0012473551981383934
2024-08-19 19:32:59,095 - INFO - Mean validation L1 loss: 0.020711467415094376
2024-08-19 19:32:59,095 - INFO - Mean validation SSIM loss: 0.0
2024-08-19 19:32:59,095 - INFO - Mean validation MSE loss: 0.0010300138941965998
2024-08-19 19:33:01,100 - INFO - New best validation Loss 0.020711467415094376, at epoch 15
2024-08-19 19:33:01,103 - INFO - Epoch 16
-------------------------------
2024-08-19 19:33:01,103 - INFO - Learning Rate of group 0: 0.0008043504845933234
2024-08-19 19:34:49,762 - INFO - Maximum gradient before clipping: 0.6079479455947876
2024-08-19 19:34:49,763 - INFO - Minimum gradient before clipping: -0.6990805268287659
2024-08-19 19:34:49,764 - INFO - Mean training L1 loss: 0.02264095613732934
2024-08-19 19:34:49,764 - INFO - Mean training SSIM loss: 0.0
2024-08-19 19:34:49,764 - INFO - Mean training MSE loss: 0.0011999499431112782
2024-08-19 19:35:01,426 - INFO - Mean validation L1 loss: 0.02157325088977814
2024-08-19 19:35:01,426 - INFO - Mean validation SSIM loss: 0.0
2024-08-19 19:35:01,426 - INFO - Mean validation MSE loss: 0.001090640004258603
2024-08-19 19:35:01,430 - INFO - Epoch 17
-------------------------------
2024-08-19 19:35:01,430 - INFO - Learning Rate of group 0: 0.0008043504845933234
2024-08-19 19:36:49,590 - INFO - Maximum gradient before clipping: 0.5214349031448364
2024-08-19 19:36:49,591 - INFO - Minimum gradient before clipping: -0.6777313351631165
2024-08-19 19:36:49,592 - INFO - Mean training L1 loss: 0.02204410243779421
2024-08-19 19:36:49,592 - INFO - Mean training SSIM loss: 0.0
2024-08-19 19:36:49,592 - INFO - Mean training MSE loss: 0.001152001862647012
2024-08-19 19:37:00,683 - INFO - Mean validation L1 loss: 0.022046256512403488
2024-08-19 19:37:00,683 - INFO - Mean validation SSIM loss: 0.0
2024-08-19 19:37:00,683 - INFO - Mean validation MSE loss: 0.0011163673480041325
2024-08-19 19:37:00,686 - INFO - Epoch 18
-------------------------------
2024-08-19 19:37:00,686 - INFO - Learning Rate of group 0: 0.0008043504845933234
2024-08-19 19:38:48,840 - INFO - Maximum gradient before clipping: 0.5891467332839966
2024-08-19 19:38:48,841 - INFO - Minimum gradient before clipping: -0.765848696231842
2024-08-19 19:38:48,841 - INFO - Mean training L1 loss: 0.021940034292638303
2024-08-19 19:38:48,841 - INFO - Mean training SSIM loss: 0.0
2024-08-19 19:38:48,842 - INFO - Mean training MSE loss: 0.0011430924560409039
2024-08-19 19:39:00,069 - INFO - Mean validation L1 loss: 0.021647748872637748
2024-08-19 19:39:00,069 - INFO - Mean validation SSIM loss: 0.0
2024-08-19 19:39:00,069 - INFO - Mean validation MSE loss: 0.0010583335300907494
2024-08-19 19:39:00,072 - INFO - Epoch 19
-------------------------------
2024-08-19 19:39:00,072 - INFO - Learning Rate of group 0: 0.0008043504845933234
2024-08-19 19:40:48,378 - INFO - Maximum gradient before clipping: 0.6545265913009644
2024-08-19 19:40:48,379 - INFO - Minimum gradient before clipping: -0.8675132393836975
2024-08-19 19:40:48,380 - INFO - Mean training L1 loss: 0.022580115403980017
2024-08-19 19:40:48,380 - INFO - Mean training SSIM loss: 0.0
2024-08-19 19:40:48,380 - INFO - Mean training MSE loss: 0.001184153009671718
2024-08-19 19:40:59,460 - INFO - Mean validation L1 loss: 0.023113494291901588
2024-08-19 19:40:59,460 - INFO - Mean validation SSIM loss: 0.0
2024-08-19 19:40:59,460 - INFO - Mean validation MSE loss: 0.0011065349029377102
2024-08-19 19:40:59,464 - INFO - Epoch 20
-------------------------------
2024-08-19 19:40:59,464 - INFO - Learning Rate of group 0: 0.0008043504845933234
2024-08-19 19:42:47,864 - INFO - Maximum gradient before clipping: 0.5700767040252686
2024-08-19 19:42:47,864 - INFO - Minimum gradient before clipping: -0.8672502040863037
2024-08-19 19:42:47,865 - INFO - Mean training L1 loss: 0.022386156544089316
2024-08-19 19:42:47,865 - INFO - Mean training SSIM loss: 0.0
2024-08-19 19:42:47,865 - INFO - Mean training MSE loss: 0.0011634521425003186
2024-08-19 19:42:59,224 - INFO - Mean validation L1 loss: 0.021345175951719284
2024-08-19 19:42:59,224 - INFO - Mean validation SSIM loss: 0.0
2024-08-19 19:42:59,224 - INFO - Mean validation MSE loss: 0.0010266512935049833
2024-08-19 19:42:59,227 - INFO - Epoch 21
-------------------------------
2024-08-19 19:42:59,227 - INFO - Learning Rate of group 0: 0.0008043504845933234
2024-08-19 19:44:47,652 - INFO - Maximum gradient before clipping: 0.5145614743232727
2024-08-19 19:44:47,652 - INFO - Minimum gradient before clipping: -0.7050399780273438
2024-08-19 19:44:47,653 - INFO - Mean training L1 loss: 0.02159262988716364
2024-08-19 19:44:47,653 - INFO - Mean training SSIM loss: 0.0
2024-08-19 19:44:47,653 - INFO - Mean training MSE loss: 0.0011141054285690188
2024-08-19 19:44:59,194 - INFO - Mean validation L1 loss: 0.020089184045791627
2024-08-19 19:44:59,194 - INFO - Mean validation SSIM loss: 0.0
2024-08-19 19:44:59,194 - INFO - Mean validation MSE loss: 0.0009729282418265939
2024-08-19 19:45:01,156 - INFO - New best validation Loss 0.020089184045791627, at epoch 21
2024-08-19 19:45:01,159 - INFO - Epoch 22
-------------------------------
2024-08-19 19:45:01,160 - INFO - Learning Rate of group 0: 0.0008043504845933234
2024-08-19 19:46:49,415 - INFO - Maximum gradient before clipping: 0.5377324223518372
2024-08-19 19:46:49,416 - INFO - Minimum gradient before clipping: -0.5226163864135742
2024-08-19 19:46:49,416 - INFO - Mean training L1 loss: 0.02073463875800371
2024-08-19 19:46:49,417 - INFO - Mean training SSIM loss: 0.0
2024-08-19 19:46:49,417 - INFO - Mean training MSE loss: 0.0010665614251047374
2024-08-19 19:47:00,631 - INFO - Mean validation L1 loss: 0.019649259373545648
2024-08-19 19:47:00,632 - INFO - Mean validation SSIM loss: 0.0
2024-08-19 19:47:00,632 - INFO - Mean validation MSE loss: 0.0009398086508736014
2024-08-19 19:47:02,587 - INFO - New best validation Loss 0.019649259373545648, at epoch 22
2024-08-19 19:47:02,590 - INFO - Epoch 23
-------------------------------
2024-08-19 19:47:02,591 - INFO - Learning Rate of group 0: 0.0008043504845933234
2024-08-19 19:48:51,129 - INFO - Maximum gradient before clipping: 0.5747435092926025
2024-08-19 19:48:51,130 - INFO - Minimum gradient before clipping: -0.6035153865814209
2024-08-19 19:48:51,130 - INFO - Mean training L1 loss: 0.020885297246277332
2024-08-19 19:48:51,131 - INFO - Mean training SSIM loss: 0.0
2024-08-19 19:48:51,131 - INFO - Mean training MSE loss: 0.0010642720246687532
2024-08-19 19:49:02,380 - INFO - Mean validation L1 loss: 0.022969933673739434
2024-08-19 19:49:02,380 - INFO - Mean validation SSIM loss: 0.0
2024-08-19 19:49:02,380 - INFO - Mean validation MSE loss: 0.0011838842649012804
2024-08-19 19:49:02,383 - INFO - Epoch 24
-------------------------------
2024-08-19 19:49:02,383 - INFO - Learning Rate of group 0: 0.0008043504845933234
2024-08-19 19:50:50,443 - INFO - Maximum gradient before clipping: 0.5925177335739136
2024-08-19 19:50:50,444 - INFO - Minimum gradient before clipping: -0.6791267395019531
2024-08-19 19:50:50,445 - INFO - Mean training L1 loss: 0.021251766066998242
2024-08-19 19:50:50,445 - INFO - Mean training SSIM loss: 0.0
2024-08-19 19:50:50,445 - INFO - Mean training MSE loss: 0.001091773055959493
2024-08-19 19:51:01,755 - INFO - Mean validation L1 loss: 0.020373607128858565
2024-08-19 19:51:01,756 - INFO - Mean validation SSIM loss: 0.0
2024-08-19 19:51:01,756 - INFO - Mean validation MSE loss: 0.001008321396075189
2024-08-19 19:51:01,759 - INFO - Epoch 25
-------------------------------
2024-08-19 19:51:01,759 - INFO - Learning Rate of group 0: 0.0008043504845933234
2024-08-19 19:52:50,269 - INFO - Maximum gradient before clipping: 0.5435562133789062
2024-08-19 19:52:50,270 - INFO - Minimum gradient before clipping: -0.7071839570999146
2024-08-19 19:52:50,270 - INFO - Mean training L1 loss: 0.02166061270982027
2024-08-19 19:52:50,271 - INFO - Mean training SSIM loss: 0.0
2024-08-19 19:52:50,271 - INFO - Mean training MSE loss: 0.0011080881423549726
2024-08-19 19:53:01,386 - INFO - Mean validation L1 loss: 0.02032720573246479
2024-08-19 19:53:01,386 - INFO - Mean validation SSIM loss: 0.0
2024-08-19 19:53:01,386 - INFO - Mean validation MSE loss: 0.0009877867880277336
2024-08-19 19:53:01,389 - INFO - Epoch 26
-------------------------------
2024-08-19 19:53:01,389 - INFO - Learning Rate of group 0: 0.0008043504845933234
2024-08-19 19:54:49,596 - INFO - Maximum gradient before clipping: 0.48670151829719543
2024-08-19 19:54:49,597 - INFO - Minimum gradient before clipping: -0.5291216969490051
2024-08-19 19:54:49,597 - INFO - Mean training L1 loss: 0.02056766822934151
2024-08-19 19:54:49,598 - INFO - Mean training SSIM loss: 0.0
2024-08-19 19:54:49,598 - INFO - Mean training MSE loss: 0.0010357610054779797
2024-08-19 19:55:01,276 - INFO - Mean validation L1 loss: 0.01947921998798847
2024-08-19 19:55:01,276 - INFO - Mean validation SSIM loss: 0.0
2024-08-19 19:55:01,276 - INFO - Mean validation MSE loss: 0.0009656350594013929
2024-08-19 19:55:03,266 - INFO - New best validation Loss 0.01947921998798847, at epoch 26
2024-08-19 19:55:03,269 - INFO - Epoch 27
-------------------------------
2024-08-19 19:55:03,269 - INFO - Learning Rate of group 0: 0.0008043504845933234
2024-08-19 19:56:51,773 - INFO - Maximum gradient before clipping: 0.4998455047607422
2024-08-19 19:56:51,774 - INFO - Minimum gradient before clipping: -0.6373006105422974
2024-08-19 19:56:51,775 - INFO - Mean training L1 loss: 0.020801350828260182
2024-08-19 19:56:51,775 - INFO - Mean training SSIM loss: 0.0
2024-08-19 19:56:51,775 - INFO - Mean training MSE loss: 0.0010456032387446612
2024-08-19 19:57:03,431 - INFO - Mean validation L1 loss: 0.020839486345648764
2024-08-19 19:57:03,431 - INFO - Mean validation SSIM loss: 0.0
2024-08-19 19:57:03,431 - INFO - Mean validation MSE loss: 0.0010522665525786578
2024-08-19 19:57:03,434 - INFO - Epoch 28
-------------------------------
2024-08-19 19:57:03,434 - INFO - Learning Rate of group 0: 0.0008043504845933234
2024-08-19 19:58:51,646 - INFO - Maximum gradient before clipping: 0.6002321839332581
2024-08-19 19:58:51,647 - INFO - Minimum gradient before clipping: -0.5881229639053345
2024-08-19 19:58:51,647 - INFO - Mean training L1 loss: 0.02066516797989607
2024-08-19 19:58:51,647 - INFO - Mean training SSIM loss: 0.0
2024-08-19 19:58:51,647 - INFO - Mean training MSE loss: 0.0010311614710371941
2024-08-19 19:59:03,385 - INFO - Mean validation L1 loss: 0.019436053782701492
2024-08-19 19:59:03,385 - INFO - Mean validation SSIM loss: 0.0
2024-08-19 19:59:03,385 - INFO - Mean validation MSE loss: 0.0009236469678580761
2024-08-19 19:59:05,352 - INFO - New best validation Loss 0.019436053782701492, at epoch 28
2024-08-19 19:59:05,355 - INFO - Epoch 29
-------------------------------
2024-08-19 19:59:05,355 - INFO - Learning Rate of group 0: 0.0008043504845933234
2024-08-19 20:00:53,528 - INFO - Maximum gradient before clipping: 0.5504854321479797
2024-08-19 20:00:53,529 - INFO - Minimum gradient before clipping: -0.5636940598487854
2024-08-19 20:00:53,530 - INFO - Mean training L1 loss: 0.020555849531665445
2024-08-19 20:00:53,530 - INFO - Mean training SSIM loss: 0.0
2024-08-19 20:00:53,530 - INFO - Mean training MSE loss: 0.0010309374058851972
2024-08-19 20:01:04,826 - INFO - Mean validation L1 loss: 0.020694770812988282
2024-08-19 20:01:04,827 - INFO - Mean validation SSIM loss: 0.0
2024-08-19 20:01:04,827 - INFO - Mean validation MSE loss: 0.001062376517802477
2024-08-19 20:01:04,830 - INFO - Epoch 30
-------------------------------
2024-08-19 20:01:04,830 - INFO - Learning Rate of group 0: 0.0008043504845933234
2024-08-19 20:02:53,601 - INFO - Maximum gradient before clipping: 0.5882505774497986
2024-08-19 20:02:53,602 - INFO - Minimum gradient before clipping: -0.7875775098800659
2024-08-19 20:02:53,602 - INFO - Mean training L1 loss: 0.021381817907094956
2024-08-19 20:02:53,603 - INFO - Mean training SSIM loss: 0.0
2024-08-19 20:02:53,603 - INFO - Mean training MSE loss: 0.0010690441832412034
2024-08-19 20:03:05,032 - INFO - Mean validation L1 loss: 0.020156883671879768
2024-08-19 20:03:05,032 - INFO - Mean validation SSIM loss: 0.0
2024-08-19 20:03:05,032 - INFO - Mean validation MSE loss: 0.0009578133840113879
2024-08-19 20:03:05,035 - INFO - Epoch 31
-------------------------------
2024-08-19 20:03:05,035 - INFO - Learning Rate of group 0: 0.0008043504845933234
2024-08-19 20:04:53,577 - INFO - Maximum gradient before clipping: 0.5820730328559875
2024-08-19 20:04:53,578 - INFO - Minimum gradient before clipping: -0.7199761867523193
2024-08-19 20:04:53,578 - INFO - Mean training L1 loss: 0.020799148064106703
2024-08-19 20:04:53,578 - INFO - Mean training SSIM loss: 0.0
2024-08-19 20:04:53,578 - INFO - Mean training MSE loss: 0.001040601622662507
2024-08-19 20:05:04,737 - INFO - Mean validation L1 loss: 0.020015584379434584
2024-08-19 20:05:04,737 - INFO - Mean validation SSIM loss: 0.0
2024-08-19 20:05:04,737 - INFO - Mean validation MSE loss: 0.0009342206385917961
2024-08-19 20:05:04,740 - INFO - Epoch 32
-------------------------------
2024-08-19 20:05:04,740 - INFO - Learning Rate of group 0: 0.0008043504845933234
2024-08-19 20:06:53,515 - INFO - Maximum gradient before clipping: 0.4833233952522278
2024-08-19 20:06:53,516 - INFO - Minimum gradient before clipping: -0.5683959126472473
2024-08-19 20:06:53,517 - INFO - Mean training L1 loss: 0.02006259361281991
2024-08-19 20:06:53,517 - INFO - Mean training SSIM loss: 0.0
2024-08-19 20:06:53,517 - INFO - Mean training MSE loss: 0.0009944528626510873
2024-08-19 20:07:04,690 - INFO - Mean validation L1 loss: 0.01943009816110134
2024-08-19 20:07:04,690 - INFO - Mean validation SSIM loss: 0.0
2024-08-19 20:07:04,690 - INFO - Mean validation MSE loss: 0.0009120307210832835
2024-08-19 20:07:08,626 - INFO - New best validation Loss 0.01943009816110134, at epoch 32
2024-08-19 20:07:08,629 - INFO - Epoch 33
-------------------------------
2024-08-19 20:07:08,629 - INFO - Learning Rate of group 0: 0.0008043504845933234
2024-08-19 20:08:57,251 - INFO - Maximum gradient before clipping: 0.48363643884658813
2024-08-19 20:08:57,251 - INFO - Minimum gradient before clipping: -0.48706942796707153
2024-08-19 20:08:57,252 - INFO - Mean training L1 loss: 0.019946190901100634
2024-08-19 20:08:57,252 - INFO - Mean training SSIM loss: 0.0
2024-08-19 20:08:57,252 - INFO - Mean training MSE loss: 0.0009876719332532957
2024-08-19 20:09:08,890 - INFO - Mean validation L1 loss: 0.01893938284367323
2024-08-19 20:09:08,890 - INFO - Mean validation SSIM loss: 0.0
2024-08-19 20:09:08,890 - INFO - Mean validation MSE loss: 0.0009133990178816021
2024-08-19 20:09:10,873 - INFO - New best validation Loss 0.01893938284367323, at epoch 33
2024-08-19 20:09:10,876 - INFO - Epoch 34
-------------------------------
2024-08-19 20:09:10,877 - INFO - Learning Rate of group 0: 0.0008043504845933234
2024-08-19 20:10:59,407 - INFO - Maximum gradient before clipping: 0.49965885281562805
2024-08-19 20:10:59,408 - INFO - Minimum gradient before clipping: -0.5192463994026184
2024-08-19 20:10:59,408 - INFO - Mean training L1 loss: 0.019869612492620946
2024-08-19 20:10:59,408 - INFO - Mean training SSIM loss: 0.0
2024-08-19 20:10:59,408 - INFO - Mean training MSE loss: 0.0009770572156412526
2024-08-19 20:11:10,878 - INFO - Mean validation L1 loss: 0.01901670292019844
2024-08-19 20:11:10,878 - INFO - Mean validation SSIM loss: 0.0
2024-08-19 20:11:10,878 - INFO - Mean validation MSE loss: 0.0009199226205237209
2024-08-19 20:11:10,881 - INFO - Epoch 35
-------------------------------
2024-08-19 20:11:10,881 - INFO - Learning Rate of group 0: 0.0008043504845933234
2024-08-19 20:12:59,262 - INFO - Maximum gradient before clipping: 0.47770965099334717
2024-08-19 20:12:59,262 - INFO - Minimum gradient before clipping: -0.6290967464447021
2024-08-19 20:12:59,263 - INFO - Mean training L1 loss: 0.020036025047302244
2024-08-19 20:12:59,263 - INFO - Mean training SSIM loss: 0.0
2024-08-19 20:12:59,263 - INFO - Mean training MSE loss: 0.0009912350261583923
2024-08-19 20:13:10,341 - INFO - Mean validation L1 loss: 0.019212273955345152
2024-08-19 20:13:10,341 - INFO - Mean validation SSIM loss: 0.0
2024-08-19 20:13:10,341 - INFO - Mean validation MSE loss: 0.0008895750879310072
2024-08-19 20:13:10,344 - INFO - Epoch 36
-------------------------------
2024-08-19 20:13:10,344 - INFO - Learning Rate of group 0: 0.0008043504845933234
2024-08-19 20:14:58,632 - INFO - Maximum gradient before clipping: 0.5883389115333557
2024-08-19 20:14:58,633 - INFO - Minimum gradient before clipping: -0.6494439244270325
2024-08-19 20:14:58,633 - INFO - Mean training L1 loss: 0.020594226829707622
2024-08-19 20:14:58,634 - INFO - Mean training SSIM loss: 0.0
2024-08-19 20:14:58,634 - INFO - Mean training MSE loss: 0.0010251240414800122
2024-08-19 20:15:09,767 - INFO - Mean validation L1 loss: 0.019213517010211945
2024-08-19 20:15:09,768 - INFO - Mean validation SSIM loss: 0.0
2024-08-19 20:15:09,768 - INFO - Mean validation MSE loss: 0.0009008341492153704
2024-08-19 20:15:09,771 - INFO - Epoch 37
-------------------------------
2024-08-19 20:15:09,771 - INFO - Learning Rate of group 0: 0.0008043504845933234
2024-08-19 20:16:58,384 - INFO - Maximum gradient before clipping: 0.5340853929519653
2024-08-19 20:16:58,385 - INFO - Minimum gradient before clipping: -0.5374112725257874
2024-08-19 20:16:58,386 - INFO - Mean training L1 loss: 0.019998236242681742
2024-08-19 20:16:58,386 - INFO - Mean training SSIM loss: 0.0
2024-08-19 20:16:58,386 - INFO - Mean training MSE loss: 0.0009835146111436188
2024-08-19 20:17:09,511 - INFO - Mean validation L1 loss: 0.018832911401987076
2024-08-19 20:17:09,511 - INFO - Mean validation SSIM loss: 0.0
2024-08-19 20:17:09,511 - INFO - Mean validation MSE loss: 0.0008754669246263802
2024-08-19 20:17:11,479 - INFO - New best validation Loss 0.018832911401987076, at epoch 37
2024-08-19 20:17:11,483 - INFO - Epoch 38
-------------------------------
2024-08-19 20:17:11,483 - INFO - Learning Rate of group 0: 0.0008043504845933234
2024-08-19 20:18:59,900 - INFO - Maximum gradient before clipping: 0.4148547947406769
2024-08-19 20:18:59,901 - INFO - Minimum gradient before clipping: -0.5299770832061768
2024-08-19 20:18:59,901 - INFO - Mean training L1 loss: 0.019906077776104213
2024-08-19 20:18:59,901 - INFO - Mean training SSIM loss: 0.0
2024-08-19 20:18:59,901 - INFO - Mean training MSE loss: 0.0009825400781119243
2024-08-19 20:19:11,703 - INFO - Mean validation L1 loss: 0.01983881302177906
2024-08-19 20:19:11,704 - INFO - Mean validation SSIM loss: 0.0
2024-08-19 20:19:11,704 - INFO - Mean validation MSE loss: 0.0009629383217543364
2024-08-19 20:19:11,707 - INFO - Epoch 39
-------------------------------
2024-08-19 20:19:11,707 - INFO - Learning Rate of group 0: 0.0008043504845933234
2024-08-19 20:21:00,595 - INFO - Maximum gradient before clipping: 0.4849225580692291
2024-08-19 20:21:00,596 - INFO - Minimum gradient before clipping: -0.6210471987724304
2024-08-19 20:21:00,597 - INFO - Mean training L1 loss: 0.020313950814306737
2024-08-19 20:21:00,597 - INFO - Mean training SSIM loss: 0.0
2024-08-19 20:21:00,597 - INFO - Mean training MSE loss: 0.00099953395081684
2024-08-19 20:21:11,552 - INFO - Mean validation L1 loss: 0.01928523141890764
2024-08-19 20:21:11,552 - INFO - Mean validation SSIM loss: 0.0
2024-08-19 20:21:11,552 - INFO - Mean validation MSE loss: 0.0008969996753148735
2024-08-19 20:21:11,555 - INFO - Epoch 40
-------------------------------
2024-08-19 20:21:11,555 - INFO - Learning Rate of group 0: 0.0008043504845933234
2024-08-19 20:23:00,457 - INFO - Maximum gradient before clipping: 0.49502110481262207
2024-08-19 20:23:00,458 - INFO - Minimum gradient before clipping: -0.5651289224624634
2024-08-19 20:23:00,458 - INFO - Mean training L1 loss: 0.019540732689201833
2024-08-19 20:23:00,459 - INFO - Mean training SSIM loss: 0.0
2024-08-19 20:23:00,459 - INFO - Mean training MSE loss: 0.0009477096993941814
2024-08-19 20:23:11,642 - INFO - Mean validation L1 loss: 0.018831701278686525
2024-08-19 20:23:11,642 - INFO - Mean validation SSIM loss: 0.0
2024-08-19 20:23:11,642 - INFO - Mean validation MSE loss: 0.0008842991874553263
2024-08-19 20:23:13,642 - INFO - New best validation Loss 0.018831701278686525, at epoch 40
2024-08-19 20:23:13,646 - INFO - Epoch 41
-------------------------------
2024-08-19 20:23:13,646 - INFO - Learning Rate of group 0: 0.0008043504845933234
2024-08-19 20:25:02,503 - INFO - Maximum gradient before clipping: 0.38162288069725037
2024-08-19 20:25:02,504 - INFO - Minimum gradient before clipping: -0.3785760700702667
2024-08-19 20:25:02,505 - INFO - Mean training L1 loss: 0.019102088436484338
2024-08-19 20:25:02,505 - INFO - Mean training SSIM loss: 0.0
2024-08-19 20:25:02,505 - INFO - Mean training MSE loss: 0.0009297298057936132
2024-08-19 20:25:13,666 - INFO - Mean validation L1 loss: 0.019159076660871507
2024-08-19 20:25:13,666 - INFO - Mean validation SSIM loss: 0.0
2024-08-19 20:25:13,666 - INFO - Mean validation MSE loss: 0.0008922038413584232
2024-08-19 20:25:13,669 - INFO - Epoch 42
-------------------------------
2024-08-19 20:25:13,670 - INFO - Learning Rate of group 0: 0.0008043504845933234
2024-08-19 20:27:02,438 - INFO - Maximum gradient before clipping: 0.49896445870399475
2024-08-19 20:27:02,439 - INFO - Minimum gradient before clipping: -0.4686843454837799
2024-08-19 20:27:02,439 - INFO - Mean training L1 loss: 0.019665069747716188
2024-08-19 20:27:02,439 - INFO - Mean training SSIM loss: 0.0
2024-08-19 20:27:02,439 - INFO - Mean training MSE loss: 0.0009513477270957083
2024-08-19 20:27:13,774 - INFO - Mean validation L1 loss: 0.01893006831407547
2024-08-19 20:27:13,774 - INFO - Mean validation SSIM loss: 0.0
2024-08-19 20:27:13,774 - INFO - Mean validation MSE loss: 0.0008889392274431885
2024-08-19 20:27:13,777 - INFO - Epoch 43
-------------------------------
2024-08-19 20:27:13,777 - INFO - Learning Rate of group 0: 0.0008043504845933234
2024-08-19 20:29:02,396 - INFO - Maximum gradient before clipping: 0.42690911889076233
2024-08-19 20:29:02,397 - INFO - Minimum gradient before clipping: -0.6099826693534851
2024-08-19 20:29:02,397 - INFO - Mean training L1 loss: 0.019236120190471412
2024-08-19 20:29:02,397 - INFO - Mean training SSIM loss: 0.0
2024-08-19 20:29:02,397 - INFO - Mean training MSE loss: 0.0009278450475540012
2024-08-19 20:29:13,743 - INFO - Mean validation L1 loss: 0.01939510427415371
2024-08-19 20:29:13,743 - INFO - Mean validation SSIM loss: 0.0
2024-08-19 20:29:13,743 - INFO - Mean validation MSE loss: 0.0009661799087189138
2024-08-19 20:29:13,746 - INFO - Epoch 44
-------------------------------
2024-08-19 20:29:13,746 - INFO - Learning Rate of group 0: 0.0008043504845933234
2024-08-19 20:31:02,204 - INFO - Maximum gradient before clipping: 0.419682115316391
2024-08-19 20:31:02,205 - INFO - Minimum gradient before clipping: -0.5634591579437256
2024-08-19 20:31:02,205 - INFO - Mean training L1 loss: 0.01981170127168298
2024-08-19 20:31:02,206 - INFO - Mean training SSIM loss: 0.0
2024-08-19 20:31:02,206 - INFO - Mean training MSE loss: 0.0009706284833373501
2024-08-19 20:31:13,637 - INFO - Mean validation L1 loss: 0.018952585980296133
2024-08-19 20:31:13,637 - INFO - Mean validation SSIM loss: 0.0
2024-08-19 20:31:13,637 - INFO - Mean validation MSE loss: 0.0008726674946956337
2024-08-19 20:31:13,640 - INFO - Epoch 45
-------------------------------
2024-08-19 20:31:13,640 - INFO - Learning Rate of group 0: 0.0008043504845933234
2024-08-19 20:33:02,480 - INFO - Maximum gradient before clipping: 0.3978622555732727
2024-08-19 20:33:02,480 - INFO - Minimum gradient before clipping: -0.5137150287628174
2024-08-19 20:33:02,481 - INFO - Mean training L1 loss: 0.019219831675291062
2024-08-19 20:33:02,481 - INFO - Mean training SSIM loss: 0.0
2024-08-19 20:33:02,481 - INFO - Mean training MSE loss: 0.0009280682977987453
2024-08-19 20:33:13,711 - INFO - Mean validation L1 loss: 0.019081516787409783
2024-08-19 20:33:13,711 - INFO - Mean validation SSIM loss: 0.0
2024-08-19 20:33:13,711 - INFO - Mean validation MSE loss: 0.0008784887357614935
2024-08-19 20:33:13,714 - INFO - Epoch 46
-------------------------------
2024-08-19 20:33:13,714 - INFO - Learning Rate of group 0: 0.0008043504845933234
2024-08-19 20:35:01,892 - INFO - Maximum gradient before clipping: 0.418382853269577
2024-08-19 20:35:01,904 - INFO - Minimum gradient before clipping: -0.4453973174095154
2024-08-19 20:35:01,905 - INFO - Mean training L1 loss: 0.018856818173080683
2024-08-19 20:35:01,905 - INFO - Mean training SSIM loss: 0.0
2024-08-19 20:35:01,905 - INFO - Mean training MSE loss: 0.0009021421754732728
2024-08-19 20:35:13,371 - INFO - Mean validation L1 loss: 0.020156139358878136
2024-08-19 20:35:13,371 - INFO - Mean validation SSIM loss: 0.0
2024-08-19 20:35:13,371 - INFO - Mean validation MSE loss: 0.0009872477478347719
2024-08-19 20:35:13,375 - INFO - Epoch 47
-------------------------------
2024-08-19 20:35:13,375 - INFO - Learning Rate of group 0: 0.0008043504845933234
2024-08-19 20:37:02,348 - INFO - Maximum gradient before clipping: 0.4352632462978363
2024-08-19 20:37:02,349 - INFO - Minimum gradient before clipping: -0.5484326481819153
2024-08-19 20:37:02,350 - INFO - Mean training L1 loss: 0.019231290053576232
2024-08-19 20:37:02,350 - INFO - Mean training SSIM loss: 0.0
2024-08-19 20:37:02,350 - INFO - Mean training MSE loss: 0.0009218817809596658
2024-08-19 20:37:13,523 - INFO - Mean validation L1 loss: 0.019751481935381888
2024-08-19 20:37:13,523 - INFO - Mean validation SSIM loss: 0.0
2024-08-19 20:37:13,523 - INFO - Mean validation MSE loss: 0.0009063598304055631
2024-08-19 20:37:13,526 - INFO - Epoch 48
-------------------------------
2024-08-19 20:37:13,526 - INFO - Learning Rate of group 0: 0.0008043504845933234
2024-08-19 20:39:02,283 - INFO - Maximum gradient before clipping: 0.49429386854171753
2024-08-19 20:39:02,284 - INFO - Minimum gradient before clipping: -0.547853410243988
2024-08-19 20:39:02,285 - INFO - Mean training L1 loss: 0.019520733868703247
2024-08-19 20:39:02,285 - INFO - Mean training SSIM loss: 0.0
2024-08-19 20:39:02,285 - INFO - Mean training MSE loss: 0.0009410987771116198
2024-08-19 20:39:13,639 - INFO - Mean validation L1 loss: 0.01888034664094448
2024-08-19 20:39:13,639 - INFO - Mean validation SSIM loss: 0.0
2024-08-19 20:39:13,639 - INFO - Mean validation MSE loss: 0.0008589640958234668
2024-08-19 20:39:13,642 - INFO - Epoch 49
-------------------------------
2024-08-19 20:39:13,643 - INFO - Learning Rate of group 0: 0.00016087009691866469
2024-08-19 20:41:02,183 - INFO - Maximum gradient before clipping: 0.2482495903968811
2024-08-19 20:41:02,183 - INFO - Minimum gradient before clipping: -0.24405331909656525
2024-08-19 20:41:02,184 - INFO - Mean training L1 loss: 0.01799313726834953
2024-08-19 20:41:02,184 - INFO - Mean training SSIM loss: 0.0
2024-08-19 20:41:02,184 - INFO - Mean training MSE loss: 0.0008461643394548446
2024-08-19 20:41:13,363 - INFO - Mean validation L1 loss: 0.01781761720776558
2024-08-19 20:41:13,363 - INFO - Mean validation SSIM loss: 0.0
2024-08-19 20:41:13,363 - INFO - Mean validation MSE loss: 0.0008079976681619883
2024-08-19 20:41:15,339 - INFO - New best validation Loss 0.01781761720776558, at epoch 49
2024-08-19 20:41:15,342 - INFO - Epoch 50
-------------------------------
2024-08-19 20:41:15,343 - INFO - Learning Rate of group 0: 0.00016087009691866469
2024-08-19 20:43:04,064 - INFO - Maximum gradient before clipping: 0.19494155049324036
2024-08-19 20:43:04,065 - INFO - Minimum gradient before clipping: -0.18918392062187195
2024-08-19 20:43:04,065 - INFO - Mean training L1 loss: 0.01777485487982631
2024-08-19 20:43:04,065 - INFO - Mean training SSIM loss: 0.0
2024-08-19 20:43:04,065 - INFO - Mean training MSE loss: 0.0008306208392605185
2024-08-19 20:43:16,906 - INFO - Mean validation L1 loss: 0.017652622908353805
2024-08-19 20:43:16,906 - INFO - Mean validation SSIM loss: 0.0
2024-08-19 20:43:16,906 - INFO - Mean validation MSE loss: 0.0008033979125320911
2024-08-19 20:43:20,850 - INFO - New best validation Loss 0.017652622908353805, at epoch 50
2024-08-19 20:43:20,854 - INFO - Training Finished
