2024-07-09 20:41:27,819 - INFO - Starting training from from epoch 0
2024-07-09 20:41:28,940 - INFO - Epoch 0
-------------------------------
2024-07-09 20:41:46,970 - INFO - Mean training loss: 0.09274616837501526
2024-07-09 20:41:53,092 - INFO - Mean validation loss: 0.0645199696222941
2024-07-09 20:41:53,893 - INFO - New best validation Loss 0.0645199696222941, at epoch 0
2024-07-09 20:41:53,895 - INFO - Epoch 1
-------------------------------
2024-07-09 20:42:07,396 - INFO - Mean training loss: 0.07143360873063405
2024-07-09 20:42:12,904 - INFO - Mean validation loss: 0.0626460631688436
2024-07-09 20:42:13,640 - INFO - New best validation Loss 0.0626460631688436, at epoch 1
2024-07-09 20:42:13,640 - INFO - Epoch 2
-------------------------------
2024-07-09 20:42:27,359 - INFO - Mean training loss: 0.07017992685238521
2024-07-09 20:42:32,881 - INFO - Mean validation loss: 0.062188565731048584
2024-07-09 20:42:33,728 - INFO - New best validation Loss 0.062188565731048584, at epoch 2
2024-07-09 20:42:33,729 - INFO - Epoch 3
-------------------------------
2024-07-09 20:42:47,528 - INFO - Mean training loss: 0.06964657306671143
2024-07-09 20:42:53,945 - INFO - Mean validation loss: 0.0618124524752299
2024-07-09 20:42:54,855 - INFO - New best validation Loss 0.0618124524752299, at epoch 3
2024-07-09 20:42:54,856 - INFO - Epoch 4
-------------------------------
2024-07-09 20:43:07,905 - INFO - Mean training loss: 0.06928019970655441
2024-07-09 20:43:13,405 - INFO - Mean validation loss: 0.061669564247131346
2024-07-09 20:43:14,310 - INFO - New best validation Loss 0.061669564247131346, at epoch 4
2024-07-09 20:43:14,310 - INFO - Epoch 5
-------------------------------
2024-07-09 20:43:27,553 - INFO - Mean training loss: 0.06898216505845388
2024-07-09 20:43:33,316 - INFO - Mean validation loss: 0.06131141185760498
2024-07-09 20:43:34,069 - INFO - New best validation Loss 0.06131141185760498, at epoch 5
2024-07-09 20:43:34,070 - INFO - Epoch 6
-------------------------------
2024-07-09 20:43:47,459 - INFO - Mean training loss: 0.0684274102250735
2024-07-09 20:43:52,802 - INFO - Mean validation loss: 0.06145044565200806
2024-07-09 20:43:52,803 - INFO - Epoch 7
-------------------------------
2024-07-09 20:44:06,031 - INFO - Mean training loss: 0.06807996034622192
2024-07-09 20:44:11,662 - INFO - Mean validation loss: 0.06153502066930135
2024-07-09 20:44:11,662 - INFO - Epoch 8
-------------------------------
2024-07-09 20:44:24,901 - INFO - Mean training loss: 0.06767956117788951
2024-07-09 20:44:30,483 - INFO - Mean validation loss: 0.06111125349998474
2024-07-09 20:44:31,377 - INFO - New best validation Loss 0.06111125349998474, at epoch 8
2024-07-09 20:44:31,377 - INFO - Epoch 9
-------------------------------
2024-07-09 20:44:44,982 - INFO - Mean training loss: 0.0674276793996493
2024-07-09 20:44:50,544 - INFO - Mean validation loss: 0.06109705169995626
2024-07-09 20:44:51,430 - INFO - New best validation Loss 0.06109705169995626, at epoch 9
2024-07-09 20:44:51,431 - INFO - Epoch 10
-------------------------------
2024-07-09 20:45:04,887 - INFO - Mean training loss: 0.06714596102635066
2024-07-09 20:45:10,572 - INFO - Mean validation loss: 0.060884209473927815
2024-07-09 20:45:11,456 - INFO - New best validation Loss 0.060884209473927815, at epoch 10
2024-07-09 20:45:11,457 - INFO - Epoch 11
-------------------------------
2024-07-09 20:45:24,594 - INFO - Mean training loss: 0.06693768699963888
2024-07-09 20:45:30,187 - INFO - Mean validation loss: 0.060739564895629886
2024-07-09 20:45:31,090 - INFO - New best validation Loss 0.060739564895629886, at epoch 11
2024-07-09 20:45:31,091 - INFO - Epoch 12
-------------------------------
2024-07-09 20:45:44,005 - INFO - Mean training loss: 0.06664503167072931
2024-07-09 20:45:49,834 - INFO - Mean validation loss: 0.06080517570177714
2024-07-09 20:45:49,835 - INFO - Epoch 13
-------------------------------
2024-07-09 20:46:03,279 - INFO - Mean training loss: 0.06626280595858892
2024-07-09 20:46:09,487 - INFO - Mean validation loss: 0.060874555508295694
2024-07-09 20:46:09,488 - INFO - Epoch 14
-------------------------------
2024-07-09 20:46:22,175 - INFO - Mean training loss: 0.06537743459145227
2024-07-09 20:46:27,545 - INFO - Mean validation loss: 0.06075543165206909
2024-07-09 20:46:27,545 - INFO - Epoch 15
-------------------------------
2024-07-09 20:46:40,975 - INFO - Mean training loss: 0.06413188974062602
2024-07-09 20:46:46,396 - INFO - Mean validation loss: 0.05720412731170654
2024-07-09 20:46:47,110 - INFO - New best validation Loss 0.05720412731170654, at epoch 15
2024-07-09 20:46:47,111 - INFO - Epoch 16
-------------------------------
2024-07-09 20:46:59,856 - INFO - Mean training loss: 0.05885486155748367
2024-07-09 20:47:05,211 - INFO - Mean validation loss: 0.050948033730189
2024-07-09 20:47:06,108 - INFO - New best validation Loss 0.050948033730189, at epoch 16
2024-07-09 20:47:06,109 - INFO - Epoch 17
-------------------------------
2024-07-09 20:47:19,946 - INFO - Mean training loss: 0.057181424895922345
2024-07-09 20:47:25,454 - INFO - Mean validation loss: 0.053121789296468096
2024-07-09 20:47:25,455 - INFO - Epoch 18
-------------------------------
2024-07-09 20:47:39,122 - INFO - Mean training loss: 0.05695120245218277
2024-07-09 20:47:44,593 - INFO - Mean validation loss: 0.05173552632331848
2024-07-09 20:47:44,594 - INFO - Epoch 19
-------------------------------
2024-07-09 20:47:58,060 - INFO - Mean training loss: 0.05343904296557109
2024-07-09 20:48:03,621 - INFO - Mean validation loss: 0.04895051916440328
2024-07-09 20:48:04,516 - INFO - New best validation Loss 0.04895051916440328, at epoch 19
2024-07-09 20:48:04,517 - INFO - Epoch 20
-------------------------------
2024-07-09 20:48:18,064 - INFO - Mean training loss: 0.04976206570863724
2024-07-09 20:48:23,571 - INFO - Mean validation loss: 0.04770137071609497
2024-07-09 20:48:24,324 - INFO - New best validation Loss 0.04770137071609497, at epoch 20
2024-07-09 20:48:24,325 - INFO - Epoch 21
-------------------------------
2024-07-09 20:48:37,736 - INFO - Mean training loss: 0.04699238141377767
2024-07-09 20:48:43,467 - INFO - Mean validation loss: 0.04515143434206645
2024-07-09 20:48:44,223 - INFO - New best validation Loss 0.04515143434206645, at epoch 21
2024-07-09 20:48:44,224 - INFO - Epoch 22
-------------------------------
2024-07-09 20:48:58,143 - INFO - Mean training loss: 0.045481946070988974
2024-07-09 20:49:04,303 - INFO - Mean validation loss: 0.044326390822728476
2024-07-09 20:49:05,190 - INFO - New best validation Loss 0.044326390822728476, at epoch 22
2024-07-09 20:49:05,190 - INFO - Epoch 23
-------------------------------
2024-07-09 20:49:18,308 - INFO - Mean training loss: 0.04426931341489156
2024-07-09 20:49:23,837 - INFO - Mean validation loss: 0.04341032107671102
2024-07-09 20:49:24,724 - INFO - New best validation Loss 0.04341032107671102, at epoch 23
2024-07-09 20:49:24,725 - INFO - Epoch 24
-------------------------------
2024-07-09 20:49:37,458 - INFO - Mean training loss: 0.043024756014347076
2024-07-09 20:49:43,227 - INFO - Mean validation loss: 0.04252697229385376
2024-07-09 20:49:44,091 - INFO - New best validation Loss 0.04252697229385376, at epoch 24
2024-07-09 20:49:44,092 - INFO - Epoch 25
-------------------------------
2024-07-09 20:49:56,771 - INFO - Mean training loss: 0.04239669839541117
2024-07-09 20:50:02,014 - INFO - Mean validation loss: 0.04171331127484639
2024-07-09 20:50:02,727 - INFO - New best validation Loss 0.04171331127484639, at epoch 25
2024-07-09 20:50:02,728 - INFO - Epoch 26
-------------------------------
2024-07-09 20:50:15,373 - INFO - Mean training loss: 0.04124894042809804
2024-07-09 20:50:20,704 - INFO - Mean validation loss: 0.041134860118230185
2024-07-09 20:50:21,421 - INFO - New best validation Loss 0.041134860118230185, at epoch 26
2024-07-09 20:50:21,422 - INFO - Epoch 27
-------------------------------
2024-07-09 20:50:35,059 - INFO - Mean training loss: 0.04303782433271408
2024-07-09 20:50:40,900 - INFO - Mean validation loss: 0.045548868179321286
2024-07-09 20:50:40,900 - INFO - Epoch 28
-------------------------------
2024-07-09 20:50:53,878 - INFO - Mean training loss: 0.04477794965108236
2024-07-09 20:50:58,992 - INFO - Mean validation loss: 0.043751474221547446
2024-07-09 20:50:58,993 - INFO - Epoch 29
-------------------------------
2024-07-09 20:51:11,622 - INFO - Mean training loss: 0.042069531480471295
2024-07-09 20:51:17,033 - INFO - Mean validation loss: 0.04179561932881673
2024-07-09 20:51:17,034 - INFO - Epoch 30
-------------------------------
2024-07-09 20:51:30,407 - INFO - Mean training loss: 0.04114262710014979
2024-07-09 20:51:35,911 - INFO - Mean validation loss: 0.0450342853864034
2024-07-09 20:51:35,912 - INFO - Epoch 31
-------------------------------
2024-07-09 20:51:49,410 - INFO - Mean training loss: 0.041198027630647026
2024-07-09 20:51:55,225 - INFO - Mean validation loss: 0.04076233108838399
2024-07-09 20:51:56,087 - INFO - New best validation Loss 0.04076233108838399, at epoch 31
2024-07-09 20:51:56,088 - INFO - Epoch 32
-------------------------------
2024-07-09 20:52:09,348 - INFO - Mean training loss: 0.038829770187536874
2024-07-09 20:52:15,143 - INFO - Mean validation loss: 0.03819032112757365
2024-07-09 20:52:15,835 - INFO - New best validation Loss 0.03819032112757365, at epoch 32
2024-07-09 20:52:15,836 - INFO - Epoch 33
-------------------------------
2024-07-09 20:52:29,660 - INFO - Mean training loss: 0.03699484467506409
2024-07-09 20:52:35,394 - INFO - Mean validation loss: 0.03728733460108439
2024-07-09 20:52:36,101 - INFO - New best validation Loss 0.03728733460108439, at epoch 33
2024-07-09 20:52:36,102 - INFO - Epoch 34
-------------------------------
2024-07-09 20:52:49,782 - INFO - Mean training loss: 0.03587160259485245
2024-07-09 20:52:55,037 - INFO - Mean validation loss: 0.03667520880699158
2024-07-09 20:52:55,910 - INFO - New best validation Loss 0.03667520880699158, at epoch 34
2024-07-09 20:52:55,911 - INFO - Epoch 35
-------------------------------
2024-07-09 20:53:09,068 - INFO - Mean training loss: 0.03494125530123711
2024-07-09 20:53:14,508 - INFO - Mean validation loss: 0.035773086547851565
2024-07-09 20:53:15,397 - INFO - New best validation Loss 0.035773086547851565, at epoch 35
2024-07-09 20:53:15,398 - INFO - Epoch 36
-------------------------------
2024-07-09 20:53:28,733 - INFO - Mean training loss: 0.03408910979827245
2024-07-09 20:53:34,252 - INFO - Mean validation loss: 0.03497772614161174
2024-07-09 20:53:34,983 - INFO - New best validation Loss 0.03497772614161174, at epoch 36
2024-07-09 20:53:34,984 - INFO - Epoch 37
-------------------------------
2024-07-09 20:53:48,279 - INFO - Mean training loss: 0.03323888480663299
2024-07-09 20:53:53,816 - INFO - Mean validation loss: 0.03397420247395833
2024-07-09 20:53:54,677 - INFO - New best validation Loss 0.03397420247395833, at epoch 37
2024-07-09 20:53:54,678 - INFO - Epoch 38
-------------------------------
2024-07-09 20:54:07,932 - INFO - Mean training loss: 0.03214920982718468
2024-07-09 20:54:13,606 - INFO - Mean validation loss: 0.03278047740459442
2024-07-09 20:54:14,325 - INFO - New best validation Loss 0.03278047740459442, at epoch 38
2024-07-09 20:54:14,326 - INFO - Epoch 39
-------------------------------
2024-07-09 20:54:26,899 - INFO - Mean training loss: 0.03134678254524867
2024-07-09 20:54:32,261 - INFO - Mean validation loss: 0.03170742988586426
2024-07-09 20:54:33,145 - INFO - New best validation Loss 0.03170742988586426, at epoch 39
2024-07-09 20:54:33,146 - INFO - Epoch 40
-------------------------------
2024-07-09 20:54:46,593 - INFO - Mean training loss: 0.030708933373292287
2024-07-09 20:54:52,126 - INFO - Mean validation loss: 0.030922075112660725
2024-07-09 20:54:52,981 - INFO - New best validation Loss 0.030922075112660725, at epoch 40
2024-07-09 20:54:52,983 - INFO - Epoch 41
-------------------------------
2024-07-09 20:55:05,628 - INFO - Mean training loss: 0.03052785073717435
2024-07-09 20:55:11,382 - INFO - Mean validation loss: 0.03004926343758901
2024-07-09 20:55:12,143 - INFO - New best validation Loss 0.03004926343758901, at epoch 41
2024-07-09 20:55:12,144 - INFO - Epoch 42
-------------------------------
2024-07-09 20:55:25,056 - INFO - Mean training loss: 0.029139450192451476
2024-07-09 20:55:31,265 - INFO - Mean validation loss: 0.02850173811117808
2024-07-09 20:55:32,098 - INFO - New best validation Loss 0.02850173811117808, at epoch 42
2024-07-09 20:55:32,099 - INFO - Epoch 43
-------------------------------
2024-07-09 20:55:45,190 - INFO - Mean training loss: 0.028397602836290996
2024-07-09 20:55:50,982 - INFO - Mean validation loss: 0.02800882359345754
2024-07-09 20:55:51,857 - INFO - New best validation Loss 0.02800882359345754, at epoch 43
2024-07-09 20:55:51,858 - INFO - Epoch 44
-------------------------------
2024-07-09 20:56:04,272 - INFO - Mean training loss: 0.02774135594566663
2024-07-09 20:56:09,725 - INFO - Mean validation loss: 0.027281747261683146
2024-07-09 20:56:10,517 - INFO - New best validation Loss 0.027281747261683146, at epoch 44
2024-07-09 20:56:10,517 - INFO - Epoch 45
-------------------------------
2024-07-09 20:56:23,914 - INFO - Mean training loss: 0.026944446812073388
2024-07-09 20:56:29,050 - INFO - Mean validation loss: 0.027020746469497682
2024-07-09 20:56:29,925 - INFO - New best validation Loss 0.027020746469497682, at epoch 45
2024-07-09 20:56:29,926 - INFO - Epoch 46
-------------------------------
2024-07-09 20:56:43,656 - INFO - Mean training loss: 0.026977047324180603
2024-07-09 20:56:48,839 - INFO - Mean validation loss: 0.02665522297223409
2024-07-09 20:56:49,709 - INFO - New best validation Loss 0.02665522297223409, at epoch 46
2024-07-09 20:56:49,710 - INFO - Epoch 47
-------------------------------
2024-07-09 20:57:03,062 - INFO - Mean training loss: 0.026153747489055
2024-07-09 20:57:08,589 - INFO - Mean validation loss: 0.025984272360801697
2024-07-09 20:57:09,460 - INFO - New best validation Loss 0.025984272360801697, at epoch 47
2024-07-09 20:57:09,461 - INFO - Epoch 48
-------------------------------
2024-07-09 20:57:22,265 - INFO - Mean training loss: 0.025883710384368895
2024-07-09 20:57:27,710 - INFO - Mean validation loss: 0.024931944410006204
2024-07-09 20:57:28,428 - INFO - New best validation Loss 0.024931944410006204, at epoch 48
2024-07-09 20:57:28,429 - INFO - Epoch 49
-------------------------------
2024-07-09 20:57:41,321 - INFO - Mean training loss: 0.02516063998142878
2024-07-09 20:57:47,000 - INFO - Mean validation loss: 0.02427906294663747
2024-07-09 20:57:47,804 - INFO - New best validation Loss 0.02427906294663747, at epoch 49
2024-07-09 20:57:47,805 - INFO - Epoch 50
-------------------------------
2024-07-09 20:58:01,268 - INFO - Mean training loss: 0.024475228289763132
2024-07-09 20:58:06,587 - INFO - Mean validation loss: 0.02345163027445475
2024-07-09 20:58:07,274 - INFO - New best validation Loss 0.02345163027445475, at epoch 50
2024-07-09 20:58:07,275 - INFO - Epoch 51
-------------------------------
2024-07-09 20:58:19,919 - INFO - Mean training loss: 0.023595221092303595
2024-07-09 20:58:25,555 - INFO - Mean validation loss: 0.023073864976565044
2024-07-09 20:58:26,440 - INFO - New best validation Loss 0.023073864976565044, at epoch 51
2024-07-09 20:58:26,441 - INFO - Epoch 52
-------------------------------
2024-07-09 20:58:38,887 - INFO - Mean training loss: 0.023355868955453236
2024-07-09 20:58:43,954 - INFO - Mean validation loss: 0.022641404469807943
2024-07-09 20:58:44,823 - INFO - New best validation Loss 0.022641404469807943, at epoch 52
2024-07-09 20:58:44,824 - INFO - Epoch 53
-------------------------------
2024-07-09 20:58:58,435 - INFO - Mean training loss: 0.023334614684184393
2024-07-09 20:59:04,098 - INFO - Mean validation loss: 0.022300781806310017
2024-07-09 20:59:04,792 - INFO - New best validation Loss 0.022300781806310017, at epoch 53
2024-07-09 20:59:04,792 - INFO - Epoch 54
-------------------------------
2024-07-09 20:59:18,444 - INFO - Mean training loss: 0.022900085151195525
2024-07-09 20:59:23,801 - INFO - Mean validation loss: 0.02214849591255188
2024-07-09 20:59:24,664 - INFO - New best validation Loss 0.02214849591255188, at epoch 54
2024-07-09 20:59:24,665 - INFO - Epoch 55
-------------------------------
2024-07-09 20:59:38,571 - INFO - Mean training loss: 0.022838822255531948
2024-07-09 20:59:44,268 - INFO - Mean validation loss: 0.02259884774684906
2024-07-09 20:59:44,269 - INFO - Epoch 56
-------------------------------
2024-07-09 20:59:57,329 - INFO - Mean training loss: 0.022410122056802113
2024-07-09 21:00:02,866 - INFO - Mean validation loss: 0.02242634097735087
2024-07-09 21:00:02,867 - INFO - Epoch 57
-------------------------------
2024-07-09 21:00:15,334 - INFO - Mean training loss: 0.022518936544656754
2024-07-09 21:00:20,822 - INFO - Mean validation loss: 0.0223032146692276
2024-07-09 21:00:20,823 - INFO - Epoch 58
-------------------------------
2024-07-09 21:00:34,063 - INFO - Mean training loss: 0.02255074307322502
2024-07-09 21:00:39,782 - INFO - Mean validation loss: 0.020974732438723245
2024-07-09 21:00:40,657 - INFO - New best validation Loss 0.020974732438723245, at epoch 58
2024-07-09 21:00:40,657 - INFO - Epoch 59
-------------------------------
2024-07-09 21:00:53,511 - INFO - Mean training loss: 0.02193486417333285
2024-07-09 21:00:59,015 - INFO - Mean validation loss: 0.02107336123784383
2024-07-09 21:00:59,015 - INFO - Epoch 60
-------------------------------
2024-07-09 21:01:12,507 - INFO - Mean training loss: 0.021725861231486003
2024-07-09 21:01:18,127 - INFO - Mean validation loss: 0.02031974494457245
2024-07-09 21:01:18,996 - INFO - New best validation Loss 0.02031974494457245, at epoch 60
2024-07-09 21:01:18,997 - INFO - Epoch 61
-------------------------------
2024-07-09 21:01:32,389 - INFO - Mean training loss: 0.021355032920837402
2024-07-09 21:01:38,093 - INFO - Mean validation loss: 0.020335285862286886
2024-07-09 21:01:38,094 - INFO - Epoch 62
-------------------------------
2024-07-09 21:01:51,351 - INFO - Mean training loss: 0.021452375749746958
2024-07-09 21:01:56,950 - INFO - Mean validation loss: 0.020053958892822264
2024-07-09 21:01:57,791 - INFO - New best validation Loss 0.020053958892822264, at epoch 62
2024-07-09 21:01:57,792 - INFO - Epoch 63
-------------------------------
2024-07-09 21:02:10,577 - INFO - Mean training loss: 0.020790037761131922
2024-07-09 21:02:16,235 - INFO - Mean validation loss: 0.020136439800262453
2024-07-09 21:02:16,236 - INFO - Epoch 64
-------------------------------
2024-07-09 21:02:29,222 - INFO - Mean training loss: 0.02048092509309451
2024-07-09 21:02:34,959 - INFO - Mean validation loss: 0.019018726547559102
2024-07-09 21:02:35,730 - INFO - New best validation Loss 0.019018726547559102, at epoch 64
2024-07-09 21:02:35,731 - INFO - Epoch 65
-------------------------------
2024-07-09 21:02:49,427 - INFO - Mean training loss: 0.02006354182958603
2024-07-09 21:02:55,196 - INFO - Mean validation loss: 0.019590155283610026
2024-07-09 21:02:55,197 - INFO - Epoch 66
-------------------------------
2024-07-09 21:03:08,776 - INFO - Mean training loss: 0.019780406852563222
2024-07-09 21:03:13,936 - INFO - Mean validation loss: 0.018854393561681112
2024-07-09 21:03:14,649 - INFO - New best validation Loss 0.018854393561681112, at epoch 66
2024-07-09 21:03:14,650 - INFO - Epoch 67
-------------------------------
2024-07-09 21:03:27,299 - INFO - Mean training loss: 0.019566588352123895
2024-07-09 21:03:32,390 - INFO - Mean validation loss: 0.018468631307284038
2024-07-09 21:03:33,262 - INFO - New best validation Loss 0.018468631307284038, at epoch 67
2024-07-09 21:03:33,263 - INFO - Epoch 68
-------------------------------
2024-07-09 21:03:46,506 - INFO - Mean training loss: 0.01954155514637629
2024-07-09 21:03:51,878 - INFO - Mean validation loss: 0.018678879737854003
2024-07-09 21:03:51,879 - INFO - Epoch 69
-------------------------------
2024-07-09 21:04:04,832 - INFO - Mean training loss: 0.01935004194577535
2024-07-09 21:04:10,370 - INFO - Mean validation loss: 0.01864195168018341
2024-07-09 21:04:10,371 - INFO - Epoch 70
-------------------------------
2024-07-09 21:04:24,051 - INFO - Mean training loss: 0.019103747854630152
2024-07-09 21:04:29,404 - INFO - Mean validation loss: 0.017988510926564536
2024-07-09 21:04:30,275 - INFO - New best validation Loss 0.017988510926564536, at epoch 70
2024-07-09 21:04:30,276 - INFO - Epoch 71
-------------------------------
2024-07-09 21:04:43,849 - INFO - Mean training loss: 0.01867104843258858
2024-07-09 21:04:49,668 - INFO - Mean validation loss: 0.018013804157574972
2024-07-09 21:04:49,668 - INFO - Epoch 72
-------------------------------
2024-07-09 21:05:02,572 - INFO - Mean training loss: 0.01859223221739133
2024-07-09 21:05:08,392 - INFO - Mean validation loss: 0.017850570380687714
2024-07-09 21:05:09,235 - INFO - New best validation Loss 0.017850570380687714, at epoch 72
2024-07-09 21:05:09,236 - INFO - Epoch 73
-------------------------------
2024-07-09 21:05:21,892 - INFO - Mean training loss: 0.018342576051751772
2024-07-09 21:05:27,656 - INFO - Mean validation loss: 0.017763682206471763
2024-07-09 21:05:28,526 - INFO - New best validation Loss 0.017763682206471763, at epoch 73
2024-07-09 21:05:28,527 - INFO - Epoch 74
-------------------------------
2024-07-09 21:05:41,506 - INFO - Mean training loss: 0.01812096933523814
2024-07-09 21:05:47,027 - INFO - Mean validation loss: 0.017820458114147186
2024-07-09 21:05:47,028 - INFO - Epoch 75
-------------------------------
2024-07-09 21:06:00,471 - INFO - Mean training loss: 0.017894619579116502
2024-07-09 21:06:06,272 - INFO - Mean validation loss: 0.017442441980044045
2024-07-09 21:06:07,136 - INFO - New best validation Loss 0.017442441980044045, at epoch 75
2024-07-09 21:06:07,137 - INFO - Epoch 76
-------------------------------
2024-07-09 21:06:20,298 - INFO - Mean training loss: 0.017701232433319093
2024-07-09 21:06:25,659 - INFO - Mean validation loss: 0.017187672356764477
2024-07-09 21:06:26,375 - INFO - New best validation Loss 0.017187672356764477, at epoch 76
2024-07-09 21:06:26,376 - INFO - Epoch 77
-------------------------------
2024-07-09 21:06:39,533 - INFO - Mean training loss: 0.017607189963261285
2024-07-09 21:06:44,630 - INFO - Mean validation loss: 0.017558652659257254
2024-07-09 21:06:44,631 - INFO - Epoch 78
-------------------------------
2024-07-09 21:06:58,291 - INFO - Mean training loss: 0.017801090578238168
2024-07-09 21:07:04,354 - INFO - Mean validation loss: 0.017691012720266977
2024-07-09 21:07:04,355 - INFO - Epoch 79
-------------------------------
2024-07-09 21:07:17,548 - INFO - Mean training loss: 0.01771809843679269
2024-07-09 21:07:23,120 - INFO - Mean validation loss: 0.017500094572703042
2024-07-09 21:07:23,120 - INFO - Epoch 80
-------------------------------
2024-07-09 21:07:37,023 - INFO - Mean training loss: 0.017517267415920895
2024-07-09 21:07:42,113 - INFO - Mean validation loss: 0.017544999718666077
2024-07-09 21:07:42,114 - INFO - Epoch 81
-------------------------------
2024-07-09 21:07:55,933 - INFO - Mean training loss: 0.017339881633718808
2024-07-09 21:08:02,230 - INFO - Mean validation loss: 0.018040046592553458
2024-07-09 21:08:02,231 - INFO - Epoch 82
-------------------------------
2024-07-09 21:08:15,393 - INFO - Mean training loss: 0.017322764297326407
2024-07-09 21:08:21,359 - INFO - Mean validation loss: 0.017460671067237855
2024-07-09 21:08:21,360 - INFO - Epoch 83
-------------------------------
2024-07-09 21:08:34,472 - INFO - Mean training loss: 0.017033981159329414
2024-07-09 21:08:40,919 - INFO - Mean validation loss: 0.01722743809223175
2024-07-09 21:08:40,920 - INFO - Epoch 84
-------------------------------
2024-07-09 21:08:53,401 - INFO - Mean training loss: 0.016907994200785956
2024-07-09 21:08:58,862 - INFO - Mean validation loss: 0.017186947166919708
2024-07-09 21:08:59,660 - INFO - New best validation Loss 0.017186947166919708, at epoch 84
2024-07-09 21:08:59,661 - INFO - Epoch 85
-------------------------------
2024-07-09 21:09:12,408 - INFO - Mean training loss: 0.016797194878260296
2024-07-09 21:09:18,014 - INFO - Mean validation loss: 0.017022008697191875
2024-07-09 21:09:18,808 - INFO - New best validation Loss 0.017022008697191875, at epoch 85
2024-07-09 21:09:18,809 - INFO - Epoch 86
-------------------------------
2024-07-09 21:09:31,640 - INFO - Mean training loss: 0.016813978925347327
2024-07-09 21:09:36,951 - INFO - Mean validation loss: 0.01736771563688914
2024-07-09 21:09:36,951 - INFO - Epoch 87
-------------------------------
2024-07-09 21:09:50,784 - INFO - Mean training loss: 0.016948199644684792
2024-07-09 21:09:56,544 - INFO - Mean validation loss: 0.017477682729562124
2024-07-09 21:09:56,544 - INFO - Epoch 88
-------------------------------
2024-07-09 21:10:10,142 - INFO - Mean training loss: 0.016832615931828818
2024-07-09 21:10:15,258 - INFO - Mean validation loss: 0.01772363930940628
2024-07-09 21:10:15,258 - INFO - Epoch 89
-------------------------------
2024-07-09 21:10:28,539 - INFO - Mean training loss: 0.016900900502999625
2024-07-09 21:10:34,263 - INFO - Mean validation loss: 0.017498783270517983
2024-07-09 21:10:34,264 - INFO - Epoch 90
-------------------------------
2024-07-09 21:10:47,154 - INFO - Mean training loss: 0.016766127323110898
2024-07-09 21:10:52,232 - INFO - Mean validation loss: 0.017195870478947956
2024-07-09 21:10:52,233 - INFO - Epoch 91
-------------------------------
2024-07-09 21:11:04,746 - INFO - Mean training loss: 0.016893778120477994
2024-07-09 21:11:10,067 - INFO - Mean validation loss: 0.01727189819018046
2024-07-09 21:11:10,068 - INFO - Epoch 92
-------------------------------
2024-07-09 21:11:23,498 - INFO - Mean training loss: 0.017121282095710438
2024-07-09 21:11:29,080 - INFO - Mean validation loss: 0.017465863128503165
2024-07-09 21:11:29,081 - INFO - Epoch 93
-------------------------------
2024-07-09 21:11:42,478 - INFO - Mean training loss: 0.016919130086898805
2024-07-09 21:11:47,791 - INFO - Mean validation loss: 0.01711200624704361
2024-07-09 21:11:47,792 - INFO - Epoch 94
-------------------------------
2024-07-09 21:12:01,556 - INFO - Mean training loss: 0.016513926287492115
2024-07-09 21:12:06,681 - INFO - Mean validation loss: 0.01733292043209076
2024-07-09 21:12:06,682 - INFO - Epoch 95
-------------------------------
2024-07-09 21:12:19,892 - INFO - Mean training loss: 0.01629844382405281
2024-07-09 21:12:25,656 - INFO - Mean validation loss: 0.017164190610249836
2024-07-09 21:12:25,657 - INFO - Epoch 96
-------------------------------
2024-07-09 21:12:39,180 - INFO - Mean training loss: 0.016175451005498567
2024-07-09 21:12:45,054 - INFO - Mean validation loss: 0.01684282471736272
2024-07-09 21:12:45,844 - INFO - New best validation Loss 0.01684282471736272, at epoch 96
2024-07-09 21:12:45,844 - INFO - Epoch 97
-------------------------------
2024-07-09 21:12:58,755 - INFO - Mean training loss: 0.016141024604439735
2024-07-09 21:13:04,235 - INFO - Mean validation loss: 0.017266339063644408
2024-07-09 21:13:04,235 - INFO - Epoch 98
-------------------------------
2024-07-09 21:13:17,327 - INFO - Mean training loss: 0.016306115811069808
2024-07-09 21:13:22,469 - INFO - Mean validation loss: 0.01754997968673706
2024-07-09 21:13:22,470 - INFO - Epoch 99
-------------------------------
2024-07-09 21:13:35,630 - INFO - Mean training loss: 0.016147960846622785
2024-07-09 21:13:41,231 - INFO - Mean validation loss: 0.01749417285124461
2024-07-09 21:13:41,232 - INFO - Epoch 100
-------------------------------
2024-07-09 21:13:54,643 - INFO - Mean training loss: 0.01626728263994058
2024-07-09 21:14:00,006 - INFO - Mean validation loss: 0.01718381643295288
2024-07-09 21:14:00,006 - INFO - Epoch 101
-------------------------------
2024-07-09 21:14:13,820 - INFO - Mean training loss: 0.016084950417280197
2024-07-09 21:14:19,168 - INFO - Mean validation loss: 0.017167759935061137
2024-07-09 21:14:19,169 - INFO - Epoch 102
-------------------------------
2024-07-09 21:14:32,267 - INFO - Mean training loss: 0.01572672128677368
2024-07-09 21:14:37,346 - INFO - Mean validation loss: 0.01729686011870702
2024-07-09 21:14:37,346 - INFO - Epoch 103
-------------------------------
2024-07-09 21:14:50,762 - INFO - Mean training loss: 0.015693124880393348
2024-07-09 21:14:56,563 - INFO - Mean validation loss: 0.01714399258295695
2024-07-09 21:14:56,563 - INFO - Epoch 104
-------------------------------
2024-07-09 21:15:09,885 - INFO - Mean training loss: 0.015626697118083635
2024-07-09 21:15:15,379 - INFO - Mean validation loss: 0.01720492641131083
2024-07-09 21:15:15,379 - INFO - Epoch 105
-------------------------------
2024-07-09 21:15:28,349 - INFO - Mean training loss: 0.015341044341524442
2024-07-09 21:15:33,895 - INFO - Mean validation loss: 0.017059502998987834
2024-07-09 21:15:33,895 - INFO - Epoch 106
-------------------------------
2024-07-09 21:15:47,533 - INFO - Mean training loss: 0.015297574053208033
2024-07-09 21:15:53,354 - INFO - Mean validation loss: 0.017132539550463358
2024-07-09 21:15:53,356 - INFO - Epoch 107
-------------------------------
2024-07-09 21:16:07,010 - INFO - Mean training loss: 0.015352787698308628
2024-07-09 21:16:12,081 - INFO - Mean validation loss: 0.017007320125897726
2024-07-09 21:16:12,082 - INFO - Epoch 108
-------------------------------
2024-07-09 21:16:25,014 - INFO - Mean training loss: 0.01514547181626161
2024-07-09 21:16:30,075 - INFO - Mean validation loss: 0.01702471971511841
2024-07-09 21:16:30,075 - INFO - Epoch 109
-------------------------------
2024-07-09 21:16:43,323 - INFO - Mean training loss: 0.01538193201025327
2024-07-09 21:16:48,935 - INFO - Mean validation loss: 0.017276934285958608
2024-07-09 21:16:48,936 - INFO - Epoch 110
-------------------------------
2024-07-09 21:17:02,040 - INFO - Mean training loss: 0.01702273339033127
2024-07-09 21:17:07,471 - INFO - Mean validation loss: 0.01881375312805176
2024-07-09 21:17:07,472 - INFO - Epoch 111
-------------------------------
2024-07-09 21:17:20,789 - INFO - Mean training loss: 0.017930261294047036
2024-07-09 21:17:26,111 - INFO - Mean validation loss: 0.01791579822699229
2024-07-09 21:17:26,112 - INFO - Epoch 112
-------------------------------
2024-07-09 21:17:38,765 - INFO - Mean training loss: 0.01722942516207695
2024-07-09 21:17:43,818 - INFO - Mean validation loss: 0.01778341333071391
2024-07-09 21:17:43,819 - INFO - Epoch 113
-------------------------------
2024-07-09 21:17:56,719 - INFO - Mean training loss: 0.016893740743398666
2024-07-09 21:18:02,183 - INFO - Mean validation loss: 0.01736486256122589
2024-07-09 21:18:02,184 - INFO - Epoch 114
-------------------------------
2024-07-09 21:18:15,242 - INFO - Mean training loss: 0.016653102139631906
2024-07-09 21:18:20,351 - INFO - Mean validation loss: 0.017235615849494935
2024-07-09 21:18:20,352 - INFO - Epoch 115
-------------------------------
2024-07-09 21:18:33,064 - INFO - Mean training loss: 0.01600778984526793
2024-07-09 21:18:38,341 - INFO - Mean validation loss: 0.016979464888572694
2024-07-09 21:18:38,342 - INFO - Epoch 116
-------------------------------
2024-07-09 21:18:51,579 - INFO - Mean training loss: 0.015558952217300732
2024-07-09 21:18:57,239 - INFO - Mean validation loss: 0.01708489755789439
2024-07-09 21:18:57,240 - INFO - Epoch 117
-------------------------------
2024-07-09 21:19:10,151 - INFO - Mean training loss: 0.015332532674074173
2024-07-09 21:19:15,532 - INFO - Mean validation loss: 0.017122278610865276
2024-07-09 21:19:15,532 - INFO - Epoch 118
-------------------------------
2024-07-09 21:19:28,012 - INFO - Mean training loss: 0.01536074715356032
2024-07-09 21:19:33,058 - INFO - Mean validation loss: 0.017203535636266074
2024-07-09 21:19:33,059 - INFO - Epoch 119
-------------------------------
2024-07-09 21:19:45,966 - INFO - Mean training loss: 0.015379316732287407
2024-07-09 21:19:51,092 - INFO - Mean validation loss: 0.01713488499323527
2024-07-09 21:19:51,093 - INFO - Epoch 120
-------------------------------
2024-07-09 21:20:04,056 - INFO - Mean training loss: 0.015270727127790451
2024-07-09 21:20:09,956 - INFO - Mean validation loss: 0.017576314012209573
2024-07-09 21:20:09,957 - INFO - Epoch 121
-------------------------------
2024-07-09 21:20:23,017 - INFO - Mean training loss: 0.015400987615187963
2024-07-09 21:20:28,252 - INFO - Mean validation loss: 0.01741673449675242
2024-07-09 21:20:28,252 - INFO - Epoch 122
-------------------------------
2024-07-09 21:20:40,963 - INFO - Mean training loss: 0.015656299392382302
2024-07-09 21:20:46,222 - INFO - Mean validation loss: 0.017103649179140725
2024-07-09 21:20:46,222 - INFO - Epoch 123
-------------------------------
2024-07-09 21:20:58,859 - INFO - Mean training loss: 0.015696378548940022
2024-07-09 21:21:04,415 - INFO - Mean validation loss: 0.017587311069170632
2024-07-09 21:21:04,415 - INFO - Epoch 124
-------------------------------
2024-07-09 21:21:18,269 - INFO - Mean training loss: 0.015446336567401886
2024-07-09 21:21:23,710 - INFO - Mean validation loss: 0.01767639716466268
2024-07-09 21:21:23,710 - INFO - Epoch 125
-------------------------------
2024-07-09 21:21:36,124 - INFO - Mean training loss: 0.016346111396948495
2024-07-09 21:21:41,247 - INFO - Mean validation loss: 0.01919040083885193
2024-07-09 21:21:41,247 - INFO - Epoch 126
-------------------------------
2024-07-09 21:21:55,063 - INFO - Mean training loss: 0.01714268686870734
2024-07-09 21:22:00,325 - INFO - Mean validation loss: 0.01795437534650167
2024-07-09 21:22:00,326 - INFO - Epoch 127
-------------------------------
2024-07-09 21:22:14,116 - INFO - Mean training loss: 0.016623468448718388
2024-07-09 21:22:19,521 - INFO - Mean validation loss: 0.017358410358428954
2024-07-09 21:22:19,522 - INFO - Epoch 128
-------------------------------
2024-07-09 21:22:32,948 - INFO - Mean training loss: 0.016188952947656314
2024-07-09 21:22:38,929 - INFO - Mean validation loss: 0.01738144556681315
2024-07-09 21:22:38,929 - INFO - Epoch 129
-------------------------------
2024-07-09 21:22:51,845 - INFO - Mean training loss: 0.015603467325369517
2024-07-09 21:22:57,862 - INFO - Mean validation loss: 0.0173749511440595
2024-07-09 21:22:57,863 - INFO - Epoch 130
-------------------------------
2024-07-09 21:23:11,764 - INFO - Mean training loss: 0.015433863302071889
2024-07-09 21:23:17,703 - INFO - Mean validation loss: 0.017672964930534364
2024-07-09 21:23:17,703 - INFO - Epoch 131
-------------------------------
2024-07-09 21:23:30,968 - INFO - Mean training loss: 0.015102635820706685
2024-07-09 21:23:36,703 - INFO - Mean validation loss: 0.017615463336308798
2024-07-09 21:23:36,704 - INFO - Epoch 132
-------------------------------
2024-07-09 21:23:50,322 - INFO - Mean training loss: 0.015173876409729321
2024-07-09 21:23:55,688 - INFO - Mean validation loss: 0.0175736665725708
2024-07-09 21:23:55,689 - INFO - Epoch 133
-------------------------------
2024-07-09 21:24:08,377 - INFO - Mean training loss: 0.015078214059273402
2024-07-09 21:24:13,767 - INFO - Mean validation loss: 0.017313875754674277
2024-07-09 21:24:13,768 - INFO - Epoch 134
-------------------------------
2024-07-09 21:24:26,989 - INFO - Mean training loss: 0.01483499084909757
2024-07-09 21:24:32,483 - INFO - Mean validation loss: 0.017335437734921775
2024-07-09 21:24:32,484 - INFO - Epoch 135
-------------------------------
2024-07-09 21:24:45,364 - INFO - Mean training loss: 0.014617246265212694
2024-07-09 21:24:51,005 - INFO - Mean validation loss: 0.01712060918410619
2024-07-09 21:24:51,006 - INFO - Epoch 136
-------------------------------
2024-07-09 21:25:04,140 - INFO - Mean training loss: 0.01453124980131785
2024-07-09 21:25:09,497 - INFO - Mean validation loss: 0.017286722858746845
2024-07-09 21:25:09,497 - INFO - Epoch 137
-------------------------------
2024-07-09 21:25:22,604 - INFO - Mean training loss: 0.014601674551765123
2024-07-09 21:25:28,105 - INFO - Mean validation loss: 0.016927746931711833
2024-07-09 21:25:28,106 - INFO - Epoch 138
-------------------------------
2024-07-09 21:25:41,382 - INFO - Mean training loss: 0.01461279441912969
2024-07-09 21:25:46,896 - INFO - Mean validation loss: 0.017660385370254515
2024-07-09 21:25:46,897 - INFO - Epoch 139
-------------------------------
2024-07-09 21:26:00,726 - INFO - Mean training loss: 0.014575315763552983
2024-07-09 21:26:07,598 - INFO - Mean validation loss: 0.017232662439346312
2024-07-09 21:26:07,599 - INFO - Epoch 140
-------------------------------
2024-07-09 21:26:21,275 - INFO - Mean training loss: 0.014560557901859283
2024-07-09 21:26:26,541 - INFO - Mean validation loss: 0.017431129018465677
2024-07-09 21:26:26,542 - INFO - Epoch 141
-------------------------------
2024-07-09 21:26:39,825 - INFO - Mean training loss: 0.014529923101266225
2024-07-09 21:26:45,278 - INFO - Mean validation loss: 0.01746686001618703
2024-07-09 21:26:45,279 - INFO - Epoch 142
-------------------------------
2024-07-09 21:26:58,941 - INFO - Mean training loss: 0.014194097742438317
2024-07-09 21:27:04,247 - INFO - Mean validation loss: 0.017108860611915588
2024-07-09 21:27:04,247 - INFO - Epoch 143
-------------------------------
2024-07-09 21:27:16,821 - INFO - Mean training loss: 0.014111760755379994
2024-07-09 21:27:22,168 - INFO - Mean validation loss: 0.017347133656342825
2024-07-09 21:27:22,169 - INFO - Epoch 144
-------------------------------
2024-07-09 21:27:35,573 - INFO - Mean training loss: 0.014159734174609185
2024-07-09 21:27:41,203 - INFO - Mean validation loss: 0.017381387948989867
2024-07-09 21:27:41,204 - INFO - Epoch 145
-------------------------------
2024-07-09 21:27:54,065 - INFO - Mean training loss: 0.014120456327994664
2024-07-09 21:27:59,683 - INFO - Mean validation loss: 0.017630072434743245
2024-07-09 21:27:59,684 - INFO - Epoch 146
-------------------------------
2024-07-09 21:28:13,439 - INFO - Mean training loss: 0.014266095931331317
2024-07-09 21:28:18,795 - INFO - Mean validation loss: 0.017492327590783438
2024-07-09 21:28:18,796 - INFO - Epoch 147
-------------------------------
2024-07-09 21:28:32,225 - INFO - Mean training loss: 0.014336519315838814
2024-07-09 21:28:37,511 - INFO - Mean validation loss: 0.01745914618174235
2024-07-09 21:28:37,511 - INFO - Epoch 148
-------------------------------
2024-07-09 21:28:50,155 - INFO - Mean training loss: 0.014145076523224514
2024-07-09 21:28:56,059 - INFO - Mean validation loss: 0.01710470716158549
2024-07-09 21:28:56,059 - INFO - Epoch 149
-------------------------------
2024-07-09 21:29:08,793 - INFO - Mean training loss: 0.014230602855483691
2024-07-09 21:29:14,348 - INFO - Mean validation loss: 0.017052934567133585
2024-07-09 21:29:14,348 - INFO - Epoch 150
-------------------------------
2024-07-09 21:29:27,201 - INFO - Mean training loss: 0.01413514738281568
2024-07-09 21:29:32,535 - INFO - Mean validation loss: 0.017146710554758707
2024-07-09 21:29:32,536 - INFO - Epoch 151
-------------------------------
2024-07-09 21:29:45,032 - INFO - Mean training loss: 0.014085258295138677
2024-07-09 21:29:50,299 - INFO - Mean validation loss: 0.017084261775016783
2024-07-09 21:29:50,300 - INFO - Epoch 152
-------------------------------
2024-07-09 21:30:04,064 - INFO - Mean training loss: 0.013994765157500902
2024-07-09 21:30:09,483 - INFO - Mean validation loss: 0.017709114154179893
2024-07-09 21:30:09,484 - INFO - Epoch 153
-------------------------------
2024-07-09 21:30:22,587 - INFO - Mean training loss: 0.013862644135951997
2024-07-09 21:30:27,697 - INFO - Mean validation loss: 0.01735190600156784
2024-07-09 21:30:27,698 - INFO - Epoch 154
-------------------------------
2024-07-09 21:30:41,068 - INFO - Mean training loss: 0.015039287880063057
2024-07-09 21:30:46,433 - INFO - Mean validation loss: 0.018425953388214112
2024-07-09 21:30:46,433 - INFO - Epoch 155
-------------------------------
2024-07-09 21:30:59,290 - INFO - Mean training loss: 0.015817300230264664
2024-07-09 21:31:05,071 - INFO - Mean validation loss: 0.01758829007546107
2024-07-09 21:31:05,072 - INFO - Epoch 156
-------------------------------
2024-07-09 21:31:17,870 - INFO - Mean training loss: 0.015446869408090909
2024-07-09 21:31:23,314 - INFO - Mean validation loss: 0.017391508320967357
2024-07-09 21:31:23,315 - INFO - Epoch 157
-------------------------------
2024-07-09 21:31:37,193 - INFO - Mean training loss: 0.014836913843949636
2024-07-09 21:31:42,728 - INFO - Mean validation loss: 0.017192294696966808
2024-07-09 21:31:42,728 - INFO - Epoch 158
-------------------------------
2024-07-09 21:31:55,354 - INFO - Mean training loss: 0.014420827229817709
2024-07-09 21:32:00,762 - INFO - Mean validation loss: 0.017255285382270814
2024-07-09 21:32:00,763 - INFO - Epoch 159
-------------------------------
2024-07-09 21:32:14,007 - INFO - Mean training loss: 0.01420853150387605
2024-07-09 21:32:19,807 - INFO - Mean validation loss: 0.016914445161819457
2024-07-09 21:32:19,807 - INFO - Epoch 160
-------------------------------
2024-07-09 21:32:33,071 - INFO - Mean training loss: 0.014088393499453863
2024-07-09 21:32:40,970 - INFO - Mean validation loss: 0.01751139760017395
2024-07-09 21:32:40,970 - INFO - Epoch 161
-------------------------------
2024-07-09 21:32:54,062 - INFO - Mean training loss: 0.01449331765373548
2024-07-09 21:32:59,221 - INFO - Mean validation loss: 0.017845549682776133
2024-07-09 21:32:59,221 - INFO - Epoch 162
-------------------------------
2024-07-09 21:33:12,773 - INFO - Mean training loss: 0.014991546049714088
2024-07-09 21:33:18,210 - INFO - Mean validation loss: 0.017845154802004496
2024-07-09 21:33:18,211 - INFO - Epoch 163
-------------------------------
2024-07-09 21:33:31,442 - INFO - Mean training loss: 0.015477761998772622
2024-07-09 21:33:36,709 - INFO - Mean validation loss: 0.01716723988453547
2024-07-09 21:33:36,710 - INFO - Epoch 164
-------------------------------
2024-07-09 21:33:50,114 - INFO - Mean training loss: 0.015226640303929647
2024-07-09 21:33:55,592 - INFO - Mean validation loss: 0.017643585801124573
2024-07-09 21:33:55,593 - INFO - Epoch 165
-------------------------------
2024-07-09 21:34:08,781 - INFO - Mean training loss: 0.014704240237673123
2024-07-09 21:34:14,235 - INFO - Mean validation loss: 0.017638456324736276
2024-07-09 21:34:14,235 - INFO - Epoch 166
-------------------------------
2024-07-09 21:34:28,083 - INFO - Mean training loss: 0.014258239790797234
2024-07-09 21:34:33,558 - INFO - Mean validation loss: 0.017806336283683777
2024-07-09 21:34:33,559 - INFO - Epoch 167
-------------------------------
2024-07-09 21:34:47,209 - INFO - Mean training loss: 0.014271029829978943
2024-07-09 21:34:52,865 - INFO - Mean validation loss: 0.017593833804130554
2024-07-09 21:34:52,866 - INFO - Epoch 168
-------------------------------
2024-07-09 21:35:05,777 - INFO - Mean training loss: 0.014634690806269645
2024-07-09 21:35:11,123 - INFO - Mean validation loss: 0.017369680106639862
2024-07-09 21:35:11,124 - INFO - Epoch 169
-------------------------------
2024-07-09 21:35:23,982 - INFO - Mean training loss: 0.014615158488353094
2024-07-09 21:35:29,534 - INFO - Mean validation loss: 0.017953370014826456
2024-07-09 21:35:29,535 - INFO - Epoch 170
-------------------------------
2024-07-09 21:35:42,182 - INFO - Mean training loss: 0.014616430302460988
2024-07-09 21:35:47,274 - INFO - Mean validation loss: 0.017764511207739513
2024-07-09 21:35:47,275 - INFO - Epoch 171
-------------------------------
2024-07-09 21:36:00,949 - INFO - Mean training loss: 0.014100145176053047
2024-07-09 21:36:06,393 - INFO - Mean validation loss: 0.017331582307815552
2024-07-09 21:36:06,394 - INFO - Epoch 172
-------------------------------
2024-07-09 21:36:20,051 - INFO - Mean training loss: 0.01382691115140915
2024-07-09 21:36:25,636 - INFO - Mean validation loss: 0.01780161162217458
2024-07-09 21:36:25,636 - INFO - Epoch 173
-------------------------------
2024-07-09 21:36:39,300 - INFO - Mean training loss: 0.0137146707624197
2024-07-09 21:36:44,598 - INFO - Mean validation loss: 0.017182769378026326
2024-07-09 21:36:44,599 - INFO - Epoch 174
-------------------------------
2024-07-09 21:36:58,520 - INFO - Mean training loss: 0.013631714632113774
2024-07-09 21:37:04,497 - INFO - Mean validation loss: 0.017413559556007385
2024-07-09 21:37:04,498 - INFO - Epoch 175
-------------------------------
2024-07-09 21:37:17,225 - INFO - Mean training loss: 0.013451216990749042
2024-07-09 21:37:22,899 - INFO - Mean validation loss: 0.017608413100242616
2024-07-09 21:37:22,899 - INFO - Epoch 176
-------------------------------
2024-07-09 21:37:35,751 - INFO - Mean training loss: 0.013332856073975562
2024-07-09 21:37:41,576 - INFO - Mean validation loss: 0.017318861683209737
2024-07-09 21:37:41,576 - INFO - Epoch 177
-------------------------------
2024-07-09 21:37:54,637 - INFO - Mean training loss: 0.013143933564424514
2024-07-09 21:38:00,141 - INFO - Mean validation loss: 0.017801776031653085
2024-07-09 21:38:00,142 - INFO - Epoch 178
-------------------------------
2024-07-09 21:38:12,518 - INFO - Mean training loss: 0.014079271256923676
2024-07-09 21:38:18,301 - INFO - Mean validation loss: 0.01747431755065918
2024-07-09 21:38:18,302 - INFO - Epoch 179
-------------------------------
2024-07-09 21:38:31,304 - INFO - Mean training loss: 0.014011441295345624
2024-07-09 21:38:37,174 - INFO - Mean validation loss: 0.01829000413417816
2024-07-09 21:38:37,174 - INFO - Epoch 180
-------------------------------
2024-07-09 21:38:50,005 - INFO - Mean training loss: 0.013925480345884958
2024-07-09 21:38:55,295 - INFO - Mean validation loss: 0.017571416000525156
2024-07-09 21:38:55,296 - INFO - Epoch 181
-------------------------------
2024-07-09 21:39:07,915 - INFO - Mean training loss: 0.013671080271402994
2024-07-09 21:39:13,519 - INFO - Mean validation loss: 0.01727045178413391
2024-07-09 21:39:13,520 - INFO - Epoch 182
-------------------------------
2024-07-09 21:39:26,185 - INFO - Mean training loss: 0.013382033507029215
2024-07-09 21:39:31,683 - INFO - Mean validation loss: 0.017500191926956177
2024-07-09 21:39:31,684 - INFO - Epoch 183
-------------------------------
2024-07-09 21:39:45,580 - INFO - Mean training loss: 0.013190249477823575
2024-07-09 21:39:50,869 - INFO - Mean validation loss: 0.017405767242113748
2024-07-09 21:39:50,870 - INFO - Epoch 184
-------------------------------
2024-07-09 21:40:04,566 - INFO - Mean training loss: 0.013074819495280584
2024-07-09 21:40:10,435 - INFO - Mean validation loss: 0.01765242318312327
2024-07-09 21:40:10,436 - INFO - Epoch 185
-------------------------------
2024-07-09 21:40:23,528 - INFO - Mean training loss: 0.012985768169164658
2024-07-09 21:40:29,164 - INFO - Mean validation loss: 0.01760959525903066
2024-07-09 21:40:29,165 - INFO - Epoch 186
-------------------------------
2024-07-09 21:40:42,355 - INFO - Mean training loss: 0.012864840403199195
2024-07-09 21:40:48,138 - INFO - Mean validation loss: 0.017918909589449566
2024-07-09 21:40:48,139 - INFO - Epoch 187
-------------------------------
2024-07-09 21:41:01,351 - INFO - Mean training loss: 0.01276712603867054
2024-07-09 21:41:06,578 - INFO - Mean validation loss: 0.017739354570706686
2024-07-09 21:41:06,579 - INFO - Epoch 188
-------------------------------
2024-07-09 21:41:19,600 - INFO - Mean training loss: 0.012859695528944334
2024-07-09 21:41:24,936 - INFO - Mean validation loss: 0.018188783526420595
2024-07-09 21:41:24,937 - INFO - Epoch 189
-------------------------------
2024-07-09 21:41:37,819 - INFO - Mean training loss: 0.013230714326103529
2024-07-09 21:41:42,897 - INFO - Mean validation loss: 0.018076201279958088
2024-07-09 21:41:42,897 - INFO - Epoch 190
-------------------------------
2024-07-09 21:41:56,004 - INFO - Mean training loss: 0.013669206698735555
2024-07-09 21:42:01,370 - INFO - Mean validation loss: 0.018156273663043974
2024-07-09 21:42:01,370 - INFO - Epoch 191
-------------------------------
2024-07-09 21:42:14,596 - INFO - Mean training loss: 0.013879772648215294
2024-07-09 21:42:20,335 - INFO - Mean validation loss: 0.017348354558149974
2024-07-09 21:42:20,335 - INFO - Epoch 192
-------------------------------
2024-07-09 21:42:33,247 - INFO - Mean training loss: 0.013620921596884727
2024-07-09 21:42:38,649 - INFO - Mean validation loss: 0.017836927374204
2024-07-09 21:42:38,650 - INFO - Epoch 193
-------------------------------
2024-07-09 21:42:51,585 - INFO - Mean training loss: 0.01335684855779012
2024-07-09 21:42:57,276 - INFO - Mean validation loss: 0.017714778582255047
2024-07-09 21:42:57,276 - INFO - Epoch 194
-------------------------------
2024-07-09 21:43:10,289 - INFO - Mean training loss: 0.013138080264131229
2024-07-09 21:43:15,628 - INFO - Mean validation loss: 0.017748788495858512
2024-07-09 21:43:15,628 - INFO - Epoch 195
-------------------------------
2024-07-09 21:43:29,237 - INFO - Mean training loss: 0.012687978645165762
2024-07-09 21:43:34,332 - INFO - Mean validation loss: 0.017558181285858156
2024-07-09 21:43:34,333 - INFO - Epoch 196
-------------------------------
2024-07-09 21:43:47,231 - INFO - Mean training loss: 0.012582419191797574
2024-07-09 21:43:52,634 - INFO - Mean validation loss: 0.01788674791653951
2024-07-09 21:43:52,634 - INFO - Epoch 197
-------------------------------
2024-07-09 21:44:05,427 - INFO - Mean training loss: 0.01300196535885334
2024-07-09 21:44:10,771 - INFO - Mean validation loss: 0.016899907092253367
2024-07-09 21:44:10,772 - INFO - Epoch 198
-------------------------------
2024-07-09 21:44:23,653 - INFO - Mean training loss: 0.01329734611014525
2024-07-09 21:44:28,755 - INFO - Mean validation loss: 0.017300336559613546
2024-07-09 21:44:28,756 - INFO - Epoch 199
-------------------------------
2024-07-09 21:44:41,243 - INFO - Mean training loss: 0.013137601564327877
2024-07-09 21:44:46,771 - INFO - Mean validation loss: 0.017650489509105683
2024-07-09 21:44:46,771 - INFO - Epoch 200
-------------------------------
2024-07-09 21:45:00,613 - INFO - Mean training loss: 0.012802310908834139
2024-07-09 21:45:05,838 - INFO - Mean validation loss: 0.017678059140841165
2024-07-09 21:45:05,839 - INFO - Epoch 201
-------------------------------
2024-07-09 21:45:18,189 - INFO - Mean training loss: 0.012608338395754497
2024-07-09 21:45:23,395 - INFO - Mean validation loss: 0.01761010984579722
2024-07-09 21:45:23,396 - INFO - Epoch 202
-------------------------------
2024-07-09 21:45:37,208 - INFO - Mean training loss: 0.012321872512499492
2024-07-09 21:45:42,478 - INFO - Mean validation loss: 0.016977678736050925
2024-07-09 21:45:42,478 - INFO - Epoch 203
-------------------------------
2024-07-09 21:45:56,371 - INFO - Mean training loss: 0.01220776637395223
2024-07-09 21:46:01,934 - INFO - Mean validation loss: 0.01736921618382136
2024-07-09 21:46:01,935 - INFO - Epoch 204
-------------------------------
2024-07-09 21:46:15,175 - INFO - Mean training loss: 0.012204700460036596
2024-07-09 21:46:20,650 - INFO - Mean validation loss: 0.017688646912574768
2024-07-09 21:46:20,651 - INFO - Epoch 205
-------------------------------
2024-07-09 21:46:34,296 - INFO - Mean training loss: 0.012158616135517756
2024-07-09 21:46:39,436 - INFO - Mean validation loss: 0.017758778234322866
2024-07-09 21:46:39,437 - INFO - Epoch 206
-------------------------------
2024-07-09 21:46:53,330 - INFO - Mean training loss: 0.012246363858381907
2024-07-09 21:46:58,948 - INFO - Mean validation loss: 0.01745290110508601
2024-07-09 21:46:58,948 - INFO - Epoch 207
-------------------------------
2024-07-09 21:47:12,850 - INFO - Mean training loss: 0.012431634465853374
2024-07-09 21:47:18,213 - INFO - Mean validation loss: 0.017979755997657776
2024-07-09 21:47:18,213 - INFO - Epoch 208
-------------------------------
2024-07-09 21:47:32,089 - INFO - Mean training loss: 0.012307823573549589
2024-07-09 21:47:37,864 - INFO - Mean validation loss: 0.017582225799560546
2024-07-09 21:47:37,865 - INFO - Epoch 209
-------------------------------
2024-07-09 21:47:50,789 - INFO - Mean training loss: 0.012407169118523598
2024-07-09 21:47:56,554 - INFO - Mean validation loss: 0.018093558649222057
2024-07-09 21:47:56,554 - INFO - Epoch 210
-------------------------------
2024-07-09 21:48:09,307 - INFO - Mean training loss: 0.012283759067455928
2024-07-09 21:48:15,312 - INFO - Mean validation loss: 0.017711202303568523
2024-07-09 21:48:15,313 - INFO - Epoch 211
-------------------------------
2024-07-09 21:48:28,716 - INFO - Mean training loss: 0.011961116765936216
2024-07-09 21:48:34,403 - INFO - Mean validation loss: 0.017326485613981882
2024-07-09 21:48:34,404 - INFO - Epoch 212
-------------------------------
2024-07-09 21:48:48,151 - INFO - Mean training loss: 0.011775585388143857
2024-07-09 21:48:54,191 - INFO - Mean validation loss: 0.01793955365816752
2024-07-09 21:48:54,192 - INFO - Epoch 213
-------------------------------
2024-07-09 21:49:07,125 - INFO - Mean training loss: 0.012059339508414268
2024-07-09 21:49:12,643 - INFO - Mean validation loss: 0.017691202958424888
2024-07-09 21:49:12,643 - INFO - Epoch 214
-------------------------------
2024-07-09 21:49:25,448 - INFO - Mean training loss: 0.013150261342525482
2024-07-09 21:49:30,783 - INFO - Mean validation loss: 0.017587532599767048
2024-07-09 21:49:30,784 - INFO - Epoch 215
-------------------------------
2024-07-09 21:49:43,255 - INFO - Mean training loss: 0.013594866419831911
2024-07-09 21:49:48,897 - INFO - Mean validation loss: 0.01782628397146861
2024-07-09 21:49:48,898 - INFO - Epoch 216
-------------------------------
2024-07-09 21:50:02,285 - INFO - Mean training loss: 0.01370566114783287
2024-07-09 21:50:08,112 - INFO - Mean validation loss: 0.017784414688746135
2024-07-09 21:50:08,113 - INFO - Epoch 217
-------------------------------
2024-07-09 21:50:22,013 - INFO - Mean training loss: 0.013600623110930125
2024-07-09 21:50:27,412 - INFO - Mean validation loss: 0.01752121349175771
2024-07-09 21:50:27,412 - INFO - Epoch 218
-------------------------------
2024-07-09 21:50:39,863 - INFO - Mean training loss: 0.013227550561229389
2024-07-09 21:50:45,383 - INFO - Mean validation loss: 0.017245209713776907
2024-07-09 21:50:45,384 - INFO - Epoch 219
-------------------------------
2024-07-09 21:50:58,331 - INFO - Mean training loss: 0.012622641275326411
2024-07-09 21:51:03,752 - INFO - Mean validation loss: 0.017624000708262127
2024-07-09 21:51:03,752 - INFO - Epoch 220
-------------------------------
2024-07-09 21:51:16,643 - INFO - Mean training loss: 0.012131564567486446
2024-07-09 21:51:22,563 - INFO - Mean validation loss: 0.017451850573221843
2024-07-09 21:51:22,564 - INFO - Epoch 221
-------------------------------
2024-07-09 21:51:35,214 - INFO - Mean training loss: 0.011786117404699325
2024-07-09 21:51:40,919 - INFO - Mean validation loss: 0.017773892482121786
2024-07-09 21:51:40,919 - INFO - Epoch 222
-------------------------------
2024-07-09 21:51:54,321 - INFO - Mean training loss: 0.011662282049655914
2024-07-09 21:51:59,678 - INFO - Mean validation loss: 0.0175740251938502
2024-07-09 21:51:59,679 - INFO - Epoch 223
-------------------------------
2024-07-09 21:52:13,141 - INFO - Mean training loss: 0.011659656216700872
2024-07-09 21:52:19,065 - INFO - Mean validation loss: 0.017272160450617472
2024-07-09 21:52:19,066 - INFO - Epoch 224
-------------------------------
2024-07-09 21:52:33,128 - INFO - Mean training loss: 0.011672770231962204
2024-07-09 21:52:38,573 - INFO - Mean validation loss: 0.01845998764038086
2024-07-09 21:52:38,573 - INFO - Epoch 225
-------------------------------
2024-07-09 21:52:51,655 - INFO - Mean training loss: 0.011998722205559413
2024-07-09 21:52:57,467 - INFO - Mean validation loss: 0.01796998381614685
2024-07-09 21:52:57,468 - INFO - Epoch 226
-------------------------------
2024-07-09 21:53:10,703 - INFO - Mean training loss: 0.012519713367025058
2024-07-09 21:53:15,815 - INFO - Mean validation loss: 0.017292486131191255
2024-07-09 21:53:15,816 - INFO - Epoch 227
-------------------------------
2024-07-09 21:53:29,654 - INFO - Mean training loss: 0.013214725628495216
2024-07-09 21:53:35,519 - INFO - Mean validation loss: 0.017820143699645997
2024-07-09 21:53:35,520 - INFO - Epoch 228
-------------------------------
2024-07-09 21:53:49,133 - INFO - Mean training loss: 0.014076054468750954
2024-07-09 21:53:54,732 - INFO - Mean validation loss: 0.018138647079467773
2024-07-09 21:53:54,733 - INFO - Epoch 229
-------------------------------
2024-07-09 21:54:08,148 - INFO - Mean training loss: 0.013956769679983458
2024-07-09 21:54:13,714 - INFO - Mean validation loss: 0.017433532079060874
2024-07-09 21:54:13,715 - INFO - Epoch 230
-------------------------------
2024-07-09 21:54:26,193 - INFO - Mean training loss: 0.01317183958987395
2024-07-09 21:54:31,304 - INFO - Mean validation loss: 0.017647432287534077
2024-07-09 21:54:31,305 - INFO - Epoch 231
-------------------------------
2024-07-09 21:54:44,397 - INFO - Mean training loss: 0.012494503706693649
2024-07-09 21:54:49,770 - INFO - Mean validation loss: 0.01745632986227671
2024-07-09 21:54:49,771 - INFO - Epoch 232
-------------------------------
2024-07-09 21:55:03,230 - INFO - Mean training loss: 0.011885365595420201
2024-07-09 21:55:08,346 - INFO - Mean validation loss: 0.017568820714950563
2024-07-09 21:55:08,347 - INFO - Epoch 233
-------------------------------
2024-07-09 21:55:21,444 - INFO - Mean training loss: 0.011672967796524365
2024-07-09 21:55:26,843 - INFO - Mean validation loss: 0.017418026427427926
2024-07-09 21:55:26,844 - INFO - Epoch 234
-------------------------------
2024-07-09 21:55:39,501 - INFO - Mean training loss: 0.01160624089340369
2024-07-09 21:55:44,846 - INFO - Mean validation loss: 0.01769968718290329
2024-07-09 21:55:44,846 - INFO - Epoch 235
-------------------------------
2024-07-09 21:55:57,746 - INFO - Mean training loss: 0.011418693512678147
2024-07-09 21:56:02,877 - INFO - Mean validation loss: 0.017415602008501688
2024-07-09 21:56:02,878 - INFO - Epoch 236
-------------------------------
2024-07-09 21:56:15,907 - INFO - Mean training loss: 0.011147520815332731
2024-07-09 21:56:21,421 - INFO - Mean validation loss: 0.017406541109085082
2024-07-09 21:56:21,422 - INFO - Epoch 237
-------------------------------
2024-07-09 21:56:34,574 - INFO - Mean training loss: 0.011069671561320623
2024-07-09 21:56:39,646 - INFO - Mean validation loss: 0.017941210667292276
2024-07-09 21:56:39,647 - INFO - Epoch 238
-------------------------------
2024-07-09 21:56:53,056 - INFO - Mean training loss: 0.011138571053743362
2024-07-09 21:56:58,502 - INFO - Mean validation loss: 0.018264892200628918
2024-07-09 21:56:58,502 - INFO - Epoch 239
-------------------------------
2024-07-09 21:57:11,237 - INFO - Mean training loss: 0.010944079731901486
2024-07-09 21:57:16,794 - INFO - Mean validation loss: 0.017692039410273235
2024-07-09 21:57:16,795 - INFO - Epoch 240
-------------------------------
2024-07-09 21:57:30,071 - INFO - Mean training loss: 0.010837739581863086
2024-07-09 21:57:35,443 - INFO - Mean validation loss: 0.01755798707405726
2024-07-09 21:57:35,444 - INFO - Epoch 241
-------------------------------
2024-07-09 21:57:49,397 - INFO - Mean training loss: 0.011017860968907674
2024-07-09 21:57:55,174 - INFO - Mean validation loss: 0.017881977558135986
2024-07-09 21:57:55,175 - INFO - Epoch 242
-------------------------------
2024-07-09 21:58:08,794 - INFO - Mean training loss: 0.011171254267295202
2024-07-09 21:58:14,702 - INFO - Mean validation loss: 0.01722744305928548
2024-07-09 21:58:14,703 - INFO - Epoch 243
-------------------------------
2024-07-09 21:58:28,591 - INFO - Mean training loss: 0.012775256236394247
2024-07-09 21:58:34,295 - INFO - Mean validation loss: 0.018915743629137675
2024-07-09 21:58:34,295 - INFO - Epoch 244
-------------------------------
2024-07-09 21:58:47,063 - INFO - Mean training loss: 0.014253557349244753
2024-07-09 21:58:52,228 - INFO - Mean validation loss: 0.01770545889933904
2024-07-09 21:58:52,229 - INFO - Epoch 245
-------------------------------
2024-07-09 21:59:05,962 - INFO - Mean training loss: 0.014141611009836196
2024-07-09 21:59:12,145 - INFO - Mean validation loss: 0.01791644444068273
2024-07-09 21:59:12,146 - INFO - Epoch 246
-------------------------------
2024-07-09 21:59:25,223 - INFO - Mean training loss: 0.014455655092994372
2024-07-09 21:59:30,854 - INFO - Mean validation loss: 0.018074025710423786
2024-07-09 21:59:30,855 - INFO - Epoch 247
-------------------------------
2024-07-09 21:59:43,251 - INFO - Mean training loss: 0.014269843449195225
2024-07-09 21:59:48,917 - INFO - Mean validation loss: 0.01742605765660604
2024-07-09 21:59:48,918 - INFO - Epoch 248
-------------------------------
2024-07-09 22:00:01,781 - INFO - Mean training loss: 0.01357767718533675
2024-07-09 22:00:07,150 - INFO - Mean validation loss: 0.017478490869204204
2024-07-09 22:00:07,151 - INFO - Epoch 249
-------------------------------
2024-07-09 22:00:20,792 - INFO - Mean training loss: 0.012711385016640027
2024-07-09 22:00:26,136 - INFO - Mean validation loss: 0.01735107700030009
2024-07-09 22:00:26,137 - INFO - Epoch 250
-------------------------------
2024-07-09 22:00:39,186 - INFO - Mean training loss: 0.012374814972281456
2024-07-09 22:00:44,875 - INFO - Mean validation loss: 0.0175804540514946
2024-07-09 22:00:44,875 - INFO - Epoch 251
-------------------------------
2024-07-09 22:00:58,182 - INFO - Mean training loss: 0.012175708264112472
2024-07-09 22:01:03,603 - INFO - Mean validation loss: 0.017387451728185017
2024-07-09 22:01:03,603 - INFO - Epoch 252
-------------------------------
2024-07-09 22:01:17,069 - INFO - Mean training loss: 0.011753273382782935
2024-07-09 22:01:22,191 - INFO - Mean validation loss: 0.01770552396774292
2024-07-09 22:01:22,192 - INFO - Epoch 253
-------------------------------
2024-07-09 22:01:35,836 - INFO - Mean training loss: 0.011552611862619718
2024-07-09 22:01:41,243 - INFO - Mean validation loss: 0.017727273205916088
2024-07-09 22:01:41,244 - INFO - Epoch 254
-------------------------------
2024-07-09 22:01:54,485 - INFO - Mean training loss: 0.011625906825065613
2024-07-09 22:01:59,713 - INFO - Mean validation loss: 0.017413475612799326
2024-07-09 22:01:59,714 - INFO - Epoch 255
-------------------------------
2024-07-09 22:02:12,583 - INFO - Mean training loss: 0.011653167630235354
2024-07-09 22:02:17,951 - INFO - Mean validation loss: 0.017643133799235027
2024-07-09 22:02:17,951 - INFO - Epoch 256
-------------------------------
2024-07-09 22:02:31,453 - INFO - Mean training loss: 0.01219461274643739
2024-07-09 22:02:36,729 - INFO - Mean validation loss: 0.01790260672569275
2024-07-09 22:02:36,730 - INFO - Epoch 257
-------------------------------
2024-07-09 22:02:50,069 - INFO - Mean training loss: 0.012155738969643911
2024-07-09 22:02:55,999 - INFO - Mean validation loss: 0.017514160275459288
2024-07-09 22:02:56,000 - INFO - Epoch 258
-------------------------------
2024-07-09 22:03:09,880 - INFO - Mean training loss: 0.012007761746644974
2024-07-09 22:03:15,218 - INFO - Mean validation loss: 0.01720898101727168
2024-07-09 22:03:15,218 - INFO - Epoch 259
-------------------------------
2024-07-09 22:03:27,680 - INFO - Mean training loss: 0.011682299276192984
2024-07-09 22:03:32,766 - INFO - Mean validation loss: 0.01772703727086385
2024-07-09 22:03:32,766 - INFO - Epoch 260
-------------------------------
2024-07-09 22:03:45,279 - INFO - Mean training loss: 0.011366211622953416
2024-07-09 22:03:50,389 - INFO - Mean validation loss: 0.017046821614106495
2024-07-09 22:03:50,389 - INFO - Epoch 261
-------------------------------
2024-07-09 22:04:03,522 - INFO - Mean training loss: 0.011091194798549016
2024-07-09 22:04:08,625 - INFO - Mean validation loss: 0.01703528016805649
2024-07-09 22:04:08,626 - INFO - Epoch 262
-------------------------------
2024-07-09 22:04:21,691 - INFO - Mean training loss: 0.010765877986947696
2024-07-09 22:04:26,809 - INFO - Mean validation loss: 0.017371074358622233
2024-07-09 22:04:26,809 - INFO - Epoch 263
-------------------------------
2024-07-09 22:04:40,214 - INFO - Mean training loss: 0.010535382479429246
2024-07-09 22:04:45,689 - INFO - Mean validation loss: 0.017754510045051575
2024-07-09 22:04:45,689 - INFO - Epoch 264
-------------------------------
2024-07-09 22:04:58,751 - INFO - Mean training loss: 0.010364555443326632
2024-07-09 22:05:04,626 - INFO - Mean validation loss: 0.017857185502847036
2024-07-09 22:05:04,627 - INFO - Epoch 265
-------------------------------
2024-07-09 22:05:17,536 - INFO - Mean training loss: 0.010705558583140373
2024-07-09 22:05:22,683 - INFO - Mean validation loss: 0.017653038104375202
2024-07-09 22:05:22,684 - INFO - Epoch 266
-------------------------------
2024-07-09 22:05:35,579 - INFO - Mean training loss: 0.01136362465719382
2024-07-09 22:05:40,822 - INFO - Mean validation loss: 0.01791414072116216
2024-07-09 22:05:40,822 - INFO - Epoch 267
-------------------------------
2024-07-09 22:05:54,736 - INFO - Mean training loss: 0.011367045715451241
2024-07-09 22:06:00,451 - INFO - Mean validation loss: 0.01743888755639394
2024-07-09 22:06:00,452 - INFO - Epoch 268
-------------------------------
2024-07-09 22:06:13,632 - INFO - Mean training loss: 0.011597057928641637
2024-07-09 22:06:18,731 - INFO - Mean validation loss: 0.017693465948104857
2024-07-09 22:06:18,732 - INFO - Epoch 269
-------------------------------
2024-07-09 22:06:31,877 - INFO - Mean training loss: 0.011981243391831715
2024-07-09 22:06:37,577 - INFO - Mean validation loss: 0.01794424404700597
2024-07-09 22:06:37,577 - INFO - Epoch 270
-------------------------------
2024-07-09 22:06:50,465 - INFO - Mean training loss: 0.011923312147458395
2024-07-09 22:06:55,938 - INFO - Mean validation loss: 0.01796419620513916
2024-07-09 22:06:55,939 - INFO - Epoch 271
-------------------------------
2024-07-09 22:07:09,010 - INFO - Mean training loss: 0.011760176966587703
2024-07-09 22:07:14,613 - INFO - Mean validation loss: 0.017667623857657116
2024-07-09 22:07:14,614 - INFO - Epoch 272
-------------------------------
2024-07-09 22:07:28,423 - INFO - Mean training loss: 0.01158419909576575
2024-07-09 22:07:33,520 - INFO - Mean validation loss: 0.018031733731428783
2024-07-09 22:07:33,521 - INFO - Epoch 273
-------------------------------
2024-07-09 22:07:46,179 - INFO - Mean training loss: 0.010976957281430562
2024-07-09 22:07:51,635 - INFO - Mean validation loss: 0.017328036328156788
2024-07-09 22:07:51,635 - INFO - Epoch 274
-------------------------------
2024-07-09 22:08:04,519 - INFO - Mean training loss: 0.010601232573390008
2024-07-09 22:08:09,966 - INFO - Mean validation loss: 0.017555065949757895
2024-07-09 22:08:09,967 - INFO - Epoch 275
-------------------------------
2024-07-09 22:08:23,605 - INFO - Mean training loss: 0.010341632117827734
2024-07-09 22:08:29,083 - INFO - Mean validation loss: 0.01759200394153595
2024-07-09 22:08:29,084 - INFO - Epoch 276
-------------------------------
2024-07-09 22:08:42,749 - INFO - Mean training loss: 0.010581062858303387
2024-07-09 22:08:47,836 - INFO - Mean validation loss: 0.018261696894963583
2024-07-09 22:08:47,837 - INFO - Epoch 277
-------------------------------
2024-07-09 22:09:00,749 - INFO - Mean training loss: 0.010732589786251386
2024-07-09 22:09:06,111 - INFO - Mean validation loss: 0.017956478397051494
2024-07-09 22:09:06,111 - INFO - Epoch 278
-------------------------------
2024-07-09 22:09:19,934 - INFO - Mean training loss: 0.010824336856603622
2024-07-09 22:09:25,670 - INFO - Mean validation loss: 0.017856064438819885
2024-07-09 22:09:25,671 - INFO - Epoch 279
-------------------------------
2024-07-09 22:09:39,120 - INFO - Mean training loss: 0.010994074741999309
2024-07-09 22:09:44,721 - INFO - Mean validation loss: 0.01802026480436325
2024-07-09 22:09:44,722 - INFO - Epoch 280
-------------------------------
2024-07-09 22:09:57,987 - INFO - Mean training loss: 0.011130573973059655
2024-07-09 22:10:03,895 - INFO - Mean validation loss: 0.01730517645676931
2024-07-09 22:10:03,895 - INFO - Epoch 281
-------------------------------
2024-07-09 22:10:17,389 - INFO - Mean training loss: 0.010765757660071056
2024-07-09 22:10:22,743 - INFO - Mean validation loss: 0.017506747444470724
2024-07-09 22:10:22,744 - INFO - Epoch 282
-------------------------------
2024-07-09 22:10:35,303 - INFO - Mean training loss: 0.010725758969783783
2024-07-09 22:10:41,217 - INFO - Mean validation loss: 0.01765493949254354
2024-07-09 22:10:41,217 - INFO - Epoch 283
-------------------------------
2024-07-09 22:10:53,683 - INFO - Mean training loss: 0.012137564395864804
2024-07-09 22:10:59,164 - INFO - Mean validation loss: 0.017008448640505474
2024-07-09 22:10:59,165 - INFO - Epoch 284
-------------------------------
2024-07-09 22:11:12,057 - INFO - Mean training loss: 0.012774297470847766
2024-07-09 22:11:17,667 - INFO - Mean validation loss: 0.017352119088172913
2024-07-09 22:11:17,668 - INFO - Epoch 285
-------------------------------
2024-07-09 22:11:30,786 - INFO - Mean training loss: 0.012352297703425089
2024-07-09 22:11:35,916 - INFO - Mean validation loss: 0.01803745925426483
2024-07-09 22:11:35,917 - INFO - Epoch 286
-------------------------------
2024-07-09 22:11:48,496 - INFO - Mean training loss: 0.012107220167915026
2024-07-09 22:11:54,331 - INFO - Mean validation loss: 0.01768892308076223
2024-07-09 22:11:54,332 - INFO - Epoch 287
-------------------------------
2024-07-09 22:12:07,938 - INFO - Mean training loss: 0.011424444243311882
2024-07-09 22:12:13,919 - INFO - Mean validation loss: 0.017695156733194987
2024-07-09 22:12:13,920 - INFO - Epoch 288
-------------------------------
2024-07-09 22:12:27,372 - INFO - Mean training loss: 0.011016000931461652
2024-07-09 22:12:32,947 - INFO - Mean validation loss: 0.01713041663169861
2024-07-09 22:12:32,948 - INFO - Epoch 289
-------------------------------
2024-07-09 22:12:46,966 - INFO - Mean training loss: 0.010473863780498504
2024-07-09 22:12:52,046 - INFO - Mean validation loss: 0.017353937029838562
2024-07-09 22:12:52,047 - INFO - Epoch 290
-------------------------------
2024-07-09 22:13:04,931 - INFO - Mean training loss: 0.010620669523874918
2024-07-09 22:13:10,772 - INFO - Mean validation loss: 0.01747936805089315
2024-07-09 22:13:10,773 - INFO - Epoch 291
-------------------------------
2024-07-09 22:13:23,781 - INFO - Mean training loss: 0.010155167430639267
2024-07-09 22:13:29,166 - INFO - Mean validation loss: 0.017294662694136303
2024-07-09 22:13:29,167 - INFO - Epoch 292
-------------------------------
2024-07-09 22:13:42,840 - INFO - Mean training loss: 0.010120709364612897
2024-07-09 22:13:48,155 - INFO - Mean validation loss: 0.01743859052658081
2024-07-09 22:13:48,156 - INFO - Epoch 293
-------------------------------
2024-07-09 22:14:01,407 - INFO - Mean training loss: 0.009774852357804776
2024-07-09 22:14:07,090 - INFO - Mean validation loss: 0.017822921772797904
2024-07-09 22:14:07,090 - INFO - Epoch 294
-------------------------------
2024-07-09 22:14:20,300 - INFO - Mean training loss: 0.01008115087946256
2024-07-09 22:14:26,136 - INFO - Mean validation loss: 0.017871968944867454
2024-07-09 22:14:26,136 - INFO - Epoch 295
-------------------------------
2024-07-09 22:14:39,750 - INFO - Mean training loss: 0.009976247325539589
2024-07-09 22:14:45,456 - INFO - Mean validation loss: 0.017502312362194062
2024-07-09 22:14:45,457 - INFO - Epoch 296
-------------------------------
2024-07-09 22:14:58,340 - INFO - Mean training loss: 0.01034709078570207
2024-07-09 22:15:04,189 - INFO - Mean validation loss: 0.017689154048760734
2024-07-09 22:15:04,189 - INFO - Epoch 297
-------------------------------
2024-07-09 22:15:17,243 - INFO - Mean training loss: 0.011259205266833305
2024-07-09 22:15:22,585 - INFO - Mean validation loss: 0.01802464226881663
2024-07-09 22:15:22,585 - INFO - Epoch 298
-------------------------------
2024-07-09 22:15:35,379 - INFO - Mean training loss: 0.011493079488476117
2024-07-09 22:15:40,832 - INFO - Mean validation loss: 0.017783054212729136
2024-07-09 22:15:40,832 - INFO - Epoch 299
-------------------------------
2024-07-09 22:15:53,500 - INFO - Mean training loss: 0.011908282339572907
2024-07-09 22:15:58,613 - INFO - Mean validation loss: 0.017551683882872263
2024-07-09 22:15:58,613 - INFO - Training Finished
