2024-08-21 01:47:25,805 - INFO - NOTE: None
2024-08-21 01:47:25,807 - INFO - Torch, random, numpy seed: 88
2024-08-21 01:47:26,568 - INFO - Starting training from from epoch 0
2024-08-21 01:47:35,118 - INFO - Epoch 1
-------------------------------
2024-08-21 01:47:35,119 - INFO - Learning Rate of group 0: 0.0
2024-08-21 01:49:13,256 - INFO - Maximum gradient before clipping: 2.166942596435547
2024-08-21 01:49:13,257 - INFO - Minimum gradient before clipping: -1.7345657348632812
2024-08-21 01:49:13,257 - INFO - Mean training L1 loss: 0.14778179228305816
2024-08-21 01:49:13,257 - INFO - Mean training SSIM loss: 0.0017373434534238186
2024-08-21 01:49:13,257 - INFO - Mean training MSE loss: 0.0295538947917521
2024-08-21 01:49:23,582 - INFO - Mean validation L1 loss: 0.1475365501642227
2024-08-21 01:49:23,582 - INFO - Mean validation SSIM loss: 0.001505695948144421
2024-08-21 01:49:23,582 - INFO - Mean validation MSE loss: 0.029639330878853797
2024-08-21 01:49:25,414 - INFO - New best validation Loss 0.1475365501642227, at epoch 1
2024-08-21 01:49:25,421 - INFO - Epoch 2
-------------------------------
2024-08-21 01:49:25,422 - INFO - Learning Rate of group 0: 1.3429679948528525e-05
2024-08-21 01:51:02,206 - INFO - Maximum gradient before clipping: 1.5277365446090698
2024-08-21 01:51:02,207 - INFO - Minimum gradient before clipping: -5.925103187561035
2024-08-21 01:51:02,207 - INFO - Mean training L1 loss: 0.05520782444626093
2024-08-21 01:51:02,208 - INFO - Mean training SSIM loss: 0.0001283757854515022
2024-08-21 01:51:02,208 - INFO - Mean training MSE loss: 0.005929485040251165
2024-08-21 01:51:12,598 - INFO - Mean validation L1 loss: 0.04526435047388077
2024-08-21 01:51:12,598 - INFO - Mean validation SSIM loss: 3.3072280945845024e-07
2024-08-21 01:51:12,598 - INFO - Mean validation MSE loss: 0.0041330012399703265
2024-08-21 01:51:14,484 - INFO - New best validation Loss 0.04526435047388077, at epoch 2
2024-08-21 01:51:14,487 - INFO - Epoch 3
-------------------------------
2024-08-21 01:51:14,488 - INFO - Learning Rate of group 0: 2.685935989705705e-05
2024-08-21 01:52:51,044 - INFO - Maximum gradient before clipping: 1.0965346097946167
2024-08-21 01:52:51,045 - INFO - Minimum gradient before clipping: -1.1863601207733154
2024-08-21 01:52:51,046 - INFO - Mean training L1 loss: 0.04358589706942439
2024-08-21 01:52:51,046 - INFO - Mean training SSIM loss: 2.1191549646262798e-07
2024-08-21 01:52:51,046 - INFO - Mean training MSE loss: 0.003728861028794199
2024-08-21 01:53:01,526 - INFO - Mean validation L1 loss: 0.043866499960422516
2024-08-21 01:53:01,526 - INFO - Mean validation SSIM loss: 1.8511288668143778e-07
2024-08-21 01:53:01,526 - INFO - Mean validation MSE loss: 0.004006437472999096
2024-08-21 01:53:03,399 - INFO - New best validation Loss 0.043866499960422516, at epoch 3
2024-08-21 01:53:03,403 - INFO - Epoch 4
-------------------------------
2024-08-21 01:53:03,403 - INFO - Learning Rate of group 0: 4.028903984558558e-05
2024-08-21 01:54:40,577 - INFO - Maximum gradient before clipping: 1.3335716724395752
2024-08-21 01:54:40,578 - INFO - Minimum gradient before clipping: -1.5623642206192017
2024-08-21 01:54:40,579 - INFO - Mean training L1 loss: 0.04319864138960838
2024-08-21 01:54:40,579 - INFO - Mean training SSIM loss: 4.554667489367614e-07
2024-08-21 01:54:40,579 - INFO - Mean training MSE loss: 0.0036383377353195103
2024-08-21 01:54:50,758 - INFO - Mean validation L1 loss: 0.04296668782830238
2024-08-21 01:54:50,758 - INFO - Mean validation SSIM loss: 8.190828496379421e-07
2024-08-21 01:54:50,758 - INFO - Mean validation MSE loss: 0.0037356959097087383
2024-08-21 01:54:52,642 - INFO - New best validation Loss 0.04296668782830238, at epoch 4
2024-08-21 01:54:52,645 - INFO - Epoch 5
-------------------------------
2024-08-21 01:54:52,645 - INFO - Learning Rate of group 0: 5.37187197941141e-05
2024-08-21 01:56:29,668 - INFO - Maximum gradient before clipping: 1.2453665733337402
2024-08-21 01:56:29,669 - INFO - Minimum gradient before clipping: -1.452823281288147
2024-08-21 01:56:29,669 - INFO - Mean training L1 loss: 0.04140119021758437
2024-08-21 01:56:29,670 - INFO - Mean training SSIM loss: 2.5563993030691677e-07
2024-08-21 01:56:29,670 - INFO - Mean training MSE loss: 0.0033549075690098105
2024-08-21 01:56:39,974 - INFO - Mean validation L1 loss: 0.04347895696759224
2024-08-21 01:56:39,974 - INFO - Mean validation SSIM loss: 1.5500740644824872e-07
2024-08-21 01:56:39,974 - INFO - Mean validation MSE loss: 0.003734496645629406
2024-08-21 01:56:39,977 - INFO - Epoch 6
-------------------------------
2024-08-21 01:56:39,977 - INFO - Learning Rate of group 0: 6.714839974264262e-05
2024-08-21 01:58:16,954 - INFO - Maximum gradient before clipping: 1.0876591205596924
2024-08-21 01:58:16,955 - INFO - Minimum gradient before clipping: -1.2304667234420776
2024-08-21 01:58:16,955 - INFO - Mean training L1 loss: 0.04037118069827557
2024-08-21 01:58:16,956 - INFO - Mean training SSIM loss: 9.550892466403393e-08
2024-08-21 01:58:16,956 - INFO - Mean training MSE loss: 0.00325326444581151
2024-08-21 01:58:27,447 - INFO - Mean validation L1 loss: 0.04023072779178619
2024-08-21 01:58:27,448 - INFO - Mean validation SSIM loss: 4.5542279505372816e-08
2024-08-21 01:58:27,448 - INFO - Mean validation MSE loss: 0.0033968503586947916
2024-08-21 01:58:29,277 - INFO - New best validation Loss 0.04023072779178619, at epoch 6
2024-08-21 01:58:29,280 - INFO - Epoch 7
-------------------------------
2024-08-21 01:58:29,280 - INFO - Learning Rate of group 0: 8.057807969117116e-05
2024-08-21 02:00:06,007 - INFO - Maximum gradient before clipping: 1.1708418130874634
2024-08-21 02:00:06,007 - INFO - Minimum gradient before clipping: -1.4260443449020386
2024-08-21 02:00:06,008 - INFO - Mean training L1 loss: 0.039911421351134777
2024-08-21 02:00:06,008 - INFO - Mean training SSIM loss: 5.096307242608012e-07
2024-08-21 02:00:06,008 - INFO - Mean training MSE loss: 0.0031700458971317858
2024-08-21 02:00:16,615 - INFO - Mean validation L1 loss: 0.04389891654253006
2024-08-21 02:00:16,615 - INFO - Mean validation SSIM loss: 3.2045566243255054e-07
2024-08-21 02:00:16,615 - INFO - Mean validation MSE loss: 0.0034486418031156063
2024-08-21 02:00:16,619 - INFO - Epoch 8
-------------------------------
2024-08-21 02:00:16,619 - INFO - Learning Rate of group 0: 9.400775963969968e-05
2024-08-21 02:01:53,821 - INFO - Maximum gradient before clipping: 1.0421826839447021
2024-08-21 02:01:53,821 - INFO - Minimum gradient before clipping: -1.3168797492980957
2024-08-21 02:01:53,822 - INFO - Mean training L1 loss: 0.03874367443844676
2024-08-21 02:01:53,822 - INFO - Mean training SSIM loss: 7.283381801920231e-08
2024-08-21 02:01:53,822 - INFO - Mean training MSE loss: 0.0030246439028996973
2024-08-21 02:02:04,169 - INFO - Mean validation L1 loss: 0.04040142722427845
2024-08-21 02:02:04,169 - INFO - Mean validation SSIM loss: 1.5933088032049625e-07
2024-08-21 02:02:04,169 - INFO - Mean validation MSE loss: 0.0033921942207962275
2024-08-21 02:02:04,172 - INFO - Epoch 9
-------------------------------
2024-08-21 02:02:04,173 - INFO - Learning Rate of group 0: 0.0001074374395882282
2024-08-21 02:03:41,317 - INFO - Maximum gradient before clipping: 1.0296854972839355
2024-08-21 02:03:41,318 - INFO - Minimum gradient before clipping: -1.371556282043457
2024-08-21 02:03:41,319 - INFO - Mean training L1 loss: 0.039053668081760404
2024-08-21 02:03:41,319 - INFO - Mean training SSIM loss: 4.403035811838957e-07
2024-08-21 02:03:41,319 - INFO - Mean training MSE loss: 0.0030393538740463555
2024-08-21 02:03:51,610 - INFO - Mean validation L1 loss: 0.03808950752019882
2024-08-21 02:03:51,610 - INFO - Mean validation SSIM loss: 4.198765590768261e-08
2024-08-21 02:03:51,610 - INFO - Mean validation MSE loss: 0.0030705867474898696
2024-08-21 02:03:53,501 - INFO - New best validation Loss 0.03808950752019882, at epoch 9
2024-08-21 02:03:53,504 - INFO - Epoch 10
-------------------------------
2024-08-21 02:03:53,505 - INFO - Learning Rate of group 0: 0.00012086711953675672
2024-08-21 02:05:30,522 - INFO - Maximum gradient before clipping: 1.3136833906173706
2024-08-21 02:05:30,523 - INFO - Minimum gradient before clipping: -1.3307877779006958
2024-08-21 02:05:30,524 - INFO - Mean training L1 loss: 0.038279938064515594
2024-08-21 02:05:30,524 - INFO - Mean training SSIM loss: 1.0580319163538964e-07
2024-08-21 02:05:30,524 - INFO - Mean training MSE loss: 0.002926968360552564
2024-08-21 02:05:40,469 - INFO - Mean validation L1 loss: 0.04539839185774326
2024-08-21 02:05:40,469 - INFO - Mean validation SSIM loss: 3.879246458566854e-06
2024-08-21 02:05:40,469 - INFO - Mean validation MSE loss: 0.004001826709136367
2024-08-21 02:05:40,472 - INFO - Epoch 11
-------------------------------
2024-08-21 02:05:40,472 - INFO - Learning Rate of group 0: 0.00013429679948528524
2024-08-21 02:07:17,870 - INFO - Maximum gradient before clipping: 0.9473338723182678
2024-08-21 02:07:17,871 - INFO - Minimum gradient before clipping: -1.6656080484390259
2024-08-21 02:07:17,871 - INFO - Mean training L1 loss: 0.037350260224193334
2024-08-21 02:07:17,871 - INFO - Mean training SSIM loss: 3.9366884062974616e-07
2024-08-21 02:07:17,871 - INFO - Mean training MSE loss: 0.002811742420308292
2024-08-21 02:07:28,046 - INFO - Mean validation L1 loss: 0.037769971415400505
2024-08-21 02:07:28,046 - INFO - Mean validation SSIM loss: 2.6784938023660666e-08
2024-08-21 02:07:28,046 - INFO - Mean validation MSE loss: 0.0030433979211375115
2024-08-21 02:07:29,925 - INFO - New best validation Loss 0.037769971415400505, at epoch 11
2024-08-21 02:07:29,929 - INFO - Epoch 12
-------------------------------
2024-08-21 02:07:29,929 - INFO - Learning Rate of group 0: 0.00014772647943381376
2024-08-21 02:09:06,494 - INFO - Maximum gradient before clipping: 0.8841217160224915
2024-08-21 02:09:06,495 - INFO - Minimum gradient before clipping: -1.26311457157135
2024-08-21 02:09:06,496 - INFO - Mean training L1 loss: 0.036492637395858764
2024-08-21 02:09:06,496 - INFO - Mean training SSIM loss: 7.271140471960119e-08
2024-08-21 02:09:06,496 - INFO - Mean training MSE loss: 0.0027314718242269008
2024-08-21 02:09:16,551 - INFO - Mean validation L1 loss: 0.03658405974507332
2024-08-21 02:09:16,551 - INFO - Mean validation SSIM loss: 1.88822074820294e-08
2024-08-21 02:09:16,551 - INFO - Mean validation MSE loss: 0.0028254661289975045
2024-08-21 02:09:18,421 - INFO - New best validation Loss 0.03658405974507332, at epoch 12
2024-08-21 02:09:18,424 - INFO - Epoch 13
-------------------------------
2024-08-21 02:09:18,425 - INFO - Learning Rate of group 0: 0.0001611561593823423
2024-08-21 02:10:55,137 - INFO - Maximum gradient before clipping: 0.9219073057174683
2024-08-21 02:10:55,137 - INFO - Minimum gradient before clipping: -1.593090295791626
2024-08-21 02:10:55,138 - INFO - Mean training L1 loss: 0.03807151637971401
2024-08-21 02:10:55,138 - INFO - Mean training SSIM loss: 6.474402479048069e-07
2024-08-21 02:10:55,138 - INFO - Mean training MSE loss: 0.002888115376699716
2024-08-21 02:11:05,830 - INFO - Mean validation L1 loss: 0.038823035806417466
2024-08-21 02:11:05,830 - INFO - Mean validation SSIM loss: 5.064529227549741e-08
2024-08-21 02:11:05,830 - INFO - Mean validation MSE loss: 0.0028234067652374508
2024-08-21 02:11:05,834 - INFO - Epoch 14
-------------------------------
2024-08-21 02:11:05,834 - INFO - Learning Rate of group 0: 0.00017458583933087083
2024-08-21 02:12:42,625 - INFO - Maximum gradient before clipping: 0.9135733842849731
2024-08-21 02:12:42,626 - INFO - Minimum gradient before clipping: -1.2522250413894653
2024-08-21 02:12:42,626 - INFO - Mean training L1 loss: 0.03663109462708235
2024-08-21 02:12:42,626 - INFO - Mean training SSIM loss: 1.192389950402384e-07
2024-08-21 02:12:42,626 - INFO - Mean training MSE loss: 0.0027270646137185395
2024-08-21 02:12:53,268 - INFO - Mean validation L1 loss: 0.03625891886651516
2024-08-21 02:12:53,268 - INFO - Mean validation SSIM loss: 9.15168309634229e-09
2024-08-21 02:12:53,268 - INFO - Mean validation MSE loss: 0.002864908603951335
2024-08-21 02:12:55,142 - INFO - New best validation Loss 0.03625891886651516, at epoch 14
2024-08-21 02:12:55,145 - INFO - Epoch 15
-------------------------------
2024-08-21 02:12:55,145 - INFO - Learning Rate of group 0: 0.00018801551927939936
2024-08-21 02:14:31,774 - INFO - Maximum gradient before clipping: 0.960429310798645
2024-08-21 02:14:31,775 - INFO - Minimum gradient before clipping: -1.1746731996536255
2024-08-21 02:14:31,776 - INFO - Mean training L1 loss: 0.03606201604008675
2024-08-21 02:14:31,776 - INFO - Mean training SSIM loss: 2.436152687970358e-07
2024-08-21 02:14:31,776 - INFO - Mean training MSE loss: 0.0026643721864093094
2024-08-21 02:14:41,847 - INFO - Mean validation L1 loss: 0.037526727765798566
2024-08-21 02:14:41,847 - INFO - Mean validation SSIM loss: 2.922401764338112e-07
2024-08-21 02:14:41,847 - INFO - Mean validation MSE loss: 0.0029753478011116385
2024-08-21 02:14:41,850 - INFO - Epoch 16
-------------------------------
2024-08-21 02:14:41,850 - INFO - Learning Rate of group 0: 0.00020144519922792788
2024-08-21 02:16:19,221 - INFO - Maximum gradient before clipping: 1.058692216873169
2024-08-21 02:16:19,222 - INFO - Minimum gradient before clipping: -1.4030672311782837
2024-08-21 02:16:19,222 - INFO - Mean training L1 loss: 0.03725432526320219
2024-08-21 02:16:19,222 - INFO - Mean training SSIM loss: 4.042936249068485e-07
2024-08-21 02:16:19,222 - INFO - Mean training MSE loss: 0.002752988901920617
2024-08-21 02:16:29,826 - INFO - Mean validation L1 loss: 0.03743367046117783
2024-08-21 02:16:29,826 - INFO - Mean validation SSIM loss: 2.955951511118826e-08
2024-08-21 02:16:29,826 - INFO - Mean validation MSE loss: 0.0029391641449183228
