2024-08-20 02:20:54,879 - INFO - NOTE: None
2024-08-20 02:20:54,881 - INFO - Torch, random, numpy seed: 88
2024-08-20 02:20:55,809 - INFO - Starting training from from epoch 0
2024-08-20 02:21:04,329 - INFO - Epoch 1
-------------------------------
2024-08-20 02:21:04,330 - INFO - Learning Rate of group 0: 0.0
2024-08-20 02:22:55,300 - INFO - Maximum gradient before clipping: 0.7322208285331726
2024-08-20 02:22:55,343 - INFO - Minimum gradient before clipping: -0.17339397966861725
2024-08-20 02:22:55,344 - INFO - Mean training L1 loss: 0.24792133808135985
2024-08-20 02:22:55,344 - INFO - Mean training SSIM loss: 0.0
2024-08-20 02:22:55,344 - INFO - Mean training MSE loss: 0.09336013272404671
2024-08-20 02:23:09,243 - INFO - Mean validation L1 loss: 0.24806136906147003
2024-08-20 02:23:09,243 - INFO - Mean validation SSIM loss: 0.0
2024-08-20 02:23:09,243 - INFO - Mean validation MSE loss: 0.09381898105144501
2024-08-20 02:23:11,379 - INFO - New best validation Loss 0.24806136906147003, at epoch 1
2024-08-20 02:23:11,419 - INFO - Epoch 2
-------------------------------
2024-08-20 02:23:11,419 - INFO - Learning Rate of group 0: 5.741250580049523e-05
2024-08-20 02:25:00,074 - INFO - Maximum gradient before clipping: 0.9850454330444336
2024-08-20 02:25:00,075 - INFO - Minimum gradient before clipping: -1.3295682668685913
2024-08-20 02:25:00,076 - INFO - Mean training L1 loss: 0.04778389042243361
2024-08-20 02:25:00,076 - INFO - Mean training SSIM loss: 0.0
2024-08-20 02:25:00,076 - INFO - Mean training MSE loss: 0.005864817228866741
2024-08-20 02:25:11,573 - INFO - Mean validation L1 loss: 0.030167152732610704
2024-08-20 02:25:11,573 - INFO - Mean validation SSIM loss: 0.0
2024-08-20 02:25:11,573 - INFO - Mean validation MSE loss: 0.001916405986994505
2024-08-20 02:25:13,534 - INFO - New best validation Loss 0.030167152732610704, at epoch 2
2024-08-20 02:25:13,538 - INFO - Epoch 3
-------------------------------
2024-08-20 02:25:13,538 - INFO - Learning Rate of group 0: 0.00011482501160099046
2024-08-20 02:27:02,156 - INFO - Maximum gradient before clipping: 0.6724423766136169
2024-08-20 02:27:02,157 - INFO - Minimum gradient before clipping: -0.7637597322463989
2024-08-20 02:27:02,158 - INFO - Mean training L1 loss: 0.0333255354873836
2024-08-20 02:27:02,158 - INFO - Mean training SSIM loss: 0.0
2024-08-20 02:27:02,158 - INFO - Mean training MSE loss: 0.0021885425026994198
2024-08-20 02:27:13,482 - INFO - Mean validation L1 loss: 0.0305509752035141
2024-08-20 02:27:13,482 - INFO - Mean validation SSIM loss: 0.0
2024-08-20 02:27:13,482 - INFO - Mean validation MSE loss: 0.001807575155980885
2024-08-20 02:27:13,485 - INFO - Epoch 4
-------------------------------
2024-08-20 02:27:13,485 - INFO - Learning Rate of group 0: 0.00017223751740148567
2024-08-20 02:29:01,753 - INFO - Maximum gradient before clipping: 0.5472075343132019
2024-08-20 02:29:01,754 - INFO - Minimum gradient before clipping: -0.7605775594711304
2024-08-20 02:29:01,754 - INFO - Mean training L1 loss: 0.0323329957947135
2024-08-20 02:29:01,754 - INFO - Mean training SSIM loss: 0.0
2024-08-20 02:29:01,754 - INFO - Mean training MSE loss: 0.002105608774581924
2024-08-20 02:29:13,082 - INFO - Mean validation L1 loss: 0.029732756689190863
2024-08-20 02:29:13,082 - INFO - Mean validation SSIM loss: 0.0
2024-08-20 02:29:13,082 - INFO - Mean validation MSE loss: 0.0019672201573848725
2024-08-20 02:29:15,062 - INFO - New best validation Loss 0.029732756689190863, at epoch 4
2024-08-20 02:29:15,065 - INFO - Epoch 5
-------------------------------
2024-08-20 02:29:15,066 - INFO - Learning Rate of group 0: 0.00022965002320198092
2024-08-20 02:31:03,785 - INFO - Maximum gradient before clipping: 0.6157861948013306
2024-08-20 02:31:03,785 - INFO - Minimum gradient before clipping: -0.8073635697364807
2024-08-20 02:31:03,786 - INFO - Mean training L1 loss: 0.0312198787368834
2024-08-20 02:31:03,786 - INFO - Mean training SSIM loss: 0.0
2024-08-20 02:31:03,786 - INFO - Mean training MSE loss: 0.001983118737116456
2024-08-20 02:31:15,335 - INFO - Mean validation L1 loss: 0.02746197871863842
2024-08-20 02:31:15,335 - INFO - Mean validation SSIM loss: 0.0
2024-08-20 02:31:15,335 - INFO - Mean validation MSE loss: 0.0016801303671672941
2024-08-20 02:31:17,311 - INFO - New best validation Loss 0.02746197871863842, at epoch 5
2024-08-20 02:31:17,315 - INFO - Epoch 6
-------------------------------
2024-08-20 02:31:17,315 - INFO - Learning Rate of group 0: 0.00028706252900247614
2024-08-20 02:33:06,115 - INFO - Maximum gradient before clipping: 0.6743675470352173
2024-08-20 02:33:06,116 - INFO - Minimum gradient before clipping: -0.8292638063430786
2024-08-20 02:33:06,117 - INFO - Mean training L1 loss: 0.030091655310243368
2024-08-20 02:33:06,117 - INFO - Mean training SSIM loss: 0.0
2024-08-20 02:33:06,117 - INFO - Mean training MSE loss: 0.0018850628053769468
2024-08-20 02:33:17,123 - INFO - Mean validation L1 loss: 0.029706398025155067
2024-08-20 02:33:17,124 - INFO - Mean validation SSIM loss: 0.0
2024-08-20 02:33:17,124 - INFO - Mean validation MSE loss: 0.0018791335169225931
2024-08-20 02:33:17,127 - INFO - Epoch 7
-------------------------------
2024-08-20 02:33:17,127 - INFO - Learning Rate of group 0: 0.00034447503480297133
2024-08-20 02:35:05,730 - INFO - Maximum gradient before clipping: 0.6464731097221375
2024-08-20 02:35:05,730 - INFO - Minimum gradient before clipping: -0.8802422881126404
2024-08-20 02:35:05,731 - INFO - Mean training L1 loss: 0.0286704159155488
2024-08-20 02:35:05,731 - INFO - Mean training SSIM loss: 0.0
2024-08-20 02:35:05,731 - INFO - Mean training MSE loss: 0.0017723473091609777
2024-08-20 02:35:17,024 - INFO - Mean validation L1 loss: 0.027854958549141884
2024-08-20 02:35:17,024 - INFO - Mean validation SSIM loss: 0.0
2024-08-20 02:35:17,024 - INFO - Mean validation MSE loss: 0.0016608645394444465
2024-08-20 02:35:17,027 - INFO - Epoch 8
-------------------------------
2024-08-20 02:35:17,027 - INFO - Learning Rate of group 0: 0.0004018875406034666
2024-08-20 02:37:05,685 - INFO - Maximum gradient before clipping: 0.6890403032302856
2024-08-20 02:37:05,686 - INFO - Minimum gradient before clipping: -0.9173454642295837
2024-08-20 02:37:05,686 - INFO - Mean training L1 loss: 0.030596421118825674
2024-08-20 02:37:05,686 - INFO - Mean training SSIM loss: 0.0
2024-08-20 02:37:05,686 - INFO - Mean training MSE loss: 0.0018755680142203345
2024-08-20 02:37:16,944 - INFO - Mean validation L1 loss: 0.026835170909762382
2024-08-20 02:37:16,944 - INFO - Mean validation SSIM loss: 0.0
2024-08-20 02:37:16,944 - INFO - Mean validation MSE loss: 0.001570834806188941
2024-08-20 02:37:18,947 - INFO - New best validation Loss 0.026835170909762382, at epoch 8
2024-08-20 02:37:18,950 - INFO - Epoch 9
-------------------------------
2024-08-20 02:37:18,950 - INFO - Learning Rate of group 0: 0.00045930004640396183
2024-08-20 02:39:07,350 - INFO - Maximum gradient before clipping: 0.7270238995552063
2024-08-20 02:39:07,351 - INFO - Minimum gradient before clipping: -0.8570497632026672
2024-08-20 02:39:07,351 - INFO - Mean training L1 loss: 0.0271181308478117
2024-08-20 02:39:07,351 - INFO - Mean training SSIM loss: 0.0
2024-08-20 02:39:07,351 - INFO - Mean training MSE loss: 0.001633310376200825
2024-08-20 02:39:18,376 - INFO - Mean validation L1 loss: 0.02574459306895733
2024-08-20 02:39:18,376 - INFO - Mean validation SSIM loss: 0.0
2024-08-20 02:39:18,376 - INFO - Mean validation MSE loss: 0.0014363774610683321
2024-08-20 02:39:20,347 - INFO - New best validation Loss 0.02574459306895733, at epoch 9
2024-08-20 02:39:20,350 - INFO - Epoch 10
-------------------------------
2024-08-20 02:39:20,350 - INFO - Learning Rate of group 0: 0.0005167125522044571
2024-08-20 02:41:09,076 - INFO - Maximum gradient before clipping: 0.5999260544776917
2024-08-20 02:41:09,076 - INFO - Minimum gradient before clipping: -0.8169862031936646
2024-08-20 02:41:09,077 - INFO - Mean training L1 loss: 0.026743947472423316
2024-08-20 02:41:09,077 - INFO - Mean training SSIM loss: 0.0
2024-08-20 02:41:09,077 - INFO - Mean training MSE loss: 0.0015708193380851298
2024-08-20 02:41:20,475 - INFO - Mean validation L1 loss: 0.025048173815011978
2024-08-20 02:41:20,475 - INFO - Mean validation SSIM loss: 0.0
2024-08-20 02:41:20,475 - INFO - Mean validation MSE loss: 0.0014842464588582516
2024-08-20 02:41:22,461 - INFO - New best validation Loss 0.025048173815011978, at epoch 10
2024-08-20 02:41:22,465 - INFO - Epoch 11
-------------------------------
2024-08-20 02:41:22,465 - INFO - Learning Rate of group 0: 0.0005741250580049523
2024-08-20 02:43:11,030 - INFO - Maximum gradient before clipping: 0.6668842434883118
2024-08-20 02:43:11,030 - INFO - Minimum gradient before clipping: -0.8114975094795227
2024-08-20 02:43:11,031 - INFO - Mean training L1 loss: 0.025328446310013533
2024-08-20 02:43:11,031 - INFO - Mean training SSIM loss: 0.0
2024-08-20 02:43:11,031 - INFO - Mean training MSE loss: 0.0014325640018796547
2024-08-20 02:43:22,799 - INFO - Mean validation L1 loss: 0.024873093515634537
2024-08-20 02:43:22,799 - INFO - Mean validation SSIM loss: 0.0
2024-08-20 02:43:22,799 - INFO - Mean validation MSE loss: 0.0014308928605169058
2024-08-20 02:43:24,785 - INFO - New best validation Loss 0.024873093515634537, at epoch 11
2024-08-20 02:43:24,788 - INFO - Epoch 12
-------------------------------
2024-08-20 02:43:24,788 - INFO - Learning Rate of group 0: 0.0005741250580049523
2024-08-20 02:45:13,787 - INFO - Maximum gradient before clipping: 0.657184362411499
2024-08-20 02:45:13,788 - INFO - Minimum gradient before clipping: -0.8779667019844055
2024-08-20 02:45:13,788 - INFO - Mean training L1 loss: 0.025655962247401475
2024-08-20 02:45:13,789 - INFO - Mean training SSIM loss: 0.0
2024-08-20 02:45:13,789 - INFO - Mean training MSE loss: 0.001427281106589362
2024-08-20 02:45:25,561 - INFO - Mean validation L1 loss: 0.027712998166680335
2024-08-20 02:45:25,561 - INFO - Mean validation SSIM loss: 0.0
2024-08-20 02:45:25,561 - INFO - Mean validation MSE loss: 0.0015313353994861245
2024-08-20 02:45:25,564 - INFO - Epoch 13
-------------------------------
2024-08-20 02:45:25,564 - INFO - Learning Rate of group 0: 0.0005741250580049523
2024-08-20 02:47:14,032 - INFO - Maximum gradient before clipping: 0.7132170796394348
2024-08-20 02:47:14,033 - INFO - Minimum gradient before clipping: -0.8592513799667358
2024-08-20 02:47:14,033 - INFO - Mean training L1 loss: 0.023755048885941505
2024-08-20 02:47:14,033 - INFO - Mean training SSIM loss: 0.0
2024-08-20 02:47:14,033 - INFO - Mean training MSE loss: 0.0013088613806758076
2024-08-20 02:47:25,243 - INFO - Mean validation L1 loss: 0.02426914803683758
2024-08-20 02:47:25,244 - INFO - Mean validation SSIM loss: 0.0
2024-08-20 02:47:25,244 - INFO - Mean validation MSE loss: 0.0014018101780675352
2024-08-20 02:47:27,290 - INFO - New best validation Loss 0.02426914803683758, at epoch 13
2024-08-20 02:47:27,293 - INFO - Epoch 14
-------------------------------
2024-08-20 02:47:27,293 - INFO - Learning Rate of group 0: 0.0005741250580049523
2024-08-20 02:49:16,173 - INFO - Maximum gradient before clipping: 0.5890471339225769
2024-08-20 02:49:16,174 - INFO - Minimum gradient before clipping: -0.7893968820571899
2024-08-20 02:49:16,174 - INFO - Mean training L1 loss: 0.023408071249723435
2024-08-20 02:49:16,174 - INFO - Mean training SSIM loss: 0.0
2024-08-20 02:49:16,175 - INFO - Mean training MSE loss: 0.0012788114900467917
2024-08-20 02:49:27,440 - INFO - Mean validation L1 loss: 0.02178146839141846
2024-08-20 02:49:27,440 - INFO - Mean validation SSIM loss: 0.0
2024-08-20 02:49:27,440 - INFO - Mean validation MSE loss: 0.001124526122584939
2024-08-20 02:49:29,436 - INFO - New best validation Loss 0.02178146839141846, at epoch 14
2024-08-20 02:49:29,440 - INFO - Epoch 15
-------------------------------
2024-08-20 02:49:29,440 - INFO - Learning Rate of group 0: 0.0005741250580049523
2024-08-20 02:51:18,503 - INFO - Maximum gradient before clipping: 0.6075559854507446
2024-08-20 02:51:18,503 - INFO - Minimum gradient before clipping: -0.8085172772407532
2024-08-20 02:51:18,504 - INFO - Mean training L1 loss: 0.023517488352954388
2024-08-20 02:51:18,504 - INFO - Mean training SSIM loss: 0.0
2024-08-20 02:51:18,504 - INFO - Mean training MSE loss: 0.0012703702138969675
2024-08-20 02:51:29,799 - INFO - Mean validation L1 loss: 0.021262742951512335
2024-08-20 02:51:29,799 - INFO - Mean validation SSIM loss: 0.0
2024-08-20 02:51:29,799 - INFO - Mean validation MSE loss: 0.001067491313442588
2024-08-20 02:51:31,768 - INFO - New best validation Loss 0.021262742951512335, at epoch 15
2024-08-20 02:51:31,771 - INFO - Epoch 16
-------------------------------
2024-08-20 02:51:31,772 - INFO - Learning Rate of group 0: 0.0005741250580049523
2024-08-20 02:53:20,832 - INFO - Maximum gradient before clipping: 0.6600630879402161
2024-08-20 02:53:20,832 - INFO - Minimum gradient before clipping: -0.7160484194755554
2024-08-20 02:53:20,833 - INFO - Mean training L1 loss: 0.023277828469872475
2024-08-20 02:53:20,833 - INFO - Mean training SSIM loss: 0.0
2024-08-20 02:53:20,833 - INFO - Mean training MSE loss: 0.0012434665899490938
2024-08-20 02:53:32,457 - INFO - Mean validation L1 loss: 0.02145169548690319
2024-08-20 02:53:32,457 - INFO - Mean validation SSIM loss: 0.0
2024-08-20 02:53:32,457 - INFO - Mean validation MSE loss: 0.0010700503457337618
2024-08-20 02:53:32,461 - INFO - Epoch 17
-------------------------------
2024-08-20 02:53:32,461 - INFO - Learning Rate of group 0: 0.0005741250580049523
2024-08-20 02:55:20,944 - INFO - Maximum gradient before clipping: 0.6004780530929565
2024-08-20 02:55:20,945 - INFO - Minimum gradient before clipping: -0.6738649606704712
2024-08-20 02:55:20,945 - INFO - Mean training L1 loss: 0.02228374667465687
2024-08-20 02:55:20,946 - INFO - Mean training SSIM loss: 0.0
2024-08-20 02:55:20,946 - INFO - Mean training MSE loss: 0.001176468573976308
2024-08-20 02:55:32,271 - INFO - Mean validation L1 loss: 0.02134683556854725
2024-08-20 02:55:32,272 - INFO - Mean validation SSIM loss: 0.0
2024-08-20 02:55:32,272 - INFO - Mean validation MSE loss: 0.0010804690886288882
2024-08-20 02:55:32,275 - INFO - Epoch 18
-------------------------------
2024-08-20 02:55:32,275 - INFO - Learning Rate of group 0: 0.0005741250580049523
2024-08-20 02:57:20,960 - INFO - Maximum gradient before clipping: 0.6336104273796082
2024-08-20 02:57:20,961 - INFO - Minimum gradient before clipping: -0.7607079744338989
2024-08-20 02:57:20,962 - INFO - Mean training L1 loss: 0.022383635155856608
2024-08-20 02:57:20,962 - INFO - Mean training SSIM loss: 0.0
2024-08-20 02:57:20,962 - INFO - Mean training MSE loss: 0.001169035926577635
2024-08-20 02:57:32,022 - INFO - Mean validation L1 loss: 0.021725696995854377
2024-08-20 02:57:32,022 - INFO - Mean validation SSIM loss: 0.0
2024-08-20 02:57:32,022 - INFO - Mean validation MSE loss: 0.0010450258012861013
2024-08-20 02:57:32,026 - INFO - Epoch 19
-------------------------------
2024-08-20 02:57:32,026 - INFO - Learning Rate of group 0: 0.0005741250580049523
2024-08-20 02:59:20,178 - INFO - Maximum gradient before clipping: 0.582019031047821
2024-08-20 02:59:20,179 - INFO - Minimum gradient before clipping: -0.7998870015144348
2024-08-20 02:59:20,180 - INFO - Mean training L1 loss: 0.02222922381013632
2024-08-20 02:59:20,180 - INFO - Mean training SSIM loss: 0.0
2024-08-20 02:59:20,180 - INFO - Mean training MSE loss: 0.001168008407112211
2024-08-20 02:59:31,452 - INFO - Mean validation L1 loss: 0.023439596816897394
2024-08-20 02:59:31,452 - INFO - Mean validation SSIM loss: 0.0
2024-08-20 02:59:31,452 - INFO - Mean validation MSE loss: 0.0011881760577671229
2024-08-20 02:59:31,455 - INFO - Epoch 20
-------------------------------
2024-08-20 02:59:31,455 - INFO - Learning Rate of group 0: 0.0005741250580049523
2024-08-20 03:01:20,036 - INFO - Maximum gradient before clipping: 0.5906363129615784
2024-08-20 03:01:20,037 - INFO - Minimum gradient before clipping: -0.7614933252334595
2024-08-20 03:01:20,037 - INFO - Mean training L1 loss: 0.022623243983834983
2024-08-20 03:01:20,038 - INFO - Mean training SSIM loss: 0.0
2024-08-20 03:01:20,038 - INFO - Mean training MSE loss: 0.0011768401047447697
2024-08-20 03:01:31,750 - INFO - Mean validation L1 loss: 0.021736528649926187
2024-08-20 03:01:31,750 - INFO - Mean validation SSIM loss: 0.0
2024-08-20 03:01:31,750 - INFO - Mean validation MSE loss: 0.0010965619701892137
2024-08-20 03:01:31,753 - INFO - Epoch 21
-------------------------------
2024-08-20 03:01:31,753 - INFO - Learning Rate of group 0: 0.0005741250580049523
2024-08-20 03:03:20,692 - INFO - Maximum gradient before clipping: 0.5523810982704163
2024-08-20 03:03:20,693 - INFO - Minimum gradient before clipping: -0.6967495083808899
2024-08-20 03:03:20,693 - INFO - Mean training L1 loss: 0.0213305183686316
2024-08-20 03:03:20,694 - INFO - Mean training SSIM loss: 0.0
2024-08-20 03:03:20,694 - INFO - Mean training MSE loss: 0.0011093398102093488
2024-08-20 03:03:31,990 - INFO - Mean validation L1 loss: 0.020505468472838403
2024-08-20 03:03:31,991 - INFO - Mean validation SSIM loss: 0.0
2024-08-20 03:03:31,991 - INFO - Mean validation MSE loss: 0.0009731276403181255
2024-08-20 03:03:33,967 - INFO - New best validation Loss 0.020505468472838403, at epoch 21
2024-08-20 03:03:33,970 - INFO - Epoch 22
-------------------------------
2024-08-20 03:03:33,970 - INFO - Learning Rate of group 0: 0.0005741250580049523
2024-08-20 03:05:22,921 - INFO - Maximum gradient before clipping: 0.5458564162254333
2024-08-20 03:05:22,922 - INFO - Minimum gradient before clipping: -0.5823265314102173
2024-08-20 03:05:22,922 - INFO - Mean training L1 loss: 0.020937793739140034
2024-08-20 03:05:22,923 - INFO - Mean training SSIM loss: 0.0
2024-08-20 03:05:22,923 - INFO - Mean training MSE loss: 0.0010738071973901242
2024-08-20 03:05:34,038 - INFO - Mean validation L1 loss: 0.020200871229171753
2024-08-20 03:05:34,038 - INFO - Mean validation SSIM loss: 0.0
2024-08-20 03:05:34,038 - INFO - Mean validation MSE loss: 0.0009858930949121713
2024-08-20 03:05:36,052 - INFO - New best validation Loss 0.020200871229171753, at epoch 22
2024-08-20 03:05:36,055 - INFO - Epoch 23
-------------------------------
2024-08-20 03:05:36,055 - INFO - Learning Rate of group 0: 0.0005741250580049523
2024-08-20 03:07:24,516 - INFO - Maximum gradient before clipping: 0.6197871565818787
2024-08-20 03:07:24,517 - INFO - Minimum gradient before clipping: -0.7442172169685364
2024-08-20 03:07:24,517 - INFO - Mean training L1 loss: 0.02116418344900012
2024-08-20 03:07:24,517 - INFO - Mean training SSIM loss: 0.0
2024-08-20 03:07:24,517 - INFO - Mean training MSE loss: 0.001084214435541071
2024-08-20 03:07:35,628 - INFO - Mean validation L1 loss: 0.023258378058671952
2024-08-20 03:07:35,628 - INFO - Mean validation SSIM loss: 0.0
2024-08-20 03:07:35,628 - INFO - Mean validation MSE loss: 0.001180858111474663
2024-08-20 03:07:35,632 - INFO - Epoch 24
-------------------------------
2024-08-20 03:07:35,632 - INFO - Learning Rate of group 0: 0.0005741250580049523
2024-08-20 03:09:24,383 - INFO - Maximum gradient before clipping: 0.5643940567970276
2024-08-20 03:09:24,383 - INFO - Minimum gradient before clipping: -0.641657829284668
2024-08-20 03:09:24,384 - INFO - Mean training L1 loss: 0.021036361549049615
2024-08-20 03:09:24,384 - INFO - Mean training SSIM loss: 0.0
2024-08-20 03:09:24,384 - INFO - Mean training MSE loss: 0.001072570321848616
2024-08-20 03:09:35,689 - INFO - Mean validation L1 loss: 0.0205057243257761
2024-08-20 03:09:35,689 - INFO - Mean validation SSIM loss: 0.0
2024-08-20 03:09:35,689 - INFO - Mean validation MSE loss: 0.0010032478393986822
2024-08-20 03:09:35,692 - INFO - Epoch 25
-------------------------------
2024-08-20 03:09:35,692 - INFO - Learning Rate of group 0: 0.0005741250580049523
2024-08-20 03:11:24,227 - INFO - Maximum gradient before clipping: 0.5323243737220764
2024-08-20 03:11:24,228 - INFO - Minimum gradient before clipping: -0.6469642519950867
2024-08-20 03:11:24,228 - INFO - Mean training L1 loss: 0.021001804694533346
2024-08-20 03:11:24,228 - INFO - Mean training SSIM loss: 0.0
2024-08-20 03:11:24,228 - INFO - Mean training MSE loss: 0.0010642811731668188
2024-08-20 03:11:35,879 - INFO - Mean validation L1 loss: 0.02016508884727955
2024-08-20 03:11:35,879 - INFO - Mean validation SSIM loss: 0.0
2024-08-20 03:11:35,879 - INFO - Mean validation MSE loss: 0.000973546898458153
2024-08-20 03:11:37,878 - INFO - New best validation Loss 0.02016508884727955, at epoch 25
2024-08-20 03:11:37,881 - INFO - Epoch 26
-------------------------------
2024-08-20 03:11:37,882 - INFO - Learning Rate of group 0: 0.0005741250580049523
2024-08-20 03:13:26,880 - INFO - Maximum gradient before clipping: 0.49532637000083923
2024-08-20 03:13:26,881 - INFO - Minimum gradient before clipping: -0.5567947030067444
2024-08-20 03:13:26,882 - INFO - Mean training L1 loss: 0.02066210625693202
2024-08-20 03:13:26,882 - INFO - Mean training SSIM loss: 0.0
2024-08-20 03:13:26,882 - INFO - Mean training MSE loss: 0.0010388994438108056
2024-08-20 03:13:38,626 - INFO - Mean validation L1 loss: 0.01993714414536953
2024-08-20 03:13:38,626 - INFO - Mean validation SSIM loss: 0.0
2024-08-20 03:13:38,626 - INFO - Mean validation MSE loss: 0.0009988770121708511
2024-08-20 03:13:40,582 - INFO - New best validation Loss 0.01993714414536953, at epoch 26
2024-08-20 03:13:40,585 - INFO - Epoch 27
-------------------------------
2024-08-20 03:13:40,586 - INFO - Learning Rate of group 0: 0.0005741250580049523
2024-08-20 03:15:29,296 - INFO - Maximum gradient before clipping: 0.5986176133155823
2024-08-20 03:15:29,348 - INFO - Minimum gradient before clipping: -0.7641505002975464
2024-08-20 03:15:29,349 - INFO - Mean training L1 loss: 0.02101292019709945
2024-08-20 03:15:29,349 - INFO - Mean training SSIM loss: 0.0
2024-08-20 03:15:29,349 - INFO - Mean training MSE loss: 0.0010519076755736024
2024-08-20 03:15:43,852 - INFO - Mean validation L1 loss: 0.020506946966052056
2024-08-20 03:15:43,852 - INFO - Mean validation SSIM loss: 0.0
2024-08-20 03:15:43,852 - INFO - Mean validation MSE loss: 0.001001490387134254
2024-08-20 03:15:43,856 - INFO - Epoch 28
-------------------------------
2024-08-20 03:15:43,856 - INFO - Learning Rate of group 0: 0.0005741250580049523
2024-08-20 03:17:32,474 - INFO - Maximum gradient before clipping: 0.6611183881759644
2024-08-20 03:17:32,474 - INFO - Minimum gradient before clipping: -0.7977246642112732
2024-08-20 03:17:32,475 - INFO - Mean training L1 loss: 0.021118972431868315
2024-08-20 03:17:32,475 - INFO - Mean training SSIM loss: 0.0
2024-08-20 03:17:32,475 - INFO - Mean training MSE loss: 0.001049186959862709
2024-08-20 03:17:43,543 - INFO - Mean validation L1 loss: 0.01933038905262947
2024-08-20 03:17:43,543 - INFO - Mean validation SSIM loss: 0.0
2024-08-20 03:17:43,543 - INFO - Mean validation MSE loss: 0.0009265127801336348
2024-08-20 03:17:45,538 - INFO - New best validation Loss 0.01933038905262947, at epoch 28
2024-08-20 03:17:45,541 - INFO - Epoch 29
-------------------------------
2024-08-20 03:17:45,541 - INFO - Learning Rate of group 0: 0.0005741250580049523
2024-08-20 03:19:34,526 - INFO - Maximum gradient before clipping: 0.5399994254112244
2024-08-20 03:19:34,527 - INFO - Minimum gradient before clipping: -0.7270900011062622
2024-08-20 03:19:34,528 - INFO - Mean training L1 loss: 0.020566520439460875
2024-08-20 03:19:34,528 - INFO - Mean training SSIM loss: 0.0
2024-08-20 03:19:34,528 - INFO - Mean training MSE loss: 0.0010337922227336093
2024-08-20 03:19:45,652 - INFO - Mean validation L1 loss: 0.01931993171572685
2024-08-20 03:19:45,652 - INFO - Mean validation SSIM loss: 0.0
2024-08-20 03:19:45,652 - INFO - Mean validation MSE loss: 0.0009493839275091886
2024-08-20 03:19:47,569 - INFO - New best validation Loss 0.01931993171572685, at epoch 29
2024-08-20 03:19:47,573 - INFO - Epoch 30
-------------------------------
2024-08-20 03:19:47,573 - INFO - Learning Rate of group 0: 0.0005741250580049523
2024-08-20 03:21:36,451 - INFO - Maximum gradient before clipping: 0.5901238322257996
2024-08-20 03:21:36,451 - INFO - Minimum gradient before clipping: -0.7341403365135193
2024-08-20 03:21:36,452 - INFO - Mean training L1 loss: 0.020946449004113674
2024-08-20 03:21:36,452 - INFO - Mean training SSIM loss: 0.0
2024-08-20 03:21:36,452 - INFO - Mean training MSE loss: 0.001045865998021327
2024-08-20 03:21:48,147 - INFO - Mean validation L1 loss: 0.02014662876725197
2024-08-20 03:21:48,147 - INFO - Mean validation SSIM loss: 0.0
2024-08-20 03:21:48,147 - INFO - Mean validation MSE loss: 0.0009540825057774783
2024-08-20 03:21:48,150 - INFO - Epoch 31
-------------------------------
2024-08-20 03:21:48,150 - INFO - Learning Rate of group 0: 0.0005741250580049523
2024-08-20 03:23:36,477 - INFO - Maximum gradient before clipping: 0.6567607522010803
2024-08-20 03:23:36,478 - INFO - Minimum gradient before clipping: -0.8131409883499146
2024-08-20 03:23:36,479 - INFO - Mean training L1 loss: 0.021292768772691487
2024-08-20 03:23:36,479 - INFO - Mean training SSIM loss: 0.0
2024-08-20 03:23:36,479 - INFO - Mean training MSE loss: 0.001064046982792206
2024-08-20 03:23:47,831 - INFO - Mean validation L1 loss: 0.02156651474535465
2024-08-20 03:23:47,831 - INFO - Mean validation SSIM loss: 0.0
2024-08-20 03:23:47,831 - INFO - Mean validation MSE loss: 0.0009953230200335384
2024-08-20 03:23:47,834 - INFO - Epoch 32
-------------------------------
2024-08-20 03:23:47,834 - INFO - Learning Rate of group 0: 0.0005741250580049523
2024-08-20 03:25:36,157 - INFO - Maximum gradient before clipping: 0.5818535089492798
2024-08-20 03:25:36,157 - INFO - Minimum gradient before clipping: -0.7089126110076904
2024-08-20 03:25:36,158 - INFO - Mean training L1 loss: 0.020755644198507072
2024-08-20 03:25:36,158 - INFO - Mean training SSIM loss: 0.0
2024-08-20 03:25:36,158 - INFO - Mean training MSE loss: 0.0010371164849493652
2024-08-20 03:25:47,509 - INFO - Mean validation L1 loss: 0.01975312180817127
2024-08-20 03:25:47,509 - INFO - Mean validation SSIM loss: 0.0
2024-08-20 03:25:47,509 - INFO - Mean validation MSE loss: 0.0009687758004292845
2024-08-20 03:25:47,512 - INFO - Epoch 33
-------------------------------
2024-08-20 03:25:47,512 - INFO - Learning Rate of group 0: 0.0005741250580049523
2024-08-20 03:27:35,751 - INFO - Maximum gradient before clipping: 0.550447940826416
2024-08-20 03:27:35,752 - INFO - Minimum gradient before clipping: -0.5643212199211121
2024-08-20 03:27:35,752 - INFO - Mean training L1 loss: 0.02001899339258671
2024-08-20 03:27:35,753 - INFO - Mean training SSIM loss: 0.0
2024-08-20 03:27:35,753 - INFO - Mean training MSE loss: 0.0009917287644930185
2024-08-20 03:27:47,081 - INFO - Mean validation L1 loss: 0.01908944357186556
2024-08-20 03:27:47,081 - INFO - Mean validation SSIM loss: 0.0
2024-08-20 03:27:47,081 - INFO - Mean validation MSE loss: 0.0008983020228333771
2024-08-20 03:27:49,080 - INFO - New best validation Loss 0.01908944357186556, at epoch 33
2024-08-20 03:27:49,083 - INFO - Epoch 34
-------------------------------
2024-08-20 03:27:49,083 - INFO - Learning Rate of group 0: 0.0005741250580049523
2024-08-20 03:29:37,434 - INFO - Maximum gradient before clipping: 0.6098034381866455
2024-08-20 03:29:37,435 - INFO - Minimum gradient before clipping: -0.690028190612793
2024-08-20 03:29:37,435 - INFO - Mean training L1 loss: 0.019958967305719853
2024-08-20 03:29:37,435 - INFO - Mean training SSIM loss: 0.0
2024-08-20 03:29:37,436 - INFO - Mean training MSE loss: 0.0009771477757021785
2024-08-20 03:29:48,699 - INFO - Mean validation L1 loss: 0.019206130504608156
2024-08-20 03:29:48,699 - INFO - Mean validation SSIM loss: 0.0
2024-08-20 03:29:48,700 - INFO - Mean validation MSE loss: 0.0008992775529623032
2024-08-20 03:29:48,703 - INFO - Epoch 35
-------------------------------
2024-08-20 03:29:48,703 - INFO - Learning Rate of group 0: 0.0005741250580049523
2024-08-20 03:31:37,545 - INFO - Maximum gradient before clipping: 0.5988088846206665
2024-08-20 03:31:37,546 - INFO - Minimum gradient before clipping: -0.8745931386947632
2024-08-20 03:31:37,547 - INFO - Mean training L1 loss: 0.020249694511294367
2024-08-20 03:31:37,547 - INFO - Mean training SSIM loss: 0.0
2024-08-20 03:31:37,547 - INFO - Mean training MSE loss: 0.000993449029047042
2024-08-20 03:31:49,168 - INFO - Mean validation L1 loss: 0.019344941452145575
2024-08-20 03:31:49,168 - INFO - Mean validation SSIM loss: 0.0
2024-08-20 03:31:49,168 - INFO - Mean validation MSE loss: 0.0009238031879067421
2024-08-20 03:31:49,171 - INFO - Epoch 36
-------------------------------
2024-08-20 03:31:49,172 - INFO - Learning Rate of group 0: 0.0005741250580049523
2024-08-20 03:33:37,666 - INFO - Maximum gradient before clipping: 0.6473677754402161
2024-08-20 03:33:37,667 - INFO - Minimum gradient before clipping: -0.7463093996047974
2024-08-20 03:33:37,668 - INFO - Mean training L1 loss: 0.020609307494014503
2024-08-20 03:33:37,668 - INFO - Mean training SSIM loss: 0.0
2024-08-20 03:33:37,668 - INFO - Mean training MSE loss: 0.0010120349528733642
2024-08-20 03:33:49,088 - INFO - Mean validation L1 loss: 0.019153442457318304
2024-08-20 03:33:49,088 - INFO - Mean validation SSIM loss: 0.0
2024-08-20 03:33:49,088 - INFO - Mean validation MSE loss: 0.0009019456198439002
2024-08-20 03:33:49,091 - INFO - Epoch 37
-------------------------------
2024-08-20 03:33:49,091 - INFO - Learning Rate of group 0: 0.0005741250580049523
2024-08-20 03:35:38,023 - INFO - Maximum gradient before clipping: 0.5629070997238159
2024-08-20 03:35:38,024 - INFO - Minimum gradient before clipping: -0.6396005153656006
2024-08-20 03:35:38,024 - INFO - Mean training L1 loss: 0.01998643884435296
2024-08-20 03:35:38,024 - INFO - Mean training SSIM loss: 0.0
2024-08-20 03:35:38,024 - INFO - Mean training MSE loss: 0.0009740449365926906
2024-08-20 03:35:49,168 - INFO - Mean validation L1 loss: 0.01889939799904823
2024-08-20 03:35:49,168 - INFO - Mean validation SSIM loss: 0.0
2024-08-20 03:35:49,168 - INFO - Mean validation MSE loss: 0.0008669683942571282
2024-08-20 03:35:51,150 - INFO - New best validation Loss 0.01889939799904823, at epoch 37
2024-08-20 03:35:51,154 - INFO - Epoch 38
-------------------------------
2024-08-20 03:35:51,154 - INFO - Learning Rate of group 0: 0.0005741250580049523
2024-08-20 03:37:40,100 - INFO - Maximum gradient before clipping: 0.6184608936309814
2024-08-20 03:37:40,101 - INFO - Minimum gradient before clipping: -0.6615363955497742
2024-08-20 03:37:40,102 - INFO - Mean training L1 loss: 0.02027616124600172
2024-08-20 03:37:40,102 - INFO - Mean training SSIM loss: 0.0
2024-08-20 03:37:40,102 - INFO - Mean training MSE loss: 0.0009977795142913238
2024-08-20 03:37:51,343 - INFO - Mean validation L1 loss: 0.019261375218629837
2024-08-20 03:37:51,344 - INFO - Mean validation SSIM loss: 0.0
2024-08-20 03:37:51,344 - INFO - Mean validation MSE loss: 0.0009281871537677944
2024-08-20 03:37:51,347 - INFO - Epoch 39
-------------------------------
2024-08-20 03:37:51,347 - INFO - Learning Rate of group 0: 0.0005741250580049523
2024-08-20 03:39:40,002 - INFO - Maximum gradient before clipping: 0.5446231961250305
2024-08-20 03:39:40,003 - INFO - Minimum gradient before clipping: -0.7017484307289124
2024-08-20 03:39:40,004 - INFO - Mean training L1 loss: 0.019797163661569358
2024-08-20 03:39:40,004 - INFO - Mean training SSIM loss: 0.0
2024-08-20 03:39:40,004 - INFO - Mean training MSE loss: 0.0009598581038881093
2024-08-20 03:39:50,994 - INFO - Mean validation L1 loss: 0.019420665055513382
2024-08-20 03:39:50,994 - INFO - Mean validation SSIM loss: 0.0
2024-08-20 03:39:50,994 - INFO - Mean validation MSE loss: 0.0008999251620844007
2024-08-20 03:39:50,997 - INFO - Epoch 40
-------------------------------
2024-08-20 03:39:50,997 - INFO - Learning Rate of group 0: 0.0005741250580049523
2024-08-20 03:41:39,775 - INFO - Maximum gradient before clipping: 0.6421438455581665
2024-08-20 03:41:39,775 - INFO - Minimum gradient before clipping: -0.6029443144798279
2024-08-20 03:41:39,776 - INFO - Mean training L1 loss: 0.019683734867721795
2024-08-20 03:41:39,776 - INFO - Mean training SSIM loss: 0.0
2024-08-20 03:41:39,776 - INFO - Mean training MSE loss: 0.0009475434001069516
2024-08-20 03:41:50,843 - INFO - Mean validation L1 loss: 0.018775417804718017
2024-08-20 03:41:50,843 - INFO - Mean validation SSIM loss: 0.0
2024-08-20 03:41:50,843 - INFO - Mean validation MSE loss: 0.0008926064823754132
2024-08-20 03:41:52,819 - INFO - New best validation Loss 0.018775417804718017, at epoch 40
2024-08-20 03:41:52,822 - INFO - Epoch 41
-------------------------------
2024-08-20 03:41:52,822 - INFO - Learning Rate of group 0: 0.0005741250580049523
2024-08-20 03:43:41,336 - INFO - Maximum gradient before clipping: 0.42201462388038635
2024-08-20 03:43:41,336 - INFO - Minimum gradient before clipping: -0.5240073800086975
2024-08-20 03:43:41,337 - INFO - Mean training L1 loss: 0.019270978197455407
2024-08-20 03:43:41,337 - INFO - Mean training SSIM loss: 0.0
2024-08-20 03:43:41,337 - INFO - Mean training MSE loss: 0.0009342511335853487
2024-08-20 03:43:52,390 - INFO - Mean validation L1 loss: 0.019138333573937415
2024-08-20 03:43:52,391 - INFO - Mean validation SSIM loss: 0.0
2024-08-20 03:43:52,391 - INFO - Mean validation MSE loss: 0.0008884000242687761
2024-08-20 03:43:52,394 - INFO - Epoch 42
-------------------------------
2024-08-20 03:43:52,394 - INFO - Learning Rate of group 0: 0.0005741250580049523
2024-08-20 03:45:41,379 - INFO - Maximum gradient before clipping: 0.5922308564186096
2024-08-20 03:45:41,380 - INFO - Minimum gradient before clipping: -0.6210201978683472
2024-08-20 03:45:41,380 - INFO - Mean training L1 loss: 0.019814219120889903
2024-08-20 03:45:41,381 - INFO - Mean training SSIM loss: 0.0
2024-08-20 03:45:41,381 - INFO - Mean training MSE loss: 0.0009592415177030488
2024-08-20 03:45:52,459 - INFO - Mean validation L1 loss: 0.018789031505584718
2024-08-20 03:45:52,459 - INFO - Mean validation SSIM loss: 0.0
2024-08-20 03:45:52,459 - INFO - Mean validation MSE loss: 0.00086936772800982
2024-08-20 03:45:52,462 - INFO - Epoch 43
-------------------------------
2024-08-20 03:45:52,462 - INFO - Learning Rate of group 0: 0.0005741250580049523
2024-08-20 03:47:40,976 - INFO - Maximum gradient before clipping: 0.5597153306007385
2024-08-20 03:47:40,977 - INFO - Minimum gradient before clipping: -0.6907983422279358
2024-08-20 03:47:40,977 - INFO - Mean training L1 loss: 0.019506372045725584
2024-08-20 03:47:40,978 - INFO - Mean training SSIM loss: 0.0
2024-08-20 03:47:40,978 - INFO - Mean training MSE loss: 0.0009396664111409336
2024-08-20 03:47:52,524 - INFO - Mean validation L1 loss: 0.021052531227469445
2024-08-20 03:47:52,524 - INFO - Mean validation SSIM loss: 0.0
2024-08-20 03:47:52,524 - INFO - Mean validation MSE loss: 0.0010610298975370824
2024-08-20 03:47:52,527 - INFO - Epoch 44
-------------------------------
2024-08-20 03:47:52,527 - INFO - Learning Rate of group 0: 0.0005741250580049523
2024-08-20 03:49:40,963 - INFO - Maximum gradient before clipping: 0.5403950810432434
2024-08-20 03:49:40,964 - INFO - Minimum gradient before clipping: -0.7400528788566589
2024-08-20 03:49:40,965 - INFO - Mean training L1 loss: 0.019512877240777014
2024-08-20 03:49:40,965 - INFO - Mean training SSIM loss: 0.0
2024-08-20 03:49:40,965 - INFO - Mean training MSE loss: 0.0009415404585888609
2024-08-20 03:49:52,539 - INFO - Mean validation L1 loss: 0.018792628049850463
2024-08-20 03:49:52,539 - INFO - Mean validation SSIM loss: 0.0
2024-08-20 03:49:52,539 - INFO - Mean validation MSE loss: 0.0008538658008910715
2024-08-20 03:49:52,542 - INFO - Epoch 45
-------------------------------
2024-08-20 03:49:52,542 - INFO - Learning Rate of group 0: 0.0005741250580049523
2024-08-20 03:51:41,290 - INFO - Maximum gradient before clipping: 0.44719699025154114
2024-08-20 03:51:41,291 - INFO - Minimum gradient before clipping: -0.5610304474830627
2024-08-20 03:51:41,292 - INFO - Mean training L1 loss: 0.019204658307135105
2024-08-20 03:51:41,292 - INFO - Mean training SSIM loss: 0.0
2024-08-20 03:51:41,292 - INFO - Mean training MSE loss: 0.000921805648249574
2024-08-20 03:51:52,459 - INFO - Mean validation L1 loss: 0.01876786634325981
2024-08-20 03:51:52,460 - INFO - Mean validation SSIM loss: 0.0
2024-08-20 03:51:52,460 - INFO - Mean validation MSE loss: 0.0008760036178864539
2024-08-20 03:51:54,452 - INFO - New best validation Loss 0.01876786634325981, at epoch 45
2024-08-20 03:51:54,456 - INFO - Epoch 46
-------------------------------
2024-08-20 03:51:54,456 - INFO - Learning Rate of group 0: 0.0005741250580049523
2024-08-20 03:53:42,914 - INFO - Maximum gradient before clipping: 0.5330214500427246
2024-08-20 03:53:42,915 - INFO - Minimum gradient before clipping: -0.544521689414978
2024-08-20 03:53:42,916 - INFO - Mean training L1 loss: 0.018950561154633762
2024-08-20 03:53:42,916 - INFO - Mean training SSIM loss: 0.0
2024-08-20 03:53:42,916 - INFO - Mean training MSE loss: 0.0009022793808253482
2024-08-20 03:53:54,293 - INFO - Mean validation L1 loss: 0.01989452764391899
2024-08-20 03:53:54,294 - INFO - Mean validation SSIM loss: 0.0
2024-08-20 03:53:54,294 - INFO - Mean validation MSE loss: 0.0009543668432161212
2024-08-20 03:53:54,297 - INFO - Epoch 47
-------------------------------
2024-08-20 03:53:54,297 - INFO - Learning Rate of group 0: 0.0005741250580049523
2024-08-20 03:55:42,643 - INFO - Maximum gradient before clipping: 0.4755888879299164
2024-08-20 03:55:42,643 - INFO - Minimum gradient before clipping: -0.5569210052490234
2024-08-20 03:55:42,644 - INFO - Mean training L1 loss: 0.01907752106897533
2024-08-20 03:55:42,644 - INFO - Mean training SSIM loss: 0.0
2024-08-20 03:55:42,644 - INFO - Mean training MSE loss: 0.0009150925895664841
2024-08-20 03:55:53,781 - INFO - Mean validation L1 loss: 0.018558776900172234
2024-08-20 03:55:53,781 - INFO - Mean validation SSIM loss: 0.0
2024-08-20 03:55:53,781 - INFO - Mean validation MSE loss: 0.0008250808599404991
2024-08-20 03:55:55,782 - INFO - New best validation Loss 0.018558776900172234, at epoch 47
2024-08-20 03:55:55,785 - INFO - Epoch 48
-------------------------------
2024-08-20 03:55:55,785 - INFO - Learning Rate of group 0: 0.0005741250580049523
2024-08-20 03:57:44,154 - INFO - Maximum gradient before clipping: 0.5275487303733826
2024-08-20 03:57:44,155 - INFO - Minimum gradient before clipping: -0.646022379398346
2024-08-20 03:57:44,155 - INFO - Mean training L1 loss: 0.019079886684194206
2024-08-20 03:57:44,156 - INFO - Mean training SSIM loss: 0.0
2024-08-20 03:57:44,156 - INFO - Mean training MSE loss: 0.000906252006534487
2024-08-20 03:57:55,733 - INFO - Mean validation L1 loss: 0.018422765992581844
2024-08-20 03:57:55,733 - INFO - Mean validation SSIM loss: 0.0
2024-08-20 03:57:55,733 - INFO - Mean validation MSE loss: 0.0008461733267176897
2024-08-20 03:57:57,709 - INFO - New best validation Loss 0.018422765992581844, at epoch 48
2024-08-20 03:57:57,712 - INFO - Epoch 49
-------------------------------
2024-08-20 03:57:57,712 - INFO - Learning Rate of group 0: 0.0005741250580049523
2024-08-20 03:59:46,165 - INFO - Maximum gradient before clipping: 0.6223623752593994
2024-08-20 03:59:46,165 - INFO - Minimum gradient before clipping: -0.7229916453361511
2024-08-20 03:59:46,166 - INFO - Mean training L1 loss: 0.01921895768493414
2024-08-20 03:59:46,166 - INFO - Mean training SSIM loss: 0.0
2024-08-20 03:59:46,166 - INFO - Mean training MSE loss: 0.0009103814914124086
2024-08-20 03:59:57,933 - INFO - Mean validation L1 loss: 0.018566747084259986
2024-08-20 03:59:57,933 - INFO - Mean validation SSIM loss: 0.0
2024-08-20 03:59:57,933 - INFO - Mean validation MSE loss: 0.0008822222845628857
2024-08-20 03:59:57,937 - INFO - Epoch 50
-------------------------------
2024-08-20 03:59:57,937 - INFO - Learning Rate of group 0: 0.0005741250580049523
2024-08-20 04:01:46,754 - INFO - Maximum gradient before clipping: 0.6404302716255188
2024-08-20 04:01:46,755 - INFO - Minimum gradient before clipping: -0.7623630166053772
2024-08-20 04:01:46,756 - INFO - Mean training L1 loss: 0.019420816665515303
2024-08-20 04:01:46,756 - INFO - Mean training SSIM loss: 0.0
2024-08-20 04:01:46,756 - INFO - Mean training MSE loss: 0.0009317024919437244
2024-08-20 04:01:58,273 - INFO - Mean validation L1 loss: 0.019775297343730926
2024-08-20 04:01:58,273 - INFO - Mean validation SSIM loss: 0.0
2024-08-20 04:01:58,273 - INFO - Mean validation MSE loss: 0.0008919298020191491
2024-08-20 04:01:58,276 - INFO - Training Finished
