2024-08-21 12:53:16,442 - INFO - NOTE: None
2024-08-21 12:53:16,445 - INFO - Torch, random, numpy seed: 88
2024-08-21 12:53:17,067 - INFO - Starting training from from epoch 0
2024-08-21 12:53:25,893 - INFO - Epoch 1
-------------------------------
2024-08-21 12:53:25,893 - INFO - Learning Rate of group 0: 0.0
2024-08-21 12:54:11,529 - INFO - Maximum gradient before clipping: 2.3385093212127686
2024-08-21 12:54:11,530 - INFO - Minimum gradient before clipping: -0.6767093539237976
2024-08-21 12:54:11,530 - INFO - Mean training L1 loss: 0.13535478815436364
2024-08-21 12:54:11,530 - INFO - Mean training SSIM loss: 0.0003706342715668143
2024-08-21 12:54:11,530 - INFO - Mean training MSE loss: 0.032830245923250914
2024-08-21 12:54:19,725 - INFO - Mean validation L1 loss: 0.13423432767391205
2024-08-21 12:54:19,725 - INFO - Mean validation SSIM loss: 0.00032828933268319816
2024-08-21 12:54:19,725 - INFO - Mean validation MSE loss: 0.03223823964595795
2024-08-21 12:54:20,192 - INFO - New best validation Loss 0.13423432767391205, at epoch 1
2024-08-21 12:54:20,199 - INFO - Epoch 2
-------------------------------
2024-08-21 12:54:20,199 - INFO - Learning Rate of group 0: 0.0002537193525026569
2024-08-21 12:55:04,418 - INFO - Maximum gradient before clipping: 7.685487747192383
2024-08-21 12:55:04,419 - INFO - Minimum gradient before clipping: -12.330131530761719
2024-08-21 12:55:04,419 - INFO - Mean training L1 loss: 0.06044461201876402
2024-08-21 12:55:04,420 - INFO - Mean training SSIM loss: 0.001021324538381301
2024-08-21 12:55:04,420 - INFO - Mean training MSE loss: 0.008353726428467781
2024-08-21 12:55:13,043 - INFO - Mean validation L1 loss: 0.04822681620717049
2024-08-21 12:55:13,043 - INFO - Mean validation SSIM loss: 4.878808757435848e-07
2024-08-21 12:55:13,043 - INFO - Mean validation MSE loss: 0.004037331603467464
2024-08-21 12:55:13,507 - INFO - New best validation Loss 0.04822681620717049, at epoch 2
2024-08-21 12:55:13,510 - INFO - Epoch 3
-------------------------------
2024-08-21 12:55:13,510 - INFO - Learning Rate of group 0: 0.0005074387050053138
2024-08-21 12:55:57,174 - INFO - Maximum gradient before clipping: 1.8351666927337646
2024-08-21 12:55:57,174 - INFO - Minimum gradient before clipping: -2.256701707839966
2024-08-21 12:55:57,174 - INFO - Mean training L1 loss: 0.04632007729262114
2024-08-21 12:55:57,175 - INFO - Mean training SSIM loss: 3.3873598213240983e-06
2024-08-21 12:55:57,175 - INFO - Mean training MSE loss: 0.0039842231594957415
2024-08-21 12:56:04,686 - INFO - Mean validation L1 loss: 0.04916830882430077
2024-08-21 12:56:04,686 - INFO - Mean validation SSIM loss: 8.019050338958778e-07
2024-08-21 12:56:04,686 - INFO - Mean validation MSE loss: 0.004027892323210836
2024-08-21 12:56:04,689 - INFO - Epoch 4
-------------------------------
2024-08-21 12:56:04,689 - INFO - Learning Rate of group 0: 0.0007611580575079708
2024-08-21 12:56:48,422 - INFO - Maximum gradient before clipping: 1.584011197090149
2024-08-21 12:56:48,422 - INFO - Minimum gradient before clipping: -2.414325714111328
2024-08-21 12:56:48,423 - INFO - Mean training L1 loss: 0.045391147434711454
2024-08-21 12:56:48,423 - INFO - Mean training SSIM loss: 3.854719741232526e-06
2024-08-21 12:56:48,423 - INFO - Mean training MSE loss: 0.0038456961244810375
2024-08-21 12:56:56,358 - INFO - Mean validation L1 loss: 0.04959414973855018
2024-08-21 12:56:56,358 - INFO - Mean validation SSIM loss: 7.353678009280883e-07
2024-08-21 12:56:56,358 - INFO - Mean validation MSE loss: 0.004240911435335875
