2024-08-24 23:10:11,769 - INFO - NOTE: None
2024-08-24 23:10:11,772 - INFO - Torch, random, numpy seed: 88
2024-08-24 23:10:12,858 - INFO - Starting training from from epoch 0
2024-08-24 23:10:21,228 - INFO - Epoch 1
-------------------------------
2024-08-24 23:10:21,229 - INFO - Learning Rate of group 0: 0.0
2024-08-24 23:11:13,416 - INFO - Maximum gradient before clipping: 3.3038668632507324
2024-08-24 23:11:13,416 - INFO - Minimum gradient before clipping: -6.586544036865234
2024-08-24 23:11:13,417 - INFO - Mean training L1 loss: 0.12313854113221169
2024-08-24 23:11:13,417 - INFO - Mean training SSIM loss: 0.017641728066373617
2024-08-24 23:11:13,417 - INFO - Mean training MSE loss: 0.029638101737946274
2024-08-24 23:11:21,653 - INFO - Mean validation L1 loss: 0.12160577803850174
2024-08-24 23:11:21,654 - INFO - Mean validation SSIM loss: 0.017375231590121984
2024-08-24 23:11:21,654 - INFO - Mean validation MSE loss: 0.0285633559525013
2024-08-24 23:11:22,141 - INFO - New best validation Loss 0.12160577803850174, at epoch 1
2024-08-24 23:11:22,142 - INFO - Epoch 2
-------------------------------
2024-08-24 23:11:22,142 - INFO - Learning Rate of group 0: 4e-05
2024-08-24 23:12:11,640 - INFO - Maximum gradient before clipping: 0.34884196519851685
2024-08-24 23:12:11,640 - INFO - Minimum gradient before clipping: -0.6471705436706543
2024-08-24 23:12:11,641 - INFO - Mean training L1 loss: 0.05486944776028395
2024-08-24 23:12:11,641 - INFO - Mean training SSIM loss: 0.00020514508635569695
2024-08-24 23:12:11,641 - INFO - Mean training MSE loss: 0.0061924899090081455
2024-08-24 23:12:19,373 - INFO - Mean validation L1 loss: 0.044988472014665604
2024-08-24 23:12:19,373 - INFO - Mean validation SSIM loss: 1.6066140818615792e-07
2024-08-24 23:12:19,373 - INFO - Mean validation MSE loss: 0.004026175299659371
2024-08-24 23:12:19,856 - INFO - New best validation Loss 0.044988472014665604, at epoch 2
2024-08-24 23:12:19,857 - INFO - Epoch 3
-------------------------------
2024-08-24 23:12:19,857 - INFO - Learning Rate of group 0: 8e-05
2024-08-24 23:13:09,735 - INFO - Maximum gradient before clipping: 0.18380644917488098
2024-08-24 23:13:09,735 - INFO - Minimum gradient before clipping: -0.18668803572654724
2024-08-24 23:13:09,736 - INFO - Mean training L1 loss: 0.04325069092214107
2024-08-24 23:13:09,736 - INFO - Mean training SSIM loss: 1.563433891746402e-07
2024-08-24 23:13:09,736 - INFO - Mean training MSE loss: 0.0038620234513655305
2024-08-24 23:13:18,509 - INFO - Mean validation L1 loss: 0.04339810028672218
2024-08-24 23:13:18,509 - INFO - Mean validation SSIM loss: 7.909348902046531e-08
2024-08-24 23:13:18,509 - INFO - Mean validation MSE loss: 0.0039621373172849415
2024-08-24 23:13:18,982 - INFO - New best validation Loss 0.04339810028672218, at epoch 3
2024-08-24 23:13:18,982 - INFO - Epoch 4
-------------------------------
2024-08-24 23:13:18,982 - INFO - Learning Rate of group 0: 0.00012
2024-08-24 23:14:08,203 - INFO - Maximum gradient before clipping: 0.22775588929653168
2024-08-24 23:14:08,203 - INFO - Minimum gradient before clipping: -0.19946271181106567
2024-08-24 23:14:08,204 - INFO - Mean training L1 loss: 0.04235699975863099
2024-08-24 23:14:08,204 - INFO - Mean training SSIM loss: 1.3527142723693265e-07
2024-08-24 23:14:08,204 - INFO - Mean training MSE loss: 0.0036980083223897963
2024-08-24 23:14:15,586 - INFO - Mean validation L1 loss: 0.04205788105726242
2024-08-24 23:14:15,587 - INFO - Mean validation SSIM loss: 6.240266993140509e-08
2024-08-24 23:14:15,587 - INFO - Mean validation MSE loss: 0.0035901026986539363
2024-08-24 23:14:16,074 - INFO - New best validation Loss 0.04205788105726242, at epoch 4
2024-08-24 23:14:16,074 - INFO - Epoch 5
-------------------------------
2024-08-24 23:14:16,074 - INFO - Learning Rate of group 0: 0.00016
2024-08-24 23:15:05,479 - INFO - Maximum gradient before clipping: 0.20842266082763672
2024-08-24 23:15:05,479 - INFO - Minimum gradient before clipping: -0.22537635266780853
2024-08-24 23:15:05,480 - INFO - Mean training L1 loss: 0.04133660757914186
2024-08-24 23:15:05,480 - INFO - Mean training SSIM loss: 8.291469792920392e-08
2024-08-24 23:15:05,480 - INFO - Mean training MSE loss: 0.0035499850963242353
2024-08-24 23:15:13,755 - INFO - Mean validation L1 loss: 0.0417816860973835
2024-08-24 23:15:13,756 - INFO - Mean validation SSIM loss: 4.804914111034009e-08
2024-08-24 23:15:13,756 - INFO - Mean validation MSE loss: 0.003837603889405727
2024-08-24 23:15:14,234 - INFO - New best validation Loss 0.0417816860973835, at epoch 5
2024-08-24 23:15:14,235 - INFO - Epoch 6
-------------------------------
2024-08-24 23:15:14,235 - INFO - Learning Rate of group 0: 0.0002
2024-08-24 23:16:04,056 - INFO - Maximum gradient before clipping: 0.21586266160011292
2024-08-24 23:16:04,057 - INFO - Minimum gradient before clipping: -0.209425687789917
2024-08-24 23:16:04,057 - INFO - Mean training L1 loss: 0.03946799594908953
2024-08-24 23:16:04,057 - INFO - Mean training SSIM loss: 5.493583422888637e-08
2024-08-24 23:16:04,057 - INFO - Mean training MSE loss: 0.003243630864890292
2024-08-24 23:16:12,281 - INFO - Mean validation L1 loss: 0.0378730521351099
2024-08-24 23:16:12,281 - INFO - Mean validation SSIM loss: 1.2302770495686843e-08
2024-08-24 23:16:12,281 - INFO - Mean validation MSE loss: 0.0030024155136197804
2024-08-24 23:16:12,764 - INFO - New best validation Loss 0.0378730521351099, at epoch 6
2024-08-24 23:16:12,764 - INFO - Epoch 7
-------------------------------
2024-08-24 23:16:12,764 - INFO - Learning Rate of group 0: 0.00019921541278079057
2024-08-24 23:17:02,699 - INFO - Maximum gradient before clipping: 0.23949997127056122
2024-08-24 23:17:02,700 - INFO - Minimum gradient before clipping: -0.2209562510251999
2024-08-24 23:17:02,700 - INFO - Mean training L1 loss: 0.03860055623576045
2024-08-24 23:17:02,700 - INFO - Mean training SSIM loss: 5.270918016830883e-08
2024-08-24 23:17:02,700 - INFO - Mean training MSE loss: 0.0030914116313215346
2024-08-24 23:17:10,623 - INFO - Mean validation L1 loss: 0.03752236701548099
2024-08-24 23:17:10,623 - INFO - Mean validation SSIM loss: 1.563233246737461e-08
2024-08-24 23:17:10,623 - INFO - Mean validation MSE loss: 0.002891533928923309
2024-08-24 23:17:11,100 - INFO - New best validation Loss 0.03752236701548099, at epoch 7
2024-08-24 23:17:11,100 - INFO - Epoch 8
-------------------------------
2024-08-24 23:17:11,100 - INFO - Learning Rate of group 0: 0.0001968740245322988
2024-08-24 23:18:00,413 - INFO - Maximum gradient before clipping: 0.18979455530643463
2024-08-24 23:18:00,413 - INFO - Minimum gradient before clipping: -0.18275201320648193
2024-08-24 23:18:00,414 - INFO - Mean training L1 loss: 0.03707748584449291
2024-08-24 23:18:00,414 - INFO - Mean training SSIM loss: 1.980566613102308e-08
2024-08-24 23:18:00,414 - INFO - Mean training MSE loss: 0.0029064636782277376
2024-08-24 23:18:08,575 - INFO - Mean validation L1 loss: 0.037737358435988425
2024-08-24 23:18:08,575 - INFO - Mean validation SSIM loss: 1.65980102129204e-08
2024-08-24 23:18:08,575 - INFO - Mean validation MSE loss: 0.0027967491978779435
2024-08-24 23:18:08,575 - INFO - Epoch 9
-------------------------------
2024-08-24 23:18:08,575 - INFO - Learning Rate of group 0: 0.00019301276034588104
2024-08-24 23:18:57,961 - INFO - Maximum gradient before clipping: 0.16768993437290192
2024-08-24 23:18:57,961 - INFO - Minimum gradient before clipping: -0.2329530566930771
2024-08-24 23:18:57,961 - INFO - Mean training L1 loss: 0.036777752712368966
2024-08-24 23:18:57,961 - INFO - Mean training SSIM loss: 4.6763094497595524e-08
2024-08-24 23:18:57,961 - INFO - Mean training MSE loss: 0.0028599992080125957
2024-08-24 23:19:06,745 - INFO - Mean validation L1 loss: 0.036878101080656055
2024-08-24 23:19:06,745 - INFO - Mean validation SSIM loss: 1.578305943938929e-08
2024-08-24 23:19:06,745 - INFO - Mean validation MSE loss: 0.0029484072234481572
2024-08-24 23:19:07,219 - INFO - New best validation Loss 0.036878101080656055, at epoch 9
2024-08-24 23:19:07,220 - INFO - Epoch 10
-------------------------------
2024-08-24 23:19:07,220 - INFO - Learning Rate of group 0: 0.00018769251466436445
2024-08-24 23:19:56,608 - INFO - Maximum gradient before clipping: 0.17018896341323853
2024-08-24 23:19:56,608 - INFO - Minimum gradient before clipping: -0.19792567193508148
2024-08-24 23:19:56,609 - INFO - Mean training L1 loss: 0.03663440031930804
2024-08-24 23:19:56,609 - INFO - Mean training SSIM loss: 1.1639204426788785e-08
2024-08-24 23:19:56,609 - INFO - Mean training MSE loss: 0.0028620267438236625
2024-08-24 23:25:49,735 - INFO - Validation split Earthnet Score on epoch 10
2024-08-24 23:25:49,738 - INFO - {'MAD': 0.22058196365833282, 'OLS': 0.30634137988090515, 'EMD': 0.19614775478839874, 'SSIM': 0.03803112730383873, 'EarthNetScore': 0.10206622177073787}
2024-08-24 23:25:49,738 - INFO - Mean validation L1 loss: 0.036676898673176764
2024-08-24 23:25:49,738 - INFO - Mean validation SSIM loss: 1.3309998259936062e-08
2024-08-24 23:25:49,738 - INFO - Mean validation MSE loss: 0.002862549964338541
2024-08-24 23:25:50,221 - INFO - New best validation Loss 0.036676898673176764, at epoch 10
2024-08-24 23:25:50,221 - INFO - Epoch 11
-------------------------------
2024-08-24 23:25:50,221 - INFO - Learning Rate of group 0: 0.0001809971909403073
2024-08-24 23:26:40,099 - INFO - Maximum gradient before clipping: 0.17425858974456787
2024-08-24 23:26:40,099 - INFO - Minimum gradient before clipping: -0.1709814965724945
2024-08-24 23:26:40,101 - INFO - Mean training L1 loss: 0.03595454439520836
2024-08-24 23:26:40,101 - INFO - Mean training SSIM loss: 1.1042956225108814e-08
2024-08-24 23:26:40,101 - INFO - Mean training MSE loss: 0.0027687060972675683
2024-08-24 23:26:48,752 - INFO - Mean validation L1 loss: 0.03684379994869232
2024-08-24 23:26:48,752 - INFO - Mean validation SSIM loss: 2.8981530195704153e-08
2024-08-24 23:26:48,752 - INFO - Mean validation MSE loss: 0.0029888626094907523
2024-08-24 23:26:48,752 - INFO - Epoch 12
-------------------------------
2024-08-24 23:26:48,752 - INFO - Learning Rate of group 0: 0.00017303237842843048
2024-08-24 23:27:38,265 - INFO - Maximum gradient before clipping: 0.19179686903953552
2024-08-24 23:27:38,265 - INFO - Minimum gradient before clipping: -0.2107161432504654
2024-08-24 23:27:38,266 - INFO - Mean training L1 loss: 0.03618899529799819
2024-08-24 23:27:38,266 - INFO - Mean training SSIM loss: 1.5019453652349858e-08
2024-08-24 23:27:38,266 - INFO - Mean training MSE loss: 0.0027990275470074267
2024-08-24 23:27:46,672 - INFO - Mean validation L1 loss: 0.03552200183272362
2024-08-24 23:27:46,673 - INFO - Mean validation SSIM loss: 4.5417963681626535e-09
2024-08-24 23:27:46,673 - INFO - Mean validation MSE loss: 0.002756521697156131
2024-08-24 23:27:47,156 - INFO - New best validation Loss 0.03552200183272362, at epoch 12
2024-08-24 23:27:47,156 - INFO - Epoch 13
-------------------------------
2024-08-24 23:27:47,157 - INFO - Learning Rate of group 0: 0.00016392368697999466
2024-08-24 23:28:36,564 - INFO - Maximum gradient before clipping: 0.14674770832061768
2024-08-24 23:28:36,564 - INFO - Minimum gradient before clipping: -0.17472869157791138
2024-08-24 23:28:36,564 - INFO - Mean training L1 loss: 0.035066934451460835
2024-08-24 23:28:36,564 - INFO - Mean training SSIM loss: 1.0517578167045308e-08
2024-08-24 23:28:36,565 - INFO - Mean training MSE loss: 0.0026677114586345853
2024-08-24 23:28:45,734 - INFO - Mean validation L1 loss: 0.03533951789140701
2024-08-24 23:28:45,734 - INFO - Mean validation SSIM loss: 6.390025037994462e-09
2024-08-24 23:28:45,734 - INFO - Mean validation MSE loss: 0.0028006359562277794
2024-08-24 23:28:46,216 - INFO - New best validation Loss 0.03533951789140701, at epoch 13
2024-08-24 23:28:46,216 - INFO - Epoch 14
-------------------------------
2024-08-24 23:28:46,216 - INFO - Learning Rate of group 0: 0.00015381476610041016
2024-08-24 23:29:36,195 - INFO - Maximum gradient before clipping: 0.18930146098136902
2024-08-24 23:29:36,195 - INFO - Minimum gradient before clipping: -0.20617404580116272
2024-08-24 23:29:36,196 - INFO - Mean training L1 loss: 0.03485896788537502
2024-08-24 23:29:36,196 - INFO - Mean training SSIM loss: 2.987204901720025e-08
2024-08-24 23:29:36,196 - INFO - Mean training MSE loss: 0.0026407638657838105
2024-08-24 23:29:44,878 - INFO - Mean validation L1 loss: 0.03509672179818153
2024-08-24 23:29:44,879 - INFO - Mean validation SSIM loss: 5.164736396889858e-09
2024-08-24 23:29:44,879 - INFO - Mean validation MSE loss: 0.0027456601103767755
2024-08-24 23:29:45,357 - INFO - New best validation Loss 0.03509672179818153, at epoch 14
2024-08-24 23:29:45,358 - INFO - Epoch 15
-------------------------------
2024-08-24 23:29:45,358 - INFO - Learning Rate of group 0: 0.00014286503951072474
2024-08-24 23:30:35,363 - INFO - Maximum gradient before clipping: 0.1386861503124237
2024-08-24 23:30:35,363 - INFO - Minimum gradient before clipping: -0.15304969251155853
2024-08-24 23:30:35,363 - INFO - Mean training L1 loss: 0.034538194462656976
2024-08-24 23:30:35,363 - INFO - Mean training SSIM loss: 6.374222108161687e-09
2024-08-24 23:30:35,363 - INFO - Mean training MSE loss: 0.0026090092782396824
2024-08-24 23:30:44,290 - INFO - Mean validation L1 loss: 0.03412667684257031
2024-08-24 23:30:44,290 - INFO - Mean validation SSIM loss: 2.4122388098124502e-09
2024-08-24 23:30:44,290 - INFO - Mean validation MSE loss: 0.0025541760632768274
2024-08-24 23:30:44,773 - INFO - New best validation Loss 0.03412667684257031, at epoch 15
2024-08-24 23:30:44,773 - INFO - Epoch 16
-------------------------------
2024-08-24 23:30:44,773 - INFO - Learning Rate of group 0: 0.00013124719094030727
2024-08-24 23:31:34,117 - INFO - Maximum gradient before clipping: 0.1583843231201172
2024-08-24 23:31:34,117 - INFO - Minimum gradient before clipping: -0.16692304611206055
2024-08-24 23:31:34,117 - INFO - Mean training L1 loss: 0.034293006416410206
2024-08-24 23:31:34,117 - INFO - Mean training SSIM loss: 5.792172727905886e-09
2024-08-24 23:31:34,118 - INFO - Mean training MSE loss: 0.0025884850067086516
2024-08-24 23:31:42,509 - INFO - Mean validation L1 loss: 0.03747345715761185
2024-08-24 23:31:42,509 - INFO - Mean validation SSIM loss: 6.4441504010748216e-09
2024-08-24 23:31:42,509 - INFO - Mean validation MSE loss: 0.0026825333898887038
2024-08-24 23:31:42,509 - INFO - Epoch 17
-------------------------------
2024-08-24 23:31:42,509 - INFO - Learning Rate of group 0: 0.00011914444080127962
2024-08-24 23:32:32,608 - INFO - Maximum gradient before clipping: 0.17466089129447937
2024-08-24 23:32:32,608 - INFO - Minimum gradient before clipping: -0.1828068196773529
2024-08-24 23:32:32,608 - INFO - Mean training L1 loss: 0.034235977921634915
2024-08-24 23:32:32,608 - INFO - Mean training SSIM loss: 5.4692234108255634e-09
2024-08-24 23:32:32,608 - INFO - Mean training MSE loss: 0.002561221313662827
2024-08-24 23:32:41,519 - INFO - Mean validation L1 loss: 0.03461635775864124
2024-08-24 23:32:41,519 - INFO - Mean validation SSIM loss: 2.718779148480621e-09
2024-08-24 23:32:41,519 - INFO - Mean validation MSE loss: 0.0024797596503049134
2024-08-24 23:32:41,519 - INFO - Epoch 18
-------------------------------
2024-08-24 23:32:41,519 - INFO - Learning Rate of group 0: 0.0001067476566931667
2024-08-24 23:33:30,958 - INFO - Maximum gradient before clipping: 0.12899628281593323
2024-08-24 23:33:30,958 - INFO - Minimum gradient before clipping: -0.1537996530532837
2024-08-24 23:33:30,959 - INFO - Mean training L1 loss: 0.03400700401514769
2024-08-24 23:33:30,959 - INFO - Mean training SSIM loss: 6.913268351046997e-09
2024-08-24 23:33:30,960 - INFO - Mean training MSE loss: 0.0025525616563390943
2024-08-24 23:33:38,811 - INFO - Mean validation L1 loss: 0.03371167004108429
2024-08-24 23:33:38,811 - INFO - Mean validation SSIM loss: 2.8707124799520754e-09
2024-08-24 23:33:38,811 - INFO - Mean validation MSE loss: 0.0025482159573584793
2024-08-24 23:33:39,292 - INFO - New best validation Loss 0.03371167004108429, at epoch 18
2024-08-24 23:33:39,292 - INFO - Epoch 19
-------------------------------
2024-08-24 23:33:39,292 - INFO - Learning Rate of group 0: 9.425234330683332e-05
2024-08-24 23:34:28,643 - INFO - Maximum gradient before clipping: 0.15235111117362976
2024-08-24 23:34:28,643 - INFO - Minimum gradient before clipping: -0.18192455172538757
2024-08-24 23:34:28,643 - INFO - Mean training L1 loss: 0.03359985809773207
2024-08-24 23:34:28,644 - INFO - Mean training SSIM loss: 8.425118370736228e-09
2024-08-24 23:34:28,644 - INFO - Mean training MSE loss: 0.0025080490636173636
2024-08-24 23:34:37,355 - INFO - Mean validation L1 loss: 0.03421268597245217
2024-08-24 23:34:37,355 - INFO - Mean validation SSIM loss: 1.7626612047738632e-09
2024-08-24 23:34:37,355 - INFO - Mean validation MSE loss: 0.0024575278908014297
2024-08-24 23:34:37,356 - INFO - Epoch 20
-------------------------------
2024-08-24 23:34:37,356 - INFO - Learning Rate of group 0: 8.18555591987204e-05
2024-08-24 23:35:26,755 - INFO - Maximum gradient before clipping: 0.148971825838089
2024-08-24 23:35:26,756 - INFO - Minimum gradient before clipping: -0.13513943552970886
2024-08-24 23:35:26,756 - INFO - Mean training L1 loss: 0.033501108810305595
2024-08-24 23:35:26,756 - INFO - Mean training SSIM loss: 3.4569680511589707e-09
2024-08-24 23:35:26,756 - INFO - Mean training MSE loss: 0.0024918993446044623
2024-08-24 23:41:19,774 - INFO - Validation split Earthnet Score on epoch 20
2024-08-24 23:41:19,775 - INFO - {'MAD': 0.2252219021320343, 'OLS': 0.3112030029296875, 'EMD': 0.20258887112140656, 'SSIM': 0.04833640903234482, 'EarthNetScore': 0.1202000871887463}
2024-08-24 23:41:19,776 - INFO - Mean validation L1 loss: 0.033353387787938116
2024-08-24 23:41:19,776 - INFO - Mean validation SSIM loss: 2.376244048335474e-09
2024-08-24 23:41:19,776 - INFO - Mean validation MSE loss: 0.0024373952951282263
2024-08-24 23:41:20,283 - INFO - New best validation Loss 0.033353387787938116, at epoch 20
2024-08-24 23:41:20,284 - INFO - Epoch 21
-------------------------------
2024-08-24 23:41:20,284 - INFO - Learning Rate of group 0: 6.975280905969276e-05
2024-08-24 23:42:09,217 - INFO - Maximum gradient before clipping: 0.15430322289466858
2024-08-24 23:42:09,218 - INFO - Minimum gradient before clipping: -0.1538008749485016
2024-08-24 23:42:09,218 - INFO - Mean training L1 loss: 0.03317657163366675
2024-08-24 23:42:09,218 - INFO - Mean training SSIM loss: 7.97963975885524e-09
2024-08-24 23:42:09,218 - INFO - Mean training MSE loss: 0.002453029459575191
2024-08-24 23:42:17,309 - INFO - Mean validation L1 loss: 0.03343741960823536
2024-08-24 23:42:17,309 - INFO - Mean validation SSIM loss: 1.398170806563015e-09
2024-08-24 23:42:17,309 - INFO - Mean validation MSE loss: 0.002426188834942877
2024-08-24 23:42:17,309 - INFO - Epoch 22
-------------------------------
2024-08-24 23:42:17,309 - INFO - Learning Rate of group 0: 5.813496048927526e-05
2024-08-24 23:43:06,791 - INFO - Maximum gradient before clipping: 0.14089830219745636
2024-08-24 23:43:06,791 - INFO - Minimum gradient before clipping: -0.18873271346092224
2024-08-24 23:43:06,792 - INFO - Mean training L1 loss: 0.033302929606288674
2024-08-24 23:43:06,792 - INFO - Mean training SSIM loss: 3.977348102934125e-09
2024-08-24 23:43:06,792 - INFO - Mean training MSE loss: 0.0024700636020861567
2024-08-24 23:43:15,783 - INFO - Mean validation L1 loss: 0.034507241174578665
2024-08-24 23:43:15,784 - INFO - Mean validation SSIM loss: 2.8796262832586626e-09
2024-08-24 23:43:15,784 - INFO - Mean validation MSE loss: 0.002426578546874225
2024-08-24 23:43:15,784 - INFO - Epoch 23
-------------------------------
2024-08-24 23:43:15,784 - INFO - Learning Rate of group 0: 4.7185233899589804e-05
2024-08-24 23:44:05,801 - INFO - Maximum gradient before clipping: 0.16937723755836487
2024-08-24 23:44:05,801 - INFO - Minimum gradient before clipping: -0.13865426182746887
2024-08-24 23:44:05,802 - INFO - Mean training L1 loss: 0.032935091592371464
2024-08-24 23:44:05,802 - INFO - Mean training SSIM loss: 3.8246412092241e-09
2024-08-24 23:44:05,802 - INFO - Mean training MSE loss: 0.0024162428197450937
2024-08-24 23:44:14,270 - INFO - Mean validation L1 loss: 0.03258755750954151
2024-08-24 23:44:14,270 - INFO - Mean validation SSIM loss: 1.6614897800637517e-09
2024-08-24 23:44:14,270 - INFO - Mean validation MSE loss: 0.0023843308305367826
2024-08-24 23:44:14,746 - INFO - New best validation Loss 0.03258755750954151, at epoch 23
2024-08-24 23:44:14,746 - INFO - Epoch 24
-------------------------------
2024-08-24 23:44:14,746 - INFO - Learning Rate of group 0: 3.7076313020005365e-05
2024-08-24 23:45:04,478 - INFO - Maximum gradient before clipping: 0.12835460901260376
2024-08-24 23:45:04,478 - INFO - Minimum gradient before clipping: -0.1306043565273285
2024-08-24 23:45:04,479 - INFO - Mean training L1 loss: 0.03252698991447687
2024-08-24 23:45:04,479 - INFO - Mean training SSIM loss: 2.7106977262564975e-09
2024-08-24 23:45:04,479 - INFO - Mean training MSE loss: 0.0023775394866243004
2024-08-24 23:45:12,984 - INFO - Mean validation L1 loss: 0.03293921478092671
2024-08-24 23:45:12,984 - INFO - Mean validation SSIM loss: 1.7050182675795722e-09
2024-08-24 23:45:12,984 - INFO - Mean validation MSE loss: 0.002376860361546278
2024-08-24 23:45:12,985 - INFO - Epoch 25
-------------------------------
2024-08-24 23:45:12,985 - INFO - Learning Rate of group 0: 2.7967621571569573e-05
2024-08-24 23:46:03,046 - INFO - Maximum gradient before clipping: 0.1290588080883026
2024-08-24 23:46:03,047 - INFO - Minimum gradient before clipping: -0.123444564640522
2024-08-24 23:46:03,047 - INFO - Mean training L1 loss: 0.032484064996242526
2024-08-24 23:46:03,047 - INFO - Mean training SSIM loss: 2.3043769840826873e-09
2024-08-24 23:46:03,047 - INFO - Mean training MSE loss: 0.002377545739291236
2024-08-24 23:51:40,312 - INFO - Validation split Earthnet Score on epoch 25
2024-08-24 23:51:40,314 - INFO - {'MAD': 0.22874963283538818, 'OLS': 0.3128422200679779, 'EMD': 0.2062627077102661, 'SSIM': 0.054336417466402054, 'EarthNetScore': 0.12978526098622106}
2024-08-24 23:51:40,316 - INFO - Mean validation L1 loss: 0.03244847118854523
2024-08-24 23:51:40,316 - INFO - Mean validation SSIM loss: 3.1271126331444687e-09
2024-08-24 23:51:40,316 - INFO - Mean validation MSE loss: 0.0024093852611258627
2024-08-24 23:51:40,794 - INFO - New best validation Loss 0.03244847118854523, at epoch 25
2024-08-24 23:51:40,795 - INFO - Training Finished
