2024-08-21 13:34:55,409 - INFO - NOTE: None
2024-08-21 13:34:55,411 - INFO - Torch, random, numpy seed: 88
2024-08-21 13:34:56,042 - INFO - Starting training from from epoch 0
2024-08-21 13:35:03,765 - INFO - Epoch 1
-------------------------------
2024-08-21 13:35:03,765 - INFO - Learning Rate of group 0: 0.0
2024-08-21 13:36:00,170 - INFO - Maximum gradient before clipping: 0.7574073076248169
2024-08-21 13:36:00,171 - INFO - Minimum gradient before clipping: -0.4451865553855896
2024-08-21 13:36:00,172 - INFO - Mean training L1 loss: 0.15537542536854743
2024-08-21 13:36:00,173 - INFO - Mean training SSIM loss: 0.002923240428499412
2024-08-21 13:36:00,173 - INFO - Mean training MSE loss: 0.029879332557320594
2024-08-21 13:36:08,791 - INFO - Mean validation L1 loss: 0.15246405184268952
2024-08-21 13:36:08,791 - INFO - Mean validation SSIM loss: 0.0021153797535225748
2024-08-21 13:36:08,791 - INFO - Mean validation MSE loss: 0.029222078323364258
2024-08-21 13:36:09,261 - INFO - New best validation Loss 0.15246405184268952, at epoch 1
2024-08-21 13:36:09,268 - INFO - Epoch 2
-------------------------------
2024-08-21 13:36:09,268 - INFO - Learning Rate of group 0: 6.389347202110366e-05
2024-08-21 13:37:03,897 - INFO - Maximum gradient before clipping: 0.7349439263343811
2024-08-21 13:37:03,897 - INFO - Minimum gradient before clipping: -1.2683740854263306
2024-08-21 13:37:03,898 - INFO - Mean training L1 loss: 0.05423383291810751
2024-08-21 13:37:03,898 - INFO - Mean training SSIM loss: 4.280428541752812e-05
2024-08-21 13:37:03,898 - INFO - Mean training MSE loss: 0.005281346521805972
2024-08-21 13:37:11,733 - INFO - Mean validation L1 loss: 0.05136058315634728
2024-08-21 13:37:11,733 - INFO - Mean validation SSIM loss: 1.746466973102656e-06
2024-08-21 13:37:11,733 - INFO - Mean validation MSE loss: 0.005416598748415709
2024-08-21 13:37:12,213 - INFO - New best validation Loss 0.05136058315634728, at epoch 2
2024-08-21 13:37:12,216 - INFO - Epoch 3
-------------------------------
2024-08-21 13:37:12,216 - INFO - Learning Rate of group 0: 0.00012778694404220732
2024-08-21 13:38:06,357 - INFO - Maximum gradient before clipping: 0.552428126335144
2024-08-21 13:38:06,357 - INFO - Minimum gradient before clipping: -0.6678640842437744
2024-08-21 13:38:06,358 - INFO - Mean training L1 loss: 0.046585120894014835
2024-08-21 13:38:06,358 - INFO - Mean training SSIM loss: 2.0971590248952677e-06
2024-08-21 13:38:06,358 - INFO - Mean training MSE loss: 0.004035375833045691
2024-08-21 13:38:14,056 - INFO - Mean validation L1 loss: 0.046021043807268146
2024-08-21 13:38:14,057 - INFO - Mean validation SSIM loss: 2.8352276299159484e-07
2024-08-21 13:38:14,057 - INFO - Mean validation MSE loss: 0.004183147484436631
2024-08-21 13:38:14,537 - INFO - New best validation Loss 0.046021043807268146, at epoch 3
2024-08-21 13:38:14,540 - INFO - Epoch 4
-------------------------------
2024-08-21 13:38:14,541 - INFO - Learning Rate of group 0: 0.00019168041606331098
2024-08-21 13:39:08,707 - INFO - Maximum gradient before clipping: 0.5352658629417419
2024-08-21 13:39:08,708 - INFO - Minimum gradient before clipping: -0.8916358351707458
2024-08-21 13:39:08,708 - INFO - Mean training L1 loss: 0.04498400207608938
2024-08-21 13:39:08,708 - INFO - Mean training SSIM loss: 1.8924019782051716e-06
2024-08-21 13:39:08,708 - INFO - Mean training MSE loss: 0.0037733687763102353
2024-08-21 13:39:16,801 - INFO - Mean validation L1 loss: 0.042614186704158785
2024-08-21 13:39:16,801 - INFO - Mean validation SSIM loss: 7.272168447869376e-08
2024-08-21 13:39:16,801 - INFO - Mean validation MSE loss: 0.0037997491471469403
2024-08-21 13:39:17,290 - INFO - New best validation Loss 0.042614186704158785, at epoch 4
2024-08-21 13:39:17,294 - INFO - Epoch 5
-------------------------------
2024-08-21 13:39:17,294 - INFO - Learning Rate of group 0: 0.00025557388808441464
2024-08-21 13:40:11,653 - INFO - Maximum gradient before clipping: 0.5746862292289734
2024-08-21 13:40:11,653 - INFO - Minimum gradient before clipping: -0.7684922814369202
2024-08-21 13:40:11,654 - INFO - Mean training L1 loss: 0.043913271985948084
2024-08-21 13:40:11,654 - INFO - Mean training SSIM loss: 1.3773826897328645e-06
2024-08-21 13:40:11,654 - INFO - Mean training MSE loss: 0.0036101398966275153
2024-08-21 13:40:19,140 - INFO - Mean validation L1 loss: 0.042362458407878875
2024-08-21 13:40:19,140 - INFO - Mean validation SSIM loss: 1.5293288496032176e-07
2024-08-21 13:40:19,141 - INFO - Mean validation MSE loss: 0.003500097496435046
2024-08-21 13:40:19,624 - INFO - New best validation Loss 0.042362458407878875, at epoch 5
2024-08-21 13:40:19,627 - INFO - Epoch 6
-------------------------------
2024-08-21 13:40:19,627 - INFO - Learning Rate of group 0: 0.00031946736010551825
2024-08-21 13:41:13,751 - INFO - Maximum gradient before clipping: 0.5223761796951294
2024-08-21 13:41:13,751 - INFO - Minimum gradient before clipping: -0.601565420627594
2024-08-21 13:41:13,752 - INFO - Mean training L1 loss: 0.04218662362545729
2024-08-21 13:41:13,752 - INFO - Mean training SSIM loss: 7.128329921565757e-07
2024-08-21 13:41:13,752 - INFO - Mean training MSE loss: 0.0033889140957035126
2024-08-21 13:41:21,919 - INFO - Mean validation L1 loss: 0.04036942973732948
2024-08-21 13:41:21,920 - INFO - Mean validation SSIM loss: 2.2449389560641463e-08
2024-08-21 13:41:21,920 - INFO - Mean validation MSE loss: 0.0032626601960510015
2024-08-21 13:41:22,405 - INFO - New best validation Loss 0.04036942973732948, at epoch 6
2024-08-21 13:41:22,408 - INFO - Epoch 7
-------------------------------
2024-08-21 13:41:22,408 - INFO - Learning Rate of group 0: 0.00038336083212662196
2024-08-21 13:42:16,352 - INFO - Maximum gradient before clipping: 0.4672638177871704
2024-08-21 13:42:16,352 - INFO - Minimum gradient before clipping: -0.5742568969726562
2024-08-21 13:42:16,352 - INFO - Mean training L1 loss: 0.04095446074381471
2024-08-21 13:42:16,353 - INFO - Mean training SSIM loss: 1.5307123437835467e-07
2024-08-21 13:42:16,353 - INFO - Mean training MSE loss: 0.0032522737968247385
2024-08-21 13:42:24,550 - INFO - Mean validation L1 loss: 0.04670370027422905
2024-08-21 13:42:24,550 - INFO - Mean validation SSIM loss: 6.683184294047351e-06
2024-08-21 13:42:24,550 - INFO - Mean validation MSE loss: 0.004091521603986621
2024-08-21 13:42:24,553 - INFO - Epoch 8
-------------------------------
2024-08-21 13:42:24,554 - INFO - Learning Rate of group 0: 0.0004472543041477256
2024-08-21 13:43:18,572 - INFO - Maximum gradient before clipping: 0.7029696702957153
2024-08-21 13:43:18,572 - INFO - Minimum gradient before clipping: -0.727790892124176
2024-08-21 13:43:18,572 - INFO - Mean training L1 loss: 0.042651038616895676
2024-08-21 13:43:18,572 - INFO - Mean training SSIM loss: 8.620986533031116e-07
2024-08-21 13:43:18,572 - INFO - Mean training MSE loss: 0.003431597260059789
2024-08-21 13:43:26,529 - INFO - Mean validation L1 loss: 0.04033870354294777
2024-08-21 13:43:26,529 - INFO - Mean validation SSIM loss: 1.259271701981035e-07
2024-08-21 13:43:26,529 - INFO - Mean validation MSE loss: 0.0034429537691175937
2024-08-21 13:43:27,013 - INFO - New best validation Loss 0.04033870354294777, at epoch 8
2024-08-21 13:43:27,016 - INFO - Epoch 9
-------------------------------
2024-08-21 13:43:27,016 - INFO - Learning Rate of group 0: 0.0005111477761688293
2024-08-21 13:44:21,252 - INFO - Maximum gradient before clipping: 0.533737301826477
2024-08-21 13:44:21,252 - INFO - Minimum gradient before clipping: -0.6729971170425415
2024-08-21 13:44:21,253 - INFO - Mean training L1 loss: 0.04168882299214602
2024-08-21 13:44:21,253 - INFO - Mean training SSIM loss: 1.7171763848708442e-06
2024-08-21 13:44:21,253 - INFO - Mean training MSE loss: 0.0032688084966503083
2024-08-21 13:44:28,866 - INFO - Mean validation L1 loss: 0.040530068427324296
2024-08-21 13:44:28,866 - INFO - Mean validation SSIM loss: 1.5058275897317231e-07
2024-08-21 13:44:28,866 - INFO - Mean validation MSE loss: 0.003379657375626266
2024-08-21 13:44:28,869 - INFO - Epoch 10
-------------------------------
2024-08-21 13:44:28,869 - INFO - Learning Rate of group 0: 0.0005750412481899329
2024-08-21 13:45:22,864 - INFO - Maximum gradient before clipping: 0.5064981579780579
2024-08-21 13:45:22,864 - INFO - Minimum gradient before clipping: -0.6335626840591431
2024-08-21 13:45:22,865 - INFO - Mean training L1 loss: 0.04045189028605819
2024-08-21 13:45:22,865 - INFO - Mean training SSIM loss: 3.8586368104387424e-07
2024-08-21 13:45:22,865 - INFO - Mean training MSE loss: 0.0031682878092397005
2024-08-21 13:45:31,622 - INFO - Mean validation L1 loss: 0.040545588731765746
2024-08-21 13:45:31,622 - INFO - Mean validation SSIM loss: 4.440485963996821e-07
2024-08-21 13:45:31,622 - INFO - Mean validation MSE loss: 0.0031716029439121485
2024-08-21 13:45:31,625 - INFO - Epoch 11
-------------------------------
2024-08-21 13:45:31,625 - INFO - Learning Rate of group 0: 0.0006389347202110365
2024-08-21 13:46:26,039 - INFO - Maximum gradient before clipping: 0.49038270115852356
2024-08-21 13:46:26,039 - INFO - Minimum gradient before clipping: -0.6960659027099609
2024-08-21 13:46:26,039 - INFO - Mean training L1 loss: 0.03968324143439531
2024-08-21 13:46:26,039 - INFO - Mean training SSIM loss: 4.3557566888119405e-07
2024-08-21 13:46:26,039 - INFO - Mean training MSE loss: 0.003049947106046602
2024-08-21 13:46:34,704 - INFO - Mean validation L1 loss: 0.04154934927821159
2024-08-21 13:46:34,704 - INFO - Mean validation SSIM loss: 1.0612342756566306e-07
2024-08-21 13:46:34,704 - INFO - Mean validation MSE loss: 0.003012990728020668
2024-08-21 13:46:34,707 - INFO - Epoch 12
-------------------------------
2024-08-21 13:46:34,707 - INFO - Learning Rate of group 0: 0.0007028281922321402
2024-08-21 13:47:29,333 - INFO - Maximum gradient before clipping: 0.7444445490837097
2024-08-21 13:47:29,333 - INFO - Minimum gradient before clipping: -0.6344686150550842
2024-08-21 13:47:29,334 - INFO - Mean training L1 loss: 0.03943174049258232
2024-08-21 13:47:29,334 - INFO - Mean training SSIM loss: 1.511452328389895e-07
2024-08-21 13:47:29,334 - INFO - Mean training MSE loss: 0.0030546834808774293
2024-08-21 13:47:37,344 - INFO - Mean validation L1 loss: 0.03703663393855095
2024-08-21 13:47:37,344 - INFO - Mean validation SSIM loss: 1.0287084033500094e-08
2024-08-21 13:47:37,344 - INFO - Mean validation MSE loss: 0.002834335877560079
2024-08-21 13:47:37,825 - INFO - New best validation Loss 0.03703663393855095, at epoch 12
2024-08-21 13:47:37,828 - INFO - Epoch 13
-------------------------------
2024-08-21 13:47:37,828 - INFO - Learning Rate of group 0: 0.0007667216642532439
2024-08-21 13:48:31,987 - INFO - Maximum gradient before clipping: 0.5934900641441345
2024-08-21 13:48:31,987 - INFO - Minimum gradient before clipping: -0.7418749928474426
2024-08-21 13:48:31,987 - INFO - Mean training L1 loss: 0.041481997314840556
2024-08-21 13:48:31,987 - INFO - Mean training SSIM loss: 5.935337004415315e-07
2024-08-21 13:48:31,988 - INFO - Mean training MSE loss: 0.003244152854895219
2024-08-21 13:48:40,629 - INFO - Mean validation L1 loss: 0.03937441073358059
2024-08-21 13:48:40,629 - INFO - Mean validation SSIM loss: 1.568684899644346e-07
2024-08-21 13:48:40,629 - INFO - Mean validation MSE loss: 0.003292076508514583
2024-08-21 13:48:40,633 - INFO - Epoch 14
-------------------------------
2024-08-21 13:48:40,633 - INFO - Learning Rate of group 0: 0.0008306151362743475
2024-08-21 13:49:34,936 - INFO - Maximum gradient before clipping: 0.584420919418335
2024-08-21 13:49:34,936 - INFO - Minimum gradient before clipping: -0.677129864692688
2024-08-21 13:49:34,937 - INFO - Mean training L1 loss: 0.04002564115449786
2024-08-21 13:49:34,937 - INFO - Mean training SSIM loss: 3.3073107506005615e-07
2024-08-21 13:49:34,937 - INFO - Mean training MSE loss: 0.003097567857475951
2024-08-21 13:49:43,066 - INFO - Mean validation L1 loss: 0.037743798419833184
2024-08-21 13:49:43,066 - INFO - Mean validation SSIM loss: 1.5537751871796958e-08
2024-08-21 13:49:43,066 - INFO - Mean validation MSE loss: 0.0029447046760469674
2024-08-21 13:49:43,069 - INFO - Epoch 15
-------------------------------
2024-08-21 13:49:43,069 - INFO - Learning Rate of group 0: 0.0008945086082954512
2024-08-21 13:50:37,207 - INFO - Maximum gradient before clipping: 0.594989538192749
2024-08-21 13:50:37,208 - INFO - Minimum gradient before clipping: -0.7201406359672546
2024-08-21 13:50:37,208 - INFO - Mean training L1 loss: 0.03799458898603916
2024-08-21 13:50:37,208 - INFO - Mean training SSIM loss: 1.0664580706594428e-07
2024-08-21 13:50:37,208 - INFO - Mean training MSE loss: 0.002881037519546226
2024-08-21 13:50:44,998 - INFO - Mean validation L1 loss: 0.036473903059959414
2024-08-21 13:50:44,998 - INFO - Mean validation SSIM loss: 1.5999955688128507e-08
2024-08-21 13:50:44,998 - INFO - Mean validation MSE loss: 0.002719531338661909
2024-08-21 13:50:45,482 - INFO - New best validation Loss 0.036473903059959414, at epoch 15
2024-08-21 13:50:45,486 - INFO - Epoch 16
-------------------------------
2024-08-21 13:50:45,486 - INFO - Learning Rate of group 0: 0.0009584020803165549
2024-08-21 13:51:40,153 - INFO - Maximum gradient before clipping: 0.7367231249809265
2024-08-21 13:51:40,153 - INFO - Minimum gradient before clipping: -1.116624355316162
2024-08-21 13:51:40,154 - INFO - Mean training L1 loss: 0.04022318907082081
2024-08-21 13:51:40,154 - INFO - Mean training SSIM loss: 1.0908950086524482e-06
2024-08-21 13:51:40,154 - INFO - Mean training MSE loss: 0.0031099892547354104
2024-08-21 13:51:48,042 - INFO - Mean validation L1 loss: 0.04386660858988762
2024-08-21 13:51:48,042 - INFO - Mean validation SSIM loss: 1.2187671508456787e-07
2024-08-21 13:51:48,042 - INFO - Mean validation MSE loss: 0.0032971038483083246
