2024-08-21 08:58:07,562 - INFO - NOTE: None
2024-08-21 08:58:07,564 - INFO - Torch, random, numpy seed: 88
2024-08-21 08:58:08,283 - INFO - Starting training from from epoch 0
2024-08-21 08:58:16,887 - INFO - Epoch 1
-------------------------------
2024-08-21 08:58:16,888 - INFO - Learning Rate of group 0: 0.0
2024-08-21 08:59:06,382 - INFO - Maximum gradient before clipping: 2.7814271450042725
2024-08-21 08:59:06,383 - INFO - Minimum gradient before clipping: -0.5649980306625366
2024-08-21 08:59:06,384 - INFO - Mean training L1 loss: 0.09924633339047433
2024-08-21 08:59:06,384 - INFO - Mean training SSIM loss: 0.00022154106530820173
2024-08-21 08:59:06,384 - INFO - Mean training MSE loss: 0.01311823551543057
2024-08-21 08:59:14,536 - INFO - Mean validation L1 loss: 0.07924319267272949
2024-08-21 08:59:14,536 - INFO - Mean validation SSIM loss: 4.5110864301705076e-05
2024-08-21 08:59:14,536 - INFO - Mean validation MSE loss: 0.008710831440985202
2024-08-21 08:59:15,015 - INFO - New best validation Loss 0.07924319267272949, at epoch 1
2024-08-21 08:59:15,021 - INFO - Epoch 2
-------------------------------
2024-08-21 08:59:15,021 - INFO - Learning Rate of group 0: 7.624118805564142e-05
2024-08-21 09:00:02,863 - INFO - Maximum gradient before clipping: 3.1993093490600586
2024-08-21 09:00:02,864 - INFO - Minimum gradient before clipping: -8.422955513000488
2024-08-21 09:00:02,864 - INFO - Mean training L1 loss: 0.05260448675602675
2024-08-21 09:00:02,865 - INFO - Mean training SSIM loss: 0.00034757005284993705
2024-08-21 09:00:02,865 - INFO - Mean training MSE loss: 0.005061726295389235
2024-08-21 09:00:10,584 - INFO - Mean validation L1 loss: 0.04398079052567482
2024-08-21 09:00:10,584 - INFO - Mean validation SSIM loss: 9.426770866571843e-08
2024-08-21 09:00:10,584 - INFO - Mean validation MSE loss: 0.003926958618685603
2024-08-21 09:00:11,056 - INFO - New best validation Loss 0.04398079052567482, at epoch 2
2024-08-21 09:00:11,059 - INFO - Epoch 3
-------------------------------
2024-08-21 09:00:11,060 - INFO - Learning Rate of group 0: 0.00015248237611128283
2024-08-21 09:00:59,043 - INFO - Maximum gradient before clipping: 2.8426308631896973
2024-08-21 09:00:59,043 - INFO - Minimum gradient before clipping: -3.128589630126953
2024-08-21 09:00:59,044 - INFO - Mean training L1 loss: 0.04673182897269726
2024-08-21 09:00:59,044 - INFO - Mean training SSIM loss: 2.1080845701493267e-06
2024-08-21 09:00:59,044 - INFO - Mean training MSE loss: 0.0041073356382548805
2024-08-21 09:01:07,498 - INFO - Mean validation L1 loss: 0.050476080775260924
2024-08-21 09:01:07,499 - INFO - Mean validation SSIM loss: 1.5801396988024407e-05
2024-08-21 09:01:07,499 - INFO - Mean validation MSE loss: 0.004866209281608462
2024-08-21 09:01:07,502 - INFO - Epoch 4
-------------------------------
2024-08-21 09:01:07,502 - INFO - Learning Rate of group 0: 0.00022872356416692424
2024-08-21 09:01:55,624 - INFO - Maximum gradient before clipping: 2.118746042251587
2024-08-21 09:01:55,624 - INFO - Minimum gradient before clipping: -2.68454909324646
2024-08-21 09:01:55,625 - INFO - Mean training L1 loss: 0.04498061273247003
2024-08-21 09:01:55,625 - INFO - Mean training SSIM loss: 4.3874861724080283e-07
2024-08-21 09:01:55,625 - INFO - Mean training MSE loss: 0.003892129815649241
2024-08-21 09:02:03,744 - INFO - Mean validation L1 loss: 0.043230180144309995
2024-08-21 09:02:03,744 - INFO - Mean validation SSIM loss: 7.631251970341424e-08
2024-08-21 09:02:03,744 - INFO - Mean validation MSE loss: 0.003968196623027324
2024-08-21 09:02:04,220 - INFO - New best validation Loss 0.043230180144309995, at epoch 4
