2024-08-21 08:40:26,095 - INFO - NOTE: None
2024-08-21 08:40:26,097 - INFO - Torch, random, numpy seed: 88
2024-08-21 08:40:26,637 - INFO - Starting training from from epoch 0
2024-08-21 08:40:35,481 - INFO - Epoch 1
-------------------------------
2024-08-21 08:40:35,481 - INFO - Learning Rate of group 0: 0.0
2024-08-21 08:41:24,143 - INFO - Maximum gradient before clipping: 0.5989167094230652
2024-08-21 08:41:24,143 - INFO - Minimum gradient before clipping: -0.09112466871738434
2024-08-21 08:41:24,145 - INFO - Mean training L1 loss: 0.15441548362374305
2024-08-21 08:41:24,145 - INFO - Mean training SSIM loss: 0.003055636949284235
2024-08-21 08:41:24,145 - INFO - Mean training MSE loss: 0.02887369638308883
2024-08-21 08:41:32,745 - INFO - Mean validation L1 loss: 0.15410476326942443
2024-08-21 08:41:32,745 - INFO - Mean validation SSIM loss: 0.0032202374195912853
2024-08-21 08:41:32,745 - INFO - Mean validation MSE loss: 0.02884241558611393
2024-08-21 08:41:33,215 - INFO - New best validation Loss 0.15410476326942443, at epoch 1
2024-08-21 08:41:33,222 - INFO - Epoch 2
-------------------------------
2024-08-21 08:41:33,222 - INFO - Learning Rate of group 0: 0.0007102815820906844
2024-08-21 08:42:20,029 - INFO - Maximum gradient before clipping: 19.00065040588379
2024-08-21 08:42:20,029 - INFO - Minimum gradient before clipping: -69.11701965332031
2024-08-21 08:42:20,030 - INFO - Mean training L1 loss: 0.21703239031136035
2024-08-21 08:42:20,030 - INFO - Mean training SSIM loss: 0.022696054900772252
2024-08-21 08:42:20,030 - INFO - Mean training MSE loss: 0.2176554498868063
2024-08-21 08:42:28,027 - INFO - Mean validation L1 loss: 0.058863686472177504
2024-08-21 08:42:28,027 - INFO - Mean validation SSIM loss: 3.082020029729904e-06
2024-08-21 08:42:28,028 - INFO - Mean validation MSE loss: 0.007093170275911689
2024-08-21 08:42:28,498 - INFO - New best validation Loss 0.058863686472177504, at epoch 2
2024-08-21 08:42:28,501 - INFO - Epoch 3
-------------------------------
2024-08-21 08:42:28,501 - INFO - Learning Rate of group 0: 0.0014205631641813687
2024-08-21 08:43:15,408 - INFO - Maximum gradient before clipping: 0.3839045464992523
2024-08-21 08:43:15,408 - INFO - Minimum gradient before clipping: -0.5672623515129089
2024-08-21 08:43:15,408 - INFO - Mean training L1 loss: 0.05430828601121902
2024-08-21 08:43:15,409 - INFO - Mean training SSIM loss: 4.054881152892875e-06
2024-08-21 08:43:15,409 - INFO - Mean training MSE loss: 0.005670861210674048
2024-08-21 08:43:23,011 - INFO - Mean validation L1 loss: 0.053039771765470506
2024-08-21 08:43:23,011 - INFO - Mean validation SSIM loss: 1.535803916453915e-05
2024-08-21 08:43:23,011 - INFO - Mean validation MSE loss: 0.005012667244300246
2024-08-21 08:43:23,478 - INFO - New best validation Loss 0.053039771765470506, at epoch 3
2024-08-21 08:43:23,481 - INFO - Epoch 4
-------------------------------
2024-08-21 08:43:23,482 - INFO - Learning Rate of group 0: 0.0021308447462720526
2024-08-21 08:44:10,196 - INFO - Maximum gradient before clipping: 0.3476477861404419
2024-08-21 08:44:10,196 - INFO - Minimum gradient before clipping: -0.602225661277771
2024-08-21 08:44:10,197 - INFO - Mean training L1 loss: 0.04970380429178476
2024-08-21 08:44:10,197 - INFO - Mean training SSIM loss: 4.562457181216395e-06
2024-08-21 08:44:10,197 - INFO - Mean training MSE loss: 0.004561769030988217
2024-08-21 08:44:18,636 - INFO - Mean validation L1 loss: 0.04818762347102165
2024-08-21 08:44:18,636 - INFO - Mean validation SSIM loss: 1.914944255076989e-07
2024-08-21 08:44:18,636 - INFO - Mean validation MSE loss: 0.004372402289882302
2024-08-21 08:44:19,099 - INFO - New best validation Loss 0.04818762347102165, at epoch 4
