2024-09-06 10:59:48,340 - INFO - NOTE: None
2024-09-06 10:59:48,343 - INFO - Torch, random, numpy seed: 88
2024-09-06 10:59:49,462 - INFO - Resuming training from checkpoint /home/nikoskot/earthnetThesis/experiments/videoSwinUnetV1_06-09-2024_01-16-54/checkpoint.pth from epoch 31
2024-09-06 10:59:56,950 - INFO - Epoch 31
-------------------------------
2024-09-06 10:59:56,950 - INFO - Learning Rate of group 0: 0.0003
2024-09-06 11:37:10,574 - INFO - Maximum gradient before clipping: 31.286264419555664
2024-09-06 11:37:10,575 - INFO - Minimum gradient before clipping: -50.48329162597656
2024-09-06 11:37:10,575 - INFO - Mean training L1 loss: 0.020864176494195988
2024-09-06 11:37:10,576 - INFO - Mean training SSIM loss: 0.7064851034091437
2024-09-06 11:37:10,576 - INFO - Mean training MSE loss: 0.0011386493787324092
2024-09-06 11:42:08,258 - INFO - Mean validation L1 loss: 0.02036536822132891
2024-09-06 11:42:08,259 - INFO - Mean validation SSIM loss: 0.6878967928049158
2024-09-06 11:42:08,259 - INFO - Mean validation MSE loss: 0.0010942977821095426
2024-09-06 11:42:08,259 - INFO - Epoch 32
-------------------------------
2024-09-06 11:42:08,259 - INFO - Learning Rate of group 0: 0.0003
2024-09-06 12:19:25,059 - INFO - Maximum gradient before clipping: 33.073787689208984
2024-09-06 12:19:25,059 - INFO - Minimum gradient before clipping: -39.24748992919922
2024-09-06 12:19:25,060 - INFO - Mean training L1 loss: 0.02076178359312587
2024-09-06 12:19:25,060 - INFO - Mean training SSIM loss: 0.7035561563927776
2024-09-06 12:19:25,060 - INFO - Mean training MSE loss: 0.001131102906211678
2024-09-06 12:22:36,793 - INFO - Mean validation L1 loss: 0.019845834210589778
2024-09-06 12:22:36,794 - INFO - Mean validation SSIM loss: 0.6833743814839965
2024-09-06 12:22:36,794 - INFO - Mean validation MSE loss: 0.0010546875845918893
2024-09-06 12:22:36,794 - INFO - Epoch 33
-------------------------------
2024-09-06 12:22:36,794 - INFO - Learning Rate of group 0: 0.0003
2024-09-06 12:59:50,474 - INFO - Maximum gradient before clipping: 42.90912628173828
2024-09-06 12:59:50,475 - INFO - Minimum gradient before clipping: -45.662227630615234
2024-09-06 12:59:50,475 - INFO - Mean training L1 loss: 0.0206780120561352
2024-09-06 12:59:50,475 - INFO - Mean training SSIM loss: 0.7031445495257663
2024-09-06 12:59:50,475 - INFO - Mean training MSE loss: 0.0011220483486889228
2024-09-06 13:03:02,103 - INFO - Mean validation L1 loss: 0.019479252161289935
2024-09-06 13:03:02,104 - INFO - Mean validation SSIM loss: 0.6767319538521528
2024-09-06 13:03:02,104 - INFO - Mean validation MSE loss: 0.0010263034673820383
2024-09-06 13:03:02,104 - INFO - Epoch 34
-------------------------------
2024-09-06 13:03:02,104 - INFO - Learning Rate of group 0: 0.0003
2024-09-06 13:40:14,519 - INFO - Maximum gradient before clipping: 31.534936904907227
2024-09-06 13:40:14,520 - INFO - Minimum gradient before clipping: -45.67144775390625
2024-09-06 13:40:14,520 - INFO - Mean training L1 loss: 0.02067352158287388
2024-09-06 13:40:14,521 - INFO - Mean training SSIM loss: 0.7013016913735881
2024-09-06 13:40:14,521 - INFO - Mean training MSE loss: 0.0011221859708436368
2024-09-06 13:43:26,318 - INFO - Mean validation L1 loss: 0.020304190027636528
2024-09-06 13:43:26,318 - INFO - Mean validation SSIM loss: 0.678247110401109
2024-09-06 13:43:26,318 - INFO - Mean validation MSE loss: 0.0011314007337399786
2024-09-06 13:43:26,318 - INFO - Epoch 35
-------------------------------
2024-09-06 13:43:26,319 - INFO - Learning Rate of group 0: 0.0003
2024-09-06 14:20:53,179 - INFO - Maximum gradient before clipping: 30.729469299316406
2024-09-06 14:20:53,179 - INFO - Minimum gradient before clipping: -46.622440338134766
2024-09-06 14:20:53,180 - INFO - Mean training L1 loss: 0.02067619066690112
2024-09-06 14:20:53,180 - INFO - Mean training SSIM loss: 0.7007067497182421
2024-09-06 14:20:53,180 - INFO - Mean training MSE loss: 0.001121068238539252
2024-09-06 14:24:04,590 - INFO - Mean validation L1 loss: 0.019383511861107223
2024-09-06 14:24:04,592 - INFO - Mean validation SSIM loss: 0.674530653550872
2024-09-06 14:24:04,592 - INFO - Mean validation MSE loss: 0.0010181288852494203
2024-09-06 14:24:05,389 - INFO - New best validation Loss 0.019383511861107223, at epoch 35
2024-09-06 14:24:05,389 - INFO - Epoch 36
-------------------------------
2024-09-06 14:24:05,389 - INFO - Learning Rate of group 0: 0.0003
2024-09-06 15:01:18,351 - INFO - Maximum gradient before clipping: 33.099212646484375
2024-09-06 15:01:18,351 - INFO - Minimum gradient before clipping: -52.49919128417969
2024-09-06 15:01:18,352 - INFO - Mean training L1 loss: 0.020677270839829814
2024-09-06 15:01:18,352 - INFO - Mean training SSIM loss: 0.7012434660117031
2024-09-06 15:01:18,352 - INFO - Mean training MSE loss: 0.0011213070473847743
2024-09-06 15:04:29,843 - INFO - Mean validation L1 loss: 0.01986536114822363
2024-09-06 15:04:29,844 - INFO - Mean validation SSIM loss: 0.6787290595048248
2024-09-06 15:04:29,844 - INFO - Mean validation MSE loss: 0.0010417731443087548
2024-09-06 15:04:29,844 - INFO - Epoch 37
-------------------------------
2024-09-06 15:04:29,844 - INFO - Learning Rate of group 0: 0.0003
2024-09-06 15:41:41,892 - INFO - Maximum gradient before clipping: 39.12797164916992
2024-09-06 15:41:41,892 - INFO - Minimum gradient before clipping: -38.9034423828125
2024-09-06 15:41:41,893 - INFO - Mean training L1 loss: 0.02052818438243113
2024-09-06 15:41:41,893 - INFO - Mean training SSIM loss: 0.6987007462744033
2024-09-06 15:41:41,893 - INFO - Mean training MSE loss: 0.0011117063424002148
2024-09-06 15:44:53,026 - INFO - Mean validation L1 loss: 0.019905184825452473
2024-09-06 15:44:53,026 - INFO - Mean validation SSIM loss: 0.6833618841442376
2024-09-06 15:44:53,026 - INFO - Mean validation MSE loss: 0.0010684481740677668
2024-09-06 15:44:53,027 - INFO - Epoch 38
-------------------------------
2024-09-06 15:44:53,027 - INFO - Learning Rate of group 0: 0.0003
2024-09-06 16:22:13,333 - INFO - Maximum gradient before clipping: 42.046730041503906
2024-09-06 16:22:13,334 - INFO - Minimum gradient before clipping: -58.27778625488281
2024-09-06 16:22:13,335 - INFO - Mean training L1 loss: 0.020553526517263967
2024-09-06 16:22:13,335 - INFO - Mean training SSIM loss: 0.6990922426688826
2024-09-06 16:22:13,335 - INFO - Mean training MSE loss: 0.001109494455046726
2024-09-06 16:25:24,895 - INFO - Mean validation L1 loss: 0.019643817656053646
2024-09-06 16:25:24,896 - INFO - Mean validation SSIM loss: 0.6845515060384936
2024-09-06 16:25:24,896 - INFO - Mean validation MSE loss: 0.0010138145345418923
2024-09-06 16:25:24,896 - INFO - Epoch 39
-------------------------------
2024-09-06 16:25:24,896 - INFO - Learning Rate of group 0: 0.0003
2024-09-06 17:02:35,172 - INFO - Maximum gradient before clipping: 29.390928268432617
2024-09-06 17:02:35,173 - INFO - Minimum gradient before clipping: -55.4891357421875
2024-09-06 17:02:35,173 - INFO - Mean training L1 loss: 0.020500820539097117
2024-09-06 17:02:35,173 - INFO - Mean training SSIM loss: 0.6976052647801634
2024-09-06 17:02:35,173 - INFO - Mean training MSE loss: 0.0011050023047547766
2024-09-06 17:05:46,232 - INFO - Mean validation L1 loss: 0.019457531979239006
2024-09-06 17:05:46,232 - INFO - Mean validation SSIM loss: 0.6843019161734692
2024-09-06 17:05:46,232 - INFO - Mean validation MSE loss: 0.0009912853989182476
2024-09-06 17:05:46,233 - INFO - Epoch 40
-------------------------------
2024-09-06 17:05:46,233 - INFO - Learning Rate of group 0: 0.0003
2024-09-06 17:42:55,499 - INFO - Maximum gradient before clipping: 34.11137008666992
2024-09-06 17:42:55,499 - INFO - Minimum gradient before clipping: -56.20168685913086
2024-09-06 17:42:55,500 - INFO - Mean training L1 loss: 0.020444386179466617
2024-09-06 17:42:55,500 - INFO - Mean training SSIM loss: 0.6959915133212611
2024-09-06 17:42:55,500 - INFO - Mean training MSE loss: 0.001098020706823955
2024-09-06 20:12:48,461 - INFO - Validation split Earthnet Score on epoch 40
2024-09-06 20:12:48,463 - INFO - {'MAD': 0.2556535303592682, 'OLS': 0.34867268800735474, 'EMD': 0.2468801587820053, 'SSIM': 0.31707763671875, 'EarthNetScore': 0.28604296587381817}
2024-09-06 20:12:48,463 - INFO - Mean validation L1 loss: 0.020138469189841513
2024-09-06 20:12:48,463 - INFO - Mean validation SSIM loss: 0.6859076840423023
2024-09-06 20:12:48,463 - INFO - Mean validation MSE loss: 0.001055313997723265
2024-09-06 20:12:48,464 - INFO - Epoch 41
-------------------------------
2024-09-06 20:12:48,464 - INFO - Learning Rate of group 0: 0.0003
2024-09-06 20:49:57,457 - INFO - Maximum gradient before clipping: 38.74666976928711
2024-09-06 20:49:57,457 - INFO - Minimum gradient before clipping: -47.810394287109375
2024-09-06 20:49:57,458 - INFO - Mean training L1 loss: 0.02035235366127709
2024-09-06 20:49:57,458 - INFO - Mean training SSIM loss: 0.694065422355655
2024-09-06 20:49:57,458 - INFO - Mean training MSE loss: 0.0010944190287827396
2024-09-06 20:53:08,168 - INFO - Mean validation L1 loss: 0.019539522092764494
2024-09-06 20:53:08,169 - INFO - Mean validation SSIM loss: 0.6757751522853621
2024-09-06 20:53:08,169 - INFO - Mean validation MSE loss: 0.0010345475909761138
2024-09-06 20:53:08,169 - INFO - Epoch 42
-------------------------------
2024-09-06 20:53:08,169 - INFO - Learning Rate of group 0: 0.0003
2024-09-06 21:30:15,243 - INFO - Maximum gradient before clipping: 34.38031768798828
2024-09-06 21:30:15,245 - INFO - Minimum gradient before clipping: -51.13739776611328
2024-09-06 21:30:15,245 - INFO - Mean training L1 loss: 0.02028226404868001
2024-09-06 21:30:15,245 - INFO - Mean training SSIM loss: 0.6936960078492318
2024-09-06 21:30:15,245 - INFO - Mean training MSE loss: 0.001084976932358652
2024-09-06 21:33:25,715 - INFO - Mean validation L1 loss: 0.01907638109672229
2024-09-06 21:33:25,715 - INFO - Mean validation SSIM loss: 0.6712211758197351
2024-09-06 21:33:25,715 - INFO - Mean validation MSE loss: 0.0009722572611274982
2024-09-06 21:33:26,432 - INFO - New best validation Loss 0.01907638109672229, at epoch 42
2024-09-06 21:33:26,433 - INFO - Epoch 43
-------------------------------
2024-09-06 21:33:26,433 - INFO - Learning Rate of group 0: 0.0003
2024-09-06 22:10:31,742 - INFO - Maximum gradient before clipping: 35.63704299926758
2024-09-06 22:10:31,743 - INFO - Minimum gradient before clipping: -48.32701873779297
2024-09-06 22:10:31,743 - INFO - Mean training L1 loss: 0.02030134279614323
2024-09-06 22:10:31,744 - INFO - Mean training SSIM loss: 0.6929289458038317
2024-09-06 22:10:31,744 - INFO - Mean training MSE loss: 0.0010885063451871592
2024-09-06 22:13:42,533 - INFO - Mean validation L1 loss: 0.019733048198327274
2024-09-06 22:13:42,533 - INFO - Mean validation SSIM loss: 0.6787615168254112
2024-09-06 22:13:42,533 - INFO - Mean validation MSE loss: 0.0010061945150455266
2024-09-06 22:13:42,533 - INFO - Epoch 44
-------------------------------
2024-09-06 22:13:42,534 - INFO - Learning Rate of group 0: 0.0003
2024-09-06 22:50:47,328 - INFO - Maximum gradient before clipping: 32.535133361816406
2024-09-06 22:50:47,329 - INFO - Minimum gradient before clipping: -63.04274368286133
2024-09-06 22:50:47,329 - INFO - Mean training L1 loss: 0.020243660331439244
2024-09-06 22:50:47,330 - INFO - Mean training SSIM loss: 0.6914298550347712
2024-09-06 22:50:47,330 - INFO - Mean training MSE loss: 0.001086424678145444
2024-09-06 22:53:58,248 - INFO - Mean validation L1 loss: 0.02051939125979525
2024-09-06 22:53:58,249 - INFO - Mean validation SSIM loss: 0.6837841781684786
2024-09-06 22:53:58,249 - INFO - Mean validation MSE loss: 0.001142840254970088
2024-09-06 22:53:58,249 - INFO - Epoch 45
-------------------------------
2024-09-06 22:53:58,249 - INFO - Learning Rate of group 0: 0.0003
2024-09-06 23:31:03,147 - INFO - Maximum gradient before clipping: 43.34381103515625
2024-09-06 23:31:03,148 - INFO - Minimum gradient before clipping: -46.17778015136719
2024-09-06 23:31:03,148 - INFO - Mean training L1 loss: 0.02020622832861868
2024-09-06 23:31:03,148 - INFO - Mean training SSIM loss: 0.6905000674480277
2024-09-06 23:31:03,148 - INFO - Mean training MSE loss: 0.001080084118701125
2024-09-06 23:34:13,757 - INFO - Mean validation L1 loss: 0.02025559957740349
2024-09-06 23:34:13,758 - INFO - Mean validation SSIM loss: 0.6830725480481533
2024-09-06 23:34:13,758 - INFO - Mean validation MSE loss: 0.0011054767057436664
2024-09-06 23:34:13,758 - INFO - Epoch 46
-------------------------------
2024-09-06 23:34:13,758 - INFO - Learning Rate of group 0: 0.0003
2024-09-07 00:11:20,040 - INFO - Maximum gradient before clipping: 32.46003723144531
2024-09-07 00:11:20,041 - INFO - Minimum gradient before clipping: -58.30896759033203
2024-09-07 00:11:20,041 - INFO - Mean training L1 loss: 0.02023590413058143
2024-09-07 00:11:20,041 - INFO - Mean training SSIM loss: 0.6912072064835674
2024-09-07 00:11:20,041 - INFO - Mean training MSE loss: 0.0010814264984456694
2024-09-07 00:14:30,880 - INFO - Mean validation L1 loss: 0.019293533205163717
2024-09-07 00:14:30,881 - INFO - Mean validation SSIM loss: 0.6717737539356767
2024-09-07 00:14:30,881 - INFO - Mean validation MSE loss: 0.0010022602554969023
2024-09-07 00:14:30,881 - INFO - Epoch 47
-------------------------------
2024-09-07 00:14:30,881 - INFO - Learning Rate of group 0: 0.0003
2024-09-07 00:51:38,802 - INFO - Maximum gradient before clipping: 37.11074447631836
2024-09-07 00:51:38,802 - INFO - Minimum gradient before clipping: -47.75726318359375
2024-09-07 00:51:38,803 - INFO - Mean training L1 loss: 0.020194061628660862
2024-09-07 00:51:38,803 - INFO - Mean training SSIM loss: 0.6897357385660106
2024-09-07 00:51:38,803 - INFO - Mean training MSE loss: 0.0010786043956801015
2024-09-07 00:54:49,549 - INFO - Mean validation L1 loss: 0.0188140282765604
2024-09-07 00:54:49,549 - INFO - Mean validation SSIM loss: 0.6619377177096529
2024-09-07 00:54:49,549 - INFO - Mean validation MSE loss: 0.000986346745107052
2024-09-07 00:54:50,321 - INFO - New best validation Loss 0.0188140282765604, at epoch 47
2024-09-07 00:54:50,322 - INFO - Epoch 48
-------------------------------
2024-09-07 00:54:50,322 - INFO - Learning Rate of group 0: 0.0003
2024-09-07 01:31:58,826 - INFO - Maximum gradient before clipping: 35.225669860839844
2024-09-07 01:31:58,827 - INFO - Minimum gradient before clipping: -60.90992736816406
2024-09-07 01:31:58,827 - INFO - Mean training L1 loss: 0.020103266244557102
2024-09-07 01:31:58,828 - INFO - Mean training SSIM loss: 0.6884806606122411
2024-09-07 01:31:58,828 - INFO - Mean training MSE loss: 0.0010709376468876083
2024-09-07 01:35:10,389 - INFO - Mean validation L1 loss: 0.019554203340353873
2024-09-07 01:35:10,389 - INFO - Mean validation SSIM loss: 0.6696987069370754
2024-09-07 01:35:10,389 - INFO - Mean validation MSE loss: 0.0010109612855762026
2024-09-07 01:35:10,390 - INFO - Epoch 49
-------------------------------
2024-09-07 01:35:10,390 - INFO - Learning Rate of group 0: 0.0003
2024-09-07 02:12:18,908 - INFO - Maximum gradient before clipping: 37.023502349853516
2024-09-07 02:12:18,908 - INFO - Minimum gradient before clipping: -56.393009185791016
2024-09-07 02:12:18,909 - INFO - Mean training L1 loss: 0.020077281177748152
2024-09-07 02:12:18,909 - INFO - Mean training SSIM loss: 0.6876179433826222
2024-09-07 02:12:18,909 - INFO - Mean training MSE loss: 0.0010726113395744196
2024-09-07 02:15:30,785 - INFO - Mean validation L1 loss: 0.02094157956023529
2024-09-07 02:15:30,785 - INFO - Mean validation SSIM loss: 0.6764694346632049
2024-09-07 02:15:30,785 - INFO - Mean validation MSE loss: 0.0010869317690189305
2024-09-07 02:15:30,786 - INFO - Epoch 50
-------------------------------
2024-09-07 02:15:30,786 - INFO - Learning Rate of group 0: 0.0003
2024-09-07 02:52:40,279 - INFO - Maximum gradient before clipping: 37.06653594970703
2024-09-07 02:52:40,280 - INFO - Minimum gradient before clipping: -51.4233283996582
2024-09-07 02:52:40,281 - INFO - Mean training L1 loss: 0.020143451891287956
2024-09-07 02:52:40,281 - INFO - Mean training SSIM loss: 0.6883375767582582
2024-09-07 02:52:40,281 - INFO - Mean training MSE loss: 0.0010719925152833738
2024-09-07 05:06:31,031 - INFO - Validation split Earthnet Score on epoch 50
2024-09-07 05:06:31,032 - INFO - {'MAD': 0.26051780581474304, 'OLS': 0.3490147888660431, 'EMD': 0.2551981210708618, 'SSIM': 0.34116631746292114, 'EarthNetScore': 0.29512969931249805}
2024-09-07 05:06:31,033 - INFO - Mean validation L1 loss: 0.019184456143004937
2024-09-07 05:06:31,033 - INFO - Mean validation SSIM loss: 0.6641265676173079
2024-09-07 05:06:31,033 - INFO - Mean validation MSE loss: 0.0010141453900013157
2024-09-07 05:06:31,033 - INFO - Epoch 51
-------------------------------
2024-09-07 05:06:31,033 - INFO - Learning Rate of group 0: 0.0003
2024-09-07 05:43:37,539 - INFO - Maximum gradient before clipping: 53.2685546875
2024-09-07 05:43:37,540 - INFO - Minimum gradient before clipping: -47.296512603759766
2024-09-07 05:43:37,540 - INFO - Mean training L1 loss: 0.019983235283882135
2024-09-07 05:43:37,541 - INFO - Mean training SSIM loss: 0.6855700193015865
2024-09-07 05:43:37,541 - INFO - Mean training MSE loss: 0.0010596897699874065
2024-09-07 05:46:48,387 - INFO - Mean validation L1 loss: 0.019697328970259848
2024-09-07 05:46:48,388 - INFO - Mean validation SSIM loss: 0.6685988613993029
2024-09-07 05:46:48,388 - INFO - Mean validation MSE loss: 0.0010800115239688111
2024-09-07 05:46:48,388 - INFO - Epoch 52
-------------------------------
2024-09-07 05:46:48,388 - INFO - Learning Rate of group 0: 0.0003
2024-09-07 06:23:56,495 - INFO - Maximum gradient before clipping: 47.16328048706055
2024-09-07 06:23:56,496 - INFO - Minimum gradient before clipping: -49.474021911621094
2024-09-07 06:23:56,496 - INFO - Mean training L1 loss: 0.020024605269498254
2024-09-07 06:23:56,497 - INFO - Mean training SSIM loss: 0.6858871144911376
2024-09-07 06:23:56,497 - INFO - Mean training MSE loss: 0.0010640716940800055
2024-09-07 06:27:07,707 - INFO - Mean validation L1 loss: 0.019702485105315578
2024-09-07 06:27:07,708 - INFO - Mean validation SSIM loss: 0.6681402394404778
2024-09-07 06:27:07,708 - INFO - Mean validation MSE loss: 0.0009956983712160754
2024-09-07 06:27:07,708 - INFO - Epoch 53
-------------------------------
2024-09-07 06:27:07,708 - INFO - Learning Rate of group 0: 0.0003
2024-09-07 07:04:17,081 - INFO - Maximum gradient before clipping: 40.00608825683594
2024-09-07 07:04:17,082 - INFO - Minimum gradient before clipping: -54.23512268066406
2024-09-07 07:04:17,083 - INFO - Mean training L1 loss: 0.019874575376488807
2024-09-07 07:04:17,083 - INFO - Mean training SSIM loss: 0.6838103559464902
2024-09-07 07:04:17,083 - INFO - Mean training MSE loss: 0.0010515218706164098
2024-09-07 07:07:28,249 - INFO - Mean validation L1 loss: 0.019306501024792026
2024-09-07 07:07:28,249 - INFO - Mean validation SSIM loss: 0.6637549033531775
2024-09-07 07:07:28,249 - INFO - Mean validation MSE loss: 0.0010085855712872746
2024-09-07 07:07:28,250 - INFO - Epoch 54
-------------------------------
2024-09-07 07:07:28,250 - INFO - Learning Rate of group 0: 0.0003
2024-09-07 07:44:36,070 - INFO - Maximum gradient before clipping: 33.92988204956055
2024-09-07 07:44:36,071 - INFO - Minimum gradient before clipping: -52.8774299621582
2024-09-07 07:44:36,071 - INFO - Mean training L1 loss: 0.01998342218563827
2024-09-07 07:44:36,072 - INFO - Mean training SSIM loss: 0.6840257712459524
2024-09-07 07:44:36,072 - INFO - Mean training MSE loss: 0.0010584212976857625
2024-09-07 07:47:47,161 - INFO - Mean validation L1 loss: 0.018947173265061252
2024-09-07 07:47:47,161 - INFO - Mean validation SSIM loss: 0.6620569477312541
2024-09-07 07:47:47,161 - INFO - Mean validation MSE loss: 0.0009937796461490143
2024-09-07 07:47:47,162 - INFO - Epoch 55
-------------------------------
2024-09-07 07:47:47,162 - INFO - Learning Rate of group 0: 0.0003
2024-09-07 08:24:55,590 - INFO - Maximum gradient before clipping: 38.53647994995117
2024-09-07 08:24:55,591 - INFO - Minimum gradient before clipping: -55.74481201171875
2024-09-07 08:24:55,592 - INFO - Mean training L1 loss: 0.0198904195315871
2024-09-07 08:24:55,592 - INFO - Mean training SSIM loss: 0.6836314474324809
2024-09-07 08:24:55,592 - INFO - Mean training MSE loss: 0.0010530963352722062
2024-09-07 08:28:06,401 - INFO - Mean validation L1 loss: 0.018596549314387565
2024-09-07 08:28:06,401 - INFO - Mean validation SSIM loss: 0.659399249282569
2024-09-07 08:28:06,401 - INFO - Mean validation MSE loss: 0.0009646373272392225
2024-09-07 08:28:07,100 - INFO - New best validation Loss 0.018596549314387565, at epoch 55
2024-09-07 08:28:07,101 - INFO - Epoch 56
-------------------------------
2024-09-07 08:28:07,101 - INFO - Learning Rate of group 0: 0.0003
2024-09-07 09:05:17,502 - INFO - Maximum gradient before clipping: 31.346996307373047
2024-09-07 09:05:17,503 - INFO - Minimum gradient before clipping: -59.08756637573242
2024-09-07 09:05:17,504 - INFO - Mean training L1 loss: 0.01988616323317446
2024-09-07 09:05:17,504 - INFO - Mean training SSIM loss: 0.6832528916027495
2024-09-07 09:05:17,504 - INFO - Mean training MSE loss: 0.0010493469825572448
2024-09-07 09:08:28,644 - INFO - Mean validation L1 loss: 0.019462729399294956
2024-09-07 09:08:28,645 - INFO - Mean validation SSIM loss: 0.6824488479357499
2024-09-07 09:08:28,645 - INFO - Mean validation MSE loss: 0.0009684667969375606
2024-09-07 09:08:28,645 - INFO - Epoch 57
-------------------------------
2024-09-07 09:08:28,645 - INFO - Learning Rate of group 0: 0.0003
2024-09-07 09:45:36,229 - INFO - Maximum gradient before clipping: 31.3991756439209
2024-09-07 09:45:36,229 - INFO - Minimum gradient before clipping: -59.7745361328125
2024-09-07 09:45:36,230 - INFO - Mean training L1 loss: 0.019904070578995407
2024-09-07 09:45:36,230 - INFO - Mean training SSIM loss: 0.6831411818787922
2024-09-07 09:45:36,230 - INFO - Mean training MSE loss: 0.0010538997338893493
2024-09-07 09:48:47,395 - INFO - Mean validation L1 loss: 0.019314177921446768
2024-09-07 09:48:47,396 - INFO - Mean validation SSIM loss: 0.6542245064890105
2024-09-07 09:48:47,396 - INFO - Mean validation MSE loss: 0.0010408787833068077
2024-09-07 09:48:47,396 - INFO - Epoch 58
-------------------------------
2024-09-07 09:48:47,396 - INFO - Learning Rate of group 0: 0.0003
2024-09-07 10:25:56,387 - INFO - Maximum gradient before clipping: 34.02730941772461
2024-09-07 10:25:56,388 - INFO - Minimum gradient before clipping: -43.32054901123047
2024-09-07 10:25:56,389 - INFO - Mean training L1 loss: 0.019856132949039883
2024-09-07 10:25:56,389 - INFO - Mean training SSIM loss: 0.6815767932117658
2024-09-07 10:25:56,389 - INFO - Mean training MSE loss: 0.0010503072357756589
2024-09-07 10:29:07,405 - INFO - Mean validation L1 loss: 0.018984359645449797
2024-09-07 10:29:07,406 - INFO - Mean validation SSIM loss: 0.6546492458984605
2024-09-07 10:29:07,406 - INFO - Mean validation MSE loss: 0.0009721108011622604
2024-09-07 10:29:07,406 - INFO - Epoch 59
-------------------------------
2024-09-07 10:29:07,406 - INFO - Learning Rate of group 0: 0.0003
