2024-08-20 13:14:50,181 - INFO - NOTE: None
2024-08-20 13:14:50,183 - INFO - Torch, random, numpy seed: 88
2024-08-20 13:14:51,336 - INFO - Starting training from from epoch 0
2024-08-20 13:14:59,761 - INFO - Epoch 1
-------------------------------
2024-08-20 13:14:59,762 - INFO - Learning Rate of group 0: 0.0
2024-08-20 13:16:50,337 - INFO - Maximum gradient before clipping: 0.7322208285331726
2024-08-20 13:16:50,337 - INFO - Minimum gradient before clipping: -0.17339397966861725
2024-08-20 13:16:50,338 - INFO - Mean training L1 loss: 0.24792133808135985
2024-08-20 13:16:50,338 - INFO - Mean training SSIM loss: 0.0
2024-08-20 13:16:50,338 - INFO - Mean training MSE loss: 0.09336013272404671
2024-08-20 13:17:01,568 - INFO - Mean validation L1 loss: 0.24806136906147003
2024-08-20 13:17:01,568 - INFO - Mean validation SSIM loss: 0.0
2024-08-20 13:17:01,568 - INFO - Mean validation MSE loss: 0.09381898105144501
2024-08-20 13:17:03,540 - INFO - New best validation Loss 0.24806136906147003, at epoch 1
2024-08-20 13:17:03,547 - INFO - Epoch 2
-------------------------------
2024-08-20 13:17:03,547 - INFO - Learning Rate of group 0: 1.9288424965319755e-05
2024-08-20 13:18:52,114 - INFO - Maximum gradient before clipping: 0.8663322925567627
2024-08-20 13:18:52,115 - INFO - Minimum gradient before clipping: -1.1119436025619507
2024-08-20 13:18:52,115 - INFO - Mean training L1 loss: 0.04490922749042511
2024-08-20 13:18:52,116 - INFO - Mean training SSIM loss: 0.0
2024-08-20 13:18:52,116 - INFO - Mean training MSE loss: 0.004987336168996989
2024-08-20 13:19:03,817 - INFO - Mean validation L1 loss: 0.030665334984660148
2024-08-20 13:19:03,817 - INFO - Mean validation SSIM loss: 0.0
2024-08-20 13:19:03,817 - INFO - Mean validation MSE loss: 0.0019491877732798458
2024-08-20 13:19:05,799 - INFO - New best validation Loss 0.030665334984660148, at epoch 2
2024-08-20 13:19:05,802 - INFO - Epoch 3
-------------------------------
2024-08-20 13:19:05,802 - INFO - Learning Rate of group 0: 3.857684993063951e-05
2024-08-20 13:20:54,451 - INFO - Maximum gradient before clipping: 0.6851546764373779
2024-08-20 13:20:54,451 - INFO - Minimum gradient before clipping: -0.8140034079551697
2024-08-20 13:20:54,452 - INFO - Mean training L1 loss: 0.031683777663856744
2024-08-20 13:20:54,452 - INFO - Mean training SSIM loss: 0.0
2024-08-20 13:20:54,452 - INFO - Mean training MSE loss: 0.0020891967008356007
2024-08-20 13:21:05,637 - INFO - Mean validation L1 loss: 0.02994815282523632
2024-08-20 13:21:05,637 - INFO - Mean validation SSIM loss: 0.0
2024-08-20 13:21:05,637 - INFO - Mean validation MSE loss: 0.0018073161458596588
2024-08-20 13:21:07,598 - INFO - New best validation Loss 0.02994815282523632, at epoch 3
2024-08-20 13:21:07,601 - INFO - Epoch 4
-------------------------------
2024-08-20 13:21:07,601 - INFO - Learning Rate of group 0: 5.786527489595926e-05
2024-08-20 13:22:56,259 - INFO - Maximum gradient before clipping: 0.6376085877418518
2024-08-20 13:22:56,260 - INFO - Minimum gradient before clipping: -0.8539422154426575
2024-08-20 13:22:56,261 - INFO - Mean training L1 loss: 0.031087797507643698
2024-08-20 13:22:56,261 - INFO - Mean training SSIM loss: 0.0
2024-08-20 13:22:56,261 - INFO - Mean training MSE loss: 0.002020222417777404
2024-08-20 13:23:07,840 - INFO - Mean validation L1 loss: 0.028411357402801513
2024-08-20 13:23:07,840 - INFO - Mean validation SSIM loss: 0.0
2024-08-20 13:23:07,840 - INFO - Mean validation MSE loss: 0.0017349996464326978
2024-08-20 13:23:09,836 - INFO - New best validation Loss 0.028411357402801513, at epoch 4
2024-08-20 13:23:09,840 - INFO - Epoch 5
-------------------------------
2024-08-20 13:23:09,840 - INFO - Learning Rate of group 0: 7.715369986127902e-05
2024-08-20 13:24:58,688 - INFO - Maximum gradient before clipping: 0.6581453084945679
2024-08-20 13:24:58,688 - INFO - Minimum gradient before clipping: -0.8296374678611755
2024-08-20 13:24:58,689 - INFO - Mean training L1 loss: 0.031081564482301472
2024-08-20 13:24:58,689 - INFO - Mean training SSIM loss: 0.0
2024-08-20 13:24:58,689 - INFO - Mean training MSE loss: 0.001991542853647843
2024-08-20 13:25:10,046 - INFO - Mean validation L1 loss: 0.030544374361634253
2024-08-20 13:25:10,046 - INFO - Mean validation SSIM loss: 0.0
2024-08-20 13:25:10,046 - INFO - Mean validation MSE loss: 0.0019961025146767496
2024-08-20 13:25:10,049 - INFO - Epoch 6
-------------------------------
2024-08-20 13:25:10,049 - INFO - Learning Rate of group 0: 9.644212482659877e-05
2024-08-20 13:26:58,460 - INFO - Maximum gradient before clipping: 0.6567691564559937
2024-08-20 13:26:58,461 - INFO - Minimum gradient before clipping: -0.8498772382736206
2024-08-20 13:26:58,461 - INFO - Mean training L1 loss: 0.030291153155267238
2024-08-20 13:26:58,461 - INFO - Mean training SSIM loss: 0.0
2024-08-20 13:26:58,462 - INFO - Mean training MSE loss: 0.001904566272860393
2024-08-20 13:27:10,248 - INFO - Mean validation L1 loss: 0.028513346090912817
2024-08-20 13:27:10,248 - INFO - Mean validation SSIM loss: 0.0
2024-08-20 13:27:10,248 - INFO - Mean validation MSE loss: 0.0016876922314986588
2024-08-20 13:27:10,251 - INFO - Epoch 7
-------------------------------
2024-08-20 13:27:10,251 - INFO - Learning Rate of group 0: 0.00011573054979191853
2024-08-20 13:28:59,031 - INFO - Maximum gradient before clipping: 0.6354802250862122
2024-08-20 13:28:59,032 - INFO - Minimum gradient before clipping: -0.7680599093437195
2024-08-20 13:28:59,033 - INFO - Mean training L1 loss: 0.028993006572127344
2024-08-20 13:28:59,033 - INFO - Mean training SSIM loss: 0.0
2024-08-20 13:28:59,033 - INFO - Mean training MSE loss: 0.001815825243247673
2024-08-20 13:29:10,208 - INFO - Mean validation L1 loss: 0.02763226293027401
2024-08-20 13:29:10,208 - INFO - Mean validation SSIM loss: 0.0
2024-08-20 13:29:10,208 - INFO - Mean validation MSE loss: 0.0016143389092758299
2024-08-20 13:29:12,199 - INFO - New best validation Loss 0.02763226293027401, at epoch 7
2024-08-20 13:29:12,203 - INFO - Epoch 8
-------------------------------
2024-08-20 13:29:12,203 - INFO - Learning Rate of group 0: 0.00013501897475723826
2024-08-20 13:31:00,645 - INFO - Maximum gradient before clipping: 0.6378527879714966
2024-08-20 13:31:00,645 - INFO - Minimum gradient before clipping: -0.8764306306838989
2024-08-20 13:31:00,646 - INFO - Mean training L1 loss: 0.029552339408546686
2024-08-20 13:31:00,646 - INFO - Mean training SSIM loss: 0.0
2024-08-20 13:31:00,646 - INFO - Mean training MSE loss: 0.0018295510509051382
2024-08-20 13:31:12,112 - INFO - Mean validation L1 loss: 0.02837288722395897
2024-08-20 13:31:12,112 - INFO - Mean validation SSIM loss: 0.0
2024-08-20 13:31:12,112 - INFO - Mean validation MSE loss: 0.0017814376996830106
2024-08-20 13:31:12,115 - INFO - Epoch 9
-------------------------------
2024-08-20 13:31:12,115 - INFO - Learning Rate of group 0: 0.00015430739972255804
2024-08-20 13:33:00,752 - INFO - Maximum gradient before clipping: 0.7357338666915894
2024-08-20 13:33:00,753 - INFO - Minimum gradient before clipping: -0.812771737575531
2024-08-20 13:33:00,753 - INFO - Mean training L1 loss: 0.028163455612957477
2024-08-20 13:33:00,754 - INFO - Mean training SSIM loss: 0.0
2024-08-20 13:33:00,754 - INFO - Mean training MSE loss: 0.0017266972677316516
2024-08-20 13:33:12,211 - INFO - Mean validation L1 loss: 0.025875368192791938
2024-08-20 13:33:12,211 - INFO - Mean validation SSIM loss: 0.0
2024-08-20 13:33:12,211 - INFO - Mean validation MSE loss: 0.0014550259755924345
2024-08-20 13:33:14,201 - INFO - New best validation Loss 0.025875368192791938, at epoch 9
2024-08-20 13:33:14,204 - INFO - Epoch 10
-------------------------------
2024-08-20 13:33:14,204 - INFO - Learning Rate of group 0: 0.0001735958246878778
2024-08-20 13:35:03,072 - INFO - Maximum gradient before clipping: 0.6938463449478149
2024-08-20 13:35:03,072 - INFO - Minimum gradient before clipping: -0.9502736330032349
2024-08-20 13:35:03,073 - INFO - Mean training L1 loss: 0.02800651790574193
2024-08-20 13:35:03,073 - INFO - Mean training SSIM loss: 0.0
2024-08-20 13:35:03,073 - INFO - Mean training MSE loss: 0.001702438216889277
2024-08-20 13:35:14,311 - INFO - Mean validation L1 loss: 0.025547951236367227
2024-08-20 13:35:14,311 - INFO - Mean validation SSIM loss: 0.0
2024-08-20 13:35:14,311 - INFO - Mean validation MSE loss: 0.0014443454844877124
2024-08-20 13:35:16,278 - INFO - New best validation Loss 0.025547951236367227, at epoch 10
2024-08-20 13:35:16,282 - INFO - Epoch 11
-------------------------------
2024-08-20 13:35:16,282 - INFO - Learning Rate of group 0: 0.00019288424965319755
2024-08-20 13:37:04,783 - INFO - Maximum gradient before clipping: 0.607647180557251
2024-08-20 13:37:04,783 - INFO - Minimum gradient before clipping: -0.7996521592140198
2024-08-20 13:37:04,784 - INFO - Mean training L1 loss: 0.02711014974862337
2024-08-20 13:37:04,784 - INFO - Mean training SSIM loss: 0.0
2024-08-20 13:37:04,784 - INFO - Mean training MSE loss: 0.0016303960274672135
2024-08-20 13:37:16,048 - INFO - Mean validation L1 loss: 0.02476018525660038
2024-08-20 13:37:16,049 - INFO - Mean validation SSIM loss: 0.0
2024-08-20 13:37:16,049 - INFO - Mean validation MSE loss: 0.0014508535573258996
2024-08-20 13:37:18,013 - INFO - New best validation Loss 0.02476018525660038, at epoch 11
2024-08-20 13:37:18,016 - INFO - Epoch 12
-------------------------------
2024-08-20 13:37:18,016 - INFO - Learning Rate of group 0: 0.00019288424965319755
2024-08-20 13:39:06,502 - INFO - Maximum gradient before clipping: 0.60626220703125
2024-08-20 13:39:06,502 - INFO - Minimum gradient before clipping: -0.6511937975883484
2024-08-20 13:39:06,503 - INFO - Mean training L1 loss: 0.025685336776077747
2024-08-20 13:39:06,503 - INFO - Mean training SSIM loss: 0.0
2024-08-20 13:39:06,503 - INFO - Mean training MSE loss: 0.0015194187546148897
2024-08-20 13:39:17,821 - INFO - Mean validation L1 loss: 0.023903720676898957
2024-08-20 13:39:17,821 - INFO - Mean validation SSIM loss: 0.0
2024-08-20 13:39:17,821 - INFO - Mean validation MSE loss: 0.0013797925529070198
2024-08-20 13:39:19,796 - INFO - New best validation Loss 0.023903720676898957, at epoch 12
2024-08-20 13:39:19,799 - INFO - Epoch 13
-------------------------------
2024-08-20 13:39:19,799 - INFO - Learning Rate of group 0: 0.00019288424965319755
2024-08-20 13:41:08,634 - INFO - Maximum gradient before clipping: 0.6267465353012085
2024-08-20 13:41:08,635 - INFO - Minimum gradient before clipping: -0.7096732258796692
2024-08-20 13:41:08,635 - INFO - Mean training L1 loss: 0.025369372926652433
2024-08-20 13:41:08,636 - INFO - Mean training SSIM loss: 0.0
2024-08-20 13:41:08,636 - INFO - Mean training MSE loss: 0.0014783852919936181
2024-08-20 13:41:19,760 - INFO - Mean validation L1 loss: 0.023311433643102647
2024-08-20 13:41:19,760 - INFO - Mean validation SSIM loss: 0.0
2024-08-20 13:41:19,760 - INFO - Mean validation MSE loss: 0.0012663044850341975
2024-08-20 13:41:21,723 - INFO - New best validation Loss 0.023311433643102647, at epoch 13
2024-08-20 13:41:21,727 - INFO - Epoch 14
-------------------------------
2024-08-20 13:41:21,727 - INFO - Learning Rate of group 0: 0.00019288424965319755
2024-08-20 13:43:10,602 - INFO - Maximum gradient before clipping: 0.6111263632774353
2024-08-20 13:43:10,603 - INFO - Minimum gradient before clipping: -0.5515249967575073
2024-08-20 13:43:10,603 - INFO - Mean training L1 loss: 0.024108860548585652
2024-08-20 13:43:10,603 - INFO - Mean training SSIM loss: 0.0
2024-08-20 13:43:10,603 - INFO - Mean training MSE loss: 0.0013714893639553338
2024-08-20 13:43:22,049 - INFO - Mean validation L1 loss: 0.025786169990897178
2024-08-20 13:43:22,049 - INFO - Mean validation SSIM loss: 0.0
2024-08-20 13:43:22,049 - INFO - Mean validation MSE loss: 0.0014360315585508943
2024-08-20 13:43:22,052 - INFO - Epoch 15
-------------------------------
2024-08-20 13:43:22,052 - INFO - Learning Rate of group 0: 0.00019288424965319755
2024-08-20 13:45:10,863 - INFO - Maximum gradient before clipping: 0.5534626245498657
2024-08-20 13:45:10,864 - INFO - Minimum gradient before clipping: -0.6721680760383606
2024-08-20 13:45:10,864 - INFO - Mean training L1 loss: 0.02372232433408499
2024-08-20 13:45:10,864 - INFO - Mean training SSIM loss: 0.0
2024-08-20 13:45:10,864 - INFO - Mean training MSE loss: 0.0013278925680788234
2024-08-20 13:45:22,014 - INFO - Mean validation L1 loss: 0.021948723345994948
2024-08-20 13:45:22,014 - INFO - Mean validation SSIM loss: 0.0
2024-08-20 13:45:22,014 - INFO - Mean validation MSE loss: 0.0011412746459245682
2024-08-20 13:45:24,014 - INFO - New best validation Loss 0.021948723345994948, at epoch 15
2024-08-20 13:45:24,017 - INFO - Epoch 16
-------------------------------
2024-08-20 13:45:24,017 - INFO - Learning Rate of group 0: 0.00019288424965319755
2024-08-20 13:47:13,017 - INFO - Maximum gradient before clipping: 0.5581321120262146
2024-08-20 13:47:13,018 - INFO - Minimum gradient before clipping: -0.7073248624801636
2024-08-20 13:47:13,018 - INFO - Mean training L1 loss: 0.023585388828068973
2024-08-20 13:47:13,019 - INFO - Mean training SSIM loss: 0.0
2024-08-20 13:47:13,019 - INFO - Mean training MSE loss: 0.0013011962111340836
2024-08-20 13:47:24,432 - INFO - Mean validation L1 loss: 0.02291346460580826
2024-08-20 13:47:24,433 - INFO - Mean validation SSIM loss: 0.0
2024-08-20 13:47:24,433 - INFO - Mean validation MSE loss: 0.0011413505813106894
