2024-07-08 18:45:45,625 - INFO - Starting training from from epoch 0
2024-07-08 18:45:46,019 - INFO - Epoch 0
-------------------------------
2024-07-08 18:46:01,633 - INFO - Mean training loss: 203025.609375
2024-07-08 18:46:07,324 - INFO - Mean validation loss: 144615.40625
2024-07-08 18:46:07,968 - INFO - New best validation Loss 144615.40625, at epoch 0
2024-07-08 18:46:07,970 - INFO - Epoch 1
-------------------------------
2024-07-08 18:46:20,153 - INFO - Mean training loss: 143712.9912109375
2024-07-08 18:46:25,389 - INFO - Mean validation loss: 134659.671875
2024-07-08 18:46:26,083 - INFO - New best validation Loss 134659.671875, at epoch 1
2024-07-08 18:46:26,084 - INFO - Epoch 2
-------------------------------
2024-07-08 18:46:38,277 - INFO - Mean training loss: 136654.248046875
2024-07-08 18:46:43,751 - INFO - Mean validation loss: 131957.484375
2024-07-08 18:46:44,469 - INFO - New best validation Loss 131957.484375, at epoch 2
2024-07-08 18:46:44,470 - INFO - Epoch 3
-------------------------------
2024-07-08 18:46:57,438 - INFO - Mean training loss: 135056.859375
2024-07-08 18:47:02,697 - INFO - Mean validation loss: 131222.328125
2024-07-08 18:47:03,576 - INFO - New best validation Loss 131222.328125, at epoch 3
2024-07-08 18:47:03,577 - INFO - Epoch 4
-------------------------------
2024-07-08 18:47:15,582 - INFO - Mean training loss: 134360.4423828125
2024-07-08 18:47:21,306 - INFO - Mean validation loss: 130682.515625
2024-07-08 18:47:22,189 - INFO - New best validation Loss 130682.515625, at epoch 4
2024-07-08 18:47:22,190 - INFO - Epoch 5
-------------------------------
2024-07-08 18:47:35,167 - INFO - Mean training loss: 133945.2548828125
2024-07-08 18:47:40,633 - INFO - Mean validation loss: 130613.0625
2024-07-08 18:47:41,326 - INFO - New best validation Loss 130613.0625, at epoch 5
2024-07-08 18:47:41,327 - INFO - Epoch 6
-------------------------------
2024-07-08 18:47:53,438 - INFO - Mean training loss: 133849.4375
2024-07-08 18:47:58,774 - INFO - Mean validation loss: 130298.7421875
2024-07-08 18:47:59,479 - INFO - New best validation Loss 130298.7421875, at epoch 6
2024-07-08 18:47:59,480 - INFO - Epoch 7
-------------------------------
2024-07-08 18:48:12,169 - INFO - Mean training loss: 133668.607421875
2024-07-08 18:48:17,634 - INFO - Mean validation loss: 130179.59375
2024-07-08 18:48:18,363 - INFO - New best validation Loss 130179.59375, at epoch 7
2024-07-08 18:48:18,364 - INFO - Epoch 8
-------------------------------
2024-07-08 18:48:30,657 - INFO - Mean training loss: 133532.5048828125
2024-07-08 18:48:35,929 - INFO - Mean validation loss: 130000.28125
2024-07-08 18:48:36,834 - INFO - New best validation Loss 130000.28125, at epoch 8
2024-07-08 18:48:36,835 - INFO - Epoch 9
-------------------------------
2024-07-08 18:48:50,506 - INFO - Mean training loss: 133236.4306640625
2024-07-08 18:48:55,566 - INFO - Mean validation loss: 129365.8203125
2024-07-08 18:48:56,412 - INFO - New best validation Loss 129365.8203125, at epoch 9
2024-07-08 18:48:56,413 - INFO - Epoch 10
-------------------------------
2024-07-08 18:49:09,306 - INFO - Mean training loss: 132212.693359375
2024-07-08 18:49:14,370 - INFO - Mean validation loss: 128075.8828125
2024-07-08 18:49:15,236 - INFO - New best validation Loss 128075.8828125, at epoch 10
2024-07-08 18:49:15,236 - INFO - Epoch 11
-------------------------------
2024-07-08 18:49:28,442 - INFO - Mean training loss: 129933.5888671875
2024-07-08 18:49:33,830 - INFO - Mean validation loss: 125553.21875
2024-07-08 18:49:34,723 - INFO - New best validation Loss 125553.21875, at epoch 11
2024-07-08 18:49:34,724 - INFO - Epoch 12
-------------------------------
2024-07-08 18:49:47,449 - INFO - Mean training loss: 127723.4697265625
2024-07-08 18:49:52,741 - INFO - Mean validation loss: 124806.33984375
2024-07-08 18:49:53,516 - INFO - New best validation Loss 124806.33984375, at epoch 12
2024-07-08 18:49:53,517 - INFO - Epoch 13
-------------------------------
2024-07-08 18:50:06,126 - INFO - Mean training loss: 125569.85546875
2024-07-08 18:50:11,461 - INFO - Mean validation loss: 123303.41796875
2024-07-08 18:50:12,400 - INFO - New best validation Loss 123303.41796875, at epoch 13
2024-07-08 18:50:12,401 - INFO - Epoch 14
-------------------------------
2024-07-08 18:50:24,972 - INFO - Mean training loss: 122806.3134765625
2024-07-08 18:50:30,303 - INFO - Mean validation loss: 119700.2734375
2024-07-08 18:50:31,170 - INFO - New best validation Loss 119700.2734375, at epoch 14
2024-07-08 18:50:31,171 - INFO - Epoch 15
-------------------------------
2024-07-08 18:50:43,535 - INFO - Mean training loss: 121999.0625
2024-07-08 18:50:49,186 - INFO - Mean validation loss: 120157.390625
2024-07-08 18:50:49,186 - INFO - Epoch 16
-------------------------------
2024-07-08 18:51:01,307 - INFO - Mean training loss: 121987.5673828125
2024-07-08 18:51:06,383 - INFO - Mean validation loss: 117996.8046875
2024-07-08 18:51:07,092 - INFO - New best validation Loss 117996.8046875, at epoch 16
2024-07-08 18:51:07,093 - INFO - Epoch 17
-------------------------------
2024-07-08 18:51:19,786 - INFO - Mean training loss: 119444.4423828125
2024-07-08 18:51:25,005 - INFO - Mean validation loss: 117004.04296875
2024-07-08 18:51:25,863 - INFO - New best validation Loss 117004.04296875, at epoch 17
2024-07-08 18:51:25,864 - INFO - Epoch 18
-------------------------------
2024-07-08 18:51:38,585 - INFO - Mean training loss: 116960.1904296875
2024-07-08 18:51:43,582 - INFO - Mean validation loss: 115618.30859375
2024-07-08 18:51:44,456 - INFO - New best validation Loss 115618.30859375, at epoch 18
2024-07-08 18:51:44,457 - INFO - Epoch 19
-------------------------------
2024-07-08 18:51:57,890 - INFO - Mean training loss: 114948.2490234375
2024-07-08 18:52:02,928 - INFO - Mean validation loss: 114193.5625
2024-07-08 18:52:03,653 - INFO - New best validation Loss 114193.5625, at epoch 19
2024-07-08 18:52:03,654 - INFO - Epoch 20
-------------------------------
2024-07-08 18:52:17,020 - INFO - Mean training loss: 112984.310546875
2024-07-08 18:52:22,069 - INFO - Mean validation loss: 112455.29296875
2024-07-08 18:52:22,815 - INFO - New best validation Loss 112455.29296875, at epoch 20
2024-07-08 18:52:22,816 - INFO - Epoch 21
-------------------------------
2024-07-08 18:52:35,866 - INFO - Mean training loss: 110402.3310546875
2024-07-08 18:52:41,308 - INFO - Mean validation loss: 111051.71875
2024-07-08 18:52:42,186 - INFO - New best validation Loss 111051.71875, at epoch 21
2024-07-08 18:52:42,187 - INFO - Epoch 22
-------------------------------
2024-07-08 18:52:55,365 - INFO - Mean training loss: 106887.515625
2024-07-08 18:53:00,416 - INFO - Mean validation loss: 105002.0
2024-07-08 18:53:01,123 - INFO - New best validation Loss 105002.0, at epoch 22
2024-07-08 18:53:01,124 - INFO - Epoch 23
-------------------------------
2024-07-08 18:53:13,572 - INFO - Mean training loss: 103353.1533203125
2024-07-08 18:53:18,627 - INFO - Mean validation loss: 101643.09375
2024-07-08 18:53:19,541 - INFO - New best validation Loss 101643.09375, at epoch 23
2024-07-08 18:53:19,542 - INFO - Epoch 24
-------------------------------
2024-07-08 18:53:32,618 - INFO - Mean training loss: 102764.96484375
2024-07-08 18:53:37,807 - INFO - Mean validation loss: 108366.68359375
2024-07-08 18:53:37,808 - INFO - Epoch 25
-------------------------------
2024-07-08 18:53:50,351 - INFO - Mean training loss: 108238.732421875
2024-07-08 18:53:55,537 - INFO - Mean validation loss: 113156.4140625
2024-07-08 18:53:55,537 - INFO - Epoch 26
-------------------------------
2024-07-08 18:54:08,481 - INFO - Mean training loss: 109201.501953125
2024-07-08 18:54:13,768 - INFO - Mean validation loss: 105464.70703125
2024-07-08 18:54:13,769 - INFO - Epoch 27
-------------------------------
2024-07-08 18:54:27,485 - INFO - Mean training loss: 106439.33984375
2024-07-08 18:54:32,841 - INFO - Mean validation loss: 106398.4375
2024-07-08 18:54:32,841 - INFO - Epoch 28
-------------------------------
2024-07-08 18:54:45,988 - INFO - Mean training loss: 101104.4560546875
2024-07-08 18:54:51,223 - INFO - Mean validation loss: 99018.59765625
2024-07-08 18:54:51,953 - INFO - New best validation Loss 99018.59765625, at epoch 28
2024-07-08 18:54:51,954 - INFO - Epoch 29
-------------------------------
2024-07-08 18:55:05,139 - INFO - Mean training loss: 98788.2958984375
2024-07-08 18:55:10,245 - INFO - Mean validation loss: 97674.98046875
2024-07-08 18:55:10,945 - INFO - New best validation Loss 97674.98046875, at epoch 29
2024-07-08 18:55:10,946 - INFO - Epoch 30
-------------------------------
2024-07-08 18:55:23,288 - INFO - Mean training loss: 97348.240234375
2024-07-08 18:55:28,564 - INFO - Mean validation loss: 98792.046875
2024-07-08 18:55:28,565 - INFO - Epoch 31
-------------------------------
2024-07-08 18:55:41,445 - INFO - Mean training loss: 93038.771484375
2024-07-08 18:55:46,525 - INFO - Mean validation loss: 90628.51171875
2024-07-08 18:55:47,404 - INFO - New best validation Loss 90628.51171875, at epoch 31
2024-07-08 18:55:47,405 - INFO - Epoch 32
-------------------------------
2024-07-08 18:56:00,141 - INFO - Mean training loss: 86823.7724609375
2024-07-08 18:56:05,191 - INFO - Mean validation loss: 85984.69140625
2024-07-08 18:56:06,084 - INFO - New best validation Loss 85984.69140625, at epoch 32
2024-07-08 18:56:06,085 - INFO - Epoch 33
-------------------------------
2024-07-08 18:56:18,183 - INFO - Mean training loss: 82950.751953125
2024-07-08 18:56:23,480 - INFO - Mean validation loss: 83576.453125
2024-07-08 18:56:24,213 - INFO - New best validation Loss 83576.453125, at epoch 33
2024-07-08 18:56:24,214 - INFO - Epoch 34
-------------------------------
2024-07-08 18:56:36,783 - INFO - Mean training loss: 81792.2265625
2024-07-08 18:56:42,195 - INFO - Mean validation loss: 81274.921875
2024-07-08 18:56:43,048 - INFO - New best validation Loss 81274.921875, at epoch 34
2024-07-08 18:56:43,049 - INFO - Epoch 35
-------------------------------
2024-07-08 18:56:56,154 - INFO - Mean training loss: 78604.2685546875
2024-07-08 18:57:01,336 - INFO - Mean validation loss: 79490.4296875
2024-07-08 18:57:02,219 - INFO - New best validation Loss 79490.4296875, at epoch 35
2024-07-08 18:57:02,220 - INFO - Epoch 36
-------------------------------
2024-07-08 18:57:16,012 - INFO - Mean training loss: 74916.9033203125
2024-07-08 18:57:21,194 - INFO - Mean validation loss: 76314.5
2024-07-08 18:57:22,038 - INFO - New best validation Loss 76314.5, at epoch 36
2024-07-08 18:57:22,039 - INFO - Epoch 37
-------------------------------
2024-07-08 18:57:34,407 - INFO - Mean training loss: 73132.8662109375
2024-07-08 18:57:39,991 - INFO - Mean validation loss: 75090.58984375
2024-07-08 18:57:40,706 - INFO - New best validation Loss 75090.58984375, at epoch 37
2024-07-08 18:57:40,707 - INFO - Epoch 38
-------------------------------
2024-07-08 18:57:54,465 - INFO - Mean training loss: 71465.080078125
2024-07-08 18:57:59,975 - INFO - Mean validation loss: 73797.59765625
2024-07-08 18:58:00,730 - INFO - New best validation Loss 73797.59765625, at epoch 38
2024-07-08 18:58:00,730 - INFO - Epoch 39
-------------------------------
2024-07-08 18:58:14,199 - INFO - Mean training loss: 70385.5830078125
2024-07-08 18:58:19,236 - INFO - Mean validation loss: 72441.8125
2024-07-08 18:58:20,182 - INFO - New best validation Loss 72441.8125, at epoch 39
2024-07-08 18:58:20,183 - INFO - Epoch 40
-------------------------------
2024-07-08 18:58:33,974 - INFO - Mean training loss: 69215.109375
2024-07-08 18:58:39,627 - INFO - Mean validation loss: 71057.7421875
2024-07-08 18:58:40,526 - INFO - New best validation Loss 71057.7421875, at epoch 40
2024-07-08 18:58:40,527 - INFO - Epoch 41
-------------------------------
2024-07-08 18:58:53,947 - INFO - Mean training loss: 68526.17626953125
2024-07-08 18:58:59,124 - INFO - Mean validation loss: 68981.947265625
2024-07-08 18:59:00,001 - INFO - New best validation Loss 68981.947265625, at epoch 41
2024-07-08 18:59:00,002 - INFO - Epoch 42
-------------------------------
2024-07-08 18:59:13,000 - INFO - Mean training loss: 68054.50146484375
2024-07-08 18:59:18,090 - INFO - Mean validation loss: 67722.72265625
2024-07-08 18:59:18,933 - INFO - New best validation Loss 67722.72265625, at epoch 42
2024-07-08 18:59:18,934 - INFO - Epoch 43
-------------------------------
2024-07-08 18:59:31,219 - INFO - Mean training loss: 67330.72802734375
2024-07-08 18:59:36,341 - INFO - Mean validation loss: 70982.259765625
2024-07-08 18:59:36,342 - INFO - Epoch 44
-------------------------------
2024-07-08 18:59:49,166 - INFO - Mean training loss: 68917.79931640625
2024-07-08 18:59:54,836 - INFO - Mean validation loss: 70413.5546875
2024-07-08 18:59:54,837 - INFO - Epoch 45
-------------------------------
2024-07-08 19:00:08,348 - INFO - Mean training loss: 66720.04931640625
2024-07-08 19:00:13,790 - INFO - Mean validation loss: 66073.27734375
2024-07-08 19:00:14,715 - INFO - New best validation Loss 66073.27734375, at epoch 45
2024-07-08 19:00:14,716 - INFO - Epoch 46
-------------------------------
2024-07-08 19:00:27,544 - INFO - Mean training loss: 63548.7021484375
2024-07-08 19:00:32,844 - INFO - Mean validation loss: 63615.4140625
2024-07-08 19:00:33,754 - INFO - New best validation Loss 63615.4140625, at epoch 46
2024-07-08 19:00:33,755 - INFO - Epoch 47
-------------------------------
2024-07-08 19:00:46,865 - INFO - Mean training loss: 61715.4873046875
2024-07-08 19:00:52,226 - INFO - Mean validation loss: 63386.72265625
2024-07-08 19:00:53,082 - INFO - New best validation Loss 63386.72265625, at epoch 47
2024-07-08 19:00:53,083 - INFO - Epoch 48
-------------------------------
2024-07-08 19:01:06,599 - INFO - Mean training loss: 60562.7109375
2024-07-08 19:01:12,109 - INFO - Mean validation loss: 61196.54296875
2024-07-08 19:01:12,967 - INFO - New best validation Loss 61196.54296875, at epoch 48
2024-07-08 19:01:12,968 - INFO - Epoch 49
-------------------------------
2024-07-08 19:01:25,373 - INFO - Mean training loss: 59455.96142578125
2024-07-08 19:01:30,809 - INFO - Mean validation loss: 61391.87890625
2024-07-08 19:01:30,810 - INFO - Training Finished
