2024-08-20 23:55:50,379 - INFO - NOTE: None
2024-08-20 23:55:50,382 - INFO - Torch, random, numpy seed: 88
2024-08-20 23:55:51,162 - INFO - Starting training from from epoch 0
2024-08-20 23:55:59,153 - INFO - Epoch 1
-------------------------------
2024-08-20 23:55:59,154 - INFO - Learning Rate of group 0: 0.0
2024-08-20 23:58:35,029 - INFO - Maximum gradient before clipping: 5.66765022277832
2024-08-20 23:58:35,030 - INFO - Minimum gradient before clipping: -3.59268856048584
2024-08-20 23:58:35,032 - INFO - Mean training L1 loss: 0.15816895246505738
2024-08-20 23:58:35,032 - INFO - Mean training SSIM loss: 0.002474105939618312
2024-08-20 23:58:35,032 - INFO - Mean training MSE loss: 0.038876678328961134
2024-08-20 23:58:49,981 - INFO - Mean validation L1 loss: 0.15278638184070586
2024-08-20 23:58:49,981 - INFO - Mean validation SSIM loss: 0.0011989459057804197
2024-08-20 23:58:49,981 - INFO - Mean validation MSE loss: 0.03645395413041115
2024-08-20 23:58:52,192 - INFO - New best validation Loss 0.15278638184070586, at epoch 1
2024-08-20 23:58:52,200 - INFO - Epoch 2
-------------------------------
2024-08-20 23:58:52,200 - INFO - Learning Rate of group 0: 0.00041893312433676226
2024-08-21 00:01:26,131 - INFO - Maximum gradient before clipping: 393.8903503417969
2024-08-21 00:01:26,132 - INFO - Minimum gradient before clipping: -1449.67578125
2024-08-21 00:01:26,132 - INFO - Mean training L1 loss: 0.3216337823867798
2024-08-21 00:01:26,133 - INFO - Mean training SSIM loss: 0.03605325438492102
2024-08-21 00:01:26,133 - INFO - Mean training MSE loss: 0.670796289620921
2024-08-21 00:01:40,944 - INFO - Mean validation L1 loss: 0.04889181658625603
2024-08-21 00:01:40,944 - INFO - Mean validation SSIM loss: 4.5223272660877e-07
2024-08-21 00:01:40,944 - INFO - Mean validation MSE loss: 0.004753953441977501
2024-08-21 00:01:43,241 - INFO - New best validation Loss 0.04889181658625603, at epoch 2
2024-08-21 00:01:43,244 - INFO - Epoch 3
-------------------------------
2024-08-21 00:01:43,244 - INFO - Learning Rate of group 0: 0.0008378662486735245
2024-08-21 00:04:17,191 - INFO - Maximum gradient before clipping: 11.581578254699707
2024-08-21 00:04:17,191 - INFO - Minimum gradient before clipping: -13.576539039611816
2024-08-21 00:04:17,192 - INFO - Mean training L1 loss: 0.05467872980982065
2024-08-21 00:04:17,192 - INFO - Mean training SSIM loss: 1.2929079990517956e-05
2024-08-21 00:04:17,192 - INFO - Mean training MSE loss: 0.005235179518349469
2024-08-21 00:04:32,023 - INFO - Mean validation L1 loss: 0.049270121902227404
2024-08-21 00:04:32,023 - INFO - Mean validation SSIM loss: 5.244666371773122e-07
2024-08-21 00:04:32,023 - INFO - Mean validation MSE loss: 0.00424971679225564
2024-08-21 00:04:32,027 - INFO - Epoch 4
-------------------------------
2024-08-21 00:04:32,027 - INFO - Learning Rate of group 0: 0.0012567993730102866
2024-08-21 00:07:05,840 - INFO - Maximum gradient before clipping: 9.527572631835938
2024-08-21 00:07:05,841 - INFO - Minimum gradient before clipping: -12.234259605407715
2024-08-21 00:07:05,842 - INFO - Mean training L1 loss: 0.05099443934857845
2024-08-21 00:07:05,842 - INFO - Mean training SSIM loss: 6.449540994160063e-06
2024-08-21 00:07:05,842 - INFO - Mean training MSE loss: 0.004631923960987478
2024-08-21 00:07:21,531 - INFO - Mean validation L1 loss: 0.04787495732307434
2024-08-21 00:07:21,531 - INFO - Mean validation SSIM loss: 6.647557248129487e-07
2024-08-21 00:07:21,531 - INFO - Mean validation MSE loss: 0.004105295380577445
2024-08-21 00:07:23,748 - INFO - New best validation Loss 0.04787495732307434, at epoch 4
