2024-08-25 02:38:46,550 - INFO - NOTE: None
2024-08-25 02:38:46,552 - INFO - Torch, random, numpy seed: 88
2024-08-25 02:38:47,484 - INFO - Starting training from from epoch 0
2024-08-25 02:38:56,837 - INFO - Epoch 1
-------------------------------
2024-08-25 02:38:56,837 - INFO - Learning Rate of group 0: 0.0002
2024-08-25 02:39:47,723 - INFO - Maximum gradient before clipping: 0.4111529290676117
2024-08-25 02:39:47,723 - INFO - Minimum gradient before clipping: -0.5901596546173096
2024-08-25 02:39:47,724 - INFO - Mean training L1 loss: 0.04843496892601252
2024-08-25 02:39:47,724 - INFO - Mean training SSIM loss: 0.00014200452900438033
2024-08-25 02:39:47,724 - INFO - Mean training MSE loss: 0.004863338615978137
2024-08-25 02:39:56,149 - INFO - Mean validation L1 loss: 0.04204811275005341
2024-08-25 02:39:56,149 - INFO - Mean validation SSIM loss: 1.6833238872193677e-07
2024-08-25 02:39:56,149 - INFO - Mean validation MSE loss: 0.003569408040493727
2024-08-25 02:39:56,616 - INFO - New best validation Loss 0.04204811275005341, at epoch 1
2024-08-25 02:39:56,617 - INFO - Epoch 2
-------------------------------
2024-08-25 02:39:56,617 - INFO - Learning Rate of group 0: 4e-05
2024-08-25 02:40:45,611 - INFO - Maximum gradient before clipping: 0.19366388022899628
2024-08-25 02:40:45,611 - INFO - Minimum gradient before clipping: -0.21680882573127747
2024-08-25 02:40:45,612 - INFO - Mean training L1 loss: 0.04062128726392984
2024-08-25 02:40:45,612 - INFO - Mean training SSIM loss: 8.123509952440155e-08
2024-08-25 02:40:45,612 - INFO - Mean training MSE loss: 0.003430082123959437
2024-08-25 02:40:53,677 - INFO - Mean validation L1 loss: 0.040657534748315814
2024-08-25 02:40:53,677 - INFO - Mean validation SSIM loss: 5.4711963994868994e-08
2024-08-25 02:40:53,677 - INFO - Mean validation MSE loss: 0.0033390368334949017
2024-08-25 02:40:54,150 - INFO - New best validation Loss 0.040657534748315814, at epoch 2
2024-08-25 02:40:54,150 - INFO - Epoch 3
-------------------------------
2024-08-25 02:40:54,150 - INFO - Learning Rate of group 0: 8e-05
2024-08-25 02:41:43,333 - INFO - Maximum gradient before clipping: 0.2061747908592224
2024-08-25 02:41:43,333 - INFO - Minimum gradient before clipping: -0.23035156726837158
2024-08-25 02:41:43,333 - INFO - Mean training L1 loss: 0.03982153305783868
2024-08-25 02:41:43,333 - INFO - Mean training SSIM loss: 5.983956790189815e-08
2024-08-25 02:41:43,333 - INFO - Mean training MSE loss: 0.003287028392078355
2024-08-25 02:41:51,081 - INFO - Mean validation L1 loss: 0.03916452430188656
2024-08-25 02:41:51,081 - INFO - Mean validation SSIM loss: 5.0256211299171125e-08
2024-08-25 02:41:51,081 - INFO - Mean validation MSE loss: 0.0030469733010977506
2024-08-25 02:41:51,556 - INFO - New best validation Loss 0.03916452430188656, at epoch 3
2024-08-25 02:41:51,557 - INFO - Epoch 4
-------------------------------
2024-08-25 02:41:51,557 - INFO - Learning Rate of group 0: 0.00012
2024-08-25 02:42:40,455 - INFO - Maximum gradient before clipping: 0.2635124921798706
2024-08-25 02:42:40,455 - INFO - Minimum gradient before clipping: -0.223714679479599
2024-08-25 02:42:40,456 - INFO - Mean training L1 loss: 0.03929707432165742
2024-08-25 02:42:40,456 - INFO - Mean training SSIM loss: 8.996459837262715e-08
2024-08-25 02:42:40,456 - INFO - Mean training MSE loss: 0.0031842606945428997
2024-08-25 02:42:48,325 - INFO - Mean validation L1 loss: 0.03748611904680729
2024-08-25 02:42:48,325 - INFO - Mean validation SSIM loss: 9.289768784226382e-09
2024-08-25 02:42:48,325 - INFO - Mean validation MSE loss: 0.002957295561209321
2024-08-25 02:42:48,800 - INFO - New best validation Loss 0.03748611904680729, at epoch 4
2024-08-25 02:42:48,800 - INFO - Epoch 5
-------------------------------
2024-08-25 02:42:48,800 - INFO - Learning Rate of group 0: 0.00016
2024-08-25 02:43:37,985 - INFO - Maximum gradient before clipping: 0.18788842856884003
2024-08-25 02:43:37,985 - INFO - Minimum gradient before clipping: -0.18223121762275696
2024-08-25 02:43:37,985 - INFO - Mean training L1 loss: 0.03783100554719567
2024-08-25 02:43:37,985 - INFO - Mean training SSIM loss: 2.976753480578298e-08
2024-08-25 02:43:37,985 - INFO - Mean training MSE loss: 0.0030337144271470606
2024-08-25 02:43:46,196 - INFO - Mean validation L1 loss: 0.03682474389672279
2024-08-25 02:43:46,197 - INFO - Mean validation SSIM loss: 6.8743598419240824e-09
2024-08-25 02:43:46,197 - INFO - Mean validation MSE loss: 0.0029230316169559954
2024-08-25 02:43:46,673 - INFO - New best validation Loss 0.03682474389672279, at epoch 5
2024-08-25 02:43:46,673 - INFO - Epoch 6
-------------------------------
2024-08-25 02:43:46,673 - INFO - Learning Rate of group 0: 0.0002
2024-08-25 02:44:35,639 - INFO - Maximum gradient before clipping: 0.1751888245344162
2024-08-25 02:44:35,639 - INFO - Minimum gradient before clipping: -0.1721087396144867
2024-08-25 02:44:35,639 - INFO - Mean training L1 loss: 0.03696448292583227
2024-08-25 02:44:35,639 - INFO - Mean training SSIM loss: 1.5985440338858735e-08
2024-08-25 02:44:35,639 - INFO - Mean training MSE loss: 0.0029090700042434035
2024-08-25 02:44:43,209 - INFO - Mean validation L1 loss: 0.03676601529121399
2024-08-25 02:44:43,209 - INFO - Mean validation SSIM loss: 4.328889998128638e-09
2024-08-25 02:44:43,209 - INFO - Mean validation MSE loss: 0.0027944899955764414
2024-08-25 02:44:43,685 - INFO - New best validation Loss 0.03676601529121399, at epoch 6
2024-08-25 02:44:43,685 - INFO - Epoch 7
-------------------------------
2024-08-25 02:44:43,685 - INFO - Learning Rate of group 0: 0.0001951301233713678
2024-08-25 02:45:32,787 - INFO - Maximum gradient before clipping: 0.2149316668510437
2024-08-25 02:45:32,788 - INFO - Minimum gradient before clipping: -0.20741257071495056
2024-08-25 02:45:32,788 - INFO - Mean training L1 loss: 0.03672138061374426
2024-08-25 02:45:32,788 - INFO - Mean training SSIM loss: 2.5288575305516813e-08
2024-08-25 02:45:32,788 - INFO - Mean training MSE loss: 0.002890524425311014
2024-08-25 02:45:40,631 - INFO - Mean validation L1 loss: 0.03645324140787125
2024-08-25 02:45:40,631 - INFO - Mean validation SSIM loss: 8.91508090655746e-09
2024-08-25 02:45:40,631 - INFO - Mean validation MSE loss: 0.002735518682748079
2024-08-25 02:45:41,102 - INFO - New best validation Loss 0.03645324140787125, at epoch 7
2024-08-25 02:45:41,103 - INFO - Epoch 8
-------------------------------
2024-08-25 02:45:41,103 - INFO - Learning Rate of group 0: 0.00018099719094030728
2024-08-25 02:46:30,999 - INFO - Maximum gradient before clipping: 0.1900334358215332
2024-08-25 02:46:30,999 - INFO - Minimum gradient before clipping: -0.19604721665382385
2024-08-25 02:46:31,000 - INFO - Mean training L1 loss: 0.03616730721667409
2024-08-25 02:46:31,000 - INFO - Mean training SSIM loss: 1.4833374440970103e-08
2024-08-25 02:46:31,000 - INFO - Mean training MSE loss: 0.0027911061502527445
2024-08-25 02:46:38,644 - INFO - Mean validation L1 loss: 0.03854701191186905
2024-08-25 02:46:38,644 - INFO - Mean validation SSIM loss: 1.3200877924113285e-08
2024-08-25 02:46:38,644 - INFO - Mean validation MSE loss: 0.0029003311041742564
2024-08-25 02:46:38,644 - INFO - Epoch 9
-------------------------------
2024-08-25 02:46:38,645 - INFO - Learning Rate of group 0: 0.0001589846326031011
2024-08-25 02:47:28,342 - INFO - Maximum gradient before clipping: 0.1918608546257019
2024-08-25 02:47:28,343 - INFO - Minimum gradient before clipping: -0.20120711624622345
2024-08-25 02:47:28,343 - INFO - Mean training L1 loss: 0.03602169932797551
2024-08-25 02:47:28,343 - INFO - Mean training SSIM loss: 1.7162248235197407e-08
2024-08-25 02:47:28,343 - INFO - Mean training MSE loss: 0.002780549414455891
2024-08-25 02:47:36,481 - INFO - Mean validation L1 loss: 0.0355784697085619
2024-08-25 02:47:36,481 - INFO - Mean validation SSIM loss: 7.00279862847486e-09
2024-08-25 02:47:36,481 - INFO - Mean validation MSE loss: 0.002759413896128535
2024-08-25 02:47:36,959 - INFO - New best validation Loss 0.0355784697085619, at epoch 9
2024-08-25 02:47:36,959 - INFO - Epoch 10
-------------------------------
2024-08-25 02:47:36,959 - INFO - Learning Rate of group 0: 0.00013124719094030727
2024-08-25 02:48:26,030 - INFO - Maximum gradient before clipping: 0.17369000613689423
2024-08-25 02:48:26,030 - INFO - Minimum gradient before clipping: -0.19961656630039215
2024-08-25 02:48:26,031 - INFO - Mean training L1 loss: 0.03504216831177473
2024-08-25 02:48:26,031 - INFO - Mean training SSIM loss: 7.026718440023005e-09
2024-08-25 02:48:26,031 - INFO - Mean training MSE loss: 0.002687298061791807
2024-08-25 02:54:31,410 - INFO - Validation split Earthnet Score on epoch 10
2024-08-25 02:54:31,413 - INFO - {'MAD': 0.22260497510433197, 'OLS': 0.30747154355049133, 'EMD': 0.2022617608308792, 'SSIM': 0.04381032660603523, 'EarthNetScore': 0.11263051860301922}
2024-08-25 02:54:31,413 - INFO - Mean validation L1 loss: 0.03509654872119427
2024-08-25 02:54:31,413 - INFO - Mean validation SSIM loss: 1.1063329021995805e-08
2024-08-25 02:54:31,413 - INFO - Mean validation MSE loss: 0.0026874442817643287
2024-08-25 02:54:31,896 - INFO - New best validation Loss 0.03509654872119427, at epoch 10
2024-08-25 02:54:31,897 - INFO - Epoch 11
-------------------------------
2024-08-25 02:54:31,897 - INFO - Learning Rate of group 0: 0.0001005
2024-08-25 02:55:20,927 - INFO - Maximum gradient before clipping: 0.1452525556087494
2024-08-25 02:55:20,927 - INFO - Minimum gradient before clipping: -0.13084980845451355
2024-08-25 02:55:20,927 - INFO - Mean training L1 loss: 0.03441384170204401
2024-08-25 02:55:20,927 - INFO - Mean training SSIM loss: 8.941308447521153e-09
2024-08-25 02:55:20,927 - INFO - Mean training MSE loss: 0.0025996288470923903
2024-08-25 02:55:28,754 - INFO - Mean validation L1 loss: 0.034333599358797075
2024-08-25 02:55:28,754 - INFO - Mean validation SSIM loss: 1.9658797310861953e-09
2024-08-25 02:55:28,754 - INFO - Mean validation MSE loss: 0.0026210985332727433
2024-08-25 02:55:29,230 - INFO - New best validation Loss 0.034333599358797075, at epoch 11
2024-08-25 02:55:29,230 - INFO - Epoch 12
-------------------------------
2024-08-25 02:55:29,231 - INFO - Learning Rate of group 0: 6.975280905969274e-05
2024-08-25 02:56:18,258 - INFO - Maximum gradient before clipping: 0.15083599090576172
2024-08-25 02:56:18,259 - INFO - Minimum gradient before clipping: -0.15473514795303345
2024-08-25 02:56:18,259 - INFO - Mean training L1 loss: 0.03432187054306269
2024-08-25 02:56:18,259 - INFO - Mean training SSIM loss: 5.6323391585400006e-09
2024-08-25 02:56:18,259 - INFO - Mean training MSE loss: 0.0025954986608121545
2024-08-25 02:56:26,451 - INFO - Mean validation L1 loss: 0.034629686623811724
2024-08-25 02:56:26,451 - INFO - Mean validation SSIM loss: 3.983697185183655e-09
2024-08-25 02:56:26,451 - INFO - Mean validation MSE loss: 0.002674092878587544
2024-08-25 02:56:26,452 - INFO - Epoch 13
-------------------------------
2024-08-25 02:56:26,452 - INFO - Learning Rate of group 0: 4.201536739689893e-05
2024-08-25 02:57:15,318 - INFO - Maximum gradient before clipping: 0.1324789673089981
2024-08-25 02:57:15,319 - INFO - Minimum gradient before clipping: -0.1256115436553955
2024-08-25 02:57:15,319 - INFO - Mean training L1 loss: 0.03372498791664839
2024-08-25 02:57:15,319 - INFO - Mean training SSIM loss: 3.835105092759791e-09
2024-08-25 02:57:15,319 - INFO - Mean training MSE loss: 0.0025157782016322016
2024-08-25 02:57:23,663 - INFO - Mean validation L1 loss: 0.03383939608931542
2024-08-25 02:57:23,663 - INFO - Mean validation SSIM loss: 2.7144353992314406e-09
2024-08-25 02:57:23,663 - INFO - Mean validation MSE loss: 0.002571417633444071
2024-08-25 02:57:24,138 - INFO - New best validation Loss 0.03383939608931542, at epoch 13
2024-08-25 02:57:24,138 - INFO - Epoch 14
-------------------------------
2024-08-25 02:57:24,138 - INFO - Learning Rate of group 0: 2.0002809059692742e-05
2024-08-25 02:58:13,303 - INFO - Maximum gradient before clipping: 0.1544184386730194
2024-08-25 02:58:13,303 - INFO - Minimum gradient before clipping: -0.16021013259887695
2024-08-25 02:58:13,303 - INFO - Mean training L1 loss: 0.03340610709041357
2024-08-25 02:58:13,303 - INFO - Mean training SSIM loss: 3.3780962576529516e-09
2024-08-25 02:58:13,303 - INFO - Mean training MSE loss: 0.0024979836901184173
2024-08-25 02:58:21,491 - INFO - Mean validation L1 loss: 0.034433424621820446
2024-08-25 02:58:21,491 - INFO - Mean validation SSIM loss: 2.119531341271408e-09
2024-08-25 02:58:21,492 - INFO - Mean validation MSE loss: 0.002519526071846485
2024-08-25 02:58:21,492 - INFO - Epoch 15
-------------------------------
2024-08-25 02:58:21,492 - INFO - Learning Rate of group 0: 5.8698766286322235e-06
2024-08-25 02:59:10,474 - INFO - Maximum gradient before clipping: 0.13723208010196686
2024-08-25 02:59:10,474 - INFO - Minimum gradient before clipping: -0.12935727834701538
2024-08-25 02:59:10,474 - INFO - Mean training L1 loss: 0.033401814214885236
2024-08-25 02:59:10,474 - INFO - Mean training SSIM loss: 4.507811698054205e-09
2024-08-25 02:59:10,474 - INFO - Mean training MSE loss: 0.002488247758010402
2024-08-25 02:59:18,001 - INFO - Mean validation L1 loss: 0.03325869731605053
2024-08-25 02:59:18,001 - INFO - Mean validation SSIM loss: 1.702054041041734e-09
2024-08-25 02:59:18,001 - INFO - Mean validation MSE loss: 0.0024616950936615467
2024-08-25 02:59:18,475 - INFO - New best validation Loss 0.03325869731605053, at epoch 15
2024-08-25 02:59:18,475 - INFO - Epoch 16
-------------------------------
2024-08-25 02:59:18,475 - INFO - Learning Rate of group 0: 0.0002
2024-08-25 03:00:07,706 - INFO - Maximum gradient before clipping: 0.18667668104171753
2024-08-25 03:00:07,706 - INFO - Minimum gradient before clipping: -0.18984335660934448
2024-08-25 03:00:07,706 - INFO - Mean training L1 loss: 0.0351364709623158
2024-08-25 03:00:07,706 - INFO - Mean training SSIM loss: 1.4116355380212886e-08
2024-08-25 03:00:07,706 - INFO - Mean training MSE loss: 0.002683944671880454
2024-08-25 03:00:14,676 - INFO - Mean validation L1 loss: 0.034587150365114214
2024-08-25 03:00:14,676 - INFO - Mean validation SSIM loss: 5.397596017919781e-09
2024-08-25 03:00:14,676 - INFO - Mean validation MSE loss: 0.0026171470573171972
2024-08-25 03:00:14,676 - INFO - Epoch 17
-------------------------------
2024-08-25 03:00:14,677 - INFO - Learning Rate of group 0: 0.0001951301233713678
2024-08-25 03:01:03,718 - INFO - Maximum gradient before clipping: 0.1697150617837906
2024-08-25 03:01:03,718 - INFO - Minimum gradient before clipping: -0.19714614748954773
2024-08-25 03:01:03,718 - INFO - Mean training L1 loss: 0.03512728685513139
2024-08-25 03:01:03,719 - INFO - Mean training SSIM loss: 6.684541740756278e-09
2024-08-25 03:01:03,719 - INFO - Mean training MSE loss: 0.002669474034337327
2024-08-25 03:01:11,391 - INFO - Mean validation L1 loss: 0.034661406949162483
2024-08-25 03:01:11,391 - INFO - Mean validation SSIM loss: 2.8441097968401328e-09
2024-08-25 03:01:11,391 - INFO - Mean validation MSE loss: 0.0025316748907789587
2024-08-25 03:01:11,392 - INFO - Epoch 18
-------------------------------
2024-08-25 03:01:11,392 - INFO - Learning Rate of group 0: 0.00018099719094030728
2024-08-25 03:02:00,265 - INFO - Maximum gradient before clipping: 0.18866084516048431
2024-08-25 03:02:00,265 - INFO - Minimum gradient before clipping: -0.17725840210914612
2024-08-25 03:02:00,265 - INFO - Mean training L1 loss: 0.034573987927287816
2024-08-25 03:02:00,266 - INFO - Mean training SSIM loss: 9.821032791249018e-09
2024-08-25 03:02:00,266 - INFO - Mean training MSE loss: 0.0026131306355819104
2024-08-25 03:02:07,848 - INFO - Mean validation L1 loss: 0.03664571657776833
2024-08-25 03:02:07,848 - INFO - Mean validation SSIM loss: 3.335263310644265e-08
2024-08-25 03:02:07,848 - INFO - Mean validation MSE loss: 0.0029159523220732807
2024-08-25 03:02:07,848 - INFO - Epoch 19
-------------------------------
2024-08-25 03:02:07,848 - INFO - Learning Rate of group 0: 0.0001589846326031011
2024-08-25 03:02:56,982 - INFO - Maximum gradient before clipping: 0.18110491335391998
2024-08-25 03:02:56,982 - INFO - Minimum gradient before clipping: -0.20554736256599426
2024-08-25 03:02:56,982 - INFO - Mean training L1 loss: 0.03444057192653418
2024-08-25 03:02:56,983 - INFO - Mean training SSIM loss: 1.3150184418556782e-08
2024-08-25 03:02:56,983 - INFO - Mean training MSE loss: 0.0026032116636633875
2024-08-25 03:03:04,675 - INFO - Mean validation L1 loss: 0.034951545894145966
2024-08-25 03:03:04,675 - INFO - Mean validation SSIM loss: 2.6350494727878094e-09
2024-08-25 03:03:04,675 - INFO - Mean validation MSE loss: 0.0024844318209216
2024-08-25 03:03:04,675 - INFO - Epoch 20
-------------------------------
2024-08-25 03:03:04,675 - INFO - Learning Rate of group 0: 0.00013124719094030727
2024-08-25 03:03:53,589 - INFO - Maximum gradient before clipping: 0.14697925746440887
2024-08-25 03:03:53,589 - INFO - Minimum gradient before clipping: -0.1862935721874237
2024-08-25 03:03:53,589 - INFO - Mean training L1 loss: 0.03367538247257471
2024-08-25 03:03:53,590 - INFO - Mean training SSIM loss: 4.152490375077672e-09
2024-08-25 03:03:53,590 - INFO - Mean training MSE loss: 0.002504457710310817
2024-08-25 03:10:19,630 - INFO - Validation split Earthnet Score on epoch 20
2024-08-25 03:10:19,631 - INFO - {'MAD': 0.22631892561912537, 'OLS': 0.31112438440322876, 'EMD': 0.19730986654758453, 'SSIM': 0.05335305631160736, 'EarthNetScore': 0.12721055780847934}
2024-08-25 03:10:19,632 - INFO - Mean validation L1 loss: 0.03399073004722595
2024-08-25 03:10:19,632 - INFO - Mean validation SSIM loss: 2.97639981855502e-09
2024-08-25 03:10:19,632 - INFO - Mean validation MSE loss: 0.002583034955896437
2024-08-25 03:10:19,632 - INFO - Epoch 21
-------------------------------
2024-08-25 03:10:19,632 - INFO - Learning Rate of group 0: 0.0001005
2024-08-25 03:11:08,632 - INFO - Maximum gradient before clipping: 0.14412274956703186
2024-08-25 03:11:08,632 - INFO - Minimum gradient before clipping: -0.13461139798164368
2024-08-25 03:11:08,633 - INFO - Mean training L1 loss: 0.03302286971360445
2024-08-25 03:11:08,633 - INFO - Mean training SSIM loss: 7.89985379477838e-09
2024-08-25 03:11:08,633 - INFO - Mean training MSE loss: 0.002439042100450024
2024-08-25 03:11:16,008 - INFO - Mean validation L1 loss: 0.03314290352165699
2024-08-25 03:11:16,008 - INFO - Mean validation SSIM loss: 1.29746574067946e-09
2024-08-25 03:11:16,008 - INFO - Mean validation MSE loss: 0.002388483649119735
2024-08-25 03:11:16,490 - INFO - New best validation Loss 0.03314290352165699, at epoch 21
2024-08-25 03:11:16,491 - INFO - Epoch 22
-------------------------------
2024-08-25 03:11:16,491 - INFO - Learning Rate of group 0: 6.975280905969274e-05
2024-08-25 03:12:05,365 - INFO - Maximum gradient before clipping: 0.1589065045118332
2024-08-25 03:12:05,365 - INFO - Minimum gradient before clipping: -0.19597920775413513
2024-08-25 03:12:05,365 - INFO - Mean training L1 loss: 0.033067013621330264
2024-08-25 03:12:05,366 - INFO - Mean training SSIM loss: 3.401819951703855e-09
2024-08-25 03:12:05,366 - INFO - Mean training MSE loss: 0.002439682633848861
2024-08-25 03:12:12,590 - INFO - Mean validation L1 loss: 0.033647699281573296
2024-08-25 03:12:12,590 - INFO - Mean validation SSIM loss: 2.2443258092252895e-09
2024-08-25 03:12:12,590 - INFO - Mean validation MSE loss: 0.0023761668195948003
2024-08-25 03:12:12,590 - INFO - Epoch 23
-------------------------------
2024-08-25 03:12:12,590 - INFO - Learning Rate of group 0: 4.201536739689893e-05
2024-08-25 03:13:01,546 - INFO - Maximum gradient before clipping: 0.15455323457717896
2024-08-25 03:13:01,546 - INFO - Minimum gradient before clipping: -0.1509055197238922
2024-08-25 03:13:01,547 - INFO - Mean training L1 loss: 0.03252901827916503
2024-08-25 03:13:01,547 - INFO - Mean training SSIM loss: 3.431737596558404e-09
2024-08-25 03:13:01,547 - INFO - Mean training MSE loss: 0.0023739653918892147
2024-08-25 03:13:09,785 - INFO - Mean validation L1 loss: 0.03212319858372212
2024-08-25 03:13:09,785 - INFO - Mean validation SSIM loss: 1.4087144868668577e-09
2024-08-25 03:13:09,785 - INFO - Mean validation MSE loss: 0.0023201188538223504
2024-08-25 03:13:10,267 - INFO - New best validation Loss 0.03212319858372212, at epoch 23
2024-08-25 03:13:10,267 - INFO - Epoch 24
-------------------------------
2024-08-25 03:13:10,267 - INFO - Learning Rate of group 0: 2.0002809059692742e-05
2024-08-25 03:13:59,128 - INFO - Maximum gradient before clipping: 0.14229914546012878
2024-08-25 03:13:59,128 - INFO - Minimum gradient before clipping: -0.15579329431056976
2024-08-25 03:13:59,129 - INFO - Mean training L1 loss: 0.03202678820118308
2024-08-25 03:13:59,129 - INFO - Mean training SSIM loss: 2.1433734538871956e-09
2024-08-25 03:13:59,129 - INFO - Mean training MSE loss: 0.002318204668117687
2024-08-25 03:14:06,893 - INFO - Mean validation L1 loss: 0.03243914261460304
2024-08-25 03:14:06,893 - INFO - Mean validation SSIM loss: 1.6529005758547656e-09
2024-08-25 03:14:06,893 - INFO - Mean validation MSE loss: 0.002314081653021276
2024-08-25 03:14:06,894 - INFO - Epoch 25
-------------------------------
2024-08-25 03:14:06,894 - INFO - Learning Rate of group 0: 5.8698766286322235e-06
2024-08-25 03:14:55,985 - INFO - Maximum gradient before clipping: 0.11811546981334686
2024-08-25 03:14:55,986 - INFO - Minimum gradient before clipping: -0.10612574219703674
2024-08-25 03:14:55,986 - INFO - Mean training L1 loss: 0.03197153011336923
2024-08-25 03:14:55,986 - INFO - Mean training SSIM loss: 2.0854976514185324e-09
2024-08-25 03:14:55,986 - INFO - Mean training MSE loss: 0.002316383816068992
2024-08-25 03:20:54,757 - INFO - Validation split Earthnet Score on epoch 25
2024-08-25 03:20:54,759 - INFO - {'MAD': 0.2289309948682785, 'OLS': 0.31002795696258545, 'EMD': 0.20709450542926788, 'SSIM': 0.06046899035573006, 'EarthNetScore': 0.1381226947258318}
2024-08-25 03:20:54,761 - INFO - Mean validation L1 loss: 0.03179601266980171
2024-08-25 03:20:54,761 - INFO - Mean validation SSIM loss: 2.0958255372155456e-09
2024-08-25 03:20:54,761 - INFO - Mean validation MSE loss: 0.002294301148504019
2024-08-25 03:20:55,242 - INFO - New best validation Loss 0.03179601266980171, at epoch 25
2024-08-25 03:20:55,242 - INFO - Training Finished
