2024-08-21 05:44:50,644 - INFO - NOTE: None
2024-08-21 05:44:50,807 - INFO - Torch, random, numpy seed: 88
2024-08-21 05:44:51,351 - INFO - Starting training from from epoch 0
2024-08-21 05:44:59,307 - INFO - Epoch 1
-------------------------------
2024-08-21 05:44:59,308 - INFO - Learning Rate of group 0: 0.0
2024-08-21 05:45:51,687 - INFO - Maximum gradient before clipping: 3.7614855766296387
2024-08-21 05:45:51,688 - INFO - Minimum gradient before clipping: -0.8649119138717651
2024-08-21 05:45:51,689 - INFO - Mean training L1 loss: 0.1400029221922159
2024-08-21 05:45:51,689 - INFO - Mean training SSIM loss: 0.0015454093504376942
2024-08-21 05:45:51,689 - INFO - Mean training MSE loss: 0.02503391055390239
2024-08-21 05:46:00,189 - INFO - Mean validation L1 loss: 0.13545076221227645
2024-08-21 05:46:00,189 - INFO - Mean validation SSIM loss: 0.0015124069445300848
2024-08-21 05:46:00,189 - INFO - Mean validation MSE loss: 0.023067161440849304
2024-08-21 05:46:00,703 - INFO - New best validation Loss 0.13545076221227645, at epoch 1
2024-08-21 05:46:00,709 - INFO - Epoch 2
-------------------------------
2024-08-21 05:46:00,710 - INFO - Learning Rate of group 0: 0.0002662842901488636
2024-08-21 05:46:52,022 - INFO - Maximum gradient before clipping: 7.44211483001709
2024-08-21 05:46:52,023 - INFO - Minimum gradient before clipping: -36.973793029785156
2024-08-21 05:46:52,023 - INFO - Mean training L1 loss: 0.06131209753453731
2024-08-21 05:46:52,023 - INFO - Mean training SSIM loss: 0.0014818326271328196
2024-08-21 05:46:52,023 - INFO - Mean training MSE loss: 0.007877337674144655
2024-08-21 05:46:59,969 - INFO - Mean validation L1 loss: 0.04431695491075516
2024-08-21 05:46:59,969 - INFO - Mean validation SSIM loss: 3.522949403667042e-07
2024-08-21 05:46:59,969 - INFO - Mean validation MSE loss: 0.004050176031887532
2024-08-21 05:47:00,459 - INFO - New best validation Loss 0.04431695491075516, at epoch 2
2024-08-21 05:47:00,463 - INFO - Epoch 3
-------------------------------
2024-08-21 05:47:00,463 - INFO - Learning Rate of group 0: 0.0005325685802977272
2024-08-21 05:47:51,616 - INFO - Maximum gradient before clipping: 6.363892078399658
2024-08-21 05:47:51,616 - INFO - Minimum gradient before clipping: -7.835455894470215
2024-08-21 05:47:51,617 - INFO - Mean training L1 loss: 0.04760837353765965
2024-08-21 05:47:51,617 - INFO - Mean training SSIM loss: 7.960713486243609e-06
2024-08-21 05:47:51,617 - INFO - Mean training MSE loss: 0.004193980300333351
2024-08-21 05:47:59,665 - INFO - Mean validation L1 loss: 0.04491711840033531
2024-08-21 05:47:59,665 - INFO - Mean validation SSIM loss: 2.6626522124040266e-07
2024-08-21 05:47:59,665 - INFO - Mean validation MSE loss: 0.003931207843124867
2024-08-21 05:47:59,668 - INFO - Epoch 4
-------------------------------
2024-08-21 05:47:59,668 - INFO - Learning Rate of group 0: 0.0007988528704465907
2024-08-21 05:48:50,429 - INFO - Maximum gradient before clipping: 6.085485458374023
2024-08-21 05:48:50,430 - INFO - Minimum gradient before clipping: -8.797014236450195
2024-08-21 05:48:50,430 - INFO - Mean training L1 loss: 0.04746035318821669
2024-08-21 05:48:50,430 - INFO - Mean training SSIM loss: 3.576846913080356e-06
2024-08-21 05:48:50,430 - INFO - Mean training MSE loss: 0.004155549625866115
2024-08-21 05:48:58,189 - INFO - Mean validation L1 loss: 0.04615029871463776
2024-08-21 05:48:58,189 - INFO - Mean validation SSIM loss: 4.7631819894977666e-07
2024-08-21 05:48:58,189 - INFO - Mean validation MSE loss: 0.003929505944252014
