2024-08-19 04:15:39,693 - INFO - NOTE: None
2024-08-19 04:15:39,714 - INFO - Torch, random, numpy seed: 88
2024-08-19 04:15:40,672 - INFO - Starting training from from epoch 0
2024-08-19 04:15:49,169 - INFO - Epoch 1
-------------------------------
2024-08-19 04:15:49,169 - INFO - Learning Rate of group 0: 0.0
2024-08-19 04:17:37,787 - INFO - Maximum gradient before clipping: 0.7322208285331726
2024-08-19 04:17:37,787 - INFO - Minimum gradient before clipping: -0.17339397966861725
2024-08-19 04:17:37,788 - INFO - Mean training L1 loss: 0.24792133808135985
2024-08-19 04:17:37,788 - INFO - Mean training SSIM loss: 0.0
2024-08-19 04:17:37,788 - INFO - Mean training MSE loss: 0.09336013272404671
2024-08-19 04:17:48,817 - INFO - Mean validation L1 loss: 0.24806136906147003
2024-08-19 04:17:48,817 - INFO - Mean validation SSIM loss: 0.0
2024-08-19 04:17:48,817 - INFO - Mean validation MSE loss: 0.09381898105144501
2024-08-19 04:17:50,730 - INFO - New best validation Loss 0.24806136906147003, at epoch 1
2024-08-19 04:17:50,737 - INFO - Epoch 2
-------------------------------
2024-08-19 04:17:50,737 - INFO - Learning Rate of group 0: 8.422879095625428e-05
2024-08-19 04:19:37,829 - INFO - Maximum gradient before clipping: 1.2874680757522583
2024-08-19 04:19:37,830 - INFO - Minimum gradient before clipping: -1.4911717176437378
2024-08-19 04:19:37,830 - INFO - Mean training L1 loss: 0.05429558334872127
2024-08-19 04:19:37,831 - INFO - Mean training SSIM loss: 0.0
2024-08-19 04:19:37,831 - INFO - Mean training MSE loss: 0.007479511663550511
2024-08-19 04:19:48,911 - INFO - Mean validation L1 loss: 0.03411710150539875
2024-08-19 04:19:48,911 - INFO - Mean validation SSIM loss: 0.0
2024-08-19 04:19:48,911 - INFO - Mean validation MSE loss: 0.0021887659281492233
2024-08-19 04:19:50,817 - INFO - New best validation Loss 0.03411710150539875, at epoch 2
2024-08-19 04:19:50,820 - INFO - Epoch 3
-------------------------------
2024-08-19 04:19:50,820 - INFO - Learning Rate of group 0: 0.00016845758191250855
2024-08-19 04:21:38,188 - INFO - Maximum gradient before clipping: 0.875667154788971
2024-08-19 04:21:38,189 - INFO - Minimum gradient before clipping: -1.0528767108917236
2024-08-19 04:21:38,189 - INFO - Mean training L1 loss: 0.034318444691598414
2024-08-19 04:21:38,189 - INFO - Mean training SSIM loss: 0.0
2024-08-19 04:21:38,189 - INFO - Mean training MSE loss: 0.0023107194574549794
2024-08-19 04:21:48,976 - INFO - Mean validation L1 loss: 0.030611466839909552
2024-08-19 04:21:48,976 - INFO - Mean validation SSIM loss: 0.0
2024-08-19 04:21:48,976 - INFO - Mean validation MSE loss: 0.0017984799947589635
2024-08-19 04:21:51,246 - INFO - New best validation Loss 0.030611466839909552, at epoch 3
2024-08-19 04:21:51,250 - INFO - Epoch 4
-------------------------------
2024-08-19 04:21:51,250 - INFO - Learning Rate of group 0: 0.0002526863728687628
2024-08-19 04:23:38,352 - INFO - Maximum gradient before clipping: 0.8691962361335754
2024-08-19 04:23:38,353 - INFO - Minimum gradient before clipping: -1.1686854362487793
2024-08-19 04:23:38,354 - INFO - Mean training L1 loss: 0.03199350450187922
2024-08-19 04:23:38,354 - INFO - Mean training SSIM loss: 0.0
2024-08-19 04:23:38,354 - INFO - Mean training MSE loss: 0.002056945653166622
2024-08-19 04:23:49,211 - INFO - Mean validation L1 loss: 0.03163035996258259
2024-08-19 04:23:49,211 - INFO - Mean validation SSIM loss: 0.0
2024-08-19 04:23:49,211 - INFO - Mean validation MSE loss: 0.0020831990195438266
2024-08-19 04:23:49,214 - INFO - Epoch 5
-------------------------------
2024-08-19 04:23:49,214 - INFO - Learning Rate of group 0: 0.0003369151638250171
2024-08-19 04:25:36,827 - INFO - Maximum gradient before clipping: 0.8804206848144531
2024-08-19 04:25:36,827 - INFO - Minimum gradient before clipping: -1.097413182258606
2024-08-19 04:25:36,828 - INFO - Mean training L1 loss: 0.030849521439522506
2024-08-19 04:25:36,828 - INFO - Mean training SSIM loss: 0.0
2024-08-19 04:25:36,828 - INFO - Mean training MSE loss: 0.001945789064047858
2024-08-19 04:25:48,267 - INFO - Mean validation L1 loss: 0.028011800199747087
2024-08-19 04:25:48,268 - INFO - Mean validation SSIM loss: 0.0
2024-08-19 04:25:48,268 - INFO - Mean validation MSE loss: 0.0018052614899352192
2024-08-19 04:25:50,200 - INFO - New best validation Loss 0.028011800199747087, at epoch 5
2024-08-19 04:25:50,203 - INFO - Epoch 6
-------------------------------
2024-08-19 04:25:50,204 - INFO - Learning Rate of group 0: 0.00042114395478127137
2024-08-19 04:27:37,664 - INFO - Maximum gradient before clipping: 0.7867268323898315
2024-08-19 04:27:37,664 - INFO - Minimum gradient before clipping: -0.9898144602775574
2024-08-19 04:27:37,665 - INFO - Mean training L1 loss: 0.029050109535455705
2024-08-19 04:27:37,665 - INFO - Mean training SSIM loss: 0.0
2024-08-19 04:27:37,665 - INFO - Mean training MSE loss: 0.0018051742657553404
2024-08-19 04:27:48,959 - INFO - Mean validation L1 loss: 0.026896522119641303
2024-08-19 04:27:48,959 - INFO - Mean validation SSIM loss: 0.0
2024-08-19 04:27:48,959 - INFO - Mean validation MSE loss: 0.0015718596382066608
2024-08-19 04:27:51,136 - INFO - New best validation Loss 0.026896522119641303, at epoch 6
2024-08-19 04:27:51,139 - INFO - Epoch 7
-------------------------------
2024-08-19 04:27:51,139 - INFO - Learning Rate of group 0: 0.0005053727457375256
2024-08-19 04:29:38,185 - INFO - Maximum gradient before clipping: 0.804775059223175
2024-08-19 04:29:38,186 - INFO - Minimum gradient before clipping: -0.988827109336853
2024-08-19 04:29:38,186 - INFO - Mean training L1 loss: 0.029605450723320246
2024-08-19 04:29:38,187 - INFO - Mean training SSIM loss: 0.0
2024-08-19 04:29:38,187 - INFO - Mean training MSE loss: 0.0018338878266513348
2024-08-19 04:29:49,138 - INFO - Mean validation L1 loss: 0.029039159044623376
2024-08-19 04:29:49,139 - INFO - Mean validation SSIM loss: 0.0
2024-08-19 04:29:49,139 - INFO - Mean validation MSE loss: 0.0017798691848292948
2024-08-19 04:29:49,142 - INFO - Epoch 8
-------------------------------
2024-08-19 04:29:49,142 - INFO - Learning Rate of group 0: 0.0005896015366937798
2024-08-19 04:31:36,296 - INFO - Maximum gradient before clipping: 0.7006593942642212
2024-08-19 04:31:36,296 - INFO - Minimum gradient before clipping: -0.9694963097572327
2024-08-19 04:31:36,297 - INFO - Mean training L1 loss: 0.027858517970889805
2024-08-19 04:31:36,297 - INFO - Mean training SSIM loss: 0.0
2024-08-19 04:31:36,297 - INFO - Mean training MSE loss: 0.001675871399929747
2024-08-19 04:31:47,456 - INFO - Mean validation L1 loss: 0.025348556712269783
2024-08-19 04:31:47,457 - INFO - Mean validation SSIM loss: 0.0
2024-08-19 04:31:47,457 - INFO - Mean validation MSE loss: 0.0014446441316977143
2024-08-19 04:31:49,350 - INFO - New best validation Loss 0.025348556712269783, at epoch 8
2024-08-19 04:31:49,353 - INFO - Epoch 9
-------------------------------
2024-08-19 04:31:49,354 - INFO - Learning Rate of group 0: 0.0006738303276500342
2024-08-19 04:33:37,128 - INFO - Maximum gradient before clipping: 0.7205721139907837
2024-08-19 04:33:37,129 - INFO - Minimum gradient before clipping: -1.065577745437622
2024-08-19 04:33:37,129 - INFO - Mean training L1 loss: 0.027783180084079505
2024-08-19 04:33:37,130 - INFO - Mean training SSIM loss: 0.0
2024-08-19 04:33:37,130 - INFO - Mean training MSE loss: 0.0016450258006807416
2024-08-19 04:33:48,410 - INFO - Mean validation L1 loss: 0.0316290533542633
2024-08-19 04:33:48,411 - INFO - Mean validation SSIM loss: 0.0
2024-08-19 04:33:48,411 - INFO - Mean validation MSE loss: 0.001851791925728321
2024-08-19 04:33:48,413 - INFO - Epoch 10
-------------------------------
2024-08-19 04:33:48,413 - INFO - Learning Rate of group 0: 0.0007580591186062885
2024-08-19 04:35:35,563 - INFO - Maximum gradient before clipping: 0.6517649292945862
2024-08-19 04:35:35,564 - INFO - Minimum gradient before clipping: -0.9697955250740051
2024-08-19 04:35:35,564 - INFO - Mean training L1 loss: 0.02620887516066432
2024-08-19 04:35:35,564 - INFO - Mean training SSIM loss: 0.0
2024-08-19 04:35:35,564 - INFO - Mean training MSE loss: 0.0015150495059788227
2024-08-19 04:35:46,518 - INFO - Mean validation L1 loss: 0.0275084687769413
2024-08-19 04:35:46,518 - INFO - Mean validation SSIM loss: 0.0
2024-08-19 04:35:46,519 - INFO - Mean validation MSE loss: 0.0014678656682372093
2024-08-19 04:35:46,522 - INFO - Epoch 11
-------------------------------
2024-08-19 04:35:46,522 - INFO - Learning Rate of group 0: 0.0008422879095625427
2024-08-19 04:37:33,684 - INFO - Maximum gradient before clipping: 0.7817057967185974
2024-08-19 04:37:33,684 - INFO - Minimum gradient before clipping: -1.0191935300827026
2024-08-19 04:37:33,685 - INFO - Mean training L1 loss: 0.026979576032608747
2024-08-19 04:37:33,685 - INFO - Mean training SSIM loss: 0.0
2024-08-19 04:37:33,685 - INFO - Mean training MSE loss: 0.00153467794356402
2024-08-19 04:37:45,030 - INFO - Mean validation L1 loss: 0.024010472148656845
2024-08-19 04:37:45,030 - INFO - Mean validation SSIM loss: 0.0
2024-08-19 04:37:45,030 - INFO - Mean validation MSE loss: 0.0013031573430635035
2024-08-19 04:37:46,956 - INFO - New best validation Loss 0.024010472148656845, at epoch 11
2024-08-19 04:37:46,959 - INFO - Epoch 12
-------------------------------
2024-08-19 04:37:46,960 - INFO - Learning Rate of group 0: 0.0008422879095625427
2024-08-19 04:39:34,376 - INFO - Maximum gradient before clipping: 0.752715528011322
2024-08-19 04:39:34,377 - INFO - Minimum gradient before clipping: -0.9250648617744446
2024-08-19 04:39:34,377 - INFO - Mean training L1 loss: 0.02514320719987154
2024-08-19 04:39:34,378 - INFO - Mean training SSIM loss: 0.0
2024-08-19 04:39:34,378 - INFO - Mean training MSE loss: 0.0014105551509419455
2024-08-19 04:39:45,279 - INFO - Mean validation L1 loss: 0.02434841126203537
2024-08-19 04:39:45,280 - INFO - Mean validation SSIM loss: 0.0
2024-08-19 04:39:45,280 - INFO - Mean validation MSE loss: 0.0013049474218860269
2024-08-19 04:39:45,283 - INFO - Epoch 13
-------------------------------
2024-08-19 04:39:45,283 - INFO - Learning Rate of group 0: 0.0008422879095625427
2024-08-19 04:41:32,618 - INFO - Maximum gradient before clipping: 0.6664798855781555
2024-08-19 04:41:32,619 - INFO - Minimum gradient before clipping: -0.9298380017280579
2024-08-19 04:41:32,620 - INFO - Mean training L1 loss: 0.023946346696466208
2024-08-19 04:41:32,620 - INFO - Mean training SSIM loss: 0.0
2024-08-19 04:41:32,620 - INFO - Mean training MSE loss: 0.0013265587203204632
2024-08-19 04:41:43,930 - INFO - Mean validation L1 loss: 0.02469090834259987
2024-08-19 04:41:43,931 - INFO - Mean validation SSIM loss: 0.0
2024-08-19 04:41:43,931 - INFO - Mean validation MSE loss: 0.0013892210670746862
2024-08-19 04:41:43,934 - INFO - Epoch 14
-------------------------------
2024-08-19 04:41:43,934 - INFO - Learning Rate of group 0: 0.0008422879095625427
2024-08-19 04:43:31,624 - INFO - Maximum gradient before clipping: 0.6227955222129822
2024-08-19 04:43:31,624 - INFO - Minimum gradient before clipping: -0.8807469606399536
2024-08-19 04:43:31,625 - INFO - Mean training L1 loss: 0.02344455974176526
2024-08-19 04:43:31,625 - INFO - Mean training SSIM loss: 0.0
2024-08-19 04:43:31,625 - INFO - Mean training MSE loss: 0.0012773371365619823
2024-08-19 04:43:42,401 - INFO - Mean validation L1 loss: 0.021830703020095824
2024-08-19 04:43:42,402 - INFO - Mean validation SSIM loss: 0.0
2024-08-19 04:43:42,402 - INFO - Mean validation MSE loss: 0.00112527810735628
2024-08-19 04:43:44,385 - INFO - New best validation Loss 0.021830703020095824, at epoch 14
2024-08-19 04:43:44,388 - INFO - Epoch 15
-------------------------------
2024-08-19 04:43:44,388 - INFO - Learning Rate of group 0: 0.0008422879095625427
2024-08-19 04:45:31,533 - INFO - Maximum gradient before clipping: 0.6910672187805176
2024-08-19 04:45:31,534 - INFO - Minimum gradient before clipping: -0.813166081905365
2024-08-19 04:45:31,534 - INFO - Mean training L1 loss: 0.023528769500553607
2024-08-19 04:45:31,534 - INFO - Mean training SSIM loss: 0.0
2024-08-19 04:45:31,534 - INFO - Mean training MSE loss: 0.0012673740059835836
2024-08-19 04:45:42,264 - INFO - Mean validation L1 loss: 0.020963021889328956
2024-08-19 04:45:42,264 - INFO - Mean validation SSIM loss: 0.0
2024-08-19 04:45:42,264 - INFO - Mean validation MSE loss: 0.0010330564645119012
2024-08-19 04:45:44,190 - INFO - New best validation Loss 0.020963021889328956, at epoch 15
2024-08-19 04:45:44,194 - INFO - Epoch 16
-------------------------------
2024-08-19 04:45:44,194 - INFO - Learning Rate of group 0: 0.0008422879095625427
2024-08-19 04:47:31,331 - INFO - Maximum gradient before clipping: 0.688543438911438
2024-08-19 04:47:31,331 - INFO - Minimum gradient before clipping: -0.8056317567825317
2024-08-19 04:47:31,332 - INFO - Mean training L1 loss: 0.023472366873174905
2024-08-19 04:47:31,332 - INFO - Mean training SSIM loss: 0.0
2024-08-19 04:47:31,332 - INFO - Mean training MSE loss: 0.0012519393517868593
2024-08-19 04:47:42,090 - INFO - Mean validation L1 loss: 0.021712046340107916
2024-08-19 04:47:42,090 - INFO - Mean validation SSIM loss: 0.0
2024-08-19 04:47:42,090 - INFO - Mean validation MSE loss: 0.0010835744463838636
2024-08-19 04:47:42,093 - INFO - Epoch 17
-------------------------------
2024-08-19 04:47:42,093 - INFO - Learning Rate of group 0: 0.0008422879095625427
2024-08-19 04:49:29,281 - INFO - Maximum gradient before clipping: 0.7398523092269897
2024-08-19 04:49:29,282 - INFO - Minimum gradient before clipping: -0.8848946690559387
2024-08-19 04:49:29,282 - INFO - Mean training L1 loss: 0.02307821124792099
2024-08-19 04:49:29,283 - INFO - Mean training SSIM loss: 0.0
2024-08-19 04:49:29,283 - INFO - Mean training MSE loss: 0.0012219287740299477
2024-08-19 04:49:40,386 - INFO - Mean validation L1 loss: 0.02377110093832016
2024-08-19 04:49:40,386 - INFO - Mean validation SSIM loss: 0.0
2024-08-19 04:49:40,386 - INFO - Mean validation MSE loss: 0.0012439614650793373
2024-08-19 04:49:40,389 - INFO - Epoch 18
-------------------------------
2024-08-19 04:49:40,389 - INFO - Learning Rate of group 0: 0.0008422879095625427
2024-08-19 04:51:27,483 - INFO - Maximum gradient before clipping: 0.671575665473938
2024-08-19 04:51:27,484 - INFO - Minimum gradient before clipping: -0.7209953665733337
2024-08-19 04:51:27,484 - INFO - Mean training L1 loss: 0.022241515424102545
2024-08-19 04:51:27,485 - INFO - Mean training SSIM loss: 0.0
2024-08-19 04:51:27,485 - INFO - Mean training MSE loss: 0.0011689991364255547
2024-08-19 04:51:38,715 - INFO - Mean validation L1 loss: 0.02165820948779583
2024-08-19 04:51:38,715 - INFO - Mean validation SSIM loss: 0.0
2024-08-19 04:51:38,715 - INFO - Mean validation MSE loss: 0.0010585792013444006
2024-08-19 04:51:38,718 - INFO - Epoch 19
-------------------------------
2024-08-19 04:51:38,719 - INFO - Learning Rate of group 0: 0.0008422879095625427
2024-08-19 04:53:26,337 - INFO - Maximum gradient before clipping: 0.5876954197883606
2024-08-19 04:53:26,338 - INFO - Minimum gradient before clipping: -0.8216034173965454
2024-08-19 04:53:26,339 - INFO - Mean training L1 loss: 0.021795920561999083
2024-08-19 04:53:26,339 - INFO - Mean training SSIM loss: 0.0
2024-08-19 04:53:26,339 - INFO - Mean training MSE loss: 0.0011366735340561718
2024-08-19 04:53:37,196 - INFO - Mean validation L1 loss: 0.022822897285223007
2024-08-19 04:53:37,196 - INFO - Mean validation SSIM loss: 0.0
2024-08-19 04:53:37,196 - INFO - Mean validation MSE loss: 0.0011163706239312888
2024-08-19 04:53:37,199 - INFO - Epoch 20
-------------------------------
2024-08-19 04:53:37,199 - INFO - Learning Rate of group 0: 0.0008422879095625427
2024-08-19 04:55:24,846 - INFO - Maximum gradient before clipping: 0.6077636480331421
2024-08-19 04:55:24,847 - INFO - Minimum gradient before clipping: -0.7833186984062195
2024-08-19 04:55:24,847 - INFO - Mean training L1 loss: 0.022012550178915263
2024-08-19 04:55:24,847 - INFO - Mean training SSIM loss: 0.0
2024-08-19 04:55:24,847 - INFO - Mean training MSE loss: 0.0011423954827478155
2024-08-19 04:55:36,266 - INFO - Mean validation L1 loss: 0.021629237681627275
2024-08-19 04:55:36,266 - INFO - Mean validation SSIM loss: 0.0
2024-08-19 04:55:36,266 - INFO - Mean validation MSE loss: 0.0011171753844246269
2024-08-19 04:55:36,270 - INFO - Epoch 21
-------------------------------
2024-08-19 04:55:36,270 - INFO - Learning Rate of group 0: 0.0008422879095625427
2024-08-19 04:57:23,363 - INFO - Maximum gradient before clipping: 0.5679144263267517
2024-08-19 04:57:23,364 - INFO - Minimum gradient before clipping: -0.7573173642158508
2024-08-19 04:57:23,364 - INFO - Mean training L1 loss: 0.02155830318108201
2024-08-19 04:57:23,365 - INFO - Mean training SSIM loss: 0.0
2024-08-19 04:57:23,365 - INFO - Mean training MSE loss: 0.0011266536108450963
2024-08-19 04:57:34,529 - INFO - Mean validation L1 loss: 0.020260974243283273
2024-08-19 04:57:34,529 - INFO - Mean validation SSIM loss: 0.0
2024-08-19 04:57:34,529 - INFO - Mean validation MSE loss: 0.0010106170992366969
2024-08-19 04:57:36,496 - INFO - New best validation Loss 0.020260974243283273, at epoch 21
2024-08-19 04:57:36,499 - INFO - Epoch 22
-------------------------------
2024-08-19 04:57:36,499 - INFO - Learning Rate of group 0: 0.0008422879095625427
2024-08-19 04:59:23,645 - INFO - Maximum gradient before clipping: 0.5810618996620178
2024-08-19 04:59:23,646 - INFO - Minimum gradient before clipping: -0.6037600040435791
2024-08-19 04:59:23,647 - INFO - Mean training L1 loss: 0.020770851094275712
2024-08-19 04:59:23,647 - INFO - Mean training SSIM loss: 0.0
2024-08-19 04:59:23,647 - INFO - Mean training MSE loss: 0.001061594391358085
2024-08-19 04:59:34,701 - INFO - Mean validation L1 loss: 0.020191115438938142
2024-08-19 04:59:34,701 - INFO - Mean validation SSIM loss: 0.0
2024-08-19 04:59:34,701 - INFO - Mean validation MSE loss: 0.0009853046829812228
2024-08-19 04:59:36,624 - INFO - New best validation Loss 0.020191115438938142, at epoch 22
2024-08-19 04:59:36,627 - INFO - Epoch 23
-------------------------------
2024-08-19 04:59:36,627 - INFO - Learning Rate of group 0: 0.0008422879095625427
2024-08-19 05:01:24,225 - INFO - Maximum gradient before clipping: 0.6516596078872681
2024-08-19 05:01:24,225 - INFO - Minimum gradient before clipping: -0.8270530700683594
2024-08-19 05:01:24,226 - INFO - Mean training L1 loss: 0.021708966568112373
2024-08-19 05:01:24,226 - INFO - Mean training SSIM loss: 0.0
2024-08-19 05:01:24,226 - INFO - Mean training MSE loss: 0.0011102867370937019
2024-08-19 05:01:35,270 - INFO - Mean validation L1 loss: 0.021735083609819413
2024-08-19 05:01:35,270 - INFO - Mean validation SSIM loss: 0.0
2024-08-19 05:01:35,270 - INFO - Mean validation MSE loss: 0.0010926078562624752
2024-08-19 05:01:35,273 - INFO - Epoch 24
-------------------------------
2024-08-19 05:01:35,273 - INFO - Learning Rate of group 0: 0.0008422879095625427
2024-08-19 05:03:22,372 - INFO - Maximum gradient before clipping: 0.6549643874168396
2024-08-19 05:03:22,372 - INFO - Minimum gradient before clipping: -0.6807440519332886
2024-08-19 05:03:22,373 - INFO - Mean training L1 loss: 0.021176772452890874
2024-08-19 05:03:22,373 - INFO - Mean training SSIM loss: 0.0
2024-08-19 05:03:22,373 - INFO - Mean training MSE loss: 0.0010795848647831008
2024-08-19 05:03:33,684 - INFO - Mean validation L1 loss: 0.020573609471321107
2024-08-19 05:03:33,684 - INFO - Mean validation SSIM loss: 0.0
2024-08-19 05:03:33,684 - INFO - Mean validation MSE loss: 0.0010134776378981768
2024-08-19 05:03:33,687 - INFO - Epoch 25
-------------------------------
2024-08-19 05:03:33,687 - INFO - Learning Rate of group 0: 0.0008422879095625427
2024-08-19 05:05:21,088 - INFO - Maximum gradient before clipping: 0.5754789113998413
2024-08-19 05:05:21,088 - INFO - Minimum gradient before clipping: -0.6813572645187378
2024-08-19 05:05:21,089 - INFO - Mean training L1 loss: 0.021308992933481933
2024-08-19 05:05:21,089 - INFO - Mean training SSIM loss: 0.0
2024-08-19 05:05:21,089 - INFO - Mean training MSE loss: 0.0010873281431850047
2024-08-19 05:05:32,082 - INFO - Mean validation L1 loss: 0.020447381734848023
2024-08-19 05:05:32,082 - INFO - Mean validation SSIM loss: 0.0
2024-08-19 05:05:32,082 - INFO - Mean validation MSE loss: 0.0009895988064818084
2024-08-19 05:05:32,085 - INFO - Training Finished
