2024-08-20 04:19:02,230 - INFO - NOTE: None
2024-08-20 04:19:02,282 - INFO - Torch, random, numpy seed: 88
2024-08-20 04:19:03,183 - INFO - Starting training from from epoch 0
2024-08-20 04:19:11,772 - INFO - Epoch 1
-------------------------------
2024-08-20 04:19:11,773 - INFO - Learning Rate of group 0: 0.0
2024-08-20 04:21:01,608 - INFO - Maximum gradient before clipping: 0.7322208285331726
2024-08-20 04:21:01,609 - INFO - Minimum gradient before clipping: -0.17339397966861725
2024-08-20 04:21:01,610 - INFO - Mean training L1 loss: 0.24792133808135985
2024-08-20 04:21:01,610 - INFO - Mean training SSIM loss: 0.0
2024-08-20 04:21:01,610 - INFO - Mean training MSE loss: 0.09336013272404671
2024-08-20 04:21:12,904 - INFO - Mean validation L1 loss: 0.24806136906147003
2024-08-20 04:21:12,905 - INFO - Mean validation SSIM loss: 0.0
2024-08-20 04:21:12,905 - INFO - Mean validation MSE loss: 0.09381898105144501
2024-08-20 04:21:14,869 - INFO - New best validation Loss 0.24806136906147003, at epoch 1
2024-08-20 04:21:14,876 - INFO - Epoch 2
-------------------------------
2024-08-20 04:21:14,876 - INFO - Learning Rate of group 0: 3.664817551931205e-05
2024-08-20 04:23:03,298 - INFO - Maximum gradient before clipping: 1.0403554439544678
2024-08-20 04:23:03,299 - INFO - Minimum gradient before clipping: -1.301157832145691
2024-08-20 04:23:03,299 - INFO - Mean training L1 loss: 0.048686418514698744
2024-08-20 04:23:03,299 - INFO - Mean training SSIM loss: 0.0
2024-08-20 04:23:03,299 - INFO - Mean training MSE loss: 0.006200116084655747
2024-08-20 04:23:14,897 - INFO - Mean validation L1 loss: 0.03114743806421757
2024-08-20 04:23:14,897 - INFO - Mean validation SSIM loss: 0.0
2024-08-20 04:23:14,897 - INFO - Mean validation MSE loss: 0.00199312309268862
2024-08-20 04:23:17,103 - INFO - New best validation Loss 0.03114743806421757, at epoch 2
2024-08-20 04:23:17,107 - INFO - Epoch 3
-------------------------------
2024-08-20 04:23:17,107 - INFO - Learning Rate of group 0: 7.32963510386241e-05
2024-08-20 04:25:05,644 - INFO - Maximum gradient before clipping: 0.6291911602020264
2024-08-20 04:25:05,644 - INFO - Minimum gradient before clipping: -0.8112044334411621
2024-08-20 04:25:05,645 - INFO - Mean training L1 loss: 0.03168864268809557
2024-08-20 04:25:05,645 - INFO - Mean training SSIM loss: 0.0
2024-08-20 04:25:05,645 - INFO - Mean training MSE loss: 0.0020716300990898163
2024-08-20 04:25:16,876 - INFO - Mean validation L1 loss: 0.029201578348875046
2024-08-20 04:25:16,876 - INFO - Mean validation SSIM loss: 0.0
2024-08-20 04:25:16,876 - INFO - Mean validation MSE loss: 0.0017252239771187304
2024-08-20 04:25:18,927 - INFO - New best validation Loss 0.029201578348875046, at epoch 3
2024-08-20 04:25:18,930 - INFO - Epoch 4
-------------------------------
2024-08-20 04:25:18,930 - INFO - Learning Rate of group 0: 0.00010994452655793616
2024-08-20 04:27:07,615 - INFO - Maximum gradient before clipping: 0.6838678121566772
2024-08-20 04:27:07,615 - INFO - Minimum gradient before clipping: -0.879037618637085
2024-08-20 04:27:07,616 - INFO - Mean training L1 loss: 0.03174454102292657
2024-08-20 04:27:07,616 - INFO - Mean training SSIM loss: 0.0
2024-08-20 04:27:07,616 - INFO - Mean training MSE loss: 0.0020542574184946715
2024-08-20 04:27:19,097 - INFO - Mean validation L1 loss: 0.028522468358278274
2024-08-20 04:27:19,097 - INFO - Mean validation SSIM loss: 0.0
2024-08-20 04:27:19,097 - INFO - Mean validation MSE loss: 0.0018144213454797864
2024-08-20 04:27:21,064 - INFO - New best validation Loss 0.028522468358278274, at epoch 4
2024-08-20 04:27:21,067 - INFO - Epoch 5
-------------------------------
2024-08-20 04:27:21,067 - INFO - Learning Rate of group 0: 0.0001465927020772482
2024-08-20 04:29:09,393 - INFO - Maximum gradient before clipping: 0.6346681714057922
2024-08-20 04:29:09,394 - INFO - Minimum gradient before clipping: -0.7802699208259583
2024-08-20 04:29:09,394 - INFO - Mean training L1 loss: 0.03040176736190915
2024-08-20 04:29:09,395 - INFO - Mean training SSIM loss: 0.0
2024-08-20 04:29:09,395 - INFO - Mean training MSE loss: 0.0019240239448845386
2024-08-20 04:29:20,480 - INFO - Mean validation L1 loss: 0.028032570853829385
2024-08-20 04:29:20,480 - INFO - Mean validation SSIM loss: 0.0
2024-08-20 04:29:20,480 - INFO - Mean validation MSE loss: 0.0016747704520821572
2024-08-20 04:29:22,448 - INFO - New best validation Loss 0.028032570853829385, at epoch 5
2024-08-20 04:29:22,452 - INFO - Epoch 6
-------------------------------
2024-08-20 04:29:22,452 - INFO - Learning Rate of group 0: 0.00018324087759656024
2024-08-20 04:31:11,253 - INFO - Maximum gradient before clipping: 0.6070853471755981
2024-08-20 04:31:11,254 - INFO - Minimum gradient before clipping: -0.9092017412185669
2024-08-20 04:31:11,255 - INFO - Mean training L1 loss: 0.030110551100224255
2024-08-20 04:31:11,255 - INFO - Mean training SSIM loss: 0.0
2024-08-20 04:31:11,255 - INFO - Mean training MSE loss: 0.0018947382469195872
2024-08-20 04:31:22,773 - INFO - Mean validation L1 loss: 0.028795786648988724
2024-08-20 04:31:22,773 - INFO - Mean validation SSIM loss: 0.0
2024-08-20 04:31:22,774 - INFO - Mean validation MSE loss: 0.001790644540451467
2024-08-20 04:31:22,777 - INFO - Epoch 7
-------------------------------
2024-08-20 04:31:22,777 - INFO - Learning Rate of group 0: 0.00021988905311587232
2024-08-20 04:33:11,189 - INFO - Maximum gradient before clipping: 0.7399990558624268
2024-08-20 04:33:11,189 - INFO - Minimum gradient before clipping: -0.823169469833374
2024-08-20 04:33:11,190 - INFO - Mean training L1 loss: 0.02865037489682436
2024-08-20 04:33:11,190 - INFO - Mean training SSIM loss: 0.0
2024-08-20 04:33:11,190 - INFO - Mean training MSE loss: 0.0017773844837211073
2024-08-20 04:33:22,612 - INFO - Mean validation L1 loss: 0.02768625147640705
2024-08-20 04:33:22,612 - INFO - Mean validation SSIM loss: 0.0
2024-08-20 04:33:22,612 - INFO - Mean validation MSE loss: 0.0016705060563981533
2024-08-20 04:33:24,606 - INFO - New best validation Loss 0.02768625147640705, at epoch 7
2024-08-20 04:33:24,609 - INFO - Epoch 8
-------------------------------
2024-08-20 04:33:24,610 - INFO - Learning Rate of group 0: 0.0002565372286351844
2024-08-20 04:35:12,847 - INFO - Maximum gradient before clipping: 0.8011358976364136
2024-08-20 04:35:12,848 - INFO - Minimum gradient before clipping: -1.0382752418518066
2024-08-20 04:35:12,848 - INFO - Mean training L1 loss: 0.029806555993855
2024-08-20 04:35:12,849 - INFO - Mean training SSIM loss: 0.0
2024-08-20 04:35:12,849 - INFO - Mean training MSE loss: 0.0018315749504836277
2024-08-20 04:35:24,455 - INFO - Mean validation L1 loss: 0.028845707476139067
2024-08-20 04:35:24,455 - INFO - Mean validation SSIM loss: 0.0
2024-08-20 04:35:24,455 - INFO - Mean validation MSE loss: 0.0017114250408485532
2024-08-20 04:35:24,458 - INFO - Epoch 9
-------------------------------
2024-08-20 04:35:24,458 - INFO - Learning Rate of group 0: 0.0002931854041544964
2024-08-20 04:37:12,803 - INFO - Maximum gradient before clipping: 0.7380670309066772
2024-08-20 04:37:12,803 - INFO - Minimum gradient before clipping: -0.9623600244522095
2024-08-20 04:37:12,804 - INFO - Mean training L1 loss: 0.028247682377696037
2024-08-20 04:37:12,804 - INFO - Mean training SSIM loss: 0.0
2024-08-20 04:37:12,804 - INFO - Mean training MSE loss: 0.001726185642182827
2024-08-20 04:37:24,024 - INFO - Mean validation L1 loss: 0.025944764241576195
2024-08-20 04:37:24,024 - INFO - Mean validation SSIM loss: 0.0
2024-08-20 04:37:24,024 - INFO - Mean validation MSE loss: 0.0014297509053722024
2024-08-20 04:37:25,991 - INFO - New best validation Loss 0.025944764241576195, at epoch 9
2024-08-20 04:37:25,994 - INFO - Epoch 10
-------------------------------
2024-08-20 04:37:25,994 - INFO - Learning Rate of group 0: 0.00032983357967380844
2024-08-20 04:39:14,986 - INFO - Maximum gradient before clipping: 0.7253289818763733
2024-08-20 04:39:14,987 - INFO - Minimum gradient before clipping: -0.8616251945495605
2024-08-20 04:39:14,988 - INFO - Mean training L1 loss: 0.026640748623758554
2024-08-20 04:39:14,988 - INFO - Mean training SSIM loss: 0.0
2024-08-20 04:39:14,988 - INFO - Mean training MSE loss: 0.0015980761841638013
2024-08-20 04:39:26,076 - INFO - Mean validation L1 loss: 0.024343001097440718
2024-08-20 04:39:26,076 - INFO - Mean validation SSIM loss: 0.0
2024-08-20 04:39:26,076 - INFO - Mean validation MSE loss: 0.0014021802740171552
2024-08-20 04:39:28,079 - INFO - New best validation Loss 0.024343001097440718, at epoch 10
2024-08-20 04:39:28,083 - INFO - Epoch 11
-------------------------------
2024-08-20 04:39:28,083 - INFO - Learning Rate of group 0: 0.0003664817551931205
2024-08-20 04:41:16,503 - INFO - Maximum gradient before clipping: 0.8295685052871704
2024-08-20 04:41:16,503 - INFO - Minimum gradient before clipping: -0.9560644626617432
2024-08-20 04:41:16,504 - INFO - Mean training L1 loss: 0.025812220461666584
2024-08-20 04:41:16,504 - INFO - Mean training SSIM loss: 0.0
2024-08-20 04:41:16,504 - INFO - Mean training MSE loss: 0.0015037627890706062
2024-08-20 04:41:27,655 - INFO - Mean validation L1 loss: 0.024297511875629424
2024-08-20 04:41:27,656 - INFO - Mean validation SSIM loss: 0.0
2024-08-20 04:41:27,656 - INFO - Mean validation MSE loss: 0.001386566881556064
2024-08-20 04:41:29,631 - INFO - New best validation Loss 0.024297511875629424, at epoch 11
2024-08-20 04:41:29,635 - INFO - Epoch 12
-------------------------------
2024-08-20 04:41:29,635 - INFO - Learning Rate of group 0: 0.00040312993071243253
2024-08-20 04:43:18,100 - INFO - Maximum gradient before clipping: 0.6859296560287476
2024-08-20 04:43:18,101 - INFO - Minimum gradient before clipping: -0.9543322920799255
2024-08-20 04:43:18,102 - INFO - Mean training L1 loss: 0.02609045185148716
2024-08-20 04:43:18,102 - INFO - Mean training SSIM loss: 0.0
2024-08-20 04:43:18,102 - INFO - Mean training MSE loss: 0.0014939120219787582
2024-08-20 04:43:29,353 - INFO - Mean validation L1 loss: 0.030322182402014734
2024-08-20 04:43:29,353 - INFO - Mean validation SSIM loss: 0.0
2024-08-20 04:43:29,353 - INFO - Mean validation MSE loss: 0.0017931738728657364
2024-08-20 04:43:29,356 - INFO - Epoch 13
-------------------------------
2024-08-20 04:43:29,356 - INFO - Learning Rate of group 0: 0.00043977810623174464
2024-08-20 04:45:17,642 - INFO - Maximum gradient before clipping: 0.7385028600692749
2024-08-20 04:45:17,642 - INFO - Minimum gradient before clipping: -0.906069815158844
2024-08-20 04:45:17,643 - INFO - Mean training L1 loss: 0.024779980219900608
2024-08-20 04:45:17,643 - INFO - Mean training SSIM loss: 0.0
2024-08-20 04:45:17,643 - INFO - Mean training MSE loss: 0.0013952301803510636
2024-08-20 04:45:28,899 - INFO - Mean validation L1 loss: 0.024591184854507446
2024-08-20 04:45:28,900 - INFO - Mean validation SSIM loss: 0.0
2024-08-20 04:45:28,900 - INFO - Mean validation MSE loss: 0.0013895734190009534
2024-08-20 04:45:28,903 - INFO - Epoch 14
-------------------------------
2024-08-20 04:45:28,903 - INFO - Learning Rate of group 0: 0.0004764262817510567
2024-08-20 04:47:17,618 - INFO - Maximum gradient before clipping: 0.6761741638183594
2024-08-20 04:47:17,619 - INFO - Minimum gradient before clipping: -0.9252574443817139
2024-08-20 04:47:17,620 - INFO - Mean training L1 loss: 0.02468391289934516
2024-08-20 04:47:17,620 - INFO - Mean training SSIM loss: 0.0
2024-08-20 04:47:17,620 - INFO - Mean training MSE loss: 0.00137001606693957
2024-08-20 04:47:28,927 - INFO - Mean validation L1 loss: 0.02256889931857586
2024-08-20 04:47:28,927 - INFO - Mean validation SSIM loss: 0.0
2024-08-20 04:47:28,927 - INFO - Mean validation MSE loss: 0.001194519700948149
2024-08-20 04:47:30,958 - INFO - New best validation Loss 0.02256889931857586, at epoch 14
2024-08-20 04:47:30,961 - INFO - Epoch 15
-------------------------------
2024-08-20 04:47:30,961 - INFO - Learning Rate of group 0: 0.0005130744572703688
2024-08-20 04:49:19,387 - INFO - Maximum gradient before clipping: 0.752539873123169
2024-08-20 04:49:19,388 - INFO - Minimum gradient before clipping: -0.9416019916534424
2024-08-20 04:49:19,388 - INFO - Mean training L1 loss: 0.02489943988621235
2024-08-20 04:49:19,389 - INFO - Mean training SSIM loss: 0.0
2024-08-20 04:49:19,389 - INFO - Mean training MSE loss: 0.001369796121143736
2024-08-20 04:49:30,679 - INFO - Mean validation L1 loss: 0.02185486279428005
2024-08-20 04:49:30,679 - INFO - Mean validation SSIM loss: 0.0
2024-08-20 04:49:30,679 - INFO - Mean validation MSE loss: 0.0010829454148188233
2024-08-20 04:49:32,668 - INFO - New best validation Loss 0.02185486279428005, at epoch 15
2024-08-20 04:49:32,671 - INFO - Epoch 16
-------------------------------
2024-08-20 04:49:32,671 - INFO - Learning Rate of group 0: 0.0005497226327896808
2024-08-20 04:51:21,174 - INFO - Maximum gradient before clipping: 0.6892589926719666
2024-08-20 04:51:21,174 - INFO - Minimum gradient before clipping: -0.9181495308876038
2024-08-20 04:51:21,175 - INFO - Mean training L1 loss: 0.02453888699412346
2024-08-20 04:51:21,175 - INFO - Mean training SSIM loss: 0.0
2024-08-20 04:51:21,175 - INFO - Mean training MSE loss: 0.0013330076524289325
2024-08-20 04:51:32,403 - INFO - Mean validation L1 loss: 0.022962733805179596
2024-08-20 04:51:32,403 - INFO - Mean validation SSIM loss: 0.0
2024-08-20 04:51:32,403 - INFO - Mean validation MSE loss: 0.0011992495413869618
