2024-08-21 14:42:40,088 - INFO - NOTE: None
2024-08-21 14:42:40,090 - INFO - Torch, random, numpy seed: 88
2024-08-21 14:42:40,872 - INFO - Starting training from from epoch 0
2024-08-21 14:42:49,618 - INFO - Epoch 1
-------------------------------
2024-08-21 14:42:49,618 - INFO - Learning Rate of group 0: 0.0
2024-08-21 14:44:30,412 - INFO - Maximum gradient before clipping: 6.608877658843994
2024-08-21 14:44:30,413 - INFO - Minimum gradient before clipping: -8.056516647338867
2024-08-21 14:44:30,413 - INFO - Mean training L1 loss: 0.14999018266797065
2024-08-21 14:44:30,413 - INFO - Mean training SSIM loss: 0.004040058216778561
2024-08-21 14:44:30,414 - INFO - Mean training MSE loss: 0.03483061650767923
2024-08-21 14:44:41,509 - INFO - Mean validation L1 loss: 0.13899148166179656
2024-08-21 14:44:41,510 - INFO - Mean validation SSIM loss: 0.001333322797436267
2024-08-21 14:44:41,510 - INFO - Mean validation MSE loss: 0.03143411993980408
2024-08-21 14:44:43,408 - INFO - New best validation Loss 0.13899148166179656, at epoch 1
2024-08-21 14:44:43,415 - INFO - Epoch 2
-------------------------------
2024-08-21 14:44:43,415 - INFO - Learning Rate of group 0: 7.631504379507282e-06
2024-08-21 14:46:22,989 - INFO - Maximum gradient before clipping: 5.162088871002197
2024-08-21 14:46:22,990 - INFO - Minimum gradient before clipping: -5.413680553436279
2024-08-21 14:46:22,991 - INFO - Mean training L1 loss: 0.07225935075432062
2024-08-21 14:46:22,991 - INFO - Mean training SSIM loss: 0.00022819570635494558
2024-08-21 14:46:22,991 - INFO - Mean training MSE loss: 0.009915691819041967
2024-08-21 14:46:33,239 - INFO - Mean validation L1 loss: 0.05047249034047127
2024-08-21 14:46:33,240 - INFO - Mean validation SSIM loss: 2.4273266203067577e-06
2024-08-21 14:46:33,240 - INFO - Mean validation MSE loss: 0.005001979442313314
2024-08-21 14:46:35,126 - INFO - New best validation Loss 0.05047249034047127, at epoch 2
2024-08-21 14:46:35,130 - INFO - Epoch 3
-------------------------------
2024-08-21 14:46:35,130 - INFO - Learning Rate of group 0: 1.5263008759014563e-05
2024-08-21 14:48:14,853 - INFO - Maximum gradient before clipping: 2.0266990661621094
2024-08-21 14:48:14,854 - INFO - Minimum gradient before clipping: -2.480046272277832
2024-08-21 14:48:14,855 - INFO - Mean training L1 loss: 0.051278788931667804
2024-08-21 14:48:14,855 - INFO - Mean training SSIM loss: 1.613638926141192e-06
2024-08-21 14:48:14,855 - INFO - Mean training MSE loss: 0.004900460727512836
2024-08-21 14:48:25,306 - INFO - Mean validation L1 loss: 0.04469827488064766
2024-08-21 14:48:25,306 - INFO - Mean validation SSIM loss: 1.378718168520976e-07
2024-08-21 14:48:25,307 - INFO - Mean validation MSE loss: 0.003924689721316099
2024-08-21 14:48:27,192 - INFO - New best validation Loss 0.04469827488064766, at epoch 3
2024-08-21 14:48:27,195 - INFO - Epoch 4
-------------------------------
2024-08-21 14:48:27,195 - INFO - Learning Rate of group 0: 2.2894513138521845e-05
2024-08-21 14:50:06,310 - INFO - Maximum gradient before clipping: 2.224424362182617
2024-08-21 14:50:06,311 - INFO - Minimum gradient before clipping: -2.052680492401123
2024-08-21 14:50:06,311 - INFO - Mean training L1 loss: 0.04698303811252117
2024-08-21 14:50:06,312 - INFO - Mean training SSIM loss: 6.205479612475528e-07
2024-08-21 14:50:06,312 - INFO - Mean training MSE loss: 0.0042302963580004875
2024-08-21 14:50:16,727 - INFO - Mean validation L1 loss: 0.04443734496831894
2024-08-21 14:50:16,727 - INFO - Mean validation SSIM loss: 8.412049624517692e-07
2024-08-21 14:50:16,727 - INFO - Mean validation MSE loss: 0.003951276792213321
2024-08-21 14:50:18,604 - INFO - New best validation Loss 0.04443734496831894, at epoch 4
