2024-09-11 01:12:12,300 - INFO - NOTE: None
2024-09-11 01:12:12,303 - INFO - Torch, random, numpy seed: 88
2024-09-11 01:12:14,158 - INFO - Starting training from from epoch 1
2024-09-11 01:12:22,376 - INFO - Epoch 1
-------------------------------
2024-09-11 01:12:22,377 - INFO - Learning Rate of group 0: 0.0
2024-09-11 01:14:25,308 - INFO - Maximum gradient before clipping: 5.185758590698242
2024-09-11 01:14:25,309 - INFO - Minimum gradient before clipping: -1.8071198463439941
2024-09-11 01:14:25,310 - INFO - Mean training L1 loss: 0.1592533740401268
2024-09-11 01:14:25,310 - INFO - Mean training SSIM loss: 0.0
2024-09-11 01:14:25,310 - INFO - Mean training MSE loss: 0.03020953107625246
2024-09-11 01:14:25,310 - INFO - Mean training VGG loss: 4.747593638896942
2024-09-11 01:14:39,187 - INFO - Mean validation L1 loss: 0.1599093747138977
2024-09-11 01:14:39,187 - INFO - Mean validation SSIM loss: 0.0
2024-09-11 01:14:39,187 - INFO - Mean validation MSE loss: 0.030383761152625085
2024-09-11 01:14:39,187 - INFO - Mean validation VGG loss: 4.58038028717041
2024-09-11 01:14:40,096 - INFO - New best validation Loss 0.1599093747138977, at epoch 1
2024-09-11 01:14:40,104 - INFO - Epoch 2
-------------------------------
2024-09-11 01:14:40,104 - INFO - Learning Rate of group 0: 4e-05
2024-09-11 01:16:41,187 - INFO - Maximum gradient before clipping: 3.2898828983306885
2024-09-11 01:16:41,188 - INFO - Minimum gradient before clipping: -2.1514103412628174
2024-09-11 01:16:41,188 - INFO - Mean training L1 loss: 0.12485718108713627
2024-09-11 01:16:41,189 - INFO - Mean training SSIM loss: 0.0
2024-09-11 01:16:41,189 - INFO - Mean training MSE loss: 0.019123543789610266
2024-09-11 01:16:41,189 - INFO - Mean training VGG loss: 4.383188033103943
2024-09-11 01:16:55,166 - INFO - Mean validation L1 loss: 0.13231113642454148
2024-09-11 01:16:55,166 - INFO - Mean validation SSIM loss: 0.0
2024-09-11 01:16:55,166 - INFO - Mean validation MSE loss: 0.021386240720748902
2024-09-11 01:16:55,167 - INFO - Mean validation VGG loss: 4.134559946060181
2024-09-11 01:16:56,105 - INFO - New best validation Loss 0.13231113642454148, at epoch 2
2024-09-11 01:16:56,109 - INFO - Epoch 3
-------------------------------
2024-09-11 01:16:56,109 - INFO - Learning Rate of group 0: 8e-05
