2024-08-19 01:45:40,228 - INFO - NOTE: None
2024-08-19 01:45:40,238 - INFO - Torch, random, numpy seed: 88
2024-08-19 01:45:41,362 - INFO - Starting training from from epoch 0
2024-08-19 01:45:49,569 - INFO - Epoch 1
-------------------------------
2024-08-19 01:45:49,569 - INFO - Learning Rate of group 0: 0.0
2024-08-19 01:47:38,812 - INFO - Maximum gradient before clipping: 0.7322208285331726
2024-08-19 01:47:38,813 - INFO - Minimum gradient before clipping: -0.17339397966861725
2024-08-19 01:47:38,814 - INFO - Mean training L1 loss: 0.24792133808135985
2024-08-19 01:47:38,815 - INFO - Mean training SSIM loss: 0.0
2024-08-19 01:47:38,815 - INFO - Mean training MSE loss: 0.09336013272404671
2024-08-19 01:47:49,914 - INFO - Mean validation L1 loss: 0.24806136906147003
2024-08-19 01:47:49,914 - INFO - Mean validation SSIM loss: 0.0
2024-08-19 01:47:49,914 - INFO - Mean validation MSE loss: 0.09381898105144501
2024-08-19 01:47:51,809 - INFO - New best validation Loss 0.24806136906147003, at epoch 1
2024-08-19 01:47:51,816 - INFO - Epoch 2
-------------------------------
2024-08-19 01:47:51,816 - INFO - Learning Rate of group 0: 4.105978222700977e-05
2024-08-19 01:49:38,981 - INFO - Maximum gradient before clipping: 1.054602026939392
2024-08-19 01:49:38,982 - INFO - Minimum gradient before clipping: -1.2890704870224
2024-08-19 01:49:38,983 - INFO - Mean training L1 loss: 0.0442687101662159
2024-08-19 01:49:38,983 - INFO - Mean training SSIM loss: 0.0
2024-08-19 01:49:38,983 - INFO - Mean training MSE loss: 0.005264536462491378
2024-08-19 01:49:50,685 - INFO - Mean validation L1 loss: 0.03277574747800827
2024-08-19 01:49:50,685 - INFO - Mean validation SSIM loss: 0.0
2024-08-19 01:49:50,686 - INFO - Mean validation MSE loss: 0.002117006960324943
2024-08-19 01:49:52,597 - INFO - New best validation Loss 0.03277574747800827, at epoch 2
2024-08-19 01:49:52,600 - INFO - Epoch 3
-------------------------------
2024-08-19 01:49:52,601 - INFO - Learning Rate of group 0: 8.211956445401954e-05
2024-08-19 01:51:40,208 - INFO - Maximum gradient before clipping: 0.749642550945282
2024-08-19 01:51:40,209 - INFO - Minimum gradient before clipping: -0.8637588024139404
2024-08-19 01:51:40,209 - INFO - Mean training L1 loss: 0.03381179654970765
2024-08-19 01:51:40,209 - INFO - Mean training SSIM loss: 0.0
2024-08-19 01:51:40,210 - INFO - Mean training MSE loss: 0.0022465849330183117
2024-08-19 01:51:51,192 - INFO - Mean validation L1 loss: 0.029291371703147887
2024-08-19 01:51:51,192 - INFO - Mean validation SSIM loss: 0.0
2024-08-19 01:51:51,192 - INFO - Mean validation MSE loss: 0.0017330113658681511
2024-08-19 01:51:53,088 - INFO - New best validation Loss 0.029291371703147887, at epoch 3
2024-08-19 01:51:53,091 - INFO - Epoch 4
-------------------------------
2024-08-19 01:51:53,091 - INFO - Learning Rate of group 0: 0.0001231793466810293
2024-08-19 01:53:40,394 - INFO - Maximum gradient before clipping: 0.7464119791984558
2024-08-19 01:53:40,395 - INFO - Minimum gradient before clipping: -0.8469486832618713
2024-08-19 01:53:40,396 - INFO - Mean training L1 loss: 0.032207459043711424
2024-08-19 01:53:40,396 - INFO - Mean training SSIM loss: 0.0
2024-08-19 01:53:40,396 - INFO - Mean training MSE loss: 0.002075350125087425
2024-08-19 01:53:51,339 - INFO - Mean validation L1 loss: 0.028677483424544334
2024-08-19 01:53:51,339 - INFO - Mean validation SSIM loss: 0.0
2024-08-19 01:53:51,339 - INFO - Mean validation MSE loss: 0.0017336567817255854
2024-08-19 01:53:53,237 - INFO - New best validation Loss 0.028677483424544334, at epoch 4
2024-08-19 01:53:53,240 - INFO - Epoch 5
-------------------------------
2024-08-19 01:53:53,240 - INFO - Learning Rate of group 0: 0.00016423912890803908
2024-08-19 01:55:40,437 - INFO - Maximum gradient before clipping: 0.83922278881073
2024-08-19 01:55:40,437 - INFO - Minimum gradient before clipping: -1.126173496246338
2024-08-19 01:55:40,438 - INFO - Mean training L1 loss: 0.032761437762528656
2024-08-19 01:55:40,438 - INFO - Mean training SSIM loss: 0.0
2024-08-19 01:55:40,438 - INFO - Mean training MSE loss: 0.0021190862962976098
2024-08-19 01:55:51,710 - INFO - Mean validation L1 loss: 0.02817187465727329
2024-08-19 01:55:51,711 - INFO - Mean validation SSIM loss: 0.0
2024-08-19 01:55:51,711 - INFO - Mean validation MSE loss: 0.0018023483036085962
2024-08-19 01:55:53,606 - INFO - New best validation Loss 0.02817187465727329, at epoch 5
2024-08-19 01:55:53,609 - INFO - Epoch 6
-------------------------------
2024-08-19 01:55:53,609 - INFO - Learning Rate of group 0: 0.00020529891113504884
2024-08-19 01:57:41,233 - INFO - Maximum gradient before clipping: 0.7947533130645752
2024-08-19 01:57:41,234 - INFO - Minimum gradient before clipping: -1.0384541749954224
2024-08-19 01:57:41,235 - INFO - Mean training L1 loss: 0.02961491670459509
2024-08-19 01:57:41,235 - INFO - Mean training SSIM loss: 0.0
2024-08-19 01:57:41,235 - INFO - Mean training MSE loss: 0.0018504101189319045
2024-08-19 01:57:51,926 - INFO - Mean validation L1 loss: 0.028562039509415625
2024-08-19 01:57:51,926 - INFO - Mean validation SSIM loss: 0.0
2024-08-19 01:57:51,926 - INFO - Mean validation MSE loss: 0.0017845757212489844
2024-08-19 01:57:51,929 - INFO - Epoch 7
-------------------------------
2024-08-19 01:57:51,930 - INFO - Learning Rate of group 0: 0.00020529891113504884
2024-08-19 01:59:39,034 - INFO - Maximum gradient before clipping: 0.7362775206565857
2024-08-19 01:59:39,035 - INFO - Minimum gradient before clipping: -0.9912752509117126
2024-08-19 01:59:39,035 - INFO - Mean training L1 loss: 0.028343933038413524
2024-08-19 01:59:39,035 - INFO - Mean training SSIM loss: 0.0
2024-08-19 01:59:39,035 - INFO - Mean training MSE loss: 0.0017662356072105467
2024-08-19 01:59:50,018 - INFO - Mean validation L1 loss: 0.026701745763421058
2024-08-19 01:59:50,019 - INFO - Mean validation SSIM loss: 0.0
2024-08-19 01:59:50,019 - INFO - Mean validation MSE loss: 0.001556207682006061
2024-08-19 01:59:51,913 - INFO - New best validation Loss 0.026701745763421058, at epoch 7
2024-08-19 01:59:51,916 - INFO - Epoch 8
-------------------------------
2024-08-19 01:59:51,916 - INFO - Learning Rate of group 0: 0.00020529891113504884
2024-08-19 02:01:38,985 - INFO - Maximum gradient before clipping: 0.7725139856338501
2024-08-19 02:01:38,986 - INFO - Minimum gradient before clipping: -1.0320534706115723
2024-08-19 02:01:38,986 - INFO - Mean training L1 loss: 0.028828002028167248
2024-08-19 02:01:38,987 - INFO - Mean training SSIM loss: 0.0
2024-08-19 02:01:38,987 - INFO - Mean training MSE loss: 0.001768770362250507
2024-08-19 02:01:50,164 - INFO - Mean validation L1 loss: 0.02756122514605522
2024-08-19 02:01:50,164 - INFO - Mean validation SSIM loss: 0.0
2024-08-19 02:01:50,164 - INFO - Mean validation MSE loss: 0.0015699570765718817
2024-08-19 02:01:50,167 - INFO - Epoch 9
-------------------------------
2024-08-19 02:01:50,167 - INFO - Learning Rate of group 0: 0.00020529891113504884
2024-08-19 02:03:37,918 - INFO - Maximum gradient before clipping: 0.6813138723373413
2024-08-19 02:03:37,919 - INFO - Minimum gradient before clipping: -0.8332734704017639
2024-08-19 02:03:37,919 - INFO - Mean training L1 loss: 0.026844228506088256
2024-08-19 02:03:37,920 - INFO - Mean training SSIM loss: 0.0
2024-08-19 02:03:37,920 - INFO - Mean training MSE loss: 0.0016315603849943728
2024-08-19 02:03:49,118 - INFO - Mean validation L1 loss: 0.025748687013983727
2024-08-19 02:03:49,118 - INFO - Mean validation SSIM loss: 0.0
2024-08-19 02:03:49,118 - INFO - Mean validation MSE loss: 0.0014066088944673539
2024-08-19 02:03:51,019 - INFO - New best validation Loss 0.025748687013983727, at epoch 9
2024-08-19 02:03:51,022 - INFO - Epoch 10
-------------------------------
2024-08-19 02:03:51,022 - INFO - Learning Rate of group 0: 0.00020529891113504884
2024-08-19 02:05:38,891 - INFO - Maximum gradient before clipping: 0.683533251285553
2024-08-19 02:05:38,892 - INFO - Minimum gradient before clipping: -0.7795703411102295
2024-08-19 02:05:38,893 - INFO - Mean training L1 loss: 0.026318212784826756
2024-08-19 02:05:38,893 - INFO - Mean training SSIM loss: 0.0
2024-08-19 02:05:38,893 - INFO - Mean training MSE loss: 0.0015765794523758814
2024-08-19 02:05:50,430 - INFO - Mean validation L1 loss: 0.024809957891702653
2024-08-19 02:05:50,430 - INFO - Mean validation SSIM loss: 0.0
2024-08-19 02:05:50,430 - INFO - Mean validation MSE loss: 0.0013763638911768795
2024-08-19 02:05:52,358 - INFO - New best validation Loss 0.024809957891702653, at epoch 10
2024-08-19 02:05:52,361 - INFO - Epoch 11
-------------------------------
2024-08-19 02:05:52,362 - INFO - Learning Rate of group 0: 0.00020529891113504884
2024-08-19 02:07:39,787 - INFO - Maximum gradient before clipping: 0.5776203274726868
2024-08-19 02:07:39,788 - INFO - Minimum gradient before clipping: -0.7580562233924866
2024-08-19 02:07:39,788 - INFO - Mean training L1 loss: 0.02556995902210474
2024-08-19 02:07:39,789 - INFO - Mean training SSIM loss: 0.0
2024-08-19 02:07:39,789 - INFO - Mean training MSE loss: 0.0015074312192155047
2024-08-19 02:07:50,563 - INFO - Mean validation L1 loss: 0.02366567000746727
2024-08-19 02:07:50,563 - INFO - Mean validation SSIM loss: 0.0
2024-08-19 02:07:50,563 - INFO - Mean validation MSE loss: 0.0013096141628921032
2024-08-19 02:07:52,468 - INFO - New best validation Loss 0.02366567000746727, at epoch 11
2024-08-19 02:07:52,471 - INFO - Epoch 12
-------------------------------
2024-08-19 02:07:52,471 - INFO - Learning Rate of group 0: 0.00020529891113504884
2024-08-19 02:09:39,637 - INFO - Maximum gradient before clipping: 0.5673385262489319
2024-08-19 02:09:39,637 - INFO - Minimum gradient before clipping: -0.6035700440406799
2024-08-19 02:09:39,638 - INFO - Mean training L1 loss: 0.024717766754329205
2024-08-19 02:09:39,638 - INFO - Mean training SSIM loss: 0.0
2024-08-19 02:09:39,638 - INFO - Mean training MSE loss: 0.0014355157373938708
2024-08-19 02:09:51,095 - INFO - Mean validation L1 loss: 0.022935853227972983
2024-08-19 02:09:51,095 - INFO - Mean validation SSIM loss: 0.0
2024-08-19 02:09:51,095 - INFO - Mean validation MSE loss: 0.0012782714259810745
2024-08-19 02:09:53,086 - INFO - New best validation Loss 0.022935853227972983, at epoch 12
2024-08-19 02:09:53,089 - INFO - Epoch 13
-------------------------------
2024-08-19 02:09:53,089 - INFO - Learning Rate of group 0: 0.00020529891113504884
2024-08-19 02:11:40,751 - INFO - Maximum gradient before clipping: 0.6824610829353333
2024-08-19 02:11:40,752 - INFO - Minimum gradient before clipping: -0.8555037379264832
2024-08-19 02:11:40,753 - INFO - Mean training L1 loss: 0.0249870914965868
2024-08-19 02:11:40,753 - INFO - Mean training SSIM loss: 0.0
2024-08-19 02:11:40,753 - INFO - Mean training MSE loss: 0.0014367667178157718
2024-08-19 02:11:51,452 - INFO - Mean validation L1 loss: 0.022780275866389275
2024-08-19 02:11:51,452 - INFO - Mean validation SSIM loss: 0.0
2024-08-19 02:11:51,452 - INFO - Mean validation MSE loss: 0.001212369443383068
2024-08-19 02:11:53,464 - INFO - New best validation Loss 0.022780275866389275, at epoch 13
2024-08-19 02:11:53,467 - INFO - Epoch 14
-------------------------------
2024-08-19 02:11:53,468 - INFO - Learning Rate of group 0: 0.00020529891113504884
2024-08-19 02:13:40,629 - INFO - Maximum gradient before clipping: 0.49646878242492676
2024-08-19 02:13:40,629 - INFO - Minimum gradient before clipping: -0.602849006652832
2024-08-19 02:13:40,630 - INFO - Mean training L1 loss: 0.023631187938153744
2024-08-19 02:13:40,630 - INFO - Mean training SSIM loss: 0.0
2024-08-19 02:13:40,630 - INFO - Mean training MSE loss: 0.001332237949827686
2024-08-19 02:13:51,370 - INFO - Mean validation L1 loss: 0.024865549281239508
2024-08-19 02:13:51,370 - INFO - Mean validation SSIM loss: 0.0
2024-08-19 02:13:51,370 - INFO - Mean validation MSE loss: 0.0013704017037525773
2024-08-19 02:13:51,373 - INFO - Epoch 15
-------------------------------
2024-08-19 02:13:51,374 - INFO - Learning Rate of group 0: 0.00020529891113504884
2024-08-19 02:15:39,228 - INFO - Maximum gradient before clipping: 0.5791813135147095
2024-08-19 02:15:39,228 - INFO - Minimum gradient before clipping: -0.778221607208252
2024-08-19 02:15:39,229 - INFO - Mean training L1 loss: 0.02387248244136572
2024-08-19 02:15:39,229 - INFO - Mean training SSIM loss: 0.0
2024-08-19 02:15:39,229 - INFO - Mean training MSE loss: 0.0013298297813162207
2024-08-19 02:15:50,539 - INFO - Mean validation L1 loss: 0.022295906841754913
2024-08-19 02:15:50,539 - INFO - Mean validation SSIM loss: 0.0
2024-08-19 02:15:50,539 - INFO - Mean validation MSE loss: 0.0011864489130675793
2024-08-19 02:15:52,446 - INFO - New best validation Loss 0.022295906841754913, at epoch 15
2024-08-19 02:15:52,449 - INFO - Epoch 16
-------------------------------
2024-08-19 02:15:52,449 - INFO - Learning Rate of group 0: 0.00020529891113504884
2024-08-19 02:17:40,150 - INFO - Maximum gradient before clipping: 0.5571564435958862
2024-08-19 02:17:40,151 - INFO - Minimum gradient before clipping: -0.7432454824447632
2024-08-19 02:17:40,151 - INFO - Mean training L1 loss: 0.023296851254999636
2024-08-19 02:17:40,151 - INFO - Mean training SSIM loss: 0.0
2024-08-19 02:17:40,151 - INFO - Mean training MSE loss: 0.0012855608749669045
2024-08-19 02:17:51,609 - INFO - Mean validation L1 loss: 0.023431214839220046
2024-08-19 02:17:51,609 - INFO - Mean validation SSIM loss: 0.0
2024-08-19 02:17:51,609 - INFO - Mean validation MSE loss: 0.0011924775433726608
2024-08-19 02:17:51,613 - INFO - Epoch 17
-------------------------------
2024-08-19 02:17:51,613 - INFO - Learning Rate of group 0: 0.00020529891113504884
2024-08-19 02:19:38,734 - INFO - Maximum gradient before clipping: 0.5172370076179504
2024-08-19 02:19:38,735 - INFO - Minimum gradient before clipping: -0.5912944674491882
2024-08-19 02:19:38,736 - INFO - Mean training L1 loss: 0.022836888022720814
2024-08-19 02:19:38,736 - INFO - Mean training SSIM loss: 0.0
2024-08-19 02:19:38,736 - INFO - Mean training MSE loss: 0.001249249212560244
2024-08-19 02:19:49,630 - INFO - Mean validation L1 loss: 0.023003018870949746
2024-08-19 02:19:49,631 - INFO - Mean validation SSIM loss: 0.0
2024-08-19 02:19:49,631 - INFO - Mean validation MSE loss: 0.0011230234522372484
2024-08-19 02:19:49,634 - INFO - Epoch 18
-------------------------------
2024-08-19 02:19:49,634 - INFO - Learning Rate of group 0: 0.00020529891113504884
2024-08-19 02:21:36,813 - INFO - Maximum gradient before clipping: 0.7159136533737183
2024-08-19 02:21:36,813 - INFO - Minimum gradient before clipping: -0.7800115942955017
2024-08-19 02:21:36,814 - INFO - Mean training L1 loss: 0.02364333054050803
2024-08-19 02:21:36,814 - INFO - Mean training SSIM loss: 0.0
2024-08-19 02:21:36,814 - INFO - Mean training MSE loss: 0.0012938125774962827
2024-08-19 02:21:48,304 - INFO - Mean validation L1 loss: 0.021542763113975526
2024-08-19 02:21:48,305 - INFO - Mean validation SSIM loss: 0.0
2024-08-19 02:21:48,305 - INFO - Mean validation MSE loss: 0.0011106726340949535
2024-08-19 02:21:50,212 - INFO - New best validation Loss 0.021542763113975526, at epoch 18
2024-08-19 02:21:50,215 - INFO - Epoch 19
-------------------------------
2024-08-19 02:21:50,215 - INFO - Learning Rate of group 0: 0.00020529891113504884
2024-08-19 02:23:37,327 - INFO - Maximum gradient before clipping: 0.47111189365386963
2024-08-19 02:23:37,328 - INFO - Minimum gradient before clipping: -0.559374988079071
2024-08-19 02:23:37,328 - INFO - Mean training L1 loss: 0.022173675429075956
2024-08-19 02:23:37,329 - INFO - Mean training SSIM loss: 0.0
2024-08-19 02:23:37,329 - INFO - Mean training MSE loss: 0.0011897878220770508
2024-08-19 02:23:48,359 - INFO - Mean validation L1 loss: 0.021418574377894403
2024-08-19 02:23:48,359 - INFO - Mean validation SSIM loss: 0.0
2024-08-19 02:23:48,359 - INFO - Mean validation MSE loss: 0.0011318128556013108
2024-08-19 02:23:50,286 - INFO - New best validation Loss 0.021418574377894403, at epoch 19
2024-08-19 02:23:50,289 - INFO - Epoch 20
-------------------------------
2024-08-19 02:23:50,289 - INFO - Learning Rate of group 0: 0.00020529891113504884
2024-08-19 02:25:37,611 - INFO - Maximum gradient before clipping: 0.5279642343521118
2024-08-19 02:25:37,612 - INFO - Minimum gradient before clipping: -0.6502050161361694
2024-08-19 02:25:37,613 - INFO - Mean training L1 loss: 0.022646408192813397
2024-08-19 02:25:37,613 - INFO - Mean training SSIM loss: 0.0
2024-08-19 02:25:37,613 - INFO - Mean training MSE loss: 0.0012128289614338427
2024-08-19 02:25:48,947 - INFO - Mean validation L1 loss: 0.022680963650345803
2024-08-19 02:25:48,947 - INFO - Mean validation SSIM loss: 0.0
2024-08-19 02:25:48,947 - INFO - Mean validation MSE loss: 0.001143934188876301
2024-08-19 02:25:48,950 - INFO - Epoch 21
-------------------------------
2024-08-19 02:25:48,950 - INFO - Learning Rate of group 0: 0.00020529891113504884
2024-08-19 02:27:36,252 - INFO - Maximum gradient before clipping: 0.5829117298126221
2024-08-19 02:27:36,253 - INFO - Minimum gradient before clipping: -0.7960307002067566
2024-08-19 02:27:36,253 - INFO - Mean training L1 loss: 0.022031116299331188
2024-08-19 02:27:36,254 - INFO - Mean training SSIM loss: 0.0
2024-08-19 02:27:36,254 - INFO - Mean training MSE loss: 0.0011612460564356297
2024-08-19 02:27:46,974 - INFO - Mean validation L1 loss: 0.021437110155820848
2024-08-19 02:27:46,974 - INFO - Mean validation SSIM loss: 0.0
2024-08-19 02:27:46,974 - INFO - Mean validation MSE loss: 0.0010377149563282728
2024-08-19 02:27:46,977 - INFO - Epoch 22
-------------------------------
2024-08-19 02:27:46,977 - INFO - Learning Rate of group 0: 0.00020529891113504884
2024-08-19 02:29:34,845 - INFO - Maximum gradient before clipping: 0.5746908187866211
2024-08-19 02:29:34,845 - INFO - Minimum gradient before clipping: -0.5345500707626343
2024-08-19 02:29:34,846 - INFO - Mean training L1 loss: 0.02150827571749687
2024-08-19 02:29:34,846 - INFO - Mean training SSIM loss: 0.0
2024-08-19 02:29:34,846 - INFO - Mean training MSE loss: 0.001120749499532394
2024-08-19 02:29:45,628 - INFO - Mean validation L1 loss: 0.021606079563498498
2024-08-19 02:29:45,628 - INFO - Mean validation SSIM loss: 0.0
2024-08-19 02:29:45,628 - INFO - Mean validation MSE loss: 0.0011344542540609836
2024-08-19 02:29:45,631 - INFO - Epoch 23
-------------------------------
2024-08-19 02:29:45,631 - INFO - Learning Rate of group 0: 0.00020529891113504884
2024-08-19 02:31:32,695 - INFO - Maximum gradient before clipping: 0.5534511804580688
2024-08-19 02:31:32,696 - INFO - Minimum gradient before clipping: -0.5987035632133484
2024-08-19 02:31:32,697 - INFO - Mean training L1 loss: 0.021731561440974476
2024-08-19 02:31:32,697 - INFO - Mean training SSIM loss: 0.0
2024-08-19 02:31:32,697 - INFO - Mean training MSE loss: 0.0011301566619658842
2024-08-19 02:31:43,876 - INFO - Mean validation L1 loss: 0.02029713325202465
2024-08-19 02:31:43,876 - INFO - Mean validation SSIM loss: 0.0
2024-08-19 02:31:43,876 - INFO - Mean validation MSE loss: 0.001001657557208091
2024-08-19 02:31:45,810 - INFO - New best validation Loss 0.02029713325202465, at epoch 23
2024-08-19 02:31:45,813 - INFO - Epoch 24
-------------------------------
2024-08-19 02:31:45,813 - INFO - Learning Rate of group 0: 0.00020529891113504884
2024-08-19 02:33:33,460 - INFO - Maximum gradient before clipping: 0.4890643358230591
2024-08-19 02:33:33,460 - INFO - Minimum gradient before clipping: -0.648354709148407
2024-08-19 02:33:33,461 - INFO - Mean training L1 loss: 0.021548796836286785
2024-08-19 02:33:33,461 - INFO - Mean training SSIM loss: 0.0
2024-08-19 02:33:33,461 - INFO - Mean training MSE loss: 0.0011242988985031843
2024-08-19 02:33:44,754 - INFO - Mean validation L1 loss: 0.021776332780718805
2024-08-19 02:33:44,754 - INFO - Mean validation SSIM loss: 0.0
2024-08-19 02:33:44,754 - INFO - Mean validation MSE loss: 0.0010992062534205616
2024-08-19 02:33:44,757 - INFO - Epoch 25
-------------------------------
2024-08-19 02:33:44,757 - INFO - Learning Rate of group 0: 0.00020529891113504884
2024-08-19 02:35:32,490 - INFO - Maximum gradient before clipping: 0.5250721573829651
2024-08-19 02:35:32,490 - INFO - Minimum gradient before clipping: -0.5842891931533813
2024-08-19 02:35:32,491 - INFO - Mean training L1 loss: 0.02140564588829875
2024-08-19 02:35:32,491 - INFO - Mean training SSIM loss: 0.0
2024-08-19 02:35:32,491 - INFO - Mean training MSE loss: 0.0011009858956094831
2024-08-19 02:35:43,636 - INFO - Mean validation L1 loss: 0.02103178545832634
2024-08-19 02:35:43,637 - INFO - Mean validation SSIM loss: 0.0
2024-08-19 02:35:43,637 - INFO - Mean validation MSE loss: 0.0010497648059390485
2024-08-19 02:35:43,640 - INFO - Training Finished
