2024-08-20 12:16:46,341 - INFO - NOTE: None
2024-08-20 12:16:46,343 - INFO - Torch, random, numpy seed: 88
2024-08-20 12:16:47,303 - INFO - Starting training from from epoch 0
2024-08-20 12:16:55,933 - INFO - Epoch 1
-------------------------------
2024-08-20 12:16:55,933 - INFO - Learning Rate of group 0: 0.0
2024-08-20 12:18:46,051 - INFO - Maximum gradient before clipping: 0.7322208285331726
2024-08-20 12:18:46,051 - INFO - Minimum gradient before clipping: -0.17339397966861725
2024-08-20 12:18:46,053 - INFO - Mean training L1 loss: 0.24792133808135985
2024-08-20 12:18:46,053 - INFO - Mean training SSIM loss: 0.0
2024-08-20 12:18:46,053 - INFO - Mean training MSE loss: 0.09336013272404671
2024-08-20 12:18:57,245 - INFO - Mean validation L1 loss: 0.24806136906147003
2024-08-20 12:18:57,245 - INFO - Mean validation SSIM loss: 0.0
2024-08-20 12:18:57,246 - INFO - Mean validation MSE loss: 0.09381898105144501
2024-08-20 12:18:59,187 - INFO - New best validation Loss 0.24806136906147003, at epoch 1
2024-08-20 12:18:59,193 - INFO - Epoch 2
-------------------------------
2024-08-20 12:18:59,193 - INFO - Learning Rate of group 0: 0.00033186807860609107
2024-08-20 12:20:47,820 - INFO - Maximum gradient before clipping: 1.8374487161636353
2024-08-20 12:20:47,820 - INFO - Minimum gradient before clipping: -2.0964760780334473
2024-08-20 12:20:47,821 - INFO - Mean training L1 loss: 0.06810730054974556
2024-08-20 12:20:47,821 - INFO - Mean training SSIM loss: 0.0
2024-08-20 12:20:47,821 - INFO - Mean training MSE loss: 0.018196221627295017
2024-08-20 12:20:59,508 - INFO - Mean validation L1 loss: 0.030592574402689934
2024-08-20 12:20:59,508 - INFO - Mean validation SSIM loss: 0.0
2024-08-20 12:20:59,508 - INFO - Mean validation MSE loss: 0.0020128744654357433
2024-08-20 12:21:01,478 - INFO - New best validation Loss 0.030592574402689934, at epoch 2
2024-08-20 12:21:01,481 - INFO - Epoch 3
-------------------------------
2024-08-20 12:21:01,481 - INFO - Learning Rate of group 0: 0.0006637361572121821
2024-08-20 12:22:50,207 - INFO - Maximum gradient before clipping: 1.3315778970718384
2024-08-20 12:22:50,207 - INFO - Minimum gradient before clipping: -1.363808274269104
2024-08-20 12:22:50,208 - INFO - Mean training L1 loss: 0.04789034940302372
2024-08-20 12:22:50,208 - INFO - Mean training SSIM loss: 0.0
2024-08-20 12:22:50,208 - INFO - Mean training MSE loss: 0.003971746079623699
2024-08-20 12:23:02,103 - INFO - Mean validation L1 loss: 0.03314758144319058
2024-08-20 12:23:02,103 - INFO - Mean validation SSIM loss: 0.0
2024-08-20 12:23:02,103 - INFO - Mean validation MSE loss: 0.0020312182046473026
2024-08-20 12:23:02,107 - INFO - Epoch 4
-------------------------------
2024-08-20 12:23:02,107 - INFO - Learning Rate of group 0: 0.0009956042358182733
2024-08-20 12:24:50,555 - INFO - Maximum gradient before clipping: 0.4216316044330597
2024-08-20 12:24:50,556 - INFO - Minimum gradient before clipping: -0.6049609184265137
2024-08-20 12:24:50,556 - INFO - Mean training L1 loss: 0.03498941605910659
2024-08-20 12:24:50,557 - INFO - Mean training SSIM loss: 0.0
2024-08-20 12:24:50,557 - INFO - Mean training MSE loss: 0.0023290701431687923
2024-08-20 12:25:01,968 - INFO - Mean validation L1 loss: 0.03983000576496124
2024-08-20 12:25:01,968 - INFO - Mean validation SSIM loss: 0.0
2024-08-20 12:25:01,968 - INFO - Mean validation MSE loss: 0.002923180293291807
