2024-08-20 08:25:43,587 - INFO - NOTE: None
2024-08-20 08:25:43,590 - INFO - Torch, random, numpy seed: 88
2024-08-20 08:25:44,493 - INFO - Starting training from from epoch 0
2024-08-20 08:25:53,188 - INFO - Epoch 1
-------------------------------
2024-08-20 08:25:53,189 - INFO - Learning Rate of group 0: 0.0
2024-08-20 08:27:43,696 - INFO - Maximum gradient before clipping: 0.7322208285331726
2024-08-20 08:27:43,697 - INFO - Minimum gradient before clipping: -0.17339397966861725
2024-08-20 08:27:43,698 - INFO - Mean training L1 loss: 0.24792133808135985
2024-08-20 08:27:43,698 - INFO - Mean training SSIM loss: 0.0
2024-08-20 08:27:43,698 - INFO - Mean training MSE loss: 0.09336013272404671
2024-08-20 08:27:55,079 - INFO - Mean validation L1 loss: 0.24806136906147003
2024-08-20 08:27:55,079 - INFO - Mean validation SSIM loss: 0.0
2024-08-20 08:27:55,079 - INFO - Mean validation MSE loss: 0.09381898105144501
2024-08-20 08:27:57,031 - INFO - New best validation Loss 0.24806136906147003, at epoch 1
2024-08-20 08:27:57,037 - INFO - Epoch 2
-------------------------------
2024-08-20 08:27:57,038 - INFO - Learning Rate of group 0: 0.00016270499619777575
2024-08-20 08:29:45,803 - INFO - Maximum gradient before clipping: 1.5757410526275635
2024-08-20 08:29:45,804 - INFO - Minimum gradient before clipping: -1.735487461090088
2024-08-20 08:29:45,804 - INFO - Mean training L1 loss: 0.059907839372754096
2024-08-20 08:29:45,805 - INFO - Mean training SSIM loss: 0.0
2024-08-20 08:29:45,805 - INFO - Mean training MSE loss: 0.010463631242746487
2024-08-20 08:29:57,074 - INFO - Mean validation L1 loss: 0.035997378677129745
2024-08-20 08:29:57,074 - INFO - Mean validation SSIM loss: 0.0
2024-08-20 08:29:57,074 - INFO - Mean validation MSE loss: 0.0021598764881491663
2024-08-20 08:29:59,468 - INFO - New best validation Loss 0.035997378677129745, at epoch 2
2024-08-20 08:29:59,471 - INFO - Epoch 3
-------------------------------
2024-08-20 08:29:59,471 - INFO - Learning Rate of group 0: 0.0003254099923955515
2024-08-20 08:31:48,277 - INFO - Maximum gradient before clipping: 0.9039216637611389
2024-08-20 08:31:48,278 - INFO - Minimum gradient before clipping: -1.1487348079681396
2024-08-20 08:31:48,278 - INFO - Mean training L1 loss: 0.033443199023604396
2024-08-20 08:31:48,279 - INFO - Mean training SSIM loss: 0.0
2024-08-20 08:31:48,279 - INFO - Mean training MSE loss: 0.002226489217719063
2024-08-20 08:32:00,042 - INFO - Mean validation L1 loss: 0.030082760974764824
2024-08-20 08:32:00,043 - INFO - Mean validation SSIM loss: 0.0
2024-08-20 08:32:00,043 - INFO - Mean validation MSE loss: 0.001782230120152235
2024-08-20 08:32:02,009 - INFO - New best validation Loss 0.030082760974764824, at epoch 3
2024-08-20 08:32:02,013 - INFO - Epoch 4
-------------------------------
2024-08-20 08:32:02,013 - INFO - Learning Rate of group 0: 0.0004881149885933272
2024-08-20 08:33:50,510 - INFO - Maximum gradient before clipping: 0.94700026512146
2024-08-20 08:33:50,510 - INFO - Minimum gradient before clipping: -1.2319024801254272
2024-08-20 08:33:50,511 - INFO - Mean training L1 loss: 0.033504700660705565
2024-08-20 08:33:50,511 - INFO - Mean training SSIM loss: 0.0
2024-08-20 08:33:50,511 - INFO - Mean training MSE loss: 0.0021748699503950776
2024-08-20 08:34:01,569 - INFO - Mean validation L1 loss: 0.03352733388543129
2024-08-20 08:34:01,569 - INFO - Mean validation SSIM loss: 0.0
2024-08-20 08:34:01,569 - INFO - Mean validation MSE loss: 0.0022249938221648334
